2023-04-28 15:03:30,908 - DEBUG: File PrimDriver.py, in PrimDriver.myExecute             
	File D:\2022-1\graduate_design\RedPanda\RedPanda\RPAF\DataDriver\PrimDriver.py:65
Execute Box, argu:{'transform': < gp_Trsf:
 1.000, 0.000, 0.000, 0.000
 0.000, 1.000, 0.000, 0.000
 0.000, 0.000, 1.000, 0.000 >, 'l': 0.0, 'h': 0.0, 'w': 0.0}s
2023-04-28 15:03:35,409 - DEBUG: File PrimDriver.py, in PrimDriver.myExecute             
	File D:\2022-1\graduate_design\RedPanda\RedPanda\RPAF\DataDriver\PrimDriver.py:65
Execute Box, argu:{'transform': < gp_Trsf:
 1.000, 0.000, 0.000, 0.000
 0.000, 1.000, 0.000, 0.000
 0.000, 0.000, 1.000, 0.000 >, 'l': 0.0, 'h': 2.0, 'w': 0.0}s
2023-04-28 15:03:35,415 - DEBUG: File NameNode.py, in NameNode.Update             
	File D:\2022-1\graduate_design\RedPanda\RedPanda\widgets\DriverNode\NameNode.py:244
Update
2023-04-28 15:03:36,365 - DEBUG: File PrimDriver.py, in PrimDriver.myExecute             
	File D:\2022-1\graduate_design\RedPanda\RedPanda\RPAF\DataDriver\PrimDriver.py:65
Execute Box, argu:{'transform': < gp_Trsf:
 1.000, 0.000, 0.000, 0.000
 0.000, 1.000, 0.000, 0.000
 0.000, 0.000, 1.000, 0.000 >, 'l': 0.0, 'h': 2.0, 'w': 3.0}s
2023-04-28 15:03:36,371 - DEBUG: File NameNode.py, in NameNode.Update             
	File D:\2022-1\graduate_design\RedPanda\RedPanda\widgets\DriverNode\NameNode.py:244
Update
2023-04-28 15:03:37,491 - DEBUG: File PrimDriver.py, in PrimDriver.myExecute             
	File D:\2022-1\graduate_design\RedPanda\RedPanda\RPAF\DataDriver\PrimDriver.py:65
Execute Box, argu:{'transform': < gp_Trsf:
 1.000, 0.000, 0.000, 0.000
 0.000, 1.000, 0.000, 0.000
 0.000, 0.000, 1.000, 0.000 >, 'l': 1.0, 'h': 2.0, 'w': 3.0}s
2023-04-28 15:03:37,498 - DEBUG: File NameNode.py, in NameNode.Update             
	File D:\2022-1\graduate_design\RedPanda\RedPanda\widgets\DriverNode\NameNode.py:244
Update
2023-04-28 15:03:47,253 - DEBUG: File PrimDriver.py, in PrimDriver.myExecute             
	File D:\2022-1\graduate_design\RedPanda\RedPanda\RPAF\DataDriver\PrimDriver.py:65
Execute Box, argu:{'transform': < gp_Trsf:
 1.000, 0.000, 0.000, 0.000
 0.000, 1.000, 0.000, 0.000
 0.000, 0.000, 1.000, 0.000 >, 'l': 1.0, 'h': 2.0, 'w': 3.0}s
2023-04-28 15:03:47,259 - DEBUG: File NameNode.py, in NameNode.Update             
	File D:\2022-1\graduate_design\RedPanda\RedPanda\widgets\DriverNode\NameNode.py:244
Update
2023-04-28 15:03:47,264 - DEBUG: File NameNode.py, in NameNode.Update             
	File D:\2022-1\graduate_design\RedPanda\RedPanda\widgets\DriverNode\NameNode.py:244
Update
2023-04-28 15:11:34,744 - DEBUG: File PrimDriver.py, in PrimDriver.myExecute             
	File D:\2022-1\graduate_design\RedPanda\RedPanda\RPAF\DataDriver\PrimDriver.py:65
Execute Box, argu:{'transform': < gp_Trsf:
 1.000, 0.000, 0.000, 0.000
 0.000, 1.000, 0.000, 0.000
 0.000, 0.000, 1.000, 0.000 >, 'l': 0.0, 'h': 0.0, 'w': 0.0}s
2023-04-28 15:11:53,375 - DEBUG: File PrimDriver.py, in PrimDriver.myExecute             
	File D:\2022-1\graduate_design\RedPanda\RedPanda\RPAF\DataDriver\PrimDriver.py:65
Execute Box, argu:{'transform': < gp_Trsf:
 1.000, 0.000, 0.000, 0.000
 0.000, 1.000, 0.000, 0.000
 0.000, 0.000, 1.000, 0.000 >, 'l': 2.0, 'h': 0.0, 'w': 0.0}s
2023-04-28 15:11:53,380 - DEBUG: File NameNode.py, in NameNode.Update             
	File D:\2022-1\graduate_design\RedPanda\RedPanda\widgets\DriverNode\NameNode.py:244
Update
2023-04-28 15:11:55,311 - DEBUG: File PrimDriver.py, in PrimDriver.myExecute             
	File D:\2022-1\graduate_design\RedPanda\RedPanda\RPAF\DataDriver\PrimDriver.py:65
Execute Box, argu:{'transform': < gp_Trsf:
 1.000, 0.000, 0.000, 0.000
 0.000, 1.000, 0.000, 0.000
 0.000, 0.000, 1.000, 0.000 >, 'l': 2.0, 'h': 0.3, 'w': 0.0}s
2023-04-28 15:11:55,316 - DEBUG: File NameNode.py, in NameNode.Update             
	File D:\2022-1\graduate_design\RedPanda\RedPanda\widgets\DriverNode\NameNode.py:244
Update
2023-04-28 15:21:16,139 - DEBUG: File PrimDriver.py, in PrimDriver.myExecute             
	File D:\2022-1\graduate_design\RedPanda\RedPanda\RPAF\DataDriver\PrimDriver.py:65
Execute Box, argu:{'transform': < gp_Trsf:
 1.000, 0.000, 0.000, 0.000
 0.000, 1.000, 0.000, 0.000
 0.000, 0.000, 1.000, 0.000 >, 'l': 0.0, 'h': 0.0, 'w': 0.0}s
2023-04-28 15:25:10,367 - DEBUG: File PrimDriver.py, in PrimDriver.myExecute             
	File D:\2022-1\graduate_design\RedPanda\RedPanda\RPAF\DataDriver\PrimDriver.py:65
Execute Box, argu:{'transform': < gp_Trsf:
 1.000, 0.000, 0.000, 0.000
 0.000, 1.000, 0.000, 0.000
 0.000, 0.000, 1.000, 0.000 >, 'l': 0.0, 'h': 0.0, 'w': 0.0}s
2023-04-28 15:25:24,187 - DEBUG: File PrimDriver.py, in PrimDriver.myExecute             
	File D:\2022-1\graduate_design\RedPanda\RedPanda\RPAF\DataDriver\PrimDriver.py:65
Execute Box, argu:{'transform': < gp_Trsf:
 1.000, 0.000, 0.000, 0.000
 0.000, 1.000, 0.000, 0.000
 0.000, 0.000, 1.000, 0.000 >, 'l': 0.0, 'h': 0.0, 'w': 0.0}s
2023-04-28 15:25:29,748 - DEBUG: File PrimDriver.py, in PrimDriver.myExecute             
	File D:\2022-1\graduate_design\RedPanda\RedPanda\RPAF\DataDriver\PrimDriver.py:65
Execute Box, argu:{'transform': < gp_Trsf:
 1.000, 0.000, 0.000, 0.000
 0.000, 1.000, 0.000, 0.000
 0.000, 0.000, 1.000, 0.000 >, 'l': 0.0, 'h': 0.0, 'w': 3.0}s
2023-04-28 15:25:29,755 - DEBUG: File NameNode.py, in NameNode.Update             
	File D:\2022-1\graduate_design\RedPanda\RedPanda\widgets\DriverNode\NameNode.py:244
Update
2023-04-28 15:25:30,686 - DEBUG: File PrimDriver.py, in PrimDriver.myExecute             
	File D:\2022-1\graduate_design\RedPanda\RedPanda\RPAF\DataDriver\PrimDriver.py:65
Execute Box, argu:{'transform': < gp_Trsf:
 1.000, 0.000, 0.000, 0.000
 0.000, 1.000, 0.000, 0.000
 0.000, 0.000, 1.000, 0.000 >, 'l': 0.0, 'h': 2.0, 'w': 3.0}s
2023-04-28 15:25:30,692 - DEBUG: File NameNode.py, in NameNode.Update             
	File D:\2022-1\graduate_design\RedPanda\RedPanda\widgets\DriverNode\NameNode.py:244
Update
2023-04-28 15:25:32,233 - DEBUG: File PrimDriver.py, in PrimDriver.myExecute             
	File D:\2022-1\graduate_design\RedPanda\RedPanda\RPAF\DataDriver\PrimDriver.py:65
Execute Box, argu:{'transform': < gp_Trsf:
 1.000, 0.000, 0.000, 0.000
 0.000, 1.000, 0.000, 0.000
 0.000, 0.000, 1.000, 0.000 >, 'l': 0.1, 'h': 2.0, 'w': 3.0}s
2023-04-28 15:25:32,240 - DEBUG: File NameNode.py, in NameNode.Update             
	File D:\2022-1\graduate_design\RedPanda\RedPanda\widgets\DriverNode\NameNode.py:244
Update
2023-04-28 15:26:03,839 - DEBUG: File PrimDriver.py, in PrimDriver.myExecute             
	File D:\2022-1\graduate_design\RedPanda\RedPanda\RPAF\DataDriver\PrimDriver.py:65
Execute Box, argu:{'transform': < gp_Trsf:
 1.000, 0.000, 0.000, 0.000
 0.000, 1.000, 0.000, 0.000
 0.000, 0.000, 1.000, 0.000 >, 'l': 2.0, 'h': 0.0, 'w': 0.0}s
2023-04-28 15:26:03,845 - DEBUG: File NameNode.py, in NameNode.Update             
	File D:\2022-1\graduate_design\RedPanda\RedPanda\widgets\DriverNode\NameNode.py:244
Update
2023-04-28 15:26:05,343 - DEBUG: File PrimDriver.py, in PrimDriver.myExecute             
	File D:\2022-1\graduate_design\RedPanda\RedPanda\RPAF\DataDriver\PrimDriver.py:65
Execute Box, argu:{'transform': < gp_Trsf:
 1.000, 0.000, 0.000, 0.000
 0.000, 1.000, 0.000, 0.000
 0.000, 0.000, 1.000, 0.000 >, 'l': 2.0, 'h': 3.0, 'w': 0.0}s
2023-04-28 15:26:05,348 - DEBUG: File NameNode.py, in NameNode.Update             
	File D:\2022-1\graduate_design\RedPanda\RedPanda\widgets\DriverNode\NameNode.py:244
Update
2023-04-28 15:26:06,834 - DEBUG: File PrimDriver.py, in PrimDriver.myExecute             
	File D:\2022-1\graduate_design\RedPanda\RedPanda\RPAF\DataDriver\PrimDriver.py:65
Execute Box, argu:{'transform': < gp_Trsf:
 1.000, 0.000, 0.000, 0.000
 0.000, 1.000, 0.000, 0.000
 0.000, 0.000, 1.000, 0.000 >, 'l': 2.0, 'h': 3.0, 'w': 0.2}s
2023-04-28 15:26:06,840 - DEBUG: File NameNode.py, in NameNode.Update             
	File D:\2022-1\graduate_design\RedPanda\RedPanda\widgets\DriverNode\NameNode.py:244
Update
2023-04-28 15:26:24,603 - DEBUG: File NameNode.py, in NameNode.Update             
	File D:\2022-1\graduate_design\RedPanda\RedPanda\widgets\DriverNode\NameNode.py:244
Update
2023-04-28 15:35:01,895 - DEBUG: File PrimDriver.py, in PrimDriver.myExecute             
	File D:\2022-1\graduate_design\RedPanda\RedPanda\RPAF\DataDriver\PrimDriver.py:65
Execute Box, argu:{'transform': < gp_Trsf:
 1.000, 0.000, 0.000, 0.000
 0.000, 1.000, 0.000, 0.000
 0.000, 0.000, 1.000, 0.000 >, 'l': 0.0, 'h': 0.0, 'w': 0.0}s
2023-04-28 15:35:07,101 - DEBUG: File PrimDriver.py, in PrimDriver.myExecute             
	File D:\2022-1\graduate_design\RedPanda\RedPanda\RPAF\DataDriver\PrimDriver.py:65
Execute Box, argu:{'transform': < gp_Trsf:
 1.000, 0.000, 0.000, 0.000
 0.000, 1.000, 0.000, 0.000
 0.000, 0.000, 1.000, 0.000 >, 'l': 2.0, 'h': 0.0, 'w': 0.0}s
2023-04-28 15:35:43,350 - DEBUG: File PrimDriver.py, in PrimDriver.myExecute             
	File D:\2022-1\graduate_design\RedPanda\RedPanda\RPAF\DataDriver\PrimDriver.py:65
Execute Box, argu:{'transform': < gp_Trsf:
 1.000, 0.000, 0.000, 0.000
 0.000, 1.000, 0.000, 0.000
 0.000, 0.000, 1.000, 0.000 >, 'l': 0.0, 'h': 0.0, 'w': 0.0}s
2023-04-28 15:35:48,304 - DEBUG: File PrimDriver.py, in PrimDriver.myExecute             
	File D:\2022-1\graduate_design\RedPanda\RedPanda\RPAF\DataDriver\PrimDriver.py:65
Execute Box, argu:{'transform': < gp_Trsf:
 1.000, 0.000, 0.000, 0.000
 0.000, 1.000, 0.000, 0.000
 0.000, 0.000, 1.000, 0.000 >, 'l': 0.0, 'h': 2.0, 'w': 0.0}s
2023-04-28 15:35:48,308 - DEBUG: File NameNode.py, in NameNode.Update             
	File D:\2022-1\graduate_design\RedPanda\RedPanda\widgets\DriverNode\NameNode.py:244
Update
2023-04-28 15:35:49,521 - DEBUG: File PrimDriver.py, in PrimDriver.myExecute             
	File D:\2022-1\graduate_design\RedPanda\RedPanda\RPAF\DataDriver\PrimDriver.py:65
Execute Box, argu:{'transform': < gp_Trsf:
 1.000, 0.000, 0.000, 0.000
 0.000, 1.000, 0.000, 0.000
 0.000, 0.000, 1.000, 0.000 >, 'l': 3.0, 'h': 2.0, 'w': 0.0}s
2023-04-28 15:35:49,525 - DEBUG: File NameNode.py, in NameNode.Update             
	File D:\2022-1\graduate_design\RedPanda\RedPanda\widgets\DriverNode\NameNode.py:244
Update
2023-04-28 15:35:51,164 - DEBUG: File PrimDriver.py, in PrimDriver.myExecute             
	File D:\2022-1\graduate_design\RedPanda\RedPanda\RPAF\DataDriver\PrimDriver.py:65
Execute Box, argu:{'transform': < gp_Trsf:
 1.000, 0.000, 0.000, 0.000
 0.000, 1.000, 0.000, 0.000
 0.000, 0.000, 1.000, 0.000 >, 'l': 3.0, 'h': 2.0, 'w': 4.0}s
2023-04-28 15:35:51,169 - DEBUG: File NameNode.py, in NameNode.Update             
	File D:\2022-1\graduate_design\RedPanda\RedPanda\widgets\DriverNode\NameNode.py:244
Update
2023-04-28 15:36:40,675 - DEBUG: File PrimDriver.py, in PrimDriver.myExecute             
	File D:\2022-1\graduate_design\RedPanda\RedPanda\RPAF\DataDriver\PrimDriver.py:65
Execute Box, argu:{'transform': < gp_Trsf:
 1.000, 0.000, 0.000, 0.000
 0.000, 1.000, 0.000, 0.000
 0.000, 0.000, 1.000, 0.000 >, 'l': 3.0, 'h': 2.0, 'w': 4.0}s
2023-04-28 15:36:40,679 - DEBUG: File NameNode.py, in NameNode.Update             
	File D:\2022-1\graduate_design\RedPanda\RedPanda\widgets\DriverNode\NameNode.py:244
Update
2023-04-28 15:36:40,681 - DEBUG: File NameNode.py, in NameNode.Update             
	File D:\2022-1\graduate_design\RedPanda\RedPanda\widgets\DriverNode\NameNode.py:244
Update
2023-04-28 15:36:42,170 - DEBUG: File PrimDriver.py, in PrimDriver.myExecute             
	File D:\2022-1\graduate_design\RedPanda\RedPanda\RPAF\DataDriver\PrimDriver.py:65
Execute Box, argu:{'transform': < gp_Trsf:
 1.000, 0.000, 0.000, 0.000
 0.000, 1.000, 0.000, 0.000
 0.000, 0.000, 1.000, 0.000 >, 'l': 1.0, 'h': 2.0, 'w': 4.0}s
2023-04-28 15:36:42,175 - DEBUG: File NameNode.py, in NameNode.Update             
	File D:\2022-1\graduate_design\RedPanda\RedPanda\widgets\DriverNode\NameNode.py:244
Update
2023-04-28 15:36:43,563 - DEBUG: File PrimDriver.py, in PrimDriver.myExecute             
	File D:\2022-1\graduate_design\RedPanda\RedPanda\RPAF\DataDriver\PrimDriver.py:65
Execute Box, argu:{'transform': < gp_Trsf:
 1.000, 0.000, 0.000, 0.000
 0.000, 1.000, 0.000, 0.000
 0.000, 0.000, 1.000, 0.000 >, 'l': 1.0, 'h': 3.0, 'w': 4.0}s
2023-04-28 15:36:43,567 - DEBUG: File NameNode.py, in NameNode.Update             
	File D:\2022-1\graduate_design\RedPanda\RedPanda\widgets\DriverNode\NameNode.py:244
Update
2023-04-28 15:36:45,888 - DEBUG: File PrimDriver.py, in PrimDriver.myExecute             
	File D:\2022-1\graduate_design\RedPanda\RedPanda\RPAF\DataDriver\PrimDriver.py:65
Execute Box, argu:{'transform': < gp_Trsf:
 1.000, 0.000, 0.000, 0.000
 0.000, 1.000, 0.000, 0.000
 0.000, 0.000, 1.000, 0.000 >, 'l': 1.0, 'h': 3.0, 'w': 2.0}s
2023-04-28 15:36:45,892 - DEBUG: File NameNode.py, in NameNode.Update             
	File D:\2022-1\graduate_design\RedPanda\RedPanda\widgets\DriverNode\NameNode.py:244
Update
2023-04-28 15:37:01,521 - DEBUG: File PrimDriver.py, in PrimDriver.myExecute             
	File D:\2022-1\graduate_design\RedPanda\RedPanda\RPAF\DataDriver\PrimDriver.py:65
Execute Box, argu:{'transform': < gp_Trsf:
 1.000, 0.000, 0.000, 0.000
 0.000, 1.000, 0.000, 0.000
 0.000, 0.000, 1.000, 0.000 >, 'l': 0.0, 'h': 0.0, 'w': 0.0}s
2023-04-28 15:37:06,471 - DEBUG: File PrimDriver.py, in PrimDriver.myExecute             
	File D:\2022-1\graduate_design\RedPanda\RedPanda\RPAF\DataDriver\PrimDriver.py:65
Execute Box, argu:{'transform': < gp_Trsf:
 1.000, 0.000, 0.000, 0.000
 0.000, 1.000, 0.000, 0.000
 0.000, 0.000, 1.000, 0.000 >, 'l': 0.0, 'h': 1.0, 'w': 0.0}s
2023-04-28 15:37:06,475 - DEBUG: File NameNode.py, in NameNode.Update             
	File D:\2022-1\graduate_design\RedPanda\RedPanda\widgets\DriverNode\NameNode.py:244
Update
2023-04-28 15:37:07,367 - DEBUG: File PrimDriver.py, in PrimDriver.myExecute             
	File D:\2022-1\graduate_design\RedPanda\RedPanda\RPAF\DataDriver\PrimDriver.py:65
Execute Box, argu:{'transform': < gp_Trsf:
 1.000, 0.000, 0.000, 0.000
 0.000, 1.000, 0.000, 0.000
 0.000, 0.000, 1.000, 0.000 >, 'l': 2.0, 'h': 1.0, 'w': 0.0}s
2023-04-28 15:37:07,372 - DEBUG: File NameNode.py, in NameNode.Update             
	File D:\2022-1\graduate_design\RedPanda\RedPanda\widgets\DriverNode\NameNode.py:244
Update
2023-04-28 15:37:08,240 - DEBUG: File PrimDriver.py, in PrimDriver.myExecute             
	File D:\2022-1\graduate_design\RedPanda\RedPanda\RPAF\DataDriver\PrimDriver.py:65
Execute Box, argu:{'transform': < gp_Trsf:
 1.000, 0.000, 0.000, 0.000
 0.000, 1.000, 0.000, 0.000
 0.000, 0.000, 1.000, 0.000 >, 'l': 2.0, 'h': 1.0, 'w': 3.0}s
2023-04-28 15:37:08,245 - DEBUG: File NameNode.py, in NameNode.Update             
	File D:\2022-1\graduate_design\RedPanda\RedPanda\widgets\DriverNode\NameNode.py:244
Update
2023-04-28 15:42:06,620 - DEBUG: File PrimDriver.py, in PrimDriver.myExecute             
	File D:\2022-1\graduate_design\RedPanda\RedPanda\RPAF\DataDriver\PrimDriver.py:65
Execute Box, argu:{'transform': < gp_Trsf:
 1.000, 0.000, 0.000, 0.000
 0.000, 1.000, 0.000, 0.000
 0.000, 0.000, 1.000, 0.000 >, 'l': 0.0, 'h': 0.0, 'w': 0.0}s
2023-04-28 15:42:13,341 - DEBUG: File PrimDriver.py, in PrimDriver.myExecute             
	File D:\2022-1\graduate_design\RedPanda\RedPanda\RPAF\DataDriver\PrimDriver.py:65
Execute Box, argu:{'transform': < gp_Trsf:
 1.000, 0.000, 0.000, 0.000
 0.000, 1.000, 0.000, 0.000
 0.000, 0.000, 1.000, 0.000 >, 'l': 3.0, 'h': 0.0, 'w': 0.0}s
2023-04-28 15:42:13,345 - DEBUG: File NameNode.py, in NameNode.Update             
	File D:\2022-1\graduate_design\RedPanda\RedPanda\widgets\DriverNode\NameNode.py:244
Update
2023-04-28 15:42:14,346 - DEBUG: File PrimDriver.py, in PrimDriver.myExecute             
	File D:\2022-1\graduate_design\RedPanda\RedPanda\RPAF\DataDriver\PrimDriver.py:65
Execute Box, argu:{'transform': < gp_Trsf:
 1.000, 0.000, 0.000, 0.000
 0.000, 1.000, 0.000, 0.000
 0.000, 0.000, 1.000, 0.000 >, 'l': 3.0, 'h': 0.0, 'w': 4.0}s
2023-04-28 15:42:14,349 - DEBUG: File NameNode.py, in NameNode.Update             
	File D:\2022-1\graduate_design\RedPanda\RedPanda\widgets\DriverNode\NameNode.py:244
Update
2023-04-28 15:42:15,992 - DEBUG: File PrimDriver.py, in PrimDriver.myExecute             
	File D:\2022-1\graduate_design\RedPanda\RedPanda\RPAF\DataDriver\PrimDriver.py:65
Execute Box, argu:{'transform': < gp_Trsf:
 1.000, 0.000, 0.000, 0.000
 0.000, 1.000, 0.000, 0.000
 0.000, 0.000, 1.000, 0.000 >, 'l': 3.0, 'h': 5.0, 'w': 4.0}s
2023-04-28 15:42:15,997 - DEBUG: File NameNode.py, in NameNode.Update             
	File D:\2022-1\graduate_design\RedPanda\RedPanda\widgets\DriverNode\NameNode.py:244
Update
2023-04-28 15:42:22,191 - DEBUG: File PrimDriver.py, in PrimDriver.myExecute             
	File D:\2022-1\graduate_design\RedPanda\RedPanda\RPAF\DataDriver\PrimDriver.py:65
Execute Box, argu:{'transform': < gp_Trsf:
 1.000, 0.000, 0.000, 0.000
 0.000, 1.000, 0.000, 0.000
 0.000, 0.000, 1.000, 0.000 >, 'l': 0.0, 'h': 0.0, 'w': 0.0}s
2023-04-28 15:42:24,790 - DEBUG: File PrimDriver.py, in PrimDriver.myExecute             
	File D:\2022-1\graduate_design\RedPanda\RedPanda\RPAF\DataDriver\PrimDriver.py:65
Execute Box, argu:{'transform': < gp_Trsf:
 1.000, 0.000, 0.000, 0.000
 0.000, 1.000, 0.000, 0.000
 0.000, 0.000, 1.000, 0.000 >, 'l': 2.0, 'h': 5.0, 'w': 4.0}s
2023-04-28 15:42:24,794 - DEBUG: File NameNode.py, in NameNode.Update             
	File D:\2022-1\graduate_design\RedPanda\RedPanda\widgets\DriverNode\NameNode.py:244
Update
2023-04-28 15:42:25,875 - DEBUG: File PrimDriver.py, in PrimDriver.myExecute             
	File D:\2022-1\graduate_design\RedPanda\RedPanda\RPAF\DataDriver\PrimDriver.py:65
Execute Box, argu:{'transform': < gp_Trsf:
 1.000, 0.000, 0.000, 0.000
 0.000, 1.000, 0.000, 0.000
 0.000, 0.000, 1.000, 0.000 >, 'l': 2.0, 'h': 5.3, 'w': 4.0}s
2023-04-28 15:42:25,879 - DEBUG: File NameNode.py, in NameNode.Update             
	File D:\2022-1\graduate_design\RedPanda\RedPanda\widgets\DriverNode\NameNode.py:244
Update
2023-04-28 15:42:26,807 - DEBUG: File PrimDriver.py, in PrimDriver.myExecute             
	File D:\2022-1\graduate_design\RedPanda\RedPanda\RPAF\DataDriver\PrimDriver.py:65
Execute Box, argu:{'transform': < gp_Trsf:
 1.000, 0.000, 0.000, 0.000
 0.000, 1.000, 0.000, 0.000
 0.000, 0.000, 1.000, 0.000 >, 'l': 2.0, 'h': 5.3, 'w': 3.0}s
2023-04-28 15:42:26,811 - DEBUG: File NameNode.py, in NameNode.Update             
	File D:\2022-1\graduate_design\RedPanda\RedPanda\widgets\DriverNode\NameNode.py:244
Update
2023-04-28 15:42:49,706 - DEBUG: File PrimDriver.py, in PrimDriver.myExecute             
	File D:\2022-1\graduate_design\RedPanda\RedPanda\RPAF\DataDriver\PrimDriver.py:65
Execute Box, argu:{'transform': < gp_Trsf:
 1.000, 0.000, 0.000, 0.000
 0.000, 1.000, 0.000, 0.000
 0.000, 0.000, 1.000, 0.000 >, 'l': 2.0, 'h': 0.0, 'w': 0.0}s
2023-04-28 15:42:49,710 - DEBUG: File NameNode.py, in NameNode.Update             
	File D:\2022-1\graduate_design\RedPanda\RedPanda\widgets\DriverNode\NameNode.py:244
Update
2023-04-28 15:42:50,527 - DEBUG: File PrimDriver.py, in PrimDriver.myExecute             
	File D:\2022-1\graduate_design\RedPanda\RedPanda\RPAF\DataDriver\PrimDriver.py:65
Execute Box, argu:{'transform': < gp_Trsf:
 1.000, 0.000, 0.000, 0.000
 0.000, 1.000, 0.000, 0.000
 0.000, 0.000, 1.000, 0.000 >, 'l': 2.0, 'h': 3.0, 'w': 0.0}s
2023-04-28 15:42:50,532 - DEBUG: File NameNode.py, in NameNode.Update             
	File D:\2022-1\graduate_design\RedPanda\RedPanda\widgets\DriverNode\NameNode.py:244
Update
2023-04-28 15:42:51,391 - DEBUG: File PrimDriver.py, in PrimDriver.myExecute             
	File D:\2022-1\graduate_design\RedPanda\RedPanda\RPAF\DataDriver\PrimDriver.py:65
Execute Box, argu:{'transform': < gp_Trsf:
 1.000, 0.000, 0.000, 0.000
 0.000, 1.000, 0.000, 0.000
 0.000, 0.000, 1.000, 0.000 >, 'l': 2.0, 'h': 3.0, 'w': 4.0}s
2023-04-28 15:42:51,395 - DEBUG: File NameNode.py, in NameNode.Update             
	File D:\2022-1\graduate_design\RedPanda\RedPanda\widgets\DriverNode\NameNode.py:244
Update
2023-04-28 15:43:08,506 - DEBUG: File NameNode.py, in NameNode.Update             
	File D:\2022-1\graduate_design\RedPanda\RedPanda\widgets\DriverNode\NameNode.py:244
Update
2023-04-28 15:51:56,982 - DEBUG: File PrimDriver.py, in PrimDriver.myExecute             
	File D:\2022-1\graduate_design\RedPanda\RedPanda\RPAF\DataDriver\PrimDriver.py:65
Execute Box, argu:{'transform': < gp_Trsf:
 1.000, 0.000, 0.000, 0.000
 0.000, 1.000, 0.000, 0.000
 0.000, 0.000, 1.000, 0.000 >, 'l': 0.0, 'h': 0.0, 'w': 0.0}s
2023-04-28 15:52:14,687 - DEBUG: File NameNode.py, in NameNode.Update             
	File D:\2022-1\graduate_design\RedPanda\RedPanda\widgets\DriverNode\NameNode.py:244
Update
2023-04-28 15:54:09,861 - DEBUG: File PrimDriver.py, in PrimDriver.myExecute             
	File D:\2022-1\graduate_design\RedPanda\RedPanda\RPAF\DataDriver\PrimDriver.py:65
Execute Box, argu:{'transform': < gp_Trsf:
 1.000, 0.000, 0.000, 0.000
 0.000, 1.000, 0.000, 0.000
 0.000, 0.000, 1.000, 0.000 >, 'l': 0.0, 'h': 0.0, 'w': 0.0}s
2023-04-28 15:54:22,693 - DEBUG: File NameNode.py, in NameNode.Update             
	File D:\2022-1\graduate_design\RedPanda\RedPanda\widgets\DriverNode\NameNode.py:244
Update
2023-04-28 15:54:24,791 - DEBUG: File NameNode.py, in NameNode.Update             
	File D:\2022-1\graduate_design\RedPanda\RedPanda\widgets\DriverNode\NameNode.py:244
Update
2023-04-28 16:09:03,027 - DEBUG: File PrimDriver.py, in PrimDriver.myExecute             
	File D:\2022-1\graduate_design\RedPanda\RedPanda\RPAF\DataDriver\PrimDriver.py:65
Execute Box, argu:{'transform': < gp_Trsf:
 1.000, 0.000, 0.000, 0.000
 0.000, 1.000, 0.000, 0.000
 0.000, 0.000, 1.000, 0.000 >, 'l': 0.0, 'h': 0.0, 'w': 0.0}s
2023-04-28 16:18:57,569 - DEBUG: File PrimDriver.py, in PrimDriver.myExecute             
	File D:\2022-1\graduate_design\RedPanda\RedPanda\RPAF\DataDriver\PrimDriver.py:65
Execute Box, argu:{'transform': < gp_Trsf:
 1.000, 0.000, 0.000, 0.000
 0.000, 1.000, 0.000, 0.000
 0.000, 0.000, 1.000, 0.000 >, 'l': 0.0, 'h': 0.0, 'w': 0.0}s
2023-04-28 16:19:03,412 - DEBUG: File PrimDriver.py, in PrimDriver.myExecute             
	File D:\2022-1\graduate_design\RedPanda\RedPanda\RPAF\DataDriver\PrimDriver.py:65
Execute Box, argu:{'transform': < gp_Trsf:
 1.000, 0.000, 0.000, 0.000
 0.000, 1.000, 0.000, 0.000
 0.000, 0.000, 1.000, 0.000 >, 'l': 0.0, 'h': 0.0, 'w': 0.0}s
2023-04-28 16:19:06,872 - DEBUG: File PrimDriver.py, in PrimDriver.myExecute             
	File D:\2022-1\graduate_design\RedPanda\RedPanda\RPAF\DataDriver\PrimDriver.py:65
Execute Box, argu:{'transform': < gp_Trsf:
 1.000, 0.000, 0.000, 0.000
 0.000, 1.000, 0.000, 0.000
 0.000, 0.000, 1.000, 0.000 >, 'l': 0.0, 'h': 0.0, 'w': 0.0}s
2023-04-28 16:19:06,896 - DEBUG: File PrimDriver.py, in PrimDriver.myExecute             
	File D:\2022-1\graduate_design\RedPanda\RedPanda\RPAF\DataDriver\PrimDriver.py:65
Execute Box, argu:{'transform': < gp_Trsf:
 1.000, 0.000, 0.000, 0.000
 0.000, 1.000, 0.000, 0.000
 0.000, 0.000, 1.000, 0.000 >, 'l': 0.0, 'h': 0.0, 'w': 0.0}s
2023-04-28 16:21:18,983 - DEBUG: File PrimDriver.py, in PrimDriver.myExecute             
	File D:\2022-1\graduate_design\RedPanda\RedPanda\RPAF\DataDriver\PrimDriver.py:65
Execute Box, argu:{'transform': < gp_Trsf:
 1.000, 0.000, 0.000, 0.000
 0.000, 1.000, 0.000, 0.000
 0.000, 0.000, 1.000, 0.000 >, 'l': 0.0, 'h': 0.0, 'w': 0.0}s
2023-04-28 16:25:50,795 - DEBUG: File PrimDriver.py, in PrimDriver.myExecute             
	File D:\2022-1\graduate_design\RedPanda\RedPanda\RPAF\DataDriver\PrimDriver.py:65
Execute Box, argu:{'transform': < gp_Trsf:
 1.000, 0.000, 0.000, 0.000
 0.000, 1.000, 0.000, 0.000
 0.000, 0.000, 1.000, 0.000 >, 'l': 0.0, 'h': 0.0, 'w': 0.0}s
2023-04-28 16:26:36,205 - DEBUG: File PrimDriver.py, in PrimDriver.myExecute             
	File D:\2022-1\graduate_design\RedPanda\RedPanda\RPAF\DataDriver\PrimDriver.py:65
Execute Box, argu:{'transform': < gp_Trsf:
 1.000, 0.000, 0.000, 0.000
 0.000, 1.000, 0.000, 0.000
 0.000, 0.000, 1.000, 0.000 >, 'l': 0.0, 'h': 0.0, 'w': 0.0}s
2023-04-28 16:26:43,135 - DEBUG: File PrimDriver.py, in PrimDriver.myExecute             
	File D:\2022-1\graduate_design\RedPanda\RedPanda\RPAF\DataDriver\PrimDriver.py:65
Execute Box, argu:{'transform': < gp_Trsf:
 1.000, 0.000, 0.000, 0.000
 0.000, 1.000, 0.000, 0.000
 0.000, 0.000, 1.000, 0.000 >, 'l': 0.0, 'h': 0.0, 'w': 0.0}s
2023-04-28 16:26:46,458 - DEBUG: File PrimDriver.py, in PrimDriver.myExecute             
	File D:\2022-1\graduate_design\RedPanda\RedPanda\RPAF\DataDriver\PrimDriver.py:65
Execute Box, argu:{'transform': < gp_Trsf:
 1.000, 0.000, 0.000, 0.000
 0.000, 1.000, 0.000, 0.000
 0.000, 0.000, 1.000, 0.000 >, 'l': 0.0, 'h': 0.0, 'w': 0.0}s
2023-04-28 20:48:07,653 - DEBUG: File PrimDriver.py, in PrimDriver.myExecute             
	File D:\2022-1\graduate_design\RedPanda\RedPanda\RPAF\DataDriver\PrimDriver.py:67
Execute Box, argu:{'transform': < gp_Trsf:
 1.000, 0.000, 0.000, 0.000
 0.000, 1.000, 0.000, 0.000
 0.000, 0.000, 1.000, 0.000 >, 'l': 0.0, 'h': 0.0, 'w': 0.0}s
2023-04-28 20:48:13,208 - DEBUG: File PrimDriver.py, in PrimDriver.myExecute             
	File D:\2022-1\graduate_design\RedPanda\RedPanda\RPAF\DataDriver\PrimDriver.py:67
Execute Box, argu:{'transform': < gp_Trsf:
 1.000, 0.000, 0.000, 0.000
 0.000, 1.000, 0.000, 0.000
 0.000, 0.000, 1.000, 0.000 >, 'l': 0.0, 'h': 0.0, 'w': 0.0}s
2023-04-28 20:48:14,184 - DEBUG: File PrimDriver.py, in PrimDriver.myExecute             
	File D:\2022-1\graduate_design\RedPanda\RedPanda\RPAF\DataDriver\PrimDriver.py:67
Execute Box, argu:{'transform': < gp_Trsf:
 1.000, 0.000, 0.000, 0.000
 0.000, 1.000, 0.000, 0.000
 0.000, 0.000, 1.000, 0.000 >, 'l': 2.0, 'h': 0.0, 'w': 0.0}s
2023-04-28 20:48:15,084 - DEBUG: File PrimDriver.py, in PrimDriver.myExecute             
	File D:\2022-1\graduate_design\RedPanda\RedPanda\RPAF\DataDriver\PrimDriver.py:67
Execute Box, argu:{'transform': < gp_Trsf:
 1.000, 0.000, 0.000, 0.000
 0.000, 1.000, 0.000, 0.000
 0.000, 0.000, 1.000, 0.000 >, 'l': 2.0, 'h': 3.0, 'w': 0.0}s
2023-04-28 20:48:16,544 - DEBUG: File PrimDriver.py, in PrimDriver.myExecute             
	File D:\2022-1\graduate_design\RedPanda\RedPanda\RPAF\DataDriver\PrimDriver.py:67
Execute Box, argu:{'transform': < gp_Trsf:
 1.000, 0.000, 0.000, 0.000
 0.000, 1.000, 0.000, 0.000
 0.000, 0.000, 1.000, 0.000 >, 'l': 2.0, 'h': 3.0, 'w': 4.0}s
2023-04-28 20:51:18,946 - DEBUG: File PrimDriver.py, in PrimDriver.myExecute             
	File D:\2022-1\graduate_design\RedPanda\RedPanda\RPAF\DataDriver\PrimDriver.py:67
Execute Box, argu:{'transform': < gp_Trsf:
 1.000, 0.000, 0.000, 0.000
 0.000, 1.000, 0.000, 0.000
 0.000, 0.000, 1.000, 0.000 >, 'l': 0.0, 'h': 0.0, 'w': 0.0}s
2023-04-28 20:51:22,179 - DEBUG: File PrimDriver.py, in PrimDriver.myExecute             
	File D:\2022-1\graduate_design\RedPanda\RedPanda\RPAF\DataDriver\PrimDriver.py:67
Execute Box, argu:{'transform': < gp_Trsf:
 1.000, 0.000, 0.000, 0.000
 0.000, 1.000, 0.000, 0.000
 0.000, 0.000, 1.000, 0.000 >, 'l': 2.0, 'h': 0.0, 'w': 0.0}s
2023-04-28 20:53:27,057 - DEBUG: File PrimDriver.py, in PrimDriver.myExecute             
	File D:\2022-1\graduate_design\RedPanda\RedPanda\RPAF\DataDriver\PrimDriver.py:67
Execute Box, argu:{'transform': < gp_Trsf:
 1.000, 0.000, 0.000, 0.000
 0.000, 1.000, 0.000, 0.000
 0.000, 0.000, 1.000, 0.000 >, 'l': 0.0, 'h': 0.0, 'w': 0.0}s
2023-04-28 20:53:30,143 - DEBUG: File PrimDriver.py, in PrimDriver.myExecute             
	File D:\2022-1\graduate_design\RedPanda\RedPanda\RPAF\DataDriver\PrimDriver.py:67
Execute Box, argu:{'transform': < gp_Trsf:
 1.000, 0.000, 0.000, 0.000
 0.000, 1.000, 0.000, 0.000
 0.000, 0.000, 1.000, 0.000 >, 'l': 2.0, 'h': 0.0, 'w': 0.0}s
2023-04-28 20:54:38,705 - DEBUG: File PrimDriver.py, in PrimDriver.myExecute             
	File D:\2022-1\graduate_design\RedPanda\RedPanda\RPAF\DataDriver\PrimDriver.py:67
Execute Box, argu:{'transform': < gp_Trsf:
 1.000, 0.000, 0.000, 0.000
 0.000, 1.000, 0.000, 0.000
 0.000, 0.000, 1.000, 0.000 >, 'l': 0.0, 'h': 0.0, 'w': 0.0}s
2023-04-28 20:54:45,490 - DEBUG: File PrimDriver.py, in PrimDriver.myExecute             
	File D:\2022-1\graduate_design\RedPanda\RedPanda\RPAF\DataDriver\PrimDriver.py:67
Execute Box, argu:{'transform': < gp_Trsf:
 1.000, 0.000, 0.000, 0.000
 0.000, 1.000, 0.000, 0.000
 0.000, 0.000, 1.000, 0.000 >, 'l': 3.0, 'h': 0.0, 'w': 0.0}s
2023-04-28 20:54:46,581 - DEBUG: File PrimDriver.py, in PrimDriver.myExecute             
	File D:\2022-1\graduate_design\RedPanda\RedPanda\RPAF\DataDriver\PrimDriver.py:67
Execute Box, argu:{'transform': < gp_Trsf:
 1.000, 0.000, 0.000, 0.000
 0.000, 1.000, 0.000, 0.000
 0.000, 0.000, 1.000, 0.000 >, 'l': 3.0, 'h': 3.0, 'w': 0.0}s
2023-04-28 20:54:48,575 - DEBUG: File PrimDriver.py, in PrimDriver.myExecute             
	File D:\2022-1\graduate_design\RedPanda\RedPanda\RPAF\DataDriver\PrimDriver.py:67
Execute Box, argu:{'transform': < gp_Trsf:
 1.000, 0.000, 0.000, 0.000
 0.000, 1.000, 0.000, 0.000
 0.000, 0.000, 1.000, 0.000 >, 'l': 3.0, 'h': 3.0, 'w': 4.0}s
2023-04-28 20:58:31,784 - DEBUG: File PrimDriver.py, in PrimDriver.myExecute             
	File D:\2022-1\graduate_design\RedPanda\RedPanda\RPAF\DataDriver\PrimDriver.py:67
Execute Box, argu:{'transform': < gp_Trsf:
 1.000, 0.000, 0.000, 0.000
 0.000, 1.000, 0.000, 0.000
 0.000, 0.000, 1.000, 0.000 >, 'l': 0.0, 'h': 0.0, 'w': 0.0}s
2023-04-28 20:58:34,640 - DEBUG: File PrimDriver.py, in PrimDriver.myExecute             
	File D:\2022-1\graduate_design\RedPanda\RedPanda\RPAF\DataDriver\PrimDriver.py:67
Execute Box, argu:{'transform': < gp_Trsf:
 1.000, 0.000, 0.000, 0.000
 0.000, 1.000, 0.000, 0.000
 0.000, 0.000, 1.000, 0.000 >, 'l': 0.0, 'h': 0.0, 'w': 0.0}s
2023-04-28 20:58:35,598 - DEBUG: File PrimDriver.py, in PrimDriver.myExecute             
	File D:\2022-1\graduate_design\RedPanda\RedPanda\RPAF\DataDriver\PrimDriver.py:67
Execute Box, argu:{'transform': < gp_Trsf:
 1.000, 0.000, 0.000, 0.000
 0.000, 1.000, 0.000, 0.000
 0.000, 0.000, 1.000, 0.000 >, 'l': 2.0, 'h': 0.0, 'w': 0.0}s
2023-04-28 20:58:36,488 - DEBUG: File PrimDriver.py, in PrimDriver.myExecute             
	File D:\2022-1\graduate_design\RedPanda\RedPanda\RPAF\DataDriver\PrimDriver.py:67
Execute Box, argu:{'transform': < gp_Trsf:
 1.000, 0.000, 0.000, 0.000
 0.000, 1.000, 0.000, 0.000
 0.000, 0.000, 1.000, 0.000 >, 'l': 2.0, 'h': 3.0, 'w': 0.0}s
2023-04-28 20:58:37,855 - DEBUG: File PrimDriver.py, in PrimDriver.myExecute             
	File D:\2022-1\graduate_design\RedPanda\RedPanda\RPAF\DataDriver\PrimDriver.py:67
Execute Box, argu:{'transform': < gp_Trsf:
 1.000, 0.000, 0.000, 0.000
 0.000, 1.000, 0.000, 0.000
 0.000, 0.000, 1.000, 0.000 >, 'l': 2.0, 'h': 3.0, 'w': 4.0}s
2023-04-28 20:59:31,471 - DEBUG: File PrimDriver.py, in PrimDriver.myExecute             
	File D:\2022-1\graduate_design\RedPanda\RedPanda\RPAF\DataDriver\PrimDriver.py:67
Execute Box, argu:{'transform': < gp_Trsf:
 1.000, 0.000, 0.000, 0.000
 0.000, 1.000, 0.000, 0.000
 0.000, 0.000, 1.000, 0.000 >, 'l': 0.0, 'h': 0.0, 'w': 0.0}s
2023-04-28 20:59:35,314 - DEBUG: File PrimDriver.py, in PrimDriver.myExecute             
	File D:\2022-1\graduate_design\RedPanda\RedPanda\RPAF\DataDriver\PrimDriver.py:67
Execute Box, argu:{'transform': < gp_Trsf:
 1.000, 0.000, 0.000, 0.000
 0.000, 1.000, 0.000, 0.000
 0.000, 0.000, 1.000, 0.000 >, 'l': 3.0, 'h': 0.0, 'w': 0.0}s
2023-04-28 20:59:36,215 - DEBUG: File PrimDriver.py, in PrimDriver.myExecute             
	File D:\2022-1\graduate_design\RedPanda\RedPanda\RPAF\DataDriver\PrimDriver.py:67
Execute Box, argu:{'transform': < gp_Trsf:
 1.000, 0.000, 0.000, 0.000
 0.000, 1.000, 0.000, 0.000
 0.000, 0.000, 1.000, 0.000 >, 'l': 3.0, 'h': 4.0, 'w': 0.0}s
2023-04-28 20:59:37,528 - DEBUG: File PrimDriver.py, in PrimDriver.myExecute             
	File D:\2022-1\graduate_design\RedPanda\RedPanda\RPAF\DataDriver\PrimDriver.py:67
Execute Box, argu:{'transform': < gp_Trsf:
 1.000, 0.000, 0.000, 0.000
 0.000, 1.000, 0.000, 0.000
 0.000, 0.000, 1.000, 0.000 >, 'l': 3.0, 'h': 4.0, 'w': 5.0}s
2023-04-28 21:00:58,362 - DEBUG: File PrimDriver.py, in PrimDriver.myExecute             
	File D:\2022-1\graduate_design\RedPanda\RedPanda\RPAF\DataDriver\PrimDriver.py:67
Execute Box, argu:{'transform': < gp_Trsf:
 1.000, 0.000, 0.000, 0.000
 0.000, 1.000, 0.000, 0.000
 0.000, 0.000, 1.000, 0.000 >, 'l': 0.0, 'h': 0.0, 'w': 0.0}s
2023-04-28 21:01:01,290 - DEBUG: File PrimDriver.py, in PrimDriver.myExecute             
	File D:\2022-1\graduate_design\RedPanda\RedPanda\RPAF\DataDriver\PrimDriver.py:67
Execute Box, argu:{'transform': < gp_Trsf:
 1.000, 0.000, 0.000, 0.000
 0.000, 1.000, 0.000, 0.000
 0.000, 0.000, 1.000, 0.000 >, 'l': 0.0, 'h': 2.0, 'w': 0.0}s
2023-04-28 21:01:02,606 - DEBUG: File PrimDriver.py, in PrimDriver.myExecute             
	File D:\2022-1\graduate_design\RedPanda\RedPanda\RPAF\DataDriver\PrimDriver.py:67
Execute Box, argu:{'transform': < gp_Trsf:
 1.000, 0.000, 0.000, 0.000
 0.000, 1.000, 0.000, 0.000
 0.000, 0.000, 1.000, 0.000 >, 'l': 0.3, 'h': 2.0, 'w': 0.0}s
2023-04-28 21:01:04,364 - DEBUG: File PrimDriver.py, in PrimDriver.myExecute             
	File D:\2022-1\graduate_design\RedPanda\RedPanda\RPAF\DataDriver\PrimDriver.py:67
Execute Box, argu:{'transform': < gp_Trsf:
 1.000, 0.000, 0.000, 0.000
 0.000, 1.000, 0.000, 0.000
 0.000, 0.000, 1.000, 0.000 >, 'l': 0.3, 'h': 2.0, 'w': 3.0}s
2023-04-28 21:09:06,135 - DEBUG: File PrimDriver.py, in PrimDriver.myExecute             
	File D:\2022-1\graduate_design\RedPanda\RedPanda\RPAF\DataDriver\PrimDriver.py:67
Execute Box, argu:{'transform': < gp_Trsf:
 1.000, 0.000, 0.000, 0.000
 0.000, 1.000, 0.000, 0.000
 0.000, 0.000, 1.000, 0.000 >, 'l': 0.0, 'h': 0.0, 'w': 0.0}s
2023-04-28 21:09:09,804 - DEBUG: File PrimDriver.py, in PrimDriver.myExecute             
	File D:\2022-1\graduate_design\RedPanda\RedPanda\RPAF\DataDriver\PrimDriver.py:67
Execute Box, argu:{'transform': < gp_Trsf:
 1.000, 0.000, 0.000, 0.000
 0.000, 1.000, 0.000, 0.000
 0.000, 0.000, 1.000, 0.000 >, 'l': 1.0, 'h': 0.0, 'w': 0.0}s
2023-04-28 21:09:12,116 - DEBUG: File PrimDriver.py, in PrimDriver.myExecute             
	File D:\2022-1\graduate_design\RedPanda\RedPanda\RPAF\DataDriver\PrimDriver.py:67
Execute Box, argu:{'transform': < gp_Trsf:
 1.000, 0.000, 0.000, 0.000
 0.000, 1.000, 0.000, 0.000
 0.000, 0.000, 1.000, 0.000 >, 'l': 1.0, 'h': 2.0, 'w': 0.0}s
2023-04-28 21:09:19,085 - DEBUG: File PrimDriver.py, in PrimDriver.myExecute             
	File D:\2022-1\graduate_design\RedPanda\RedPanda\RPAF\DataDriver\PrimDriver.py:67
Execute Box, argu:{'transform': < gp_Trsf:
 1.000, 0.000, 0.000, 0.000
 0.000, 1.000, 0.000, 0.000
 0.000, 0.000, 1.000, 0.000 >, 'l': 1.0, 'h': 2.0, 'w': 3.0}s
2023-04-28 21:10:38,882 - DEBUG: File PrimDriver.py, in PrimDriver.myExecute             
	File D:\2022-1\graduate_design\RedPanda\RedPanda\RPAF\DataDriver\PrimDriver.py:67
Execute Box, argu:{'transform': < gp_Trsf:
 1.000, 0.000, 0.000, 0.000
 0.000, 1.000, 0.000, 0.000
 0.000, 0.000, 1.000, 0.000 >, 'l': 0.0, 'h': 0.0, 'w': 0.0}s
2023-04-28 21:10:41,985 - DEBUG: File PrimDriver.py, in PrimDriver.myExecute             
	File D:\2022-1\graduate_design\RedPanda\RedPanda\RPAF\DataDriver\PrimDriver.py:67
Execute Box, argu:{'transform': < gp_Trsf:
 1.000, 0.000, 0.000, 0.000
 0.000, 1.000, 0.000, 0.000
 0.000, 0.000, 1.000, 0.000 >, 'l': 2.0, 'h': 0.0, 'w': 0.0}s
2023-04-28 21:10:50,048 - DEBUG: File PrimDriver.py, in PrimDriver.myExecute             
	File D:\2022-1\graduate_design\RedPanda\RedPanda\RPAF\DataDriver\PrimDriver.py:67
Execute Box, argu:{'transform': < gp_Trsf:
 1.000, 0.000, 0.000, 0.000
 0.000, 1.000, 0.000, 0.000
 0.000, 0.000, 1.000, 0.000 >, 'l': 2.0, 'h': 3.0, 'w': 0.0}s
2023-04-28 21:10:54,272 - DEBUG: File PrimDriver.py, in PrimDriver.myExecute             
	File D:\2022-1\graduate_design\RedPanda\RedPanda\RPAF\DataDriver\PrimDriver.py:67
Execute Box, argu:{'transform': < gp_Trsf:
 1.000, 0.000, 0.000, 0.000
 0.000, 1.000, 0.000, 0.000
 0.000, 0.000, 1.000, 0.000 >, 'l': 2.0, 'h': 3.0, 'w': 4.0}s
2023-04-28 21:11:34,051 - DEBUG: File PrimDriver.py, in PrimDriver.myExecute             
	File D:\2022-1\graduate_design\RedPanda\RedPanda\RPAF\DataDriver\PrimDriver.py:67
Execute Box, argu:{'transform': < gp_Trsf:
 1.000, 0.000, 0.000, 0.000
 0.000, 1.000, 0.000, 0.000
 0.000, 0.000, 1.000, 0.000 >, 'l': 0.0, 'h': 0.0, 'w': 0.0}s
2023-04-28 21:11:36,846 - DEBUG: File PrimDriver.py, in PrimDriver.myExecute             
	File D:\2022-1\graduate_design\RedPanda\RedPanda\RPAF\DataDriver\PrimDriver.py:67
Execute Box, argu:{'transform': < gp_Trsf:
 1.000, 0.000, 0.000, 0.000
 0.000, 1.000, 0.000, 0.000
 0.000, 0.000, 1.000, 0.000 >, 'l': 2.0, 'h': 0.0, 'w': 0.0}s
2023-04-28 21:11:37,981 - DEBUG: File PrimDriver.py, in PrimDriver.myExecute             
	File D:\2022-1\graduate_design\RedPanda\RedPanda\RPAF\DataDriver\PrimDriver.py:67
Execute Box, argu:{'transform': < gp_Trsf:
 1.000, 0.000, 0.000, 0.000
 0.000, 1.000, 0.000, 0.000
 0.000, 0.000, 1.000, 0.000 >, 'l': 2.0, 'h': 3.0, 'w': 0.0}s
2023-04-28 21:11:42,535 - DEBUG: File PrimDriver.py, in PrimDriver.myExecute             
	File D:\2022-1\graduate_design\RedPanda\RedPanda\RPAF\DataDriver\PrimDriver.py:67
Execute Box, argu:{'transform': < gp_Trsf:
 1.000, 0.000, 0.000, 0.000
 0.000, 1.000, 0.000, 0.000
 0.000, 0.000, 1.000, 0.000 >, 'l': 2.0, 'h': 3.0, 'w': 4.0}s
2023-04-28 21:11:48,730 - DEBUG: File PrimDriver.py, in PrimDriver.myExecute             
	File D:\2022-1\graduate_design\RedPanda\RedPanda\RPAF\DataDriver\PrimDriver.py:67
Execute Box, argu:{'transform': < gp_Trsf:
 1.000, 0.000, 0.000, 0.000
 0.000, 1.000, 0.000, 0.000
 0.000, 0.000, 1.000, 0.000 >, 'l': 2.0, 'h': 3.0, 'w': 4.0}s
2023-04-28 21:11:58,506 - DEBUG: File PrimDriver.py, in PrimDriver.myExecute             
	File D:\2022-1\graduate_design\RedPanda\RedPanda\RPAF\DataDriver\PrimDriver.py:67
Execute Box, argu:{'transform': < gp_Trsf:
 1.000, 0.000, 0.000, 0.000
 0.000, 1.000, 0.000, 0.000
 0.000, 0.000, 1.000, 0.000 >, 'l': 1.0, 'h': 3.0, 'w': 4.0}s
2023-04-28 21:12:25,960 - DEBUG: File PrimDriver.py, in PrimDriver.myExecute             
	File D:\2022-1\graduate_design\RedPanda\RedPanda\RPAF\DataDriver\PrimDriver.py:67
Execute Box, argu:{'transform': < gp_Trsf:
 1.000, 0.000, 0.000, 0.000
 0.000, 1.000, 0.000, 0.000
 0.000, 0.000, 1.000, 0.000 >, 'l': 2.0, 'h': 3.0, 'w': 4.0}s
2023-04-28 21:15:28,905 - DEBUG: File PrimDriver.py, in PrimDriver.myExecute             
	File D:\2022-1\graduate_design\RedPanda\RedPanda\RPAF\DataDriver\PrimDriver.py:67
Execute Box, argu:{'transform': < gp_Trsf:
 1.000, 0.000, 0.000, 0.000
 0.000, 1.000, 0.000, 0.000
 0.000, 0.000, 1.000, 0.000 >, 'l': 0.0, 'h': 0.0, 'w': 0.0}s
2023-04-28 21:15:31,964 - DEBUG: File PrimDriver.py, in PrimDriver.myExecute             
	File D:\2022-1\graduate_design\RedPanda\RedPanda\RPAF\DataDriver\PrimDriver.py:67
Execute Box, argu:{'transform': < gp_Trsf:
 1.000, 0.000, 0.000, 0.000
 0.000, 1.000, 0.000, 0.000
 0.000, 0.000, 1.000, 0.000 >, 'l': 3.0, 'h': 0.0, 'w': 0.0}s
2023-04-28 21:15:33,019 - DEBUG: File PrimDriver.py, in PrimDriver.myExecute             
	File D:\2022-1\graduate_design\RedPanda\RedPanda\RPAF\DataDriver\PrimDriver.py:67
Execute Box, argu:{'transform': < gp_Trsf:
 1.000, 0.000, 0.000, 0.000
 0.000, 1.000, 0.000, 0.000
 0.000, 0.000, 1.000, 0.000 >, 'l': 3.0, 'h': 0.0, 'w': 4.0}s
2023-04-28 21:15:35,565 - DEBUG: File PrimDriver.py, in PrimDriver.myExecute             
	File D:\2022-1\graduate_design\RedPanda\RedPanda\RPAF\DataDriver\PrimDriver.py:67
Execute Box, argu:{'transform': < gp_Trsf:
 1.000, 0.000, 0.000, 0.000
 0.000, 1.000, 0.000, 0.000
 0.000, 0.000, 1.000, 0.000 >, 'l': 3.0, 'h': 5.0, 'w': 4.0}s
2023-04-28 21:15:39,863 - DEBUG: File PrimDriver.py, in PrimDriver.myExecute             
	File D:\2022-1\graduate_design\RedPanda\RedPanda\RPAF\DataDriver\PrimDriver.py:67
Execute Box, argu:{'transform': < gp_Trsf:
 1.000, 0.000, 0.000, 0.000
 0.000, 1.000, 0.000, 0.000
 0.000, 0.000, 1.000, 0.000 >, 'l': 4.0, 'h': 5.0, 'w': 4.0}s
2023-04-28 21:15:45,886 - DEBUG: File PrimDriver.py, in PrimDriver.myExecute             
	File D:\2022-1\graduate_design\RedPanda\RedPanda\RPAF\DataDriver\PrimDriver.py:67
Execute Box, argu:{'transform': < gp_Trsf:
 1.000, 0.000, 0.000, 0.000
 0.000, 1.000, 0.000, 0.000
 0.000, 0.000, 1.000, 0.000 >, 'l': 0.2, 'h': 5.0, 'w': 4.0}s
