2023-04-24 16:17:25,359 - DEBUG: File BaseDriver.py, in BaseDriver._base_init             
	File d:\2022-1\graduate_design\RedPanda\RedPanda\RPAF\DataDriver\BaseDriver.py:355
Run
2023-04-24 16:17:25,363 - DEBUG: File BaseDriver.py, in BaseDriver.myInit             
	File d:\2022-1\graduate_design\RedPanda\RedPanda\RPAF\DataDriver\BaseDriver.py:573
init Children: 
2023-04-24 16:17:25,372 - DEBUG: File BaseDriver.py, in BaseDriver._base_init             
	File d:\2022-1\graduate_design\RedPanda\RedPanda\RPAF\DataDriver\BaseDriver.py:355
Run
2023-04-24 16:17:25,375 - DEBUG: File ShapeBaseDriver.py, in ShapeBaseDriver.myInit             
	File d:\2022-1\graduate_design\RedPanda\RedPanda\RPAF\DataDriver\ShapeBaseDriver.py:55
init Children: 
2023-04-24 16:17:25,378 - DEBUG: File ShapeBaseDriver.py, in ShapeBaseDriver.myInit             
	File d:\2022-1\graduate_design\RedPanda\RedPanda\RPAF\DataDriver\ShapeBaseDriver.py:58
init Children: angle
2023-04-24 16:17:25,398 - DEBUG: File BaseDriver.py, in BaseDriver._base_init             
	File d:\2022-1\graduate_design\RedPanda\RedPanda\RPAF\DataDriver\BaseDriver.py:355
Run
2023-04-24 16:17:25,427 - DEBUG: File ShapeBaseDriver.py, in ShapeBaseDriver.myInit             
	File d:\2022-1\graduate_design\RedPanda\RedPanda\RPAF\DataDriver\ShapeBaseDriver.py:58
init Children: rotateAxis
2023-04-24 16:17:25,435 - DEBUG: File BaseDriver.py, in BaseDriver._base_init             
	File d:\2022-1\graduate_design\RedPanda\RedPanda\RPAF\DataDriver\BaseDriver.py:355
Run
2023-04-24 16:17:25,439 - DEBUG: File BaseDriver.py, in BaseDriver.myInit             
	File d:\2022-1\graduate_design\RedPanda\RedPanda\RPAF\DataDriver\BaseDriver.py:573
init Children: 
2023-04-24 16:17:25,447 - DEBUG: File BaseDriver.py, in BaseDriver._base_init             
	File d:\2022-1\graduate_design\RedPanda\RedPanda\RPAF\DataDriver\BaseDriver.py:355
Run
2023-04-24 16:17:25,462 - DEBUG: File BaseDriver.py, in BaseDriver._base_init             
	File d:\2022-1\graduate_design\RedPanda\RedPanda\RPAF\DataDriver\BaseDriver.py:355
Run
2023-04-24 16:17:25,476 - DEBUG: File BaseDriver.py, in BaseDriver._base_init             
	File d:\2022-1\graduate_design\RedPanda\RedPanda\RPAF\DataDriver\BaseDriver.py:355
Run
2023-04-24 16:17:25,490 - DEBUG: File ShapeBaseDriver.py, in ShapeBaseDriver.myInit             
	File d:\2022-1\graduate_design\RedPanda\RedPanda\RPAF\DataDriver\ShapeBaseDriver.py:58
init Children: position
2023-04-24 16:17:25,497 - DEBUG: File BaseDriver.py, in BaseDriver._base_init             
	File d:\2022-1\graduate_design\RedPanda\RedPanda\RPAF\DataDriver\BaseDriver.py:355
Run
2023-04-24 16:17:25,501 - DEBUG: File BaseDriver.py, in BaseDriver.myInit             
	File d:\2022-1\graduate_design\RedPanda\RedPanda\RPAF\DataDriver\BaseDriver.py:573
init Children: 
2023-04-24 16:17:25,509 - DEBUG: File BaseDriver.py, in BaseDriver._base_init             
	File d:\2022-1\graduate_design\RedPanda\RedPanda\RPAF\DataDriver\BaseDriver.py:355
Run
2023-04-24 16:17:25,524 - DEBUG: File BaseDriver.py, in BaseDriver._base_init             
	File d:\2022-1\graduate_design\RedPanda\RedPanda\RPAF\DataDriver\BaseDriver.py:355
Run
2023-04-24 16:17:25,538 - DEBUG: File BaseDriver.py, in BaseDriver._base_init             
	File d:\2022-1\graduate_design\RedPanda\RedPanda\RPAF\DataDriver\BaseDriver.py:355
Run
2023-04-24 16:17:25,560 - DEBUG: File BaseDriver.py, in BaseDriver._base_init             
	File d:\2022-1\graduate_design\RedPanda\RedPanda\RPAF\DataDriver\BaseDriver.py:355
Run
2023-04-24 16:17:25,588 - DEBUG: File BaseDriver.py, in BaseDriver._base_init             
	File d:\2022-1\graduate_design\RedPanda\RedPanda\RPAF\DataDriver\BaseDriver.py:355
Run
2023-04-24 16:17:25,602 - DEBUG: File BaseDriver.py, in BaseDriver._base_init             
	File d:\2022-1\graduate_design\RedPanda\RedPanda\RPAF\DataDriver\BaseDriver.py:355
Run
2023-04-24 16:18:00,441 - DEBUG: File BaseDriver.py, in BaseDriver._base_init             
	File d:\2022-1\graduate_design\RedPanda\RedPanda\RPAF\DataDriver\BaseDriver.py:355
Run
2023-04-24 16:18:00,447 - DEBUG: File BaseDriver.py, in BaseDriver.myInit             
	File d:\2022-1\graduate_design\RedPanda\RedPanda\RPAF\DataDriver\BaseDriver.py:573
init Children: 
2023-04-24 16:18:00,456 - DEBUG: File BaseDriver.py, in BaseDriver._base_init             
	File d:\2022-1\graduate_design\RedPanda\RedPanda\RPAF\DataDriver\BaseDriver.py:355
Run
2023-04-24 16:18:00,460 - DEBUG: File ShapeBaseDriver.py, in ShapeBaseDriver.myInit             
	File d:\2022-1\graduate_design\RedPanda\RedPanda\RPAF\DataDriver\ShapeBaseDriver.py:55
init Children: 
2023-04-24 16:18:00,462 - DEBUG: File ShapeBaseDriver.py, in ShapeBaseDriver.myInit             
	File d:\2022-1\graduate_design\RedPanda\RedPanda\RPAF\DataDriver\ShapeBaseDriver.py:58
init Children: angle
2023-04-24 16:18:00,470 - DEBUG: File BaseDriver.py, in BaseDriver._base_init             
	File d:\2022-1\graduate_design\RedPanda\RedPanda\RPAF\DataDriver\BaseDriver.py:355
Run
2023-04-24 16:18:00,479 - DEBUG: File ShapeBaseDriver.py, in ShapeBaseDriver.myInit             
	File d:\2022-1\graduate_design\RedPanda\RedPanda\RPAF\DataDriver\ShapeBaseDriver.py:58
init Children: rotateAxis
2023-04-24 16:18:00,488 - DEBUG: File BaseDriver.py, in BaseDriver._base_init             
	File d:\2022-1\graduate_design\RedPanda\RedPanda\RPAF\DataDriver\BaseDriver.py:355
Run
2023-04-24 16:18:00,492 - DEBUG: File BaseDriver.py, in BaseDriver.myInit             
	File d:\2022-1\graduate_design\RedPanda\RedPanda\RPAF\DataDriver\BaseDriver.py:573
init Children: 
2023-04-24 16:18:00,500 - DEBUG: File BaseDriver.py, in BaseDriver._base_init             
	File d:\2022-1\graduate_design\RedPanda\RedPanda\RPAF\DataDriver\BaseDriver.py:355
Run
2023-04-24 16:18:00,515 - DEBUG: File BaseDriver.py, in BaseDriver._base_init             
	File d:\2022-1\graduate_design\RedPanda\RedPanda\RPAF\DataDriver\BaseDriver.py:355
Run
2023-04-24 16:18:00,532 - DEBUG: File BaseDriver.py, in BaseDriver._base_init             
	File d:\2022-1\graduate_design\RedPanda\RedPanda\RPAF\DataDriver\BaseDriver.py:355
Run
2023-04-24 16:18:00,545 - DEBUG: File ShapeBaseDriver.py, in ShapeBaseDriver.myInit             
	File d:\2022-1\graduate_design\RedPanda\RedPanda\RPAF\DataDriver\ShapeBaseDriver.py:58
init Children: position
2023-04-24 16:18:00,553 - DEBUG: File BaseDriver.py, in BaseDriver._base_init             
	File d:\2022-1\graduate_design\RedPanda\RedPanda\RPAF\DataDriver\BaseDriver.py:355
Run
2023-04-24 16:18:00,559 - DEBUG: File BaseDriver.py, in BaseDriver.myInit             
	File d:\2022-1\graduate_design\RedPanda\RedPanda\RPAF\DataDriver\BaseDriver.py:573
init Children: 
2023-04-24 16:18:00,566 - DEBUG: File BaseDriver.py, in BaseDriver._base_init             
	File d:\2022-1\graduate_design\RedPanda\RedPanda\RPAF\DataDriver\BaseDriver.py:355
Run
2023-04-24 16:18:00,581 - DEBUG: File BaseDriver.py, in BaseDriver._base_init             
	File d:\2022-1\graduate_design\RedPanda\RedPanda\RPAF\DataDriver\BaseDriver.py:355
Run
2023-04-24 16:18:00,596 - DEBUG: File BaseDriver.py, in BaseDriver._base_init             
	File d:\2022-1\graduate_design\RedPanda\RedPanda\RPAF\DataDriver\BaseDriver.py:355
Run
2023-04-24 16:18:00,621 - DEBUG: File BaseDriver.py, in BaseDriver._base_init             
	File d:\2022-1\graduate_design\RedPanda\RedPanda\RPAF\DataDriver\BaseDriver.py:355
Run
2023-04-24 16:18:00,637 - DEBUG: File BaseDriver.py, in BaseDriver._base_init             
	File d:\2022-1\graduate_design\RedPanda\RedPanda\RPAF\DataDriver\BaseDriver.py:355
Run
2023-04-24 16:18:00,652 - DEBUG: File BaseDriver.py, in BaseDriver._base_init             
	File d:\2022-1\graduate_design\RedPanda\RedPanda\RPAF\DataDriver\BaseDriver.py:355
Run
2023-04-24 16:19:57,679 - DEBUG: File BaseDriver.py, in BaseDriver._base_init             
	File d:\2022-1\graduate_design\RedPanda\RedPanda\RPAF\DataDriver\BaseDriver.py:355
Run
2023-04-24 16:19:57,684 - DEBUG: File BaseDriver.py, in BaseDriver.myInit             
	File d:\2022-1\graduate_design\RedPanda\RedPanda\RPAF\DataDriver\BaseDriver.py:573
init Children: 
2023-04-24 16:19:57,692 - DEBUG: File BaseDriver.py, in BaseDriver._base_init             
	File d:\2022-1\graduate_design\RedPanda\RedPanda\RPAF\DataDriver\BaseDriver.py:355
Run
2023-04-24 16:19:57,695 - DEBUG: File ShapeBaseDriver.py, in ShapeBaseDriver.myInit             
	File d:\2022-1\graduate_design\RedPanda\RedPanda\RPAF\DataDriver\ShapeBaseDriver.py:55
init Children: 
2023-04-24 16:19:57,697 - DEBUG: File ShapeBaseDriver.py, in ShapeBaseDriver.myInit             
	File d:\2022-1\graduate_design\RedPanda\RedPanda\RPAF\DataDriver\ShapeBaseDriver.py:58
init Children: angle
2023-04-24 16:19:57,708 - DEBUG: File BaseDriver.py, in BaseDriver._base_init             
	File d:\2022-1\graduate_design\RedPanda\RedPanda\RPAF\DataDriver\BaseDriver.py:355
Run
2023-04-24 16:19:57,718 - DEBUG: File ShapeBaseDriver.py, in ShapeBaseDriver.myInit             
	File d:\2022-1\graduate_design\RedPanda\RedPanda\RPAF\DataDriver\ShapeBaseDriver.py:58
init Children: rotateAxis
2023-04-24 16:19:57,725 - DEBUG: File BaseDriver.py, in BaseDriver._base_init             
	File d:\2022-1\graduate_design\RedPanda\RedPanda\RPAF\DataDriver\BaseDriver.py:355
Run
2023-04-24 16:19:57,729 - DEBUG: File BaseDriver.py, in BaseDriver.myInit             
	File d:\2022-1\graduate_design\RedPanda\RedPanda\RPAF\DataDriver\BaseDriver.py:573
init Children: 
2023-04-24 16:19:57,738 - DEBUG: File BaseDriver.py, in BaseDriver._base_init             
	File d:\2022-1\graduate_design\RedPanda\RedPanda\RPAF\DataDriver\BaseDriver.py:355
Run
2023-04-24 16:19:57,752 - DEBUG: File BaseDriver.py, in BaseDriver._base_init             
	File d:\2022-1\graduate_design\RedPanda\RedPanda\RPAF\DataDriver\BaseDriver.py:355
Run
2023-04-24 16:19:57,767 - DEBUG: File BaseDriver.py, in BaseDriver._base_init             
	File d:\2022-1\graduate_design\RedPanda\RedPanda\RPAF\DataDriver\BaseDriver.py:355
Run
2023-04-24 16:19:57,781 - DEBUG: File ShapeBaseDriver.py, in ShapeBaseDriver.myInit             
	File d:\2022-1\graduate_design\RedPanda\RedPanda\RPAF\DataDriver\ShapeBaseDriver.py:58
init Children: position
2023-04-24 16:19:57,789 - DEBUG: File BaseDriver.py, in BaseDriver._base_init             
	File d:\2022-1\graduate_design\RedPanda\RedPanda\RPAF\DataDriver\BaseDriver.py:355
Run
2023-04-24 16:19:57,793 - DEBUG: File BaseDriver.py, in BaseDriver.myInit             
	File d:\2022-1\graduate_design\RedPanda\RedPanda\RPAF\DataDriver\BaseDriver.py:573
init Children: 
2023-04-24 16:19:57,802 - DEBUG: File BaseDriver.py, in BaseDriver._base_init             
	File d:\2022-1\graduate_design\RedPanda\RedPanda\RPAF\DataDriver\BaseDriver.py:355
Run
2023-04-24 16:19:57,816 - DEBUG: File BaseDriver.py, in BaseDriver._base_init             
	File d:\2022-1\graduate_design\RedPanda\RedPanda\RPAF\DataDriver\BaseDriver.py:355
Run
2023-04-24 16:19:57,829 - DEBUG: File BaseDriver.py, in BaseDriver._base_init             
	File d:\2022-1\graduate_design\RedPanda\RedPanda\RPAF\DataDriver\BaseDriver.py:355
Run
2023-04-24 16:19:57,852 - DEBUG: File BaseDriver.py, in BaseDriver._base_init             
	File d:\2022-1\graduate_design\RedPanda\RedPanda\RPAF\DataDriver\BaseDriver.py:355
Run
2023-04-24 16:19:57,866 - DEBUG: File BaseDriver.py, in BaseDriver._base_init             
	File d:\2022-1\graduate_design\RedPanda\RedPanda\RPAF\DataDriver\BaseDriver.py:355
Run
2023-04-24 16:19:57,883 - DEBUG: File BaseDriver.py, in BaseDriver._base_init             
	File d:\2022-1\graduate_design\RedPanda\RedPanda\RPAF\DataDriver\BaseDriver.py:355
Run
2023-04-24 16:21:00,613 - DEBUG: File BaseDriver.py, in BaseDriver._base_init             
	File d:\2022-1\graduate_design\RedPanda\RedPanda\RPAF\DataDriver\BaseDriver.py:355
Run
2023-04-24 16:21:00,617 - DEBUG: File BaseDriver.py, in BaseDriver.myInit             
	File d:\2022-1\graduate_design\RedPanda\RedPanda\RPAF\DataDriver\BaseDriver.py:573
init Children: 
2023-04-24 16:21:00,625 - DEBUG: File BaseDriver.py, in BaseDriver._base_init             
	File d:\2022-1\graduate_design\RedPanda\RedPanda\RPAF\DataDriver\BaseDriver.py:355
Run
2023-04-24 16:21:00,629 - DEBUG: File ShapeBaseDriver.py, in ShapeBaseDriver.myInit             
	File d:\2022-1\graduate_design\RedPanda\RedPanda\RPAF\DataDriver\ShapeBaseDriver.py:55
init Children: 
2023-04-24 16:21:00,631 - DEBUG: File ShapeBaseDriver.py, in ShapeBaseDriver.myInit             
	File d:\2022-1\graduate_design\RedPanda\RedPanda\RPAF\DataDriver\ShapeBaseDriver.py:58
init Children: angle
2023-04-24 16:21:00,640 - DEBUG: File BaseDriver.py, in BaseDriver._base_init             
	File d:\2022-1\graduate_design\RedPanda\RedPanda\RPAF\DataDriver\BaseDriver.py:355
Run
2023-04-24 16:21:00,648 - DEBUG: File ShapeBaseDriver.py, in ShapeBaseDriver.myInit             
	File d:\2022-1\graduate_design\RedPanda\RedPanda\RPAF\DataDriver\ShapeBaseDriver.py:58
init Children: rotateAxis
2023-04-24 16:21:00,656 - DEBUG: File BaseDriver.py, in BaseDriver._base_init             
	File d:\2022-1\graduate_design\RedPanda\RedPanda\RPAF\DataDriver\BaseDriver.py:355
Run
2023-04-24 16:21:00,660 - DEBUG: File BaseDriver.py, in BaseDriver.myInit             
	File d:\2022-1\graduate_design\RedPanda\RedPanda\RPAF\DataDriver\BaseDriver.py:573
init Children: 
2023-04-24 16:21:00,667 - DEBUG: File BaseDriver.py, in BaseDriver._base_init             
	File d:\2022-1\graduate_design\RedPanda\RedPanda\RPAF\DataDriver\BaseDriver.py:355
Run
2023-04-24 16:21:00,682 - DEBUG: File BaseDriver.py, in BaseDriver._base_init             
	File d:\2022-1\graduate_design\RedPanda\RedPanda\RPAF\DataDriver\BaseDriver.py:355
Run
2023-04-24 16:21:00,697 - DEBUG: File BaseDriver.py, in BaseDriver._base_init             
	File d:\2022-1\graduate_design\RedPanda\RedPanda\RPAF\DataDriver\BaseDriver.py:355
Run
2023-04-24 16:21:00,813 - DEBUG: File ShapeBaseDriver.py, in ShapeBaseDriver.myInit             
	File d:\2022-1\graduate_design\RedPanda\RedPanda\RPAF\DataDriver\ShapeBaseDriver.py:58
init Children: position
2023-04-24 16:21:00,821 - DEBUG: File BaseDriver.py, in BaseDriver._base_init             
	File d:\2022-1\graduate_design\RedPanda\RedPanda\RPAF\DataDriver\BaseDriver.py:355
Run
2023-04-24 16:21:00,825 - DEBUG: File BaseDriver.py, in BaseDriver.myInit             
	File d:\2022-1\graduate_design\RedPanda\RedPanda\RPAF\DataDriver\BaseDriver.py:573
init Children: 
2023-04-24 16:21:00,832 - DEBUG: File BaseDriver.py, in BaseDriver._base_init             
	File d:\2022-1\graduate_design\RedPanda\RedPanda\RPAF\DataDriver\BaseDriver.py:355
Run
2023-04-24 16:21:00,847 - DEBUG: File BaseDriver.py, in BaseDriver._base_init             
	File d:\2022-1\graduate_design\RedPanda\RedPanda\RPAF\DataDriver\BaseDriver.py:355
Run
2023-04-24 16:21:00,862 - DEBUG: File BaseDriver.py, in BaseDriver._base_init             
	File d:\2022-1\graduate_design\RedPanda\RedPanda\RPAF\DataDriver\BaseDriver.py:355
Run
2023-04-24 16:21:00,885 - DEBUG: File BaseDriver.py, in BaseDriver._base_init             
	File d:\2022-1\graduate_design\RedPanda\RedPanda\RPAF\DataDriver\BaseDriver.py:355
Run
2023-04-24 16:21:00,899 - DEBUG: File BaseDriver.py, in BaseDriver._base_init             
	File d:\2022-1\graduate_design\RedPanda\RedPanda\RPAF\DataDriver\BaseDriver.py:355
Run
2023-04-24 16:21:00,914 - DEBUG: File BaseDriver.py, in BaseDriver._base_init             
	File d:\2022-1\graduate_design\RedPanda\RedPanda\RPAF\DataDriver\BaseDriver.py:355
Run
2023-04-24 16:21:18,897 - DEBUG: File BaseDriver.py, in BaseDriver._base_init             
	File d:\2022-1\graduate_design\RedPanda\RedPanda\RPAF\DataDriver\BaseDriver.py:355
Run
2023-04-24 16:21:18,901 - DEBUG: File BaseDriver.py, in BaseDriver.myInit             
	File d:\2022-1\graduate_design\RedPanda\RedPanda\RPAF\DataDriver\BaseDriver.py:573
init Children: 
2023-04-24 16:21:18,910 - DEBUG: File BaseDriver.py, in BaseDriver._base_init             
	File d:\2022-1\graduate_design\RedPanda\RedPanda\RPAF\DataDriver\BaseDriver.py:355
Run
2023-04-24 16:21:18,915 - DEBUG: File ShapeBaseDriver.py, in ShapeBaseDriver.myInit             
	File d:\2022-1\graduate_design\RedPanda\RedPanda\RPAF\DataDriver\ShapeBaseDriver.py:55
init Children: 
2023-04-24 16:21:18,981 - DEBUG: File ShapeBaseDriver.py, in ShapeBaseDriver.myInit             
	File d:\2022-1\graduate_design\RedPanda\RedPanda\RPAF\DataDriver\ShapeBaseDriver.py:58
init Children: angle
2023-04-24 16:21:18,989 - DEBUG: File BaseDriver.py, in BaseDriver._base_init             
	File d:\2022-1\graduate_design\RedPanda\RedPanda\RPAF\DataDriver\BaseDriver.py:355
Run
2023-04-24 16:21:18,997 - DEBUG: File ShapeBaseDriver.py, in ShapeBaseDriver.myInit             
	File d:\2022-1\graduate_design\RedPanda\RedPanda\RPAF\DataDriver\ShapeBaseDriver.py:58
init Children: rotateAxis
2023-04-24 16:21:19,004 - DEBUG: File BaseDriver.py, in BaseDriver._base_init             
	File d:\2022-1\graduate_design\RedPanda\RedPanda\RPAF\DataDriver\BaseDriver.py:355
Run
2023-04-24 16:21:19,008 - DEBUG: File BaseDriver.py, in BaseDriver.myInit             
	File d:\2022-1\graduate_design\RedPanda\RedPanda\RPAF\DataDriver\BaseDriver.py:573
init Children: 
2023-04-24 16:21:19,018 - DEBUG: File BaseDriver.py, in BaseDriver._base_init             
	File d:\2022-1\graduate_design\RedPanda\RedPanda\RPAF\DataDriver\BaseDriver.py:355
Run
2023-04-24 16:21:19,032 - DEBUG: File BaseDriver.py, in BaseDriver._base_init             
	File d:\2022-1\graduate_design\RedPanda\RedPanda\RPAF\DataDriver\BaseDriver.py:355
Run
2023-04-24 16:21:19,045 - DEBUG: File BaseDriver.py, in BaseDriver._base_init             
	File d:\2022-1\graduate_design\RedPanda\RedPanda\RPAF\DataDriver\BaseDriver.py:355
Run
2023-04-24 16:21:19,059 - DEBUG: File ShapeBaseDriver.py, in ShapeBaseDriver.myInit             
	File d:\2022-1\graduate_design\RedPanda\RedPanda\RPAF\DataDriver\ShapeBaseDriver.py:58
init Children: position
2023-04-24 16:21:19,067 - DEBUG: File BaseDriver.py, in BaseDriver._base_init             
	File d:\2022-1\graduate_design\RedPanda\RedPanda\RPAF\DataDriver\BaseDriver.py:355
Run
2023-04-24 16:21:19,070 - DEBUG: File BaseDriver.py, in BaseDriver.myInit             
	File d:\2022-1\graduate_design\RedPanda\RedPanda\RPAF\DataDriver\BaseDriver.py:573
init Children: 
2023-04-24 16:21:19,078 - DEBUG: File BaseDriver.py, in BaseDriver._base_init             
	File d:\2022-1\graduate_design\RedPanda\RedPanda\RPAF\DataDriver\BaseDriver.py:355
Run
2023-04-24 16:21:19,099 - DEBUG: File BaseDriver.py, in BaseDriver._base_init             
	File d:\2022-1\graduate_design\RedPanda\RedPanda\RPAF\DataDriver\BaseDriver.py:355
Run
2023-04-24 16:21:19,113 - DEBUG: File BaseDriver.py, in BaseDriver._base_init             
	File d:\2022-1\graduate_design\RedPanda\RedPanda\RPAF\DataDriver\BaseDriver.py:355
Run
2023-04-24 16:21:19,135 - DEBUG: File BaseDriver.py, in BaseDriver._base_init             
	File d:\2022-1\graduate_design\RedPanda\RedPanda\RPAF\DataDriver\BaseDriver.py:355
Run
2023-04-24 16:21:19,150 - DEBUG: File BaseDriver.py, in BaseDriver._base_init             
	File d:\2022-1\graduate_design\RedPanda\RedPanda\RPAF\DataDriver\BaseDriver.py:355
Run
2023-04-24 16:21:19,166 - DEBUG: File BaseDriver.py, in BaseDriver._base_init             
	File d:\2022-1\graduate_design\RedPanda\RedPanda\RPAF\DataDriver\BaseDriver.py:355
Run
2023-04-24 16:22:11,271 - DEBUG: File BaseDriver.py, in BaseDriver._base_init             
	File d:\2022-1\graduate_design\RedPanda\RedPanda\RPAF\DataDriver\BaseDriver.py:355
Run
2023-04-24 16:22:11,277 - DEBUG: File BaseDriver.py, in BaseDriver.myInit             
	File d:\2022-1\graduate_design\RedPanda\RedPanda\RPAF\DataDriver\BaseDriver.py:573
init Children: 
2023-04-24 16:22:11,286 - DEBUG: File BaseDriver.py, in BaseDriver._base_init             
	File d:\2022-1\graduate_design\RedPanda\RedPanda\RPAF\DataDriver\BaseDriver.py:355
Run
2023-04-24 16:22:11,290 - DEBUG: File ShapeBaseDriver.py, in ShapeBaseDriver.myInit             
	File d:\2022-1\graduate_design\RedPanda\RedPanda\RPAF\DataDriver\ShapeBaseDriver.py:55
init Children: 
2023-04-24 16:22:11,394 - DEBUG: File ShapeBaseDriver.py, in ShapeBaseDriver.myInit             
	File d:\2022-1\graduate_design\RedPanda\RedPanda\RPAF\DataDriver\ShapeBaseDriver.py:58
init Children: angle
2023-04-24 16:22:11,402 - DEBUG: File BaseDriver.py, in BaseDriver._base_init             
	File d:\2022-1\graduate_design\RedPanda\RedPanda\RPAF\DataDriver\BaseDriver.py:355
Run
2023-04-24 16:22:11,411 - DEBUG: File ShapeBaseDriver.py, in ShapeBaseDriver.myInit             
	File d:\2022-1\graduate_design\RedPanda\RedPanda\RPAF\DataDriver\ShapeBaseDriver.py:58
init Children: rotateAxis
2023-04-24 16:22:11,418 - DEBUG: File BaseDriver.py, in BaseDriver._base_init             
	File d:\2022-1\graduate_design\RedPanda\RedPanda\RPAF\DataDriver\BaseDriver.py:355
Run
2023-04-24 16:22:11,423 - DEBUG: File BaseDriver.py, in BaseDriver.myInit             
	File d:\2022-1\graduate_design\RedPanda\RedPanda\RPAF\DataDriver\BaseDriver.py:573
init Children: 
2023-04-24 16:22:11,430 - DEBUG: File BaseDriver.py, in BaseDriver._base_init             
	File d:\2022-1\graduate_design\RedPanda\RedPanda\RPAF\DataDriver\BaseDriver.py:355
Run
2023-04-24 16:22:11,446 - DEBUG: File BaseDriver.py, in BaseDriver._base_init             
	File d:\2022-1\graduate_design\RedPanda\RedPanda\RPAF\DataDriver\BaseDriver.py:355
Run
2023-04-24 16:22:11,465 - DEBUG: File BaseDriver.py, in BaseDriver._base_init             
	File d:\2022-1\graduate_design\RedPanda\RedPanda\RPAF\DataDriver\BaseDriver.py:355
Run
2023-04-24 16:22:11,480 - DEBUG: File ShapeBaseDriver.py, in ShapeBaseDriver.myInit             
	File d:\2022-1\graduate_design\RedPanda\RedPanda\RPAF\DataDriver\ShapeBaseDriver.py:58
init Children: position
2023-04-24 16:22:11,491 - DEBUG: File BaseDriver.py, in BaseDriver._base_init             
	File d:\2022-1\graduate_design\RedPanda\RedPanda\RPAF\DataDriver\BaseDriver.py:355
Run
2023-04-24 16:22:11,496 - DEBUG: File BaseDriver.py, in BaseDriver.myInit             
	File d:\2022-1\graduate_design\RedPanda\RedPanda\RPAF\DataDriver\BaseDriver.py:573
init Children: 
2023-04-24 16:22:11,504 - DEBUG: File BaseDriver.py, in BaseDriver._base_init             
	File d:\2022-1\graduate_design\RedPanda\RedPanda\RPAF\DataDriver\BaseDriver.py:355
Run
2023-04-24 16:22:11,520 - DEBUG: File BaseDriver.py, in BaseDriver._base_init             
	File d:\2022-1\graduate_design\RedPanda\RedPanda\RPAF\DataDriver\BaseDriver.py:355
Run
2023-04-24 16:22:11,535 - DEBUG: File BaseDriver.py, in BaseDriver._base_init             
	File d:\2022-1\graduate_design\RedPanda\RedPanda\RPAF\DataDriver\BaseDriver.py:355
Run
2023-04-24 16:22:11,559 - DEBUG: File BaseDriver.py, in BaseDriver._base_init             
	File d:\2022-1\graduate_design\RedPanda\RedPanda\RPAF\DataDriver\BaseDriver.py:355
Run
2023-04-24 16:22:11,573 - DEBUG: File BaseDriver.py, in BaseDriver._base_init             
	File d:\2022-1\graduate_design\RedPanda\RedPanda\RPAF\DataDriver\BaseDriver.py:355
Run
2023-04-24 16:22:11,587 - DEBUG: File BaseDriver.py, in BaseDriver._base_init             
	File d:\2022-1\graduate_design\RedPanda\RedPanda\RPAF\DataDriver\BaseDriver.py:355
Run
2023-04-24 16:22:54,789 - DEBUG: File BaseDriver.py, in BaseDriver._base_init             
	File d:\2022-1\graduate_design\RedPanda\RedPanda\RPAF\DataDriver\BaseDriver.py:355
Run
2023-04-24 16:22:54,794 - DEBUG: File BaseDriver.py, in BaseDriver.myInit             
	File d:\2022-1\graduate_design\RedPanda\RedPanda\RPAF\DataDriver\BaseDriver.py:573
init Children: 
2023-04-24 16:22:54,805 - DEBUG: File BaseDriver.py, in BaseDriver._base_init             
	File d:\2022-1\graduate_design\RedPanda\RedPanda\RPAF\DataDriver\BaseDriver.py:355
Run
2023-04-24 16:22:54,809 - DEBUG: File ShapeBaseDriver.py, in ShapeBaseDriver.myInit             
	File d:\2022-1\graduate_design\RedPanda\RedPanda\RPAF\DataDriver\ShapeBaseDriver.py:55
init Children: 
2023-04-24 16:22:54,811 - DEBUG: File ShapeBaseDriver.py, in ShapeBaseDriver.myInit             
	File d:\2022-1\graduate_design\RedPanda\RedPanda\RPAF\DataDriver\ShapeBaseDriver.py:58
init Children: angle
2023-04-24 16:22:54,821 - DEBUG: File BaseDriver.py, in BaseDriver._base_init             
	File d:\2022-1\graduate_design\RedPanda\RedPanda\RPAF\DataDriver\BaseDriver.py:355
Run
2023-04-24 16:22:54,829 - DEBUG: File ShapeBaseDriver.py, in ShapeBaseDriver.myInit             
	File d:\2022-1\graduate_design\RedPanda\RedPanda\RPAF\DataDriver\ShapeBaseDriver.py:58
init Children: rotateAxis
2023-04-24 16:22:54,837 - DEBUG: File BaseDriver.py, in BaseDriver._base_init             
	File d:\2022-1\graduate_design\RedPanda\RedPanda\RPAF\DataDriver\BaseDriver.py:355
Run
2023-04-24 16:22:54,840 - DEBUG: File BaseDriver.py, in BaseDriver.myInit             
	File d:\2022-1\graduate_design\RedPanda\RedPanda\RPAF\DataDriver\BaseDriver.py:573
init Children: 
2023-04-24 16:22:54,848 - DEBUG: File BaseDriver.py, in BaseDriver._base_init             
	File d:\2022-1\graduate_design\RedPanda\RedPanda\RPAF\DataDriver\BaseDriver.py:355
Run
2023-04-24 16:22:54,863 - DEBUG: File BaseDriver.py, in BaseDriver._base_init             
	File d:\2022-1\graduate_design\RedPanda\RedPanda\RPAF\DataDriver\BaseDriver.py:355
Run
2023-04-24 16:22:54,877 - DEBUG: File BaseDriver.py, in BaseDriver._base_init             
	File d:\2022-1\graduate_design\RedPanda\RedPanda\RPAF\DataDriver\BaseDriver.py:355
Run
2023-04-24 16:22:54,891 - DEBUG: File ShapeBaseDriver.py, in ShapeBaseDriver.myInit             
	File d:\2022-1\graduate_design\RedPanda\RedPanda\RPAF\DataDriver\ShapeBaseDriver.py:58
init Children: position
2023-04-24 16:22:54,899 - DEBUG: File BaseDriver.py, in BaseDriver._base_init             
	File d:\2022-1\graduate_design\RedPanda\RedPanda\RPAF\DataDriver\BaseDriver.py:355
Run
2023-04-24 16:22:54,904 - DEBUG: File BaseDriver.py, in BaseDriver.myInit             
	File d:\2022-1\graduate_design\RedPanda\RedPanda\RPAF\DataDriver\BaseDriver.py:573
init Children: 
2023-04-24 16:22:54,911 - DEBUG: File BaseDriver.py, in BaseDriver._base_init             
	File d:\2022-1\graduate_design\RedPanda\RedPanda\RPAF\DataDriver\BaseDriver.py:355
Run
2023-04-24 16:22:54,927 - DEBUG: File BaseDriver.py, in BaseDriver._base_init             
	File d:\2022-1\graduate_design\RedPanda\RedPanda\RPAF\DataDriver\BaseDriver.py:355
Run
2023-04-24 16:22:54,940 - DEBUG: File BaseDriver.py, in BaseDriver._base_init             
	File d:\2022-1\graduate_design\RedPanda\RedPanda\RPAF\DataDriver\BaseDriver.py:355
Run
2023-04-24 16:22:54,964 - DEBUG: File BaseDriver.py, in BaseDriver._base_init             
	File d:\2022-1\graduate_design\RedPanda\RedPanda\RPAF\DataDriver\BaseDriver.py:355
Run
2023-04-24 16:22:54,978 - DEBUG: File BaseDriver.py, in BaseDriver._base_init             
	File d:\2022-1\graduate_design\RedPanda\RedPanda\RPAF\DataDriver\BaseDriver.py:355
Run
2023-04-24 16:22:54,996 - DEBUG: File BaseDriver.py, in BaseDriver._base_init             
	File d:\2022-1\graduate_design\RedPanda\RedPanda\RPAF\DataDriver\BaseDriver.py:355
Run
2023-04-24 16:23:10,926 - DEBUG: File BaseDriver.py, in BaseDriver._base_init             
	File d:\2022-1\graduate_design\RedPanda\RedPanda\RPAF\DataDriver\BaseDriver.py:355
Run
2023-04-24 16:23:10,932 - DEBUG: File BaseDriver.py, in BaseDriver.myInit             
	File d:\2022-1\graduate_design\RedPanda\RedPanda\RPAF\DataDriver\BaseDriver.py:573
init Children: 
2023-04-24 16:23:10,941 - DEBUG: File BaseDriver.py, in BaseDriver._base_init             
	File d:\2022-1\graduate_design\RedPanda\RedPanda\RPAF\DataDriver\BaseDriver.py:355
Run
2023-04-24 16:23:10,947 - DEBUG: File ShapeBaseDriver.py, in ShapeBaseDriver.myInit             
	File d:\2022-1\graduate_design\RedPanda\RedPanda\RPAF\DataDriver\ShapeBaseDriver.py:55
init Children: 
2023-04-24 16:23:10,949 - DEBUG: File ShapeBaseDriver.py, in ShapeBaseDriver.myInit             
	File d:\2022-1\graduate_design\RedPanda\RedPanda\RPAF\DataDriver\ShapeBaseDriver.py:58
init Children: angle
2023-04-24 16:23:10,956 - DEBUG: File BaseDriver.py, in BaseDriver._base_init             
	File d:\2022-1\graduate_design\RedPanda\RedPanda\RPAF\DataDriver\BaseDriver.py:355
Run
2023-04-24 16:23:10,965 - DEBUG: File ShapeBaseDriver.py, in ShapeBaseDriver.myInit             
	File d:\2022-1\graduate_design\RedPanda\RedPanda\RPAF\DataDriver\ShapeBaseDriver.py:58
init Children: rotateAxis
2023-04-24 16:23:10,973 - DEBUG: File BaseDriver.py, in BaseDriver._base_init             
	File d:\2022-1\graduate_design\RedPanda\RedPanda\RPAF\DataDriver\BaseDriver.py:355
Run
2023-04-24 16:23:10,979 - DEBUG: File BaseDriver.py, in BaseDriver.myInit             
	File d:\2022-1\graduate_design\RedPanda\RedPanda\RPAF\DataDriver\BaseDriver.py:573
init Children: 
2023-04-24 16:23:10,986 - DEBUG: File BaseDriver.py, in BaseDriver._base_init             
	File d:\2022-1\graduate_design\RedPanda\RedPanda\RPAF\DataDriver\BaseDriver.py:355
Run
2023-04-24 16:23:11,001 - DEBUG: File BaseDriver.py, in BaseDriver._base_init             
	File d:\2022-1\graduate_design\RedPanda\RedPanda\RPAF\DataDriver\BaseDriver.py:355
Run
2023-04-24 16:23:11,015 - DEBUG: File BaseDriver.py, in BaseDriver._base_init             
	File d:\2022-1\graduate_design\RedPanda\RedPanda\RPAF\DataDriver\BaseDriver.py:355
Run
2023-04-24 16:23:11,026 - DEBUG: File ShapeBaseDriver.py, in ShapeBaseDriver.myInit             
	File d:\2022-1\graduate_design\RedPanda\RedPanda\RPAF\DataDriver\ShapeBaseDriver.py:58
init Children: position
2023-04-24 16:23:11,035 - DEBUG: File BaseDriver.py, in BaseDriver._base_init             
	File d:\2022-1\graduate_design\RedPanda\RedPanda\RPAF\DataDriver\BaseDriver.py:355
Run
2023-04-24 16:23:11,039 - DEBUG: File BaseDriver.py, in BaseDriver.myInit             
	File d:\2022-1\graduate_design\RedPanda\RedPanda\RPAF\DataDriver\BaseDriver.py:573
init Children: 
2023-04-24 16:23:11,047 - DEBUG: File BaseDriver.py, in BaseDriver._base_init             
	File d:\2022-1\graduate_design\RedPanda\RedPanda\RPAF\DataDriver\BaseDriver.py:355
Run
2023-04-24 16:23:11,061 - DEBUG: File BaseDriver.py, in BaseDriver._base_init             
	File d:\2022-1\graduate_design\RedPanda\RedPanda\RPAF\DataDriver\BaseDriver.py:355
Run
2023-04-24 16:23:11,075 - DEBUG: File BaseDriver.py, in BaseDriver._base_init             
	File d:\2022-1\graduate_design\RedPanda\RedPanda\RPAF\DataDriver\BaseDriver.py:355
Run
2023-04-24 16:23:11,098 - DEBUG: File BaseDriver.py, in BaseDriver._base_init             
	File d:\2022-1\graduate_design\RedPanda\RedPanda\RPAF\DataDriver\BaseDriver.py:355
Run
2023-04-24 16:23:11,114 - DEBUG: File BaseDriver.py, in BaseDriver._base_init             
	File d:\2022-1\graduate_design\RedPanda\RedPanda\RPAF\DataDriver\BaseDriver.py:355
Run
2023-04-24 16:23:11,128 - DEBUG: File BaseDriver.py, in BaseDriver._base_init             
	File d:\2022-1\graduate_design\RedPanda\RedPanda\RPAF\DataDriver\BaseDriver.py:355
Run
2023-04-24 16:23:56,189 - DEBUG: File BaseDriver.py, in BaseDriver._base_init             
	File d:\2022-1\graduate_design\RedPanda\RedPanda\RPAF\DataDriver\BaseDriver.py:355
Run
2023-04-24 16:23:56,193 - DEBUG: File BaseDriver.py, in BaseDriver.myInit             
	File d:\2022-1\graduate_design\RedPanda\RedPanda\RPAF\DataDriver\BaseDriver.py:573
init Children: 
2023-04-24 16:23:56,200 - DEBUG: File BaseDriver.py, in BaseDriver._base_init             
	File d:\2022-1\graduate_design\RedPanda\RedPanda\RPAF\DataDriver\BaseDriver.py:355
Run
2023-04-24 16:23:56,204 - DEBUG: File ShapeBaseDriver.py, in ShapeBaseDriver.myInit             
	File d:\2022-1\graduate_design\RedPanda\RedPanda\RPAF\DataDriver\ShapeBaseDriver.py:55
init Children: 
2023-04-24 16:23:56,206 - DEBUG: File ShapeBaseDriver.py, in ShapeBaseDriver.myInit             
	File d:\2022-1\graduate_design\RedPanda\RedPanda\RPAF\DataDriver\ShapeBaseDriver.py:58
init Children: angle
2023-04-24 16:23:56,216 - DEBUG: File BaseDriver.py, in BaseDriver._base_init             
	File d:\2022-1\graduate_design\RedPanda\RedPanda\RPAF\DataDriver\BaseDriver.py:355
Run
2023-04-24 16:23:56,337 - DEBUG: File ShapeBaseDriver.py, in ShapeBaseDriver.myInit             
	File d:\2022-1\graduate_design\RedPanda\RedPanda\RPAF\DataDriver\ShapeBaseDriver.py:58
init Children: rotateAxis
2023-04-24 16:23:56,346 - DEBUG: File BaseDriver.py, in BaseDriver._base_init             
	File d:\2022-1\graduate_design\RedPanda\RedPanda\RPAF\DataDriver\BaseDriver.py:355
Run
2023-04-24 16:23:56,350 - DEBUG: File BaseDriver.py, in BaseDriver.myInit             
	File d:\2022-1\graduate_design\RedPanda\RedPanda\RPAF\DataDriver\BaseDriver.py:573
init Children: 
2023-04-24 16:23:56,359 - DEBUG: File BaseDriver.py, in BaseDriver._base_init             
	File d:\2022-1\graduate_design\RedPanda\RedPanda\RPAF\DataDriver\BaseDriver.py:355
Run
2023-04-24 16:23:56,372 - DEBUG: File BaseDriver.py, in BaseDriver._base_init             
	File d:\2022-1\graduate_design\RedPanda\RedPanda\RPAF\DataDriver\BaseDriver.py:355
Run
2023-04-24 16:23:56,387 - DEBUG: File BaseDriver.py, in BaseDriver._base_init             
	File d:\2022-1\graduate_design\RedPanda\RedPanda\RPAF\DataDriver\BaseDriver.py:355
Run
2023-04-24 16:23:56,435 - DEBUG: File ShapeBaseDriver.py, in ShapeBaseDriver.myInit             
	File d:\2022-1\graduate_design\RedPanda\RedPanda\RPAF\DataDriver\ShapeBaseDriver.py:58
init Children: position
2023-04-24 16:23:56,450 - DEBUG: File BaseDriver.py, in BaseDriver._base_init             
	File d:\2022-1\graduate_design\RedPanda\RedPanda\RPAF\DataDriver\BaseDriver.py:355
Run
2023-04-24 16:23:56,459 - DEBUG: File BaseDriver.py, in BaseDriver.myInit             
	File d:\2022-1\graduate_design\RedPanda\RedPanda\RPAF\DataDriver\BaseDriver.py:573
init Children: 
2023-04-24 16:23:56,468 - DEBUG: File BaseDriver.py, in BaseDriver._base_init             
	File d:\2022-1\graduate_design\RedPanda\RedPanda\RPAF\DataDriver\BaseDriver.py:355
Run
2023-04-24 16:23:56,486 - DEBUG: File BaseDriver.py, in BaseDriver._base_init             
	File d:\2022-1\graduate_design\RedPanda\RedPanda\RPAF\DataDriver\BaseDriver.py:355
Run
2023-04-24 16:23:56,502 - DEBUG: File BaseDriver.py, in BaseDriver._base_init             
	File d:\2022-1\graduate_design\RedPanda\RedPanda\RPAF\DataDriver\BaseDriver.py:355
Run
2023-04-24 16:23:56,527 - DEBUG: File BaseDriver.py, in BaseDriver._base_init             
	File d:\2022-1\graduate_design\RedPanda\RedPanda\RPAF\DataDriver\BaseDriver.py:355
Run
2023-04-24 16:23:56,541 - DEBUG: File BaseDriver.py, in BaseDriver._base_init             
	File d:\2022-1\graduate_design\RedPanda\RedPanda\RPAF\DataDriver\BaseDriver.py:355
Run
2023-04-24 16:23:56,556 - DEBUG: File BaseDriver.py, in BaseDriver._base_init             
	File d:\2022-1\graduate_design\RedPanda\RedPanda\RPAF\DataDriver\BaseDriver.py:355
Run
2023-04-24 16:27:56,676 - DEBUG: File BaseDriver.py, in BaseDriver._base_init             
	File d:\2022-1\graduate_design\RedPanda\RedPanda\RPAF\DataDriver\BaseDriver.py:355
Run
2023-04-24 16:27:56,680 - DEBUG: File BaseDriver.py, in BaseDriver.myInit             
	File d:\2022-1\graduate_design\RedPanda\RedPanda\RPAF\DataDriver\BaseDriver.py:573
init Children: 
2023-04-24 16:27:56,687 - DEBUG: File BaseDriver.py, in BaseDriver._base_init             
	File d:\2022-1\graduate_design\RedPanda\RedPanda\RPAF\DataDriver\BaseDriver.py:355
Run
2023-04-24 16:27:56,691 - DEBUG: File ShapeBaseDriver.py, in ShapeBaseDriver.myInit             
	File d:\2022-1\graduate_design\RedPanda\RedPanda\RPAF\DataDriver\ShapeBaseDriver.py:55
init Children: 
2023-04-24 16:27:56,692 - DEBUG: File ShapeBaseDriver.py, in ShapeBaseDriver.myInit             
	File d:\2022-1\graduate_design\RedPanda\RedPanda\RPAF\DataDriver\ShapeBaseDriver.py:58
init Children: angle
2023-04-24 16:27:56,700 - DEBUG: File BaseDriver.py, in BaseDriver._base_init             
	File d:\2022-1\graduate_design\RedPanda\RedPanda\RPAF\DataDriver\BaseDriver.py:355
Run
2023-04-24 16:27:56,708 - DEBUG: File ShapeBaseDriver.py, in ShapeBaseDriver.myInit             
	File d:\2022-1\graduate_design\RedPanda\RedPanda\RPAF\DataDriver\ShapeBaseDriver.py:58
init Children: rotateAxis
2023-04-24 16:27:56,730 - DEBUG: File BaseDriver.py, in BaseDriver._base_init             
	File d:\2022-1\graduate_design\RedPanda\RedPanda\RPAF\DataDriver\BaseDriver.py:355
Run
2023-04-24 16:27:56,734 - DEBUG: File BaseDriver.py, in BaseDriver.myInit             
	File d:\2022-1\graduate_design\RedPanda\RedPanda\RPAF\DataDriver\BaseDriver.py:573
init Children: 
2023-04-24 16:27:56,742 - DEBUG: File BaseDriver.py, in BaseDriver._base_init             
	File d:\2022-1\graduate_design\RedPanda\RedPanda\RPAF\DataDriver\BaseDriver.py:355
Run
2023-04-24 16:27:56,755 - DEBUG: File BaseDriver.py, in BaseDriver._base_init             
	File d:\2022-1\graduate_design\RedPanda\RedPanda\RPAF\DataDriver\BaseDriver.py:355
Run
2023-04-24 16:27:56,769 - DEBUG: File BaseDriver.py, in BaseDriver._base_init             
	File d:\2022-1\graduate_design\RedPanda\RedPanda\RPAF\DataDriver\BaseDriver.py:355
Run
2023-04-24 16:27:56,780 - DEBUG: File ShapeBaseDriver.py, in ShapeBaseDriver.myInit             
	File d:\2022-1\graduate_design\RedPanda\RedPanda\RPAF\DataDriver\ShapeBaseDriver.py:58
init Children: position
2023-04-24 16:27:56,787 - DEBUG: File BaseDriver.py, in BaseDriver._base_init             
	File d:\2022-1\graduate_design\RedPanda\RedPanda\RPAF\DataDriver\BaseDriver.py:355
Run
2023-04-24 16:27:56,791 - DEBUG: File BaseDriver.py, in BaseDriver.myInit             
	File d:\2022-1\graduate_design\RedPanda\RedPanda\RPAF\DataDriver\BaseDriver.py:573
init Children: 
2023-04-24 16:27:56,799 - DEBUG: File BaseDriver.py, in BaseDriver._base_init             
	File d:\2022-1\graduate_design\RedPanda\RedPanda\RPAF\DataDriver\BaseDriver.py:355
Run
2023-04-24 16:27:56,813 - DEBUG: File BaseDriver.py, in BaseDriver._base_init             
	File d:\2022-1\graduate_design\RedPanda\RedPanda\RPAF\DataDriver\BaseDriver.py:355
Run
2023-04-24 16:27:56,826 - DEBUG: File BaseDriver.py, in BaseDriver._base_init             
	File d:\2022-1\graduate_design\RedPanda\RedPanda\RPAF\DataDriver\BaseDriver.py:355
Run
2023-04-24 16:27:56,847 - DEBUG: File BaseDriver.py, in BaseDriver._base_init             
	File d:\2022-1\graduate_design\RedPanda\RedPanda\RPAF\DataDriver\BaseDriver.py:355
Run
2023-04-24 16:27:56,860 - DEBUG: File BaseDriver.py, in BaseDriver._base_init             
	File d:\2022-1\graduate_design\RedPanda\RedPanda\RPAF\DataDriver\BaseDriver.py:355
Run
2023-04-24 16:27:56,873 - DEBUG: File BaseDriver.py, in BaseDriver._base_init             
	File d:\2022-1\graduate_design\RedPanda\RedPanda\RPAF\DataDriver\BaseDriver.py:355
Run
2023-04-24 16:31:03,455 - DEBUG: File BaseDriver.py, in BaseDriver._base_init             
	File d:\2022-1\graduate_design\RedPanda\RedPanda\RPAF\DataDriver\BaseDriver.py:355
Run
2023-04-24 16:31:03,459 - DEBUG: File BaseDriver.py, in BaseDriver.myInit             
	File d:\2022-1\graduate_design\RedPanda\RedPanda\RPAF\DataDriver\BaseDriver.py:576
init Children: 
2023-04-24 16:31:03,467 - DEBUG: File BaseDriver.py, in BaseDriver._base_init             
	File d:\2022-1\graduate_design\RedPanda\RedPanda\RPAF\DataDriver\BaseDriver.py:355
Run
2023-04-24 16:31:03,471 - DEBUG: File ShapeBaseDriver.py, in ShapeBaseDriver.myInit             
	File d:\2022-1\graduate_design\RedPanda\RedPanda\RPAF\DataDriver\ShapeBaseDriver.py:55
init Children: 
2023-04-24 16:31:03,473 - DEBUG: File ShapeBaseDriver.py, in ShapeBaseDriver.myInit             
	File d:\2022-1\graduate_design\RedPanda\RedPanda\RPAF\DataDriver\ShapeBaseDriver.py:58
init Children: angle
2023-04-24 16:31:03,481 - DEBUG: File BaseDriver.py, in BaseDriver._base_init             
	File d:\2022-1\graduate_design\RedPanda\RedPanda\RPAF\DataDriver\BaseDriver.py:355
Run
2023-04-24 16:31:03,488 - DEBUG: File ShapeBaseDriver.py, in ShapeBaseDriver.myInit             
	File d:\2022-1\graduate_design\RedPanda\RedPanda\RPAF\DataDriver\ShapeBaseDriver.py:58
init Children: rotateAxis
2023-04-24 16:31:03,496 - DEBUG: File BaseDriver.py, in BaseDriver._base_init             
	File d:\2022-1\graduate_design\RedPanda\RedPanda\RPAF\DataDriver\BaseDriver.py:355
Run
2023-04-24 16:31:03,590 - DEBUG: File BaseDriver.py, in BaseDriver.myInit             
	File d:\2022-1\graduate_design\RedPanda\RedPanda\RPAF\DataDriver\BaseDriver.py:576
init Children: 
2023-04-24 16:31:03,597 - DEBUG: File BaseDriver.py, in BaseDriver._base_init             
	File d:\2022-1\graduate_design\RedPanda\RedPanda\RPAF\DataDriver\BaseDriver.py:355
Run
2023-04-24 16:31:03,614 - DEBUG: File BaseDriver.py, in BaseDriver._base_init             
	File d:\2022-1\graduate_design\RedPanda\RedPanda\RPAF\DataDriver\BaseDriver.py:355
Run
2023-04-24 16:31:03,627 - DEBUG: File BaseDriver.py, in BaseDriver._base_init             
	File d:\2022-1\graduate_design\RedPanda\RedPanda\RPAF\DataDriver\BaseDriver.py:355
Run
2023-04-24 16:31:03,640 - DEBUG: File ShapeBaseDriver.py, in ShapeBaseDriver.myInit             
	File d:\2022-1\graduate_design\RedPanda\RedPanda\RPAF\DataDriver\ShapeBaseDriver.py:58
init Children: position
2023-04-24 16:31:03,650 - DEBUG: File BaseDriver.py, in BaseDriver._base_init             
	File d:\2022-1\graduate_design\RedPanda\RedPanda\RPAF\DataDriver\BaseDriver.py:355
Run
2023-04-24 16:31:03,654 - DEBUG: File BaseDriver.py, in BaseDriver.myInit             
	File d:\2022-1\graduate_design\RedPanda\RedPanda\RPAF\DataDriver\BaseDriver.py:576
init Children: 
2023-04-24 16:31:03,661 - DEBUG: File BaseDriver.py, in BaseDriver._base_init             
	File d:\2022-1\graduate_design\RedPanda\RedPanda\RPAF\DataDriver\BaseDriver.py:355
Run
2023-04-24 16:31:03,675 - DEBUG: File BaseDriver.py, in BaseDriver._base_init             
	File d:\2022-1\graduate_design\RedPanda\RedPanda\RPAF\DataDriver\BaseDriver.py:355
Run
2023-04-24 16:31:03,687 - DEBUG: File BaseDriver.py, in BaseDriver._base_init             
	File d:\2022-1\graduate_design\RedPanda\RedPanda\RPAF\DataDriver\BaseDriver.py:355
Run
2023-04-24 16:31:03,709 - DEBUG: File BaseDriver.py, in BaseDriver._base_init             
	File d:\2022-1\graduate_design\RedPanda\RedPanda\RPAF\DataDriver\BaseDriver.py:355
Run
2023-04-24 16:31:03,721 - DEBUG: File BaseDriver.py, in BaseDriver._base_init             
	File d:\2022-1\graduate_design\RedPanda\RedPanda\RPAF\DataDriver\BaseDriver.py:355
Run
2023-04-24 16:31:03,734 - DEBUG: File BaseDriver.py, in BaseDriver._base_init             
	File d:\2022-1\graduate_design\RedPanda\RedPanda\RPAF\DataDriver\BaseDriver.py:355
Run
2023-04-24 16:31:31,709 - DEBUG: File BaseDriver.py, in BaseDriver._base_init             
	File d:\2022-1\graduate_design\RedPanda\RedPanda\RPAF\DataDriver\BaseDriver.py:355
Run
2023-04-24 16:31:31,713 - DEBUG: File BaseDriver.py, in BaseDriver.myInit             
	File d:\2022-1\graduate_design\RedPanda\RedPanda\RPAF\DataDriver\BaseDriver.py:576
init Children: 
2023-04-24 16:31:31,720 - DEBUG: File BaseDriver.py, in BaseDriver._base_init             
	File d:\2022-1\graduate_design\RedPanda\RedPanda\RPAF\DataDriver\BaseDriver.py:355
Run
2023-04-24 16:31:31,724 - DEBUG: File ShapeBaseDriver.py, in ShapeBaseDriver.myInit             
	File d:\2022-1\graduate_design\RedPanda\RedPanda\RPAF\DataDriver\ShapeBaseDriver.py:55
init Children: 
2023-04-24 16:31:31,726 - DEBUG: File ShapeBaseDriver.py, in ShapeBaseDriver.myInit             
	File d:\2022-1\graduate_design\RedPanda\RedPanda\RPAF\DataDriver\ShapeBaseDriver.py:58
init Children: angle
2023-04-24 16:31:31,733 - DEBUG: File BaseDriver.py, in BaseDriver._base_init             
	File d:\2022-1\graduate_design\RedPanda\RedPanda\RPAF\DataDriver\BaseDriver.py:355
Run
2023-04-24 16:31:31,740 - DEBUG: File ShapeBaseDriver.py, in ShapeBaseDriver.myInit             
	File d:\2022-1\graduate_design\RedPanda\RedPanda\RPAF\DataDriver\ShapeBaseDriver.py:58
init Children: rotateAxis
2023-04-24 16:31:31,748 - DEBUG: File BaseDriver.py, in BaseDriver._base_init             
	File d:\2022-1\graduate_design\RedPanda\RedPanda\RPAF\DataDriver\BaseDriver.py:355
Run
2023-04-24 16:31:31,752 - DEBUG: File BaseDriver.py, in BaseDriver.myInit             
	File d:\2022-1\graduate_design\RedPanda\RedPanda\RPAF\DataDriver\BaseDriver.py:576
init Children: 
2023-04-24 16:31:31,759 - DEBUG: File BaseDriver.py, in BaseDriver._base_init             
	File d:\2022-1\graduate_design\RedPanda\RedPanda\RPAF\DataDriver\BaseDriver.py:355
Run
2023-04-24 16:31:31,772 - DEBUG: File BaseDriver.py, in BaseDriver._base_init             
	File d:\2022-1\graduate_design\RedPanda\RedPanda\RPAF\DataDriver\BaseDriver.py:355
Run
2023-04-24 16:31:31,786 - DEBUG: File BaseDriver.py, in BaseDriver._base_init             
	File d:\2022-1\graduate_design\RedPanda\RedPanda\RPAF\DataDriver\BaseDriver.py:355
Run
2023-04-24 16:31:31,799 - DEBUG: File ShapeBaseDriver.py, in ShapeBaseDriver.myInit             
	File d:\2022-1\graduate_design\RedPanda\RedPanda\RPAF\DataDriver\ShapeBaseDriver.py:58
init Children: position
2023-04-24 16:31:31,807 - DEBUG: File BaseDriver.py, in BaseDriver._base_init             
	File d:\2022-1\graduate_design\RedPanda\RedPanda\RPAF\DataDriver\BaseDriver.py:355
Run
2023-04-24 16:31:31,810 - DEBUG: File BaseDriver.py, in BaseDriver.myInit             
	File d:\2022-1\graduate_design\RedPanda\RedPanda\RPAF\DataDriver\BaseDriver.py:576
init Children: 
2023-04-24 16:31:31,818 - DEBUG: File BaseDriver.py, in BaseDriver._base_init             
	File d:\2022-1\graduate_design\RedPanda\RedPanda\RPAF\DataDriver\BaseDriver.py:355
Run
2023-04-24 16:31:31,832 - DEBUG: File BaseDriver.py, in BaseDriver._base_init             
	File d:\2022-1\graduate_design\RedPanda\RedPanda\RPAF\DataDriver\BaseDriver.py:355
Run
2023-04-24 16:31:31,845 - DEBUG: File BaseDriver.py, in BaseDriver._base_init             
	File d:\2022-1\graduate_design\RedPanda\RedPanda\RPAF\DataDriver\BaseDriver.py:355
Run
2023-04-24 16:31:31,866 - DEBUG: File BaseDriver.py, in BaseDriver._base_init             
	File d:\2022-1\graduate_design\RedPanda\RedPanda\RPAF\DataDriver\BaseDriver.py:355
Run
2023-04-24 16:31:31,880 - DEBUG: File BaseDriver.py, in BaseDriver._base_init             
	File d:\2022-1\graduate_design\RedPanda\RedPanda\RPAF\DataDriver\BaseDriver.py:355
Run
2023-04-24 16:31:31,894 - DEBUG: File BaseDriver.py, in BaseDriver._base_init             
	File d:\2022-1\graduate_design\RedPanda\RedPanda\RPAF\DataDriver\BaseDriver.py:355
Run
2023-04-24 16:31:53,325 - DEBUG: File BaseDriver.py, in BaseDriver._base_init             
	File d:\2022-1\graduate_design\RedPanda\RedPanda\RPAF\DataDriver\BaseDriver.py:355
Run
2023-04-24 16:31:53,328 - DEBUG: File BaseDriver.py, in BaseDriver.myInit             
	File d:\2022-1\graduate_design\RedPanda\RedPanda\RPAF\DataDriver\BaseDriver.py:576
init Children: 
2023-04-24 16:31:53,336 - DEBUG: File BaseDriver.py, in BaseDriver._base_init             
	File d:\2022-1\graduate_design\RedPanda\RedPanda\RPAF\DataDriver\BaseDriver.py:355
Run
2023-04-24 16:31:53,339 - DEBUG: File ShapeBaseDriver.py, in ShapeBaseDriver.myInit             
	File d:\2022-1\graduate_design\RedPanda\RedPanda\RPAF\DataDriver\ShapeBaseDriver.py:55
init Children: 
2023-04-24 16:31:53,341 - DEBUG: File ShapeBaseDriver.py, in ShapeBaseDriver.myInit             
	File d:\2022-1\graduate_design\RedPanda\RedPanda\RPAF\DataDriver\ShapeBaseDriver.py:58
init Children: angle
2023-04-24 16:31:53,350 - DEBUG: File BaseDriver.py, in BaseDriver._base_init             
	File d:\2022-1\graduate_design\RedPanda\RedPanda\RPAF\DataDriver\BaseDriver.py:355
Run
2023-04-24 16:31:53,358 - DEBUG: File ShapeBaseDriver.py, in ShapeBaseDriver.myInit             
	File d:\2022-1\graduate_design\RedPanda\RedPanda\RPAF\DataDriver\ShapeBaseDriver.py:58
init Children: rotateAxis
2023-04-24 16:31:53,366 - DEBUG: File BaseDriver.py, in BaseDriver._base_init             
	File d:\2022-1\graduate_design\RedPanda\RedPanda\RPAF\DataDriver\BaseDriver.py:355
Run
2023-04-24 16:31:53,371 - DEBUG: File BaseDriver.py, in BaseDriver.myInit             
	File d:\2022-1\graduate_design\RedPanda\RedPanda\RPAF\DataDriver\BaseDriver.py:576
init Children: 
2023-04-24 16:31:53,379 - DEBUG: File BaseDriver.py, in BaseDriver._base_init             
	File d:\2022-1\graduate_design\RedPanda\RedPanda\RPAF\DataDriver\BaseDriver.py:355
Run
2023-04-24 16:31:53,392 - DEBUG: File BaseDriver.py, in BaseDriver._base_init             
	File d:\2022-1\graduate_design\RedPanda\RedPanda\RPAF\DataDriver\BaseDriver.py:355
Run
2023-04-24 16:31:53,405 - DEBUG: File BaseDriver.py, in BaseDriver._base_init             
	File d:\2022-1\graduate_design\RedPanda\RedPanda\RPAF\DataDriver\BaseDriver.py:355
Run
2023-04-24 16:31:53,416 - DEBUG: File ShapeBaseDriver.py, in ShapeBaseDriver.myInit             
	File d:\2022-1\graduate_design\RedPanda\RedPanda\RPAF\DataDriver\ShapeBaseDriver.py:58
init Children: position
2023-04-24 16:31:53,424 - DEBUG: File BaseDriver.py, in BaseDriver._base_init             
	File d:\2022-1\graduate_design\RedPanda\RedPanda\RPAF\DataDriver\BaseDriver.py:355
Run
2023-04-24 16:31:53,428 - DEBUG: File BaseDriver.py, in BaseDriver.myInit             
	File d:\2022-1\graduate_design\RedPanda\RedPanda\RPAF\DataDriver\BaseDriver.py:576
init Children: 
2023-04-24 16:31:53,437 - DEBUG: File BaseDriver.py, in BaseDriver._base_init             
	File d:\2022-1\graduate_design\RedPanda\RedPanda\RPAF\DataDriver\BaseDriver.py:355
Run
2023-04-24 16:31:53,453 - DEBUG: File BaseDriver.py, in BaseDriver._base_init             
	File d:\2022-1\graduate_design\RedPanda\RedPanda\RPAF\DataDriver\BaseDriver.py:355
Run
2023-04-24 16:31:53,468 - DEBUG: File BaseDriver.py, in BaseDriver._base_init             
	File d:\2022-1\graduate_design\RedPanda\RedPanda\RPAF\DataDriver\BaseDriver.py:355
Run
2023-04-24 16:31:53,493 - DEBUG: File BaseDriver.py, in BaseDriver._base_init             
	File d:\2022-1\graduate_design\RedPanda\RedPanda\RPAF\DataDriver\BaseDriver.py:355
Run
2023-04-24 16:31:53,507 - DEBUG: File BaseDriver.py, in BaseDriver._base_init             
	File d:\2022-1\graduate_design\RedPanda\RedPanda\RPAF\DataDriver\BaseDriver.py:355
Run
2023-04-24 16:31:53,522 - DEBUG: File BaseDriver.py, in BaseDriver._base_init             
	File d:\2022-1\graduate_design\RedPanda\RedPanda\RPAF\DataDriver\BaseDriver.py:355
Run
2023-04-24 16:34:39,036 - DEBUG: File BaseDriver.py, in BaseDriver._base_init             
	File d:\2022-1\graduate_design\RedPanda\RedPanda\RPAF\DataDriver\BaseDriver.py:355
Run
2023-04-24 16:34:39,040 - DEBUG: File BaseDriver.py, in BaseDriver.myInit             
	File d:\2022-1\graduate_design\RedPanda\RedPanda\RPAF\DataDriver\BaseDriver.py:576
init Children: 
2023-04-24 16:34:39,048 - DEBUG: File BaseDriver.py, in BaseDriver._base_init             
	File d:\2022-1\graduate_design\RedPanda\RedPanda\RPAF\DataDriver\BaseDriver.py:355
Run
2023-04-24 16:34:39,052 - DEBUG: File ShapeBaseDriver.py, in ShapeBaseDriver.myInit             
	File d:\2022-1\graduate_design\RedPanda\RedPanda\RPAF\DataDriver\ShapeBaseDriver.py:55
init Children: 
2023-04-24 16:34:39,055 - DEBUG: File ShapeBaseDriver.py, in ShapeBaseDriver.myInit             
	File d:\2022-1\graduate_design\RedPanda\RedPanda\RPAF\DataDriver\ShapeBaseDriver.py:58
init Children: angle
2023-04-24 16:34:39,065 - DEBUG: File BaseDriver.py, in BaseDriver._base_init             
	File d:\2022-1\graduate_design\RedPanda\RedPanda\RPAF\DataDriver\BaseDriver.py:355
Run
2023-04-24 16:34:39,073 - DEBUG: File ShapeBaseDriver.py, in ShapeBaseDriver.myInit             
	File d:\2022-1\graduate_design\RedPanda\RedPanda\RPAF\DataDriver\ShapeBaseDriver.py:58
init Children: rotateAxis
2023-04-24 16:34:39,080 - DEBUG: File BaseDriver.py, in BaseDriver._base_init             
	File d:\2022-1\graduate_design\RedPanda\RedPanda\RPAF\DataDriver\BaseDriver.py:355
Run
2023-04-24 16:34:39,085 - DEBUG: File BaseDriver.py, in BaseDriver.myInit             
	File d:\2022-1\graduate_design\RedPanda\RedPanda\RPAF\DataDriver\BaseDriver.py:576
init Children: 
2023-04-24 16:34:39,093 - DEBUG: File BaseDriver.py, in BaseDriver._base_init             
	File d:\2022-1\graduate_design\RedPanda\RedPanda\RPAF\DataDriver\BaseDriver.py:355
Run
2023-04-24 16:34:39,108 - DEBUG: File BaseDriver.py, in BaseDriver._base_init             
	File d:\2022-1\graduate_design\RedPanda\RedPanda\RPAF\DataDriver\BaseDriver.py:355
Run
2023-04-24 16:34:39,121 - DEBUG: File BaseDriver.py, in BaseDriver._base_init             
	File d:\2022-1\graduate_design\RedPanda\RedPanda\RPAF\DataDriver\BaseDriver.py:355
Run
2023-04-24 16:34:39,132 - DEBUG: File ShapeBaseDriver.py, in ShapeBaseDriver.myInit             
	File d:\2022-1\graduate_design\RedPanda\RedPanda\RPAF\DataDriver\ShapeBaseDriver.py:58
init Children: position
2023-04-24 16:34:39,140 - DEBUG: File BaseDriver.py, in BaseDriver._base_init             
	File d:\2022-1\graduate_design\RedPanda\RedPanda\RPAF\DataDriver\BaseDriver.py:355
Run
2023-04-24 16:34:39,144 - DEBUG: File BaseDriver.py, in BaseDriver.myInit             
	File d:\2022-1\graduate_design\RedPanda\RedPanda\RPAF\DataDriver\BaseDriver.py:576
init Children: 
2023-04-24 16:34:39,152 - DEBUG: File BaseDriver.py, in BaseDriver._base_init             
	File d:\2022-1\graduate_design\RedPanda\RedPanda\RPAF\DataDriver\BaseDriver.py:355
Run
2023-04-24 16:34:39,167 - DEBUG: File BaseDriver.py, in BaseDriver._base_init             
	File d:\2022-1\graduate_design\RedPanda\RedPanda\RPAF\DataDriver\BaseDriver.py:355
Run
2023-04-24 16:34:39,180 - DEBUG: File BaseDriver.py, in BaseDriver._base_init             
	File d:\2022-1\graduate_design\RedPanda\RedPanda\RPAF\DataDriver\BaseDriver.py:355
Run
2023-04-24 16:34:39,201 - DEBUG: File BaseDriver.py, in BaseDriver._base_init             
	File d:\2022-1\graduate_design\RedPanda\RedPanda\RPAF\DataDriver\BaseDriver.py:355
Run
2023-04-24 16:34:39,214 - DEBUG: File BaseDriver.py, in BaseDriver._base_init             
	File d:\2022-1\graduate_design\RedPanda\RedPanda\RPAF\DataDriver\BaseDriver.py:355
Run
2023-04-24 16:34:39,227 - DEBUG: File BaseDriver.py, in BaseDriver._base_init             
	File d:\2022-1\graduate_design\RedPanda\RedPanda\RPAF\DataDriver\BaseDriver.py:355
Run
2023-04-24 16:36:18,286 - DEBUG: File BaseDriver.py, in BaseDriver._base_init             
	File d:\2022-1\graduate_design\RedPanda\RedPanda\RPAF\DataDriver\BaseDriver.py:354
Run
2023-04-24 16:36:18,289 - DEBUG: File BaseDriver.py, in BaseDriver.myInit             
	File d:\2022-1\graduate_design\RedPanda\RedPanda\RPAF\DataDriver\BaseDriver.py:575
init Children: 
2023-04-24 16:36:18,297 - DEBUG: File BaseDriver.py, in BaseDriver._base_init             
	File d:\2022-1\graduate_design\RedPanda\RedPanda\RPAF\DataDriver\BaseDriver.py:354
Run
2023-04-24 16:36:18,301 - DEBUG: File ShapeBaseDriver.py, in ShapeBaseDriver.myInit             
	File d:\2022-1\graduate_design\RedPanda\RedPanda\RPAF\DataDriver\ShapeBaseDriver.py:55
init Children: 
2023-04-24 16:36:18,303 - DEBUG: File ShapeBaseDriver.py, in ShapeBaseDriver.myInit             
	File d:\2022-1\graduate_design\RedPanda\RedPanda\RPAF\DataDriver\ShapeBaseDriver.py:58
init Children: angle
2023-04-24 16:36:18,312 - DEBUG: File BaseDriver.py, in BaseDriver._base_init             
	File d:\2022-1\graduate_design\RedPanda\RedPanda\RPAF\DataDriver\BaseDriver.py:354
Run
2023-04-24 16:36:18,321 - DEBUG: File ShapeBaseDriver.py, in ShapeBaseDriver.myInit             
	File d:\2022-1\graduate_design\RedPanda\RedPanda\RPAF\DataDriver\ShapeBaseDriver.py:58
init Children: rotateAxis
2023-04-24 16:36:18,330 - DEBUG: File BaseDriver.py, in BaseDriver._base_init             
	File d:\2022-1\graduate_design\RedPanda\RedPanda\RPAF\DataDriver\BaseDriver.py:354
Run
2023-04-24 16:36:18,335 - DEBUG: File BaseDriver.py, in BaseDriver.myInit             
	File d:\2022-1\graduate_design\RedPanda\RedPanda\RPAF\DataDriver\BaseDriver.py:575
init Children: 
2023-04-24 16:36:18,344 - DEBUG: File BaseDriver.py, in BaseDriver._base_init             
	File d:\2022-1\graduate_design\RedPanda\RedPanda\RPAF\DataDriver\BaseDriver.py:354
Run
2023-04-24 16:36:18,359 - DEBUG: File BaseDriver.py, in BaseDriver._base_init             
	File d:\2022-1\graduate_design\RedPanda\RedPanda\RPAF\DataDriver\BaseDriver.py:354
Run
2023-04-24 16:36:18,375 - DEBUG: File BaseDriver.py, in BaseDriver._base_init             
	File d:\2022-1\graduate_design\RedPanda\RedPanda\RPAF\DataDriver\BaseDriver.py:354
Run
2023-04-24 16:37:36,106 - DEBUG: File BaseDriver.py, in BaseDriver._base_init             
	File d:\2022-1\graduate_design\RedPanda\RedPanda\RPAF\DataDriver\BaseDriver.py:354
Run
2023-04-24 16:37:36,110 - DEBUG: File BaseDriver.py, in BaseDriver.myInit             
	File d:\2022-1\graduate_design\RedPanda\RedPanda\RPAF\DataDriver\BaseDriver.py:575
init Children: 
2023-04-24 16:37:36,119 - DEBUG: File BaseDriver.py, in BaseDriver._base_init             
	File d:\2022-1\graduate_design\RedPanda\RedPanda\RPAF\DataDriver\BaseDriver.py:354
Run
2023-04-24 16:37:36,123 - DEBUG: File ShapeBaseDriver.py, in ShapeBaseDriver.myInit             
	File d:\2022-1\graduate_design\RedPanda\RedPanda\RPAF\DataDriver\ShapeBaseDriver.py:55
init Children: 
2023-04-24 16:37:36,125 - DEBUG: File ShapeBaseDriver.py, in ShapeBaseDriver.myInit             
	File d:\2022-1\graduate_design\RedPanda\RedPanda\RPAF\DataDriver\ShapeBaseDriver.py:58
init Children: angle
2023-04-24 16:37:36,134 - DEBUG: File BaseDriver.py, in BaseDriver._base_init             
	File d:\2022-1\graduate_design\RedPanda\RedPanda\RPAF\DataDriver\BaseDriver.py:354
Run
2023-04-24 16:37:36,143 - DEBUG: File ShapeBaseDriver.py, in ShapeBaseDriver.myInit             
	File d:\2022-1\graduate_design\RedPanda\RedPanda\RPAF\DataDriver\ShapeBaseDriver.py:58
init Children: rotateAxis
2023-04-24 16:37:36,152 - DEBUG: File BaseDriver.py, in BaseDriver._base_init             
	File d:\2022-1\graduate_design\RedPanda\RedPanda\RPAF\DataDriver\BaseDriver.py:354
Run
2023-04-24 16:37:36,156 - DEBUG: File BaseDriver.py, in BaseDriver.myInit             
	File d:\2022-1\graduate_design\RedPanda\RedPanda\RPAF\DataDriver\BaseDriver.py:575
init Children: 
2023-04-24 16:37:36,163 - DEBUG: File BaseDriver.py, in BaseDriver._base_init             
	File d:\2022-1\graduate_design\RedPanda\RedPanda\RPAF\DataDriver\BaseDriver.py:354
Run
2023-04-24 16:37:36,178 - DEBUG: File BaseDriver.py, in BaseDriver._base_init             
	File d:\2022-1\graduate_design\RedPanda\RedPanda\RPAF\DataDriver\BaseDriver.py:354
Run
2023-04-24 16:37:36,191 - DEBUG: File BaseDriver.py, in BaseDriver._base_init             
	File d:\2022-1\graduate_design\RedPanda\RedPanda\RPAF\DataDriver\BaseDriver.py:354
Run
2023-04-24 16:37:36,204 - DEBUG: File ShapeBaseDriver.py, in ShapeBaseDriver.myInit             
	File d:\2022-1\graduate_design\RedPanda\RedPanda\RPAF\DataDriver\ShapeBaseDriver.py:58
init Children: position
2023-04-24 16:37:36,212 - DEBUG: File BaseDriver.py, in BaseDriver._base_init             
	File d:\2022-1\graduate_design\RedPanda\RedPanda\RPAF\DataDriver\BaseDriver.py:354
Run
2023-04-24 16:37:36,216 - DEBUG: File BaseDriver.py, in BaseDriver.myInit             
	File d:\2022-1\graduate_design\RedPanda\RedPanda\RPAF\DataDriver\BaseDriver.py:575
init Children: 
2023-04-24 16:37:36,223 - DEBUG: File BaseDriver.py, in BaseDriver._base_init             
	File d:\2022-1\graduate_design\RedPanda\RedPanda\RPAF\DataDriver\BaseDriver.py:354
Run
2023-04-24 16:37:36,237 - DEBUG: File BaseDriver.py, in BaseDriver._base_init             
	File d:\2022-1\graduate_design\RedPanda\RedPanda\RPAF\DataDriver\BaseDriver.py:354
Run
2023-04-24 16:37:36,251 - DEBUG: File BaseDriver.py, in BaseDriver._base_init             
	File d:\2022-1\graduate_design\RedPanda\RedPanda\RPAF\DataDriver\BaseDriver.py:354
Run
2023-04-24 16:37:36,278 - DEBUG: File BaseDriver.py, in BaseDriver._base_init             
	File d:\2022-1\graduate_design\RedPanda\RedPanda\RPAF\DataDriver\BaseDriver.py:354
Run
2023-04-24 16:37:36,291 - DEBUG: File BaseDriver.py, in BaseDriver._base_init             
	File d:\2022-1\graduate_design\RedPanda\RedPanda\RPAF\DataDriver\BaseDriver.py:354
Run
2023-04-24 16:37:36,304 - DEBUG: File BaseDriver.py, in BaseDriver._base_init             
	File d:\2022-1\graduate_design\RedPanda\RedPanda\RPAF\DataDriver\BaseDriver.py:354
Run
2023-04-24 16:42:43,165 - DEBUG: File BaseDriver.py, in BaseDriver.myInit             
	File d:\2022-1\graduate_design\RedPanda\RedPanda\RPAF\DataDriver\BaseDriver.py:572
init Children: 
2023-04-24 16:42:43,171 - DEBUG: File ShapeBaseDriver.py, in ShapeBaseDriver.myInit             
	File d:\2022-1\graduate_design\RedPanda\RedPanda\RPAF\DataDriver\ShapeBaseDriver.py:55
init Children: 
2023-04-24 16:42:43,173 - DEBUG: File ShapeBaseDriver.py, in ShapeBaseDriver.myInit             
	File d:\2022-1\graduate_design\RedPanda\RedPanda\RPAF\DataDriver\ShapeBaseDriver.py:58
init Children: angle
2023-04-24 16:42:43,185 - DEBUG: File ShapeBaseDriver.py, in ShapeBaseDriver.myInit             
	File d:\2022-1\graduate_design\RedPanda\RedPanda\RPAF\DataDriver\ShapeBaseDriver.py:58
init Children: rotateAxis
2023-04-24 16:42:43,191 - DEBUG: File BaseDriver.py, in BaseDriver.myInit             
	File d:\2022-1\graduate_design\RedPanda\RedPanda\RPAF\DataDriver\BaseDriver.py:572
init Children: 
2023-04-24 16:42:43,223 - DEBUG: File ShapeBaseDriver.py, in ShapeBaseDriver.myInit             
	File d:\2022-1\graduate_design\RedPanda\RedPanda\RPAF\DataDriver\ShapeBaseDriver.py:58
init Children: position
2023-04-24 16:42:43,230 - DEBUG: File BaseDriver.py, in BaseDriver.myInit             
	File d:\2022-1\graduate_design\RedPanda\RedPanda\RPAF\DataDriver\BaseDriver.py:572
init Children: 
2023-04-24 16:42:50,171 - DEBUG: File BaseDriver.py, in BaseDriver.myInit             
	File d:\2022-1\graduate_design\RedPanda\RedPanda\RPAF\DataDriver\BaseDriver.py:572
init Children: 
2023-04-24 16:42:50,176 - DEBUG: File ShapeBaseDriver.py, in ShapeBaseDriver.myInit             
	File d:\2022-1\graduate_design\RedPanda\RedPanda\RPAF\DataDriver\ShapeBaseDriver.py:55
init Children: 
2023-04-24 16:42:50,178 - DEBUG: File ShapeBaseDriver.py, in ShapeBaseDriver.myInit             
	File d:\2022-1\graduate_design\RedPanda\RedPanda\RPAF\DataDriver\ShapeBaseDriver.py:58
init Children: angle
2023-04-24 16:42:50,188 - DEBUG: File ShapeBaseDriver.py, in ShapeBaseDriver.myInit             
	File d:\2022-1\graduate_design\RedPanda\RedPanda\RPAF\DataDriver\ShapeBaseDriver.py:58
init Children: rotateAxis
2023-04-24 16:42:50,194 - DEBUG: File BaseDriver.py, in BaseDriver.myInit             
	File d:\2022-1\graduate_design\RedPanda\RedPanda\RPAF\DataDriver\BaseDriver.py:572
init Children: 
2023-04-24 16:42:50,225 - DEBUG: File ShapeBaseDriver.py, in ShapeBaseDriver.myInit             
	File d:\2022-1\graduate_design\RedPanda\RedPanda\RPAF\DataDriver\ShapeBaseDriver.py:58
init Children: position
2023-04-24 16:42:50,231 - DEBUG: File BaseDriver.py, in BaseDriver.myInit             
	File d:\2022-1\graduate_design\RedPanda\RedPanda\RPAF\DataDriver\BaseDriver.py:572
init Children: 
2023-04-24 16:45:19,380 - DEBUG: File BaseDriver.py, in BaseDriver.myInit             
	File d:\2022-1\graduate_design\RedPanda\RedPanda\RPAF\DataDriver\BaseDriver.py:572
init Children: 
2023-04-24 16:45:19,387 - DEBUG: File ShapeBaseDriver.py, in ShapeBaseDriver.myInit             
	File d:\2022-1\graduate_design\RedPanda\RedPanda\RPAF\DataDriver\ShapeBaseDriver.py:55
init Children: 
2023-04-24 16:45:19,389 - DEBUG: File ShapeBaseDriver.py, in ShapeBaseDriver.myInit             
	File d:\2022-1\graduate_design\RedPanda\RedPanda\RPAF\DataDriver\ShapeBaseDriver.py:58
init Children: angle
2023-04-24 16:45:19,398 - DEBUG: File ShapeBaseDriver.py, in ShapeBaseDriver.myInit             
	File d:\2022-1\graduate_design\RedPanda\RedPanda\RPAF\DataDriver\ShapeBaseDriver.py:58
init Children: rotateAxis
2023-04-24 16:45:19,405 - DEBUG: File BaseDriver.py, in BaseDriver.myInit             
	File d:\2022-1\graduate_design\RedPanda\RedPanda\RPAF\DataDriver\BaseDriver.py:572
init Children: 
2023-04-24 16:45:19,437 - DEBUG: File ShapeBaseDriver.py, in ShapeBaseDriver.myInit             
	File d:\2022-1\graduate_design\RedPanda\RedPanda\RPAF\DataDriver\ShapeBaseDriver.py:58
init Children: position
2023-04-24 16:45:19,443 - DEBUG: File BaseDriver.py, in BaseDriver.myInit             
	File d:\2022-1\graduate_design\RedPanda\RedPanda\RPAF\DataDriver\BaseDriver.py:572
init Children: 
2023-04-24 16:47:28,321 - DEBUG: File BaseDriver.py, in BaseDriver.myInit             
	File d:\2022-1\graduate_design\RedPanda\RedPanda\RPAF\DataDriver\BaseDriver.py:574
init Children: 
2023-04-24 16:47:28,329 - DEBUG: File ShapeBaseDriver.py, in ShapeBaseDriver.myInit             
	File d:\2022-1\graduate_design\RedPanda\RedPanda\RPAF\DataDriver\ShapeBaseDriver.py:55
init Children: 
2023-04-24 16:47:28,331 - DEBUG: File ShapeBaseDriver.py, in ShapeBaseDriver.myInit             
	File d:\2022-1\graduate_design\RedPanda\RedPanda\RPAF\DataDriver\ShapeBaseDriver.py:58
init Children: angle
2023-04-24 16:47:28,347 - DEBUG: File ShapeBaseDriver.py, in ShapeBaseDriver.myInit             
	File d:\2022-1\graduate_design\RedPanda\RedPanda\RPAF\DataDriver\ShapeBaseDriver.py:58
init Children: rotateAxis
2023-04-24 16:47:28,357 - DEBUG: File BaseDriver.py, in BaseDriver.myInit             
	File d:\2022-1\graduate_design\RedPanda\RedPanda\RPAF\DataDriver\BaseDriver.py:574
init Children: 
2023-04-24 16:47:28,419 - DEBUG: File ShapeBaseDriver.py, in ShapeBaseDriver.myInit             
	File d:\2022-1\graduate_design\RedPanda\RedPanda\RPAF\DataDriver\ShapeBaseDriver.py:58
init Children: position
2023-04-24 16:47:28,430 - DEBUG: File BaseDriver.py, in BaseDriver.myInit             
	File d:\2022-1\graduate_design\RedPanda\RedPanda\RPAF\DataDriver\BaseDriver.py:574
init Children: 
2023-04-24 16:49:06,424 - DEBUG: File BaseDriver.py, in BaseDriver.myInit             
	File d:\2022-1\graduate_design\RedPanda\RedPanda\RPAF\DataDriver\BaseDriver.py:574
init Children: 
2023-04-24 16:49:06,433 - DEBUG: File ShapeBaseDriver.py, in ShapeBaseDriver.myInit             
	File d:\2022-1\graduate_design\RedPanda\RedPanda\RPAF\DataDriver\ShapeBaseDriver.py:55
init Children: 
2023-04-24 16:49:06,434 - DEBUG: File ShapeBaseDriver.py, in ShapeBaseDriver.myInit             
	File d:\2022-1\graduate_design\RedPanda\RedPanda\RPAF\DataDriver\ShapeBaseDriver.py:58
init Children: angle
2023-04-24 16:49:06,447 - DEBUG: File ShapeBaseDriver.py, in ShapeBaseDriver.myInit             
	File d:\2022-1\graduate_design\RedPanda\RedPanda\RPAF\DataDriver\ShapeBaseDriver.py:58
init Children: rotateAxis
2023-04-24 16:49:06,458 - DEBUG: File BaseDriver.py, in BaseDriver.myInit             
	File d:\2022-1\graduate_design\RedPanda\RedPanda\RPAF\DataDriver\BaseDriver.py:574
init Children: 
2023-04-24 16:49:06,516 - DEBUG: File ShapeBaseDriver.py, in ShapeBaseDriver.myInit             
	File d:\2022-1\graduate_design\RedPanda\RedPanda\RPAF\DataDriver\ShapeBaseDriver.py:58
init Children: position
2023-04-24 16:49:06,526 - DEBUG: File BaseDriver.py, in BaseDriver.myInit             
	File d:\2022-1\graduate_design\RedPanda\RedPanda\RPAF\DataDriver\BaseDriver.py:574
init Children: 
2023-04-24 16:55:33,259 - DEBUG: File BaseDriver.py, in BaseDriver.myInit             
	File d:\2022-1\graduate_design\RedPanda\RedPanda\RPAF\DataDriver\BaseDriver.py:577
init Children: 
2023-04-24 16:55:33,270 - DEBUG: File ShapeBaseDriver.py, in ShapeBaseDriver.myInit             
	File d:\2022-1\graduate_design\RedPanda\RedPanda\RPAF\DataDriver\ShapeBaseDriver.py:55
init Children: 
2023-04-24 16:55:33,272 - DEBUG: File ShapeBaseDriver.py, in ShapeBaseDriver.myInit             
	File d:\2022-1\graduate_design\RedPanda\RedPanda\RPAF\DataDriver\ShapeBaseDriver.py:58
init Children: angle
2023-04-24 16:55:33,286 - DEBUG: File ShapeBaseDriver.py, in ShapeBaseDriver.myInit             
	File d:\2022-1\graduate_design\RedPanda\RedPanda\RPAF\DataDriver\ShapeBaseDriver.py:58
init Children: rotateAxis
2023-04-24 16:55:33,299 - DEBUG: File BaseDriver.py, in BaseDriver.myInit             
	File d:\2022-1\graduate_design\RedPanda\RedPanda\RPAF\DataDriver\BaseDriver.py:577
init Children: 
2023-04-24 16:55:33,350 - DEBUG: File ShapeBaseDriver.py, in ShapeBaseDriver.myInit             
	File d:\2022-1\graduate_design\RedPanda\RedPanda\RPAF\DataDriver\ShapeBaseDriver.py:58
init Children: position
2023-04-24 16:55:33,359 - DEBUG: File BaseDriver.py, in BaseDriver.myInit             
	File d:\2022-1\graduate_design\RedPanda\RedPanda\RPAF\DataDriver\BaseDriver.py:577
init Children: 
2023-04-24 17:09:29,647 - DEBUG: File BaseDriver.py, in BaseDriver.myInit             
	File d:\2022-1\graduate_design\RedPanda\RedPanda\RPAF\DataDriver\BaseDriver.py:577
init Children: 
2023-04-24 17:09:29,658 - DEBUG: File ShapeBaseDriver.py, in ShapeBaseDriver.myInit             
	File d:\2022-1\graduate_design\RedPanda\RedPanda\RPAF\DataDriver\ShapeBaseDriver.py:55
init Children: 
2023-04-24 17:09:29,660 - DEBUG: File ShapeBaseDriver.py, in ShapeBaseDriver.myInit             
	File d:\2022-1\graduate_design\RedPanda\RedPanda\RPAF\DataDriver\ShapeBaseDriver.py:58
init Children: angle
2023-04-24 17:09:29,677 - DEBUG: File ShapeBaseDriver.py, in ShapeBaseDriver.myInit             
	File d:\2022-1\graduate_design\RedPanda\RedPanda\RPAF\DataDriver\ShapeBaseDriver.py:58
init Children: rotateAxis
2023-04-24 17:09:29,689 - DEBUG: File BaseDriver.py, in BaseDriver.myInit             
	File d:\2022-1\graduate_design\RedPanda\RedPanda\RPAF\DataDriver\BaseDriver.py:577
init Children: 
2023-04-24 17:09:29,761 - DEBUG: File ShapeBaseDriver.py, in ShapeBaseDriver.myInit             
	File d:\2022-1\graduate_design\RedPanda\RedPanda\RPAF\DataDriver\ShapeBaseDriver.py:58
init Children: position
2023-04-24 17:09:29,772 - DEBUG: File BaseDriver.py, in BaseDriver.myInit             
	File d:\2022-1\graduate_design\RedPanda\RedPanda\RPAF\DataDriver\BaseDriver.py:577
init Children: 
2023-04-24 17:11:21,434 - DEBUG: File BaseDriver.py, in BaseDriver.myInit             
	File d:\2022-1\graduate_design\RedPanda\RedPanda\RPAF\DataDriver\BaseDriver.py:577
init Children: 
2023-04-24 17:11:21,444 - DEBUG: File ShapeBaseDriver.py, in ShapeBaseDriver.myInit             
	File d:\2022-1\graduate_design\RedPanda\RedPanda\RPAF\DataDriver\ShapeBaseDriver.py:55
init Children: 
2023-04-24 17:11:21,445 - DEBUG: File ShapeBaseDriver.py, in ShapeBaseDriver.myInit             
	File d:\2022-1\graduate_design\RedPanda\RedPanda\RPAF\DataDriver\ShapeBaseDriver.py:58
init Children: angle
2023-04-24 17:11:21,458 - DEBUG: File ShapeBaseDriver.py, in ShapeBaseDriver.myInit             
	File d:\2022-1\graduate_design\RedPanda\RedPanda\RPAF\DataDriver\ShapeBaseDriver.py:58
init Children: rotateAxis
2023-04-24 17:11:21,470 - DEBUG: File BaseDriver.py, in BaseDriver.myInit             
	File d:\2022-1\graduate_design\RedPanda\RedPanda\RPAF\DataDriver\BaseDriver.py:577
init Children: 
2023-04-24 17:11:21,519 - DEBUG: File ShapeBaseDriver.py, in ShapeBaseDriver.myInit             
	File d:\2022-1\graduate_design\RedPanda\RedPanda\RPAF\DataDriver\ShapeBaseDriver.py:58
init Children: position
2023-04-24 17:11:21,530 - DEBUG: File BaseDriver.py, in BaseDriver.myInit             
	File d:\2022-1\graduate_design\RedPanda\RedPanda\RPAF\DataDriver\BaseDriver.py:577
init Children: 
2023-04-24 20:02:53,286 - DEBUG: File BaseDriver.py, in BaseDriver.myInit             
	File d:\2022-1\graduate_design\RedPanda\RedPanda\RPAF\DataDriver\BaseDriver.py:573
init Children: 
2023-04-24 20:02:53,322 - DEBUG: File ShapeBaseDriver.py, in ShapeBaseDriver.myInit             
	File d:\2022-1\graduate_design\RedPanda\RedPanda\RPAF\DataDriver\ShapeBaseDriver.py:55
init Children: 
2023-04-24 20:02:53,324 - DEBUG: File ShapeBaseDriver.py, in ShapeBaseDriver.myInit             
	File d:\2022-1\graduate_design\RedPanda\RedPanda\RPAF\DataDriver\ShapeBaseDriver.py:58
init Children: angle
2023-04-24 20:02:53,358 - DEBUG: File ShapeBaseDriver.py, in ShapeBaseDriver.myInit             
	File d:\2022-1\graduate_design\RedPanda\RedPanda\RPAF\DataDriver\ShapeBaseDriver.py:58
init Children: rotateAxis
2023-04-24 20:02:53,368 - DEBUG: File BaseDriver.py, in BaseDriver.myInit             
	File d:\2022-1\graduate_design\RedPanda\RedPanda\RPAF\DataDriver\BaseDriver.py:573
init Children: 
2023-04-24 20:02:53,424 - DEBUG: File ShapeBaseDriver.py, in ShapeBaseDriver.myInit             
	File d:\2022-1\graduate_design\RedPanda\RedPanda\RPAF\DataDriver\ShapeBaseDriver.py:58
init Children: position
2023-04-24 20:02:53,437 - DEBUG: File BaseDriver.py, in BaseDriver.myInit             
	File d:\2022-1\graduate_design\RedPanda\RedPanda\RPAF\DataDriver\BaseDriver.py:573
init Children: 
2023-04-24 20:03:42,809 - DEBUG: File BaseDriver.py, in BaseDriver.myInit             
	File d:\2022-1\graduate_design\RedPanda\RedPanda\RPAF\DataDriver\BaseDriver.py:573
init Children: 
2023-04-24 20:03:42,826 - DEBUG: File ShapeBaseDriver.py, in ShapeBaseDriver.myInit             
	File d:\2022-1\graduate_design\RedPanda\RedPanda\RPAF\DataDriver\ShapeBaseDriver.py:55
init Children: 
2023-04-24 20:03:42,865 - DEBUG: File ShapeBaseDriver.py, in ShapeBaseDriver.myInit             
	File d:\2022-1\graduate_design\RedPanda\RedPanda\RPAF\DataDriver\ShapeBaseDriver.py:58
init Children: angle
2023-04-24 20:03:42,891 - DEBUG: File ShapeBaseDriver.py, in ShapeBaseDriver.myInit             
	File d:\2022-1\graduate_design\RedPanda\RedPanda\RPAF\DataDriver\ShapeBaseDriver.py:58
init Children: rotateAxis
2023-04-24 20:03:42,912 - DEBUG: File BaseDriver.py, in BaseDriver.myInit             
	File d:\2022-1\graduate_design\RedPanda\RedPanda\RPAF\DataDriver\BaseDriver.py:573
init Children: 
2023-04-24 20:03:43,039 - DEBUG: File ShapeBaseDriver.py, in ShapeBaseDriver.myInit             
	File d:\2022-1\graduate_design\RedPanda\RedPanda\RPAF\DataDriver\ShapeBaseDriver.py:58
init Children: position
2023-04-24 20:03:43,059 - DEBUG: File BaseDriver.py, in BaseDriver.myInit             
	File d:\2022-1\graduate_design\RedPanda\RedPanda\RPAF\DataDriver\BaseDriver.py:573
init Children: 
2023-04-24 20:04:02,740 - DEBUG: File BaseDriver.py, in BaseDriver.myInit             
	File d:\2022-1\graduate_design\RedPanda\RedPanda\RPAF\DataDriver\BaseDriver.py:573
init Children: 
2023-04-24 20:04:02,776 - DEBUG: File ShapeBaseDriver.py, in ShapeBaseDriver.myInit             
	File d:\2022-1\graduate_design\RedPanda\RedPanda\RPAF\DataDriver\ShapeBaseDriver.py:55
init Children: 
2023-04-24 20:04:02,788 - DEBUG: File ShapeBaseDriver.py, in ShapeBaseDriver.myInit             
	File d:\2022-1\graduate_design\RedPanda\RedPanda\RPAF\DataDriver\ShapeBaseDriver.py:58
init Children: angle
2023-04-24 20:04:02,858 - DEBUG: File ShapeBaseDriver.py, in ShapeBaseDriver.myInit             
	File d:\2022-1\graduate_design\RedPanda\RedPanda\RPAF\DataDriver\ShapeBaseDriver.py:58
init Children: rotateAxis
2023-04-24 20:04:02,888 - DEBUG: File BaseDriver.py, in BaseDriver.myInit             
	File d:\2022-1\graduate_design\RedPanda\RedPanda\RPAF\DataDriver\BaseDriver.py:573
init Children: 
2023-04-24 20:04:03,011 - DEBUG: File ShapeBaseDriver.py, in ShapeBaseDriver.myInit             
	File d:\2022-1\graduate_design\RedPanda\RedPanda\RPAF\DataDriver\ShapeBaseDriver.py:58
init Children: position
2023-04-24 20:04:03,021 - DEBUG: File BaseDriver.py, in BaseDriver.myInit             
	File d:\2022-1\graduate_design\RedPanda\RedPanda\RPAF\DataDriver\BaseDriver.py:573
init Children: 
2023-04-24 20:05:07,491 - DEBUG: File BaseDriver.py, in BaseDriver.myInit             
	File d:\2022-1\graduate_design\RedPanda\RedPanda\RPAF\DataDriver\BaseDriver.py:573
init Children: 
2023-04-24 20:05:07,530 - DEBUG: File ShapeBaseDriver.py, in ShapeBaseDriver.myInit             
	File d:\2022-1\graduate_design\RedPanda\RedPanda\RPAF\DataDriver\ShapeBaseDriver.py:55
init Children: 
2023-04-24 20:05:07,534 - DEBUG: File ShapeBaseDriver.py, in ShapeBaseDriver.myInit             
	File d:\2022-1\graduate_design\RedPanda\RedPanda\RPAF\DataDriver\ShapeBaseDriver.py:58
init Children: angle
2023-04-24 20:05:07,590 - DEBUG: File ShapeBaseDriver.py, in ShapeBaseDriver.myInit             
	File d:\2022-1\graduate_design\RedPanda\RedPanda\RPAF\DataDriver\ShapeBaseDriver.py:58
init Children: rotateAxis
2023-04-24 20:05:07,617 - DEBUG: File BaseDriver.py, in BaseDriver.myInit             
	File d:\2022-1\graduate_design\RedPanda\RedPanda\RPAF\DataDriver\BaseDriver.py:573
init Children: 
2023-04-24 20:05:07,885 - DEBUG: File ShapeBaseDriver.py, in ShapeBaseDriver.myInit             
	File d:\2022-1\graduate_design\RedPanda\RedPanda\RPAF\DataDriver\ShapeBaseDriver.py:58
init Children: position
2023-04-24 20:05:07,954 - DEBUG: File BaseDriver.py, in BaseDriver.myInit             
	File d:\2022-1\graduate_design\RedPanda\RedPanda\RPAF\DataDriver\BaseDriver.py:573
init Children: 
