2023-04-30 00:59:43,844 - DEBUG: File PrimDriver.py, in PrimDriver.myExecute             
	File D:\2022-1\graduate_design\RedPanda\RedPanda\RPAF\DataDriver\PrimDriver.py:67
Execute Box, argu:{'transform': < gp_Trsf:
 1.000, 0.000, 0.000, 0.000
 0.000, 1.000, 0.000, 0.000
 0.000, 0.000, 1.000, 0.000 >, 'l': 0.0, 'h': 0.0, 'w': 0.0}s
2023-04-30 00:59:48,072 - DEBUG: File PrimDriver.py, in PrimDriver.myExecute             
	File D:\2022-1\graduate_design\RedPanda\RedPanda\RPAF\DataDriver\PrimDriver.py:67
Execute Box, argu:{'transform': < gp_Trsf:
 1.000, 0.000, 0.000, 0.000
 0.000, 1.000, 0.000, 0.000
 0.000, 0.000, 1.000, 0.000 >, 'l': 3.0, 'h': 0.0, 'w': 0.0}s
2023-04-30 00:59:49,334 - DEBUG: File PrimDriver.py, in PrimDriver.myExecute             
	File D:\2022-1\graduate_design\RedPanda\RedPanda\RPAF\DataDriver\PrimDriver.py:67
Execute Box, argu:{'transform': < gp_Trsf:
 1.000, 0.000, 0.000, 0.000
 0.000, 1.000, 0.000, 0.000
 0.000, 0.000, 1.000, 0.000 >, 'l': 3.0, 'h': 0.0, 'w': 0.0}s
2023-04-30 00:59:50,273 - DEBUG: File PrimDriver.py, in PrimDriver.myExecute             
	File D:\2022-1\graduate_design\RedPanda\RedPanda\RPAF\DataDriver\PrimDriver.py:67
Execute Box, argu:{'transform': < gp_Trsf:
 1.000, 0.000, 0.000, 0.000
 0.000, 1.000, 0.000, 0.000
 0.000, 0.000, 1.000, 0.000 >, 'l': 3.0, 'h': 0.0, 'w': 4.0}s
2023-04-30 00:59:51,781 - DEBUG: File PrimDriver.py, in PrimDriver.myExecute             
	File D:\2022-1\graduate_design\RedPanda\RedPanda\RPAF\DataDriver\PrimDriver.py:67
Execute Box, argu:{'transform': < gp_Trsf:
 1.000, 0.000, 0.000, 0.000
 0.000, 1.000, 0.000, 0.000
 0.000, 0.000, 1.000, 0.000 >, 'l': 3.0, 'h': 2.0, 'w': 4.0}s
2023-04-30 00:59:56,990 - DEBUG: File PrimDriver.py, in PrimDriver.myExecute             
	File D:\2022-1\graduate_design\RedPanda\RedPanda\RPAF\DataDriver\PrimDriver.py:67
Execute Box, argu:{'transform': < gp_Trsf:
 1.000, 0.000, 0.000, 0.000
 0.000, 1.000, 0.000, 0.000
 0.000, 0.000, 1.000, 0.000 >, 'l': 3.0, 'h': 3.0, 'w': 4.0}s
