2023-03-24 17:57:28,641 - DEBUG: File main.py, in main.<module>             
	File D:\2022-1\graduate_design\RedPanda\main.py:208
Application Start
2023-03-24 17:58:35,137 - DEBUG: File main.py, in main.<module>             
	File D:\2022-1\graduate_design\RedPanda\main.py:208
Application Start
2023-03-24 17:58:48,849 - DEBUG: File main.py, in main.<module>             
	File D:\2022-1\graduate_design\RedPanda\main.py:208
Application Start
2023-03-24 17:58:49,610 - DEBUG: File AlgoDriver.py, in AlgoDriver.__init__             
	File D:\2022-1\graduate_design\RedPanda\RedPanda\RDAF\DataDriver\AlgoDriver.py:33
end init 22d22e55-abca-11d4-8f1a-0060b0ee18e8
2023-03-24 17:59:20,492 - DEBUG: File main.py, in main.<module>             
	File D:\2022-1\graduate_design\RedPanda\main.py:208
Application Start
2023-03-24 17:59:21,226 - DEBUG: File AlgoDriver.py, in AlgoDriver.__init__             
	File D:\2022-1\graduate_design\RedPanda\RedPanda\RDAF\DataDriver\AlgoDriver.py:33
end init 22d22e55-abca-11d4-8f1a-0060b0ee18e8
2023-03-24 18:48:14,827 - DEBUG: File main.py, in main.<module>             
	File D:\2022-1\graduate_design\RedPanda\main.py:208
Application Start
2023-03-24 18:48:15,584 - DEBUG: File AlgoDriver.py, in AlgoDriver.__init__             
	File D:\2022-1\graduate_design\RedPanda\RedPanda\RDAF\DataDriver\AlgoDriver.py:33
end init 22d22e55-abca-11d4-8f1a-0060b0ee18e8
2023-03-24 18:54:06,747 - DEBUG: File main.py, in main.<module>             
	File D:\2022-1\graduate_design\RedPanda\main.py:206
Application Start
2023-03-24 18:54:07,496 - DEBUG: File AlgoDriver.py, in AlgoDriver.__init__             
	File D:\2022-1\graduate_design\RedPanda\RedPanda\RPAF\DataDriver\AlgoDriver.py:33
end init 22d22e55-abca-11d4-8f1a-0060b0ee18e8
2023-03-24 23:56:01,426 - DEBUG: File main.py, in main.<module>             
	File D:\2022-1\graduate_design\RedPanda\main.py:206
Application Start
2023-03-24 23:56:06,651 - DEBUG: File AlgoDriver.py, in AlgoDriver.__init__             
	File D:\2022-1\graduate_design\RedPanda\RedPanda\RPAF\DataDriver\AlgoDriver.py:33
end init 22d22e55-abca-11d4-8f1a-0060b0ee18e8
2023-03-24 23:57:06,711 - DEBUG: File main.py, in main.<module>             
	File D:\2022-1\graduate_design\RedPanda\main.py:206
Application Start
2023-03-24 23:57:08,796 - DEBUG: File AlgoDriver.py, in AlgoDriver.__init__             
	File D:\2022-1\graduate_design\RedPanda\RedPanda\RPAF\DataDriver\AlgoDriver.py:33
end init 22d22e55-abca-11d4-8f1a-0060b0ee18e8
