2023-03-17 00:54:35,270 - DEBUG: File main.py, in main.<module>             
	File D:\2022-1\graduate_design\codes\qt_view\software_base\main.py line 202
Application Start
2023-03-17 00:54:37,543 - DEBUG: File Sym_AlgoDriver.py, in Sym_AlgoDriver.__init__             
	File D:\2022-1\graduate_design\codes\qt_view\software_base\utils\Driver\Sym_AlgoDriver.py line 28
before init 22d22e55-abca-11d4-8f1a-0060b0ee18e8
2023-03-17 00:54:37,546 - DEBUG: File Sym_AlgoDriver.py, in Sym_AlgoDriver.__init__             
	File D:\2022-1\graduate_design\codes\qt_view\software_base\utils\Driver\Sym_AlgoDriver.py line 30
end init 22d22e55-abca-11d4-8f1a-0060b0ee18e8
2023-03-17 00:56:31,357 - DEBUG: File main.py, in main.<module>             
	File D:\2022-1\graduate_design\codes\qt_view\software_base\main.py line 202
Application Start
2023-03-17 00:56:32,308 - DEBUG: File Sym_AlgoDriver.py, in Sym_AlgoDriver.__init__             
	File D:\2022-1\graduate_design\codes\qt_view\software_base\utils\Driver\Sym_AlgoDriver.py line 28
before init 22d22e55-abca-11d4-8f1a-0060b0ee18e8
2023-03-17 00:56:32,313 - DEBUG: File Sym_AlgoDriver.py, in Sym_AlgoDriver.__init__             
	File D:\2022-1\graduate_design\codes\qt_view\software_base\utils\Driver\Sym_AlgoDriver.py line 30
end init 22d22e55-abca-11d4-8f1a-0060b0ee18e8
2023-03-17 00:59:15,205 - DEBUG: File main.py, in main.<module>             
	File D:\2022-1\graduate_design\codes\qt_view\software_base\main.py line 202
Application Start
2023-03-17 00:59:16,059 - DEBUG: File Sym_AlgoDriver.py, in Sym_AlgoDriver.__init__             
	File D:\2022-1\graduate_design\codes\qt_view\software_base\utils\Driver\Sym_AlgoDriver.py line 28
before init 22d22e55-abca-11d4-8f1a-0060b0ee18e8
2023-03-17 00:59:16,063 - DEBUG: File Sym_AlgoDriver.py, in Sym_AlgoDriver.__init__             
	File D:\2022-1\graduate_design\codes\qt_view\software_base\utils\Driver\Sym_AlgoDriver.py line 30
end init 22d22e55-abca-11d4-8f1a-0060b0ee18e8
2023-03-17 01:02:34,086 - DEBUG: File main.py, in main.<module>             
	File D:\2022-1\graduate_design\codes\qt_view\software_base\main.py line 202
Application Start
2023-03-17 01:02:34,973 - DEBUG: File Sym_AlgoDriver.py, in Sym_AlgoDriver.__init__             
	File D:\2022-1\graduate_design\codes\qt_view\software_base\utils\Driver\Sym_AlgoDriver.py line 28
before init 22d22e55-abca-11d4-8f1a-0060b0ee18e8
2023-03-17 01:02:34,976 - DEBUG: File Sym_AlgoDriver.py, in Sym_AlgoDriver.__init__             
	File D:\2022-1\graduate_design\codes\qt_view\software_base\utils\Driver\Sym_AlgoDriver.py line 30
end init 22d22e55-abca-11d4-8f1a-0060b0ee18e8
2023-03-17 01:02:47,068 - DEBUG: File Sym_ShapeDriver.py, in Sym_ShapeDriver.GetValue             
	File D:\2022-1\graduate_design\codes\qt_view\software_base\utils\Driver\Sym_ShapeDriver.py line 101
Entry:0:1:1:1 get Trsf:"className": "TopLoc_Location", "Transformation": {"Location": [0, 0, 0], "Matrix": [1, 0, 0, 0, 1, 0, 0, 0, 1], "shape": 7, "scale": 1}, "IsIdentity": 0
2023-03-17 01:02:47,128 - DEBUG: File Logic_Application.py, in Logic_Application.UpdateCurrentViewer             
	File D:\2022-1\graduate_design\codes\qt_view\software_base\widgets\Logic_Application.py line 169
Run:shape
2023-03-17 01:03:04,844 - DEBUG: File Sym_ShapeDriver.py, in Sym_ShapeDriver.GetValue             
	File D:\2022-1\graduate_design\codes\qt_view\software_base\utils\Driver\Sym_ShapeDriver.py line 101
Entry:0:1:2:1 get Trsf:"className": "TopLoc_Location", "Transformation": {"Location": [2, 1, 0], "Matrix": [1, 0, 0, 0, 1, 0, 0, 0, 1], "shape": 7, "scale": 1}, "IsIdentity": 0
2023-03-17 01:03:04,863 - DEBUG: File Logic_Application.py, in Logic_Application.UpdateCurrentViewer             
	File D:\2022-1\graduate_design\codes\qt_view\software_base\widgets\Logic_Application.py line 169
Run:shape
2023-03-17 01:03:04,865 - DEBUG: File Logic_Application.py, in Logic_Application.UpdateCurrentViewer             
	File D:\2022-1\graduate_design\codes\qt_view\software_base\widgets\Logic_Application.py line 169
Run:shape2
2023-03-17 01:03:12,660 - DEBUG: File Sym_AlgoDriver.py, in Sym_AlgoDriver.__init__             
	File D:\2022-1\graduate_design\codes\qt_view\software_base\utils\Driver\Sym_AlgoDriver.py line 28
before init 22d22e55-abca-11d4-8f1a-0060b0ee18e8
2023-03-17 01:03:12,662 - DEBUG: File Sym_AlgoDriver.py, in Sym_AlgoDriver.__init__             
	File D:\2022-1\graduate_design\codes\qt_view\software_base\utils\Driver\Sym_AlgoDriver.py line 30
end init 22d22e55-abca-11d4-8f1a-0060b0ee18e8
2023-03-17 01:03:39,771 - DEBUG: File Logic_Application.py, in Logic_Application.UpdateCurrentViewer             
	File D:\2022-1\graduate_design\codes\qt_view\software_base\widgets\Logic_Application.py line 169
Run:shape
2023-03-17 01:03:39,777 - DEBUG: File Logic_Application.py, in Logic_Application.UpdateCurrentViewer             
	File D:\2022-1\graduate_design\codes\qt_view\software_base\widgets\Logic_Application.py line 169
Run:shape2
2023-03-17 01:03:39,787 - DEBUG: File Logic_Application.py, in Logic_Application.UpdateCurrentViewer             
	File D:\2022-1\graduate_design\codes\qt_view\software_base\widgets\Logic_Application.py line 169
Run:shape2
2023-03-17 02:00:18,143 - DEBUG: File main.py, in main.<module>             
	File D:\2022-1\graduate_design\codes\qt_view\software_base\main.py line 205
Application Start
2023-03-17 02:00:20,039 - DEBUG: File Sym_AlgoDriver.py, in Sym_AlgoDriver.__init__             
	File D:\2022-1\graduate_design\codes\qt_view\software_base\utils\Driver\Sym_AlgoDriver.py line 28
before init 22d22e55-abca-11d4-8f1a-0060b0ee18e8
2023-03-17 02:00:20,043 - DEBUG: File Sym_AlgoDriver.py, in Sym_AlgoDriver.__init__             
	File D:\2022-1\graduate_design\codes\qt_view\software_base\utils\Driver\Sym_AlgoDriver.py line 30
end init 22d22e55-abca-11d4-8f1a-0060b0ee18e8
2023-03-17 02:03:55,323 - DEBUG: File main.py, in main.<module>             
	File D:\2022-1\graduate_design\codes\qt_view\software_base\main.py line 205
Application Start
2023-03-17 02:03:56,219 - DEBUG: File Sym_AlgoDriver.py, in Sym_AlgoDriver.__init__             
	File D:\2022-1\graduate_design\codes\qt_view\software_base\utils\Driver\Sym_AlgoDriver.py line 28
before init 22d22e55-abca-11d4-8f1a-0060b0ee18e8
2023-03-17 02:03:56,222 - DEBUG: File Sym_AlgoDriver.py, in Sym_AlgoDriver.__init__             
	File D:\2022-1\graduate_design\codes\qt_view\software_base\utils\Driver\Sym_AlgoDriver.py line 30
end init 22d22e55-abca-11d4-8f1a-0060b0ee18e8
2023-03-17 02:04:04,980 - DEBUG: File Sym_DataDriver.py, in Sym_DataDriver.GetValue             
	File D:\2022-1\graduate_design\codes\qt_view\software_base\utils\Driver\Sym_DataDriver.py line 106
type:<class 'NoneType'>
2023-03-17 02:07:35,681 - DEBUG: File main.py, in main.<module>             
	File D:\2022-1\graduate_design\codes\qt_view\software_base\main.py line 205
Application Start
2023-03-17 02:07:36,487 - DEBUG: File Sym_AlgoDriver.py, in Sym_AlgoDriver.__init__             
	File D:\2022-1\graduate_design\codes\qt_view\software_base\utils\Driver\Sym_AlgoDriver.py line 28
before init 22d22e55-abca-11d4-8f1a-0060b0ee18e8
2023-03-17 02:07:36,490 - DEBUG: File Sym_AlgoDriver.py, in Sym_AlgoDriver.__init__             
	File D:\2022-1\graduate_design\codes\qt_view\software_base\utils\Driver\Sym_AlgoDriver.py line 30
end init 22d22e55-abca-11d4-8f1a-0060b0ee18e8
2023-03-17 02:07:42,861 - DEBUG: File Sym_DataDriver.py, in Sym_DataDriver.GetValue             
	File D:\2022-1\graduate_design\codes\qt_view\software_base\utils\Driver\Sym_DataDriver.py line 107
type:<class 'int'>
2023-03-17 02:10:31,734 - DEBUG: File main.py, in main.<module>             
	File D:\2022-1\graduate_design\codes\qt_view\software_base\main.py line 205
Application Start
2023-03-17 02:10:32,688 - DEBUG: File Sym_AlgoDriver.py, in Sym_AlgoDriver.__init__             
	File D:\2022-1\graduate_design\codes\qt_view\software_base\utils\Driver\Sym_AlgoDriver.py line 28
before init 22d22e55-abca-11d4-8f1a-0060b0ee18e8
2023-03-17 02:10:32,690 - DEBUG: File Sym_AlgoDriver.py, in Sym_AlgoDriver.__init__             
	File D:\2022-1\graduate_design\codes\qt_view\software_base\utils\Driver\Sym_AlgoDriver.py line 30
end init 22d22e55-abca-11d4-8f1a-0060b0ee18e8
2023-03-17 02:10:45,009 - DEBUG: File Logic_Application.py, in Logic_Application.UpdateCurrentViewer             
	File D:\2022-1\graduate_design\codes\qt_view\software_base\widgets\Logic_Application.py line 169
Run:shape
2023-03-17 02:12:02,573 - DEBUG: File Logic_Application.py, in Logic_Application.UpdateCurrentViewer             
	File D:\2022-1\graduate_design\codes\qt_view\software_base\widgets\Logic_Application.py line 169
Run:shape
2023-03-17 02:12:02,575 - DEBUG: File Logic_Application.py, in Logic_Application.UpdateCurrentViewer             
	File D:\2022-1\graduate_design\codes\qt_view\software_base\widgets\Logic_Application.py line 169
Run:shape
2023-03-17 02:16:13,011 - DEBUG: File main.py, in main.<module>             
	File D:\2022-1\graduate_design\codes\qt_view\software_base\main.py line 205
Application Start
2023-03-17 02:16:13,750 - DEBUG: File Sym_AlgoDriver.py, in Sym_AlgoDriver.__init__             
	File D:\2022-1\graduate_design\codes\qt_view\software_base\utils\Driver\Sym_AlgoDriver.py line 28
before init 22d22e55-abca-11d4-8f1a-0060b0ee18e8
2023-03-17 02:16:13,753 - DEBUG: File Sym_AlgoDriver.py, in Sym_AlgoDriver.__init__             
	File D:\2022-1\graduate_design\codes\qt_view\software_base\utils\Driver\Sym_AlgoDriver.py line 30
end init 22d22e55-abca-11d4-8f1a-0060b0ee18e8
2023-03-17 02:16:50,168 - DEBUG: File Logic_Application.py, in Logic_Application.UpdateCurrentViewer             
	File D:\2022-1\graduate_design\codes\qt_view\software_base\widgets\Logic_Application.py line 169
Run:shape
2023-03-17 02:20:52,344 - DEBUG: File main.py, in main.<module>             
	File D:\2022-1\graduate_design\codes\qt_view\software_base\main.py line 205
Application Start
2023-03-17 02:20:53,222 - DEBUG: File Sym_AlgoDriver.py, in Sym_AlgoDriver.__init__             
	File D:\2022-1\graduate_design\codes\qt_view\software_base\utils\Driver\Sym_AlgoDriver.py line 28
before init 22d22e55-abca-11d4-8f1a-0060b0ee18e8
2023-03-17 02:20:53,225 - DEBUG: File Sym_AlgoDriver.py, in Sym_AlgoDriver.__init__             
	File D:\2022-1\graduate_design\codes\qt_view\software_base\utils\Driver\Sym_AlgoDriver.py line 30
end init 22d22e55-abca-11d4-8f1a-0060b0ee18e8
2023-03-17 02:21:26,694 - DEBUG: File Logic_Application.py, in Logic_Application.UpdateCurrentViewer             
	File D:\2022-1\graduate_design\codes\qt_view\software_base\widgets\Logic_Application.py line 169
Run:shape
2023-03-17 02:25:26,531 - DEBUG: File main.py, in main.<module>             
	File D:\2022-1\graduate_design\codes\qt_view\software_base\main.py line 205
Application Start
2023-03-17 02:25:27,416 - DEBUG: File Sym_AlgoDriver.py, in Sym_AlgoDriver.__init__             
	File D:\2022-1\graduate_design\codes\qt_view\software_base\utils\Driver\Sym_AlgoDriver.py line 28
before init 22d22e55-abca-11d4-8f1a-0060b0ee18e8
2023-03-17 02:25:27,418 - DEBUG: File Sym_AlgoDriver.py, in Sym_AlgoDriver.__init__             
	File D:\2022-1\graduate_design\codes\qt_view\software_base\utils\Driver\Sym_AlgoDriver.py line 30
end init 22d22e55-abca-11d4-8f1a-0060b0ee18e8
2023-03-17 02:25:58,035 - DEBUG: File Logic_Application.py, in Logic_Application.UpdateCurrentViewer             
	File D:\2022-1\graduate_design\codes\qt_view\software_base\widgets\Logic_Application.py line 169
Run:shape
2023-03-17 02:29:12,045 - DEBUG: File main.py, in main.<module>             
	File D:\2022-1\graduate_design\codes\qt_view\software_base\main.py line 205
Application Start
2023-03-17 02:29:12,817 - DEBUG: File Sym_AlgoDriver.py, in Sym_AlgoDriver.__init__             
	File D:\2022-1\graduate_design\codes\qt_view\software_base\utils\Driver\Sym_AlgoDriver.py line 28
before init 22d22e55-abca-11d4-8f1a-0060b0ee18e8
2023-03-17 02:29:12,819 - DEBUG: File Sym_AlgoDriver.py, in Sym_AlgoDriver.__init__             
	File D:\2022-1\graduate_design\codes\qt_view\software_base\utils\Driver\Sym_AlgoDriver.py line 30
end init 22d22e55-abca-11d4-8f1a-0060b0ee18e8
2023-03-17 02:29:51,213 - DEBUG: File Logic_Application.py, in Logic_Application.UpdateCurrentViewer             
	File D:\2022-1\graduate_design\codes\qt_view\software_base\widgets\Logic_Application.py line 169
Run:shape
2023-03-17 02:30:18,542 - DEBUG: File Sym_ShapeDriver.py, in Sym_ShapeDriver.GetValue             
	File D:\2022-1\graduate_design\codes\qt_view\software_base\utils\Driver\Sym_ShapeDriver.py line 101
Entry:0:1:2:1 get Trsf:"className": "TopLoc_Location", "Transformation": {"Location": [0, 0, 0], "Matrix": [1, 0, 0, 0, 1, 0, 0, 0, 1], "shape": 7, "scale": 1}, "IsIdentity": 0
2023-03-17 02:30:18,617 - DEBUG: File Logic_Application.py, in Logic_Application.UpdateCurrentViewer             
	File D:\2022-1\graduate_design\codes\qt_view\software_base\widgets\Logic_Application.py line 169
Run:shape
2023-03-17 02:30:18,620 - DEBUG: File Logic_Application.py, in Logic_Application.UpdateCurrentViewer             
	File D:\2022-1\graduate_design\codes\qt_view\software_base\widgets\Logic_Application.py line 169
Run:shape
2023-03-17 02:48:16,320 - DEBUG: File main.py, in main.<module>             
	File D:\2022-1\graduate_design\codes\qt_view\software_base\main.py line 205
Application Start
2023-03-17 02:48:17,081 - DEBUG: File Sym_AlgoDriver.py, in Sym_AlgoDriver.__init__             
	File D:\2022-1\graduate_design\codes\qt_view\software_base\utils\Driver\Sym_AlgoDriver.py line 28
before init 22d22e55-abca-11d4-8f1a-0060b0ee18e8
2023-03-17 02:48:17,084 - DEBUG: File Sym_AlgoDriver.py, in Sym_AlgoDriver.__init__             
	File D:\2022-1\graduate_design\codes\qt_view\software_base\utils\Driver\Sym_AlgoDriver.py line 30
end init 22d22e55-abca-11d4-8f1a-0060b0ee18e8
2023-03-17 02:48:46,001 - DEBUG: File Logic_Application.py, in Logic_Application.UpdateCurrentViewer             
	File D:\2022-1\graduate_design\codes\qt_view\software_base\widgets\Logic_Application.py line 169
Run:shape
2023-03-17 02:51:23,488 - DEBUG: File main.py, in main.<module>             
	File D:\2022-1\graduate_design\codes\qt_view\software_base\main.py line 205
Application Start
2023-03-17 02:51:24,249 - DEBUG: File Sym_AlgoDriver.py, in Sym_AlgoDriver.__init__             
	File D:\2022-1\graduate_design\codes\qt_view\software_base\utils\Driver\Sym_AlgoDriver.py line 28
before init 22d22e55-abca-11d4-8f1a-0060b0ee18e8
2023-03-17 02:51:24,251 - DEBUG: File Sym_AlgoDriver.py, in Sym_AlgoDriver.__init__             
	File D:\2022-1\graduate_design\codes\qt_view\software_base\utils\Driver\Sym_AlgoDriver.py line 30
end init 22d22e55-abca-11d4-8f1a-0060b0ee18e8
2023-03-17 02:52:43,878 - DEBUG: File Sym_GeomDriver.py, in Sym_GeomDriver.Execute             
	File D:\2022-1\graduate_design\codes\qt_view\software_base\utils\Driver\Sym_GeomDriver.py line 49
Entry:0:1:1 Excute bezier
2023-03-17 02:52:43,891 - DEBUG: File Sym_DataDriver.py, in Sym_DataDriver.GetValue             
	File D:\2022-1\graduate_design\codes\qt_view\software_base\utils\Driver\Sym_DataDriver.py line 117
Return array<OCC.Core.TColgp.TColgp_Array1OfPnt; proxy of <Swig Object of type 'TColgp_Array1OfPnt *' at 0x00000229A49CFC60> >
2023-03-17 02:52:43,894 - DEBUG: File Sym_GeomDriver.py, in Sym_GeomDriver.Execute             
	File D:\2022-1\graduate_design\codes\qt_view\software_base\utils\Driver\Sym_GeomDriver.py line 58
Entry:0:1:1 Excute bezier
2023-03-17 02:52:43,902 - DEBUG: File Sym_GeomDriver.py, in Sym_GeomDriver.Execute             
	File D:\2022-1\graduate_design\codes\qt_view\software_base\utils\Driver\Sym_GeomDriver.py line 61
Entry:0:1:1 Excute bezier
2023-03-17 02:53:05,283 - DEBUG: File main.py, in main.<module>             
	File D:\2022-1\graduate_design\codes\qt_view\software_base\main.py line 205
Application Start
2023-03-17 02:53:06,184 - DEBUG: File Sym_AlgoDriver.py, in Sym_AlgoDriver.__init__             
	File D:\2022-1\graduate_design\codes\qt_view\software_base\utils\Driver\Sym_AlgoDriver.py line 28
before init 22d22e55-abca-11d4-8f1a-0060b0ee18e8
2023-03-17 02:53:06,186 - DEBUG: File Sym_AlgoDriver.py, in Sym_AlgoDriver.__init__             
	File D:\2022-1\graduate_design\codes\qt_view\software_base\utils\Driver\Sym_AlgoDriver.py line 30
end init 22d22e55-abca-11d4-8f1a-0060b0ee18e8
2023-03-17 02:54:25,154 - DEBUG: File Sym_GeomDriver.py, in Sym_GeomDriver.Execute             
	File D:\2022-1\graduate_design\codes\qt_view\software_base\utils\Driver\Sym_GeomDriver.py line 49
Entry:0:1:1 Excute bezier
2023-03-17 02:54:25,168 - DEBUG: File Sym_DataDriver.py, in Sym_DataDriver.GetValue             
	File D:\2022-1\graduate_design\codes\qt_view\software_base\utils\Driver\Sym_DataDriver.py line 117
Return array<OCC.Core.TColgp.TColgp_Array1OfPnt; proxy of <Swig Object of type 'TColgp_Array1OfPnt *' at 0x000002222EE250C0> >
2023-03-17 02:54:25,170 - DEBUG: File Sym_GeomDriver.py, in Sym_GeomDriver.Execute             
	File D:\2022-1\graduate_design\codes\qt_view\software_base\utils\Driver\Sym_GeomDriver.py line 58
Entry:0:1:1 Excute bezier
2023-03-17 02:54:25,172 - DEBUG: File Sym_GeomDriver.py, in Sym_GeomDriver.Execute             
	File D:\2022-1\graduate_design\codes\qt_view\software_base\utils\Driver\Sym_GeomDriver.py line 61
Entry:0:1:1 Excute bezier
2023-03-17 02:54:25,176 - DEBUG: File Logic_Application.py, in Logic_Application.UpdateCurrentViewer             
	File D:\2022-1\graduate_design\codes\qt_view\software_base\widgets\Logic_Application.py line 169
Run:shape
2023-03-17 02:54:35,584 - DEBUG: File main.py, in main.<module>             
	File D:\2022-1\graduate_design\codes\qt_view\software_base\main.py line 205
Application Start
2023-03-17 02:54:36,399 - DEBUG: File Sym_AlgoDriver.py, in Sym_AlgoDriver.__init__             
	File D:\2022-1\graduate_design\codes\qt_view\software_base\utils\Driver\Sym_AlgoDriver.py line 28
before init 22d22e55-abca-11d4-8f1a-0060b0ee18e8
2023-03-17 02:54:36,401 - DEBUG: File Sym_AlgoDriver.py, in Sym_AlgoDriver.__init__             
	File D:\2022-1\graduate_design\codes\qt_view\software_base\utils\Driver\Sym_AlgoDriver.py line 30
end init 22d22e55-abca-11d4-8f1a-0060b0ee18e8
2023-03-17 02:55:20,054 - DEBUG: File Sym_GeomDriver.py, in Sym_GeomDriver.Execute             
	File D:\2022-1\graduate_design\codes\qt_view\software_base\utils\Driver\Sym_GeomDriver.py line 49
Entry:0:1:1 Excute bezier
2023-03-17 02:55:20,070 - DEBUG: File Sym_DataDriver.py, in Sym_DataDriver.GetValue             
	File D:\2022-1\graduate_design\codes\qt_view\software_base\utils\Driver\Sym_DataDriver.py line 117
Return array<OCC.Core.TColgp.TColgp_Array1OfPnt; proxy of <Swig Object of type 'TColgp_Array1OfPnt *' at 0x0000019E1B25E8A0> >
2023-03-17 02:55:20,072 - DEBUG: File Sym_GeomDriver.py, in Sym_GeomDriver.Execute             
	File D:\2022-1\graduate_design\codes\qt_view\software_base\utils\Driver\Sym_GeomDriver.py line 58
Entry:0:1:1 Excute bezier
2023-03-17 02:55:20,074 - DEBUG: File Sym_GeomDriver.py, in Sym_GeomDriver.Execute             
	File D:\2022-1\graduate_design\codes\qt_view\software_base\utils\Driver\Sym_GeomDriver.py line 61
Entry:0:1:1 Excute bezier
2023-03-17 02:55:20,085 - DEBUG: File Logic_Application.py, in Logic_Application.UpdateCurrentViewer             
	File D:\2022-1\graduate_design\codes\qt_view\software_base\widgets\Logic_Application.py line 169
Run:shape
2023-03-17 15:57:10,608 - DEBUG: File main.py, in main.<module>             
	File D:\2022-1\graduate_design\codes\qt_view\software_base\main.py line 205
Application Start
2023-03-17 15:57:12,323 - DEBUG: File Sym_AlgoDriver.py, in Sym_AlgoDriver.__init__             
	File D:\2022-1\graduate_design\codes\qt_view\software_base\utils\Driver\Sym_AlgoDriver.py line 28
before init 22d22e55-abca-11d4-8f1a-0060b0ee18e8
2023-03-17 15:57:12,329 - DEBUG: File Sym_AlgoDriver.py, in Sym_AlgoDriver.__init__             
	File D:\2022-1\graduate_design\codes\qt_view\software_base\utils\Driver\Sym_AlgoDriver.py line 30
end init 22d22e55-abca-11d4-8f1a-0060b0ee18e8
2023-03-17 15:57:28,050 - DEBUG: File Sym_ShapeDriver.py, in Sym_ShapeDriver.GetValue             
	File D:\2022-1\graduate_design\codes\qt_view\software_base\utils\Driver\Sym_ShapeDriver.py line 101
Entry:0:1:1:1 get Trsf:"className": "TopLoc_Location", "Transformation": {"Location": [0, 0, 0], "Matrix": [1, 0, 0, 0, 1, 0, 0, 0, 1], "shape": 7, "scale": 1}, "IsIdentity": 0
2023-03-17 15:57:28,077 - DEBUG: File Logic_Application.py, in Logic_Application.UpdateCurrentViewer             
	File D:\2022-1\graduate_design\codes\qt_view\software_base\widgets\Logic_Application.py line 169
Run:shape
2023-03-17 15:57:33,224 - DEBUG: File main.py, in main.<module>             
	File D:\2022-1\graduate_design\codes\qt_view\software_base\main.py line 205
Application Start
2023-03-17 15:57:34,059 - DEBUG: File Sym_AlgoDriver.py, in Sym_AlgoDriver.__init__             
	File D:\2022-1\graduate_design\codes\qt_view\software_base\utils\Driver\Sym_AlgoDriver.py line 28
before init 22d22e55-abca-11d4-8f1a-0060b0ee18e8
2023-03-17 15:57:34,061 - DEBUG: File Sym_AlgoDriver.py, in Sym_AlgoDriver.__init__             
	File D:\2022-1\graduate_design\codes\qt_view\software_base\utils\Driver\Sym_AlgoDriver.py line 30
end init 22d22e55-abca-11d4-8f1a-0060b0ee18e8
2023-03-17 15:57:49,842 - DEBUG: File Sym_ShapeDriver.py, in Sym_ShapeDriver.GetValue             
	File D:\2022-1\graduate_design\codes\qt_view\software_base\utils\Driver\Sym_ShapeDriver.py line 101
Entry:0:1:1:1 get Trsf:"className": "TopLoc_Location", "Transformation": {"Location": [0, 0, 0], "Matrix": [1, 0, 0, 0, 1, 0, 0, 0, 1], "shape": 7, "scale": 1}, "IsIdentity": 0
2023-03-17 15:57:49,944 - DEBUG: File Logic_Application.py, in Logic_Application.UpdateCurrentViewer             
	File D:\2022-1\graduate_design\codes\qt_view\software_base\widgets\Logic_Application.py line 169
Run:shape
2023-03-17 15:58:03,663 - DEBUG: File Sym_ShapeDriver.py, in Sym_ShapeDriver.GetValue             
	File D:\2022-1\graduate_design\codes\qt_view\software_base\utils\Driver\Sym_ShapeDriver.py line 101
Entry:0:1:2:1 get Trsf:"className": "TopLoc_Location", "Transformation": {"Location": [1, 1, 1], "Matrix": [1, 0, 0, 0, 1, 0, 0, 0, 1], "shape": 7, "scale": 1}, "IsIdentity": 0
2023-03-17 15:58:03,678 - DEBUG: File Logic_Application.py, in Logic_Application.UpdateCurrentViewer             
	File D:\2022-1\graduate_design\codes\qt_view\software_base\widgets\Logic_Application.py line 169
Run:shape
2023-03-17 15:58:03,680 - DEBUG: File Logic_Application.py, in Logic_Application.UpdateCurrentViewer             
	File D:\2022-1\graduate_design\codes\qt_view\software_base\widgets\Logic_Application.py line 169
Run:1
2023-03-17 15:58:12,582 - DEBUG: File Sym_AlgoDriver.py, in Sym_AlgoDriver.__init__             
	File D:\2022-1\graduate_design\codes\qt_view\software_base\utils\Driver\Sym_AlgoDriver.py line 28
before init 22d22e55-abca-11d4-8f1a-0060b0ee18e8
2023-03-17 15:58:12,584 - DEBUG: File Sym_AlgoDriver.py, in Sym_AlgoDriver.__init__             
	File D:\2022-1\graduate_design\codes\qt_view\software_base\utils\Driver\Sym_AlgoDriver.py line 30
end init 22d22e55-abca-11d4-8f1a-0060b0ee18e8
2023-03-17 15:58:27,667 - DEBUG: File Logic_Application.py, in Logic_Application.UpdateCurrentViewer             
	File D:\2022-1\graduate_design\codes\qt_view\software_base\widgets\Logic_Application.py line 169
Run:shape
2023-03-17 15:58:27,693 - DEBUG: File Logic_Application.py, in Logic_Application.UpdateCurrentViewer             
	File D:\2022-1\graduate_design\codes\qt_view\software_base\widgets\Logic_Application.py line 169
Run:1
2023-03-17 15:58:27,704 - DEBUG: File Logic_Application.py, in Logic_Application.UpdateCurrentViewer             
	File D:\2022-1\graduate_design\codes\qt_view\software_base\widgets\Logic_Application.py line 169
Run:shape
2023-03-17 15:59:05,590 - DEBUG: File Sym_GeomDriver.py, in Sym_GeomDriver.Execute             
	File D:\2022-1\graduate_design\codes\qt_view\software_base\utils\Driver\Sym_GeomDriver.py line 49
Entry:0:1:4 Excute bezier
2023-03-17 15:59:05,602 - DEBUG: File Sym_DataDriver.py, in Sym_DataDriver.GetValue             
	File D:\2022-1\graduate_design\codes\qt_view\software_base\utils\Driver\Sym_DataDriver.py line 117
Return array<OCC.Core.TColgp.TColgp_Array1OfPnt; proxy of <Swig Object of type 'TColgp_Array1OfPnt *' at 0x0000026D9926B840> >
2023-03-17 15:59:05,606 - DEBUG: File Sym_GeomDriver.py, in Sym_GeomDriver.Execute             
	File D:\2022-1\graduate_design\codes\qt_view\software_base\utils\Driver\Sym_GeomDriver.py line 58
Entry:0:1:4 Excute bezier
2023-03-17 15:59:05,611 - DEBUG: File Sym_GeomDriver.py, in Sym_GeomDriver.Execute             
	File D:\2022-1\graduate_design\codes\qt_view\software_base\utils\Driver\Sym_GeomDriver.py line 61
Entry:0:1:4 Excute bezier
2023-03-17 15:59:05,622 - DEBUG: File Logic_Application.py, in Logic_Application.UpdateCurrentViewer             
	File D:\2022-1\graduate_design\codes\qt_view\software_base\widgets\Logic_Application.py line 169
Run:shape
2023-03-17 15:59:05,633 - DEBUG: File Logic_Application.py, in Logic_Application.UpdateCurrentViewer             
	File D:\2022-1\graduate_design\codes\qt_view\software_base\widgets\Logic_Application.py line 169
Run:1
2023-03-17 15:59:05,651 - DEBUG: File Logic_Application.py, in Logic_Application.UpdateCurrentViewer             
	File D:\2022-1\graduate_design\codes\qt_view\software_base\widgets\Logic_Application.py line 169
Run:shape
2023-03-17 15:59:05,654 - DEBUG: File Logic_Application.py, in Logic_Application.UpdateCurrentViewer             
	File D:\2022-1\graduate_design\codes\qt_view\software_base\widgets\Logic_Application.py line 169
Run:shape
2023-03-17 16:00:09,245 - DEBUG: File Sym_ShapeDriver.py, in Sym_ShapeDriver.GetValue             
	File D:\2022-1\graduate_design\codes\qt_view\software_base\utils\Driver\Sym_ShapeDriver.py line 101
Entry:0:1:5:1 get Trsf:"className": "TopLoc_Location", "Transformation": {"Location": [1, 2, 3], "Matrix": [1, 0, 0, 0, 1, 0, 0, 0, 1], "shape": 7, "scale": 1}, "IsIdentity": 0
2023-03-17 16:00:09,259 - DEBUG: File Logic_Application.py, in Logic_Application.UpdateCurrentViewer             
	File D:\2022-1\graduate_design\codes\qt_view\software_base\widgets\Logic_Application.py line 169
Run:shape
2023-03-17 16:00:09,269 - DEBUG: File Logic_Application.py, in Logic_Application.UpdateCurrentViewer             
	File D:\2022-1\graduate_design\codes\qt_view\software_base\widgets\Logic_Application.py line 169
Run:1
2023-03-17 16:00:09,288 - DEBUG: File Logic_Application.py, in Logic_Application.UpdateCurrentViewer             
	File D:\2022-1\graduate_design\codes\qt_view\software_base\widgets\Logic_Application.py line 169
Run:shape
2023-03-17 16:00:09,290 - DEBUG: File Logic_Application.py, in Logic_Application.UpdateCurrentViewer             
	File D:\2022-1\graduate_design\codes\qt_view\software_base\widgets\Logic_Application.py line 169
Run:shape
2023-03-17 16:00:09,293 - DEBUG: File Logic_Application.py, in Logic_Application.UpdateCurrentViewer             
	File D:\2022-1\graduate_design\codes\qt_view\software_base\widgets\Logic_Application.py line 169
Run:shape
2023-03-17 16:00:19,678 - DEBUG: File Sym_ShapeDriver.py, in Sym_ShapeDriver.GetValue             
	File D:\2022-1\graduate_design\codes\qt_view\software_base\utils\Driver\Sym_ShapeDriver.py line 101
Entry:0:1:6:1 get Trsf:"className": "TopLoc_Location", "Transformation": {"Location": [0, 0, 0], "Matrix": [1, 0, 0, 0, 1, 0, 0, 0, 1], "shape": 7, "scale": 1}, "IsIdentity": 0
2023-03-17 16:00:19,696 - DEBUG: File Logic_Application.py, in Logic_Application.UpdateCurrentViewer             
	File D:\2022-1\graduate_design\codes\qt_view\software_base\widgets\Logic_Application.py line 169
Run:shape
2023-03-17 16:00:19,706 - DEBUG: File Logic_Application.py, in Logic_Application.UpdateCurrentViewer             
	File D:\2022-1\graduate_design\codes\qt_view\software_base\widgets\Logic_Application.py line 169
Run:1
2023-03-17 16:00:19,717 - DEBUG: File Logic_Application.py, in Logic_Application.UpdateCurrentViewer             
	File D:\2022-1\graduate_design\codes\qt_view\software_base\widgets\Logic_Application.py line 169
Run:shape
2023-03-17 16:00:19,719 - DEBUG: File Logic_Application.py, in Logic_Application.UpdateCurrentViewer             
	File D:\2022-1\graduate_design\codes\qt_view\software_base\widgets\Logic_Application.py line 169
Run:shape
2023-03-17 16:00:19,722 - DEBUG: File Logic_Application.py, in Logic_Application.UpdateCurrentViewer             
	File D:\2022-1\graduate_design\codes\qt_view\software_base\widgets\Logic_Application.py line 169
Run:shape
2023-03-17 16:00:19,724 - DEBUG: File Logic_Application.py, in Logic_Application.UpdateCurrentViewer             
	File D:\2022-1\graduate_design\codes\qt_view\software_base\widgets\Logic_Application.py line 169
Run:shape
2023-03-17 16:00:37,638 - DEBUG: File Sym_AlgoDriver.py, in Sym_AlgoDriver.__init__             
	File D:\2022-1\graduate_design\codes\qt_view\software_base\utils\Driver\Sym_AlgoDriver.py line 28
before init 22d22e55-abca-11d4-8f1a-0060b0ee18e8
2023-03-17 16:00:37,641 - DEBUG: File Sym_AlgoDriver.py, in Sym_AlgoDriver.__init__             
	File D:\2022-1\graduate_design\codes\qt_view\software_base\utils\Driver\Sym_AlgoDriver.py line 30
end init 22d22e55-abca-11d4-8f1a-0060b0ee18e8
2023-03-17 16:00:49,298 - DEBUG: File Logic_Application.py, in Logic_Application.UpdateCurrentViewer             
	File D:\2022-1\graduate_design\codes\qt_view\software_base\widgets\Logic_Application.py line 169
Run:shape
2023-03-17 16:00:49,310 - DEBUG: File Logic_Application.py, in Logic_Application.UpdateCurrentViewer             
	File D:\2022-1\graduate_design\codes\qt_view\software_base\widgets\Logic_Application.py line 169
Run:1
2023-03-17 16:00:49,322 - DEBUG: File Logic_Application.py, in Logic_Application.UpdateCurrentViewer             
	File D:\2022-1\graduate_design\codes\qt_view\software_base\widgets\Logic_Application.py line 169
Run:shape
2023-03-17 16:00:49,338 - DEBUG: File Logic_Application.py, in Logic_Application.UpdateCurrentViewer             
	File D:\2022-1\graduate_design\codes\qt_view\software_base\widgets\Logic_Application.py line 169
Run:shape
2023-03-17 16:00:49,340 - DEBUG: File Logic_Application.py, in Logic_Application.UpdateCurrentViewer             
	File D:\2022-1\graduate_design\codes\qt_view\software_base\widgets\Logic_Application.py line 169
Run:shape
2023-03-17 16:00:49,343 - DEBUG: File Logic_Application.py, in Logic_Application.UpdateCurrentViewer             
	File D:\2022-1\graduate_design\codes\qt_view\software_base\widgets\Logic_Application.py line 169
Run:shape
2023-03-17 16:00:49,359 - DEBUG: File Logic_Application.py, in Logic_Application.UpdateCurrentViewer             
	File D:\2022-1\graduate_design\codes\qt_view\software_base\widgets\Logic_Application.py line 169
Run:shape
2023-03-17 16:22:19,774 - DEBUG: File main.py, in main.<module>             
	File D:\2022-1\graduate_design\codes\qt_view\software_base\main.py line 205
Application Start
2023-03-17 16:22:20,468 - DEBUG: File Sym_AlgoDriver.py, in Sym_AlgoDriver.__init__             
	File D:\2022-1\graduate_design\codes\qt_view\software_base\utils\Driver\Sym_AlgoDriver.py line 28
before init 22d22e55-abca-11d4-8f1a-0060b0ee18e8
2023-03-17 16:22:20,470 - DEBUG: File Sym_AlgoDriver.py, in Sym_AlgoDriver.__init__             
	File D:\2022-1\graduate_design\codes\qt_view\software_base\utils\Driver\Sym_AlgoDriver.py line 30
end init 22d22e55-abca-11d4-8f1a-0060b0ee18e8
2023-03-17 16:23:20,000 - DEBUG: File main.py, in main.<module>             
	File D:\2022-1\graduate_design\codes\qt_view\software_base\main.py line 205
Application Start
2023-03-17 16:23:20,891 - DEBUG: File Sym_AlgoDriver.py, in Sym_AlgoDriver.__init__             
	File D:\2022-1\graduate_design\codes\qt_view\software_base\utils\Driver\Sym_AlgoDriver.py line 28
before init 22d22e55-abca-11d4-8f1a-0060b0ee18e8
2023-03-17 16:23:20,894 - DEBUG: File Sym_AlgoDriver.py, in Sym_AlgoDriver.__init__             
	File D:\2022-1\graduate_design\codes\qt_view\software_base\utils\Driver\Sym_AlgoDriver.py line 30
end init 22d22e55-abca-11d4-8f1a-0060b0ee18e8
2023-03-17 16:23:32,235 - DEBUG: File main.py, in main.<module>             
	File D:\2022-1\graduate_design\codes\qt_view\software_base\main.py line 205
Application Start
2023-03-17 16:23:32,969 - DEBUG: File Sym_AlgoDriver.py, in Sym_AlgoDriver.__init__             
	File D:\2022-1\graduate_design\codes\qt_view\software_base\utils\Driver\Sym_AlgoDriver.py line 28
before init 22d22e55-abca-11d4-8f1a-0060b0ee18e8
2023-03-17 16:23:32,972 - DEBUG: File Sym_AlgoDriver.py, in Sym_AlgoDriver.__init__             
	File D:\2022-1\graduate_design\codes\qt_view\software_base\utils\Driver\Sym_AlgoDriver.py line 30
end init 22d22e55-abca-11d4-8f1a-0060b0ee18e8
2023-03-17 16:23:44,634 - DEBUG: File main.py, in main.<module>             
	File D:\2022-1\graduate_design\codes\qt_view\software_base\main.py line 205
Application Start
2023-03-17 16:23:45,396 - DEBUG: File Sym_AlgoDriver.py, in Sym_AlgoDriver.__init__             
	File D:\2022-1\graduate_design\codes\qt_view\software_base\utils\Driver\Sym_AlgoDriver.py line 28
before init 22d22e55-abca-11d4-8f1a-0060b0ee18e8
2023-03-17 16:23:45,398 - DEBUG: File Sym_AlgoDriver.py, in Sym_AlgoDriver.__init__             
	File D:\2022-1\graduate_design\codes\qt_view\software_base\utils\Driver\Sym_AlgoDriver.py line 30
end init 22d22e55-abca-11d4-8f1a-0060b0ee18e8
2023-03-17 16:26:11,533 - DEBUG: File main.py, in main.<module>             
	File D:\2022-1\graduate_design\codes\qt_view\software_base\main.py line 205
Application Start
2023-03-17 16:26:39,847 - DEBUG: File main.py, in main.<module>             
	File D:\2022-1\graduate_design\codes\qt_view\software_base\main.py line 205
Application Start
2023-03-17 16:26:40,551 - DEBUG: File Sym_AlgoDriver.py, in Sym_AlgoDriver.__init__             
	File D:\2022-1\graduate_design\codes\qt_view\software_base\utils\Driver\Sym_AlgoDriver.py line 28
before init 22d22e55-abca-11d4-8f1a-0060b0ee18e8
2023-03-17 16:26:40,553 - DEBUG: File Sym_AlgoDriver.py, in Sym_AlgoDriver.__init__             
	File D:\2022-1\graduate_design\codes\qt_view\software_base\utils\Driver\Sym_AlgoDriver.py line 30
end init 22d22e55-abca-11d4-8f1a-0060b0ee18e8
2023-03-17 16:28:44,666 - DEBUG: File main.py, in main.<module>             
	File D:\2022-1\graduate_design\codes\qt_view\software_base\main.py line 205
Application Start
2023-03-17 16:28:45,361 - DEBUG: File Sym_AlgoDriver.py, in Sym_AlgoDriver.__init__             
	File D:\2022-1\graduate_design\codes\qt_view\software_base\utils\Driver\Sym_AlgoDriver.py line 28
before init 22d22e55-abca-11d4-8f1a-0060b0ee18e8
2023-03-17 16:28:45,364 - DEBUG: File Sym_AlgoDriver.py, in Sym_AlgoDriver.__init__             
	File D:\2022-1\graduate_design\codes\qt_view\software_base\utils\Driver\Sym_AlgoDriver.py line 30
end init 22d22e55-abca-11d4-8f1a-0060b0ee18e8
2023-03-17 16:29:36,895 - DEBUG: File main.py, in main.<module>             
	File D:\2022-1\graduate_design\codes\qt_view\software_base\main.py line 205
Application Start
2023-03-17 16:29:37,722 - DEBUG: File Sym_AlgoDriver.py, in Sym_AlgoDriver.__init__             
	File D:\2022-1\graduate_design\codes\qt_view\software_base\utils\Driver\Sym_AlgoDriver.py line 28
before init 22d22e55-abca-11d4-8f1a-0060b0ee18e8
2023-03-17 16:29:37,723 - DEBUG: File Sym_AlgoDriver.py, in Sym_AlgoDriver.__init__             
	File D:\2022-1\graduate_design\codes\qt_view\software_base\utils\Driver\Sym_AlgoDriver.py line 30
end init 22d22e55-abca-11d4-8f1a-0060b0ee18e8
2023-03-17 16:31:44,265 - DEBUG: File main.py, in main.<module>             
	File D:\2022-1\graduate_design\codes\qt_view\software_base\main.py line 205
Application Start
2023-03-17 16:31:44,946 - DEBUG: File Sym_AlgoDriver.py, in Sym_AlgoDriver.__init__             
	File D:\2022-1\graduate_design\codes\qt_view\software_base\utils\Driver\Sym_AlgoDriver.py line 28
before init 22d22e55-abca-11d4-8f1a-0060b0ee18e8
2023-03-17 16:31:44,948 - DEBUG: File Sym_AlgoDriver.py, in Sym_AlgoDriver.__init__             
	File D:\2022-1\graduate_design\codes\qt_view\software_base\utils\Driver\Sym_AlgoDriver.py line 30
end init 22d22e55-abca-11d4-8f1a-0060b0ee18e8
2023-03-17 16:32:09,439 - DEBUG: File Sym_ShapeDriver.py, in Sym_ShapeDriver.GetValue             
	File D:\2022-1\graduate_design\codes\qt_view\software_base\utils\Driver\Sym_ShapeDriver.py line 101
Entry:0:1:1:1 get Trsf:"className": "TopLoc_Location", "Transformation": {"Location": [0, 0, 0], "Matrix": [1, 0, 0, 0, 1, 0, 0, 0, 1], "shape": 7, "scale": 1}, "IsIdentity": 0
2023-03-17 16:32:09,454 - DEBUG: File Logic_Application.py, in Logic_Application.UpdateCurrentViewer             
	File D:\2022-1\graduate_design\codes\qt_view\software_base\widgets\Logic_Application.py line 169
Run:shape
2023-03-17 16:33:15,267 - DEBUG: File main.py, in main.<module>             
	File D:\2022-1\graduate_design\codes\qt_view\software_base\main.py line 205
Application Start
2023-03-17 16:33:15,955 - DEBUG: File Sym_AlgoDriver.py, in Sym_AlgoDriver.__init__             
	File D:\2022-1\graduate_design\codes\qt_view\software_base\utils\Driver\Sym_AlgoDriver.py line 28
before init 22d22e55-abca-11d4-8f1a-0060b0ee18e8
2023-03-17 16:33:15,958 - DEBUG: File Sym_AlgoDriver.py, in Sym_AlgoDriver.__init__             
	File D:\2022-1\graduate_design\codes\qt_view\software_base\utils\Driver\Sym_AlgoDriver.py line 30
end init 22d22e55-abca-11d4-8f1a-0060b0ee18e8
2023-03-17 16:33:27,770 - DEBUG: File Sym_ShapeDriver.py, in Sym_ShapeDriver.GetValue             
	File D:\2022-1\graduate_design\codes\qt_view\software_base\utils\Driver\Sym_ShapeDriver.py line 101
Entry:0:1:1:1 get Trsf:"className": "TopLoc_Location", "Transformation": {"Location": [0, 0, 0], "Matrix": [1, 0, 0, 0, 1, 0, 0, 0, 1], "shape": 7, "scale": 1}, "IsIdentity": 0
2023-03-17 16:33:27,786 - DEBUG: File Logic_Application.py, in Logic_Application.UpdateCurrentViewer             
	File D:\2022-1\graduate_design\codes\qt_view\software_base\widgets\Logic_Application.py line 169
Run:shape
2023-03-17 16:37:10,747 - DEBUG: File main.py, in main.<module>             
	File D:\2022-1\graduate_design\codes\qt_view\software_base\main.py line 205
Application Start
2023-03-17 16:37:11,548 - DEBUG: File Sym_AlgoDriver.py, in Sym_AlgoDriver.__init__             
	File D:\2022-1\graduate_design\codes\qt_view\software_base\utils\Driver\Sym_AlgoDriver.py line 28
before init 22d22e55-abca-11d4-8f1a-0060b0ee18e8
2023-03-17 16:37:11,550 - DEBUG: File Sym_AlgoDriver.py, in Sym_AlgoDriver.__init__             
	File D:\2022-1\graduate_design\codes\qt_view\software_base\utils\Driver\Sym_AlgoDriver.py line 30
end init 22d22e55-abca-11d4-8f1a-0060b0ee18e8
2023-03-17 16:37:25,082 - DEBUG: File Sym_ShapeDriver.py, in Sym_ShapeDriver.GetValue             
	File D:\2022-1\graduate_design\codes\qt_view\software_base\utils\Driver\Sym_ShapeDriver.py line 101
Entry:0:1:1:1 get Trsf:"className": "TopLoc_Location", "Transformation": {"Location": [0, 0, 0], "Matrix": [1, 0, 0, 0, 1, 0, 0, 0, 1], "shape": 7, "scale": 1}, "IsIdentity": 0
2023-03-17 16:37:25,097 - DEBUG: File Logic_Application.py, in Logic_Application.UpdateCurrentViewer             
	File D:\2022-1\graduate_design\codes\qt_view\software_base\widgets\Logic_Application.py line 169
Run:shape
2023-03-17 16:41:29,405 - DEBUG: File main.py, in main.<module>             
	File D:\2022-1\graduate_design\codes\qt_view\software_base\main.py line 205
Application Start
2023-03-17 16:41:30,080 - DEBUG: File Sym_AlgoDriver.py, in Sym_AlgoDriver.__init__             
	File D:\2022-1\graduate_design\codes\qt_view\software_base\utils\Driver\Sym_AlgoDriver.py line 28
before init 22d22e55-abca-11d4-8f1a-0060b0ee18e8
2023-03-17 16:41:30,082 - DEBUG: File Sym_AlgoDriver.py, in Sym_AlgoDriver.__init__             
	File D:\2022-1\graduate_design\codes\qt_view\software_base\utils\Driver\Sym_AlgoDriver.py line 30
end init 22d22e55-abca-11d4-8f1a-0060b0ee18e8
2023-03-17 16:41:45,267 - DEBUG: File Sym_ShapeDriver.py, in Sym_ShapeDriver.GetValue             
	File D:\2022-1\graduate_design\codes\qt_view\software_base\utils\Driver\Sym_ShapeDriver.py line 101
Entry:0:1:1:1 get Trsf:"className": "TopLoc_Location", "Transformation": {"Location": [0, 0, 0], "Matrix": [1, 0, 0, 0, 1, 0, 0, 0, 1], "shape": 7, "scale": 1}, "IsIdentity": 0
2023-03-17 16:41:45,289 - DEBUG: File Logic_Application.py, in Logic_Application.UpdateCurrentViewer             
	File D:\2022-1\graduate_design\codes\qt_view\software_base\widgets\Logic_Application.py line 169
Run:shape
2023-03-17 16:44:16,020 - DEBUG: File main.py, in main.<module>             
	File D:\2022-1\graduate_design\codes\qt_view\software_base\main.py line 205
Application Start
2023-03-17 16:44:16,706 - DEBUG: File Sym_AlgoDriver.py, in Sym_AlgoDriver.__init__             
	File D:\2022-1\graduate_design\codes\qt_view\software_base\utils\Driver\Sym_AlgoDriver.py line 28
before init 22d22e55-abca-11d4-8f1a-0060b0ee18e8
2023-03-17 16:44:16,708 - DEBUG: File Sym_AlgoDriver.py, in Sym_AlgoDriver.__init__             
	File D:\2022-1\graduate_design\codes\qt_view\software_base\utils\Driver\Sym_AlgoDriver.py line 30
end init 22d22e55-abca-11d4-8f1a-0060b0ee18e8
2023-03-17 16:45:21,836 - DEBUG: File main.py, in main.<module>             
	File D:\2022-1\graduate_design\codes\qt_view\software_base\main.py line 205
Application Start
2023-03-17 16:45:22,525 - DEBUG: File Sym_AlgoDriver.py, in Sym_AlgoDriver.__init__             
	File D:\2022-1\graduate_design\codes\qt_view\software_base\utils\Driver\Sym_AlgoDriver.py line 28
before init 22d22e55-abca-11d4-8f1a-0060b0ee18e8
2023-03-17 16:45:22,528 - DEBUG: File Sym_AlgoDriver.py, in Sym_AlgoDriver.__init__             
	File D:\2022-1\graduate_design\codes\qt_view\software_base\utils\Driver\Sym_AlgoDriver.py line 30
end init 22d22e55-abca-11d4-8f1a-0060b0ee18e8
2023-03-17 16:45:35,525 - DEBUG: File Sym_ShapeDriver.py, in Sym_ShapeDriver.GetValue             
	File D:\2022-1\graduate_design\codes\qt_view\software_base\utils\Driver\Sym_ShapeDriver.py line 101
Entry:0:1:1:1 get Trsf:"className": "TopLoc_Location", "Transformation": {"Location": [0, 0, 0], "Matrix": [1, 0, 0, 0, 1, 0, 0, 0, 1], "shape": 7, "scale": 1}, "IsIdentity": 0
2023-03-17 16:45:35,541 - DEBUG: File Logic_Application.py, in Logic_Application.UpdateCurrentViewer             
	File D:\2022-1\graduate_design\codes\qt_view\software_base\widgets\Logic_Application.py line 169
Run:shape
2023-03-17 16:48:32,467 - DEBUG: File main.py, in main.<module>             
	File D:\2022-1\graduate_design\codes\qt_view\software_base\main.py line 205
Application Start
2023-03-17 16:48:33,241 - DEBUG: File Sym_AlgoDriver.py, in Sym_AlgoDriver.__init__             
	File D:\2022-1\graduate_design\codes\qt_view\software_base\utils\Driver\Sym_AlgoDriver.py line 28
before init 22d22e55-abca-11d4-8f1a-0060b0ee18e8
2023-03-17 16:48:33,244 - DEBUG: File Sym_AlgoDriver.py, in Sym_AlgoDriver.__init__             
	File D:\2022-1\graduate_design\codes\qt_view\software_base\utils\Driver\Sym_AlgoDriver.py line 30
end init 22d22e55-abca-11d4-8f1a-0060b0ee18e8
2023-03-17 16:48:45,486 - DEBUG: File Sym_ShapeDriver.py, in Sym_ShapeDriver.GetValue             
	File D:\2022-1\graduate_design\codes\qt_view\software_base\utils\Driver\Sym_ShapeDriver.py line 101
Entry:0:1:1:1 get Trsf:"className": "TopLoc_Location", "Transformation": {"Location": [0, 0, 0], "Matrix": [1, 0, 0, 0, 1, 0, 0, 0, 1], "shape": 7, "scale": 1}, "IsIdentity": 0
2023-03-17 16:48:45,503 - DEBUG: File Logic_Application.py, in Logic_Application.UpdateCurrentViewer             
	File D:\2022-1\graduate_design\codes\qt_view\software_base\widgets\Logic_Application.py line 169
Run:shape
2023-03-17 18:04:24,393 - DEBUG: File main.py, in main.<module>             
	File D:\2022-1\graduate_design\codes\qt_view\software_base\main.py line 205
Application Start
2023-03-17 18:04:47,543 - DEBUG: File main.py, in main.<module>             
	File D:\2022-1\graduate_design\codes\qt_view\software_base\main.py line 205
Application Start
2023-03-17 18:04:48,249 - DEBUG: File Sym_AlgoDriver.py, in Sym_AlgoDriver.__init__             
	File D:\2022-1\graduate_design\codes\qt_view\software_base\utils\Driver\Sym_AlgoDriver.py line 28
before init 22d22e55-abca-11d4-8f1a-0060b0ee18e8
2023-03-17 18:04:48,252 - DEBUG: File Sym_AlgoDriver.py, in Sym_AlgoDriver.__init__             
	File D:\2022-1\graduate_design\codes\qt_view\software_base\utils\Driver\Sym_AlgoDriver.py line 30
end init 22d22e55-abca-11d4-8f1a-0060b0ee18e8
2023-03-17 18:05:05,099 - DEBUG: File Sym_ShapeDriver.py, in Sym_ShapeDriver.GetValue             
	File D:\2022-1\graduate_design\codes\qt_view\software_base\utils\Driver\Sym_ShapeDriver.py line 101
Entry:0:1:1:1 get Trsf:"className": "TopLoc_Location", "Transformation": {"Location": [0, 0, 3], "Matrix": [1, 0, 0, 0, 1, 0, 0, 0, 1], "shape": 7, "scale": 1}, "IsIdentity": 0
2023-03-17 18:05:05,120 - DEBUG: File Logic_Application.py, in Logic_Application.UpdateCurrentViewer             
	File D:\2022-1\graduate_design\codes\qt_view\software_base\widgets\Logic_Application.py line 169
Run:shape
2023-03-17 18:06:27,993 - DEBUG: File main.py, in main.<module>             
	File D:\2022-1\graduate_design\codes\qt_view\software_base\main.py line 205
Application Start
2023-03-17 18:06:28,687 - DEBUG: File Sym_AlgoDriver.py, in Sym_AlgoDriver.__init__             
	File D:\2022-1\graduate_design\codes\qt_view\software_base\utils\Driver\Sym_AlgoDriver.py line 28
before init 22d22e55-abca-11d4-8f1a-0060b0ee18e8
2023-03-17 18:06:28,689 - DEBUG: File Sym_AlgoDriver.py, in Sym_AlgoDriver.__init__             
	File D:\2022-1\graduate_design\codes\qt_view\software_base\utils\Driver\Sym_AlgoDriver.py line 30
end init 22d22e55-abca-11d4-8f1a-0060b0ee18e8
2023-03-17 18:07:26,871 - DEBUG: File main.py, in main.<module>             
	File D:\2022-1\graduate_design\codes\qt_view\software_base\main.py line 205
Application Start
2023-03-17 18:07:27,661 - DEBUG: File Sym_AlgoDriver.py, in Sym_AlgoDriver.__init__             
	File D:\2022-1\graduate_design\codes\qt_view\software_base\utils\Driver\Sym_AlgoDriver.py line 28
before init 22d22e55-abca-11d4-8f1a-0060b0ee18e8
2023-03-17 18:07:27,665 - DEBUG: File Sym_AlgoDriver.py, in Sym_AlgoDriver.__init__             
	File D:\2022-1\graduate_design\codes\qt_view\software_base\utils\Driver\Sym_AlgoDriver.py line 30
end init 22d22e55-abca-11d4-8f1a-0060b0ee18e8
2023-03-17 18:08:29,573 - DEBUG: File main.py, in main.<module>             
	File D:\2022-1\graduate_design\codes\qt_view\software_base\main.py line 205
Application Start
2023-03-17 18:08:30,283 - DEBUG: File Sym_AlgoDriver.py, in Sym_AlgoDriver.__init__             
	File D:\2022-1\graduate_design\codes\qt_view\software_base\utils\Driver\Sym_AlgoDriver.py line 28
before init 22d22e55-abca-11d4-8f1a-0060b0ee18e8
2023-03-17 18:08:30,285 - DEBUG: File Sym_AlgoDriver.py, in Sym_AlgoDriver.__init__             
	File D:\2022-1\graduate_design\codes\qt_view\software_base\utils\Driver\Sym_AlgoDriver.py line 30
end init 22d22e55-abca-11d4-8f1a-0060b0ee18e8
2023-03-17 18:10:07,358 - DEBUG: File main.py, in main.<module>             
	File D:\2022-1\graduate_design\codes\qt_view\software_base\main.py line 205
Application Start
2023-03-17 18:10:08,072 - DEBUG: File Sym_AlgoDriver.py, in Sym_AlgoDriver.__init__             
	File D:\2022-1\graduate_design\codes\qt_view\software_base\utils\Driver\Sym_AlgoDriver.py line 28
before init 22d22e55-abca-11d4-8f1a-0060b0ee18e8
2023-03-17 18:10:08,074 - DEBUG: File Sym_AlgoDriver.py, in Sym_AlgoDriver.__init__             
	File D:\2022-1\graduate_design\codes\qt_view\software_base\utils\Driver\Sym_AlgoDriver.py line 30
end init 22d22e55-abca-11d4-8f1a-0060b0ee18e8
2023-03-17 18:10:34,934 - DEBUG: File Sym_ShapeDriver.py, in Sym_ShapeDriver.GetValue             
	File D:\2022-1\graduate_design\codes\qt_view\software_base\utils\Driver\Sym_ShapeDriver.py line 101
Entry:0:1:1:1 get Trsf:"className": "TopLoc_Location", "Transformation": {"Location": [0, 0, 0], "Matrix": [1, 0, 0, 0, 1, 0, 0, 0, 1], "shape": 7, "scale": 1}, "IsIdentity": 0
2023-03-17 18:10:34,952 - DEBUG: File Logic_Application.py, in Logic_Application.UpdateCurrentViewer             
	File D:\2022-1\graduate_design\codes\qt_view\software_base\widgets\Logic_Application.py line 169
Run:shape
2023-03-17 18:11:21,789 - DEBUG: File main.py, in main.<module>             
	File D:\2022-1\graduate_design\codes\qt_view\software_base\main.py line 205
Application Start
2023-03-17 18:11:22,653 - DEBUG: File Sym_AlgoDriver.py, in Sym_AlgoDriver.__init__             
	File D:\2022-1\graduate_design\codes\qt_view\software_base\utils\Driver\Sym_AlgoDriver.py line 28
before init 22d22e55-abca-11d4-8f1a-0060b0ee18e8
2023-03-17 18:11:22,655 - DEBUG: File Sym_AlgoDriver.py, in Sym_AlgoDriver.__init__             
	File D:\2022-1\graduate_design\codes\qt_view\software_base\utils\Driver\Sym_AlgoDriver.py line 30
end init 22d22e55-abca-11d4-8f1a-0060b0ee18e8
2023-03-17 18:11:32,012 - DEBUG: File Sym_ShapeDriver.py, in Sym_ShapeDriver.GetValue             
	File D:\2022-1\graduate_design\codes\qt_view\software_base\utils\Driver\Sym_ShapeDriver.py line 101
Entry:0:1:1:1 get Trsf:"className": "TopLoc_Location", "Transformation": {"Location": [0, 0, 0], "Matrix": [1, 0, 0, 0, 1, 0, 0, 0, 1], "shape": 7, "scale": 1}, "IsIdentity": 0
2023-03-17 18:11:32,028 - DEBUG: File Logic_Application.py, in Logic_Application.UpdateCurrentViewer             
	File D:\2022-1\graduate_design\codes\qt_view\software_base\widgets\Logic_Application.py line 169
Run:shape
2023-03-17 18:11:55,805 - DEBUG: File main.py, in main.<module>             
	File D:\2022-1\graduate_design\codes\qt_view\software_base\main.py line 205
Application Start
2023-03-17 18:11:56,621 - DEBUG: File Sym_AlgoDriver.py, in Sym_AlgoDriver.__init__             
	File D:\2022-1\graduate_design\codes\qt_view\software_base\utils\Driver\Sym_AlgoDriver.py line 28
before init 22d22e55-abca-11d4-8f1a-0060b0ee18e8
2023-03-17 18:11:56,624 - DEBUG: File Sym_AlgoDriver.py, in Sym_AlgoDriver.__init__             
	File D:\2022-1\graduate_design\codes\qt_view\software_base\utils\Driver\Sym_AlgoDriver.py line 30
end init 22d22e55-abca-11d4-8f1a-0060b0ee18e8
2023-03-17 18:12:08,603 - DEBUG: File Sym_ShapeDriver.py, in Sym_ShapeDriver.GetValue             
	File D:\2022-1\graduate_design\codes\qt_view\software_base\utils\Driver\Sym_ShapeDriver.py line 101
Entry:0:1:1:1 get Trsf:"className": "TopLoc_Location", "Transformation": {"Location": [0, 0, 0], "Matrix": [1, 0, 0, 0, 1, 0, 0, 0, 1], "shape": 7, "scale": 1}, "IsIdentity": 0
2023-03-17 18:12:08,619 - DEBUG: File Logic_Application.py, in Logic_Application.UpdateCurrentViewer             
	File D:\2022-1\graduate_design\codes\qt_view\software_base\widgets\Logic_Application.py line 169
Run:shape
2023-03-17 18:12:50,358 - DEBUG: File main.py, in main.<module>             
	File D:\2022-1\graduate_design\codes\qt_view\software_base\main.py line 205
Application Start
2023-03-17 18:12:51,164 - DEBUG: File Sym_AlgoDriver.py, in Sym_AlgoDriver.__init__             
	File D:\2022-1\graduate_design\codes\qt_view\software_base\utils\Driver\Sym_AlgoDriver.py line 28
before init 22d22e55-abca-11d4-8f1a-0060b0ee18e8
2023-03-17 18:12:51,166 - DEBUG: File Sym_AlgoDriver.py, in Sym_AlgoDriver.__init__             
	File D:\2022-1\graduate_design\codes\qt_view\software_base\utils\Driver\Sym_AlgoDriver.py line 30
end init 22d22e55-abca-11d4-8f1a-0060b0ee18e8
2023-03-17 18:13:02,163 - DEBUG: File Sym_ShapeDriver.py, in Sym_ShapeDriver.GetValue             
	File D:\2022-1\graduate_design\codes\qt_view\software_base\utils\Driver\Sym_ShapeDriver.py line 101
Entry:0:1:1:1 get Trsf:"className": "TopLoc_Location", "Transformation": {"Location": [0, 0, 0], "Matrix": [1, 0, 0, 0, 1, 0, 0, 0, 1], "shape": 7, "scale": 1}, "IsIdentity": 0
2023-03-17 18:13:02,179 - DEBUG: File Logic_Application.py, in Logic_Application.UpdateCurrentViewer             
	File D:\2022-1\graduate_design\codes\qt_view\software_base\widgets\Logic_Application.py line 169
Run:shape
2023-03-17 20:13:54,998 - DEBUG: File main.py, in main.<module>             
	File D:\2022-1\graduate_design\codes\qt_view\software_base\main.py line 205
Application Start
2023-03-17 20:13:56,862 - DEBUG: File Sym_AlgoDriver.py, in Sym_AlgoDriver.__init__             
	File D:\2022-1\graduate_design\codes\qt_view\software_base\utils\Driver\Sym_AlgoDriver.py line 28
before init 22d22e55-abca-11d4-8f1a-0060b0ee18e8
2023-03-17 20:13:56,873 - DEBUG: File Sym_AlgoDriver.py, in Sym_AlgoDriver.__init__             
	File D:\2022-1\graduate_design\codes\qt_view\software_base\utils\Driver\Sym_AlgoDriver.py line 30
end init 22d22e55-abca-11d4-8f1a-0060b0ee18e8
2023-03-17 20:14:10,717 - DEBUG: File Sym_ShapeDriver.py, in Sym_ShapeDriver.GetValue             
	File D:\2022-1\graduate_design\codes\qt_view\software_base\utils\Driver\Sym_ShapeDriver.py line 101
Entry:0:1:1:1 get Trsf:"className": "TopLoc_Location", "Transformation": {"Location": [0, 0, 0], "Matrix": [1, 0, 0, 0, 1, 0, 0, 0, 1], "shape": 7, "scale": 1}, "IsIdentity": 0
2023-03-17 20:14:10,773 - DEBUG: File Logic_Application.py, in Logic_Application.UpdateCurrentViewer             
	File D:\2022-1\graduate_design\codes\qt_view\software_base\widgets\Logic_Application.py line 169
Run:shape
2023-03-17 20:15:52,676 - DEBUG: File main.py, in main.<module>             
	File D:\2022-1\graduate_design\codes\qt_view\software_base\main.py line 205
Application Start
2023-03-17 20:15:53,416 - DEBUG: File Sym_AlgoDriver.py, in Sym_AlgoDriver.__init__             
	File D:\2022-1\graduate_design\codes\qt_view\software_base\utils\Driver\Sym_AlgoDriver.py line 28
before init 22d22e55-abca-11d4-8f1a-0060b0ee18e8
2023-03-17 20:15:53,419 - DEBUG: File Sym_AlgoDriver.py, in Sym_AlgoDriver.__init__             
	File D:\2022-1\graduate_design\codes\qt_view\software_base\utils\Driver\Sym_AlgoDriver.py line 30
end init 22d22e55-abca-11d4-8f1a-0060b0ee18e8
2023-03-17 20:16:06,049 - DEBUG: File Sym_ShapeDriver.py, in Sym_ShapeDriver.GetValue             
	File D:\2022-1\graduate_design\codes\qt_view\software_base\utils\Driver\Sym_ShapeDriver.py line 101
Entry:0:1:1:1 get Trsf:"className": "TopLoc_Location", "Transformation": {"Location": [0, 0, 0], "Matrix": [1, 0, 0, 0, 1, 0, 0, 0, 1], "shape": 7, "scale": 1}, "IsIdentity": 0
2023-03-17 20:16:06,065 - DEBUG: File Logic_Application.py, in Logic_Application.UpdateCurrentViewer             
	File D:\2022-1\graduate_design\codes\qt_view\software_base\widgets\Logic_Application.py line 169
Run:shape
2023-03-17 20:16:07,130 - DEBUG: File Sym_ShapeDriver.py, in Sym_ShapeDriver.GetValue             
	File D:\2022-1\graduate_design\codes\qt_view\software_base\utils\Driver\Sym_ShapeDriver.py line 101
Entry:0:1:2:1 get Trsf:"className": "TopLoc_Location", "Transformation": {"Location": [0, 0, 0], "Matrix": [1, 0, 0, 0, 1, 0, 0, 0, 1], "shape": 7, "scale": 1}, "IsIdentity": 0
2023-03-17 20:16:07,145 - DEBUG: File Logic_Application.py, in Logic_Application.UpdateCurrentViewer             
	File D:\2022-1\graduate_design\codes\qt_view\software_base\widgets\Logic_Application.py line 169
Run:shape
2023-03-17 20:16:07,147 - DEBUG: File Logic_Application.py, in Logic_Application.UpdateCurrentViewer             
	File D:\2022-1\graduate_design\codes\qt_view\software_base\widgets\Logic_Application.py line 169
Run:shape
2023-03-17 20:22:55,888 - DEBUG: File main.py, in main.<module>             
	File D:\2022-1\graduate_design\codes\qt_view\software_base\main.py line 205
Application Start
2023-03-17 20:22:56,609 - DEBUG: File Sym_AlgoDriver.py, in Sym_AlgoDriver.__init__             
	File D:\2022-1\graduate_design\codes\qt_view\software_base\utils\Driver\Sym_AlgoDriver.py line 28
before init 22d22e55-abca-11d4-8f1a-0060b0ee18e8
2023-03-17 20:22:56,611 - DEBUG: File Sym_AlgoDriver.py, in Sym_AlgoDriver.__init__             
	File D:\2022-1\graduate_design\codes\qt_view\software_base\utils\Driver\Sym_AlgoDriver.py line 30
end init 22d22e55-abca-11d4-8f1a-0060b0ee18e8
2023-03-17 20:23:11,008 - DEBUG: File Sym_ShapeDriver.py, in Sym_ShapeDriver.GetValue             
	File D:\2022-1\graduate_design\codes\qt_view\software_base\utils\Driver\Sym_ShapeDriver.py line 101
Entry:0:1:1:1 get Trsf:"className": "TopLoc_Location", "Transformation": {"Location": [0, 0, 0], "Matrix": [1, 0, 0, 0, 1, 0, 0, 0, 1], "shape": 7, "scale": 1}, "IsIdentity": 0
2023-03-17 20:23:11,027 - DEBUG: File Logic_Application.py, in Logic_Application.UpdateCurrentViewer             
	File D:\2022-1\graduate_design\codes\qt_view\software_base\widgets\Logic_Application.py line 169
Run:shape
2023-03-17 20:23:45,176 - DEBUG: File main.py, in main.<module>             
	File D:\2022-1\graduate_design\codes\qt_view\software_base\main.py line 205
Application Start
2023-03-17 20:23:46,022 - DEBUG: File Sym_AlgoDriver.py, in Sym_AlgoDriver.__init__             
	File D:\2022-1\graduate_design\codes\qt_view\software_base\utils\Driver\Sym_AlgoDriver.py line 28
before init 22d22e55-abca-11d4-8f1a-0060b0ee18e8
2023-03-17 20:23:46,024 - DEBUG: File Sym_AlgoDriver.py, in Sym_AlgoDriver.__init__             
	File D:\2022-1\graduate_design\codes\qt_view\software_base\utils\Driver\Sym_AlgoDriver.py line 30
end init 22d22e55-abca-11d4-8f1a-0060b0ee18e8
2023-03-17 20:23:59,215 - DEBUG: File Sym_ShapeDriver.py, in Sym_ShapeDriver.GetValue             
	File D:\2022-1\graduate_design\codes\qt_view\software_base\utils\Driver\Sym_ShapeDriver.py line 101
Entry:0:1:1:1 get Trsf:"className": "TopLoc_Location", "Transformation": {"Location": [0, 0, 0], "Matrix": [1, 0, 0, 0, 1, 0, 0, 0, 1], "shape": 7, "scale": 1}, "IsIdentity": 0
2023-03-17 20:23:59,232 - DEBUG: File Logic_Application.py, in Logic_Application.UpdateCurrentViewer             
	File D:\2022-1\graduate_design\codes\qt_view\software_base\widgets\Logic_Application.py line 169
Run:shape
2023-03-17 20:24:31,860 - DEBUG: File main.py, in main.<module>             
	File D:\2022-1\graduate_design\codes\qt_view\software_base\main.py line 205
Application Start
2023-03-17 20:24:32,714 - DEBUG: File Sym_AlgoDriver.py, in Sym_AlgoDriver.__init__             
	File D:\2022-1\graduate_design\codes\qt_view\software_base\utils\Driver\Sym_AlgoDriver.py line 28
before init 22d22e55-abca-11d4-8f1a-0060b0ee18e8
2023-03-17 20:24:32,717 - DEBUG: File Sym_AlgoDriver.py, in Sym_AlgoDriver.__init__             
	File D:\2022-1\graduate_design\codes\qt_view\software_base\utils\Driver\Sym_AlgoDriver.py line 30
end init 22d22e55-abca-11d4-8f1a-0060b0ee18e8
2023-03-17 20:24:45,564 - DEBUG: File Sym_ShapeDriver.py, in Sym_ShapeDriver.GetValue             
	File D:\2022-1\graduate_design\codes\qt_view\software_base\utils\Driver\Sym_ShapeDriver.py line 101
Entry:0:1:1:1 get Trsf:"className": "TopLoc_Location", "Transformation": {"Location": [0, 0, 0], "Matrix": [1, 0, 0, 0, 1, 0, 0, 0, 1], "shape": 7, "scale": 1}, "IsIdentity": 0
2023-03-17 20:24:45,588 - DEBUG: File Logic_Application.py, in Logic_Application.UpdateCurrentViewer             
	File D:\2022-1\graduate_design\codes\qt_view\software_base\widgets\Logic_Application.py line 169
Run:shape
2023-03-17 20:26:19,519 - DEBUG: File main.py, in main.<module>             
	File D:\2022-1\graduate_design\codes\qt_view\software_base\main.py line 205
Application Start
2023-03-17 20:26:20,466 - DEBUG: File Sym_AlgoDriver.py, in Sym_AlgoDriver.__init__             
	File D:\2022-1\graduate_design\codes\qt_view\software_base\utils\Driver\Sym_AlgoDriver.py line 28
before init 22d22e55-abca-11d4-8f1a-0060b0ee18e8
2023-03-17 20:26:20,469 - DEBUG: File Sym_AlgoDriver.py, in Sym_AlgoDriver.__init__             
	File D:\2022-1\graduate_design\codes\qt_view\software_base\utils\Driver\Sym_AlgoDriver.py line 30
end init 22d22e55-abca-11d4-8f1a-0060b0ee18e8
2023-03-17 20:26:31,671 - DEBUG: File Sym_ShapeDriver.py, in Sym_ShapeDriver.GetValue             
	File D:\2022-1\graduate_design\codes\qt_view\software_base\utils\Driver\Sym_ShapeDriver.py line 101
Entry:0:1:1:1 get Trsf:"className": "TopLoc_Location", "Transformation": {"Location": [0, 0, 0], "Matrix": [1, 0, 0, 0, 1, 0, 0, 0, 1], "shape": 7, "scale": 1}, "IsIdentity": 0
2023-03-17 20:26:31,691 - DEBUG: File Logic_Application.py, in Logic_Application.UpdateCurrentViewer             
	File D:\2022-1\graduate_design\codes\qt_view\software_base\widgets\Logic_Application.py line 169
Run:shape
2023-03-17 21:15:46,880 - DEBUG: File main.py, in main.<module>             
	File D:\2022-1\graduate_design\codes\qt_view\software_base\main.py line 206
Application Start
2023-03-17 21:15:47,605 - DEBUG: File Sym_AlgoDriver.py, in Sym_AlgoDriver.__init__             
	File D:\2022-1\graduate_design\codes\qt_view\software_base\utils\Driver\Sym_AlgoDriver.py line 28
before init 22d22e55-abca-11d4-8f1a-0060b0ee18e8
2023-03-17 21:15:47,608 - DEBUG: File Sym_AlgoDriver.py, in Sym_AlgoDriver.__init__             
	File D:\2022-1\graduate_design\codes\qt_view\software_base\utils\Driver\Sym_AlgoDriver.py line 30
end init 22d22e55-abca-11d4-8f1a-0060b0ee18e8
2023-03-17 21:17:30,513 - DEBUG: File main.py, in main.<module>             
	File D:\2022-1\graduate_design\codes\qt_view\software_base\main.py line 206
Application Start
2023-03-17 21:17:31,308 - DEBUG: File Sym_AlgoDriver.py, in Sym_AlgoDriver.__init__             
	File D:\2022-1\graduate_design\codes\qt_view\software_base\utils\Driver\Sym_AlgoDriver.py line 28
before init 22d22e55-abca-11d4-8f1a-0060b0ee18e8
2023-03-17 21:17:31,310 - DEBUG: File Sym_AlgoDriver.py, in Sym_AlgoDriver.__init__             
	File D:\2022-1\graduate_design\codes\qt_view\software_base\utils\Driver\Sym_AlgoDriver.py line 30
end init 22d22e55-abca-11d4-8f1a-0060b0ee18e8
2023-03-17 21:17:52,419 - DEBUG: File main.py, in main.<module>             
	File D:\2022-1\graduate_design\codes\qt_view\software_base\main.py line 206
Application Start
2023-03-17 21:17:53,097 - DEBUG: File Sym_AlgoDriver.py, in Sym_AlgoDriver.__init__             
	File D:\2022-1\graduate_design\codes\qt_view\software_base\utils\Driver\Sym_AlgoDriver.py line 28
before init 22d22e55-abca-11d4-8f1a-0060b0ee18e8
2023-03-17 21:17:53,099 - DEBUG: File Sym_AlgoDriver.py, in Sym_AlgoDriver.__init__             
	File D:\2022-1\graduate_design\codes\qt_view\software_base\utils\Driver\Sym_AlgoDriver.py line 30
end init 22d22e55-abca-11d4-8f1a-0060b0ee18e8
2023-03-17 21:18:04,738 - DEBUG: File Sym_ShapeDriver.py, in Sym_ShapeDriver.GetValue             
	File D:\2022-1\graduate_design\codes\qt_view\software_base\utils\Driver\Sym_ShapeDriver.py line 101
Entry:0:1:1:1 get Trsf:"className": "TopLoc_Location", "Transformation": {"Location": [0, 0, 0], "Matrix": [1, 0, 0, 0, 1, 0, 0, 0, 1], "shape": 7, "scale": 1}, "IsIdentity": 0
2023-03-17 21:18:04,749 - DEBUG: File Logic_Application.py, in Logic_Application.UpdateCurrentViewer             
	File D:\2022-1\graduate_design\codes\qt_view\software_base\widgets\Logic_Application.py line 169
Run:shape
2023-03-17 21:20:35,124 - DEBUG: File main.py, in main.<module>             
	File D:\2022-1\graduate_design\codes\qt_view\software_base\main.py line 206
Application Start
2023-03-17 21:20:35,911 - DEBUG: File Sym_AlgoDriver.py, in Sym_AlgoDriver.__init__             
	File D:\2022-1\graduate_design\codes\qt_view\software_base\utils\Driver\Sym_AlgoDriver.py line 28
before init 22d22e55-abca-11d4-8f1a-0060b0ee18e8
2023-03-17 21:20:35,914 - DEBUG: File Sym_AlgoDriver.py, in Sym_AlgoDriver.__init__             
	File D:\2022-1\graduate_design\codes\qt_view\software_base\utils\Driver\Sym_AlgoDriver.py line 30
end init 22d22e55-abca-11d4-8f1a-0060b0ee18e8
2023-03-17 21:20:47,701 - DEBUG: File Sym_ShapeDriver.py, in Sym_ShapeDriver.GetValue             
	File D:\2022-1\graduate_design\codes\qt_view\software_base\utils\Driver\Sym_ShapeDriver.py line 101
Entry:0:1:1:1 get Trsf:"className": "TopLoc_Location", "Transformation": {"Location": [0, 0, 0], "Matrix": [1, 0, 0, 0, 1, 0, 0, 0, 1], "shape": 7, "scale": 1}, "IsIdentity": 0
2023-03-17 21:20:47,718 - DEBUG: File Logic_Application.py, in Logic_Application.UpdateCurrentViewer             
	File D:\2022-1\graduate_design\codes\qt_view\software_base\widgets\Logic_Application.py line 169
Run:shape
2023-03-17 21:22:04,361 - DEBUG: File main.py, in main.<module>             
	File D:\2022-1\graduate_design\codes\qt_view\software_base\main.py line 206
Application Start
2023-03-17 21:22:05,169 - DEBUG: File Sym_AlgoDriver.py, in Sym_AlgoDriver.__init__             
	File D:\2022-1\graduate_design\codes\qt_view\software_base\utils\Driver\Sym_AlgoDriver.py line 28
before init 22d22e55-abca-11d4-8f1a-0060b0ee18e8
2023-03-17 21:22:05,170 - DEBUG: File Sym_AlgoDriver.py, in Sym_AlgoDriver.__init__             
	File D:\2022-1\graduate_design\codes\qt_view\software_base\utils\Driver\Sym_AlgoDriver.py line 30
end init 22d22e55-abca-11d4-8f1a-0060b0ee18e8
2023-03-17 21:22:16,727 - DEBUG: File Sym_ShapeDriver.py, in Sym_ShapeDriver.GetValue             
	File D:\2022-1\graduate_design\codes\qt_view\software_base\utils\Driver\Sym_ShapeDriver.py line 101
Entry:0:1:1:1 get Trsf:"className": "TopLoc_Location", "Transformation": {"Location": [0, 0, 0], "Matrix": [1, 0, 0, 0, 1, 0, 0, 0, 1], "shape": 7, "scale": 1}, "IsIdentity": 0
2023-03-17 21:22:16,745 - DEBUG: File Logic_Application.py, in Logic_Application.UpdateCurrentViewer             
	File D:\2022-1\graduate_design\codes\qt_view\software_base\widgets\Logic_Application.py line 169
Run:shape
2023-03-17 21:23:07,142 - DEBUG: File main.py, in main.<module>             
	File D:\2022-1\graduate_design\codes\qt_view\software_base\main.py line 206
Application Start
2023-03-17 21:23:07,856 - DEBUG: File Sym_AlgoDriver.py, in Sym_AlgoDriver.__init__             
	File D:\2022-1\graduate_design\codes\qt_view\software_base\utils\Driver\Sym_AlgoDriver.py line 28
before init 22d22e55-abca-11d4-8f1a-0060b0ee18e8
2023-03-17 21:23:07,858 - DEBUG: File Sym_AlgoDriver.py, in Sym_AlgoDriver.__init__             
	File D:\2022-1\graduate_design\codes\qt_view\software_base\utils\Driver\Sym_AlgoDriver.py line 30
end init 22d22e55-abca-11d4-8f1a-0060b0ee18e8
2023-03-17 21:23:20,938 - DEBUG: File Sym_ShapeDriver.py, in Sym_ShapeDriver.GetValue             
	File D:\2022-1\graduate_design\codes\qt_view\software_base\utils\Driver\Sym_ShapeDriver.py line 101
Entry:0:1:1:1 get Trsf:"className": "TopLoc_Location", "Transformation": {"Location": [0, 0, 0], "Matrix": [1, 0, 0, 0, 1, 0, 0, 0, 1], "shape": 7, "scale": 1}, "IsIdentity": 0
2023-03-17 21:23:20,955 - DEBUG: File Logic_Application.py, in Logic_Application.UpdateCurrentViewer             
	File D:\2022-1\graduate_design\codes\qt_view\software_base\widgets\Logic_Application.py line 169
Run:shape
2023-03-17 21:24:06,365 - DEBUG: File main.py, in main.<module>             
	File D:\2022-1\graduate_design\codes\qt_view\software_base\main.py line 206
Application Start
2023-03-17 21:24:07,046 - DEBUG: File Sym_AlgoDriver.py, in Sym_AlgoDriver.__init__             
	File D:\2022-1\graduate_design\codes\qt_view\software_base\utils\Driver\Sym_AlgoDriver.py line 28
before init 22d22e55-abca-11d4-8f1a-0060b0ee18e8
2023-03-17 21:24:07,049 - DEBUG: File Sym_AlgoDriver.py, in Sym_AlgoDriver.__init__             
	File D:\2022-1\graduate_design\codes\qt_view\software_base\utils\Driver\Sym_AlgoDriver.py line 30
end init 22d22e55-abca-11d4-8f1a-0060b0ee18e8
2023-03-17 21:24:17,632 - DEBUG: File Sym_ShapeDriver.py, in Sym_ShapeDriver.GetValue             
	File D:\2022-1\graduate_design\codes\qt_view\software_base\utils\Driver\Sym_ShapeDriver.py line 101
Entry:0:1:1:1 get Trsf:"className": "TopLoc_Location", "Transformation": {"Location": [0, 0, 0], "Matrix": [1, 0, 0, 0, 1, 0, 0, 0, 1], "shape": 7, "scale": 1}, "IsIdentity": 0
2023-03-17 21:24:17,648 - DEBUG: File Logic_Application.py, in Logic_Application.UpdateCurrentViewer             
	File D:\2022-1\graduate_design\codes\qt_view\software_base\widgets\Logic_Application.py line 169
Run:shape
2023-03-17 21:28:33,523 - DEBUG: File main.py, in main.<module>             
	File D:\2022-1\graduate_design\codes\qt_view\software_base\main.py line 206
Application Start
2023-03-17 21:28:34,392 - DEBUG: File Sym_AlgoDriver.py, in Sym_AlgoDriver.__init__             
	File D:\2022-1\graduate_design\codes\qt_view\software_base\utils\Driver\Sym_AlgoDriver.py line 28
before init 22d22e55-abca-11d4-8f1a-0060b0ee18e8
2023-03-17 21:28:34,395 - DEBUG: File Sym_AlgoDriver.py, in Sym_AlgoDriver.__init__             
	File D:\2022-1\graduate_design\codes\qt_view\software_base\utils\Driver\Sym_AlgoDriver.py line 30
end init 22d22e55-abca-11d4-8f1a-0060b0ee18e8
2023-03-17 21:28:47,900 - DEBUG: File Sym_ShapeDriver.py, in Sym_ShapeDriver.GetValue             
	File D:\2022-1\graduate_design\codes\qt_view\software_base\utils\Driver\Sym_ShapeDriver.py line 101
Entry:0:1:1:1 get Trsf:"className": "TopLoc_Location", "Transformation": {"Location": [0, 0, 0], "Matrix": [1, 0, 0, 0, 1, 0, 0, 0, 1], "shape": 7, "scale": 1}, "IsIdentity": 0
2023-03-17 21:28:47,919 - DEBUG: File Logic_Application.py, in Logic_Application.UpdateCurrentViewer             
	File D:\2022-1\graduate_design\codes\qt_view\software_base\widgets\Logic_Application.py line 169
Run:shape
2023-03-17 21:29:48,328 - DEBUG: File main.py, in main.<module>             
	File D:\2022-1\graduate_design\codes\qt_view\software_base\main.py line 206
Application Start
2023-03-17 21:29:49,073 - DEBUG: File Sym_AlgoDriver.py, in Sym_AlgoDriver.__init__             
	File D:\2022-1\graduate_design\codes\qt_view\software_base\utils\Driver\Sym_AlgoDriver.py line 28
before init 22d22e55-abca-11d4-8f1a-0060b0ee18e8
2023-03-17 21:29:49,075 - DEBUG: File Sym_AlgoDriver.py, in Sym_AlgoDriver.__init__             
	File D:\2022-1\graduate_design\codes\qt_view\software_base\utils\Driver\Sym_AlgoDriver.py line 30
end init 22d22e55-abca-11d4-8f1a-0060b0ee18e8
2023-03-17 21:30:03,164 - DEBUG: File Sym_ShapeDriver.py, in Sym_ShapeDriver.GetValue             
	File D:\2022-1\graduate_design\codes\qt_view\software_base\utils\Driver\Sym_ShapeDriver.py line 101
Entry:0:1:1:1 get Trsf:"className": "TopLoc_Location", "Transformation": {"Location": [0, 0, 0], "Matrix": [1, 0, 0, 0, 1, 0, 0, 0, 1], "shape": 7, "scale": 1}, "IsIdentity": 0
2023-03-17 21:30:03,181 - DEBUG: File Logic_Application.py, in Logic_Application.UpdateCurrentViewer             
	File D:\2022-1\graduate_design\codes\qt_view\software_base\widgets\Logic_Application.py line 169
Run:shape
2023-03-17 21:47:56,131 - DEBUG: File main.py, in main.<module>             
	File D:\2022-1\graduate_design\codes\qt_view\software_base\main.py line 206
Application Start
2023-03-17 21:48:00,578 - DEBUG: File Sym_AlgoDriver.py, in Sym_AlgoDriver.__init__             
	File D:\2022-1\graduate_design\codes\qt_view\software_base\utils\Driver\Sym_AlgoDriver.py line 28
before init 22d22e55-abca-11d4-8f1a-0060b0ee18e8
2023-03-17 21:48:00,583 - DEBUG: File Sym_AlgoDriver.py, in Sym_AlgoDriver.__init__             
	File D:\2022-1\graduate_design\codes\qt_view\software_base\utils\Driver\Sym_AlgoDriver.py line 30
end init 22d22e55-abca-11d4-8f1a-0060b0ee18e8
2023-03-17 21:48:21,142 - DEBUG: File Sym_ShapeDriver.py, in Sym_ShapeDriver.GetValue             
	File D:\2022-1\graduate_design\codes\qt_view\software_base\utils\Driver\Sym_ShapeDriver.py line 101
Entry:0:1:1:1 get Trsf:"className": "TopLoc_Location", "Transformation": {"Location": [0, 0, 0], "Matrix": [1, 0, 0, 0, 1, 0, 0, 0, 1], "shape": 7, "scale": 1}, "IsIdentity": 0
2023-03-17 21:48:21,162 - DEBUG: File Logic_Application.py, in Logic_Application.UpdateCurrentViewer             
	File D:\2022-1\graduate_design\codes\qt_view\software_base\widgets\Logic_Application.py line 169
Run:shape
2023-03-17 21:48:46,624 - DEBUG: File main.py, in main.<module>             
	File D:\2022-1\graduate_design\codes\qt_view\software_base\main.py line 206
Application Start
2023-03-17 21:48:47,339 - DEBUG: File Sym_AlgoDriver.py, in Sym_AlgoDriver.__init__             
	File D:\2022-1\graduate_design\codes\qt_view\software_base\utils\Driver\Sym_AlgoDriver.py line 28
before init 22d22e55-abca-11d4-8f1a-0060b0ee18e8
2023-03-17 21:48:47,341 - DEBUG: File Sym_AlgoDriver.py, in Sym_AlgoDriver.__init__             
	File D:\2022-1\graduate_design\codes\qt_view\software_base\utils\Driver\Sym_AlgoDriver.py line 30
end init 22d22e55-abca-11d4-8f1a-0060b0ee18e8
2023-03-17 21:49:21,558 - DEBUG: File Sym_GeomDriver.py, in Sym_GeomDriver.Execute             
	File D:\2022-1\graduate_design\codes\qt_view\software_base\utils\Driver\Sym_GeomDriver.py line 49
Entry:0:1:1 Excute bezier
2023-03-17 21:49:21,570 - DEBUG: File Sym_DataDriver.py, in Sym_DataDriver.GetValue             
	File D:\2022-1\graduate_design\codes\qt_view\software_base\utils\Driver\Sym_DataDriver.py line 128
Return array<OCC.Core.TColgp.TColgp_Array1OfPnt; proxy of <Swig Object of type 'TColgp_Array1OfPnt *' at 0x000001E7881E8AE0> >
2023-03-17 21:49:21,574 - DEBUG: File Sym_GeomDriver.py, in Sym_GeomDriver.Execute             
	File D:\2022-1\graduate_design\codes\qt_view\software_base\utils\Driver\Sym_GeomDriver.py line 58
Entry:0:1:1 Excute bezier
2023-03-17 21:49:21,583 - DEBUG: File Sym_GeomDriver.py, in Sym_GeomDriver.Execute             
	File D:\2022-1\graduate_design\codes\qt_view\software_base\utils\Driver\Sym_GeomDriver.py line 61
Entry:0:1:1 Excute bezier
2023-03-17 21:49:21,594 - DEBUG: File Logic_Application.py, in Logic_Application.UpdateCurrentViewer             
	File D:\2022-1\graduate_design\codes\qt_view\software_base\widgets\Logic_Application.py line 169
Run:shape
2023-03-17 21:52:26,507 - DEBUG: File main.py, in main.<module>             
	File D:\2022-1\graduate_design\codes\qt_view\software_base\main.py line 206
Application Start
2023-03-17 21:52:54,825 - DEBUG: File main.py, in main.<module>             
	File D:\2022-1\graduate_design\codes\qt_view\software_base\main.py line 206
Application Start
2023-03-17 21:52:55,578 - DEBUG: File Sym_AlgoDriver.py, in Sym_AlgoDriver.__init__             
	File D:\2022-1\graduate_design\codes\qt_view\software_base\utils\Driver\Sym_AlgoDriver.py line 28
before init 22d22e55-abca-11d4-8f1a-0060b0ee18e8
2023-03-17 21:52:55,580 - DEBUG: File Sym_AlgoDriver.py, in Sym_AlgoDriver.__init__             
	File D:\2022-1\graduate_design\codes\qt_view\software_base\utils\Driver\Sym_AlgoDriver.py line 30
end init 22d22e55-abca-11d4-8f1a-0060b0ee18e8
2023-03-17 21:53:06,595 - DEBUG: File Sym_ShapeDriver.py, in Sym_ShapeDriver.GetValue             
	File D:\2022-1\graduate_design\codes\qt_view\software_base\utils\Driver\Sym_ShapeDriver.py line 101
Entry:0:1:1:1 get Trsf:"className": "TopLoc_Location", "Transformation": {"Location": [0, 0, 0], "Matrix": [1, 0, 0, 0, 1, 0, 0, 0, 1], "shape": 7, "scale": 1}, "IsIdentity": 0
2023-03-17 21:53:06,610 - DEBUG: File Logic_Application.py, in Logic_Application.UpdateCurrentViewer             
	File D:\2022-1\graduate_design\codes\qt_view\software_base\widgets\Logic_Application.py line 169
Run:shape
2023-03-17 22:00:30,137 - DEBUG: File main.py, in main.<module>             
	File D:\2022-1\graduate_design\codes\qt_view\software_base\main.py line 206
Application Start
2023-03-17 22:00:30,888 - DEBUG: File Sym_AlgoDriver.py, in Sym_AlgoDriver.__init__             
	File D:\2022-1\graduate_design\codes\qt_view\software_base\utils\Driver\Sym_AlgoDriver.py line 28
before init 22d22e55-abca-11d4-8f1a-0060b0ee18e8
2023-03-17 22:00:30,890 - DEBUG: File Sym_AlgoDriver.py, in Sym_AlgoDriver.__init__             
	File D:\2022-1\graduate_design\codes\qt_view\software_base\utils\Driver\Sym_AlgoDriver.py line 30
end init 22d22e55-abca-11d4-8f1a-0060b0ee18e8
2023-03-17 22:00:44,927 - DEBUG: File Sym_ShapeDriver.py, in Sym_ShapeDriver.GetValue             
	File D:\2022-1\graduate_design\codes\qt_view\software_base\utils\Driver\Sym_ShapeDriver.py line 101
Entry:0:1:1:1 get Trsf:"className": "TopLoc_Location", "Transformation": {"Location": [0, 0, 0], "Matrix": [1, 0, 0, 0, 1, 0, 0, 0, 1], "shape": 7, "scale": 1}, "IsIdentity": 0
2023-03-17 22:00:44,946 - DEBUG: File Logic_Application.py, in Logic_Application.UpdateCurrentViewer             
	File D:\2022-1\graduate_design\codes\qt_view\software_base\widgets\Logic_Application.py line 169
Run:shape
2023-03-17 22:02:51,089 - DEBUG: File main.py, in main.<module>             
	File D:\2022-1\graduate_design\codes\qt_view\software_base\main.py line 206
Application Start
2023-03-17 22:02:51,909 - DEBUG: File Sym_AlgoDriver.py, in Sym_AlgoDriver.__init__             
	File D:\2022-1\graduate_design\codes\qt_view\software_base\utils\Driver\Sym_AlgoDriver.py line 28
before init 22d22e55-abca-11d4-8f1a-0060b0ee18e8
2023-03-17 22:02:51,911 - DEBUG: File Sym_AlgoDriver.py, in Sym_AlgoDriver.__init__             
	File D:\2022-1\graduate_design\codes\qt_view\software_base\utils\Driver\Sym_AlgoDriver.py line 30
end init 22d22e55-abca-11d4-8f1a-0060b0ee18e8
2023-03-17 22:15:05,913 - DEBUG: File main.py, in main.<module>             
	File D:\2022-1\graduate_design\codes\qt_view\software_base\main.py line 206
Application Start
2023-03-17 22:15:08,584 - DEBUG: File Sym_AlgoDriver.py, in Sym_AlgoDriver.__init__             
	File D:\2022-1\graduate_design\codes\qt_view\software_base\utils\Driver\Sym_AlgoDriver.py line 28
before init 22d22e55-abca-11d4-8f1a-0060b0ee18e8
2023-03-17 22:15:08,593 - DEBUG: File Sym_AlgoDriver.py, in Sym_AlgoDriver.__init__             
	File D:\2022-1\graduate_design\codes\qt_view\software_base\utils\Driver\Sym_AlgoDriver.py line 30
end init 22d22e55-abca-11d4-8f1a-0060b0ee18e8
2023-03-17 22:15:34,580 - DEBUG: File main.py, in main.<module>             
	File D:\2022-1\graduate_design\codes\qt_view\software_base\main.py line 206
Application Start
2023-03-17 22:15:35,479 - DEBUG: File Sym_AlgoDriver.py, in Sym_AlgoDriver.__init__             
	File D:\2022-1\graduate_design\codes\qt_view\software_base\utils\Driver\Sym_AlgoDriver.py line 28
before init 22d22e55-abca-11d4-8f1a-0060b0ee18e8
2023-03-17 22:15:35,483 - DEBUG: File Sym_AlgoDriver.py, in Sym_AlgoDriver.__init__             
	File D:\2022-1\graduate_design\codes\qt_view\software_base\utils\Driver\Sym_AlgoDriver.py line 30
end init 22d22e55-abca-11d4-8f1a-0060b0ee18e8
2023-03-17 22:15:46,683 - DEBUG: File Sym_ShapeDriver.py, in Sym_ShapeDriver.GetValue             
	File D:\2022-1\graduate_design\codes\qt_view\software_base\utils\Driver\Sym_ShapeDriver.py line 101
Entry:0:1:1:1 get Trsf:"className": "TopLoc_Location", "Transformation": {"Location": [0, 0, 0], "Matrix": [1, 0, 0, 0, 1, 0, 0, 0, 1], "shape": 7, "scale": 1}, "IsIdentity": 0
2023-03-17 22:15:46,763 - DEBUG: File Logic_Application.py, in Logic_Application.UpdateCurrentViewer             
	File D:\2022-1\graduate_design\codes\qt_view\software_base\widgets\Logic_Application.py line 169
Run:shape
2023-03-17 23:45:59,110 - DEBUG: File main.py, in main.<module>             
	File D:\2022-1\graduate_design\codes\qt_view\software_base\main.py line 206
Application Start
2023-03-17 23:46:01,395 - DEBUG: File Sym_AlgoDriver.py, in Sym_AlgoDriver.__init__             
	File D:\2022-1\graduate_design\codes\qt_view\software_base\utils\Driver\Sym_AlgoDriver.py line 28
before init 22d22e55-abca-11d4-8f1a-0060b0ee18e8
2023-03-17 23:46:01,398 - DEBUG: File Sym_AlgoDriver.py, in Sym_AlgoDriver.__init__             
	File D:\2022-1\graduate_design\codes\qt_view\software_base\utils\Driver\Sym_AlgoDriver.py line 30
end init 22d22e55-abca-11d4-8f1a-0060b0ee18e8
2023-03-17 23:47:25,902 - DEBUG: File main.py, in main.<module>             
	File D:\2022-1\graduate_design\codes\qt_view\software_base\main.py line 206
Application Start
2023-03-17 23:47:26,775 - DEBUG: File Sym_AlgoDriver.py, in Sym_AlgoDriver.__init__             
	File D:\2022-1\graduate_design\codes\qt_view\software_base\utils\Driver\Sym_AlgoDriver.py line 28
before init 22d22e55-abca-11d4-8f1a-0060b0ee18e8
2023-03-17 23:47:26,778 - DEBUG: File Sym_AlgoDriver.py, in Sym_AlgoDriver.__init__             
	File D:\2022-1\graduate_design\codes\qt_view\software_base\utils\Driver\Sym_AlgoDriver.py line 30
end init 22d22e55-abca-11d4-8f1a-0060b0ee18e8
2023-03-17 23:47:38,200 - DEBUG: File Sym_ShapeDriver.py, in Sym_ShapeDriver.GetValue             
	File D:\2022-1\graduate_design\codes\qt_view\software_base\utils\Driver\Sym_ShapeDriver.py line 101
Entry:0:1:1:1 get Trsf:"className": "TopLoc_Location", "Transformation": {"Location": [0, 0, 0], "Matrix": [1, 0, 0, 0, 1, 0, 0, 0, 1], "shape": 7, "scale": 1}, "IsIdentity": 0
2023-03-17 23:47:38,269 - DEBUG: File Logic_Application.py, in Logic_Application.UpdateCurrentViewer             
	File D:\2022-1\graduate_design\codes\qt_view\software_base\widgets\Logic_Application.py line 169
Run:shape
2023-03-17 23:50:15,942 - DEBUG: File main.py, in main.<module>             
	File D:\2022-1\graduate_design\codes\qt_view\software_base\main.py line 206
Application Start
2023-03-17 23:50:16,790 - DEBUG: File Sym_AlgoDriver.py, in Sym_AlgoDriver.__init__             
	File D:\2022-1\graduate_design\codes\qt_view\software_base\utils\Driver\Sym_AlgoDriver.py line 28
before init 22d22e55-abca-11d4-8f1a-0060b0ee18e8
2023-03-17 23:50:16,793 - DEBUG: File Sym_AlgoDriver.py, in Sym_AlgoDriver.__init__             
	File D:\2022-1\graduate_design\codes\qt_view\software_base\utils\Driver\Sym_AlgoDriver.py line 30
end init 22d22e55-abca-11d4-8f1a-0060b0ee18e8
2023-03-17 23:50:42,730 - DEBUG: File Sym_ShapeDriver.py, in Sym_ShapeDriver.GetValue             
	File D:\2022-1\graduate_design\codes\qt_view\software_base\utils\Driver\Sym_ShapeDriver.py line 101
Entry:0:1:1:1 get Trsf:"className": "TopLoc_Location", "Transformation": {"Location": [0, 0, 0], "Matrix": [1, 0, 0, 0, 1, 0, 0, 0, 1], "shape": 7, "scale": 1}, "IsIdentity": 0
2023-03-17 23:50:42,746 - DEBUG: File Logic_Application.py, in Logic_Application.UpdateCurrentViewer             
	File D:\2022-1\graduate_design\codes\qt_view\software_base\widgets\Logic_Application.py line 169
Run:shape
2023-03-17 23:51:12,857 - DEBUG: File main.py, in main.<module>             
	File D:\2022-1\graduate_design\codes\qt_view\software_base\main.py line 206
Application Start
2023-03-17 23:51:13,689 - DEBUG: File Sym_AlgoDriver.py, in Sym_AlgoDriver.__init__             
	File D:\2022-1\graduate_design\codes\qt_view\software_base\utils\Driver\Sym_AlgoDriver.py line 28
before init 22d22e55-abca-11d4-8f1a-0060b0ee18e8
2023-03-17 23:51:13,691 - DEBUG: File Sym_AlgoDriver.py, in Sym_AlgoDriver.__init__             
	File D:\2022-1\graduate_design\codes\qt_view\software_base\utils\Driver\Sym_AlgoDriver.py line 30
end init 22d22e55-abca-11d4-8f1a-0060b0ee18e8
2023-03-17 23:51:50,643 - DEBUG: File Sym_GeomDriver.py, in Sym_GeomDriver.Execute             
	File D:\2022-1\graduate_design\codes\qt_view\software_base\utils\Driver\Sym_GeomDriver.py line 49
Entry:0:1:1 Excute bezier
2023-03-17 23:51:50,663 - DEBUG: File Sym_DataDriver.py, in Sym_DataDriver.GetValue             
	File D:\2022-1\graduate_design\codes\qt_view\software_base\utils\Driver\Sym_DataDriver.py line 128
Return array<OCC.Core.TColgp.TColgp_Array1OfPnt; proxy of <Swig Object of type 'TColgp_Array1OfPnt *' at 0x00000260684CD8D0> >
2023-03-17 23:51:50,667 - DEBUG: File Sym_GeomDriver.py, in Sym_GeomDriver.Execute             
	File D:\2022-1\graduate_design\codes\qt_view\software_base\utils\Driver\Sym_GeomDriver.py line 58
Entry:0:1:1 Excute bezier
2023-03-17 23:51:50,673 - DEBUG: File Sym_GeomDriver.py, in Sym_GeomDriver.Execute             
	File D:\2022-1\graduate_design\codes\qt_view\software_base\utils\Driver\Sym_GeomDriver.py line 61
Entry:0:1:1 Excute bezier
2023-03-17 23:51:50,687 - DEBUG: File Logic_Application.py, in Logic_Application.UpdateCurrentViewer             
	File D:\2022-1\graduate_design\codes\qt_view\software_base\widgets\Logic_Application.py line 169
Run:shape
2023-03-17 23:52:28,049 - DEBUG: File main.py, in main.<module>             
	File D:\2022-1\graduate_design\codes\qt_view\software_base\main.py line 206
Application Start
2023-03-17 23:52:28,889 - DEBUG: File Sym_AlgoDriver.py, in Sym_AlgoDriver.__init__             
	File D:\2022-1\graduate_design\codes\qt_view\software_base\utils\Driver\Sym_AlgoDriver.py line 28
before init 22d22e55-abca-11d4-8f1a-0060b0ee18e8
2023-03-17 23:52:28,891 - DEBUG: File Sym_AlgoDriver.py, in Sym_AlgoDriver.__init__             
	File D:\2022-1\graduate_design\codes\qt_view\software_base\utils\Driver\Sym_AlgoDriver.py line 30
end init 22d22e55-abca-11d4-8f1a-0060b0ee18e8
2023-03-17 23:52:56,989 - DEBUG: File Sym_GeomDriver.py, in Sym_GeomDriver.Execute             
	File D:\2022-1\graduate_design\codes\qt_view\software_base\utils\Driver\Sym_GeomDriver.py line 49
Entry:0:1:1 Excute bezier
2023-03-17 23:52:57,001 - DEBUG: File Sym_DataDriver.py, in Sym_DataDriver.GetValue             
	File D:\2022-1\graduate_design\codes\qt_view\software_base\utils\Driver\Sym_DataDriver.py line 128
Return array<OCC.Core.TColgp.TColgp_Array1OfPnt; proxy of <Swig Object of type 'TColgp_Array1OfPnt *' at 0x0000016ACB23D9F0> >
2023-03-17 23:52:57,003 - DEBUG: File Sym_GeomDriver.py, in Sym_GeomDriver.Execute             
	File D:\2022-1\graduate_design\codes\qt_view\software_base\utils\Driver\Sym_GeomDriver.py line 58
Entry:0:1:1 Excute bezier
2023-03-17 23:52:57,006 - DEBUG: File Sym_GeomDriver.py, in Sym_GeomDriver.Execute             
	File D:\2022-1\graduate_design\codes\qt_view\software_base\utils\Driver\Sym_GeomDriver.py line 61
Entry:0:1:1 Excute bezier
2023-03-17 23:52:57,014 - DEBUG: File Logic_Application.py, in Logic_Application.UpdateCurrentViewer             
	File D:\2022-1\graduate_design\codes\qt_view\software_base\widgets\Logic_Application.py line 169
Run:shape
2023-03-17 23:57:51,334 - DEBUG: File main.py, in main.<module>             
	File D:\2022-1\graduate_design\codes\qt_view\software_base\main.py line 206
Application Start
2023-03-17 23:57:52,239 - DEBUG: File Sym_AlgoDriver.py, in Sym_AlgoDriver.__init__             
	File D:\2022-1\graduate_design\codes\qt_view\software_base\utils\Driver\Sym_AlgoDriver.py line 28
before init 22d22e55-abca-11d4-8f1a-0060b0ee18e8
2023-03-17 23:57:52,243 - DEBUG: File Sym_AlgoDriver.py, in Sym_AlgoDriver.__init__             
	File D:\2022-1\graduate_design\codes\qt_view\software_base\utils\Driver\Sym_AlgoDriver.py line 30
end init 22d22e55-abca-11d4-8f1a-0060b0ee18e8
2023-03-17 23:58:18,613 - DEBUG: File Sym_GeomDriver.py, in Sym_GeomDriver.Execute             
	File D:\2022-1\graduate_design\codes\qt_view\software_base\utils\Driver\Sym_GeomDriver.py line 49
Entry:0:1:1 Excute bezier
2023-03-17 23:58:18,625 - DEBUG: File Sym_DataDriver.py, in Sym_DataDriver.GetValue             
	File D:\2022-1\graduate_design\codes\qt_view\software_base\utils\Driver\Sym_DataDriver.py line 128
Return array<OCC.Core.TColgp.TColgp_Array1OfPnt; proxy of <Swig Object of type 'TColgp_Array1OfPnt *' at 0x00000115EF3B8CC0> >
2023-03-17 23:58:18,627 - DEBUG: File Sym_GeomDriver.py, in Sym_GeomDriver.Execute             
	File D:\2022-1\graduate_design\codes\qt_view\software_base\utils\Driver\Sym_GeomDriver.py line 58
Entry:0:1:1 Excute bezier
2023-03-17 23:58:18,629 - DEBUG: File Sym_GeomDriver.py, in Sym_GeomDriver.Execute             
	File D:\2022-1\graduate_design\codes\qt_view\software_base\utils\Driver\Sym_GeomDriver.py line 61
Entry:0:1:1 Excute bezier
2023-03-17 23:58:18,638 - DEBUG: File Logic_Application.py, in Logic_Application.UpdateCurrentViewer             
	File D:\2022-1\graduate_design\codes\qt_view\software_base\widgets\Logic_Application.py line 169
Run:shape
