2023-05-09 00:43:18,110 - DEBUG: File PrimDriver.py, in PrimDriver.myExecute             
	File D:\2022-1\graduate_design\RedPanda\RedPanda\RPAF\DataDriver\PrimDriver.py:62
Execute Box, argu:{'transform': < gp_Trsf:
 1.000, 0.000, 0.000, 0.000
 0.000, 1.000, 0.000, 0.000
 0.000, 0.000, 1.000, 0.000 >, 'l': 0.0, 'h': 0.0, 'w': 0.0}
2023-05-09 00:43:22,281 - DEBUG: File PrimDriver.py, in PrimDriver.myExecute             
	File D:\2022-1\graduate_design\RedPanda\RedPanda\RPAF\DataDriver\PrimDriver.py:62
Execute Box, argu:{'transform': < gp_Trsf:
 1.000, 0.000, 0.000, 0.000
 0.000, 1.000, 0.000, 0.000
 0.000, 0.000, 1.000, 0.000 >, 'l': 3.0, 'h': 0.0, 'w': 0.0}
2023-05-09 00:44:23,538 - DEBUG: File PrimDriver.py, in PrimDriver.myExecute             
	File D:\2022-1\graduate_design\RedPanda\RedPanda\RPAF\DataDriver\PrimDriver.py:62
Execute Box, argu:{'transform': < gp_Trsf:
 1.000, 0.000, 0.000, 0.000
 0.000, 1.000, 0.000, 0.000
 0.000, 0.000, 1.000, 0.000 >, 'l': 0.0, 'h': 0.0, 'w': 0.0}
2023-05-09 00:44:26,885 - DEBUG: File PrimDriver.py, in PrimDriver.myExecute             
	File D:\2022-1\graduate_design\RedPanda\RedPanda\RPAF\DataDriver\PrimDriver.py:62
Execute Box, argu:{'transform': < gp_Trsf:
 1.000, 0.000, 0.000, 0.000
 0.000, 1.000, 0.000, 0.000
 0.000, 0.000, 1.000, 0.000 >, 'l': 3.0, 'h': 0.0, 'w': 0.0}
2023-05-09 00:48:09,307 - DEBUG: File PrimDriver.py, in PrimDriver.myExecute             
	File D:\2022-1\graduate_design\RedPanda\RedPanda\RPAF\DataDriver\PrimDriver.py:62
Execute Box, argu:{'transform': < gp_Trsf:
 1.000, 0.000, 0.000, 0.000
 0.000, 1.000, 0.000, 0.000
 0.000, 0.000, 1.000, 0.000 >, 'l': 0.0, 'h': 0.0, 'w': 0.0}
2023-05-09 00:48:13,455 - DEBUG: File PrimDriver.py, in PrimDriver.myExecute             
	File D:\2022-1\graduate_design\RedPanda\RedPanda\RPAF\DataDriver\PrimDriver.py:62
Execute Box, argu:{'transform': < gp_Trsf:
 1.000, 0.000, 0.000, 0.000
 0.000, 1.000, 0.000, 0.000
 0.000, 0.000, 1.000, 0.000 >, 'l': 3.0, 'h': 0.0, 'w': 0.0}
2023-05-09 00:48:15,183 - DEBUG: File PrimDriver.py, in PrimDriver.myExecute             
	File D:\2022-1\graduate_design\RedPanda\RedPanda\RPAF\DataDriver\PrimDriver.py:62
Execute Box, argu:{'transform': < gp_Trsf:
 1.000, 0.000, 0.000, 0.000
 0.000, 1.000, 0.000, 0.000
 0.000, 0.000, 1.000, 0.000 >, 'l': 3.0, 'h': 4.0, 'w': 0.0}
2023-05-09 00:48:16,119 - DEBUG: File PrimDriver.py, in PrimDriver.myExecute             
	File D:\2022-1\graduate_design\RedPanda\RedPanda\RPAF\DataDriver\PrimDriver.py:62
Execute Box, argu:{'transform': < gp_Trsf:
 1.000, 0.000, 0.000, 0.000
 0.000, 1.000, 0.000, 0.000
 0.000, 0.000, 1.000, 0.000 >, 'l': 3.0, 'h': 4.0, 'w': 5.0}
2023-05-09 00:49:02,767 - DEBUG: File PrimDriver.py, in PrimDriver.myExecute             
	File D:\2022-1\graduate_design\RedPanda\RedPanda\RPAF\DataDriver\PrimDriver.py:62
Execute Box, argu:{'transform': < gp_Trsf:
 1.000, 0.000, 0.000, 0.000
 0.000, 1.000, 0.000, 0.000
 0.000, 0.000, 1.000, 0.000 >, 'l': 3.0, 'h': 4.0, 'w': 5.0}
2023-05-09 00:49:37,064 - DEBUG: File PrimDriver.py, in PrimDriver.myExecute             
	File D:\2022-1\graduate_design\RedPanda\RedPanda\RPAF\DataDriver\PrimDriver.py:62
Execute Box, argu:{'transform': < gp_Trsf:
 1.000, 0.000, 0.000, 0.000
 0.000, 1.000, 0.000, 0.000
 0.000, 0.000, 1.000, 0.000 >, 'l': 0.0, 'h': 0.0, 'w': 0.0}
2023-05-09 00:49:40,312 - DEBUG: File PrimDriver.py, in PrimDriver.myExecute             
	File D:\2022-1\graduate_design\RedPanda\RedPanda\RPAF\DataDriver\PrimDriver.py:62
Execute Box, argu:{'transform': < gp_Trsf:
 1.000, 0.000, 0.000, 0.000
 0.000, 1.000, 0.000, 0.000
 0.000, 0.000, 1.000, 0.000 >, 'l': 3.0, 'h': 0.0, 'w': 0.0}
2023-05-09 00:49:41,266 - DEBUG: File PrimDriver.py, in PrimDriver.myExecute             
	File D:\2022-1\graduate_design\RedPanda\RedPanda\RPAF\DataDriver\PrimDriver.py:62
Execute Box, argu:{'transform': < gp_Trsf:
 1.000, 0.000, 0.000, 0.000
 0.000, 1.000, 0.000, 0.000
 0.000, 0.000, 1.000, 0.000 >, 'l': 3.0, 'h': 4.0, 'w': 0.0}
2023-05-09 00:49:42,759 - DEBUG: File PrimDriver.py, in PrimDriver.myExecute             
	File D:\2022-1\graduate_design\RedPanda\RedPanda\RPAF\DataDriver\PrimDriver.py:62
Execute Box, argu:{'transform': < gp_Trsf:
 1.000, 0.000, 0.000, 0.000
 0.000, 1.000, 0.000, 0.000
 0.000, 0.000, 1.000, 0.000 >, 'l': 3.0, 'h': 4.0, 'w': 5.0}
2023-05-09 00:51:39,550 - DEBUG: File PrimDriver.py, in PrimDriver.myExecute             
	File D:\2022-1\graduate_design\RedPanda\RedPanda\RPAF\DataDriver\PrimDriver.py:62
Execute Box, argu:{'transform': < gp_Trsf:
 1.000, 0.000, 0.000, 0.000
 0.000, 1.000, 0.000, 0.000
 0.000, 0.000, 1.000, 0.000 >, 'l': 0.0, 'h': 0.0, 'w': 0.0}
2023-05-09 00:51:42,308 - DEBUG: File PrimDriver.py, in PrimDriver.myExecute             
	File D:\2022-1\graduate_design\RedPanda\RedPanda\RPAF\DataDriver\PrimDriver.py:62
Execute Box, argu:{'transform': < gp_Trsf:
 1.000, 0.000, 0.000, 0.000
 0.000, 1.000, 0.000, 0.000
 0.000, 0.000, 1.000, 0.000 >, 'l': 0.0, 'h': 0.0, 'w': 0.0}
2023-05-09 00:51:43,309 - DEBUG: File PrimDriver.py, in PrimDriver.myExecute             
	File D:\2022-1\graduate_design\RedPanda\RedPanda\RPAF\DataDriver\PrimDriver.py:62
Execute Box, argu:{'transform': < gp_Trsf:
 1.000, 0.000, 0.000, 0.000
 0.000, 1.000, 0.000, 0.000
 0.000, 0.000, 1.000, 0.000 >, 'l': 3.0, 'h': 0.0, 'w': 0.0}
2023-05-09 00:51:44,271 - DEBUG: File PrimDriver.py, in PrimDriver.myExecute             
	File D:\2022-1\graduate_design\RedPanda\RedPanda\RPAF\DataDriver\PrimDriver.py:62
Execute Box, argu:{'transform': < gp_Trsf:
 1.000, 0.000, 0.000, 0.000
 0.000, 1.000, 0.000, 0.000
 0.000, 0.000, 1.000, 0.000 >, 'l': 3.0, 'h': 4.0, 'w': 0.0}
2023-05-09 00:51:45,349 - DEBUG: File PrimDriver.py, in PrimDriver.myExecute             
	File D:\2022-1\graduate_design\RedPanda\RedPanda\RPAF\DataDriver\PrimDriver.py:62
Execute Box, argu:{'transform': < gp_Trsf:
 1.000, 0.000, 0.000, 0.000
 0.000, 1.000, 0.000, 0.000
 0.000, 0.000, 1.000, 0.000 >, 'l': 3.0, 'h': 4.0, 'w': 5.0}
2023-05-09 00:52:33,998 - DEBUG: File PrimDriver.py, in PrimDriver.myExecute             
	File D:\2022-1\graduate_design\RedPanda\RedPanda\RPAF\DataDriver\PrimDriver.py:62
Execute Box, argu:{'transform': < gp_Trsf:
 1.000, 0.000, 0.000, 0.000
 0.000, 1.000, 0.000, 0.000
 0.000, 0.000, 1.000, 0.000 >, 'l': 0.0, 'h': 0.0, 'w': 0.0}
2023-05-09 00:52:37,025 - DEBUG: File PrimDriver.py, in PrimDriver.myExecute             
	File D:\2022-1\graduate_design\RedPanda\RedPanda\RPAF\DataDriver\PrimDriver.py:62
Execute Box, argu:{'transform': < gp_Trsf:
 1.000, 0.000, 0.000, 0.000
 0.000, 1.000, 0.000, 0.000
 0.000, 0.000, 1.000, 0.000 >, 'l': 3.0, 'h': 0.0, 'w': 0.0}
2023-05-09 00:52:37,989 - DEBUG: File PrimDriver.py, in PrimDriver.myExecute             
	File D:\2022-1\graduate_design\RedPanda\RedPanda\RPAF\DataDriver\PrimDriver.py:62
Execute Box, argu:{'transform': < gp_Trsf:
 1.000, 0.000, 0.000, 0.000
 0.000, 1.000, 0.000, 0.000
 0.000, 0.000, 1.000, 0.000 >, 'l': 3.0, 'h': 4.0, 'w': 0.0}
2023-05-09 00:52:38,994 - DEBUG: File PrimDriver.py, in PrimDriver.myExecute             
	File D:\2022-1\graduate_design\RedPanda\RedPanda\RPAF\DataDriver\PrimDriver.py:62
Execute Box, argu:{'transform': < gp_Trsf:
 1.000, 0.000, 0.000, 0.000
 0.000, 1.000, 0.000, 0.000
 0.000, 0.000, 1.000, 0.000 >, 'l': 3.0, 'h': 4.0, 'w': 5.0}
2023-05-09 00:56:36,586 - DEBUG: File PrimDriver.py, in PrimDriver.myExecute             
	File D:\2022-1\graduate_design\RedPanda\RedPanda\RPAF\DataDriver\PrimDriver.py:62
Execute Box, argu:{'transform': < gp_Trsf:
 1.000, 0.000, 0.000, 0.000
 0.000, 1.000, 0.000, 0.000
 0.000, 0.000, 1.000, 0.000 >, 'l': 0.0, 'h': 0.0, 'w': 0.0}
2023-05-09 00:56:39,291 - DEBUG: File PrimDriver.py, in PrimDriver.myExecute             
	File D:\2022-1\graduate_design\RedPanda\RedPanda\RPAF\DataDriver\PrimDriver.py:62
Execute Box, argu:{'transform': < gp_Trsf:
 1.000, 0.000, 0.000, 0.000
 0.000, 1.000, 0.000, 0.000
 0.000, 0.000, 1.000, 0.000 >, 'l': 3.0, 'h': 0.0, 'w': 0.0}
2023-05-09 00:56:40,243 - DEBUG: File PrimDriver.py, in PrimDriver.myExecute             
	File D:\2022-1\graduate_design\RedPanda\RedPanda\RPAF\DataDriver\PrimDriver.py:62
Execute Box, argu:{'transform': < gp_Trsf:
 1.000, 0.000, 0.000, 0.000
 0.000, 1.000, 0.000, 0.000
 0.000, 0.000, 1.000, 0.000 >, 'l': 3.0, 'h': 4.0, 'w': 0.0}
2023-05-09 00:56:41,767 - DEBUG: File PrimDriver.py, in PrimDriver.myExecute             
	File D:\2022-1\graduate_design\RedPanda\RedPanda\RPAF\DataDriver\PrimDriver.py:62
Execute Box, argu:{'transform': < gp_Trsf:
 1.000, 0.000, 0.000, 0.000
 0.000, 1.000, 0.000, 0.000
 0.000, 0.000, 1.000, 0.000 >, 'l': 3.0, 'h': 4.0, 'w': 5.0}
2023-05-09 02:07:45,679 - DEBUG: File PrimDriver.py, in PrimDriver.myExecute             
	File D:\2022-1\graduate_design\RedPanda\RedPanda\RPAF\DataDriver\PrimDriver.py:62
Execute Box, argu:{'transform': < gp_Trsf:
 1.000, 0.000, 0.000, 0.000
 0.000, 1.000, 0.000, 0.000
 0.000, 0.000, 1.000, 0.000 >, 'l': 0.0, 'h': 0.0, 'w': 0.0}
2023-05-09 02:07:49,240 - DEBUG: File PrimDriver.py, in PrimDriver.myExecute             
	File D:\2022-1\graduate_design\RedPanda\RedPanda\RPAF\DataDriver\PrimDriver.py:62
Execute Box, argu:{'transform': < gp_Trsf:
 1.000, 0.000, 0.000, 0.000
 0.000, 1.000, 0.000, 0.000
 0.000, 0.000, 1.000, 0.000 >, 'l': 3.0, 'h': 0.0, 'w': 0.0}
2023-05-09 02:07:50,219 - DEBUG: File PrimDriver.py, in PrimDriver.myExecute             
	File D:\2022-1\graduate_design\RedPanda\RedPanda\RPAF\DataDriver\PrimDriver.py:62
Execute Box, argu:{'transform': < gp_Trsf:
 1.000, 0.000, 0.000, 0.000
 0.000, 1.000, 0.000, 0.000
 0.000, 0.000, 1.000, 0.000 >, 'l': 3.0, 'h': 4.0, 'w': 0.0}
2023-05-09 02:07:51,266 - DEBUG: File PrimDriver.py, in PrimDriver.myExecute             
	File D:\2022-1\graduate_design\RedPanda\RedPanda\RPAF\DataDriver\PrimDriver.py:62
Execute Box, argu:{'transform': < gp_Trsf:
 1.000, 0.000, 0.000, 0.000
 0.000, 1.000, 0.000, 0.000
 0.000, 0.000, 1.000, 0.000 >, 'l': 3.0, 'h': 4.0, 'w': 5.0}
2023-05-09 02:18:02,967 - DEBUG: File PrimDriver.py, in PrimDriver.myExecute             
	File D:\2022-1\graduate_design\RedPanda\RedPanda\RPAF\DataDriver\PrimDriver.py:62
Execute Box, argu:{'transform': < gp_Trsf:
 1.000, 0.000, 0.000, 0.000
 0.000, 1.000, 0.000, 0.000
 0.000, 0.000, 1.000, 0.000 >, 'l': 0.0, 'h': 0.0, 'w': 0.0}
2023-05-09 02:18:06,590 - DEBUG: File PrimDriver.py, in PrimDriver.myExecute             
	File D:\2022-1\graduate_design\RedPanda\RedPanda\RPAF\DataDriver\PrimDriver.py:62
Execute Box, argu:{'transform': < gp_Trsf:
 1.000, 0.000, 0.000, 0.000
 0.000, 1.000, 0.000, 0.000
 0.000, 0.000, 1.000, 0.000 >, 'l': 1.0, 'h': 0.0, 'w': 0.0}
2023-05-09 02:18:07,533 - DEBUG: File PrimDriver.py, in PrimDriver.myExecute             
	File D:\2022-1\graduate_design\RedPanda\RedPanda\RPAF\DataDriver\PrimDriver.py:62
Execute Box, argu:{'transform': < gp_Trsf:
 1.000, 0.000, 0.000, 0.000
 0.000, 1.000, 0.000, 0.000
 0.000, 0.000, 1.000, 0.000 >, 'l': 1.0, 'h': 2.0, 'w': 0.0}
2023-05-09 02:18:08,651 - DEBUG: File PrimDriver.py, in PrimDriver.myExecute             
	File D:\2022-1\graduate_design\RedPanda\RedPanda\RPAF\DataDriver\PrimDriver.py:62
Execute Box, argu:{'transform': < gp_Trsf:
 1.000, 0.000, 0.000, 0.000
 0.000, 1.000, 0.000, 0.000
 0.000, 0.000, 1.000, 0.000 >, 'l': 1.0, 'h': 2.0, 'w': 3.0}
2023-05-09 02:18:14,182 - DEBUG: File PrimDriver.py, in PrimDriver.myExecute             
	File D:\2022-1\graduate_design\RedPanda\RedPanda\RPAF\DataDriver\PrimDriver.py:62
Execute Box, argu:{'transform': < gp_Trsf:
 1.000, 0.000, 0.000, 0.000
 0.000, 1.000, 0.000, 0.000
 0.000, 0.000, 1.000, 0.000 >, 'l': 0.0, 'h': 0.0, 'w': 0.0}
2023-05-09 02:18:17,480 - DEBUG: File PrimDriver.py, in PrimDriver.myExecute             
	File D:\2022-1\graduate_design\RedPanda\RedPanda\RPAF\DataDriver\PrimDriver.py:62
Execute Box, argu:{'transform': < gp_Trsf:
 1.000, 0.000, 0.000, 0.000
 0.000, 1.000, 0.000, 0.000
 0.000, 0.000, 1.000, 0.000 >, 'l': 2.0, 'h': 0.0, 'w': 0.0}
2023-05-09 02:18:18,429 - DEBUG: File PrimDriver.py, in PrimDriver.myExecute             
	File D:\2022-1\graduate_design\RedPanda\RedPanda\RPAF\DataDriver\PrimDriver.py:62
Execute Box, argu:{'transform': < gp_Trsf:
 1.000, 0.000, 0.000, 0.000
 0.000, 1.000, 0.000, 0.000
 0.000, 0.000, 1.000, 0.000 >, 'l': 2.0, 'h': 3.0, 'w': 0.0}
2023-05-09 02:18:19,808 - DEBUG: File PrimDriver.py, in PrimDriver.myExecute             
	File D:\2022-1\graduate_design\RedPanda\RedPanda\RPAF\DataDriver\PrimDriver.py:62
Execute Box, argu:{'transform': < gp_Trsf:
 1.000, 0.000, 0.000, 0.000
 0.000, 1.000, 0.000, 0.000
 0.000, 0.000, 1.000, 0.000 >, 'l': 2.0, 'h': 3.0, 'w': 1.0}
2023-05-09 03:45:25,318 - DEBUG: File PrimDriver.py, in PrimDriver.myExecute             
	File D:\2022-1\graduate_design\RedPanda\RedPanda\RPAF\DataDriver\PrimDriver.py:62
Execute Box, argu:{'transform': < gp_Trsf:
 1.000, 0.000, 0.000, 0.000
 0.000, 1.000, 0.000, 0.000
 0.000, 0.000, 1.000, 0.000 >, 'l': 0.0, 'h': 0.0, 'w': 0.0}
2023-05-09 03:46:38,037 - DEBUG: File PrimDriver.py, in PrimDriver.myExecute             
	File D:\2022-1\graduate_design\RedPanda\RedPanda\RPAF\DataDriver\PrimDriver.py:62
Execute Box, argu:{'transform': < gp_Trsf:
 1.000, 0.000, 0.000, 0.000
 0.000, 1.000, 0.000, 0.000
 0.000, 0.000, 1.000, 0.000 >, 'l': 0.0, 'h': 0.0, 'w': 0.0}
2023-05-09 03:49:48,969 - DEBUG: File PrimDriver.py, in PrimDriver.myExecute             
	File D:\2022-1\graduate_design\RedPanda\RedPanda\RPAF\DataDriver\PrimDriver.py:62
Execute Box, argu:{'transform': < gp_Trsf:
 1.000, 0.000, 0.000, 0.000
 0.000, 1.000, 0.000, 0.000
 0.000, 0.000, 1.000, 0.000 >, 'l': 0.0, 'h': 0.0, 'w': 0.0}
2023-05-09 03:50:25,746 - DEBUG: File PrimDriver.py, in PrimDriver.myExecute             
	File D:\2022-1\graduate_design\RedPanda\RedPanda\RPAF\DataDriver\PrimDriver.py:62
Execute Box, argu:{'transform': < gp_Trsf:
 1.000, 0.000, 0.000, 0.000
 0.000, 1.000, 0.000, 0.000
 0.000, 0.000, 1.000, 0.000 >, 'l': 0.0, 'h': 0.0, 'w': 0.0}
2023-05-09 03:51:54,188 - DEBUG: File PrimDriver.py, in PrimDriver.myExecute             
	File D:\2022-1\graduate_design\RedPanda\RedPanda\RPAF\DataDriver\PrimDriver.py:62
Execute Box, argu:{'transform': < gp_Trsf:
 1.000, 0.000, 0.000, 0.000
 0.000, 1.000, 0.000, 0.000
 0.000, 0.000, 1.000, 0.000 >, 'l': 0.0, 'h': 0.0, 'w': 0.0}
2023-05-09 03:56:52,925 - DEBUG: File PrimDriver.py, in PrimDriver.myExecute             
	File D:\2022-1\graduate_design\RedPanda\RedPanda\RPAF\DataDriver\PrimDriver.py:62
Execute Box, argu:{'transform': < gp_Trsf:
 1.000, 0.000, 0.000, 0.000
 0.000, 1.000, 0.000, 0.000
 0.000, 0.000, 1.000, 0.000 >, 'l': 0.0, 'h': 0.0, 'w': 0.0}
2023-05-09 03:56:56,716 - DEBUG: File PrimDriver.py, in PrimDriver.myExecute             
	File D:\2022-1\graduate_design\RedPanda\RedPanda\RPAF\DataDriver\PrimDriver.py:62
Execute Box, argu:{'transform': < gp_Trsf:
 1.000, 0.000, 0.000, 0.000
 0.000, 1.000, 0.000, 0.000
 0.000, 0.000, 1.000, 0.000 >, 'l': 3.0, 'h': 0.0, 'w': 0.0}
2023-05-09 03:56:57,520 - DEBUG: File PrimDriver.py, in PrimDriver.myExecute             
	File D:\2022-1\graduate_design\RedPanda\RedPanda\RPAF\DataDriver\PrimDriver.py:62
Execute Box, argu:{'transform': < gp_Trsf:
 1.000, 0.000, 0.000, 0.000
 0.000, 1.000, 0.000, 0.000
 0.000, 0.000, 1.000, 0.000 >, 'l': 3.0, 'h': 4.0, 'w': 0.0}
2023-05-09 03:56:58,619 - DEBUG: File PrimDriver.py, in PrimDriver.myExecute             
	File D:\2022-1\graduate_design\RedPanda\RedPanda\RPAF\DataDriver\PrimDriver.py:62
Execute Box, argu:{'transform': < gp_Trsf:
 1.000, 0.000, 0.000, 0.000
 0.000, 1.000, 0.000, 0.000
 0.000, 0.000, 1.000, 0.000 >, 'l': 3.0, 'h': 4.0, 'w': 5.0}
2023-05-09 04:01:53,721 - DEBUG: File PrimDriver.py, in PrimDriver.myExecute             
	File D:\2022-1\graduate_design\RedPanda\RedPanda\RPAF\DataDriver\PrimDriver.py:62
Execute Box, argu:{'transform': < gp_Trsf:
 1.000, 0.000, 0.000, 0.000
 0.000, 1.000, 0.000, 0.000
 0.000, 0.000, 1.000, 0.000 >, 'l': 0.0, 'h': 0.0, 'w': 0.0}
