2023-04-26 20:45:47,416 - DEBUG: File BaseDriver.py, in BaseDriver.myInit             
	File D:\2022-1\graduate_design\RedPanda\RedPanda\RPAF\DataDriver\BaseDriver.py:573
init Children: 
2023-04-26 20:45:47,423 - DEBUG: File ShapeBaseDriver.py, in ShapeBaseDriver.myInit             
	File D:\2022-1\graduate_design\RedPanda\RedPanda\RPAF\DataDriver\ShapeBaseDriver.py:55
init Children: 
2023-04-26 20:45:47,425 - DEBUG: File ShapeBaseDriver.py, in ShapeBaseDriver.myInit             
	File D:\2022-1\graduate_design\RedPanda\RedPanda\RPAF\DataDriver\ShapeBaseDriver.py:58
init Children: angle
2023-04-26 20:45:47,458 - DEBUG: File ShapeBaseDriver.py, in ShapeBaseDriver.myInit             
	File D:\2022-1\graduate_design\RedPanda\RedPanda\RPAF\DataDriver\ShapeBaseDriver.py:58
init Children: rotateAxis
2023-04-26 20:45:47,468 - DEBUG: File BaseDriver.py, in BaseDriver.myInit             
	File D:\2022-1\graduate_design\RedPanda\RedPanda\RPAF\DataDriver\BaseDriver.py:573
init Children: 
2023-04-26 20:45:47,513 - DEBUG: File ShapeBaseDriver.py, in ShapeBaseDriver.myInit             
	File D:\2022-1\graduate_design\RedPanda\RedPanda\RPAF\DataDriver\ShapeBaseDriver.py:58
init Children: position
2023-04-26 20:45:47,524 - DEBUG: File BaseDriver.py, in BaseDriver.myInit             
	File D:\2022-1\graduate_design\RedPanda\RedPanda\RPAF\DataDriver\BaseDriver.py:573
init Children: 
2023-04-26 20:46:53,489 - DEBUG: File BaseDriver.py, in BaseDriver.myInit             
	File D:\2022-1\graduate_design\RedPanda\RedPanda\RPAF\DataDriver\BaseDriver.py:573
init Children: 
2023-04-26 20:46:53,495 - DEBUG: File ShapeBaseDriver.py, in ShapeBaseDriver.myInit             
	File D:\2022-1\graduate_design\RedPanda\RedPanda\RPAF\DataDriver\ShapeBaseDriver.py:55
init Children: 
2023-04-26 20:46:53,497 - DEBUG: File ShapeBaseDriver.py, in ShapeBaseDriver.myInit             
	File D:\2022-1\graduate_design\RedPanda\RedPanda\RPAF\DataDriver\ShapeBaseDriver.py:58
init Children: angle
2023-04-26 20:46:53,508 - DEBUG: File ShapeBaseDriver.py, in ShapeBaseDriver.myInit             
	File D:\2022-1\graduate_design\RedPanda\RedPanda\RPAF\DataDriver\ShapeBaseDriver.py:58
init Children: rotateAxis
2023-04-26 20:46:53,516 - DEBUG: File BaseDriver.py, in BaseDriver.myInit             
	File D:\2022-1\graduate_design\RedPanda\RedPanda\RPAF\DataDriver\BaseDriver.py:573
init Children: 
2023-04-26 20:46:53,549 - DEBUG: File ShapeBaseDriver.py, in ShapeBaseDriver.myInit             
	File D:\2022-1\graduate_design\RedPanda\RedPanda\RPAF\DataDriver\ShapeBaseDriver.py:58
init Children: position
2023-04-26 20:46:53,556 - DEBUG: File BaseDriver.py, in BaseDriver.myInit             
	File D:\2022-1\graduate_design\RedPanda\RedPanda\RPAF\DataDriver\BaseDriver.py:573
init Children: 
2023-04-26 20:47:41,751 - DEBUG: File BaseDriver.py, in BaseDriver.myInit             
	File D:\2022-1\graduate_design\RedPanda\RedPanda\RPAF\DataDriver\BaseDriver.py:573
init Children: 
2023-04-26 20:47:41,757 - DEBUG: File ShapeBaseDriver.py, in ShapeBaseDriver.myInit             
	File D:\2022-1\graduate_design\RedPanda\RedPanda\RPAF\DataDriver\ShapeBaseDriver.py:55
init Children: 
2023-04-26 20:47:41,759 - DEBUG: File ShapeBaseDriver.py, in ShapeBaseDriver.myInit             
	File D:\2022-1\graduate_design\RedPanda\RedPanda\RPAF\DataDriver\ShapeBaseDriver.py:58
init Children: angle
2023-04-26 20:47:41,773 - DEBUG: File ShapeBaseDriver.py, in ShapeBaseDriver.myInit             
	File D:\2022-1\graduate_design\RedPanda\RedPanda\RPAF\DataDriver\ShapeBaseDriver.py:58
init Children: rotateAxis
2023-04-26 20:47:41,782 - DEBUG: File BaseDriver.py, in BaseDriver.myInit             
	File D:\2022-1\graduate_design\RedPanda\RedPanda\RPAF\DataDriver\BaseDriver.py:573
init Children: 
2023-04-26 20:47:41,814 - DEBUG: File ShapeBaseDriver.py, in ShapeBaseDriver.myInit             
	File D:\2022-1\graduate_design\RedPanda\RedPanda\RPAF\DataDriver\ShapeBaseDriver.py:58
init Children: position
2023-04-26 20:47:41,820 - DEBUG: File BaseDriver.py, in BaseDriver.myInit             
	File D:\2022-1\graduate_design\RedPanda\RedPanda\RPAF\DataDriver\BaseDriver.py:573
init Children: 
2023-04-26 20:48:36,338 - DEBUG: File BaseDriver.py, in BaseDriver.myInit             
	File D:\2022-1\graduate_design\RedPanda\RedPanda\RPAF\DataDriver\BaseDriver.py:573
init Children: 
2023-04-26 20:48:36,343 - DEBUG: File ShapeBaseDriver.py, in ShapeBaseDriver.myInit             
	File D:\2022-1\graduate_design\RedPanda\RedPanda\RPAF\DataDriver\ShapeBaseDriver.py:55
init Children: 
2023-04-26 20:48:36,345 - DEBUG: File ShapeBaseDriver.py, in ShapeBaseDriver.myInit             
	File D:\2022-1\graduate_design\RedPanda\RedPanda\RPAF\DataDriver\ShapeBaseDriver.py:58
init Children: angle
2023-04-26 20:48:36,356 - DEBUG: File ShapeBaseDriver.py, in ShapeBaseDriver.myInit             
	File D:\2022-1\graduate_design\RedPanda\RedPanda\RPAF\DataDriver\ShapeBaseDriver.py:58
init Children: rotateAxis
2023-04-26 20:48:36,361 - DEBUG: File BaseDriver.py, in BaseDriver.myInit             
	File D:\2022-1\graduate_design\RedPanda\RedPanda\RPAF\DataDriver\BaseDriver.py:573
init Children: 
2023-04-26 20:48:36,395 - DEBUG: File ShapeBaseDriver.py, in ShapeBaseDriver.myInit             
	File D:\2022-1\graduate_design\RedPanda\RedPanda\RPAF\DataDriver\ShapeBaseDriver.py:58
init Children: position
2023-04-26 20:48:36,404 - DEBUG: File BaseDriver.py, in BaseDriver.myInit             
	File D:\2022-1\graduate_design\RedPanda\RedPanda\RPAF\DataDriver\BaseDriver.py:573
init Children: 
2023-04-26 20:51:13,173 - DEBUG: File BaseDriver.py, in BaseDriver.myInit             
	File D:\2022-1\graduate_design\RedPanda\RedPanda\RPAF\DataDriver\BaseDriver.py:573
init Children: 
2023-04-26 20:51:13,179 - DEBUG: File ShapeBaseDriver.py, in ShapeBaseDriver.myInit             
	File D:\2022-1\graduate_design\RedPanda\RedPanda\RPAF\DataDriver\ShapeBaseDriver.py:55
init Children: 
2023-04-26 20:51:13,181 - DEBUG: File ShapeBaseDriver.py, in ShapeBaseDriver.myInit             
	File D:\2022-1\graduate_design\RedPanda\RedPanda\RPAF\DataDriver\ShapeBaseDriver.py:58
init Children: angle
2023-04-26 20:51:13,196 - DEBUG: File ShapeBaseDriver.py, in ShapeBaseDriver.myInit             
	File D:\2022-1\graduate_design\RedPanda\RedPanda\RPAF\DataDriver\ShapeBaseDriver.py:58
init Children: rotateAxis
2023-04-26 20:51:13,206 - DEBUG: File BaseDriver.py, in BaseDriver.myInit             
	File D:\2022-1\graduate_design\RedPanda\RedPanda\RPAF\DataDriver\BaseDriver.py:573
init Children: 
2023-04-26 20:51:13,235 - DEBUG: File ShapeBaseDriver.py, in ShapeBaseDriver.myInit             
	File D:\2022-1\graduate_design\RedPanda\RedPanda\RPAF\DataDriver\ShapeBaseDriver.py:58
init Children: position
2023-04-26 20:51:13,242 - DEBUG: File BaseDriver.py, in BaseDriver.myInit             
	File D:\2022-1\graduate_design\RedPanda\RedPanda\RPAF\DataDriver\BaseDriver.py:573
init Children: 
2023-04-26 20:51:40,289 - DEBUG: File BaseDriver.py, in BaseDriver.myInit             
	File D:\2022-1\graduate_design\RedPanda\RedPanda\RPAF\DataDriver\BaseDriver.py:573
init Children: 
2023-04-26 20:51:40,295 - DEBUG: File ShapeBaseDriver.py, in ShapeBaseDriver.myInit             
	File D:\2022-1\graduate_design\RedPanda\RedPanda\RPAF\DataDriver\ShapeBaseDriver.py:55
init Children: 
2023-04-26 20:51:40,298 - DEBUG: File ShapeBaseDriver.py, in ShapeBaseDriver.myInit             
	File D:\2022-1\graduate_design\RedPanda\RedPanda\RPAF\DataDriver\ShapeBaseDriver.py:58
init Children: angle
2023-04-26 20:51:40,309 - DEBUG: File ShapeBaseDriver.py, in ShapeBaseDriver.myInit             
	File D:\2022-1\graduate_design\RedPanda\RedPanda\RPAF\DataDriver\ShapeBaseDriver.py:58
init Children: rotateAxis
2023-04-26 20:51:40,317 - DEBUG: File BaseDriver.py, in BaseDriver.myInit             
	File D:\2022-1\graduate_design\RedPanda\RedPanda\RPAF\DataDriver\BaseDriver.py:573
init Children: 
2023-04-26 20:51:40,354 - DEBUG: File ShapeBaseDriver.py, in ShapeBaseDriver.myInit             
	File D:\2022-1\graduate_design\RedPanda\RedPanda\RPAF\DataDriver\ShapeBaseDriver.py:58
init Children: position
2023-04-26 20:51:40,360 - DEBUG: File BaseDriver.py, in BaseDriver.myInit             
	File D:\2022-1\graduate_design\RedPanda\RedPanda\RPAF\DataDriver\BaseDriver.py:573
init Children: 
2023-04-26 20:53:49,731 - DEBUG: File BaseDriver.py, in BaseDriver.myInit             
	File D:\2022-1\graduate_design\RedPanda\RedPanda\RPAF\DataDriver\BaseDriver.py:573
init Children: 
2023-04-26 20:53:49,737 - DEBUG: File ShapeBaseDriver.py, in ShapeBaseDriver.myInit             
	File D:\2022-1\graduate_design\RedPanda\RedPanda\RPAF\DataDriver\ShapeBaseDriver.py:55
init Children: 
2023-04-26 20:53:49,738 - DEBUG: File ShapeBaseDriver.py, in ShapeBaseDriver.myInit             
	File D:\2022-1\graduate_design\RedPanda\RedPanda\RPAF\DataDriver\ShapeBaseDriver.py:58
init Children: angle
2023-04-26 20:53:49,748 - DEBUG: File ShapeBaseDriver.py, in ShapeBaseDriver.myInit             
	File D:\2022-1\graduate_design\RedPanda\RedPanda\RPAF\DataDriver\ShapeBaseDriver.py:58
init Children: rotateAxis
2023-04-26 20:53:49,754 - DEBUG: File BaseDriver.py, in BaseDriver.myInit             
	File D:\2022-1\graduate_design\RedPanda\RedPanda\RPAF\DataDriver\BaseDriver.py:573
init Children: 
2023-04-26 20:53:49,783 - DEBUG: File ShapeBaseDriver.py, in ShapeBaseDriver.myInit             
	File D:\2022-1\graduate_design\RedPanda\RedPanda\RPAF\DataDriver\ShapeBaseDriver.py:58
init Children: position
2023-04-26 20:53:49,791 - DEBUG: File BaseDriver.py, in BaseDriver.myInit             
	File D:\2022-1\graduate_design\RedPanda\RedPanda\RPAF\DataDriver\BaseDriver.py:573
init Children: 
2023-04-26 20:54:35,897 - DEBUG: File BaseDriver.py, in BaseDriver.myInit             
	File D:\2022-1\graduate_design\RedPanda\RedPanda\RPAF\DataDriver\BaseDriver.py:573
init Children: 
2023-04-26 20:54:35,903 - DEBUG: File ShapeBaseDriver.py, in ShapeBaseDriver.myInit             
	File D:\2022-1\graduate_design\RedPanda\RedPanda\RPAF\DataDriver\ShapeBaseDriver.py:55
init Children: 
2023-04-26 20:54:35,905 - DEBUG: File ShapeBaseDriver.py, in ShapeBaseDriver.myInit             
	File D:\2022-1\graduate_design\RedPanda\RedPanda\RPAF\DataDriver\ShapeBaseDriver.py:58
init Children: angle
2023-04-26 20:54:35,916 - DEBUG: File ShapeBaseDriver.py, in ShapeBaseDriver.myInit             
	File D:\2022-1\graduate_design\RedPanda\RedPanda\RPAF\DataDriver\ShapeBaseDriver.py:58
init Children: rotateAxis
2023-04-26 20:54:35,922 - DEBUG: File BaseDriver.py, in BaseDriver.myInit             
	File D:\2022-1\graduate_design\RedPanda\RedPanda\RPAF\DataDriver\BaseDriver.py:573
init Children: 
2023-04-26 20:54:35,950 - DEBUG: File ShapeBaseDriver.py, in ShapeBaseDriver.myInit             
	File D:\2022-1\graduate_design\RedPanda\RedPanda\RPAF\DataDriver\ShapeBaseDriver.py:58
init Children: position
2023-04-26 20:54:35,956 - DEBUG: File BaseDriver.py, in BaseDriver.myInit             
	File D:\2022-1\graduate_design\RedPanda\RedPanda\RPAF\DataDriver\BaseDriver.py:573
init Children: 
2023-04-26 20:59:39,949 - DEBUG: File BaseDriver.py, in BaseDriver.myInit             
	File D:\2022-1\graduate_design\RedPanda\RedPanda\RPAF\DataDriver\BaseDriver.py:573
init Children: 
2023-04-26 20:59:39,957 - DEBUG: File ShapeBaseDriver.py, in ShapeBaseDriver.myInit             
	File D:\2022-1\graduate_design\RedPanda\RedPanda\RPAF\DataDriver\ShapeBaseDriver.py:55
init Children: 
2023-04-26 20:59:39,959 - DEBUG: File ShapeBaseDriver.py, in ShapeBaseDriver.myInit             
	File D:\2022-1\graduate_design\RedPanda\RedPanda\RPAF\DataDriver\ShapeBaseDriver.py:58
init Children: angle
2023-04-26 20:59:39,975 - DEBUG: File ShapeBaseDriver.py, in ShapeBaseDriver.myInit             
	File D:\2022-1\graduate_design\RedPanda\RedPanda\RPAF\DataDriver\ShapeBaseDriver.py:58
init Children: rotateAxis
2023-04-26 20:59:39,982 - DEBUG: File BaseDriver.py, in BaseDriver.myInit             
	File D:\2022-1\graduate_design\RedPanda\RedPanda\RPAF\DataDriver\BaseDriver.py:573
init Children: 
2023-04-26 20:59:40,019 - DEBUG: File ShapeBaseDriver.py, in ShapeBaseDriver.myInit             
	File D:\2022-1\graduate_design\RedPanda\RedPanda\RPAF\DataDriver\ShapeBaseDriver.py:58
init Children: position
2023-04-26 20:59:40,027 - DEBUG: File BaseDriver.py, in BaseDriver.myInit             
	File D:\2022-1\graduate_design\RedPanda\RedPanda\RPAF\DataDriver\BaseDriver.py:573
init Children: 
2023-04-26 21:00:34,253 - DEBUG: File BaseDriver.py, in BaseDriver.myInit             
	File D:\2022-1\graduate_design\RedPanda\RedPanda\RPAF\DataDriver\BaseDriver.py:573
init Children: 
2023-04-26 21:00:34,260 - DEBUG: File ShapeBaseDriver.py, in ShapeBaseDriver.myInit             
	File D:\2022-1\graduate_design\RedPanda\RedPanda\RPAF\DataDriver\ShapeBaseDriver.py:55
init Children: 
2023-04-26 21:00:34,263 - DEBUG: File ShapeBaseDriver.py, in ShapeBaseDriver.myInit             
	File D:\2022-1\graduate_design\RedPanda\RedPanda\RPAF\DataDriver\ShapeBaseDriver.py:58
init Children: angle
2023-04-26 21:00:34,277 - DEBUG: File ShapeBaseDriver.py, in ShapeBaseDriver.myInit             
	File D:\2022-1\graduate_design\RedPanda\RedPanda\RPAF\DataDriver\ShapeBaseDriver.py:58
init Children: rotateAxis
2023-04-26 21:00:34,287 - DEBUG: File BaseDriver.py, in BaseDriver.myInit             
	File D:\2022-1\graduate_design\RedPanda\RedPanda\RPAF\DataDriver\BaseDriver.py:573
init Children: 
2023-04-26 21:00:34,320 - DEBUG: File ShapeBaseDriver.py, in ShapeBaseDriver.myInit             
	File D:\2022-1\graduate_design\RedPanda\RedPanda\RPAF\DataDriver\ShapeBaseDriver.py:58
init Children: position
2023-04-26 21:00:34,326 - DEBUG: File BaseDriver.py, in BaseDriver.myInit             
	File D:\2022-1\graduate_design\RedPanda\RedPanda\RPAF\DataDriver\BaseDriver.py:573
init Children: 
2023-04-26 21:01:24,416 - DEBUG: File BaseDriver.py, in BaseDriver.myInit             
	File D:\2022-1\graduate_design\RedPanda\RedPanda\RPAF\DataDriver\BaseDriver.py:573
init Children: 
2023-04-26 21:01:24,421 - DEBUG: File ShapeBaseDriver.py, in ShapeBaseDriver.myInit             
	File D:\2022-1\graduate_design\RedPanda\RedPanda\RPAF\DataDriver\ShapeBaseDriver.py:55
init Children: 
2023-04-26 21:01:24,423 - DEBUG: File ShapeBaseDriver.py, in ShapeBaseDriver.myInit             
	File D:\2022-1\graduate_design\RedPanda\RedPanda\RPAF\DataDriver\ShapeBaseDriver.py:58
init Children: angle
2023-04-26 21:01:24,433 - DEBUG: File ShapeBaseDriver.py, in ShapeBaseDriver.myInit             
	File D:\2022-1\graduate_design\RedPanda\RedPanda\RPAF\DataDriver\ShapeBaseDriver.py:58
init Children: rotateAxis
2023-04-26 21:01:24,439 - DEBUG: File BaseDriver.py, in BaseDriver.myInit             
	File D:\2022-1\graduate_design\RedPanda\RedPanda\RPAF\DataDriver\BaseDriver.py:573
init Children: 
2023-04-26 21:01:24,466 - DEBUG: File ShapeBaseDriver.py, in ShapeBaseDriver.myInit             
	File D:\2022-1\graduate_design\RedPanda\RedPanda\RPAF\DataDriver\ShapeBaseDriver.py:58
init Children: position
2023-04-26 21:01:24,471 - DEBUG: File BaseDriver.py, in BaseDriver.myInit             
	File D:\2022-1\graduate_design\RedPanda\RedPanda\RPAF\DataDriver\BaseDriver.py:573
init Children: 
2023-04-26 21:12:31,179 - DEBUG: File BaseDriver.py, in BaseDriver.myInit             
	File D:\2022-1\graduate_design\RedPanda\RedPanda\RPAF\DataDriver\BaseDriver.py:573
init Children: 
2023-04-26 21:12:31,197 - DEBUG: File ShapeBaseDriver.py, in ShapeBaseDriver.myInit             
	File D:\2022-1\graduate_design\RedPanda\RedPanda\RPAF\DataDriver\ShapeBaseDriver.py:66
init Children: 
2023-04-26 21:12:31,200 - DEBUG: File ShapeBaseDriver.py, in ShapeBaseDriver.myInit             
	File D:\2022-1\graduate_design\RedPanda\RedPanda\RPAF\DataDriver\ShapeBaseDriver.py:69
init Children: angle
2023-04-26 21:12:31,215 - DEBUG: File ShapeBaseDriver.py, in ShapeBaseDriver.myInit             
	File D:\2022-1\graduate_design\RedPanda\RedPanda\RPAF\DataDriver\ShapeBaseDriver.py:69
init Children: rotateAxis
2023-04-26 21:12:31,223 - DEBUG: File BaseDriver.py, in BaseDriver.myInit             
	File D:\2022-1\graduate_design\RedPanda\RedPanda\RPAF\DataDriver\BaseDriver.py:573
init Children: 
2023-04-26 21:12:31,258 - DEBUG: File ShapeBaseDriver.py, in ShapeBaseDriver.myInit             
	File D:\2022-1\graduate_design\RedPanda\RedPanda\RPAF\DataDriver\ShapeBaseDriver.py:69
init Children: position
2023-04-26 21:12:31,274 - DEBUG: File BaseDriver.py, in BaseDriver.myInit             
	File D:\2022-1\graduate_design\RedPanda\RedPanda\RPAF\DataDriver\BaseDriver.py:573
init Children: 
