2023-03-16 00:18:04,862 - DEBUG: File Sym_AlgoDriver.py, in Sym_AlgoDriver.__init__             
	File D:\2022-1\graduate_design\codes\qt_view\software_base\utils\Driver\Sym_AlgoDriver.py line 28
before init 22d22e55-abca-11d4-8f1a-0060b0ee18e8
2023-03-16 00:18:04,873 - DEBUG: File Sym_AlgoDriver.py, in Sym_AlgoDriver.__init__             
	File D:\2022-1\graduate_design\codes\qt_view\software_base\utils\Driver\Sym_AlgoDriver.py line 30
end init 22d22e55-abca-11d4-8f1a-0060b0ee18e8
2023-03-16 00:20:38,766 - DEBUG: File Sym_AlgoDriver.py, in Sym_AlgoDriver.__init__             
	File D:\2022-1\graduate_design\codes\qt_view\software_base\utils\Driver\Sym_AlgoDriver.py line 28
before init 22d22e55-abca-11d4-8f1a-0060b0ee18e8
2023-03-16 00:20:38,772 - DEBUG: File Sym_AlgoDriver.py, in Sym_AlgoDriver.__init__             
	File D:\2022-1\graduate_design\codes\qt_view\software_base\utils\Driver\Sym_AlgoDriver.py line 30
end init 22d22e55-abca-11d4-8f1a-0060b0ee18e8
2023-03-16 00:21:09,913 - DEBUG: File Sym_AlgoDriver.py, in Sym_AlgoDriver.__init__             
	File D:\2022-1\graduate_design\codes\qt_view\software_base\utils\Driver\Sym_AlgoDriver.py line 28
before init 22d22e55-abca-11d4-8f1a-0060b0ee18e8
2023-03-16 00:21:09,925 - DEBUG: File Sym_AlgoDriver.py, in Sym_AlgoDriver.__init__             
	File D:\2022-1\graduate_design\codes\qt_view\software_base\utils\Driver\Sym_AlgoDriver.py line 30
end init 22d22e55-abca-11d4-8f1a-0060b0ee18e8
2023-03-16 00:24:21,838 - DEBUG: File Sym_AlgoDriver.py, in Sym_AlgoDriver.__init__             
	File D:\2022-1\graduate_design\codes\qt_view\software_base\utils\Driver\Sym_AlgoDriver.py line 28
before init 22d22e55-abca-11d4-8f1a-0060b0ee18e8
2023-03-16 00:24:21,922 - DEBUG: File Sym_AlgoDriver.py, in Sym_AlgoDriver.__init__             
	File D:\2022-1\graduate_design\codes\qt_view\software_base\utils\Driver\Sym_AlgoDriver.py line 30
end init 22d22e55-abca-11d4-8f1a-0060b0ee18e8
2023-03-16 00:24:35,878 - DEBUG: File Sym_AlgoDriver.py, in Sym_AlgoDriver.__init__             
	File D:\2022-1\graduate_design\codes\qt_view\software_base\utils\Driver\Sym_AlgoDriver.py line 28
before init 22d22e55-abca-11d4-8f1a-0060b0ee18e8
2023-03-16 00:24:35,880 - DEBUG: File Sym_AlgoDriver.py, in Sym_AlgoDriver.__init__             
	File D:\2022-1\graduate_design\codes\qt_view\software_base\utils\Driver\Sym_AlgoDriver.py line 30
end init 22d22e55-abca-11d4-8f1a-0060b0ee18e8
2023-03-16 00:33:21,924 - DEBUG: File Sym_AlgoDriver.py, in Sym_AlgoDriver.__init__             
	File D:\2022-1\graduate_design\codes\qt_view\software_base\utils\Driver\Sym_AlgoDriver.py line 28
before init 22d22e55-abca-11d4-8f1a-0060b0ee18e8
2023-03-16 00:33:21,946 - DEBUG: File Sym_AlgoDriver.py, in Sym_AlgoDriver.__init__             
	File D:\2022-1\graduate_design\codes\qt_view\software_base\utils\Driver\Sym_AlgoDriver.py line 30
end init 22d22e55-abca-11d4-8f1a-0060b0ee18e8
2023-03-16 16:07:32,380 - DEBUG: File main.py, in main.<module>             
	File D:\2022-1\graduate_design\codes\qt_view\software_base\main.py line 169
Application Start
2023-03-16 16:07:34,558 - DEBUG: File Sym_AlgoDriver.py, in Sym_AlgoDriver.__init__             
	File D:\2022-1\graduate_design\codes\qt_view\software_base\utils\Driver\Sym_AlgoDriver.py line 28
before init 22d22e55-abca-11d4-8f1a-0060b0ee18e8
2023-03-16 16:07:34,561 - DEBUG: File Sym_AlgoDriver.py, in Sym_AlgoDriver.__init__             
	File D:\2022-1\graduate_design\codes\qt_view\software_base\utils\Driver\Sym_AlgoDriver.py line 30
end init 22d22e55-abca-11d4-8f1a-0060b0ee18e8
2023-03-16 16:07:45,502 - DEBUG: File Sym_AlgoDriver.py, in Sym_AlgoDriver.__init__             
	File D:\2022-1\graduate_design\codes\qt_view\software_base\utils\Driver\Sym_AlgoDriver.py line 28
before init 22d22e55-abca-11d4-8f1a-0060b0ee18e8
2023-03-16 16:07:45,504 - DEBUG: File Sym_AlgoDriver.py, in Sym_AlgoDriver.__init__             
	File D:\2022-1\graduate_design\codes\qt_view\software_base\utils\Driver\Sym_AlgoDriver.py line 30
end init 22d22e55-abca-11d4-8f1a-0060b0ee18e8
2023-03-16 16:09:48,570 - DEBUG: File main.py, in main.<module>             
	File D:\2022-1\graduate_design\codes\qt_view\software_base\main.py line 169
Application Start
2023-03-16 16:09:49,275 - DEBUG: File Sym_AlgoDriver.py, in Sym_AlgoDriver.__init__             
	File D:\2022-1\graduate_design\codes\qt_view\software_base\utils\Driver\Sym_AlgoDriver.py line 28
before init 22d22e55-abca-11d4-8f1a-0060b0ee18e8
2023-03-16 16:09:49,277 - DEBUG: File Sym_AlgoDriver.py, in Sym_AlgoDriver.__init__             
	File D:\2022-1\graduate_design\codes\qt_view\software_base\utils\Driver\Sym_AlgoDriver.py line 30
end init 22d22e55-abca-11d4-8f1a-0060b0ee18e8
2023-03-16 16:09:53,635 - DEBUG: File main.py, in main.ShapeConstruct             
	File D:\2022-1\graduate_design\codes\qt_view\software_base\main.py line 87
<utils.Sym_ParamBuilder.Sym_NewBuilder object at 0x000001C8CFB44370>
2023-03-16 16:09:58,405 - DEBUG: File Sym_AlgoDriver.py, in Sym_AlgoDriver.__init__             
	File D:\2022-1\graduate_design\codes\qt_view\software_base\utils\Driver\Sym_AlgoDriver.py line 28
before init 22d22e55-abca-11d4-8f1a-0060b0ee18e8
2023-03-16 16:09:58,407 - DEBUG: File Sym_AlgoDriver.py, in Sym_AlgoDriver.__init__             
	File D:\2022-1\graduate_design\codes\qt_view\software_base\utils\Driver\Sym_AlgoDriver.py line 30
end init 22d22e55-abca-11d4-8f1a-0060b0ee18e8
2023-03-16 16:10:12,298 - DEBUG: File main.py, in main.<module>             
	File D:\2022-1\graduate_design\codes\qt_view\software_base\main.py line 169
Application Start
2023-03-16 16:10:13,027 - DEBUG: File Sym_AlgoDriver.py, in Sym_AlgoDriver.__init__             
	File D:\2022-1\graduate_design\codes\qt_view\software_base\utils\Driver\Sym_AlgoDriver.py line 28
before init 22d22e55-abca-11d4-8f1a-0060b0ee18e8
2023-03-16 16:10:13,029 - DEBUG: File Sym_AlgoDriver.py, in Sym_AlgoDriver.__init__             
	File D:\2022-1\graduate_design\codes\qt_view\software_base\utils\Driver\Sym_AlgoDriver.py line 30
end init 22d22e55-abca-11d4-8f1a-0060b0ee18e8
2023-03-16 16:10:15,436 - DEBUG: File main.py, in main.ShapeConstruct             
	File D:\2022-1\graduate_design\codes\qt_view\software_base\main.py line 87
<utils.Sym_ParamBuilder.Sym_NewBuilder object at 0x0000027C556C42B0>
2023-03-16 16:12:37,380 - DEBUG: File Sym_AlgoDriver.py, in Sym_AlgoDriver.__init__             
	File D:\2022-1\graduate_design\codes\qt_view\software_base\utils\Driver\Sym_AlgoDriver.py line 28
before init 22d22e55-abca-11d4-8f1a-0060b0ee18e8
2023-03-16 16:12:37,382 - DEBUG: File Sym_AlgoDriver.py, in Sym_AlgoDriver.__init__             
	File D:\2022-1\graduate_design\codes\qt_view\software_base\utils\Driver\Sym_AlgoDriver.py line 30
end init 22d22e55-abca-11d4-8f1a-0060b0ee18e8
2023-03-16 16:23:32,266 - DEBUG: File Sym_AlgoDriver.py, in Sym_AlgoDriver.__init__             
	File D:\2022-1\graduate_design\codes\qt_view\software_base\utils\Driver\Sym_AlgoDriver.py line 28
before init 22d22e55-abca-11d4-8f1a-0060b0ee18e8
2023-03-16 16:23:32,268 - DEBUG: File Sym_AlgoDriver.py, in Sym_AlgoDriver.__init__             
	File D:\2022-1\graduate_design\codes\qt_view\software_base\utils\Driver\Sym_AlgoDriver.py line 30
end init 22d22e55-abca-11d4-8f1a-0060b0ee18e8
2023-03-16 16:24:32,019 - DEBUG: File Sym_AlgoDriver.py, in Sym_AlgoDriver.__init__             
	File D:\2022-1\graduate_design\codes\qt_view\software_base\utils\Driver\Sym_AlgoDriver.py line 28
before init 22d22e55-abca-11d4-8f1a-0060b0ee18e8
2023-03-16 16:24:32,021 - DEBUG: File Sym_AlgoDriver.py, in Sym_AlgoDriver.__init__             
	File D:\2022-1\graduate_design\codes\qt_view\software_base\utils\Driver\Sym_AlgoDriver.py line 30
end init 22d22e55-abca-11d4-8f1a-0060b0ee18e8
2023-03-16 16:51:06,574 - DEBUG: File main.py, in main.<module>             
	File D:\2022-1\graduate_design\codes\qt_view\software_base\main.py line 168
Application Start
2023-03-16 16:51:07,336 - DEBUG: File Sym_AlgoDriver.py, in Sym_AlgoDriver.__init__             
	File D:\2022-1\graduate_design\codes\qt_view\software_base\utils\Driver\Sym_AlgoDriver.py line 28
before init 22d22e55-abca-11d4-8f1a-0060b0ee18e8
2023-03-16 16:51:07,338 - DEBUG: File Sym_AlgoDriver.py, in Sym_AlgoDriver.__init__             
	File D:\2022-1\graduate_design\codes\qt_view\software_base\utils\Driver\Sym_AlgoDriver.py line 30
end init 22d22e55-abca-11d4-8f1a-0060b0ee18e8
2023-03-16 16:51:10,181 - DEBUG: File Logic_Construct.py, in Logic_Construct._Clear             
	File D:\2022-1\graduate_design\codes\qt_view\software_base\widgets\Logic_Construct.py line 77
Len:
2023-03-16 16:51:41,376 - DEBUG: File main.py, in main.<module>             
	File D:\2022-1\graduate_design\codes\qt_view\software_base\main.py line 168
Application Start
2023-03-16 16:51:42,080 - DEBUG: File Sym_AlgoDriver.py, in Sym_AlgoDriver.__init__             
	File D:\2022-1\graduate_design\codes\qt_view\software_base\utils\Driver\Sym_AlgoDriver.py line 28
before init 22d22e55-abca-11d4-8f1a-0060b0ee18e8
2023-03-16 16:51:42,082 - DEBUG: File Sym_AlgoDriver.py, in Sym_AlgoDriver.__init__             
	File D:\2022-1\graduate_design\codes\qt_view\software_base\utils\Driver\Sym_AlgoDriver.py line 30
end init 22d22e55-abca-11d4-8f1a-0060b0ee18e8
2023-03-16 16:51:51,901 - DEBUG: File Logic_Construct.py, in Logic_Construct._Clear             
	File D:\2022-1\graduate_design\codes\qt_view\software_base\widgets\Logic_Construct.py line 77
Len:
2023-03-16 16:56:30,162 - DEBUG: File main.py, in main.<module>             
	File D:\2022-1\graduate_design\codes\qt_view\software_base\main.py line 168
Application Start
2023-03-16 16:56:30,922 - DEBUG: File Sym_AlgoDriver.py, in Sym_AlgoDriver.__init__             
	File D:\2022-1\graduate_design\codes\qt_view\software_base\utils\Driver\Sym_AlgoDriver.py line 28
before init 22d22e55-abca-11d4-8f1a-0060b0ee18e8
2023-03-16 16:56:30,925 - DEBUG: File Sym_AlgoDriver.py, in Sym_AlgoDriver.__init__             
	File D:\2022-1\graduate_design\codes\qt_view\software_base\utils\Driver\Sym_AlgoDriver.py line 30
end init 22d22e55-abca-11d4-8f1a-0060b0ee18e8
2023-03-16 16:56:45,871 - DEBUG: File Logic_Construct.py, in Logic_Construct._Clear             
	File D:\2022-1\graduate_design\codes\qt_view\software_base\widgets\Logic_Construct.py line 77
Len:
2023-03-16 17:11:05,730 - DEBUG: File main.py, in main.<module>             
	File D:\2022-1\graduate_design\codes\qt_view\software_base\main.py line 168
Application Start
2023-03-16 17:11:07,306 - DEBUG: File Sym_AlgoDriver.py, in Sym_AlgoDriver.__init__             
	File D:\2022-1\graduate_design\codes\qt_view\software_base\utils\Driver\Sym_AlgoDriver.py line 28
before init 22d22e55-abca-11d4-8f1a-0060b0ee18e8
2023-03-16 17:11:07,310 - DEBUG: File Sym_AlgoDriver.py, in Sym_AlgoDriver.__init__             
	File D:\2022-1\graduate_design\codes\qt_view\software_base\utils\Driver\Sym_AlgoDriver.py line 30
end init 22d22e55-abca-11d4-8f1a-0060b0ee18e8
2023-03-16 17:11:16,834 - DEBUG: File Logic_Construct.py, in Logic_Construct._Clear             
	File D:\2022-1\graduate_design\codes\qt_view\software_base\widgets\Logic_Construct.py line 86
Len:
2023-03-16 17:17:29,210 - DEBUG: File main.py, in main.<module>             
	File D:\2022-1\graduate_design\codes\qt_view\software_base\main.py line 168
Application Start
2023-03-16 17:17:44,417 - DEBUG: File main.py, in main.<module>             
	File D:\2022-1\graduate_design\codes\qt_view\software_base\main.py line 168
Application Start
2023-03-16 17:17:45,255 - DEBUG: File Sym_AlgoDriver.py, in Sym_AlgoDriver.__init__             
	File D:\2022-1\graduate_design\codes\qt_view\software_base\utils\Driver\Sym_AlgoDriver.py line 28
before init 22d22e55-abca-11d4-8f1a-0060b0ee18e8
2023-03-16 17:17:45,258 - DEBUG: File Sym_AlgoDriver.py, in Sym_AlgoDriver.__init__             
	File D:\2022-1\graduate_design\codes\qt_view\software_base\utils\Driver\Sym_AlgoDriver.py line 30
end init 22d22e55-abca-11d4-8f1a-0060b0ee18e8
2023-03-16 17:17:47,788 - DEBUG: File Logic_Construct.py, in Logic_Construct._Clear             
	File D:\2022-1\graduate_design\codes\qt_view\software_base\widgets\Logic_Construct.py line 86
Len:
2023-03-16 17:18:39,951 - DEBUG: File main.py, in main.<module>             
	File D:\2022-1\graduate_design\codes\qt_view\software_base\main.py line 168
Application Start
2023-03-16 17:18:40,687 - DEBUG: File Sym_AlgoDriver.py, in Sym_AlgoDriver.__init__             
	File D:\2022-1\graduate_design\codes\qt_view\software_base\utils\Driver\Sym_AlgoDriver.py line 28
before init 22d22e55-abca-11d4-8f1a-0060b0ee18e8
2023-03-16 17:18:40,692 - DEBUG: File Sym_AlgoDriver.py, in Sym_AlgoDriver.__init__             
	File D:\2022-1\graduate_design\codes\qt_view\software_base\utils\Driver\Sym_AlgoDriver.py line 30
end init 22d22e55-abca-11d4-8f1a-0060b0ee18e8
2023-03-16 17:18:43,160 - DEBUG: File Logic_Construct.py, in Logic_Construct._Clear             
	File D:\2022-1\graduate_design\codes\qt_view\software_base\widgets\Logic_Construct.py line 86
Len:
2023-03-16 20:18:06,525 - DEBUG: File main.py, in main.<module>             
	File D:\2022-1\graduate_design\codes\qt_view\software_base\main.py line 196
Application Start
2023-03-16 20:18:08,354 - DEBUG: File Sym_AlgoDriver.py, in Sym_AlgoDriver.__init__             
	File D:\2022-1\graduate_design\codes\qt_view\software_base\utils\Driver\Sym_AlgoDriver.py line 28
before init 22d22e55-abca-11d4-8f1a-0060b0ee18e8
2023-03-16 20:18:08,359 - DEBUG: File Sym_AlgoDriver.py, in Sym_AlgoDriver.__init__             
	File D:\2022-1\graduate_design\codes\qt_view\software_base\utils\Driver\Sym_AlgoDriver.py line 30
end init 22d22e55-abca-11d4-8f1a-0060b0ee18e8
2023-03-16 20:18:20,505 - DEBUG: File main.py, in main.<module>             
	File D:\2022-1\graduate_design\codes\qt_view\software_base\main.py line 196
Application Start
2023-03-16 20:18:21,266 - DEBUG: File Sym_AlgoDriver.py, in Sym_AlgoDriver.__init__             
	File D:\2022-1\graduate_design\codes\qt_view\software_base\utils\Driver\Sym_AlgoDriver.py line 28
before init 22d22e55-abca-11d4-8f1a-0060b0ee18e8
2023-03-16 20:18:21,269 - DEBUG: File Sym_AlgoDriver.py, in Sym_AlgoDriver.__init__             
	File D:\2022-1\graduate_design\codes\qt_view\software_base\utils\Driver\Sym_AlgoDriver.py line 30
end init 22d22e55-abca-11d4-8f1a-0060b0ee18e8
2023-03-16 20:22:34,790 - DEBUG: File main.py, in main.<module>             
	File D:\2022-1\graduate_design\codes\qt_view\software_base\main.py line 201
Application Start
2023-03-16 20:22:35,501 - DEBUG: File Sym_AlgoDriver.py, in Sym_AlgoDriver.__init__             
	File D:\2022-1\graduate_design\codes\qt_view\software_base\utils\Driver\Sym_AlgoDriver.py line 28
before init 22d22e55-abca-11d4-8f1a-0060b0ee18e8
2023-03-16 20:22:35,503 - DEBUG: File Sym_AlgoDriver.py, in Sym_AlgoDriver.__init__             
	File D:\2022-1\graduate_design\codes\qt_view\software_base\utils\Driver\Sym_AlgoDriver.py line 30
end init 22d22e55-abca-11d4-8f1a-0060b0ee18e8
2023-03-16 20:22:54,803 - DEBUG: File main.py, in main.<module>             
	File D:\2022-1\graduate_design\codes\qt_view\software_base\main.py line 201
Application Start
2023-03-16 20:22:55,536 - DEBUG: File Sym_AlgoDriver.py, in Sym_AlgoDriver.__init__             
	File D:\2022-1\graduate_design\codes\qt_view\software_base\utils\Driver\Sym_AlgoDriver.py line 28
before init 22d22e55-abca-11d4-8f1a-0060b0ee18e8
2023-03-16 20:22:55,539 - DEBUG: File Sym_AlgoDriver.py, in Sym_AlgoDriver.__init__             
	File D:\2022-1\graduate_design\codes\qt_view\software_base\utils\Driver\Sym_AlgoDriver.py line 30
end init 22d22e55-abca-11d4-8f1a-0060b0ee18e8
2023-03-16 20:23:01,808 - DEBUG: File Logic_Construct.py, in Logic_Construct._Clear             
	File D:\2022-1\graduate_design\codes\qt_view\software_base\widgets\Logic_Construct.py line 114
Len:
2023-03-16 20:23:11,167 - DEBUG: File Logic_Construct.py, in Logic_Construct._Clear             
	File D:\2022-1\graduate_design\codes\qt_view\software_base\widgets\Logic_Construct.py line 114
Len:
2023-03-16 20:24:41,429 - DEBUG: File main.py, in main.<module>             
	File D:\2022-1\graduate_design\codes\qt_view\software_base\main.py line 202
Application Start
2023-03-16 20:24:42,280 - DEBUG: File Sym_AlgoDriver.py, in Sym_AlgoDriver.__init__             
	File D:\2022-1\graduate_design\codes\qt_view\software_base\utils\Driver\Sym_AlgoDriver.py line 28
before init 22d22e55-abca-11d4-8f1a-0060b0ee18e8
2023-03-16 20:24:42,284 - DEBUG: File Sym_AlgoDriver.py, in Sym_AlgoDriver.__init__             
	File D:\2022-1\graduate_design\codes\qt_view\software_base\utils\Driver\Sym_AlgoDriver.py line 30
end init 22d22e55-abca-11d4-8f1a-0060b0ee18e8
2023-03-16 20:24:45,223 - DEBUG: File Logic_Construct.py, in Logic_Construct._Clear             
	File D:\2022-1\graduate_design\codes\qt_view\software_base\widgets\Logic_Construct.py line 114
Len:
2023-03-16 21:19:53,706 - DEBUG: File main.py, in main.<module>             
	File D:\2022-1\graduate_design\codes\qt_view\software_base\main.py line 202
Application Start
2023-03-16 21:19:54,443 - DEBUG: File Sym_AlgoDriver.py, in Sym_AlgoDriver.__init__             
	File D:\2022-1\graduate_design\codes\qt_view\software_base\utils\Driver\Sym_AlgoDriver.py line 28
before init 22d22e55-abca-11d4-8f1a-0060b0ee18e8
2023-03-16 21:19:54,446 - DEBUG: File Sym_AlgoDriver.py, in Sym_AlgoDriver.__init__             
	File D:\2022-1\graduate_design\codes\qt_view\software_base\utils\Driver\Sym_AlgoDriver.py line 30
end init 22d22e55-abca-11d4-8f1a-0060b0ee18e8
2023-03-16 21:19:57,953 - DEBUG: File Logic_Construct.py, in Logic_Construct._Clear             
	File D:\2022-1\graduate_design\codes\qt_view\software_base\widgets\Logic_Construct.py line 122
Len:
2023-03-16 21:20:49,764 - DEBUG: File main.py, in main.<module>             
	File D:\2022-1\graduate_design\codes\qt_view\software_base\main.py line 202
Application Start
2023-03-16 21:20:50,612 - DEBUG: File Sym_AlgoDriver.py, in Sym_AlgoDriver.__init__             
	File D:\2022-1\graduate_design\codes\qt_view\software_base\utils\Driver\Sym_AlgoDriver.py line 28
before init 22d22e55-abca-11d4-8f1a-0060b0ee18e8
2023-03-16 21:20:50,616 - DEBUG: File Sym_AlgoDriver.py, in Sym_AlgoDriver.__init__             
	File D:\2022-1\graduate_design\codes\qt_view\software_base\utils\Driver\Sym_AlgoDriver.py line 30
end init 22d22e55-abca-11d4-8f1a-0060b0ee18e8
2023-03-16 21:20:53,239 - DEBUG: File Logic_Construct.py, in Logic_Construct._Clear             
	File D:\2022-1\graduate_design\codes\qt_view\software_base\widgets\Logic_Construct.py line 123
Len:
2023-03-16 22:20:00,838 - DEBUG: File main.py, in main.<module>             
	File D:\2022-1\graduate_design\codes\qt_view\software_base\main.py line 202
Application Start
2023-03-16 22:20:02,427 - DEBUG: File Sym_AlgoDriver.py, in Sym_AlgoDriver.__init__             
	File D:\2022-1\graduate_design\codes\qt_view\software_base\utils\Driver\Sym_AlgoDriver.py line 28
before init 22d22e55-abca-11d4-8f1a-0060b0ee18e8
2023-03-16 22:20:02,430 - DEBUG: File Sym_AlgoDriver.py, in Sym_AlgoDriver.__init__             
	File D:\2022-1\graduate_design\codes\qt_view\software_base\utils\Driver\Sym_AlgoDriver.py line 30
end init 22d22e55-abca-11d4-8f1a-0060b0ee18e8
2023-03-16 22:20:07,193 - DEBUG: File Logic_Construct.py, in Logic_Construct._Clear             
	File D:\2022-1\graduate_design\codes\qt_view\software_base\widgets\Logic_Construct.py line 123
Len:
2023-03-16 22:26:54,920 - DEBUG: File main.py, in main.<module>             
	File D:\2022-1\graduate_design\codes\qt_view\software_base\main.py line 202
Application Start
2023-03-16 22:26:55,823 - DEBUG: File Sym_AlgoDriver.py, in Sym_AlgoDriver.__init__             
	File D:\2022-1\graduate_design\codes\qt_view\software_base\utils\Driver\Sym_AlgoDriver.py line 28
before init 22d22e55-abca-11d4-8f1a-0060b0ee18e8
2023-03-16 22:26:55,827 - DEBUG: File Sym_AlgoDriver.py, in Sym_AlgoDriver.__init__             
	File D:\2022-1\graduate_design\codes\qt_view\software_base\utils\Driver\Sym_AlgoDriver.py line 30
end init 22d22e55-abca-11d4-8f1a-0060b0ee18e8
2023-03-16 22:26:58,717 - DEBUG: File Logic_Construct.py, in Logic_Construct._Clear             
	File D:\2022-1\graduate_design\codes\qt_view\software_base\widgets\Logic_Construct.py line 123
Len:
2023-03-16 22:27:17,651 - DEBUG: File Logic_Construct.py, in Logic_Construct._Clear             
	File D:\2022-1\graduate_design\codes\qt_view\software_base\widgets\Logic_Construct.py line 123
Len:
2023-03-16 22:29:56,187 - DEBUG: File main.py, in main.<module>             
	File D:\2022-1\graduate_design\codes\qt_view\software_base\main.py line 202
Application Start
2023-03-16 22:29:56,921 - DEBUG: File Sym_AlgoDriver.py, in Sym_AlgoDriver.__init__             
	File D:\2022-1\graduate_design\codes\qt_view\software_base\utils\Driver\Sym_AlgoDriver.py line 28
before init 22d22e55-abca-11d4-8f1a-0060b0ee18e8
2023-03-16 22:29:56,923 - DEBUG: File Sym_AlgoDriver.py, in Sym_AlgoDriver.__init__             
	File D:\2022-1\graduate_design\codes\qt_view\software_base\utils\Driver\Sym_AlgoDriver.py line 30
end init 22d22e55-abca-11d4-8f1a-0060b0ee18e8
2023-03-16 22:29:59,773 - DEBUG: File Logic_Construct.py, in Logic_Construct._Clear             
	File D:\2022-1\graduate_design\codes\qt_view\software_base\widgets\Logic_Construct.py line 123
Len:
2023-03-16 22:30:08,654 - DEBUG: File Sym_AlgoDriver.py, in Sym_AlgoDriver.__init__             
	File D:\2022-1\graduate_design\codes\qt_view\software_base\utils\Driver\Sym_AlgoDriver.py line 28
before init 22d22e55-abca-11d4-8f1a-0060b0ee18e8
2023-03-16 22:30:08,656 - DEBUG: File Sym_AlgoDriver.py, in Sym_AlgoDriver.__init__             
	File D:\2022-1\graduate_design\codes\qt_view\software_base\utils\Driver\Sym_AlgoDriver.py line 30
end init 22d22e55-abca-11d4-8f1a-0060b0ee18e8
2023-03-16 22:30:08,671 - DEBUG: File Logic_Construct.py, in Logic_Construct._Clear             
	File D:\2022-1\graduate_design\codes\qt_view\software_base\widgets\Logic_Construct.py line 123
Len:
2023-03-16 22:30:21,925 - DEBUG: File Logic_Construct.py, in Logic_Construct._Clear             
	File D:\2022-1\graduate_design\codes\qt_view\software_base\widgets\Logic_Construct.py line 123
Len:
2023-03-16 22:34:31,421 - DEBUG: File main.py, in main.<module>             
	File D:\2022-1\graduate_design\codes\qt_view\software_base\main.py line 202
Application Start
2023-03-16 22:34:32,247 - DEBUG: File Sym_AlgoDriver.py, in Sym_AlgoDriver.__init__             
	File D:\2022-1\graduate_design\codes\qt_view\software_base\utils\Driver\Sym_AlgoDriver.py line 28
before init 22d22e55-abca-11d4-8f1a-0060b0ee18e8
2023-03-16 22:34:32,250 - DEBUG: File Sym_AlgoDriver.py, in Sym_AlgoDriver.__init__             
	File D:\2022-1\graduate_design\codes\qt_view\software_base\utils\Driver\Sym_AlgoDriver.py line 30
end init 22d22e55-abca-11d4-8f1a-0060b0ee18e8
2023-03-16 22:34:38,084 - DEBUG: File Logic_Construct.py, in Logic_Construct._Clear             
	File D:\2022-1\graduate_design\codes\qt_view\software_base\widgets\Logic_Construct.py line 122
Len:
2023-03-16 22:39:09,478 - DEBUG: File main.py, in main.<module>             
	File D:\2022-1\graduate_design\codes\qt_view\software_base\main.py line 202
Application Start
2023-03-16 22:39:10,352 - DEBUG: File Sym_AlgoDriver.py, in Sym_AlgoDriver.__init__             
	File D:\2022-1\graduate_design\codes\qt_view\software_base\utils\Driver\Sym_AlgoDriver.py line 28
before init 22d22e55-abca-11d4-8f1a-0060b0ee18e8
2023-03-16 22:39:10,355 - DEBUG: File Sym_AlgoDriver.py, in Sym_AlgoDriver.__init__             
	File D:\2022-1\graduate_design\codes\qt_view\software_base\utils\Driver\Sym_AlgoDriver.py line 30
end init 22d22e55-abca-11d4-8f1a-0060b0ee18e8
2023-03-16 22:39:16,625 - DEBUG: File Logic_Construct.py, in Logic_Construct._Clear             
	File D:\2022-1\graduate_design\codes\qt_view\software_base\widgets\Logic_Construct.py line 122
Len:
2023-03-16 22:41:17,462 - DEBUG: File main.py, in main.<module>             
	File D:\2022-1\graduate_design\codes\qt_view\software_base\main.py line 202
Application Start
2023-03-16 22:41:19,287 - DEBUG: File Sym_AlgoDriver.py, in Sym_AlgoDriver.__init__             
	File D:\2022-1\graduate_design\codes\qt_view\software_base\utils\Driver\Sym_AlgoDriver.py line 28
before init 22d22e55-abca-11d4-8f1a-0060b0ee18e8
2023-03-16 22:41:19,297 - DEBUG: File Sym_AlgoDriver.py, in Sym_AlgoDriver.__init__             
	File D:\2022-1\graduate_design\codes\qt_view\software_base\utils\Driver\Sym_AlgoDriver.py line 30
end init 22d22e55-abca-11d4-8f1a-0060b0ee18e8
2023-03-16 22:41:22,227 - DEBUG: File Logic_Construct.py, in Logic_Construct._Clear             
	File D:\2022-1\graduate_design\codes\qt_view\software_base\widgets\Logic_Construct.py line 122
Len:
2023-03-16 22:42:03,312 - DEBUG: File Logic_Construct.py, in Logic_Construct._Clear             
	File D:\2022-1\graduate_design\codes\qt_view\software_base\widgets\Logic_Construct.py line 122
Len:
