2023-03-16 22:34:38,072 - INFO: Start init NewParamBuilder 
2023-03-16 22:34:38,075 - INFO: Type:array Driver:22d22e56-abca-11d4-8f1a-0060b0ee18e8
2023-03-16 22:34:38,077 - INFO: name:<class 'str'>
2023-03-16 22:34:38,079 - INFO: parent:<class 'str'>
2023-03-16 22:34:38,081 - INFO: shape:Array sz:0 subParam: {'theXp': <class 'OCC.Core.TDataStd.TDataStd_Real'>, 'theYp': <class 'OCC.Core.TDataStd.TDataStd_Real'>, 'theZp': <class 'OCC.Core.TDataStd.TDataStd_Real'>}
2023-03-16 22:34:38,083 - INFO: End init NewParamBuilder 
2023-03-16 22:34:38,086 - INFO: change item:<PyQt5.QtWidgets.QTreeWidgetItem object at 0x00000266F8D6BD30>, col:0 to text:Parent
2023-03-16 22:34:38,088 - INFO: change item:<PyQt5.QtWidgets.QTreeWidgetItem object at 0x00000266F8D6BD30>, col:1 to text:0:1
2023-03-16 22:34:38,091 - INFO: change item:<PyQt5.QtWidgets.QTreeWidgetItem object at 0x00000266F8D6BD30>, col:0 to text:Parent
2023-03-16 22:34:38,097 - INFO: change item:<PyQt5.QtWidgets.QTreeWidgetItem object at 0x00000266F8D6BC10>, col:0 to text:Name
2023-03-16 22:34:38,099 - INFO: change item:<PyQt5.QtWidgets.QTreeWidgetItem object at 0x00000266F8D6BC10>, col:1 to text:shape
2023-03-16 22:34:38,101 - INFO: change item:<PyQt5.QtWidgets.QTreeWidgetItem object at 0x00000266F8D6BC10>, col:0 to text:Name
2023-03-16 22:34:38,104 - INFO: change item:<PyQt5.QtWidgets.QTreeWidgetItem object at 0x00000266F8D6BCA0>, col:0 to text:Shape
2023-03-16 22:34:38,107 - INFO: change item:<PyQt5.QtWidgets.QTreeWidgetItem object at 0x00000266F8D6BCA0>, col:1 to text:0
2023-03-16 22:34:38,109 - INFO: change item:<PyQt5.QtWidgets.QTreeWidgetItem object at 0x00000266F8D6BCA0>, col:0 to text:Shape
2023-03-16 22:34:38,112 - INFO: change item:<PyQt5.QtWidgets.QTreeWidgetItem object at 0x00000266F8D6BCA0>, col:2 to text:
2023-03-16 22:34:38,114 - INFO: change item:<PyQt5.QtWidgets.QTreeWidgetItem object at 0x00000266F8D6BCA0>, col:2 to text:
2023-03-16 22:34:38,116 - INFO: change item:<PyQt5.QtWidgets.QTreeWidgetItem object at 0x00000266F8D6BCA0>, col:2 to text:
2023-03-16 22:34:38,117 - INFO: ParamTree:<widgets.Logic_Construct.Logic_Construct object at 0x00000266F7240DC0>
2023-03-16 22:34:40,000 - INFO: change item:<PyQt5.QtWidgets.QTreeWidgetItem object at 0x00000266F8D6BCA0>, col:1 to text:2
2023-03-16 22:34:40,002 - INFO: change item:<PyQt5.QtWidgets.QTreeWidgetItem object at 0x00000266F8D6BEE0>, col:0 to text:Pnt0
2023-03-16 22:34:40,004 - INFO: change item:<PyQt5.QtWidgets.QTreeWidgetItem object at 0x00000266F8D6BF70>, col:0 to text:theXp
2023-03-16 22:34:40,006 - INFO: change item:<PyQt5.QtWidgets.QTreeWidgetItem object at 0x00000266F8D6BF70>, col:1 to text:0.0
2023-03-16 22:34:40,008 - INFO: change item:<PyQt5.QtWidgets.QTreeWidgetItem object at 0x00000266F8D6BF70>, col:0 to text:theXp
2023-03-16 22:34:40,010 - INFO: change item:<PyQt5.QtWidgets.QTreeWidgetItem object at 0x00000266F8D6BE50>, col:0 to text:theYp
2023-03-16 22:34:40,012 - INFO: change item:<PyQt5.QtWidgets.QTreeWidgetItem object at 0x00000266F8D6BE50>, col:1 to text:0.0
2023-03-16 22:34:40,014 - INFO: change item:<PyQt5.QtWidgets.QTreeWidgetItem object at 0x00000266F8D6BE50>, col:0 to text:theYp
2023-03-16 22:34:40,016 - INFO: change item:<PyQt5.QtWidgets.QTreeWidgetItem object at 0x00000266F8D6BDC0>, col:0 to text:theZp
2023-03-16 22:34:40,018 - INFO: change item:<PyQt5.QtWidgets.QTreeWidgetItem object at 0x00000266F8D6BDC0>, col:1 to text:0.0
2023-03-16 22:34:40,020 - INFO: change item:<PyQt5.QtWidgets.QTreeWidgetItem object at 0x00000266F8D6BDC0>, col:0 to text:theZp
2023-03-16 22:34:40,023 - INFO: change item:<PyQt5.QtWidgets.QTreeWidgetItem object at 0x00000266808E8160>, col:0 to text:Pnt1
2023-03-16 22:34:40,025 - INFO: change item:<PyQt5.QtWidgets.QTreeWidgetItem object at 0x00000266808E81F0>, col:0 to text:theXp
2023-03-16 22:34:40,027 - INFO: change item:<PyQt5.QtWidgets.QTreeWidgetItem object at 0x00000266808E81F0>, col:1 to text:0.0
2023-03-16 22:34:40,028 - INFO: change item:<PyQt5.QtWidgets.QTreeWidgetItem object at 0x00000266808E81F0>, col:0 to text:theXp
2023-03-16 22:34:40,030 - INFO: change item:<PyQt5.QtWidgets.QTreeWidgetItem object at 0x00000266808E8040>, col:0 to text:theYp
2023-03-16 22:34:40,032 - INFO: change item:<PyQt5.QtWidgets.QTreeWidgetItem object at 0x00000266808E8040>, col:1 to text:0.0
2023-03-16 22:34:40,034 - INFO: change item:<PyQt5.QtWidgets.QTreeWidgetItem object at 0x00000266808E8040>, col:0 to text:theYp
2023-03-16 22:34:40,036 - INFO: change item:<PyQt5.QtWidgets.QTreeWidgetItem object at 0x00000266808E80D0>, col:0 to text:theZp
2023-03-16 22:34:40,038 - INFO: change item:<PyQt5.QtWidgets.QTreeWidgetItem object at 0x00000266808E80D0>, col:1 to text:0.0
2023-03-16 22:34:40,040 - INFO: change item:<PyQt5.QtWidgets.QTreeWidgetItem object at 0x00000266808E80D0>, col:0 to text:theZp
2023-03-16 22:34:42,554 - INFO: change item:<PyQt5.QtWidgets.QTreeWidgetItem object at 0x00000266F8D6BF70>, col:1 to text:4
2023-03-16 22:34:44,092 - INFO: change item:<PyQt5.QtWidgets.QTreeWidgetItem object at 0x00000266F8D6BE50>, col:1 to text:3
2023-03-16 22:34:46,238 - INFO: change item:<PyQt5.QtWidgets.QTreeWidgetItem object at 0x00000266F8D6BDC0>, col:1 to text:2
2023-03-16 22:34:49,011 - INFO: change item:<PyQt5.QtWidgets.QTreeWidgetItem object at 0x00000266808E81F0>, col:1 to text:2
2023-03-16 22:34:50,561 - INFO: change item:<PyQt5.QtWidgets.QTreeWidgetItem object at 0x00000266808E8040>, col:1 to text:3
2023-03-16 22:34:52,983 - INFO: change item:<PyQt5.QtWidgets.QTreeWidgetItem object at 0x00000266808E80D0>, col:1 to text:1
2023-03-16 22:34:53,976 - INFO: Start Collect New Shape data
2023-03-16 22:34:53,979 - INFO: ParentPath:0:1
2023-03-16 22:34:53,982 - INFO: name:shape
2023-03-16 22:34:53,984 - INFO: value:{'Shape': {'Pnt1': '1'}}
2023-03-16 22:34:53,986 - INFO: end Collect New Shape data
2023-03-16 22:39:16,607 - INFO: Start init NewParamBuilder 
2023-03-16 22:39:16,610 - INFO: Type:Box Driver:22d22e50-abca-11d4-8f1a-0060b0ee18e8
2023-03-16 22:39:16,613 - INFO: name:<class 'str'>
2023-03-16 22:39:16,616 - INFO: parent:<class 'str'>
2023-03-16 22:39:16,619 - INFO: shape:{'transform': {'angle': <class 'OCC.Core.TDataStd.TDataStd_Real'>, 'rotateAxis': {'theXp': <class 'OCC.Core.TDataStd.TDataStd_Real'>, 'theYp': <class 'OCC.Core.TDataStd.TDataStd_Real'>, 'theZp': <class 'OCC.Core.TDataStd.TDataStd_Real'>}, 'position': {'theXp': <class 'OCC.Core.TDataStd.TDataStd_Real'>, 'theYp': <class 'OCC.Core.TDataStd.TDataStd_Real'>, 'theZp': <class 'OCC.Core.TDataStd.TDataStd_Real'>}}, 'l': <class 'OCC.Core.TDataStd.TDataStd_Real'>, 'h': <class 'OCC.Core.TDataStd.TDataStd_Real'>, 'w': <class 'OCC.Core.TDataStd.TDataStd_Real'>}
2023-03-16 22:39:16,622 - INFO: End init NewParamBuilder 
2023-03-16 22:39:16,627 - INFO: change item:<PyQt5.QtWidgets.QTreeWidgetItem object at 0x000002C6626DAD30>, col:0 to text:Parent
2023-03-16 22:39:16,630 - INFO: change item:<PyQt5.QtWidgets.QTreeWidgetItem object at 0x000002C6626DAD30>, col:1 to text:0:1
2023-03-16 22:39:16,632 - INFO: change item:<PyQt5.QtWidgets.QTreeWidgetItem object at 0x000002C6626DAD30>, col:0 to text:Parent
2023-03-16 22:39:16,639 - INFO: change item:<PyQt5.QtWidgets.QTreeWidgetItem object at 0x000002C6626DAC10>, col:0 to text:Name
2023-03-16 22:39:16,642 - INFO: change item:<PyQt5.QtWidgets.QTreeWidgetItem object at 0x000002C6626DAC10>, col:1 to text:shape
2023-03-16 22:39:16,645 - INFO: change item:<PyQt5.QtWidgets.QTreeWidgetItem object at 0x000002C6626DAC10>, col:0 to text:Name
2023-03-16 22:39:16,650 - INFO: change item:<PyQt5.QtWidgets.QTreeWidgetItem object at 0x000002C6626DACA0>, col:0 to text:Shape
2023-03-16 22:39:16,653 - INFO: change item:<PyQt5.QtWidgets.QTreeWidgetItem object at 0x000002C6626DAE50>, col:0 to text:transform
2023-03-16 22:39:16,656 - INFO: change item:<PyQt5.QtWidgets.QTreeWidgetItem object at 0x000002C6626DAF70>, col:0 to text:angle
2023-03-16 22:39:16,659 - INFO: change item:<PyQt5.QtWidgets.QTreeWidgetItem object at 0x000002C6626DAF70>, col:1 to text:0.0
2023-03-16 22:39:16,663 - INFO: change item:<PyQt5.QtWidgets.QTreeWidgetItem object at 0x000002C6626DAF70>, col:0 to text:angle
2023-03-16 22:39:16,666 - INFO: change item:<PyQt5.QtWidgets.QTreeWidgetItem object at 0x000002C6626DADC0>, col:0 to text:rotateAxis
2023-03-16 22:39:16,669 - INFO: change item:<PyQt5.QtWidgets.QTreeWidgetItem object at 0x000002C6626DAEE0>, col:0 to text:theXp
2023-03-16 22:39:16,673 - INFO: change item:<PyQt5.QtWidgets.QTreeWidgetItem object at 0x000002C6626DAEE0>, col:1 to text:0.0
2023-03-16 22:39:16,676 - INFO: change item:<PyQt5.QtWidgets.QTreeWidgetItem object at 0x000002C6626DAEE0>, col:0 to text:theXp
2023-03-16 22:39:16,678 - INFO: change item:<PyQt5.QtWidgets.QTreeWidgetItem object at 0x000002C6671CA160>, col:0 to text:theYp
2023-03-16 22:39:16,681 - INFO: change item:<PyQt5.QtWidgets.QTreeWidgetItem object at 0x000002C6671CA160>, col:1 to text:0.0
2023-03-16 22:39:16,684 - INFO: change item:<PyQt5.QtWidgets.QTreeWidgetItem object at 0x000002C6671CA160>, col:0 to text:theYp
2023-03-16 22:39:16,689 - INFO: change item:<PyQt5.QtWidgets.QTreeWidgetItem object at 0x000002C6671CA040>, col:0 to text:theZp
2023-03-16 22:39:16,695 - INFO: change item:<PyQt5.QtWidgets.QTreeWidgetItem object at 0x000002C6671CA040>, col:1 to text:0.0
2023-03-16 22:39:16,700 - INFO: change item:<PyQt5.QtWidgets.QTreeWidgetItem object at 0x000002C6671CA040>, col:0 to text:theZp
2023-03-16 22:39:16,703 - INFO: change item:<PyQt5.QtWidgets.QTreeWidgetItem object at 0x000002C6671CA0D0>, col:0 to text:position
2023-03-16 22:39:16,708 - INFO: change item:<PyQt5.QtWidgets.QTreeWidgetItem object at 0x000002C6671CA310>, col:0 to text:theXp
2023-03-16 22:39:16,712 - INFO: change item:<PyQt5.QtWidgets.QTreeWidgetItem object at 0x000002C6671CA310>, col:1 to text:0.0
2023-03-16 22:39:16,715 - INFO: change item:<PyQt5.QtWidgets.QTreeWidgetItem object at 0x000002C6671CA310>, col:0 to text:theXp
2023-03-16 22:39:16,720 - INFO: change item:<PyQt5.QtWidgets.QTreeWidgetItem object at 0x000002C6671CA1F0>, col:0 to text:theYp
2023-03-16 22:39:16,724 - INFO: change item:<PyQt5.QtWidgets.QTreeWidgetItem object at 0x000002C6671CA1F0>, col:1 to text:0.0
2023-03-16 22:39:16,728 - INFO: change item:<PyQt5.QtWidgets.QTreeWidgetItem object at 0x000002C6671CA1F0>, col:0 to text:theYp
2023-03-16 22:39:16,731 - INFO: change item:<PyQt5.QtWidgets.QTreeWidgetItem object at 0x000002C6671CA280>, col:0 to text:theZp
2023-03-16 22:39:16,735 - INFO: change item:<PyQt5.QtWidgets.QTreeWidgetItem object at 0x000002C6671CA280>, col:1 to text:0.0
2023-03-16 22:39:16,738 - INFO: change item:<PyQt5.QtWidgets.QTreeWidgetItem object at 0x000002C6671CA280>, col:0 to text:theZp
2023-03-16 22:39:16,742 - INFO: change item:<PyQt5.QtWidgets.QTreeWidgetItem object at 0x000002C6671CA3A0>, col:0 to text:l
2023-03-16 22:39:16,746 - INFO: change item:<PyQt5.QtWidgets.QTreeWidgetItem object at 0x000002C6671CA3A0>, col:1 to text:0.0
2023-03-16 22:39:16,750 - INFO: change item:<PyQt5.QtWidgets.QTreeWidgetItem object at 0x000002C6671CA3A0>, col:0 to text:l
2023-03-16 22:39:16,754 - INFO: change item:<PyQt5.QtWidgets.QTreeWidgetItem object at 0x000002C6671CA430>, col:0 to text:h
2023-03-16 22:39:16,757 - INFO: change item:<PyQt5.QtWidgets.QTreeWidgetItem object at 0x000002C6671CA430>, col:1 to text:0.0
2023-03-16 22:39:16,761 - INFO: change item:<PyQt5.QtWidgets.QTreeWidgetItem object at 0x000002C6671CA430>, col:0 to text:h
2023-03-16 22:39:16,765 - INFO: change item:<PyQt5.QtWidgets.QTreeWidgetItem object at 0x000002C6671CA4C0>, col:0 to text:w
2023-03-16 22:39:16,769 - INFO: change item:<PyQt5.QtWidgets.QTreeWidgetItem object at 0x000002C6671CA4C0>, col:1 to text:0.0
2023-03-16 22:39:16,772 - INFO: change item:<PyQt5.QtWidgets.QTreeWidgetItem object at 0x000002C6671CA4C0>, col:0 to text:w
2023-03-16 22:39:16,776 - INFO: ParamTree:<widgets.Logic_Construct.Logic_Construct object at 0x000002C660B9FDC0>
2023-03-16 22:39:18,804 - INFO: change item:<PyQt5.QtWidgets.QTreeWidgetItem object at 0x000002C6671CA3A0>, col:1 to text:2
2023-03-16 22:39:19,675 - INFO: change item:<PyQt5.QtWidgets.QTreeWidgetItem object at 0x000002C6671CA430>, col:1 to text:0.30
2023-03-16 22:39:21,573 - INFO: change item:<PyQt5.QtWidgets.QTreeWidgetItem object at 0x000002C6671CA4C0>, col:1 to text:3
2023-03-16 22:39:21,689 - INFO: Start Collect New Shape data
2023-03-16 22:39:21,692 - INFO: ParentPath:0:1
2023-03-16 22:39:21,695 - INFO: name:shape
2023-03-16 22:39:21,697 - INFO: value:{'Shape': '3'}
2023-03-16 22:39:21,700 - INFO: end Collect New Shape data
2023-03-16 22:41:22,209 - INFO: Start init NewParamBuilder 
2023-03-16 22:41:22,211 - INFO: Type:array Driver:22d22e56-abca-11d4-8f1a-0060b0ee18e8
2023-03-16 22:41:22,213 - INFO: name:<class 'str'>
2023-03-16 22:41:22,215 - INFO: parent:<class 'str'>
2023-03-16 22:41:22,219 - INFO: shape:Array sz:0 subParam: {'theXp': <class 'OCC.Core.TDataStd.TDataStd_Real'>, 'theYp': <class 'OCC.Core.TDataStd.TDataStd_Real'>, 'theZp': <class 'OCC.Core.TDataStd.TDataStd_Real'>}
2023-03-16 22:41:22,222 - INFO: End init NewParamBuilder 
2023-03-16 22:41:22,230 - INFO: change item:<PyQt5.QtWidgets.QTreeWidgetItem object at 0x00000133472DAD30>, col:0 to text:Parent
2023-03-16 22:41:22,232 - INFO: change item:<PyQt5.QtWidgets.QTreeWidgetItem object at 0x00000133472DAD30>, col:1 to text:0:1
2023-03-16 22:41:22,235 - INFO: change item:<PyQt5.QtWidgets.QTreeWidgetItem object at 0x00000133472DAD30>, col:0 to text:Parent
2023-03-16 22:41:22,244 - INFO: change item:<PyQt5.QtWidgets.QTreeWidgetItem object at 0x00000133472DAC10>, col:0 to text:Name
2023-03-16 22:41:22,246 - INFO: change item:<PyQt5.QtWidgets.QTreeWidgetItem object at 0x00000133472DAC10>, col:1 to text:shape
2023-03-16 22:41:22,249 - INFO: change item:<PyQt5.QtWidgets.QTreeWidgetItem object at 0x00000133472DAC10>, col:0 to text:Name
2023-03-16 22:41:22,255 - INFO: change item:<PyQt5.QtWidgets.QTreeWidgetItem object at 0x00000133472DACA0>, col:0 to text:Shape
2023-03-16 22:41:22,259 - INFO: change item:<PyQt5.QtWidgets.QTreeWidgetItem object at 0x00000133472DACA0>, col:1 to text:0
2023-03-16 22:41:22,263 - INFO: change item:<PyQt5.QtWidgets.QTreeWidgetItem object at 0x00000133472DACA0>, col:0 to text:Shape
2023-03-16 22:41:22,266 - INFO: change item:<PyQt5.QtWidgets.QTreeWidgetItem object at 0x00000133472DACA0>, col:2 to text:
2023-03-16 22:41:22,270 - INFO: change item:<PyQt5.QtWidgets.QTreeWidgetItem object at 0x00000133472DACA0>, col:2 to text:
2023-03-16 22:41:22,273 - INFO: change item:<PyQt5.QtWidgets.QTreeWidgetItem object at 0x00000133472DACA0>, col:2 to text:
2023-03-16 22:41:22,277 - INFO: ParamTree:<widgets.Logic_Construct.Logic_Construct object at 0x000001334579FDC0>
2023-03-16 22:41:24,191 - INFO: change item:<PyQt5.QtWidgets.QTreeWidgetItem object at 0x00000133472DACA0>, col:1 to text:2
2023-03-16 22:41:24,195 - INFO: change item:<PyQt5.QtWidgets.QTreeWidgetItem object at 0x00000133472DAEE0>, col:0 to text:Pnt0
2023-03-16 22:41:24,197 - INFO: change item:<PyQt5.QtWidgets.QTreeWidgetItem object at 0x00000133472DAF70>, col:0 to text:theXp
2023-03-16 22:41:24,201 - INFO: change item:<PyQt5.QtWidgets.QTreeWidgetItem object at 0x00000133472DAF70>, col:1 to text:0.0
2023-03-16 22:41:24,204 - INFO: change item:<PyQt5.QtWidgets.QTreeWidgetItem object at 0x00000133472DAF70>, col:0 to text:theXp
2023-03-16 22:41:24,206 - INFO: change item:<PyQt5.QtWidgets.QTreeWidgetItem object at 0x00000133472DAE50>, col:0 to text:theYp
2023-03-16 22:41:24,209 - INFO: change item:<PyQt5.QtWidgets.QTreeWidgetItem object at 0x00000133472DAE50>, col:1 to text:0.0
2023-03-16 22:41:24,210 - INFO: change item:<PyQt5.QtWidgets.QTreeWidgetItem object at 0x00000133472DAE50>, col:0 to text:theYp
2023-03-16 22:41:24,212 - INFO: change item:<PyQt5.QtWidgets.QTreeWidgetItem object at 0x00000133472DADC0>, col:0 to text:theZp
2023-03-16 22:41:24,214 - INFO: change item:<PyQt5.QtWidgets.QTreeWidgetItem object at 0x00000133472DADC0>, col:1 to text:0.0
2023-03-16 22:41:24,216 - INFO: change item:<PyQt5.QtWidgets.QTreeWidgetItem object at 0x00000133472DADC0>, col:0 to text:theZp
2023-03-16 22:41:24,219 - INFO: change item:<PyQt5.QtWidgets.QTreeWidgetItem object at 0x000001334BDC7160>, col:0 to text:Pnt1
2023-03-16 22:41:24,223 - INFO: change item:<PyQt5.QtWidgets.QTreeWidgetItem object at 0x000001334BDC71F0>, col:0 to text:theXp
2023-03-16 22:41:24,225 - INFO: change item:<PyQt5.QtWidgets.QTreeWidgetItem object at 0x000001334BDC71F0>, col:1 to text:0.0
2023-03-16 22:41:24,227 - INFO: change item:<PyQt5.QtWidgets.QTreeWidgetItem object at 0x000001334BDC71F0>, col:0 to text:theXp
2023-03-16 22:41:24,230 - INFO: change item:<PyQt5.QtWidgets.QTreeWidgetItem object at 0x000001334BDC7040>, col:0 to text:theYp
2023-03-16 22:41:24,232 - INFO: change item:<PyQt5.QtWidgets.QTreeWidgetItem object at 0x000001334BDC7040>, col:1 to text:0.0
2023-03-16 22:41:24,233 - INFO: change item:<PyQt5.QtWidgets.QTreeWidgetItem object at 0x000001334BDC7040>, col:0 to text:theYp
2023-03-16 22:41:24,235 - INFO: change item:<PyQt5.QtWidgets.QTreeWidgetItem object at 0x000001334BDC70D0>, col:0 to text:theZp
2023-03-16 22:41:24,237 - INFO: change item:<PyQt5.QtWidgets.QTreeWidgetItem object at 0x000001334BDC70D0>, col:1 to text:0.0
2023-03-16 22:41:24,240 - INFO: change item:<PyQt5.QtWidgets.QTreeWidgetItem object at 0x000001334BDC70D0>, col:0 to text:theZp
2023-03-16 22:41:26,895 - INFO: change item:<PyQt5.QtWidgets.QTreeWidgetItem object at 0x00000133472DAF70>, col:1 to text:3
2023-03-16 22:41:28,341 - INFO: change item:<PyQt5.QtWidgets.QTreeWidgetItem object at 0x00000133472DAE50>, col:1 to text:2
2023-03-16 22:41:30,884 - INFO: change item:<PyQt5.QtWidgets.QTreeWidgetItem object at 0x00000133472DADC0>, col:1 to text:3
2023-03-16 22:41:35,700 - INFO: change item:<PyQt5.QtWidgets.QTreeWidgetItem object at 0x000001334BDC71F0>, col:1 to text:1
2023-03-16 22:41:37,018 - INFO: change item:<PyQt5.QtWidgets.QTreeWidgetItem object at 0x000001334BDC7040>, col:1 to text:2
2023-03-16 22:41:38,775 - INFO: change item:<PyQt5.QtWidgets.QTreeWidgetItem object at 0x000001334BDC70D0>, col:1 to text:3
2023-03-16 22:41:39,760 - INFO: Start Collect New Shape data
2023-03-16 22:41:39,762 - INFO: ParentPath:0:1
2023-03-16 22:41:39,764 - INFO: name:shape
2023-03-16 22:41:39,771 - INFO: value:{'Pnt0': {'theXp': '3', 'theYp': '2', 'theZp': '3'}, 'Pnt1': {'theXp': '1', 'theYp': '2', 'theZp': '3'}}
2023-03-16 22:41:39,779 - INFO: end Collect New Shape data
2023-03-16 22:42:03,289 - INFO: Start init NewParamBuilder 
2023-03-16 22:42:03,296 - INFO: Type:Box Driver:22d22e50-abca-11d4-8f1a-0060b0ee18e8
2023-03-16 22:42:03,300 - INFO: name:<class 'str'>
2023-03-16 22:42:03,303 - INFO: parent:<class 'str'>
2023-03-16 22:42:03,305 - INFO: shape:{'transform': {'angle': <class 'OCC.Core.TDataStd.TDataStd_Real'>, 'rotateAxis': {'theXp': <class 'OCC.Core.TDataStd.TDataStd_Real'>, 'theYp': <class 'OCC.Core.TDataStd.TDataStd_Real'>, 'theZp': <class 'OCC.Core.TDataStd.TDataStd_Real'>}, 'position': {'theXp': <class 'OCC.Core.TDataStd.TDataStd_Real'>, 'theYp': <class 'OCC.Core.TDataStd.TDataStd_Real'>, 'theZp': <class 'OCC.Core.TDataStd.TDataStd_Real'>}}, 'l': <class 'OCC.Core.TDataStd.TDataStd_Real'>, 'h': <class 'OCC.Core.TDataStd.TDataStd_Real'>, 'w': <class 'OCC.Core.TDataStd.TDataStd_Real'>}
2023-03-16 22:42:03,307 - INFO: End init NewParamBuilder 
2023-03-16 22:42:03,315 - INFO: change item:<PyQt5.QtWidgets.QTreeWidgetItem object at 0x00000133472DACA0>, col:0 to text:Parent
2023-03-16 22:42:03,317 - INFO: change item:<PyQt5.QtWidgets.QTreeWidgetItem object at 0x00000133472DACA0>, col:1 to text:0:1
2023-03-16 22:42:03,320 - INFO: change item:<PyQt5.QtWidgets.QTreeWidgetItem object at 0x00000133472DACA0>, col:0 to text:Parent
2023-03-16 22:42:03,327 - INFO: change item:<PyQt5.QtWidgets.QTreeWidgetItem object at 0x00000133472DAEE0>, col:0 to text:Name
2023-03-16 22:42:03,329 - INFO: change item:<PyQt5.QtWidgets.QTreeWidgetItem object at 0x00000133472DAEE0>, col:1 to text:shape
2023-03-16 22:42:03,333 - INFO: change item:<PyQt5.QtWidgets.QTreeWidgetItem object at 0x00000133472DAEE0>, col:0 to text:Name
2023-03-16 22:42:03,336 - INFO: change item:<PyQt5.QtWidgets.QTreeWidgetItem object at 0x00000133472DAF70>, col:0 to text:Shape
2023-03-16 22:42:03,340 - INFO: change item:<PyQt5.QtWidgets.QTreeWidgetItem object at 0x00000133472DAC10>, col:0 to text:transform
2023-03-16 22:42:03,342 - INFO: change item:<PyQt5.QtWidgets.QTreeWidgetItem object at 0x00000133472DAD30>, col:0 to text:angle
2023-03-16 22:42:03,347 - INFO: change item:<PyQt5.QtWidgets.QTreeWidgetItem object at 0x00000133472DAD30>, col:1 to text:0.0
2023-03-16 22:42:03,350 - INFO: change item:<PyQt5.QtWidgets.QTreeWidgetItem object at 0x00000133472DAD30>, col:0 to text:angle
2023-03-16 22:42:03,353 - INFO: change item:<PyQt5.QtWidgets.QTreeWidgetItem object at 0x00000133472DADC0>, col:0 to text:rotateAxis
2023-03-16 22:42:03,355 - INFO: change item:<PyQt5.QtWidgets.QTreeWidgetItem object at 0x000001334BDC7040>, col:0 to text:theXp
2023-03-16 22:42:03,358 - INFO: change item:<PyQt5.QtWidgets.QTreeWidgetItem object at 0x000001334BDC7040>, col:1 to text:0.0
2023-03-16 22:42:03,362 - INFO: change item:<PyQt5.QtWidgets.QTreeWidgetItem object at 0x000001334BDC7040>, col:0 to text:theXp
2023-03-16 22:42:03,366 - INFO: change item:<PyQt5.QtWidgets.QTreeWidgetItem object at 0x000001334BDC7160>, col:0 to text:theYp
2023-03-16 22:42:03,368 - INFO: change item:<PyQt5.QtWidgets.QTreeWidgetItem object at 0x000001334BDC7160>, col:1 to text:0.0
2023-03-16 22:42:03,371 - INFO: change item:<PyQt5.QtWidgets.QTreeWidgetItem object at 0x000001334BDC7160>, col:0 to text:theYp
2023-03-16 22:42:03,378 - INFO: change item:<PyQt5.QtWidgets.QTreeWidgetItem object at 0x000001334BDC71F0>, col:0 to text:theZp
2023-03-16 22:42:03,384 - INFO: change item:<PyQt5.QtWidgets.QTreeWidgetItem object at 0x000001334BDC71F0>, col:1 to text:0.0
2023-03-16 22:42:03,393 - INFO: change item:<PyQt5.QtWidgets.QTreeWidgetItem object at 0x000001334BDC71F0>, col:0 to text:theZp
2023-03-16 22:42:03,399 - INFO: change item:<PyQt5.QtWidgets.QTreeWidgetItem object at 0x000001334BDC70D0>, col:0 to text:position
2023-03-16 22:42:03,413 - INFO: change item:<PyQt5.QtWidgets.QTreeWidgetItem object at 0x000001334BDC7280>, col:0 to text:theXp
2023-03-16 22:42:03,426 - INFO: change item:<PyQt5.QtWidgets.QTreeWidgetItem object at 0x000001334BDC7280>, col:1 to text:0.0
2023-03-16 22:42:03,430 - INFO: change item:<PyQt5.QtWidgets.QTreeWidgetItem object at 0x000001334BDC7280>, col:0 to text:theXp
2023-03-16 22:42:03,432 - INFO: change item:<PyQt5.QtWidgets.QTreeWidgetItem object at 0x000001334BDC7310>, col:0 to text:theYp
2023-03-16 22:42:03,436 - INFO: change item:<PyQt5.QtWidgets.QTreeWidgetItem object at 0x000001334BDC7310>, col:1 to text:0.0
2023-03-16 22:42:03,438 - INFO: change item:<PyQt5.QtWidgets.QTreeWidgetItem object at 0x000001334BDC7310>, col:0 to text:theYp
2023-03-16 22:42:03,442 - INFO: change item:<PyQt5.QtWidgets.QTreeWidgetItem object at 0x000001334BDC7430>, col:0 to text:theZp
2023-03-16 22:42:03,445 - INFO: change item:<PyQt5.QtWidgets.QTreeWidgetItem object at 0x000001334BDC7430>, col:1 to text:0.0
2023-03-16 22:42:03,447 - INFO: change item:<PyQt5.QtWidgets.QTreeWidgetItem object at 0x000001334BDC7430>, col:0 to text:theZp
2023-03-16 22:42:03,451 - INFO: change item:<PyQt5.QtWidgets.QTreeWidgetItem object at 0x000001334BDC74C0>, col:0 to text:l
2023-03-16 22:42:03,456 - INFO: change item:<PyQt5.QtWidgets.QTreeWidgetItem object at 0x000001334BDC74C0>, col:1 to text:0.0
2023-03-16 22:42:03,459 - INFO: change item:<PyQt5.QtWidgets.QTreeWidgetItem object at 0x000001334BDC74C0>, col:0 to text:l
2023-03-16 22:42:03,461 - INFO: change item:<PyQt5.QtWidgets.QTreeWidgetItem object at 0x000001334BDC7550>, col:0 to text:h
2023-03-16 22:42:03,465 - INFO: change item:<PyQt5.QtWidgets.QTreeWidgetItem object at 0x000001334BDC7550>, col:1 to text:0.0
2023-03-16 22:42:03,469 - INFO: change item:<PyQt5.QtWidgets.QTreeWidgetItem object at 0x000001334BDC7550>, col:0 to text:h
2023-03-16 22:42:03,473 - INFO: change item:<PyQt5.QtWidgets.QTreeWidgetItem object at 0x000001334BDC7670>, col:0 to text:w
2023-03-16 22:42:03,480 - INFO: change item:<PyQt5.QtWidgets.QTreeWidgetItem object at 0x000001334BDC7670>, col:1 to text:0.0
2023-03-16 22:42:03,485 - INFO: change item:<PyQt5.QtWidgets.QTreeWidgetItem object at 0x000001334BDC7670>, col:0 to text:w
2023-03-16 22:42:03,489 - INFO: ParamTree:<widgets.Logic_Construct.Logic_Construct object at 0x000001334579FDC0>
2023-03-16 22:42:06,980 - INFO: change item:<PyQt5.QtWidgets.QTreeWidgetItem object at 0x000001334BDC7550>, col:1 to text:2
2023-03-16 22:42:08,448 - INFO: change item:<PyQt5.QtWidgets.QTreeWidgetItem object at 0x000001334BDC74C0>, col:1 to text:1
2023-03-16 22:42:10,165 - INFO: change item:<PyQt5.QtWidgets.QTreeWidgetItem object at 0x000001334BDC7670>, col:1 to text:3
2023-03-16 22:42:11,182 - INFO: Start Collect New Shape data
2023-03-16 22:42:11,185 - INFO: ParentPath:0:1
2023-03-16 22:42:11,189 - INFO: name:shape
2023-03-16 22:42:11,192 - INFO: value:{'transform': {'angle': '0.0', 'rotateAxis': {'theXp': '0.0', 'theYp': '0.0', 'theZp': '0.0'}, 'position': {'theXp': '0.0', 'theYp': '0.0', 'theZp': '0.0'}}, 'l': '1', 'h': '2', 'w': '3'}
2023-03-16 22:42:11,194 - INFO: end Collect New Shape data
