2023-05-07 01:23:42,778 - INFO: Application Start
2023-05-07 01:24:08,160 - INFO: New Data Label 22d22e74-abca-11d4-8f1a-0060b0ee18e8
2023-05-07 01:24:08,166 - INFO: New Document
2023-05-07 01:24:08,383 - INFO: 0:1 not have function id
2023-05-07 01:24:08,385 - INFO: 0:1 not have function id
2023-05-07 01:24:08,391 - INFO: New Document End
2023-05-07 01:24:08,393 - INFO: -- NewConmand --
2023-05-07 01:24:08,396 - INFO: -- Add New Shape --
2023-05-07 01:24:08,402 - INFO: Entry:0:1:1, init start
2023-05-07 01:24:08,404 - INFO: BaseInit 0:1:1 CylFace
2023-05-07 01:24:08,442 - INFO: Entry:0:1:1:18, init start
2023-05-07 01:24:08,445 - INFO: BaseInit 0:1:1:18 Ax3
2023-05-07 01:24:08,450 - INFO: Entry:0:1:1:18:18, init start
2023-05-07 01:24:08,452 - INFO: BaseInit 0:1:1:18:18 Point
2023-05-07 01:24:08,454 - INFO: Entry:0:1:1:18:18:18, init start
2023-05-07 01:24:08,459 - INFO: BaseInit 0:1:1:18:18:18 real
2023-05-07 01:24:08,463 - INFO: change Label:0:1:1:18:18:18.value, None, 0
2023-05-07 01:24:08,468 - INFO: Entry:0:1:1:18:18:18, init end
2023-05-07 01:24:08,470 - INFO: Entry:0:1:1:18:18:19, init start
2023-05-07 01:24:08,473 - INFO: BaseInit 0:1:1:18:18:19 real
2023-05-07 01:24:08,477 - INFO: change Label:0:1:1:18:18:19.value, None, 0
2023-05-07 01:24:08,482 - INFO: Entry:0:1:1:18:18:19, init end
2023-05-07 01:24:08,484 - INFO: Entry:0:1:1:18:18:20, init start
2023-05-07 01:24:08,486 - INFO: BaseInit 0:1:1:18:18:20 real
2023-05-07 01:24:08,491 - INFO: change Label:0:1:1:18:18:20.value, None, 0
2023-05-07 01:24:08,495 - INFO: Entry:0:1:1:18:18:20, init end
2023-05-07 01:24:08,612 - INFO: Entry:0:1:1:18:18, init end
2023-05-07 01:24:08,617 - INFO: Entry:0:1:1:18:19, init start
2023-05-07 01:24:08,619 - INFO: BaseInit 0:1:1:18:19 Point
2023-05-07 01:24:08,621 - INFO: Entry:0:1:1:18:19:18, init start
2023-05-07 01:24:08,625 - INFO: BaseInit 0:1:1:18:19:18 real
2023-05-07 01:24:08,627 - INFO: change Label:0:1:1:18:19:18.value, None, 0
2023-05-07 01:24:08,633 - INFO: Entry:0:1:1:18:19:18, init end
2023-05-07 01:24:08,638 - INFO: Entry:0:1:1:18:19:19, init start
2023-05-07 01:24:08,641 - INFO: BaseInit 0:1:1:18:19:19 real
2023-05-07 01:24:08,645 - INFO: change Label:0:1:1:18:19:19.value, None, 0
2023-05-07 01:24:08,649 - INFO: Entry:0:1:1:18:19:19, init end
2023-05-07 01:24:08,651 - INFO: Entry:0:1:1:18:19:20, init start
2023-05-07 01:24:08,653 - INFO: BaseInit 0:1:1:18:19:20 real
2023-05-07 01:24:08,655 - INFO: change Label:0:1:1:18:19:20.value, None, 0
2023-05-07 01:24:08,661 - INFO: Entry:0:1:1:18:19:20, init end
2023-05-07 01:24:08,666 - INFO: Entry:0:1:1:18:19, init end
2023-05-07 01:24:08,669 - INFO: Entry:0:1:1:18:20, init start
2023-05-07 01:24:08,671 - INFO: BaseInit 0:1:1:18:20 Point
2023-05-07 01:24:08,675 - INFO: Entry:0:1:1:18:20:18, init start
2023-05-07 01:24:08,678 - INFO: BaseInit 0:1:1:18:20:18 real
2023-05-07 01:24:08,682 - INFO: change Label:0:1:1:18:20:18.value, None, 0
2023-05-07 01:24:08,684 - INFO: Entry:0:1:1:18:20:18, init end
2023-05-07 01:24:08,686 - INFO: Entry:0:1:1:18:20:19, init start
2023-05-07 01:24:08,688 - INFO: BaseInit 0:1:1:18:20:19 real
2023-05-07 01:24:08,691 - INFO: change Label:0:1:1:18:20:19.value, None, 0
2023-05-07 01:24:08,694 - INFO: Entry:0:1:1:18:20:19, init end
2023-05-07 01:24:08,698 - INFO: Entry:0:1:1:18:20:20, init start
2023-05-07 01:24:08,704 - INFO: BaseInit 0:1:1:18:20:20 real
2023-05-07 01:24:08,707 - INFO: change Label:0:1:1:18:20:20.value, None, 0
2023-05-07 01:24:08,710 - INFO: Entry:0:1:1:18:20:20, init end
2023-05-07 01:24:08,714 - INFO: Entry:0:1:1:18:20, init end
2023-05-07 01:24:08,856 - INFO: Entry:0:1:1:18, init end
2023-05-07 01:24:08,859 - INFO: Entry:0:1:1:19, init start
2023-05-07 01:24:08,863 - INFO: BaseInit 0:1:1:19 real
2023-05-07 01:24:08,867 - INFO: change Label:0:1:1:19.value, None, 0
2023-05-07 01:24:08,869 - INFO: Entry:0:1:1:19, init end
2023-05-07 01:24:08,871 - INFO: Entry:0:1:1:20, init start
2023-05-07 01:24:08,873 - INFO: BaseInit 0:1:1:20 real
2023-05-07 01:24:08,875 - INFO: change Label:0:1:1:20.value, None, 0
2023-05-07 01:24:08,878 - INFO: Entry:0:1:1:20, init end
2023-05-07 01:24:09,047 - INFO: -- commit command --
2023-05-07 01:24:09,066 - INFO: New Data Label 22d22e74-abca-11d4-8f1a-0060b0ee18e8 end
2023-05-07 01:24:10,038 - INFO: Selected Item:New CylFace
2023-05-07 01:24:14,171 - INFO: Start Change: 0:1:1:19, 3
2023-05-07 01:24:14,173 - INFO: -- NewConmand --
2023-05-07 01:24:14,177 - INFO: 0:1 not have function id
2023-05-07 01:24:14,180 - INFO: -- commit command --
2023-05-07 01:24:14,186 - INFO: 0:1 not have function id
2023-05-07 01:24:14,187 - INFO: 0:1 not have function id
2023-05-07 01:24:14,190 - INFO: update Label
2023-05-07 01:24:14,192 - INFO: End Change: 0:1:1:19, 3
2023-05-07 01:24:16,245 - INFO: Start Change: 0:1:1:20, 4
2023-05-07 01:24:16,248 - INFO: -- NewConmand --
2023-05-07 01:24:16,267 - INFO: 0:1 not have function id
2023-05-07 01:24:16,270 - INFO: -- commit command --
2023-05-07 01:24:16,274 - INFO: 0:1 not have function id
2023-05-07 01:24:16,276 - INFO: 0:1 not have function id
2023-05-07 01:24:16,280 - INFO: update Label
2023-05-07 01:24:16,478 - INFO: End Change: 0:1:1:20, 4
2023-05-07 01:27:07,145 - INFO: Application Start
2023-05-07 01:27:13,702 - INFO: New Data Label 22d22e50-abca-11d4-8f1a-0060b0ee18e8
2023-05-07 01:27:13,705 - INFO: New Document
2023-05-07 01:27:13,708 - INFO: 0:1 not have function id
2023-05-07 01:27:13,711 - INFO: 0:1 not have function id
2023-05-07 01:27:13,715 - INFO: New Document End
2023-05-07 01:27:13,717 - INFO: -- NewConmand --
2023-05-07 01:27:13,719 - INFO: -- Add New Shape --
2023-05-07 01:27:13,721 - INFO: Entry:0:1:1, init start
2023-05-07 01:27:13,724 - INFO: BaseInit 0:1:1 Box
2023-05-07 01:27:13,726 - INFO: Entry:0:1:1:18, init start
2023-05-07 01:27:13,728 - INFO: BaseInit 0:1:1:18 Transform
2023-05-07 01:27:13,730 - INFO: Entry:0:1:1:18:18, init start
2023-05-07 01:27:13,731 - INFO: BaseInit 0:1:1:18:18 real
2023-05-07 01:27:13,734 - INFO: change Label:0:1:1:18:18.value, None, 0
2023-05-07 01:27:13,736 - INFO: Entry:0:1:1:18:18, init end
2023-05-07 01:27:13,737 - INFO: Entry:0:1:1:18:19, init start
2023-05-07 01:27:13,741 - INFO: BaseInit 0:1:1:18:19 Point
2023-05-07 01:27:13,744 - INFO: Entry:0:1:1:18:19:18, init start
2023-05-07 01:27:13,745 - INFO: BaseInit 0:1:1:18:19:18 real
2023-05-07 01:27:13,747 - INFO: change Label:0:1:1:18:19:18.value, None, 0
2023-05-07 01:27:13,749 - INFO: Entry:0:1:1:18:19:18, init end
2023-05-07 01:27:13,751 - INFO: Entry:0:1:1:18:19:19, init start
2023-05-07 01:27:13,753 - INFO: BaseInit 0:1:1:18:19:19 real
2023-05-07 01:27:13,755 - INFO: change Label:0:1:1:18:19:19.value, None, 0
2023-05-07 01:27:13,758 - INFO: Entry:0:1:1:18:19:19, init end
2023-05-07 01:27:13,760 - INFO: Entry:0:1:1:18:19:20, init start
2023-05-07 01:27:13,762 - INFO: BaseInit 0:1:1:18:19:20 real
2023-05-07 01:27:13,764 - INFO: change Label:0:1:1:18:19:20.value, None, 0
2023-05-07 01:27:13,766 - INFO: Entry:0:1:1:18:19:20, init end
2023-05-07 01:27:13,768 - INFO: Entry:0:1:1:18:19, init end
2023-05-07 01:27:13,770 - INFO: Entry:0:1:1:18:20, init start
2023-05-07 01:27:13,773 - INFO: BaseInit 0:1:1:18:20 Point
2023-05-07 01:27:13,776 - INFO: Entry:0:1:1:18:20:18, init start
2023-05-07 01:27:13,778 - INFO: BaseInit 0:1:1:18:20:18 real
2023-05-07 01:27:13,780 - INFO: change Label:0:1:1:18:20:18.value, None, 0
2023-05-07 01:27:13,782 - INFO: Entry:0:1:1:18:20:18, init end
2023-05-07 01:27:13,784 - INFO: Entry:0:1:1:18:20:19, init start
2023-05-07 01:27:13,785 - INFO: BaseInit 0:1:1:18:20:19 real
2023-05-07 01:27:13,787 - INFO: change Label:0:1:1:18:20:19.value, None, 0
2023-05-07 01:27:13,791 - INFO: Entry:0:1:1:18:20:19, init end
2023-05-07 01:27:13,794 - INFO: Entry:0:1:1:18:20:20, init start
2023-05-07 01:27:13,797 - INFO: BaseInit 0:1:1:18:20:20 real
2023-05-07 01:27:13,800 - INFO: change Label:0:1:1:18:20:20.value, None, 0
2023-05-07 01:27:13,802 - INFO: Entry:0:1:1:18:20:20, init end
2023-05-07 01:27:13,805 - INFO: Entry:0:1:1:18:20, init end
2023-05-07 01:27:13,903 - INFO: Entry:0:1:1:18, init end
2023-05-07 01:27:13,906 - INFO: Entry:0:1:1:19, init start
2023-05-07 01:27:13,909 - INFO: BaseInit 0:1:1:19 real
2023-05-07 01:27:13,911 - INFO: change Label:0:1:1:19.value, None, 0
2023-05-07 01:27:13,915 - INFO: Entry:0:1:1:19, init end
2023-05-07 01:27:13,919 - INFO: Entry:0:1:1:20, init start
2023-05-07 01:27:13,923 - INFO: BaseInit 0:1:1:20 real
2023-05-07 01:27:13,925 - INFO: change Label:0:1:1:20.value, None, 0
2023-05-07 01:27:13,928 - INFO: Entry:0:1:1:20, init end
2023-05-07 01:27:13,931 - INFO: Entry:0:1:1:21, init start
2023-05-07 01:27:13,935 - INFO: BaseInit 0:1:1:21 real
2023-05-07 01:27:13,937 - INFO: change Label:0:1:1:21.value, None, 0
2023-05-07 01:27:13,940 - INFO: Entry:0:1:1:21, init end
2023-05-07 01:27:14,072 - INFO: -- commit command --
2023-05-07 01:27:14,079 - INFO: New Data Label 22d22e50-abca-11d4-8f1a-0060b0ee18e8 end
2023-05-07 01:27:14,770 - INFO: Selected Item:New Box
2023-05-07 01:27:17,755 - INFO: Start Change: 0:1:1:19, 3
2023-05-07 01:27:17,758 - INFO: -- NewConmand --
2023-05-07 01:27:17,764 - INFO: 0:1 not have function id
2023-05-07 01:27:17,768 - INFO: -- commit command --
2023-05-07 01:27:17,770 - INFO: 0:1 not have function id
2023-05-07 01:27:17,773 - INFO: 0:1 not have function id
2023-05-07 01:27:17,776 - INFO: update Label
2023-05-07 01:27:17,778 - INFO: End Change: 0:1:1:19, 3
2023-05-07 01:27:19,851 - INFO: Start Change: 0:1:1:20, 4
2023-05-07 01:27:19,857 - INFO: -- NewConmand --
2023-05-07 01:27:19,864 - INFO: 0:1 not have function id
2023-05-07 01:27:19,868 - INFO: -- commit command --
2023-05-07 01:27:19,870 - INFO: 0:1 not have function id
2023-05-07 01:27:19,873 - INFO: 0:1 not have function id
2023-05-07 01:27:19,877 - INFO: update Label
2023-05-07 01:27:19,880 - INFO: End Change: 0:1:1:20, 4
2023-05-07 01:27:21,607 - INFO: Start Change: 0:1:1:21, 5
2023-05-07 01:27:21,610 - INFO: -- NewConmand --
2023-05-07 01:27:21,720 - INFO: 0:1 not have function id
2023-05-07 01:27:21,723 - INFO: -- commit command --
2023-05-07 01:27:21,728 - INFO: 0:1 not have function id
2023-05-07 01:27:21,733 - INFO: 0:1 not have function id
2023-05-07 01:27:21,737 - INFO: update Label
2023-05-07 01:27:21,755 - INFO: End Change: 0:1:1:21, 5
2023-05-07 01:28:14,371 - INFO: Application Start
2023-05-07 01:28:36,542 - INFO: New Data Label 22d22e50-abca-11d4-8f1a-0060b0ee18e8
2023-05-07 01:28:36,545 - INFO: New Document
2023-05-07 01:28:36,551 - INFO: 0:1 not have function id
2023-05-07 01:28:36,554 - INFO: 0:1 not have function id
2023-05-07 01:28:36,559 - INFO: New Document End
2023-05-07 01:28:36,562 - INFO: -- NewConmand --
2023-05-07 01:28:36,566 - INFO: -- Add New Shape --
2023-05-07 01:28:36,572 - INFO: Entry:0:1:1, init start
2023-05-07 01:28:36,576 - INFO: BaseInit 0:1:1 Box
2023-05-07 01:28:36,581 - INFO: Entry:0:1:1:18, init start
2023-05-07 01:28:36,584 - INFO: BaseInit 0:1:1:18 Transform
2023-05-07 01:28:36,586 - INFO: Entry:0:1:1:18:18, init start
2023-05-07 01:28:36,590 - INFO: BaseInit 0:1:1:18:18 real
2023-05-07 01:28:36,594 - INFO: change Label:0:1:1:18:18.value, None, 0
2023-05-07 01:28:36,596 - INFO: Entry:0:1:1:18:18, init end
2023-05-07 01:28:36,600 - INFO: Entry:0:1:1:18:19, init start
2023-05-07 01:28:36,604 - INFO: BaseInit 0:1:1:18:19 Point
2023-05-07 01:28:36,607 - INFO: Entry:0:1:1:18:19:18, init start
2023-05-07 01:28:36,611 - INFO: BaseInit 0:1:1:18:19:18 real
2023-05-07 01:28:36,615 - INFO: change Label:0:1:1:18:19:18.value, None, 0
2023-05-07 01:28:36,618 - INFO: Entry:0:1:1:18:19:18, init end
2023-05-07 01:28:36,621 - INFO: Entry:0:1:1:18:19:19, init start
2023-05-07 01:28:36,625 - INFO: BaseInit 0:1:1:18:19:19 real
2023-05-07 01:28:36,629 - INFO: change Label:0:1:1:18:19:19.value, None, 0
2023-05-07 01:28:36,633 - INFO: Entry:0:1:1:18:19:19, init end
2023-05-07 01:28:36,638 - INFO: Entry:0:1:1:18:19:20, init start
2023-05-07 01:28:36,642 - INFO: BaseInit 0:1:1:18:19:20 real
2023-05-07 01:28:36,647 - INFO: change Label:0:1:1:18:19:20.value, None, 0
2023-05-07 01:28:36,653 - INFO: Entry:0:1:1:18:19:20, init end
2023-05-07 01:28:36,659 - INFO: Entry:0:1:1:18:19, init end
2023-05-07 01:28:36,661 - INFO: Entry:0:1:1:18:20, init start
2023-05-07 01:28:36,665 - INFO: BaseInit 0:1:1:18:20 Point
2023-05-07 01:28:36,669 - INFO: Entry:0:1:1:18:20:18, init start
2023-05-07 01:28:36,675 - INFO: BaseInit 0:1:1:18:20:18 real
2023-05-07 01:28:36,679 - INFO: change Label:0:1:1:18:20:18.value, None, 0
2023-05-07 01:28:36,686 - INFO: Entry:0:1:1:18:20:18, init end
2023-05-07 01:28:36,689 - INFO: Entry:0:1:1:18:20:19, init start
2023-05-07 01:28:36,693 - INFO: BaseInit 0:1:1:18:20:19 real
2023-05-07 01:28:36,697 - INFO: change Label:0:1:1:18:20:19.value, None, 0
2023-05-07 01:28:36,701 - INFO: Entry:0:1:1:18:20:19, init end
2023-05-07 01:28:36,707 - INFO: Entry:0:1:1:18:20:20, init start
2023-05-07 01:28:36,710 - INFO: BaseInit 0:1:1:18:20:20 real
2023-05-07 01:28:36,713 - INFO: change Label:0:1:1:18:20:20.value, None, 0
2023-05-07 01:28:36,719 - INFO: Entry:0:1:1:18:20:20, init end
2023-05-07 01:28:36,724 - INFO: Entry:0:1:1:18:20, init end
2023-05-07 01:28:36,727 - INFO: Entry:0:1:1:18, init end
2023-05-07 01:28:36,730 - INFO: Entry:0:1:1:19, init start
2023-05-07 01:28:36,734 - INFO: BaseInit 0:1:1:19 real
2023-05-07 01:28:36,738 - INFO: change Label:0:1:1:19.value, None, 0
2023-05-07 01:28:36,744 - INFO: Entry:0:1:1:19, init end
2023-05-07 01:28:36,749 - INFO: Entry:0:1:1:20, init start
2023-05-07 01:28:36,753 - INFO: BaseInit 0:1:1:20 real
2023-05-07 01:28:36,758 - INFO: change Label:0:1:1:20.value, None, 0
2023-05-07 01:28:36,761 - INFO: Entry:0:1:1:20, init end
2023-05-07 01:28:36,764 - INFO: Entry:0:1:1:21, init start
2023-05-07 01:28:36,767 - INFO: BaseInit 0:1:1:21 real
2023-05-07 01:28:36,772 - INFO: change Label:0:1:1:21.value, None, 0
2023-05-07 01:28:36,775 - INFO: Entry:0:1:1:21, init end
2023-05-07 01:28:36,792 - INFO: -- commit command --
2023-05-07 01:28:36,798 - INFO: New Data Label 22d22e50-abca-11d4-8f1a-0060b0ee18e8 end
2023-05-07 01:28:37,500 - INFO: Selected Item:New Box
2023-05-07 01:28:39,941 - INFO: Start Change: 0:1:1:19, 3
2023-05-07 01:28:39,944 - INFO: -- NewConmand --
2023-05-07 01:28:39,952 - INFO: 0:1 not have function id
2023-05-07 01:28:39,954 - INFO: -- commit command --
2023-05-07 01:28:39,961 - INFO: 0:1 not have function id
2023-05-07 01:28:39,965 - INFO: 0:1 not have function id
2023-05-07 01:28:39,970 - INFO: update Label
2023-05-07 01:28:39,973 - INFO: End Change: 0:1:1:19, 3
2023-05-07 01:28:41,427 - INFO: Start Change: 0:1:1:20, 3
2023-05-07 01:28:41,431 - INFO: -- NewConmand --
2023-05-07 01:28:41,445 - INFO: 0:1 not have function id
2023-05-07 01:28:41,451 - INFO: -- commit command --
2023-05-07 01:28:41,457 - INFO: 0:1 not have function id
2023-05-07 01:28:41,460 - INFO: 0:1 not have function id
2023-05-07 01:28:41,464 - INFO: update Label
2023-05-07 01:28:41,471 - INFO: End Change: 0:1:1:20, 3
2023-05-07 01:28:43,180 - INFO: Start Change: 0:1:1:21, 3
2023-05-07 01:28:43,187 - INFO: -- NewConmand --
2023-05-07 01:28:43,196 - INFO: 0:1 not have function id
2023-05-07 01:28:43,199 - INFO: -- commit command --
2023-05-07 01:28:43,204 - INFO: 0:1 not have function id
2023-05-07 01:28:43,206 - INFO: 0:1 not have function id
2023-05-07 01:28:43,209 - INFO: update Label
2023-05-07 01:28:43,224 - INFO: End Change: 0:1:1:21, 3
2023-05-07 01:29:29,980 - INFO: Application Start
2023-05-07 01:29:34,864 - INFO: New Data Label 22d22e50-abca-11d4-8f1a-0060b0ee18e8
2023-05-07 01:29:34,869 - INFO: New Document
2023-05-07 01:29:34,873 - INFO: 0:1 not have function id
2023-05-07 01:29:34,876 - INFO: 0:1 not have function id
2023-05-07 01:29:34,882 - INFO: New Document End
2023-05-07 01:29:34,884 - INFO: -- NewConmand --
2023-05-07 01:29:34,886 - INFO: -- Add New Shape --
2023-05-07 01:29:34,889 - INFO: Entry:0:1:1, init start
2023-05-07 01:29:34,894 - INFO: BaseInit 0:1:1 Box
2023-05-07 01:29:34,897 - INFO: Entry:0:1:1:18, init start
2023-05-07 01:29:34,902 - INFO: BaseInit 0:1:1:18 Transform
2023-05-07 01:29:34,903 - INFO: Entry:0:1:1:18:18, init start
2023-05-07 01:29:34,906 - INFO: BaseInit 0:1:1:18:18 real
2023-05-07 01:29:34,909 - INFO: change Label:0:1:1:18:18.value, None, 0
2023-05-07 01:29:34,913 - INFO: Entry:0:1:1:18:18, init end
2023-05-07 01:29:34,916 - INFO: Entry:0:1:1:18:19, init start
2023-05-07 01:29:34,918 - INFO: BaseInit 0:1:1:18:19 Point
2023-05-07 01:29:34,920 - INFO: Entry:0:1:1:18:19:18, init start
2023-05-07 01:29:34,923 - INFO: BaseInit 0:1:1:18:19:18 real
2023-05-07 01:29:34,926 - INFO: change Label:0:1:1:18:19:18.value, None, 0
2023-05-07 01:29:34,929 - INFO: Entry:0:1:1:18:19:18, init end
2023-05-07 01:29:34,933 - INFO: Entry:0:1:1:18:19:19, init start
2023-05-07 01:29:34,935 - INFO: BaseInit 0:1:1:18:19:19 real
2023-05-07 01:29:34,937 - INFO: change Label:0:1:1:18:19:19.value, None, 0
2023-05-07 01:29:34,941 - INFO: Entry:0:1:1:18:19:19, init end
2023-05-07 01:29:34,945 - INFO: Entry:0:1:1:18:19:20, init start
2023-05-07 01:29:34,950 - INFO: BaseInit 0:1:1:18:19:20 real
2023-05-07 01:29:34,952 - INFO: change Label:0:1:1:18:19:20.value, None, 0
2023-05-07 01:29:34,954 - INFO: Entry:0:1:1:18:19:20, init end
2023-05-07 01:29:34,958 - INFO: Entry:0:1:1:18:19, init end
2023-05-07 01:29:34,961 - INFO: Entry:0:1:1:18:20, init start
2023-05-07 01:29:34,965 - INFO: BaseInit 0:1:1:18:20 Point
2023-05-07 01:29:34,968 - INFO: Entry:0:1:1:18:20:18, init start
2023-05-07 01:29:34,970 - INFO: BaseInit 0:1:1:18:20:18 real
2023-05-07 01:29:34,973 - INFO: change Label:0:1:1:18:20:18.value, None, 0
2023-05-07 01:29:34,978 - INFO: Entry:0:1:1:18:20:18, init end
2023-05-07 01:29:34,985 - INFO: Entry:0:1:1:18:20:19, init start
2023-05-07 01:29:34,988 - INFO: BaseInit 0:1:1:18:20:19 real
2023-05-07 01:29:34,991 - INFO: change Label:0:1:1:18:20:19.value, None, 0
2023-05-07 01:29:34,994 - INFO: Entry:0:1:1:18:20:19, init end
2023-05-07 01:29:34,997 - INFO: Entry:0:1:1:18:20:20, init start
2023-05-07 01:29:35,001 - INFO: BaseInit 0:1:1:18:20:20 real
2023-05-07 01:29:35,003 - INFO: change Label:0:1:1:18:20:20.value, None, 0
2023-05-07 01:29:35,006 - INFO: Entry:0:1:1:18:20:20, init end
2023-05-07 01:29:35,012 - INFO: Entry:0:1:1:18:20, init end
2023-05-07 01:29:35,018 - INFO: Entry:0:1:1:18, init end
2023-05-07 01:29:35,020 - INFO: Entry:0:1:1:19, init start
2023-05-07 01:29:35,023 - INFO: BaseInit 0:1:1:19 real
2023-05-07 01:29:35,026 - INFO: change Label:0:1:1:19.value, None, 0
2023-05-07 01:29:35,029 - INFO: Entry:0:1:1:19, init end
2023-05-07 01:29:35,033 - INFO: Entry:0:1:1:20, init start
2023-05-07 01:29:35,037 - INFO: BaseInit 0:1:1:20 real
2023-05-07 01:29:35,039 - INFO: change Label:0:1:1:20.value, None, 0
2023-05-07 01:29:35,043 - INFO: Entry:0:1:1:20, init end
2023-05-07 01:29:35,047 - INFO: Entry:0:1:1:21, init start
2023-05-07 01:29:35,051 - INFO: BaseInit 0:1:1:21 real
2023-05-07 01:29:35,053 - INFO: change Label:0:1:1:21.value, None, 0
2023-05-07 01:29:35,055 - INFO: Entry:0:1:1:21, init end
2023-05-07 01:29:35,069 - INFO: -- commit command --
2023-05-07 01:29:35,073 - INFO: New Data Label 22d22e50-abca-11d4-8f1a-0060b0ee18e8 end
2023-05-07 01:29:36,083 - INFO: Selected Item:New Box
2023-05-07 01:29:38,327 - INFO: Start Change: 0:1:1:19, 3
2023-05-07 01:29:38,330 - INFO: -- NewConmand --
2023-05-07 01:29:38,339 - INFO: 0:1 not have function id
2023-05-07 01:29:38,342 - INFO: -- commit command --
2023-05-07 01:29:38,346 - INFO: 0:1 not have function id
2023-05-07 01:29:38,350 - INFO: 0:1 not have function id
2023-05-07 01:29:38,352 - INFO: update Label
2023-05-07 01:29:38,354 - INFO: End Change: 0:1:1:19, 3
2023-05-07 01:29:39,516 - INFO: Start Change: 0:1:1:20, 4
2023-05-07 01:29:39,519 - INFO: -- NewConmand --
2023-05-07 01:29:39,527 - INFO: 0:1 not have function id
2023-05-07 01:29:39,530 - INFO: -- commit command --
2023-05-07 01:29:39,535 - INFO: 0:1 not have function id
2023-05-07 01:29:39,539 - INFO: 0:1 not have function id
2023-05-07 01:29:39,542 - INFO: update Label
2023-05-07 01:29:39,546 - INFO: End Change: 0:1:1:20, 4
2023-05-07 01:29:40,719 - INFO: Start Change: 0:1:1:21, 5
2023-05-07 01:29:40,722 - INFO: -- NewConmand --
2023-05-07 01:29:40,729 - INFO: 0:1 not have function id
2023-05-07 01:29:40,732 - INFO: -- commit command --
2023-05-07 01:29:40,737 - INFO: 0:1 not have function id
2023-05-07 01:29:40,741 - INFO: 0:1 not have function id
2023-05-07 01:29:40,744 - INFO: update Label
2023-05-07 01:29:40,759 - INFO: End Change: 0:1:1:21, 5
2023-05-07 01:30:13,597 - INFO: key: code 16777249 not mapped to any function
2023-05-07 01:30:14,205 - INFO: key: code 16777249 not mapped to any function
2023-05-07 01:30:14,974 - INFO: key: code 16777249 not mapped to any function
2023-05-07 01:31:48,103 - INFO: Application Start
2023-05-07 01:31:53,049 - INFO: New Data Label 22d22e50-abca-11d4-8f1a-0060b0ee18e8
2023-05-07 01:31:53,051 - INFO: New Document
2023-05-07 01:31:53,054 - INFO: 0:1 not have function id
2023-05-07 01:31:53,058 - INFO: 0:1 not have function id
2023-05-07 01:31:53,062 - INFO: New Document End
2023-05-07 01:31:53,065 - INFO: -- NewConmand --
2023-05-07 01:31:53,067 - INFO: -- Add New Shape --
2023-05-07 01:31:53,069 - INFO: Entry:0:1:1, init start
2023-05-07 01:31:53,072 - INFO: BaseInit 0:1:1 Box
2023-05-07 01:31:53,075 - INFO: Entry:0:1:1:18, init start
2023-05-07 01:31:53,079 - INFO: BaseInit 0:1:1:18 Transform
2023-05-07 01:31:53,083 - INFO: Entry:0:1:1:18:18, init start
2023-05-07 01:31:53,085 - INFO: BaseInit 0:1:1:18:18 real
2023-05-07 01:31:53,087 - INFO: change Label:0:1:1:18:18.value, None, 0
2023-05-07 01:31:53,092 - INFO: Entry:0:1:1:18:18, init end
2023-05-07 01:31:53,097 - INFO: Entry:0:1:1:18:19, init start
2023-05-07 01:31:53,099 - INFO: BaseInit 0:1:1:18:19 Point
2023-05-07 01:31:53,101 - INFO: Entry:0:1:1:18:19:18, init start
2023-05-07 01:31:53,103 - INFO: BaseInit 0:1:1:18:19:18 real
2023-05-07 01:31:53,106 - INFO: change Label:0:1:1:18:19:18.value, None, 0
2023-05-07 01:31:53,110 - INFO: Entry:0:1:1:18:19:18, init end
2023-05-07 01:31:53,114 - INFO: Entry:0:1:1:18:19:19, init start
2023-05-07 01:31:53,117 - INFO: BaseInit 0:1:1:18:19:19 real
2023-05-07 01:31:53,119 - INFO: change Label:0:1:1:18:19:19.value, None, 0
2023-05-07 01:31:53,122 - INFO: Entry:0:1:1:18:19:19, init end
2023-05-07 01:31:53,125 - INFO: Entry:0:1:1:18:19:20, init start
2023-05-07 01:31:53,128 - INFO: BaseInit 0:1:1:18:19:20 real
2023-05-07 01:31:53,132 - INFO: change Label:0:1:1:18:19:20.value, None, 0
2023-05-07 01:31:53,134 - INFO: Entry:0:1:1:18:19:20, init end
2023-05-07 01:31:53,137 - INFO: Entry:0:1:1:18:19, init end
2023-05-07 01:31:53,140 - INFO: Entry:0:1:1:18:20, init start
2023-05-07 01:31:53,142 - INFO: BaseInit 0:1:1:18:20 Point
2023-05-07 01:31:53,145 - INFO: Entry:0:1:1:18:20:18, init start
2023-05-07 01:31:53,149 - INFO: BaseInit 0:1:1:18:20:18 real
2023-05-07 01:31:53,152 - INFO: change Label:0:1:1:18:20:18.value, None, 0
2023-05-07 01:31:53,155 - INFO: Entry:0:1:1:18:20:18, init end
2023-05-07 01:31:53,158 - INFO: Entry:0:1:1:18:20:19, init start
2023-05-07 01:31:53,161 - INFO: BaseInit 0:1:1:18:20:19 real
2023-05-07 01:31:53,165 - INFO: change Label:0:1:1:18:20:19.value, None, 0
2023-05-07 01:31:53,167 - INFO: Entry:0:1:1:18:20:19, init end
2023-05-07 01:31:53,170 - INFO: Entry:0:1:1:18:20:20, init start
2023-05-07 01:31:53,173 - INFO: BaseInit 0:1:1:18:20:20 real
2023-05-07 01:31:53,178 - INFO: change Label:0:1:1:18:20:20.value, None, 0
2023-05-07 01:31:53,183 - INFO: Entry:0:1:1:18:20:20, init end
2023-05-07 01:31:53,186 - INFO: Entry:0:1:1:18:20, init end
2023-05-07 01:31:53,192 - INFO: Entry:0:1:1:18, init end
2023-05-07 01:31:53,195 - INFO: Entry:0:1:1:19, init start
2023-05-07 01:31:53,199 - INFO: BaseInit 0:1:1:19 real
2023-05-07 01:31:53,201 - INFO: change Label:0:1:1:19.value, None, 0
2023-05-07 01:31:53,204 - INFO: Entry:0:1:1:19, init end
2023-05-07 01:31:53,208 - INFO: Entry:0:1:1:20, init start
2023-05-07 01:31:53,211 - INFO: BaseInit 0:1:1:20 real
2023-05-07 01:31:53,216 - INFO: change Label:0:1:1:20.value, None, 0
2023-05-07 01:31:53,219 - INFO: Entry:0:1:1:20, init end
2023-05-07 01:31:53,222 - INFO: Entry:0:1:1:21, init start
2023-05-07 01:31:53,226 - INFO: BaseInit 0:1:1:21 real
2023-05-07 01:31:53,232 - INFO: change Label:0:1:1:21.value, None, 0
2023-05-07 01:31:53,235 - INFO: Entry:0:1:1:21, init end
2023-05-07 01:31:53,248 - INFO: -- commit command --
2023-05-07 01:31:53,257 - INFO: New Data Label 22d22e50-abca-11d4-8f1a-0060b0ee18e8 end
2023-05-07 01:31:54,003 - INFO: Selected Item:New Box
2023-05-07 01:31:55,859 - INFO: Start Change: 0:1:1:18:20:20, 0.0
2023-05-07 01:31:55,863 - INFO: -- NewConmand --
2023-05-07 01:31:55,890 - INFO: 0:1 not have function id
2023-05-07 01:31:55,912 - INFO: -- commit command --
2023-05-07 01:31:55,915 - INFO: 0:1 not have function id
2023-05-07 01:31:55,918 - INFO: 0:1 not have function id
2023-05-07 01:31:55,922 - INFO: update Label
2023-05-07 01:31:55,925 - INFO: End Change: 0:1:1:18:20:20, 0.0
2023-05-07 01:31:56,857 - INFO: Start Change: 0:1:1:19, 3
2023-05-07 01:31:56,859 - INFO: -- NewConmand --
2023-05-07 01:31:56,868 - INFO: 0:1 not have function id
2023-05-07 01:31:56,871 - INFO: -- commit command --
2023-05-07 01:31:56,875 - INFO: 0:1 not have function id
2023-05-07 01:31:56,877 - INFO: 0:1 not have function id
2023-05-07 01:31:56,880 - INFO: update Label
2023-05-07 01:31:56,884 - INFO: End Change: 0:1:1:19, 3
2023-05-07 01:31:57,811 - INFO: Start Change: 0:1:1:20, 4
2023-05-07 01:31:57,814 - INFO: -- NewConmand --
2023-05-07 01:31:57,823 - INFO: 0:1 not have function id
2023-05-07 01:31:57,825 - INFO: -- commit command --
2023-05-07 01:31:57,830 - INFO: 0:1 not have function id
2023-05-07 01:31:57,833 - INFO: 0:1 not have function id
2023-05-07 01:31:57,836 - INFO: update Label
2023-05-07 01:31:57,839 - INFO: End Change: 0:1:1:20, 4
2023-05-07 01:31:58,940 - INFO: Start Change: 0:1:1:21, 5
2023-05-07 01:31:58,942 - INFO: -- NewConmand --
2023-05-07 01:31:58,951 - INFO: 0:1 not have function id
2023-05-07 01:31:58,952 - INFO: -- commit command --
2023-05-07 01:31:58,956 - INFO: 0:1 not have function id
2023-05-07 01:31:58,959 - INFO: 0:1 not have function id
2023-05-07 01:31:58,963 - INFO: update Label
2023-05-07 01:31:58,980 - INFO: End Change: 0:1:1:21, 5
