2023-04-26 19:45:34,270 - INFO: Application Start
2023-04-26 19:46:17,891 - INFO: Application Start
2023-04-26 19:46:42,696 - INFO: Application Start
2023-04-26 19:47:28,541 - INFO: Application Start
2023-04-26 19:48:48,889 - INFO: Application Start
2023-04-26 19:49:05,105 - INFO: Application Start
2023-04-26 19:56:37,929 - INFO: Application Start
2023-04-26 19:57:22,314 - INFO: Application Start
2023-04-26 19:58:53,037 - INFO: Application Start
2023-04-26 20:00:36,087 - INFO: Application Start
2023-04-26 20:01:45,010 - INFO: Application Start
2023-04-26 20:02:34,193 - INFO: Application Start
2023-04-26 20:03:34,934 - INFO: Application Start
2023-04-26 20:08:25,866 - INFO: Application Start
2023-04-26 20:13:59,698 - INFO: Application Start
2023-04-26 20:15:28,097 - INFO: Application Start
2023-04-26 20:17:01,685 - INFO: Application Start
2023-04-26 20:17:58,923 - INFO: Application Start
2023-04-26 20:18:21,208 - INFO: Application Start
2023-04-26 20:19:00,284 - INFO: Application Start
2023-04-26 20:19:31,502 - INFO: Application Start
2023-04-26 20:20:58,292 - INFO: Application Start
2023-04-26 20:25:29,316 - INFO: Application Start
2023-04-26 20:25:45,828 - INFO: Application Start
2023-04-26 20:26:04,999 - INFO: -- NewConmand --
2023-04-26 20:26:05,002 - INFO: -- Add New Shape --
2023-04-26 20:26:05,048 - INFO: Entry:0:1:1, had init
2023-04-26 20:26:05,067 - INFO: -- commit command --
2023-04-26 20:30:22,157 - INFO: Application Start
2023-04-26 20:31:21,627 - INFO: Application Start
2023-04-26 20:31:43,222 - INFO: Application Start
2023-04-26 20:31:56,744 - INFO: -- NewConmand --
2023-04-26 20:31:56,747 - INFO: -- Add New Shape --
2023-04-26 20:31:56,751 - INFO: Entry:0:1:1, had init
2023-04-26 20:31:56,752 - INFO: -- commit command --
2023-04-26 20:33:16,144 - INFO: Application Start
2023-04-26 20:33:23,408 - INFO: -- NewConmand --
2023-04-26 20:33:23,412 - INFO: -- Add New Shape --
2023-04-26 20:33:23,417 - INFO: Entry:0:1:1, had init
2023-04-26 20:33:23,419 - INFO: -- commit command --
2023-04-26 20:38:06,960 - INFO: Application Start
2023-04-26 20:38:12,145 - INFO: -- NewConmand --
2023-04-26 20:38:12,148 - INFO: -- Add New Shape --
2023-04-26 20:38:12,150 - INFO: Entry:0:1:1, had init
2023-04-26 20:38:12,154 - INFO: -- commit command --
2023-04-26 20:42:02,393 - INFO: Application Start
2023-04-26 20:42:06,459 - INFO: 0:1 have function id
2023-04-26 20:42:06,463 - INFO: 0:1 have function id
2023-04-26 20:42:06,469 - INFO: 0:1 have function id
2023-04-26 20:42:06,474 - INFO: 0:1 have function id
2023-04-26 20:42:08,451 - INFO: -- NewConmand --
2023-04-26 20:42:08,453 - INFO: -- Add New Shape --
2023-04-26 20:42:08,455 - INFO: Entry:0:1:1, had init
2023-04-26 20:42:08,457 - INFO: -- commit command --
2023-04-26 20:42:08,459 - INFO: 0:1:1 have function id
2023-04-26 20:42:08,462 - INFO: 0:1:1 have function id
2023-04-26 20:45:42,224 - INFO: Application Start
2023-04-26 20:45:45,511 - INFO: 0:1 not have function id
2023-04-26 20:45:45,514 - INFO: 0:1 not have function id
2023-04-26 20:45:45,523 - INFO: 0:1 not have function id
2023-04-26 20:45:45,526 - INFO: 0:1 not have function id
2023-04-26 20:45:47,368 - INFO: -- NewConmand --
2023-04-26 20:45:47,370 - INFO: -- Add New Shape --
2023-04-26 20:45:47,382 - INFO: create Label:0:1:1, None, Box:22d22e50-abca-11d4-8f1a-0060b0ee18e8
2023-04-26 20:45:47,413 - INFO: Entry:0:1:1, base init complete
2023-04-26 20:45:47,419 - INFO: create Label:0:1:1:1, None, Transform:22d22e53-abca-11d4-8f1a-0060b0ee18e8
2023-04-26 20:45:47,422 - INFO: Entry:0:1:1:1, base init complete
2023-04-26 20:45:47,427 - INFO: create Label:0:1:1:1:1, None, real:22d22e51-abca-11d4-8f1a-0060b0ee18e8
2023-04-26 20:45:47,429 - INFO: Entry:0:1:1:1:1, base init complete
2023-04-26 20:45:47,432 - INFO: change Label:0:1:1:1:1.value, None, 0
2023-04-26 20:45:47,455 - INFO: Entry:0:1:1:1:1, end init
2023-04-26 20:45:47,460 - INFO: create Label:0:1:1:1:2, None, Point:22d22e52-abca-11d4-8f1a-0060b0ee18e8
2023-04-26 20:45:47,464 - INFO: Entry:0:1:1:1:2, base init complete
2023-04-26 20:45:47,472 - INFO: create Label:0:1:1:1:2:1, None, real:22d22e51-abca-11d4-8f1a-0060b0ee18e8
2023-04-26 20:45:47,476 - INFO: Entry:0:1:1:1:2:1, base init complete
2023-04-26 20:45:47,479 - INFO: change Label:0:1:1:1:2:1.value, None, 0
2023-04-26 20:45:47,482 - INFO: Entry:0:1:1:1:2:1, end init
2023-04-26 20:45:47,487 - INFO: create Label:0:1:1:1:2:2, None, real:22d22e51-abca-11d4-8f1a-0060b0ee18e8
2023-04-26 20:45:47,490 - INFO: Entry:0:1:1:1:2:2, base init complete
2023-04-26 20:45:47,493 - INFO: change Label:0:1:1:1:2:2.value, None, 0
2023-04-26 20:45:47,497 - INFO: Entry:0:1:1:1:2:2, end init
2023-04-26 20:45:47,500 - INFO: create Label:0:1:1:1:2:3, None, real:22d22e51-abca-11d4-8f1a-0060b0ee18e8
2023-04-26 20:45:47,503 - INFO: Entry:0:1:1:1:2:3, base init complete
2023-04-26 20:45:47,505 - INFO: change Label:0:1:1:1:2:3.value, None, 0
2023-04-26 20:45:47,507 - INFO: Entry:0:1:1:1:2:3, end init
2023-04-26 20:45:47,518 - INFO: create Label:0:1:1:1:3, None, Point:22d22e52-abca-11d4-8f1a-0060b0ee18e8
2023-04-26 20:45:47,521 - INFO: Entry:0:1:1:1:3, base init complete
2023-04-26 20:45:47,526 - INFO: create Label:0:1:1:1:3:1, None, real:22d22e51-abca-11d4-8f1a-0060b0ee18e8
2023-04-26 20:45:47,529 - INFO: Entry:0:1:1:1:3:1, base init complete
2023-04-26 20:45:47,534 - INFO: change Label:0:1:1:1:3:1.value, None, 0
2023-04-26 20:45:47,536 - INFO: Entry:0:1:1:1:3:1, end init
2023-04-26 20:45:47,538 - INFO: create Label:0:1:1:1:3:2, None, real:22d22e51-abca-11d4-8f1a-0060b0ee18e8
2023-04-26 20:45:47,540 - INFO: Entry:0:1:1:1:3:2, base init complete
2023-04-26 20:45:47,542 - INFO: change Label:0:1:1:1:3:2.value, None, 0
2023-04-26 20:45:47,545 - INFO: Entry:0:1:1:1:3:2, end init
2023-04-26 20:45:47,549 - INFO: create Label:0:1:1:1:3:3, None, real:22d22e51-abca-11d4-8f1a-0060b0ee18e8
2023-04-26 20:45:47,554 - INFO: Entry:0:1:1:1:3:3, base init complete
2023-04-26 20:45:47,557 - INFO: change Label:0:1:1:1:3:3.value, None, 0
2023-04-26 20:45:47,560 - INFO: Entry:0:1:1:1:3:3, end init
2023-04-26 20:45:47,568 - INFO: create Label:0:1:1:2, None, real:22d22e51-abca-11d4-8f1a-0060b0ee18e8
2023-04-26 20:45:47,575 - INFO: Entry:0:1:1:2, base init complete
2023-04-26 20:45:47,582 - INFO: change Label:0:1:1:2.value, None, 0
2023-04-26 20:45:47,588 - INFO: Entry:0:1:1:2, end init
2023-04-26 20:45:47,591 - INFO: create Label:0:1:1:3, None, real:22d22e51-abca-11d4-8f1a-0060b0ee18e8
2023-04-26 20:45:47,593 - INFO: Entry:0:1:1:3, base init complete
2023-04-26 20:45:47,596 - INFO: change Label:0:1:1:3.value, None, 0
2023-04-26 20:45:47,600 - INFO: Entry:0:1:1:3, end init
2023-04-26 20:45:47,604 - INFO: create Label:0:1:1:4, None, real:22d22e51-abca-11d4-8f1a-0060b0ee18e8
2023-04-26 20:45:47,606 - INFO: Entry:0:1:1:4, base init complete
2023-04-26 20:45:47,608 - INFO: change Label:0:1:1:4.value, None, 0
2023-04-26 20:45:47,611 - INFO: Entry:0:1:1:4, end init
2023-04-26 20:45:47,619 - INFO: -- commit command --
2023-04-26 20:45:51,015 - INFO: Selected Item:New Box
2023-04-26 20:45:51,059 - INFO: Start init ChangeParamBuilder 
2023-04-26 20:45:51,063 - INFO: Entry:0:1:1 id:22d22e50-abca-11d4-8f1a-0060b0ee18e8 Get Param
2023-04-26 20:45:51,066 - INFO: Entry:0:1:1:1 id:22d22e53-abca-11d4-8f1a-0060b0ee18e8 Get Param
2023-04-26 20:45:51,068 - INFO: Entry:0:1:1:1:1 id:22d22e51-abca-11d4-8f1a-0060b0ee18e8 Get Param
2023-04-26 20:46:47,635 - INFO: Application Start
2023-04-26 20:46:51,728 - INFO: 0:1 not have function id
2023-04-26 20:46:51,735 - INFO: 0:1 not have function id
2023-04-26 20:46:51,740 - INFO: 0:1 not have function id
2023-04-26 20:46:51,743 - INFO: 0:1 not have function id
2023-04-26 20:46:53,480 - INFO: -- NewConmand --
2023-04-26 20:46:53,483 - INFO: -- Add New Shape --
2023-04-26 20:46:53,485 - INFO: create Label:0:1:1, None, Box:22d22e50-abca-11d4-8f1a-0060b0ee18e8
2023-04-26 20:46:53,487 - INFO: Entry:0:1:1, base init complete
2023-04-26 20:46:53,491 - INFO: create Label:0:1:1:1, None, Transform:22d22e53-abca-11d4-8f1a-0060b0ee18e8
2023-04-26 20:46:53,493 - INFO: Entry:0:1:1:1, base init complete
2023-04-26 20:46:53,499 - INFO: create Label:0:1:1:1:1, None, real:22d22e51-abca-11d4-8f1a-0060b0ee18e8
2023-04-26 20:46:53,502 - INFO: Entry:0:1:1:1:1, base init complete
2023-04-26 20:46:53,504 - INFO: change Label:0:1:1:1:1.value, None, 0
2023-04-26 20:46:53,506 - INFO: Entry:0:1:1:1:1, end init
2023-04-26 20:46:53,511 - INFO: create Label:0:1:1:1:2, None, Point:22d22e52-abca-11d4-8f1a-0060b0ee18e8
2023-04-26 20:46:53,513 - INFO: Entry:0:1:1:1:2, base init complete
2023-04-26 20:46:53,518 - INFO: create Label:0:1:1:1:2:1, None, real:22d22e51-abca-11d4-8f1a-0060b0ee18e8
2023-04-26 20:46:53,520 - INFO: Entry:0:1:1:1:2:1, base init complete
2023-04-26 20:46:53,522 - INFO: change Label:0:1:1:1:2:1.value, None, 0
2023-04-26 20:46:53,524 - INFO: Entry:0:1:1:1:2:1, end init
2023-04-26 20:46:53,526 - INFO: create Label:0:1:1:1:2:2, None, real:22d22e51-abca-11d4-8f1a-0060b0ee18e8
2023-04-26 20:46:53,528 - INFO: Entry:0:1:1:1:2:2, base init complete
2023-04-26 20:46:53,530 - INFO: change Label:0:1:1:1:2:2.value, None, 0
2023-04-26 20:46:53,534 - INFO: Entry:0:1:1:1:2:2, end init
2023-04-26 20:46:53,536 - INFO: create Label:0:1:1:1:2:3, None, real:22d22e51-abca-11d4-8f1a-0060b0ee18e8
2023-04-26 20:46:53,538 - INFO: Entry:0:1:1:1:2:3, base init complete
2023-04-26 20:46:53,541 - INFO: change Label:0:1:1:1:2:3.value, None, 0
2023-04-26 20:46:53,543 - INFO: Entry:0:1:1:1:2:3, end init
2023-04-26 20:46:53,552 - INFO: create Label:0:1:1:1:3, None, Point:22d22e52-abca-11d4-8f1a-0060b0ee18e8
2023-04-26 20:46:53,555 - INFO: Entry:0:1:1:1:3, base init complete
2023-04-26 20:46:53,558 - INFO: create Label:0:1:1:1:3:1, None, real:22d22e51-abca-11d4-8f1a-0060b0ee18e8
2023-04-26 20:46:53,560 - INFO: Entry:0:1:1:1:3:1, base init complete
2023-04-26 20:46:53,563 - INFO: change Label:0:1:1:1:3:1.value, None, 0
2023-04-26 20:46:53,565 - INFO: Entry:0:1:1:1:3:1, end init
2023-04-26 20:46:53,568 - INFO: create Label:0:1:1:1:3:2, None, real:22d22e51-abca-11d4-8f1a-0060b0ee18e8
2023-04-26 20:46:53,571 - INFO: Entry:0:1:1:1:3:2, base init complete
2023-04-26 20:46:53,575 - INFO: change Label:0:1:1:1:3:2.value, None, 0
2023-04-26 20:46:53,578 - INFO: Entry:0:1:1:1:3:2, end init
2023-04-26 20:46:53,583 - INFO: create Label:0:1:1:1:3:3, None, real:22d22e51-abca-11d4-8f1a-0060b0ee18e8
2023-04-26 20:46:53,585 - INFO: Entry:0:1:1:1:3:3, base init complete
2023-04-26 20:46:53,587 - INFO: change Label:0:1:1:1:3:3.value, None, 0
2023-04-26 20:46:53,590 - INFO: Entry:0:1:1:1:3:3, end init
2023-04-26 20:46:53,598 - INFO: create Label:0:1:1:2, None, real:22d22e51-abca-11d4-8f1a-0060b0ee18e8
2023-04-26 20:46:53,602 - INFO: Entry:0:1:1:2, base init complete
2023-04-26 20:46:53,606 - INFO: change Label:0:1:1:2.value, None, 0
2023-04-26 20:46:53,609 - INFO: Entry:0:1:1:2, end init
2023-04-26 20:46:53,611 - INFO: create Label:0:1:1:3, None, real:22d22e51-abca-11d4-8f1a-0060b0ee18e8
2023-04-26 20:46:53,616 - INFO: Entry:0:1:1:3, base init complete
2023-04-26 20:46:53,619 - INFO: change Label:0:1:1:3.value, None, 0
2023-04-26 20:46:53,621 - INFO: Entry:0:1:1:3, end init
2023-04-26 20:46:53,623 - INFO: create Label:0:1:1:4, None, real:22d22e51-abca-11d4-8f1a-0060b0ee18e8
2023-04-26 20:46:53,625 - INFO: Entry:0:1:1:4, base init complete
2023-04-26 20:46:53,627 - INFO: change Label:0:1:1:4.value, None, 0
2023-04-26 20:46:53,629 - INFO: Entry:0:1:1:4, end init
2023-04-26 20:46:53,637 - INFO: -- commit command --
2023-04-26 20:46:56,030 - INFO: Selected Item:New Box
2023-04-26 20:47:35,536 - INFO: Application Start
2023-04-26 20:47:39,366 - INFO: 0:1 not have function id
2023-04-26 20:47:39,370 - INFO: 0:1 not have function id
2023-04-26 20:47:39,375 - INFO: 0:1 not have function id
2023-04-26 20:47:39,383 - INFO: 0:1 not have function id
2023-04-26 20:47:41,741 - INFO: -- NewConmand --
2023-04-26 20:47:41,744 - INFO: -- Add New Shape --
2023-04-26 20:47:41,745 - INFO: create Label:0:1:1, None, Box:22d22e50-abca-11d4-8f1a-0060b0ee18e8
2023-04-26 20:47:41,748 - INFO: Entry:0:1:1, base init complete
2023-04-26 20:47:41,753 - INFO: create Label:0:1:1:1, None, Transform:22d22e53-abca-11d4-8f1a-0060b0ee18e8
2023-04-26 20:47:41,755 - INFO: Entry:0:1:1:1, base init complete
2023-04-26 20:47:41,761 - INFO: create Label:0:1:1:1:1, None, real:22d22e51-abca-11d4-8f1a-0060b0ee18e8
2023-04-26 20:47:41,763 - INFO: Entry:0:1:1:1:1, base init complete
2023-04-26 20:47:41,767 - INFO: change Label:0:1:1:1:1.value, None, 0
2023-04-26 20:47:41,771 - INFO: Entry:0:1:1:1:1, end init
2023-04-26 20:47:41,776 - INFO: create Label:0:1:1:1:2, None, Point:22d22e52-abca-11d4-8f1a-0060b0ee18e8
2023-04-26 20:47:41,778 - INFO: Entry:0:1:1:1:2, base init complete
2023-04-26 20:47:41,784 - INFO: create Label:0:1:1:1:2:1, None, real:22d22e51-abca-11d4-8f1a-0060b0ee18e8
2023-04-26 20:47:41,786 - INFO: Entry:0:1:1:1:2:1, base init complete
2023-04-26 20:47:41,788 - INFO: change Label:0:1:1:1:2:1.value, None, 0
2023-04-26 20:47:41,791 - INFO: Entry:0:1:1:1:2:1, end init
2023-04-26 20:47:41,793 - INFO: create Label:0:1:1:1:2:2, None, real:22d22e51-abca-11d4-8f1a-0060b0ee18e8
2023-04-26 20:47:41,795 - INFO: Entry:0:1:1:1:2:2, base init complete
2023-04-26 20:47:41,797 - INFO: change Label:0:1:1:1:2:2.value, None, 0
2023-04-26 20:47:41,800 - INFO: Entry:0:1:1:1:2:2, end init
2023-04-26 20:47:41,803 - INFO: create Label:0:1:1:1:2:3, None, real:22d22e51-abca-11d4-8f1a-0060b0ee18e8
2023-04-26 20:47:41,805 - INFO: Entry:0:1:1:1:2:3, base init complete
2023-04-26 20:47:41,806 - INFO: change Label:0:1:1:1:2:3.value, None, 0
2023-04-26 20:47:41,808 - INFO: Entry:0:1:1:1:2:3, end init
2023-04-26 20:47:41,816 - INFO: create Label:0:1:1:1:3, None, Point:22d22e52-abca-11d4-8f1a-0060b0ee18e8
2023-04-26 20:47:41,818 - INFO: Entry:0:1:1:1:3, base init complete
2023-04-26 20:47:41,823 - INFO: create Label:0:1:1:1:3:1, None, real:22d22e51-abca-11d4-8f1a-0060b0ee18e8
2023-04-26 20:47:41,825 - INFO: Entry:0:1:1:1:3:1, base init complete
2023-04-26 20:47:41,826 - INFO: change Label:0:1:1:1:3:1.value, None, 0
2023-04-26 20:47:41,830 - INFO: Entry:0:1:1:1:3:1, end init
2023-04-26 20:47:41,834 - INFO: create Label:0:1:1:1:3:2, None, real:22d22e51-abca-11d4-8f1a-0060b0ee18e8
2023-04-26 20:47:41,837 - INFO: Entry:0:1:1:1:3:2, base init complete
2023-04-26 20:47:41,840 - INFO: change Label:0:1:1:1:3:2.value, None, 0
2023-04-26 20:47:41,842 - INFO: Entry:0:1:1:1:3:2, end init
2023-04-26 20:47:41,845 - INFO: create Label:0:1:1:1:3:3, None, real:22d22e51-abca-11d4-8f1a-0060b0ee18e8
2023-04-26 20:47:41,849 - INFO: Entry:0:1:1:1:3:3, base init complete
2023-04-26 20:47:41,853 - INFO: change Label:0:1:1:1:3:3.value, None, 0
2023-04-26 20:47:41,855 - INFO: Entry:0:1:1:1:3:3, end init
2023-04-26 20:47:41,862 - INFO: create Label:0:1:1:2, None, real:22d22e51-abca-11d4-8f1a-0060b0ee18e8
2023-04-26 20:47:41,866 - INFO: Entry:0:1:1:2, base init complete
2023-04-26 20:47:41,870 - INFO: change Label:0:1:1:2.value, None, 0
2023-04-26 20:47:41,874 - INFO: Entry:0:1:1:2, end init
2023-04-26 20:47:41,876 - INFO: create Label:0:1:1:3, None, real:22d22e51-abca-11d4-8f1a-0060b0ee18e8
2023-04-26 20:47:41,878 - INFO: Entry:0:1:1:3, base init complete
2023-04-26 20:47:41,880 - INFO: change Label:0:1:1:3.value, None, 0
2023-04-26 20:47:41,885 - INFO: Entry:0:1:1:3, end init
2023-04-26 20:47:41,889 - INFO: create Label:0:1:1:4, None, real:22d22e51-abca-11d4-8f1a-0060b0ee18e8
2023-04-26 20:47:41,892 - INFO: Entry:0:1:1:4, base init complete
2023-04-26 20:47:41,894 - INFO: change Label:0:1:1:4.value, None, 0
2023-04-26 20:47:41,897 - INFO: Entry:0:1:1:4, end init
2023-04-26 20:47:41,904 - INFO: -- commit command --
2023-04-26 20:47:45,172 - INFO: Selected Item:New Box
2023-04-26 20:48:29,216 - INFO: Application Start
2023-04-26 20:48:34,529 - INFO: 0:1 not have function id
2023-04-26 20:48:34,534 - INFO: 0:1 not have function id
2023-04-26 20:48:34,541 - INFO: 0:1 not have function id
2023-04-26 20:48:34,548 - INFO: 0:1 not have function id
2023-04-26 20:48:36,327 - INFO: -- NewConmand --
2023-04-26 20:48:36,330 - INFO: -- Add New Shape --
2023-04-26 20:48:36,333 - INFO: create Label:0:1:1, None, Box:22d22e50-abca-11d4-8f1a-0060b0ee18e8
2023-04-26 20:48:36,335 - INFO: Entry:0:1:1, base init complete
2023-04-26 20:48:36,340 - INFO: create Label:0:1:1:1, None, Transform:22d22e53-abca-11d4-8f1a-0060b0ee18e8
2023-04-26 20:48:36,342 - INFO: Entry:0:1:1:1, base init complete
2023-04-26 20:48:36,348 - INFO: create Label:0:1:1:1:1, None, real:22d22e51-abca-11d4-8f1a-0060b0ee18e8
2023-04-26 20:48:36,350 - INFO: Entry:0:1:1:1:1, base init complete
2023-04-26 20:48:36,352 - INFO: change Label:0:1:1:1:1.value, None, 0
2023-04-26 20:48:36,354 - INFO: Entry:0:1:1:1:1, end init
2023-04-26 20:48:36,357 - INFO: create Label:0:1:1:1:2, None, Point:22d22e52-abca-11d4-8f1a-0060b0ee18e8
2023-04-26 20:48:36,359 - INFO: Entry:0:1:1:1:2, base init complete
2023-04-26 20:48:36,365 - INFO: create Label:0:1:1:1:2:1, None, real:22d22e51-abca-11d4-8f1a-0060b0ee18e8
2023-04-26 20:48:36,369 - INFO: Entry:0:1:1:1:2:1, base init complete
2023-04-26 20:48:36,371 - INFO: change Label:0:1:1:1:2:1.value, None, 0
2023-04-26 20:48:36,373 - INFO: Entry:0:1:1:1:2:1, end init
2023-04-26 20:48:36,375 - INFO: create Label:0:1:1:1:2:2, None, real:22d22e51-abca-11d4-8f1a-0060b0ee18e8
2023-04-26 20:48:36,377 - INFO: Entry:0:1:1:1:2:2, base init complete
2023-04-26 20:48:36,379 - INFO: change Label:0:1:1:1:2:2.value, None, 0
2023-04-26 20:48:36,382 - INFO: Entry:0:1:1:1:2:2, end init
2023-04-26 20:48:36,385 - INFO: create Label:0:1:1:1:2:3, None, real:22d22e51-abca-11d4-8f1a-0060b0ee18e8
2023-04-26 20:48:36,387 - INFO: Entry:0:1:1:1:2:3, base init complete
2023-04-26 20:48:36,389 - INFO: change Label:0:1:1:1:2:3.value, None, 0
2023-04-26 20:48:36,391 - INFO: Entry:0:1:1:1:2:3, end init
2023-04-26 20:48:36,398 - INFO: create Label:0:1:1:1:3, None, Point:22d22e52-abca-11d4-8f1a-0060b0ee18e8
2023-04-26 20:48:36,401 - INFO: Entry:0:1:1:1:3, base init complete
2023-04-26 20:48:36,406 - INFO: create Label:0:1:1:1:3:1, None, real:22d22e51-abca-11d4-8f1a-0060b0ee18e8
2023-04-26 20:48:36,409 - INFO: Entry:0:1:1:1:3:1, base init complete
2023-04-26 20:48:36,411 - INFO: change Label:0:1:1:1:3:1.value, None, 0
2023-04-26 20:48:36,414 - INFO: Entry:0:1:1:1:3:1, end init
2023-04-26 20:48:36,418 - INFO: create Label:0:1:1:1:3:2, None, real:22d22e51-abca-11d4-8f1a-0060b0ee18e8
2023-04-26 20:48:36,422 - INFO: Entry:0:1:1:1:3:2, base init complete
2023-04-26 20:48:36,425 - INFO: change Label:0:1:1:1:3:2.value, None, 0
2023-04-26 20:48:36,429 - INFO: Entry:0:1:1:1:3:2, end init
2023-04-26 20:48:36,434 - INFO: create Label:0:1:1:1:3:3, None, real:22d22e51-abca-11d4-8f1a-0060b0ee18e8
2023-04-26 20:48:36,437 - INFO: Entry:0:1:1:1:3:3, base init complete
2023-04-26 20:48:36,439 - INFO: change Label:0:1:1:1:3:3.value, None, 0
2023-04-26 20:48:36,443 - INFO: Entry:0:1:1:1:3:3, end init
2023-04-26 20:48:36,453 - INFO: create Label:0:1:1:2, None, real:22d22e51-abca-11d4-8f1a-0060b0ee18e8
2023-04-26 20:48:36,455 - INFO: Entry:0:1:1:2, base init complete
2023-04-26 20:48:36,457 - INFO: change Label:0:1:1:2.value, None, 0
2023-04-26 20:48:36,459 - INFO: Entry:0:1:1:2, end init
2023-04-26 20:48:36,462 - INFO: create Label:0:1:1:3, None, real:22d22e51-abca-11d4-8f1a-0060b0ee18e8
2023-04-26 20:48:36,466 - INFO: Entry:0:1:1:3, base init complete
2023-04-26 20:48:36,472 - INFO: change Label:0:1:1:3.value, None, 0
2023-04-26 20:48:36,474 - INFO: Entry:0:1:1:3, end init
2023-04-26 20:48:36,477 - INFO: create Label:0:1:1:4, None, real:22d22e51-abca-11d4-8f1a-0060b0ee18e8
2023-04-26 20:48:36,479 - INFO: Entry:0:1:1:4, base init complete
2023-04-26 20:48:36,483 - INFO: change Label:0:1:1:4.value, None, 0
2023-04-26 20:48:36,485 - INFO: Entry:0:1:1:4, end init
2023-04-26 20:48:36,489 - INFO: -- commit command --
2023-04-26 20:48:39,784 - INFO: Selected Item:New Box
2023-04-26 20:51:05,721 - INFO: Application Start
2023-04-26 20:51:09,127 - INFO: 0:1 not have function id
2023-04-26 20:51:09,131 - INFO: 0:1 not have function id
2023-04-26 20:51:09,138 - INFO: 0:1 not have function id
2023-04-26 20:51:09,143 - INFO: 0:1 not have function id
2023-04-26 20:51:13,161 - INFO: -- NewConmand --
2023-04-26 20:51:13,164 - INFO: -- Add New Shape --
2023-04-26 20:51:13,167 - INFO: create Label:0:1:1, None, Box:22d22e50-abca-11d4-8f1a-0060b0ee18e8
2023-04-26 20:51:13,170 - INFO: Entry:0:1:1, base init complete
2023-04-26 20:51:13,175 - INFO: create Label:0:1:1:1, None, Transform:22d22e53-abca-11d4-8f1a-0060b0ee18e8
2023-04-26 20:51:13,177 - INFO: Entry:0:1:1:1, base init complete
2023-04-26 20:51:13,184 - INFO: create Label:0:1:1:1:1, None, real:22d22e51-abca-11d4-8f1a-0060b0ee18e8
2023-04-26 20:51:13,187 - INFO: Entry:0:1:1:1:1, base init complete
2023-04-26 20:51:13,190 - INFO: change Label:0:1:1:1:1.value, None, 0
2023-04-26 20:51:13,194 - INFO: Entry:0:1:1:1:1, end init
2023-04-26 20:51:13,199 - INFO: create Label:0:1:1:1:2, None, Point:22d22e52-abca-11d4-8f1a-0060b0ee18e8
2023-04-26 20:51:13,203 - INFO: Entry:0:1:1:1:2, base init complete
2023-04-26 20:51:13,208 - INFO: create Label:0:1:1:1:2:1, None, real:22d22e51-abca-11d4-8f1a-0060b0ee18e8
2023-04-26 20:51:13,210 - INFO: Entry:0:1:1:1:2:1, base init complete
2023-04-26 20:51:13,212 - INFO: change Label:0:1:1:1:2:1.value, None, 0
2023-04-26 20:51:13,215 - INFO: Entry:0:1:1:1:2:1, end init
2023-04-26 20:51:13,216 - INFO: create Label:0:1:1:1:2:2, None, real:22d22e51-abca-11d4-8f1a-0060b0ee18e8
2023-04-26 20:51:13,218 - INFO: Entry:0:1:1:1:2:2, base init complete
2023-04-26 20:51:13,220 - INFO: change Label:0:1:1:1:2:2.value, None, 0
2023-04-26 20:51:13,222 - INFO: Entry:0:1:1:1:2:2, end init
2023-04-26 20:51:13,224 - INFO: create Label:0:1:1:1:2:3, None, real:22d22e51-abca-11d4-8f1a-0060b0ee18e8
2023-04-26 20:51:13,226 - INFO: Entry:0:1:1:1:2:3, base init complete
2023-04-26 20:51:13,228 - INFO: change Label:0:1:1:1:2:3.value, None, 0
2023-04-26 20:51:13,230 - INFO: Entry:0:1:1:1:2:3, end init
2023-04-26 20:51:13,238 - INFO: create Label:0:1:1:1:3, None, Point:22d22e52-abca-11d4-8f1a-0060b0ee18e8
2023-04-26 20:51:13,240 - INFO: Entry:0:1:1:1:3, base init complete
2023-04-26 20:51:13,244 - INFO: create Label:0:1:1:1:3:1, None, real:22d22e51-abca-11d4-8f1a-0060b0ee18e8
2023-04-26 20:51:13,246 - INFO: Entry:0:1:1:1:3:1, base init complete
2023-04-26 20:51:13,249 - INFO: change Label:0:1:1:1:3:1.value, None, 0
2023-04-26 20:51:13,251 - INFO: Entry:0:1:1:1:3:1, end init
2023-04-26 20:51:13,253 - INFO: create Label:0:1:1:1:3:2, None, real:22d22e51-abca-11d4-8f1a-0060b0ee18e8
2023-04-26 20:51:13,256 - INFO: Entry:0:1:1:1:3:2, base init complete
2023-04-26 20:51:13,258 - INFO: change Label:0:1:1:1:3:2.value, None, 0
2023-04-26 20:51:13,261 - INFO: Entry:0:1:1:1:3:2, end init
2023-04-26 20:51:13,264 - INFO: create Label:0:1:1:1:3:3, None, real:22d22e51-abca-11d4-8f1a-0060b0ee18e8
2023-04-26 20:51:13,267 - INFO: Entry:0:1:1:1:3:3, base init complete
2023-04-26 20:51:13,271 - INFO: change Label:0:1:1:1:3:3.value, None, 0
2023-04-26 20:51:13,275 - INFO: Entry:0:1:1:1:3:3, end init
2023-04-26 20:51:13,286 - INFO: create Label:0:1:1:2, None, real:22d22e51-abca-11d4-8f1a-0060b0ee18e8
2023-04-26 20:51:13,288 - INFO: Entry:0:1:1:2, base init complete
2023-04-26 20:51:13,291 - INFO: change Label:0:1:1:2.value, None, 0
2023-04-26 20:51:13,293 - INFO: Entry:0:1:1:2, end init
2023-04-26 20:51:13,296 - INFO: create Label:0:1:1:3, None, real:22d22e51-abca-11d4-8f1a-0060b0ee18e8
2023-04-26 20:51:13,301 - INFO: Entry:0:1:1:3, base init complete
2023-04-26 20:51:13,305 - INFO: change Label:0:1:1:3.value, None, 0
2023-04-26 20:51:13,308 - INFO: Entry:0:1:1:3, end init
2023-04-26 20:51:13,311 - INFO: create Label:0:1:1:4, None, real:22d22e51-abca-11d4-8f1a-0060b0ee18e8
2023-04-26 20:51:13,314 - INFO: Entry:0:1:1:4, base init complete
2023-04-26 20:51:13,317 - INFO: change Label:0:1:1:4.value, None, 0
2023-04-26 20:51:13,320 - INFO: Entry:0:1:1:4, end init
2023-04-26 20:51:13,325 - INFO: -- commit command --
2023-04-26 20:51:15,069 - INFO: Selected Item:New Box
2023-04-26 20:51:34,904 - INFO: Application Start
2023-04-26 20:51:38,568 - INFO: 0:1 not have function id
2023-04-26 20:51:38,572 - INFO: 0:1 not have function id
2023-04-26 20:51:38,582 - INFO: 0:1 not have function id
2023-04-26 20:51:38,586 - INFO: 0:1 not have function id
2023-04-26 20:51:40,281 - INFO: -- NewConmand --
2023-04-26 20:51:40,283 - INFO: -- Add New Shape --
2023-04-26 20:51:40,285 - INFO: create Label:0:1:1, None, Box:22d22e50-abca-11d4-8f1a-0060b0ee18e8
2023-04-26 20:51:40,287 - INFO: Entry:0:1:1, base init complete
2023-04-26 20:51:40,291 - INFO: create Label:0:1:1:1, None, Transform:22d22e53-abca-11d4-8f1a-0060b0ee18e8
2023-04-26 20:51:40,293 - INFO: Entry:0:1:1:1, base init complete
2023-04-26 20:51:40,300 - INFO: create Label:0:1:1:1:1, None, real:22d22e51-abca-11d4-8f1a-0060b0ee18e8
2023-04-26 20:51:40,303 - INFO: Entry:0:1:1:1:1, base init complete
2023-04-26 20:51:40,305 - INFO: change Label:0:1:1:1:1.value, None, 0
2023-04-26 20:51:40,307 - INFO: Entry:0:1:1:1:1, end init
2023-04-26 20:51:40,311 - INFO: create Label:0:1:1:1:2, None, Point:22d22e52-abca-11d4-8f1a-0060b0ee18e8
2023-04-26 20:51:40,314 - INFO: Entry:0:1:1:1:2, base init complete
2023-04-26 20:51:40,319 - INFO: create Label:0:1:1:1:2:1, None, real:22d22e51-abca-11d4-8f1a-0060b0ee18e8
2023-04-26 20:51:40,321 - INFO: Entry:0:1:1:1:2:1, base init complete
2023-04-26 20:51:40,323 - INFO: change Label:0:1:1:1:2:1.value, None, 0
2023-04-26 20:51:40,325 - INFO: Entry:0:1:1:1:2:1, end init
2023-04-26 20:51:40,328 - INFO: create Label:0:1:1:1:2:2, None, real:22d22e51-abca-11d4-8f1a-0060b0ee18e8
2023-04-26 20:51:40,332 - INFO: Entry:0:1:1:1:2:2, base init complete
2023-04-26 20:51:40,335 - INFO: change Label:0:1:1:1:2:2.value, None, 0
2023-04-26 20:51:40,338 - INFO: Entry:0:1:1:1:2:2, end init
2023-04-26 20:51:40,342 - INFO: create Label:0:1:1:1:2:3, None, real:22d22e51-abca-11d4-8f1a-0060b0ee18e8
2023-04-26 20:51:40,345 - INFO: Entry:0:1:1:1:2:3, base init complete
2023-04-26 20:51:40,348 - INFO: change Label:0:1:1:1:2:3.value, None, 0
2023-04-26 20:51:40,350 - INFO: Entry:0:1:1:1:2:3, end init
2023-04-26 20:51:40,356 - INFO: create Label:0:1:1:1:3, None, Point:22d22e52-abca-11d4-8f1a-0060b0ee18e8
2023-04-26 20:51:40,358 - INFO: Entry:0:1:1:1:3, base init complete
2023-04-26 20:51:40,362 - INFO: create Label:0:1:1:1:3:1, None, real:22d22e51-abca-11d4-8f1a-0060b0ee18e8
2023-04-26 20:51:40,365 - INFO: Entry:0:1:1:1:3:1, base init complete
2023-04-26 20:51:40,368 - INFO: change Label:0:1:1:1:3:1.value, None, 0
2023-04-26 20:51:40,373 - INFO: Entry:0:1:1:1:3:1, end init
2023-04-26 20:51:40,378 - INFO: create Label:0:1:1:1:3:2, None, real:22d22e51-abca-11d4-8f1a-0060b0ee18e8
2023-04-26 20:51:40,383 - INFO: Entry:0:1:1:1:3:2, base init complete
2023-04-26 20:51:40,387 - INFO: change Label:0:1:1:1:3:2.value, None, 0
2023-04-26 20:51:40,392 - INFO: Entry:0:1:1:1:3:2, end init
2023-04-26 20:51:40,402 - INFO: create Label:0:1:1:1:3:3, None, real:22d22e51-abca-11d4-8f1a-0060b0ee18e8
2023-04-26 20:51:40,409 - INFO: Entry:0:1:1:1:3:3, base init complete
2023-04-26 20:51:40,413 - INFO: change Label:0:1:1:1:3:3.value, None, 0
2023-04-26 20:51:40,418 - INFO: Entry:0:1:1:1:3:3, end init
2023-04-26 20:51:40,434 - INFO: create Label:0:1:1:2, None, real:22d22e51-abca-11d4-8f1a-0060b0ee18e8
2023-04-26 20:51:40,440 - INFO: Entry:0:1:1:2, base init complete
2023-04-26 20:51:40,443 - INFO: change Label:0:1:1:2.value, None, 0
2023-04-26 20:51:40,445 - INFO: Entry:0:1:1:2, end init
2023-04-26 20:51:40,451 - INFO: create Label:0:1:1:3, None, real:22d22e51-abca-11d4-8f1a-0060b0ee18e8
2023-04-26 20:51:40,454 - INFO: Entry:0:1:1:3, base init complete
2023-04-26 20:51:40,456 - INFO: change Label:0:1:1:3.value, None, 0
2023-04-26 20:51:40,458 - INFO: Entry:0:1:1:3, end init
2023-04-26 20:51:40,460 - INFO: create Label:0:1:1:4, None, real:22d22e51-abca-11d4-8f1a-0060b0ee18e8
2023-04-26 20:51:40,463 - INFO: Entry:0:1:1:4, base init complete
2023-04-26 20:51:40,468 - INFO: change Label:0:1:1:4.value, None, 0
2023-04-26 20:51:40,471 - INFO: Entry:0:1:1:4, end init
2023-04-26 20:51:40,476 - INFO: -- commit command --
2023-04-26 20:51:45,244 - INFO: Selected Item:New Box
2023-04-26 20:53:43,732 - INFO: Application Start
2023-04-26 20:53:47,081 - INFO: 0:1 not have function id
2023-04-26 20:53:47,084 - INFO: 0:1 not have function id
2023-04-26 20:53:47,088 - INFO: 0:1 not have function id
2023-04-26 20:53:47,092 - INFO: 0:1 not have function id
2023-04-26 20:53:49,722 - INFO: -- NewConmand --
2023-04-26 20:53:49,724 - INFO: -- Add New Shape --
2023-04-26 20:53:49,726 - INFO: create Label:0:1:1, None, Box:22d22e50-abca-11d4-8f1a-0060b0ee18e8
2023-04-26 20:53:49,728 - INFO: Entry:0:1:1, base init complete
2023-04-26 20:53:49,733 - INFO: create Label:0:1:1:1, None, Transform:22d22e53-abca-11d4-8f1a-0060b0ee18e8
2023-04-26 20:53:49,735 - INFO: Entry:0:1:1:1, base init complete
2023-04-26 20:53:49,740 - INFO: create Label:0:1:1:1:1, None, real:22d22e51-abca-11d4-8f1a-0060b0ee18e8
2023-04-26 20:53:49,742 - INFO: Entry:0:1:1:1:1, base init complete
2023-04-26 20:53:49,744 - INFO: change Label:0:1:1:1:1.value, None, 0
2023-04-26 20:53:49,747 - INFO: Entry:0:1:1:1:1, end init
2023-04-26 20:53:49,750 - INFO: create Label:0:1:1:1:2, None, Point:22d22e52-abca-11d4-8f1a-0060b0ee18e8
2023-04-26 20:53:49,752 - INFO: Entry:0:1:1:1:2, base init complete
2023-04-26 20:53:49,756 - INFO: create Label:0:1:1:1:2:1, None, real:22d22e51-abca-11d4-8f1a-0060b0ee18e8
2023-04-26 20:53:49,758 - INFO: Entry:0:1:1:1:2:1, base init complete
2023-04-26 20:53:49,760 - INFO: change Label:0:1:1:1:2:1.value, None, 0
2023-04-26 20:53:49,762 - INFO: Entry:0:1:1:1:2:1, end init
2023-04-26 20:53:49,764 - INFO: create Label:0:1:1:1:2:2, None, real:22d22e51-abca-11d4-8f1a-0060b0ee18e8
2023-04-26 20:53:49,767 - INFO: Entry:0:1:1:1:2:2, base init complete
2023-04-26 20:53:49,769 - INFO: change Label:0:1:1:1:2:2.value, None, 0
2023-04-26 20:53:49,771 - INFO: Entry:0:1:1:1:2:2, end init
2023-04-26 20:53:49,773 - INFO: create Label:0:1:1:1:2:3, None, real:22d22e51-abca-11d4-8f1a-0060b0ee18e8
2023-04-26 20:53:49,775 - INFO: Entry:0:1:1:1:2:3, base init complete
2023-04-26 20:53:49,777 - INFO: change Label:0:1:1:1:2:3.value, None, 0
2023-04-26 20:53:49,779 - INFO: Entry:0:1:1:1:2:3, end init
2023-04-26 20:53:49,786 - INFO: create Label:0:1:1:1:3, None, Point:22d22e52-abca-11d4-8f1a-0060b0ee18e8
2023-04-26 20:53:49,789 - INFO: Entry:0:1:1:1:3, base init complete
2023-04-26 20:53:49,793 - INFO: create Label:0:1:1:1:3:1, None, real:22d22e51-abca-11d4-8f1a-0060b0ee18e8
2023-04-26 20:53:49,795 - INFO: Entry:0:1:1:1:3:1, base init complete
2023-04-26 20:53:49,797 - INFO: change Label:0:1:1:1:3:1.value, None, 0
2023-04-26 20:53:49,799 - INFO: Entry:0:1:1:1:3:1, end init
2023-04-26 20:53:49,801 - INFO: create Label:0:1:1:1:3:2, None, real:22d22e51-abca-11d4-8f1a-0060b0ee18e8
2023-04-26 20:53:49,803 - INFO: Entry:0:1:1:1:3:2, base init complete
2023-04-26 20:53:49,805 - INFO: change Label:0:1:1:1:3:2.value, None, 0
2023-04-26 20:53:49,806 - INFO: Entry:0:1:1:1:3:2, end init
2023-04-26 20:53:49,808 - INFO: create Label:0:1:1:1:3:3, None, real:22d22e51-abca-11d4-8f1a-0060b0ee18e8
2023-04-26 20:53:49,811 - INFO: Entry:0:1:1:1:3:3, base init complete
2023-04-26 20:53:49,815 - INFO: change Label:0:1:1:1:3:3.value, None, 0
2023-04-26 20:53:49,818 - INFO: Entry:0:1:1:1:3:3, end init
2023-04-26 20:53:49,825 - INFO: create Label:0:1:1:2, None, real:22d22e51-abca-11d4-8f1a-0060b0ee18e8
2023-04-26 20:53:49,828 - INFO: Entry:0:1:1:2, base init complete
2023-04-26 20:53:49,833 - INFO: change Label:0:1:1:2.value, None, 0
2023-04-26 20:53:49,836 - INFO: Entry:0:1:1:2, end init
2023-04-26 20:53:49,838 - INFO: create Label:0:1:1:3, None, real:22d22e51-abca-11d4-8f1a-0060b0ee18e8
2023-04-26 20:53:49,840 - INFO: Entry:0:1:1:3, base init complete
2023-04-26 20:53:49,843 - INFO: change Label:0:1:1:3.value, None, 0
2023-04-26 20:53:49,845 - INFO: Entry:0:1:1:3, end init
2023-04-26 20:53:49,847 - INFO: create Label:0:1:1:4, None, real:22d22e51-abca-11d4-8f1a-0060b0ee18e8
2023-04-26 20:53:49,849 - INFO: Entry:0:1:1:4, base init complete
2023-04-26 20:53:49,851 - INFO: change Label:0:1:1:4.value, None, 0
2023-04-26 20:53:49,856 - INFO: Entry:0:1:1:4, end init
2023-04-26 20:53:49,863 - INFO: -- commit command --
2023-04-26 20:53:52,861 - INFO: Selected Item:New Box
2023-04-26 20:54:29,396 - INFO: Application Start
2023-04-26 20:54:34,023 - INFO: 0:1 not have function id
2023-04-26 20:54:34,027 - INFO: 0:1 not have function id
2023-04-26 20:54:34,032 - INFO: 0:1 not have function id
2023-04-26 20:54:34,038 - INFO: 0:1 not have function id
2023-04-26 20:54:35,888 - INFO: -- NewConmand --
2023-04-26 20:54:35,890 - INFO: -- Add New Shape --
2023-04-26 20:54:35,892 - INFO: create Label:0:1:1, None, Box:22d22e50-abca-11d4-8f1a-0060b0ee18e8
2023-04-26 20:54:35,894 - INFO: Entry:0:1:1, base init complete
2023-04-26 20:54:35,899 - INFO: create Label:0:1:1:1, None, Transform:22d22e53-abca-11d4-8f1a-0060b0ee18e8
2023-04-26 20:54:35,901 - INFO: Entry:0:1:1:1, base init complete
2023-04-26 20:54:35,907 - INFO: create Label:0:1:1:1:1, None, real:22d22e51-abca-11d4-8f1a-0060b0ee18e8
2023-04-26 20:54:35,909 - INFO: Entry:0:1:1:1:1, base init complete
2023-04-26 20:54:35,911 - INFO: change Label:0:1:1:1:1.value, None, 0
2023-04-26 20:54:35,914 - INFO: Entry:0:1:1:1:1, end init
2023-04-26 20:54:35,918 - INFO: create Label:0:1:1:1:2, None, Point:22d22e52-abca-11d4-8f1a-0060b0ee18e8
2023-04-26 20:54:35,920 - INFO: Entry:0:1:1:1:2, base init complete
2023-04-26 20:54:35,924 - INFO: create Label:0:1:1:1:2:1, None, real:22d22e51-abca-11d4-8f1a-0060b0ee18e8
2023-04-26 20:54:35,926 - INFO: Entry:0:1:1:1:2:1, base init complete
2023-04-26 20:54:35,928 - INFO: change Label:0:1:1:1:2:1.value, None, 0
2023-04-26 20:54:35,930 - INFO: Entry:0:1:1:1:2:1, end init
2023-04-26 20:54:35,932 - INFO: create Label:0:1:1:1:2:2, None, real:22d22e51-abca-11d4-8f1a-0060b0ee18e8
2023-04-26 20:54:35,934 - INFO: Entry:0:1:1:1:2:2, base init complete
2023-04-26 20:54:35,936 - INFO: change Label:0:1:1:1:2:2.value, None, 0
2023-04-26 20:54:35,938 - INFO: Entry:0:1:1:1:2:2, end init
2023-04-26 20:54:35,940 - INFO: create Label:0:1:1:1:2:3, None, real:22d22e51-abca-11d4-8f1a-0060b0ee18e8
2023-04-26 20:54:35,941 - INFO: Entry:0:1:1:1:2:3, base init complete
2023-04-26 20:54:35,943 - INFO: change Label:0:1:1:1:2:3.value, None, 0
2023-04-26 20:54:35,945 - INFO: Entry:0:1:1:1:2:3, end init
2023-04-26 20:54:35,953 - INFO: create Label:0:1:1:1:3, None, Point:22d22e52-abca-11d4-8f1a-0060b0ee18e8
2023-04-26 20:54:35,954 - INFO: Entry:0:1:1:1:3, base init complete
2023-04-26 20:54:35,958 - INFO: create Label:0:1:1:1:3:1, None, real:22d22e51-abca-11d4-8f1a-0060b0ee18e8
2023-04-26 20:54:35,960 - INFO: Entry:0:1:1:1:3:1, base init complete
2023-04-26 20:54:35,962 - INFO: change Label:0:1:1:1:3:1.value, None, 0
2023-04-26 20:54:35,965 - INFO: Entry:0:1:1:1:3:1, end init
2023-04-26 20:54:35,970 - INFO: create Label:0:1:1:1:3:2, None, real:22d22e51-abca-11d4-8f1a-0060b0ee18e8
2023-04-26 20:54:35,975 - INFO: Entry:0:1:1:1:3:2, base init complete
2023-04-26 20:54:35,978 - INFO: change Label:0:1:1:1:3:2.value, None, 0
2023-04-26 20:54:35,982 - INFO: Entry:0:1:1:1:3:2, end init
2023-04-26 20:54:35,986 - INFO: create Label:0:1:1:1:3:3, None, real:22d22e51-abca-11d4-8f1a-0060b0ee18e8
2023-04-26 20:54:35,990 - INFO: Entry:0:1:1:1:3:3, base init complete
2023-04-26 20:54:35,992 - INFO: change Label:0:1:1:1:3:3.value, None, 0
2023-04-26 20:54:35,996 - INFO: Entry:0:1:1:1:3:3, end init
2023-04-26 20:54:36,004 - INFO: create Label:0:1:1:2, None, real:22d22e51-abca-11d4-8f1a-0060b0ee18e8
2023-04-26 20:54:36,006 - INFO: Entry:0:1:1:2, base init complete
2023-04-26 20:54:36,008 - INFO: change Label:0:1:1:2.value, None, 0
2023-04-26 20:54:36,010 - INFO: Entry:0:1:1:2, end init
2023-04-26 20:54:36,012 - INFO: create Label:0:1:1:3, None, real:22d22e51-abca-11d4-8f1a-0060b0ee18e8
2023-04-26 20:54:36,017 - INFO: Entry:0:1:1:3, base init complete
2023-04-26 20:54:36,019 - INFO: change Label:0:1:1:3.value, None, 0
2023-04-26 20:54:36,022 - INFO: Entry:0:1:1:3, end init
2023-04-26 20:54:36,024 - INFO: create Label:0:1:1:4, None, real:22d22e51-abca-11d4-8f1a-0060b0ee18e8
2023-04-26 20:54:36,027 - INFO: Entry:0:1:1:4, base init complete
2023-04-26 20:54:36,029 - INFO: change Label:0:1:1:4.value, None, 0
2023-04-26 20:54:36,033 - INFO: Entry:0:1:1:4, end init
2023-04-26 20:54:36,037 - INFO: -- commit command --
2023-04-26 20:54:39,963 - INFO: Selected Item:New Box
2023-04-26 20:59:17,865 - INFO: Application Start
2023-04-26 20:59:31,946 - INFO: 0:1 not have function id
2023-04-26 20:59:31,952 - INFO: 0:1 not have function id
2023-04-26 20:59:31,956 - INFO: 0:1 not have function id
2023-04-26 20:59:31,959 - INFO: 0:1 not have function id
2023-04-26 20:59:39,937 - INFO: -- NewConmand --
2023-04-26 20:59:39,939 - INFO: -- Add New Shape --
2023-04-26 20:59:39,942 - INFO: create Label:0:1:1, None, Box:22d22e50-abca-11d4-8f1a-0060b0ee18e8
2023-04-26 20:59:39,945 - INFO: Entry:0:1:1, base init complete
2023-04-26 20:59:39,953 - INFO: create Label:0:1:1:1, None, Transform:22d22e53-abca-11d4-8f1a-0060b0ee18e8
2023-04-26 20:59:39,955 - INFO: Entry:0:1:1:1, base init complete
2023-04-26 20:59:39,961 - INFO: create Label:0:1:1:1:1, None, real:22d22e51-abca-11d4-8f1a-0060b0ee18e8
2023-04-26 20:59:39,965 - INFO: Entry:0:1:1:1:1, base init complete
2023-04-26 20:59:39,968 - INFO: change Label:0:1:1:1:1.value, None, 0
2023-04-26 20:59:39,973 - INFO: Entry:0:1:1:1:1, end init
2023-04-26 20:59:39,977 - INFO: create Label:0:1:1:1:2, None, Point:22d22e52-abca-11d4-8f1a-0060b0ee18e8
2023-04-26 20:59:39,979 - INFO: Entry:0:1:1:1:2, base init complete
2023-04-26 20:59:39,985 - INFO: create Label:0:1:1:1:2:1, None, real:22d22e51-abca-11d4-8f1a-0060b0ee18e8
2023-04-26 20:59:39,989 - INFO: Entry:0:1:1:1:2:1, base init complete
2023-04-26 20:59:39,991 - INFO: change Label:0:1:1:1:2:1.value, None, 0
2023-04-26 20:59:39,993 - INFO: Entry:0:1:1:1:2:1, end init
2023-04-26 20:59:39,995 - INFO: create Label:0:1:1:1:2:2, None, real:22d22e51-abca-11d4-8f1a-0060b0ee18e8
2023-04-26 20:59:39,998 - INFO: Entry:0:1:1:1:2:2, base init complete
2023-04-26 20:59:40,000 - INFO: change Label:0:1:1:1:2:2.value, None, 0
2023-04-26 20:59:40,002 - INFO: Entry:0:1:1:1:2:2, end init
2023-04-26 20:59:40,005 - INFO: create Label:0:1:1:1:2:3, None, real:22d22e51-abca-11d4-8f1a-0060b0ee18e8
2023-04-26 20:59:40,006 - INFO: Entry:0:1:1:1:2:3, base init complete
2023-04-26 20:59:40,009 - INFO: change Label:0:1:1:1:2:3.value, None, 0
2023-04-26 20:59:40,012 - INFO: Entry:0:1:1:1:2:3, end init
2023-04-26 20:59:40,022 - INFO: create Label:0:1:1:1:3, None, Point:22d22e52-abca-11d4-8f1a-0060b0ee18e8
2023-04-26 20:59:40,025 - INFO: Entry:0:1:1:1:3, base init complete
2023-04-26 20:59:40,030 - INFO: create Label:0:1:1:1:3:1, None, real:22d22e51-abca-11d4-8f1a-0060b0ee18e8
2023-04-26 20:59:40,033 - INFO: Entry:0:1:1:1:3:1, base init complete
2023-04-26 20:59:40,035 - INFO: change Label:0:1:1:1:3:1.value, None, 0
2023-04-26 20:59:40,038 - INFO: Entry:0:1:1:1:3:1, end init
2023-04-26 20:59:40,041 - INFO: create Label:0:1:1:1:3:2, None, real:22d22e51-abca-11d4-8f1a-0060b0ee18e8
2023-04-26 20:59:40,044 - INFO: Entry:0:1:1:1:3:2, base init complete
2023-04-26 20:59:40,046 - INFO: change Label:0:1:1:1:3:2.value, None, 0
2023-04-26 20:59:40,050 - INFO: Entry:0:1:1:1:3:2, end init
2023-04-26 20:59:40,053 - INFO: create Label:0:1:1:1:3:3, None, real:22d22e51-abca-11d4-8f1a-0060b0ee18e8
2023-04-26 20:59:40,056 - INFO: Entry:0:1:1:1:3:3, base init complete
2023-04-26 20:59:40,059 - INFO: change Label:0:1:1:1:3:3.value, None, 0
2023-04-26 20:59:40,063 - INFO: Entry:0:1:1:1:3:3, end init
2023-04-26 20:59:40,075 - INFO: create Label:0:1:1:2, None, real:22d22e51-abca-11d4-8f1a-0060b0ee18e8
2023-04-26 20:59:40,078 - INFO: Entry:0:1:1:2, base init complete
2023-04-26 20:59:40,080 - INFO: change Label:0:1:1:2.value, None, 0
2023-04-26 20:59:40,082 - INFO: Entry:0:1:1:2, end init
2023-04-26 20:59:40,085 - INFO: create Label:0:1:1:3, None, real:22d22e51-abca-11d4-8f1a-0060b0ee18e8
2023-04-26 20:59:40,088 - INFO: Entry:0:1:1:3, base init complete
2023-04-26 20:59:40,089 - INFO: change Label:0:1:1:3.value, None, 0
2023-04-26 20:59:40,092 - INFO: Entry:0:1:1:3, end init
2023-04-26 20:59:40,096 - INFO: create Label:0:1:1:4, None, real:22d22e51-abca-11d4-8f1a-0060b0ee18e8
2023-04-26 20:59:40,101 - INFO: Entry:0:1:1:4, base init complete
2023-04-26 20:59:40,105 - INFO: change Label:0:1:1:4.value, None, 0
2023-04-26 20:59:40,109 - INFO: Entry:0:1:1:4, end init
2023-04-26 20:59:40,116 - INFO: -- commit command --
2023-04-26 20:59:43,937 - INFO: Selected Item:New Box
2023-04-26 21:00:28,009 - INFO: Application Start
2023-04-26 21:00:32,387 - INFO: 0:1 not have function id
2023-04-26 21:00:32,390 - INFO: 0:1 not have function id
2023-04-26 21:00:32,395 - INFO: 0:1 not have function id
2023-04-26 21:00:32,400 - INFO: 0:1 not have function id
2023-04-26 21:00:34,241 - INFO: -- NewConmand --
2023-04-26 21:00:34,244 - INFO: -- Add New Shape --
2023-04-26 21:00:34,249 - INFO: create Label:0:1:1, None, Box:22d22e50-abca-11d4-8f1a-0060b0ee18e8
2023-04-26 21:00:34,251 - INFO: Entry:0:1:1, base init complete
2023-04-26 21:00:34,256 - INFO: create Label:0:1:1:1, None, Transform:22d22e53-abca-11d4-8f1a-0060b0ee18e8
2023-04-26 21:00:34,258 - INFO: Entry:0:1:1:1, base init complete
2023-04-26 21:00:34,266 - INFO: create Label:0:1:1:1:1, None, real:22d22e51-abca-11d4-8f1a-0060b0ee18e8
2023-04-26 21:00:34,270 - INFO: Entry:0:1:1:1:1, base init complete
2023-04-26 21:00:34,273 - INFO: change Label:0:1:1:1:1.value, None, 0
2023-04-26 21:00:34,275 - INFO: Entry:0:1:1:1:1, end init
2023-04-26 21:00:34,280 - INFO: create Label:0:1:1:1:2, None, Point:22d22e52-abca-11d4-8f1a-0060b0ee18e8
2023-04-26 21:00:34,284 - INFO: Entry:0:1:1:1:2, base init complete
2023-04-26 21:00:34,290 - INFO: create Label:0:1:1:1:2:1, None, real:22d22e51-abca-11d4-8f1a-0060b0ee18e8
2023-04-26 21:00:34,292 - INFO: Entry:0:1:1:1:2:1, base init complete
2023-04-26 21:00:34,294 - INFO: change Label:0:1:1:1:2:1.value, None, 0
2023-04-26 21:00:34,297 - INFO: Entry:0:1:1:1:2:1, end init
2023-04-26 21:00:34,300 - INFO: create Label:0:1:1:1:2:2, None, real:22d22e51-abca-11d4-8f1a-0060b0ee18e8
2023-04-26 21:00:34,302 - INFO: Entry:0:1:1:1:2:2, base init complete
2023-04-26 21:00:34,304 - INFO: change Label:0:1:1:1:2:2.value, None, 0
2023-04-26 21:00:34,306 - INFO: Entry:0:1:1:1:2:2, end init
2023-04-26 21:00:34,307 - INFO: create Label:0:1:1:1:2:3, None, real:22d22e51-abca-11d4-8f1a-0060b0ee18e8
2023-04-26 21:00:34,309 - INFO: Entry:0:1:1:1:2:3, base init complete
2023-04-26 21:00:34,312 - INFO: change Label:0:1:1:1:2:3.value, None, 0
2023-04-26 21:00:34,314 - INFO: Entry:0:1:1:1:2:3, end init
2023-04-26 21:00:34,322 - INFO: create Label:0:1:1:1:3, None, Point:22d22e52-abca-11d4-8f1a-0060b0ee18e8
2023-04-26 21:00:34,324 - INFO: Entry:0:1:1:1:3, base init complete
2023-04-26 21:00:34,330 - INFO: create Label:0:1:1:1:3:1, None, real:22d22e51-abca-11d4-8f1a-0060b0ee18e8
2023-04-26 21:00:34,334 - INFO: Entry:0:1:1:1:3:1, base init complete
2023-04-26 21:00:34,337 - INFO: change Label:0:1:1:1:3:1.value, None, 0
2023-04-26 21:00:34,341 - INFO: Entry:0:1:1:1:3:1, end init
2023-04-26 21:00:34,344 - INFO: create Label:0:1:1:1:3:2, None, real:22d22e51-abca-11d4-8f1a-0060b0ee18e8
2023-04-26 21:00:34,347 - INFO: Entry:0:1:1:1:3:2, base init complete
2023-04-26 21:00:34,351 - INFO: change Label:0:1:1:1:3:2.value, None, 0
2023-04-26 21:00:34,355 - INFO: Entry:0:1:1:1:3:2, end init
2023-04-26 21:00:34,357 - INFO: create Label:0:1:1:1:3:3, None, real:22d22e51-abca-11d4-8f1a-0060b0ee18e8
2023-04-26 21:00:34,360 - INFO: Entry:0:1:1:1:3:3, base init complete
2023-04-26 21:00:34,365 - INFO: change Label:0:1:1:1:3:3.value, None, 0
2023-04-26 21:00:34,370 - INFO: Entry:0:1:1:1:3:3, end init
2023-04-26 21:00:34,378 - INFO: create Label:0:1:1:2, None, real:22d22e51-abca-11d4-8f1a-0060b0ee18e8
2023-04-26 21:00:34,383 - INFO: Entry:0:1:1:2, base init complete
2023-04-26 21:00:34,386 - INFO: change Label:0:1:1:2.value, None, 0
2023-04-26 21:00:34,389 - INFO: Entry:0:1:1:2, end init
2023-04-26 21:00:34,391 - INFO: create Label:0:1:1:3, None, real:22d22e51-abca-11d4-8f1a-0060b0ee18e8
2023-04-26 21:00:34,393 - INFO: Entry:0:1:1:3, base init complete
2023-04-26 21:00:34,395 - INFO: change Label:0:1:1:3.value, None, 0
2023-04-26 21:00:34,399 - INFO: Entry:0:1:1:3, end init
2023-04-26 21:00:34,401 - INFO: create Label:0:1:1:4, None, real:22d22e51-abca-11d4-8f1a-0060b0ee18e8
2023-04-26 21:00:34,403 - INFO: Entry:0:1:1:4, base init complete
2023-04-26 21:00:34,405 - INFO: change Label:0:1:1:4.value, None, 0
2023-04-26 21:00:34,407 - INFO: Entry:0:1:1:4, end init
2023-04-26 21:00:34,410 - INFO: -- commit command --
2023-04-26 21:00:38,217 - INFO: Selected Item:New Box
2023-04-26 21:01:14,640 - INFO: Application Start
2023-04-26 21:01:18,679 - INFO: 0:1 not have function id
2023-04-26 21:01:18,684 - INFO: 0:1 not have function id
2023-04-26 21:01:18,687 - INFO: 0:1 not have function id
2023-04-26 21:01:18,690 - INFO: 0:1 not have function id
2023-04-26 21:01:24,406 - INFO: -- NewConmand --
2023-04-26 21:01:24,408 - INFO: -- Add New Shape --
2023-04-26 21:01:24,410 - INFO: create Label:0:1:1, None, Box:22d22e50-abca-11d4-8f1a-0060b0ee18e8
2023-04-26 21:01:24,413 - INFO: Entry:0:1:1, base init complete
2023-04-26 21:01:24,418 - INFO: create Label:0:1:1:1, None, Transform:22d22e53-abca-11d4-8f1a-0060b0ee18e8
2023-04-26 21:01:24,419 - INFO: Entry:0:1:1:1, base init complete
2023-04-26 21:01:24,425 - INFO: create Label:0:1:1:1:1, None, real:22d22e51-abca-11d4-8f1a-0060b0ee18e8
2023-04-26 21:01:24,427 - INFO: Entry:0:1:1:1:1, base init complete
2023-04-26 21:01:24,429 - INFO: change Label:0:1:1:1:1.value, None, 0
2023-04-26 21:01:24,431 - INFO: Entry:0:1:1:1:1, end init
2023-04-26 21:01:24,435 - INFO: create Label:0:1:1:1:2, None, Point:22d22e52-abca-11d4-8f1a-0060b0ee18e8
2023-04-26 21:01:24,437 - INFO: Entry:0:1:1:1:2, base init complete
2023-04-26 21:01:24,441 - INFO: create Label:0:1:1:1:2:1, None, real:22d22e51-abca-11d4-8f1a-0060b0ee18e8
2023-04-26 21:01:24,443 - INFO: Entry:0:1:1:1:2:1, base init complete
2023-04-26 21:01:24,444 - INFO: change Label:0:1:1:1:2:1.value, None, 0
2023-04-26 21:01:24,446 - INFO: Entry:0:1:1:1:2:1, end init
2023-04-26 21:01:24,448 - INFO: create Label:0:1:1:1:2:2, None, real:22d22e51-abca-11d4-8f1a-0060b0ee18e8
2023-04-26 21:01:24,450 - INFO: Entry:0:1:1:1:2:2, base init complete
2023-04-26 21:01:24,452 - INFO: change Label:0:1:1:1:2:2.value, None, 0
2023-04-26 21:01:24,454 - INFO: Entry:0:1:1:1:2:2, end init
2023-04-26 21:01:24,456 - INFO: create Label:0:1:1:1:2:3, None, real:22d22e51-abca-11d4-8f1a-0060b0ee18e8
2023-04-26 21:01:24,458 - INFO: Entry:0:1:1:1:2:3, base init complete
2023-04-26 21:01:24,459 - INFO: change Label:0:1:1:1:2:3.value, None, 0
2023-04-26 21:01:24,461 - INFO: Entry:0:1:1:1:2:3, end init
2023-04-26 21:01:24,467 - INFO: create Label:0:1:1:1:3, None, Point:22d22e52-abca-11d4-8f1a-0060b0ee18e8
2023-04-26 21:01:24,469 - INFO: Entry:0:1:1:1:3, base init complete
2023-04-26 21:01:24,473 - INFO: create Label:0:1:1:1:3:1, None, real:22d22e51-abca-11d4-8f1a-0060b0ee18e8
2023-04-26 21:01:24,475 - INFO: Entry:0:1:1:1:3:1, base init complete
2023-04-26 21:01:24,477 - INFO: change Label:0:1:1:1:3:1.value, None, 0
2023-04-26 21:01:24,479 - INFO: Entry:0:1:1:1:3:1, end init
2023-04-26 21:01:24,480 - INFO: create Label:0:1:1:1:3:2, None, real:22d22e51-abca-11d4-8f1a-0060b0ee18e8
2023-04-26 21:01:24,482 - INFO: Entry:0:1:1:1:3:2, base init complete
2023-04-26 21:01:24,484 - INFO: change Label:0:1:1:1:3:2.value, None, 0
2023-04-26 21:01:24,486 - INFO: Entry:0:1:1:1:3:2, end init
2023-04-26 21:01:24,488 - INFO: create Label:0:1:1:1:3:3, None, real:22d22e51-abca-11d4-8f1a-0060b0ee18e8
2023-04-26 21:01:24,490 - INFO: Entry:0:1:1:1:3:3, base init complete
2023-04-26 21:01:24,492 - INFO: change Label:0:1:1:1:3:3.value, None, 0
2023-04-26 21:01:24,494 - INFO: Entry:0:1:1:1:3:3, end init
2023-04-26 21:01:24,502 - INFO: create Label:0:1:1:2, None, real:22d22e51-abca-11d4-8f1a-0060b0ee18e8
2023-04-26 21:01:24,505 - INFO: Entry:0:1:1:2, base init complete
2023-04-26 21:01:24,508 - INFO: change Label:0:1:1:2.value, None, 0
2023-04-26 21:01:24,510 - INFO: Entry:0:1:1:2, end init
2023-04-26 21:01:24,513 - INFO: create Label:0:1:1:3, None, real:22d22e51-abca-11d4-8f1a-0060b0ee18e8
2023-04-26 21:01:24,516 - INFO: Entry:0:1:1:3, base init complete
2023-04-26 21:01:24,519 - INFO: change Label:0:1:1:3.value, None, 0
2023-04-26 21:01:24,522 - INFO: Entry:0:1:1:3, end init
2023-04-26 21:01:24,525 - INFO: create Label:0:1:1:4, None, real:22d22e51-abca-11d4-8f1a-0060b0ee18e8
2023-04-26 21:01:24,527 - INFO: Entry:0:1:1:4, base init complete
2023-04-26 21:01:24,529 - INFO: change Label:0:1:1:4.value, None, 0
2023-04-26 21:01:24,532 - INFO: Entry:0:1:1:4, end init
2023-04-26 21:01:24,537 - INFO: -- commit command --
2023-04-26 21:01:26,447 - INFO: Selected Item:New Box
2023-04-26 21:12:23,951 - INFO: Application Start
2023-04-26 21:12:27,360 - INFO: 0:1 not have function id
2023-04-26 21:12:27,364 - INFO: 0:1 not have function id
2023-04-26 21:12:27,368 - INFO: 0:1 not have function id
2023-04-26 21:12:27,372 - INFO: 0:1 not have function id
2023-04-26 21:12:31,162 - INFO: -- NewConmand --
2023-04-26 21:12:31,166 - INFO: -- Add New Shape --
2023-04-26 21:12:31,170 - INFO: create Label:0:1:1, None, Box:22d22e50-abca-11d4-8f1a-0060b0ee18e8
2023-04-26 21:12:31,174 - INFO: Entry:0:1:1, base init complete
2023-04-26 21:12:31,188 - INFO: create Label:0:1:1:1, None, Transform:22d22e53-abca-11d4-8f1a-0060b0ee18e8
2023-04-26 21:12:31,194 - INFO: Entry:0:1:1:1, base init complete
2023-04-26 21:12:31,204 - INFO: create Label:0:1:1:1:1, None, real:22d22e51-abca-11d4-8f1a-0060b0ee18e8
2023-04-26 21:12:31,207 - INFO: Entry:0:1:1:1:1, base init complete
2023-04-26 21:12:31,209 - INFO: change Label:0:1:1:1:1.value, None, 0
2023-04-26 21:12:31,211 - INFO: Entry:0:1:1:1:1, end init
2023-04-26 21:12:31,219 - INFO: create Label:0:1:1:1:2, None, Point:22d22e52-abca-11d4-8f1a-0060b0ee18e8
2023-04-26 21:12:31,221 - INFO: Entry:0:1:1:1:2, base init complete
2023-04-26 21:12:31,225 - INFO: create Label:0:1:1:1:2:1, None, real:22d22e51-abca-11d4-8f1a-0060b0ee18e8
2023-04-26 21:12:31,227 - INFO: Entry:0:1:1:1:2:1, base init complete
2023-04-26 21:12:31,230 - INFO: change Label:0:1:1:1:2:1.value, None, 0
2023-04-26 21:12:31,232 - INFO: Entry:0:1:1:1:2:1, end init
2023-04-26 21:12:31,235 - INFO: create Label:0:1:1:1:2:2, None, real:22d22e51-abca-11d4-8f1a-0060b0ee18e8
2023-04-26 21:12:31,237 - INFO: Entry:0:1:1:1:2:2, base init complete
2023-04-26 21:12:31,239 - INFO: change Label:0:1:1:1:2:2.value, None, 0
2023-04-26 21:12:31,241 - INFO: Entry:0:1:1:1:2:2, end init
2023-04-26 21:12:31,244 - INFO: create Label:0:1:1:1:2:3, None, real:22d22e51-abca-11d4-8f1a-0060b0ee18e8
2023-04-26 21:12:31,247 - INFO: Entry:0:1:1:1:2:3, base init complete
2023-04-26 21:12:31,250 - INFO: change Label:0:1:1:1:2:3.value, None, 0
2023-04-26 21:12:31,252 - INFO: Entry:0:1:1:1:2:3, end init
2023-04-26 21:12:31,262 - INFO: create Label:0:1:1:1:3, None, Point:22d22e52-abca-11d4-8f1a-0060b0ee18e8
2023-04-26 21:12:31,267 - INFO: Entry:0:1:1:1:3, base init complete
2023-04-26 21:12:31,277 - INFO: create Label:0:1:1:1:3:1, None, real:22d22e51-abca-11d4-8f1a-0060b0ee18e8
2023-04-26 21:12:31,281 - INFO: Entry:0:1:1:1:3:1, base init complete
2023-04-26 21:12:31,286 - INFO: change Label:0:1:1:1:3:1.value, None, 0
2023-04-26 21:12:31,289 - INFO: Entry:0:1:1:1:3:1, end init
2023-04-26 21:12:31,295 - INFO: create Label:0:1:1:1:3:2, None, real:22d22e51-abca-11d4-8f1a-0060b0ee18e8
2023-04-26 21:12:31,301 - INFO: Entry:0:1:1:1:3:2, base init complete
2023-04-26 21:12:31,304 - INFO: change Label:0:1:1:1:3:2.value, None, 0
2023-04-26 21:12:31,306 - INFO: Entry:0:1:1:1:3:2, end init
2023-04-26 21:12:31,309 - INFO: create Label:0:1:1:1:3:3, None, real:22d22e51-abca-11d4-8f1a-0060b0ee18e8
2023-04-26 21:12:31,313 - INFO: Entry:0:1:1:1:3:3, base init complete
2023-04-26 21:12:31,317 - INFO: change Label:0:1:1:1:3:3.value, None, 0
2023-04-26 21:12:31,321 - INFO: Entry:0:1:1:1:3:3, end init
2023-04-26 21:12:31,330 - INFO: create Label:0:1:1:2, None, real:22d22e51-abca-11d4-8f1a-0060b0ee18e8
2023-04-26 21:12:31,335 - INFO: Entry:0:1:1:2, base init complete
2023-04-26 21:12:31,339 - INFO: change Label:0:1:1:2.value, None, 0
2023-04-26 21:12:31,342 - INFO: Entry:0:1:1:2, end init
2023-04-26 21:12:31,344 - INFO: create Label:0:1:1:3, None, real:22d22e51-abca-11d4-8f1a-0060b0ee18e8
2023-04-26 21:12:31,349 - INFO: Entry:0:1:1:3, base init complete
2023-04-26 21:12:31,353 - INFO: change Label:0:1:1:3.value, None, 0
2023-04-26 21:12:31,355 - INFO: Entry:0:1:1:3, end init
2023-04-26 21:12:31,358 - INFO: create Label:0:1:1:4, None, real:22d22e51-abca-11d4-8f1a-0060b0ee18e8
2023-04-26 21:12:31,360 - INFO: Entry:0:1:1:4, base init complete
2023-04-26 21:12:31,363 - INFO: change Label:0:1:1:4.value, None, 0
2023-04-26 21:12:31,368 - INFO: Entry:0:1:1:4, end init
2023-04-26 21:12:31,372 - INFO: -- commit command --
2023-04-26 21:12:33,275 - INFO: Selected Item:New Box
