2023-05-21 14:49:42,070 - INFO: Application Start
2023-05-21 14:49:42,377 - INFO: change to opertor to viewer
2023-05-21 14:49:54,497 - INFO: Process Load Shape Start
2023-05-21 14:50:00,999 - INFO: New Data Label 625a6f0e-04bd-566c-9858-b63cae4f1e58
2023-05-21 14:50:01,004 - INFO: New Document
2023-05-21 14:50:01,008 - INFO: New Document End
2023-05-21 14:50:01,010 - INFO: -- NewConmand --
2023-05-21 14:50:01,013 - INFO: -- Add New Shape --
2023-05-21 14:50:01,019 - INFO: Entry:0:1:1, init start
2023-05-21 14:50:01,021 - INFO: BaseInit 0:1:1 ConstShape
2023-05-21 14:50:01,023 - INFO: Entry:0:1:1, init end
2023-05-21 14:50:01,026 - INFO: -- commit command --
2023-05-21 14:50:01,032 - INFO: New Data Label 625a6f0e-04bd-566c-9858-b63cae4f1e58 end
2023-05-21 14:50:01,036 - INFO: Process Load Shape End
2023-05-21 14:50:13,479 - INFO: New Data Label 16dc087d-91cd-595d-8d58-41c4542242e1
2023-05-21 14:50:13,482 - INFO: -- NewConmand --
2023-05-21 14:50:13,484 - INFO: -- Add New Shape --
2023-05-21 14:50:13,486 - INFO: Entry:0:1:2, init start
2023-05-21 14:50:13,488 - INFO: BaseInit 0:1:2 ArcCircle
2023-05-21 14:50:13,490 - INFO: Entry:0:1:2:18, init start
2023-05-21 14:50:13,493 - INFO: BaseInit 0:1:2:18 pnt2d
2023-05-21 14:50:13,495 - INFO: Entry:0:1:2:18:18, init start
2023-05-21 14:50:13,497 - INFO: BaseInit 0:1:2:18:18 real
2023-05-21 14:50:13,500 - INFO: Init Label:0:1:2:18:18.value, None, 0
2023-05-21 14:50:13,502 - INFO: Entry:0:1:2:18:18, init end
2023-05-21 14:50:13,504 - INFO: Entry:0:1:2:18:19, init start
2023-05-21 14:50:13,507 - INFO: BaseInit 0:1:2:18:19 real
2023-05-21 14:50:13,509 - INFO: Init Label:0:1:2:18:19.value, None, 0
2023-05-21 14:50:13,511 - INFO: Entry:0:1:2:18:19, init end
2023-05-21 14:50:13,513 - INFO: Entry:0:1:2:18, init end
2023-05-21 14:50:13,515 - INFO: Entry:0:1:2:19, init start
2023-05-21 14:50:13,517 - INFO: BaseInit 0:1:2:19 pnt2d
2023-05-21 14:50:13,519 - INFO: Entry:0:1:2:19:18, init start
2023-05-21 14:50:13,521 - INFO: BaseInit 0:1:2:19:18 real
2023-05-21 14:50:13,523 - INFO: Init Label:0:1:2:19:18.value, None, 0
2023-05-21 14:50:13,525 - INFO: Entry:0:1:2:19:18, init end
2023-05-21 14:50:13,526 - INFO: Entry:0:1:2:19:19, init start
2023-05-21 14:50:13,528 - INFO: BaseInit 0:1:2:19:19 real
2023-05-21 14:50:13,530 - INFO: Init Label:0:1:2:19:19.value, None, 0
2023-05-21 14:50:13,532 - INFO: Entry:0:1:2:19:19, init end
2023-05-21 14:50:13,534 - INFO: Entry:0:1:2:19, init end
2023-05-21 14:50:13,537 - INFO: Entry:0:1:2:20, init start
2023-05-21 14:50:13,539 - INFO: BaseInit 0:1:2:20 pnt2d
2023-05-21 14:50:13,541 - INFO: Entry:0:1:2:20:18, init start
2023-05-21 14:50:13,543 - INFO: BaseInit 0:1:2:20:18 real
2023-05-21 14:50:13,545 - INFO: Init Label:0:1:2:20:18.value, None, 0
2023-05-21 14:50:13,547 - INFO: Entry:0:1:2:20:18, init end
2023-05-21 14:50:13,549 - INFO: Entry:0:1:2:20:19, init start
2023-05-21 14:50:13,551 - INFO: BaseInit 0:1:2:20:19 real
2023-05-21 14:50:13,553 - INFO: Init Label:0:1:2:20:19.value, None, 0
2023-05-21 14:50:13,555 - INFO: Entry:0:1:2:20:19, init end
2023-05-21 14:50:13,557 - INFO: Entry:0:1:2:20, init end
2023-05-21 14:50:13,563 - INFO: -- commit command --
2023-05-21 14:50:13,567 - INFO: New Data Label 16dc087d-91cd-595d-8d58-41c4542242e1 end
2023-05-21 14:50:14,495 - INFO: Selected Item:New ArcCircle
2023-05-21 14:50:14,498 - INFO: Process Show Label Start
2023-05-21 14:50:14,510 - INFO: Process Show Label End

2023-05-21 14:50:21,267 - INFO: New Data Label 22d22e77-abca-11d4-8f1a-0060b0ee18e8

2023-05-21 14:50:21,269 - INFO: -- NewConmand --
2023-05-21 14:50:21,273 - INFO: -- Add New Shape --
2023-05-21 14:50:21,275 - INFO: Entry:0:1:3, init start
2023-05-21 14:50:21,276 - INFO: BaseInit 0:1:3 BuildEdge3d
2023-05-21 14:50:21,278 - INFO: Entry:0:1:3:18, init start
2023-05-21 14:50:21,280 - INFO: BaseInit 0:1:3:18 ShapeRef
2023-05-21 14:50:21,284 - INFO: Entry:0:1:3:19, init start
2023-05-21 14:50:21,286 - INFO: BaseInit 0:1:3:19 ShapeRef
2023-05-21 14:50:21,293 - INFO: -- commit command --

2023-05-21 14:50:21,296 - INFO: New Data Label 22d22e77-abca-11d4-8f1a-0060b0ee18e8 end


2023-05-21 14:50:22,275 - INFO: Selected Item:New BuildEdge3d
2023-05-21 14:50:22,277 - INFO: Process Show Label Start
2023-05-21 14:50:22,295 - INFO: Process Show Label End
2023-05-21 14:51:04,431 - INFO: Process Change Label Start
2023-05-21 14:51:04,433 - INFO: Start Change: 0:1:3:18, 0:1:1
2023-05-21 14:51:04,435 - INFO: -- NewConmand --
2023-05-21 14:51:04,437 - INFO: 0:1:3:18 ref 0:1:1 
2023-05-21 14:51:04,440 - INFO: -- commit command --
2023-05-21 14:51:04,443 - INFO: End Change: 0:1:3:18, 0:1:1

2023-05-21 14:51:04,445 - INFO: Process Change Label End

2023-05-21 14:51:08,613 - INFO: Process Change Label Start
2023-05-21 14:51:08,616 - INFO: Start Change: 0:1:3:19, 0:1:2
2023-05-21 14:51:08,618 - INFO: -- NewConmand --
2023-05-21 14:51:08,620 - INFO: 0:1:3:19 ref 0:1:2 
2023-05-21 14:51:08,622 - INFO: -- commit command --
2023-05-21 14:51:08,633 - INFO: End Change: 0:1:3:19, 0:1:2
2023-05-21 14:51:08,635 - INFO: Process Change Label End
2023-05-21 14:51:11,021 - INFO: Process Change Label Start
2023-05-21 14:51:11,023 - INFO: Start Change: 0:1:2:18:18, 1
2023-05-21 14:51:11,026 - INFO: -- NewConmand --
2023-05-21 14:51:11,029 - INFO: -- commit command --
2023-05-21 14:51:11,033 - INFO: End Change: 0:1:2:18:18, 1
2023-05-21 14:51:11,035 - INFO: Process Change Label End


2023-05-21 14:51:14,817 - INFO: Process Change Label Start
2023-05-21 14:51:14,819 - INFO: Start Change: 0:1:2:19:18, 0.0
2023-05-21 14:51:14,821 - INFO: -- NewConmand --
2023-05-21 14:51:14,824 - INFO: -- commit command --
2023-05-21 14:51:14,828 - INFO: End Change: 0:1:2:19:18, 0.0
2023-05-21 14:51:14,831 - INFO: Process Change Label End
2023-05-21 14:51:15,020 - INFO: Process Change Label Start
2023-05-21 14:51:15,022 - INFO: Start Change: 0:1:2:19:19, 0.0
2023-05-21 14:51:15,024 - INFO: -- NewConmand --
2023-05-21 14:51:15,027 - INFO: -- commit command --
2023-05-21 14:51:15,032 - INFO: End Change: 0:1:2:19:19, 0.0
2023-05-21 14:51:15,034 - INFO: Process Change Label End


2023-05-21 14:51:16,435 - INFO: Process Change Label Start
2023-05-21 14:51:16,438 - INFO: Start Change: 0:1:2:19:18, 2
2023-05-21 14:51:16,440 - INFO: -- NewConmand --
2023-05-21 14:51:16,444 - INFO: -- commit command --
2023-05-21 14:51:16,450 - INFO: End Change: 0:1:2:19:18, 2
2023-05-21 14:51:16,453 - INFO: Process Change Label End


2023-05-21 14:51:18,747 - INFO: Process Change Label Start
2023-05-21 14:51:18,749 - INFO: Start Change: 0:1:2:19:19, 2
2023-05-21 14:51:18,751 - INFO: -- NewConmand --
2023-05-21 14:51:18,755 - INFO: -- commit command --
