2023-05-08 15:42:32,597 - INFO: Application Start
2023-05-08 15:42:45,458 - INFO: key: code 16777248 not mapped to any function
2023-05-08 15:42:48,895 - INFO: key: code 16777248 not mapped to any function
2023-05-08 15:44:45,129 - INFO: Application Start
2023-05-08 15:44:47,493 - INFO: key: code 16777248 not mapped to any function
2023-05-08 15:45:52,373 - INFO: Application Start
2023-05-08 15:45:54,635 - INFO: key: code 16777248 not mapped to any function
2023-05-08 15:49:36,644 - INFO: Application Start
2023-05-08 15:49:38,752 - INFO: key: code 16777248 not mapped to any function
2023-05-08 15:50:41,573 - INFO: key: code 16777248 not mapped to any function
2023-05-08 15:50:52,086 - INFO: key: code 16777248 not mapped to any function
2023-05-08 20:02:24,115 - INFO: Application Start
2023-05-08 20:02:37,520 - INFO: New Data Label 22d22e74-abca-11d4-8f1a-0060b0ee18e8
2023-05-08 20:02:37,522 - INFO: New Document
2023-05-08 20:02:37,731 - INFO: 0:1 not have function id
2023-05-08 20:02:37,733 - INFO: 0:1 not have function id
2023-05-08 20:02:37,737 - INFO: New Document End
2023-05-08 20:02:37,739 - INFO: -- NewConmand --
2023-05-08 20:02:37,742 - INFO: -- Add New Shape --
2023-05-08 20:02:37,745 - INFO: Entry:0:1:1, init start
2023-05-08 20:02:37,747 - INFO: BaseInit 0:1:1 CylFace
2023-05-08 20:02:37,764 - INFO: Entry:0:1:1:18, init start
2023-05-08 20:02:37,766 - INFO: BaseInit 0:1:1:18 Ax3
2023-05-08 20:02:37,768 - INFO: Entry:0:1:1:18:18, init start
2023-05-08 20:02:37,771 - INFO: BaseInit 0:1:1:18:18 Point
2023-05-08 20:02:37,773 - INFO: Entry:0:1:1:18:18:18, init start
2023-05-08 20:02:37,775 - INFO: BaseInit 0:1:1:18:18:18 real
2023-05-08 20:02:37,777 - INFO: change Label:0:1:1:18:18:18.value, None, 0
2023-05-08 20:02:37,780 - INFO: Entry:0:1:1:18:18:18, init end
2023-05-08 20:02:37,782 - INFO: Entry:0:1:1:18:18:19, init start
2023-05-08 20:02:37,784 - INFO: BaseInit 0:1:1:18:18:19 real
2023-05-08 20:02:37,787 - INFO: change Label:0:1:1:18:18:19.value, None, 0
2023-05-08 20:02:37,790 - INFO: Entry:0:1:1:18:18:19, init end
2023-05-08 20:02:37,792 - INFO: Entry:0:1:1:18:18:20, init start
2023-05-08 20:02:37,794 - INFO: BaseInit 0:1:1:18:18:20 real
2023-05-08 20:02:37,796 - INFO: change Label:0:1:1:18:18:20.value, None, 0
2023-05-08 20:02:37,798 - INFO: Entry:0:1:1:18:18:20, init end
2023-05-08 20:02:37,948 - INFO: Entry:0:1:1:18:18, init end
2023-05-08 20:02:37,951 - INFO: Entry:0:1:1:18:19, init start
2023-05-08 20:02:37,953 - INFO: BaseInit 0:1:1:18:19 Point
2023-05-08 20:02:37,956 - INFO: Entry:0:1:1:18:19:18, init start
2023-05-08 20:02:37,958 - INFO: BaseInit 0:1:1:18:19:18 real
2023-05-08 20:02:37,960 - INFO: change Label:0:1:1:18:19:18.value, None, 0
2023-05-08 20:02:37,962 - INFO: Entry:0:1:1:18:19:18, init end
2023-05-08 20:02:37,964 - INFO: Entry:0:1:1:18:19:19, init start
2023-05-08 20:02:37,966 - INFO: BaseInit 0:1:1:18:19:19 real
2023-05-08 20:02:37,968 - INFO: change Label:0:1:1:18:19:19.value, None, 0
2023-05-08 20:02:37,970 - INFO: Entry:0:1:1:18:19:19, init end
2023-05-08 20:02:37,972 - INFO: Entry:0:1:1:18:19:20, init start
2023-05-08 20:02:37,974 - INFO: BaseInit 0:1:1:18:19:20 real
2023-05-08 20:02:37,976 - INFO: change Label:0:1:1:18:19:20.value, None, 0
2023-05-08 20:02:37,978 - INFO: Entry:0:1:1:18:19:20, init end
2023-05-08 20:02:37,981 - INFO: Entry:0:1:1:18:19, init end
2023-05-08 20:02:37,983 - INFO: Entry:0:1:1:18:20, init start
2023-05-08 20:02:37,985 - INFO: BaseInit 0:1:1:18:20 Point
2023-05-08 20:02:37,987 - INFO: Entry:0:1:1:18:20:18, init start
2023-05-08 20:02:37,989 - INFO: BaseInit 0:1:1:18:20:18 real
2023-05-08 20:02:37,991 - INFO: change Label:0:1:1:18:20:18.value, None, 0
2023-05-08 20:02:37,993 - INFO: Entry:0:1:1:18:20:18, init end
2023-05-08 20:02:37,995 - INFO: Entry:0:1:1:18:20:19, init start
2023-05-08 20:02:37,997 - INFO: BaseInit 0:1:1:18:20:19 real
2023-05-08 20:02:37,999 - INFO: change Label:0:1:1:18:20:19.value, None, 0
2023-05-08 20:02:38,001 - INFO: Entry:0:1:1:18:20:19, init end
2023-05-08 20:02:38,003 - INFO: Entry:0:1:1:18:20:20, init start
2023-05-08 20:02:38,006 - INFO: BaseInit 0:1:1:18:20:20 real
2023-05-08 20:02:38,008 - INFO: change Label:0:1:1:18:20:20.value, None, 0
2023-05-08 20:02:38,010 - INFO: Entry:0:1:1:18:20:20, init end
2023-05-08 20:02:38,012 - INFO: Entry:0:1:1:18:20, init end
2023-05-08 20:02:38,166 - INFO: Entry:0:1:1:18, init end
2023-05-08 20:02:38,168 - INFO: Entry:0:1:1:19, init start
2023-05-08 20:02:38,171 - INFO: BaseInit 0:1:1:19 real
2023-05-08 20:02:38,173 - INFO: change Label:0:1:1:19.value, None, 0
2023-05-08 20:02:38,176 - INFO: Entry:0:1:1:19, init end
2023-05-08 20:02:38,177 - INFO: Entry:0:1:1:20, init start
2023-05-08 20:02:38,179 - INFO: BaseInit 0:1:1:20 real
2023-05-08 20:02:38,181 - INFO: change Label:0:1:1:20.value, None, 0
2023-05-08 20:02:38,184 - INFO: Entry:0:1:1:20, init end
2023-05-08 20:02:38,348 - INFO: -- commit command --
2023-05-08 20:02:38,390 - INFO: New Data Label 22d22e74-abca-11d4-8f1a-0060b0ee18e8 end
2023-05-08 20:02:39,244 - INFO: Selected Item:New CylFace
2023-05-08 20:02:41,971 - INFO: Start Change: 0:1:1:19, 3
2023-05-08 20:02:41,973 - INFO: -- NewConmand --
2023-05-08 20:02:41,976 - INFO: 0:1 not have function id
2023-05-08 20:02:41,978 - INFO: -- commit command --
2023-05-08 20:02:41,981 - INFO: 0:1 not have function id
2023-05-08 20:02:41,983 - INFO: 0:1 not have function id
2023-05-08 20:02:41,985 - INFO: update Label
2023-05-08 20:02:41,987 - INFO: End Change: 0:1:1:19, 3
2023-05-08 20:02:43,049 - INFO: Start Change: 0:1:1:20, 4
2023-05-08 20:02:43,051 - INFO: -- NewConmand --
2023-05-08 20:02:43,168 - INFO: 0:1 not have function id
2023-05-08 20:02:43,170 - INFO: -- commit command --
2023-05-08 20:02:43,172 - INFO: 0:1 not have function id
2023-05-08 20:02:43,175 - INFO: 0:1 not have function id
2023-05-08 20:02:43,177 - INFO: update Label
2023-05-08 20:02:43,513 - INFO: End Change: 0:1:1:20, 4
2023-05-08 20:02:49,657 - INFO: New Data Label 22d22e78-abca-11d4-8f1a-0060b0ee18e8
2023-05-08 20:02:49,660 - INFO: -- NewConmand --
2023-05-08 20:02:49,662 - INFO: -- Add New Shape --
2023-05-08 20:02:49,664 - INFO: Entry:0:1:2, init start
2023-05-08 20:02:49,667 - INFO: BaseInit 0:1:2 Ellipse2d
2023-05-08 20:02:49,669 - INFO: Entry:0:1:2:18, init start
2023-05-08 20:02:49,671 - INFO: BaseInit 0:1:2:18 Ax2d
2023-05-08 20:02:49,673 - INFO: Entry:0:1:2:18:18, init start
2023-05-08 20:02:49,675 - INFO: BaseInit 0:1:2:18:18 pnt2d
2023-05-08 20:02:49,677 - INFO: Entry:0:1:2:18:18:18, init start
2023-05-08 20:02:49,679 - INFO: BaseInit 0:1:2:18:18:18 real
2023-05-08 20:02:49,681 - INFO: change Label:0:1:2:18:18:18.value, None, 0
2023-05-08 20:02:49,684 - INFO: Entry:0:1:2:18:18:18, init end
2023-05-08 20:02:49,685 - INFO: Entry:0:1:2:18:18:19, init start
2023-05-08 20:02:49,687 - INFO: BaseInit 0:1:2:18:18:19 real
2023-05-08 20:02:49,689 - INFO: change Label:0:1:2:18:18:19.value, None, 0
2023-05-08 20:02:49,692 - INFO: Entry:0:1:2:18:18:19, init end
2023-05-08 20:02:49,694 - INFO: Entry:0:1:2:18:18, init end
2023-05-08 20:02:49,695 - INFO: Entry:0:1:2:18:19, init start
2023-05-08 20:02:49,698 - INFO: BaseInit 0:1:2:18:19 pnt2d
2023-05-08 20:02:49,700 - INFO: Entry:0:1:2:18:19:18, init start
2023-05-08 20:02:49,702 - INFO: BaseInit 0:1:2:18:19:18 real
2023-05-08 20:02:49,704 - INFO: change Label:0:1:2:18:19:18.value, None, 0
2023-05-08 20:02:49,706 - INFO: Entry:0:1:2:18:19:18, init end
2023-05-08 20:02:49,708 - INFO: Entry:0:1:2:18:19:19, init start
2023-05-08 20:02:49,710 - INFO: BaseInit 0:1:2:18:19:19 real
2023-05-08 20:02:49,712 - INFO: change Label:0:1:2:18:19:19.value, None, 0
2023-05-08 20:02:49,715 - INFO: Entry:0:1:2:18:19:19, init end
2023-05-08 20:02:49,717 - INFO: Entry:0:1:2:18:19, init end
2023-05-08 20:02:49,890 - INFO: Entry:0:1:2:19, init start
2023-05-08 20:02:49,892 - INFO: BaseInit 0:1:2:19 real
2023-05-08 20:02:49,894 - INFO: change Label:0:1:2:19.value, None, 0
2023-05-08 20:02:49,896 - INFO: Entry:0:1:2:19, init end
2023-05-08 20:02:49,898 - INFO: Entry:0:1:2:20, init start
2023-05-08 20:02:49,901 - INFO: BaseInit 0:1:2:20 real
2023-05-08 20:02:49,903 - INFO: change Label:0:1:2:20.value, None, 0
2023-05-08 20:02:49,906 - INFO: Entry:0:1:2:20, init end
2023-05-08 20:02:49,910 - INFO: -- commit command --
2023-05-08 20:02:49,913 - INFO: New Data Label 22d22e78-abca-11d4-8f1a-0060b0ee18e8 end
2023-05-08 20:02:50,849 - INFO: Selected Item:New Ellipse2d
2023-05-08 20:02:54,610 - INFO: Selected Item:Shapes
2023-05-08 20:02:56,451 - INFO: Selected Item:Colors
2023-05-08 20:02:58,962 - INFO: Start Change: 0:1:2:19, 3
2023-05-08 20:02:58,964 - INFO: -- NewConmand --
2023-05-08 20:02:58,966 - INFO: 0:1 not have function id
2023-05-08 20:02:58,968 - INFO: -- commit command --
2023-05-08 20:02:58,971 - INFO: 0:1 not have function id
2023-05-08 20:02:58,973 - INFO: 0:1 not have function id
2023-05-08 20:02:58,975 - INFO: update Label
2023-05-08 20:02:58,977 - INFO: End Change: 0:1:2:19, 3
2023-05-08 20:02:59,975 - INFO: Start Change: 0:1:2:20, 4
2023-05-08 20:02:59,977 - INFO: -- NewConmand --
2023-05-08 20:02:59,980 - INFO: 0:1 not have function id
2023-05-08 20:02:59,982 - INFO: -- commit command --
2023-05-08 20:02:59,984 - INFO: 0:1 not have function id
2023-05-08 20:02:59,986 - INFO: 0:1 not have function id
2023-05-08 20:02:59,988 - INFO: update Label
2023-05-08 20:02:59,991 - INFO: End Change: 0:1:2:20, 4
2023-05-08 20:03:02,492 - INFO: Start Change: 0:1:2:18:19:18, 1
2023-05-08 20:03:02,495 - INFO: -- NewConmand --
2023-05-08 20:03:02,636 - INFO: 0:1 not have function id
2023-05-08 20:03:02,639 - INFO: -- commit command --
2023-05-08 20:03:02,642 - INFO: 0:1 not have function id
2023-05-08 20:03:02,644 - INFO: 0:1 not have function id
2023-05-08 20:03:02,646 - INFO: update Label
2023-05-08 20:03:02,648 - INFO: End Change: 0:1:2:18:19:18, 1
2023-05-08 20:03:09,342 - INFO: Start Change: 0:1:2:19, 7
2023-05-08 20:03:09,344 - INFO: -- NewConmand --
2023-05-08 20:03:09,485 - INFO: 0:1 not have function id
2023-05-08 20:03:09,488 - INFO: -- commit command --
2023-05-08 20:03:09,491 - INFO: 0:1 not have function id
2023-05-08 20:03:09,493 - INFO: 0:1 not have function id
2023-05-08 20:03:09,495 - INFO: update Label
2023-05-08 20:03:09,501 - INFO: End Change: 0:1:2:19, 7
2023-05-08 20:03:16,749 - INFO: New Data Label 22d22e77-abca-11d4-8f1a-0060b0ee18e8
2023-05-08 20:03:16,752 - INFO: -- NewConmand --
2023-05-08 20:03:16,755 - INFO: -- Add New Shape --
2023-05-08 20:03:16,757 - INFO: Entry:0:1:3, init start
2023-05-08 20:03:16,759 - INFO: BaseInit 0:1:3 BuildEdge3d
2023-05-08 20:03:16,761 - INFO: Entry:0:1:3:18, init start
2023-05-08 20:03:16,763 - INFO: BaseInit 0:1:3:18 ShapeRef
2023-05-08 20:03:16,871 - INFO: Entry:0:1:3:19, init start
2023-05-08 20:03:16,873 - INFO: BaseInit 0:1:3:19 ShapeRef
2023-05-08 20:03:16,878 - INFO: -- commit command --
2023-05-08 20:03:16,883 - INFO: New Data Label 22d22e77-abca-11d4-8f1a-0060b0ee18e8 end
2023-05-08 20:03:17,643 - INFO: Selected Item:New BuildEdge3d
2023-05-08 20:03:26,643 - INFO: Start Change: 0:1:3:18, 0:1:1
2023-05-08 20:03:26,645 - INFO: -- NewConmand --
2023-05-08 20:03:26,752 - INFO: 0:1:3:18 ref 0:1:1 
2023-05-08 20:03:26,755 - INFO: 0:1 not have function id
2023-05-08 20:03:26,757 - INFO: -- commit command --
2023-05-08 20:03:26,782 - INFO: 0:1 not have function id
2023-05-08 20:03:26,784 - INFO: 0:1 not have function id
2023-05-08 20:03:26,787 - INFO: update Label
2023-05-08 20:03:26,789 - INFO: End Change: 0:1:3:18, 0:1:1
2023-05-08 20:03:31,334 - INFO: Start Change: 0:1:3:19, 0:1:2
2023-05-08 20:03:31,338 - INFO: -- NewConmand --
2023-05-08 20:03:31,341 - INFO: 0:1:3:19 ref 0:1:2 
2023-05-08 20:03:31,543 - INFO: 0:1 not have function id
2023-05-08 20:03:31,545 - INFO: -- commit command --
2023-05-08 20:03:31,554 - INFO: 0:1 not have function id
2023-05-08 20:03:31,556 - INFO: 0:1 not have function id
2023-05-08 20:03:31,558 - INFO: update Label
2023-05-08 20:03:32,196 - INFO: End Change: 0:1:3:19, 0:1:2
2023-05-08 20:05:37,362 - INFO: Application Start
2023-05-08 20:05:37,731 - INFO: change to opertor to Viewer
2023-05-08 20:06:02,002 - INFO: Application Start
2023-05-08 20:06:02,387 - INFO: change to opertor to Viewer
2023-05-08 20:08:43,544 - INFO: Application Start
2023-05-08 20:08:43,913 - INFO: change to opertor to Viewer
2023-05-08 20:09:49,476 - INFO: Application Start
2023-05-08 20:09:49,850 - INFO: change to opertor to Viewer
2023-05-08 20:10:01,413 - INFO: New Data Label 22d22e74-abca-11d4-8f1a-0060b0ee18e8
2023-05-08 20:10:01,415 - INFO: New Document
2023-05-08 20:10:01,417 - INFO: 0:1 not have function id
2023-05-08 20:10:01,421 - INFO: 0:1 not have function id
2023-05-08 20:10:01,424 - INFO: New Document End
2023-05-08 20:10:01,426 - INFO: -- NewConmand --
2023-05-08 20:10:01,428 - INFO: -- Add New Shape --
2023-05-08 20:10:01,430 - INFO: Entry:0:1:1, init start
2023-05-08 20:10:01,432 - INFO: BaseInit 0:1:1 CylFace
2023-05-08 20:10:01,435 - INFO: Entry:0:1:1:18, init start
2023-05-08 20:10:01,439 - INFO: BaseInit 0:1:1:18 Ax3
2023-05-08 20:10:01,443 - INFO: Entry:0:1:1:18:18, init start
2023-05-08 20:10:01,447 - INFO: BaseInit 0:1:1:18:18 Point
2023-05-08 20:10:01,449 - INFO: Entry:0:1:1:18:18:18, init start
2023-05-08 20:10:01,451 - INFO: BaseInit 0:1:1:18:18:18 real
2023-05-08 20:10:01,453 - INFO: change Label:0:1:1:18:18:18.value, None, 0
2023-05-08 20:10:01,455 - INFO: Entry:0:1:1:18:18:18, init end
2023-05-08 20:10:01,457 - INFO: Entry:0:1:1:18:18:19, init start
2023-05-08 20:10:01,459 - INFO: BaseInit 0:1:1:18:18:19 real
2023-05-08 20:10:01,461 - INFO: change Label:0:1:1:18:18:19.value, None, 0
2023-05-08 20:10:01,463 - INFO: Entry:0:1:1:18:18:19, init end
2023-05-08 20:10:01,465 - INFO: Entry:0:1:1:18:18:20, init start
2023-05-08 20:10:01,467 - INFO: BaseInit 0:1:1:18:18:20 real
2023-05-08 20:10:01,470 - INFO: change Label:0:1:1:18:18:20.value, None, 0
2023-05-08 20:10:01,472 - INFO: Entry:0:1:1:18:18:20, init end
2023-05-08 20:10:01,474 - INFO: Entry:0:1:1:18:18, init end
2023-05-08 20:10:01,476 - INFO: Entry:0:1:1:18:19, init start
2023-05-08 20:10:01,478 - INFO: BaseInit 0:1:1:18:19 Point
2023-05-08 20:10:01,479 - INFO: Entry:0:1:1:18:19:18, init start
2023-05-08 20:10:01,482 - INFO: BaseInit 0:1:1:18:19:18 real
2023-05-08 20:10:01,484 - INFO: change Label:0:1:1:18:19:18.value, None, 0
2023-05-08 20:10:01,486 - INFO: Entry:0:1:1:18:19:18, init end
2023-05-08 20:10:01,487 - INFO: Entry:0:1:1:18:19:19, init start
2023-05-08 20:10:01,489 - INFO: BaseInit 0:1:1:18:19:19 real
2023-05-08 20:10:01,491 - INFO: change Label:0:1:1:18:19:19.value, None, 0
2023-05-08 20:10:01,493 - INFO: Entry:0:1:1:18:19:19, init end
2023-05-08 20:10:01,495 - INFO: Entry:0:1:1:18:19:20, init start
2023-05-08 20:10:01,498 - INFO: BaseInit 0:1:1:18:19:20 real
2023-05-08 20:10:01,500 - INFO: change Label:0:1:1:18:19:20.value, None, 0
2023-05-08 20:10:01,502 - INFO: Entry:0:1:1:18:19:20, init end
2023-05-08 20:10:01,505 - INFO: Entry:0:1:1:18:19, init end
2023-05-08 20:10:01,507 - INFO: Entry:0:1:1:18:20, init start
2023-05-08 20:10:01,509 - INFO: BaseInit 0:1:1:18:20 Point
2023-05-08 20:10:01,511 - INFO: Entry:0:1:1:18:20:18, init start
2023-05-08 20:10:01,513 - INFO: BaseInit 0:1:1:18:20:18 real
2023-05-08 20:10:01,516 - INFO: change Label:0:1:1:18:20:18.value, None, 0
2023-05-08 20:10:01,518 - INFO: Entry:0:1:1:18:20:18, init end
2023-05-08 20:10:01,520 - INFO: Entry:0:1:1:18:20:19, init start
2023-05-08 20:10:01,523 - INFO: BaseInit 0:1:1:18:20:19 real
2023-05-08 20:10:01,524 - INFO: change Label:0:1:1:18:20:19.value, None, 0
2023-05-08 20:10:01,527 - INFO: Entry:0:1:1:18:20:19, init end
2023-05-08 20:10:01,529 - INFO: Entry:0:1:1:18:20:20, init start
2023-05-08 20:10:01,531 - INFO: BaseInit 0:1:1:18:20:20 real
2023-05-08 20:10:01,532 - INFO: change Label:0:1:1:18:20:20.value, None, 0
2023-05-08 20:10:01,534 - INFO: Entry:0:1:1:18:20:20, init end
2023-05-08 20:10:01,537 - INFO: Entry:0:1:1:18:20, init end
2023-05-08 20:10:01,540 - INFO: Entry:0:1:1:18, init end
2023-05-08 20:10:01,542 - INFO: Entry:0:1:1:19, init start
2023-05-08 20:10:01,543 - INFO: BaseInit 0:1:1:19 real
2023-05-08 20:10:01,546 - INFO: change Label:0:1:1:19.value, None, 0
2023-05-08 20:10:01,548 - INFO: Entry:0:1:1:19, init end
2023-05-08 20:10:01,550 - INFO: Entry:0:1:1:20, init start
2023-05-08 20:10:01,552 - INFO: BaseInit 0:1:1:20 real
2023-05-08 20:10:01,554 - INFO: change Label:0:1:1:20.value, None, 0
2023-05-08 20:10:01,556 - INFO: Entry:0:1:1:20, init end
2023-05-08 20:10:01,561 - INFO: -- commit command --
2023-05-08 20:10:01,565 - INFO: New Data Label 22d22e74-abca-11d4-8f1a-0060b0ee18e8 end
2023-05-08 20:10:02,409 - INFO: Selected Item:New CylFace
2023-05-08 20:10:07,429 - INFO: Start Change: 0:1:1:19, 4
2023-05-08 20:10:07,445 - INFO: -- NewConmand --
2023-05-08 20:10:07,449 - INFO: 0:1 not have function id
2023-05-08 20:10:07,451 - INFO: -- commit command --
2023-05-08 20:10:07,453 - INFO: 0:1 not have function id
2023-05-08 20:10:07,455 - INFO: 0:1 not have function id
2023-05-08 20:10:07,457 - INFO: update Label
2023-05-08 20:10:07,459 - INFO: End Change: 0:1:1:19, 4
2023-05-08 20:10:09,202 - INFO: Start Change: 0:1:1:20, 5
2023-05-08 20:10:09,204 - INFO: -- NewConmand --
2023-05-08 20:10:09,207 - INFO: 0:1 not have function id
2023-05-08 20:10:09,209 - INFO: -- commit command --
2023-05-08 20:10:09,212 - INFO: 0:1 not have function id
2023-05-08 20:10:09,214 - INFO: 0:1 not have function id
2023-05-08 20:10:09,216 - INFO: update Label
2023-05-08 20:10:09,271 - INFO: End Change: 0:1:1:20, 5
2023-05-08 20:10:18,909 - INFO: New Data Label 22d22e78-abca-11d4-8f1a-0060b0ee18e8
2023-05-08 20:10:18,912 - INFO: -- NewConmand --
2023-05-08 20:10:18,914 - INFO: -- Add New Shape --
2023-05-08 20:10:18,917 - INFO: Entry:0:1:2, init start
2023-05-08 20:10:18,918 - INFO: BaseInit 0:1:2 Ellipse2d
2023-05-08 20:10:18,920 - INFO: Entry:0:1:2:18, init start
2023-05-08 20:10:18,922 - INFO: BaseInit 0:1:2:18 Ax2d
2023-05-08 20:10:18,924 - INFO: Entry:0:1:2:18:18, init start
2023-05-08 20:10:18,927 - INFO: BaseInit 0:1:2:18:18 pnt2d
2023-05-08 20:10:18,928 - INFO: Entry:0:1:2:18:18:18, init start
2023-05-08 20:10:18,931 - INFO: BaseInit 0:1:2:18:18:18 real
2023-05-08 20:10:18,933 - INFO: change Label:0:1:2:18:18:18.value, None, 0
2023-05-08 20:10:18,935 - INFO: Entry:0:1:2:18:18:18, init end
2023-05-08 20:10:18,937 - INFO: Entry:0:1:2:18:18:19, init start
2023-05-08 20:10:18,940 - INFO: BaseInit 0:1:2:18:18:19 real
2023-05-08 20:10:18,944 - INFO: change Label:0:1:2:18:18:19.value, None, 0
2023-05-08 20:10:18,949 - INFO: Entry:0:1:2:18:18:19, init end
2023-05-08 20:10:18,952 - INFO: Entry:0:1:2:18:18, init end
2023-05-08 20:10:18,953 - INFO: Entry:0:1:2:18:19, init start
2023-05-08 20:10:18,956 - INFO: BaseInit 0:1:2:18:19 pnt2d
2023-05-08 20:10:18,958 - INFO: Entry:0:1:2:18:19:18, init start
2023-05-08 20:10:18,960 - INFO: BaseInit 0:1:2:18:19:18 real
2023-05-08 20:10:18,962 - INFO: change Label:0:1:2:18:19:18.value, None, 0
2023-05-08 20:10:18,964 - INFO: Entry:0:1:2:18:19:18, init end
2023-05-08 20:10:18,966 - INFO: Entry:0:1:2:18:19:19, init start
2023-05-08 20:10:18,968 - INFO: BaseInit 0:1:2:18:19:19 real
2023-05-08 20:10:18,970 - INFO: change Label:0:1:2:18:19:19.value, None, 0
2023-05-08 20:10:18,972 - INFO: Entry:0:1:2:18:19:19, init end
2023-05-08 20:10:18,974 - INFO: Entry:0:1:2:18:19, init end
2023-05-08 20:10:18,979 - INFO: Entry:0:1:2:19, init start
2023-05-08 20:10:18,981 - INFO: BaseInit 0:1:2:19 real
2023-05-08 20:10:18,983 - INFO: change Label:0:1:2:19.value, None, 0
2023-05-08 20:10:18,985 - INFO: Entry:0:1:2:19, init end
2023-05-08 20:10:18,988 - INFO: Entry:0:1:2:20, init start
2023-05-08 20:10:18,990 - INFO: BaseInit 0:1:2:20 real
2023-05-08 20:10:18,992 - INFO: change Label:0:1:2:20.value, None, 0
2023-05-08 20:10:18,994 - INFO: Entry:0:1:2:20, init end
2023-05-08 20:10:18,998 - INFO: -- commit command --
2023-05-08 20:10:19,001 - INFO: New Data Label 22d22e78-abca-11d4-8f1a-0060b0ee18e8 end
2023-05-08 20:10:19,992 - INFO: Selected Item:New Ellipse2d
2023-05-08 20:10:22,428 - INFO: Start Change: 0:1:2:19, 3
2023-05-08 20:10:22,431 - INFO: -- NewConmand --
2023-05-08 20:10:22,433 - INFO: 0:1 not have function id
2023-05-08 20:10:22,435 - INFO: -- commit command --
2023-05-08 20:10:22,438 - INFO: 0:1 not have function id
2023-05-08 20:10:22,440 - INFO: 0:1 not have function id
2023-05-08 20:10:22,442 - INFO: update Label
2023-05-08 20:10:22,445 - INFO: End Change: 0:1:2:19, 3
2023-05-08 20:10:24,001 - INFO: Start Change: 0:1:2:20, 4
2023-05-08 20:10:24,003 - INFO: -- NewConmand --
2023-05-08 20:10:24,006 - INFO: 0:1 not have function id
2023-05-08 20:10:24,008 - INFO: -- commit command --
2023-05-08 20:10:24,011 - INFO: 0:1 not have function id
2023-05-08 20:10:24,013 - INFO: 0:1 not have function id
2023-05-08 20:10:24,016 - INFO: update Label
2023-05-08 20:10:24,018 - INFO: End Change: 0:1:2:20, 4
2023-05-08 20:10:32,627 - INFO: Start Change: 0:1:2:18:19:18, 2
2023-05-08 20:10:32,629 - INFO: -- NewConmand --
2023-05-08 20:10:32,633 - INFO: 0:1 not have function id
2023-05-08 20:10:32,635 - INFO: -- commit command --
2023-05-08 20:10:32,639 - INFO: 0:1 not have function id
2023-05-08 20:10:32,641 - INFO: 0:1 not have function id
2023-05-08 20:10:32,643 - INFO: update Label
2023-05-08 20:10:32,645 - INFO: End Change: 0:1:2:18:19:18, 2
2023-05-08 20:10:34,639 - INFO: Start Change: 0:1:2:19, 5
2023-05-08 20:10:34,641 - INFO: -- NewConmand --
2023-05-08 20:10:34,644 - INFO: 0:1 not have function id
2023-05-08 20:10:34,646 - INFO: -- commit command --
2023-05-08 20:10:34,650 - INFO: 0:1 not have function id
2023-05-08 20:10:34,652 - INFO: 0:1 not have function id
2023-05-08 20:10:34,654 - INFO: update Label
2023-05-08 20:10:34,660 - INFO: End Change: 0:1:2:19, 5
2023-05-08 20:10:39,098 - INFO: New Data Label 22d22e77-abca-11d4-8f1a-0060b0ee18e8
2023-05-08 20:10:39,101 - INFO: -- NewConmand --
2023-05-08 20:10:39,104 - INFO: -- Add New Shape --
2023-05-08 20:10:39,106 - INFO: Entry:0:1:3, init start
2023-05-08 20:10:39,108 - INFO: BaseInit 0:1:3 BuildEdge3d
2023-05-08 20:10:39,110 - INFO: Entry:0:1:3:18, init start
2023-05-08 20:10:39,112 - INFO: BaseInit 0:1:3:18 ShapeRef
2023-05-08 20:10:39,118 - INFO: Entry:0:1:3:19, init start
2023-05-08 20:10:39,120 - INFO: BaseInit 0:1:3:19 ShapeRef
2023-05-08 20:10:39,126 - INFO: -- commit command --
2023-05-08 20:10:39,129 - INFO: New Data Label 22d22e77-abca-11d4-8f1a-0060b0ee18e8 end
2023-05-08 20:10:40,035 - INFO: Selected Item:New BuildEdge3d
2023-05-08 20:10:48,282 - INFO: Start Change: 0:1:3:18, 0:1:1
2023-05-08 20:10:48,284 - INFO: -- NewConmand --
2023-05-08 20:10:48,286 - INFO: 0:1:3:18 ref 0:1:1 
2023-05-08 20:10:48,289 - INFO: 0:1 not have function id
2023-05-08 20:10:48,291 - INFO: -- commit command --
2023-05-08 20:10:48,304 - INFO: 0:1 not have function id
2023-05-08 20:10:48,307 - INFO: 0:1 not have function id
2023-05-08 20:10:48,308 - INFO: update Label
2023-05-08 20:10:48,311 - INFO: End Change: 0:1:3:18, 0:1:1
2023-05-08 20:10:53,974 - INFO: Start Change: 0:1:3:19, 0:1:2
2023-05-08 20:10:53,977 - INFO: -- NewConmand --
2023-05-08 20:10:53,980 - INFO: 0:1:3:19 ref 0:1:2 
2023-05-08 20:10:53,983 - INFO: 0:1 not have function id
2023-05-08 20:10:53,985 - INFO: -- commit command --
2023-05-08 20:10:53,994 - INFO: 0:1 not have function id
2023-05-08 20:10:53,997 - INFO: 0:1 not have function id
2023-05-08 20:10:53,999 - INFO: update Label
2023-05-08 20:10:54,131 - INFO: End Change: 0:1:3:19, 0:1:2
2023-05-08 20:13:28,510 - INFO: Application Start
2023-05-08 20:13:28,865 - INFO: change to opertor to Viewer
2023-05-08 20:14:05,280 - INFO: Application Start
2023-05-08 20:14:05,701 - INFO: change to opertor to Viewer
2023-05-08 20:15:07,059 - INFO: Application Start
2023-05-08 20:15:07,415 - INFO: change to opertor to Viewer
2023-05-08 20:17:56,786 - INFO: Application Start
2023-05-08 20:17:57,140 - INFO: change to opertor to Viewer
2023-05-08 20:19:25,788 - INFO: Application Start
2023-05-08 20:19:26,155 - INFO: change to opertor to Viewer
2023-05-08 20:19:35,360 - INFO: Application Start
2023-05-08 20:19:35,723 - INFO: change to opertor to Viewer
2023-05-08 20:19:47,667 - INFO: Application Start
2023-05-08 20:19:48,021 - INFO: change to opertor to Viewer
2023-05-08 20:19:49,156 - INFO: key: code 16777248 not mapped to any function
2023-05-08 20:20:42,191 - INFO: Application Start
2023-05-08 20:20:42,603 - INFO: change to opertor to Viewer
2023-05-08 20:20:43,676 - INFO: key: code 16777248 not mapped to any function
2023-05-08 20:22:17,548 - INFO: Application Start
2023-05-08 20:22:17,937 - INFO: change to opertor to Viewer
2023-05-08 20:22:19,247 - INFO: key: code 16777248 not mapped to any function
2023-05-08 20:23:35,897 - INFO: Application Start
2023-05-08 20:23:36,275 - INFO: change to opertor to Viewer
2023-05-08 20:23:37,626 - INFO: key: code 16777248 not mapped to any function
