2023-04-08 15:53:52,665 - INFO: Start init NewParamBuilder 
2023-04-08 15:53:52,668 - INFO: Type:Box Driver:22d22e50-abca-11d4-8f1a-0060b0ee18e8
2023-04-08 15:53:52,670 - INFO: name:shape
2023-04-08 15:53:52,672 - INFO: parent:0:1
2023-04-08 15:53:52,674 - INFO: shape:{'transform': {'angle': 0.0, 'rotateAxis': {'theXp': 0.0, 'theYp': 0.0, 'theZp': 0.0}, 'position': {'theXp': 0.0, 'theYp': 0.0, 'theZp': 0.0}}, 'l': 0.0, 'h': 0.0, 'w': 0.0}
2023-04-08 15:53:52,676 - INFO: End init NewParamBuilder 
2023-04-08 15:53:52,679 - INFO: change item:Parent, col:1 to text:0:1
2023-04-08 15:53:52,733 - INFO: change item:Name, col:1 to text:shape
2023-04-08 16:06:18,377 - INFO: Start init NewParamBuilder 
2023-04-08 16:06:18,380 - INFO: Type:Box Driver:22d22e50-abca-11d4-8f1a-0060b0ee18e8
2023-04-08 16:06:18,382 - INFO: name:shape
2023-04-08 16:06:18,385 - INFO: parent:0:1
2023-04-08 16:06:18,389 - INFO: shape:{'transform': {'angle': 0.0, 'rotateAxis': {'theXp': 0.0, 'theYp': 0.0, 'theZp': 0.0}, 'position': {'theXp': 0.0, 'theYp': 0.0, 'theZp': 0.0}}, 'l': 0.0, 'h': 0.0, 'w': 0.0}
2023-04-08 16:06:18,394 - INFO: End init NewParamBuilder 
2023-04-08 16:06:18,397 - INFO: change item:Parent, col:1 to text:0:1
2023-04-08 16:06:18,404 - INFO: change item:Name, col:1 to text:shape
2023-04-08 16:06:18,412 - INFO: change item:angle, col:1 to text:0.0
2023-04-08 16:06:18,414 - INFO: change item:theXp, col:1 to text:0.0
2023-04-08 16:06:18,416 - INFO: change item:theYp, col:1 to text:0.0
2023-04-08 16:06:18,418 - INFO: change item:theZp, col:1 to text:0.0
2023-04-08 16:06:18,425 - INFO: change item:theXp, col:1 to text:0.0
2023-04-08 16:06:18,428 - INFO: change item:theYp, col:1 to text:0.0
2023-04-08 16:06:18,431 - INFO: change item:theZp, col:1 to text:0.0
2023-04-08 16:06:18,433 - INFO: change item:l, col:1 to text:0.0
2023-04-08 16:06:18,437 - INFO: change item:h, col:1 to text:0.0
2023-04-08 16:06:18,439 - INFO: change item:w, col:1 to text:0.0
2023-04-08 16:06:18,442 - INFO: ParamTree:<RedPanda.widgets.Logic_Construct.Logic_Construct object at 0x0000026E5553C820>
2023-04-08 16:08:18,849 - INFO: Start init NewParamBuilder 
2023-04-08 16:08:18,851 - INFO: Type:Box Driver:22d22e50-abca-11d4-8f1a-0060b0ee18e8
2023-04-08 16:08:18,854 - INFO: name:shape
2023-04-08 16:08:18,857 - INFO: parent:0:1
2023-04-08 16:08:18,859 - INFO: shape:{'transform': {'angle': 0.0, 'rotateAxis': {'theXp': 0.0, 'theYp': 0.0, 'theZp': 0.0}, 'position': {'theXp': 0.0, 'theYp': 0.0, 'theZp': 0.0}}, 'l': 0.0, 'h': 0.0, 'w': 0.0}
2023-04-08 16:08:18,861 - INFO: End init NewParamBuilder 
2023-04-08 16:08:18,863 - INFO: change item:Parent, col:1 to text:0:1
2023-04-08 16:08:18,871 - INFO: change item:Name, col:1 to text:shape
2023-04-08 16:08:18,877 - INFO: change item:angle, col:1 to text:0.0
2023-04-08 16:08:18,880 - INFO: change item:theXp, col:1 to text:0.0
2023-04-08 16:08:18,882 - INFO: change item:theYp, col:1 to text:0.0
2023-04-08 16:08:18,884 - INFO: change item:theZp, col:1 to text:0.0
2023-04-08 16:08:18,889 - INFO: change item:theXp, col:1 to text:0.0
2023-04-08 16:08:18,891 - INFO: change item:theYp, col:1 to text:0.0
2023-04-08 16:08:18,894 - INFO: change item:theZp, col:1 to text:0.0
2023-04-08 16:08:18,897 - INFO: change item:l, col:1 to text:0.0
2023-04-08 16:08:18,899 - INFO: change item:h, col:1 to text:0.0
2023-04-08 16:08:18,901 - INFO: change item:w, col:1 to text:0.0
2023-04-08 16:08:18,903 - INFO: ParamTree:<RedPanda.widgets.Logic_Construct.Logic_Construct object at 0x0000024FD963A700>
2023-04-08 16:08:32,598 - INFO: Start init NewParamBuilder 
2023-04-08 16:08:32,601 - INFO: Type:Box Driver:22d22e50-abca-11d4-8f1a-0060b0ee18e8
2023-04-08 16:08:32,603 - INFO: name:shape
2023-04-08 16:08:32,605 - INFO: parent:0:1
2023-04-08 16:08:32,608 - INFO: shape:{'transform': {'angle': 0.0, 'rotateAxis': {'theXp': 0.0, 'theYp': 0.0, 'theZp': 0.0}, 'position': {'theXp': 0.0, 'theYp': 0.0, 'theZp': 0.0}}, 'l': 0.0, 'h': 0.0, 'w': 0.0}
2023-04-08 16:08:32,611 - INFO: End init NewParamBuilder 
2023-04-08 16:08:32,617 - INFO: change item:Parent, col:1 to text:0:1
2023-04-08 16:08:32,626 - INFO: change item:Name, col:1 to text:shape
2023-04-08 16:08:32,632 - INFO: change item:angle, col:1 to text:0.0
2023-04-08 16:08:32,636 - INFO: change item:theXp, col:1 to text:0.0
2023-04-08 16:08:32,640 - INFO: change item:theYp, col:1 to text:0.0
2023-04-08 16:08:32,647 - INFO: change item:theZp, col:1 to text:0.0
2023-04-08 16:08:32,653 - INFO: change item:theXp, col:1 to text:0.0
2023-04-08 16:08:32,656 - INFO: change item:theYp, col:1 to text:0.0
2023-04-08 16:08:32,659 - INFO: change item:theZp, col:1 to text:0.0
2023-04-08 16:08:32,662 - INFO: change item:l, col:1 to text:0.0
2023-04-08 16:08:32,665 - INFO: change item:h, col:1 to text:0.0
2023-04-08 16:08:32,668 - INFO: change item:w, col:1 to text:0.0
2023-04-08 16:08:32,670 - INFO: ParamTree:<RedPanda.widgets.Logic_Construct.Logic_Construct object at 0x0000022CA57AB700>
2023-04-08 16:27:02,033 - INFO: Start init NewParamBuilder 
2023-04-08 16:27:02,036 - INFO: Type:Box Driver:22d22e50-abca-11d4-8f1a-0060b0ee18e8
2023-04-08 16:27:02,039 - INFO: name:shape
2023-04-08 16:27:02,042 - INFO: parent:0:1
2023-04-08 16:27:02,046 - INFO: shape:{'transform': {'angle': 0.0, 'rotateAxis': {'theXp': 0.0, 'theYp': 0.0, 'theZp': 0.0}, 'position': {'theXp': 0.0, 'theYp': 0.0, 'theZp': 0.0}}, 'l': 0.0, 'h': 0.0, 'w': 0.0}
2023-04-08 16:27:02,050 - INFO: End init NewParamBuilder 
2023-04-08 16:27:02,055 - INFO: change item:Parent, col:1 to text:0:1
2023-04-08 16:27:02,062 - INFO: change item:Name, col:1 to text:shape
2023-04-08 16:27:02,068 - INFO: change item:angle, col:1 to text:0.0
2023-04-08 16:27:02,072 - INFO: change item:theXp, col:1 to text:0.0
2023-04-08 16:27:02,077 - INFO: change item:theYp, col:1 to text:0.0
2023-04-08 16:27:02,081 - INFO: change item:theZp, col:1 to text:0.0
2023-04-08 16:27:02,083 - INFO: change item:theXp, col:1 to text:0.0
2023-04-08 16:27:02,086 - INFO: change item:theYp, col:1 to text:0.0
2023-04-08 16:27:02,089 - INFO: change item:theZp, col:1 to text:0.0
2023-04-08 16:27:02,092 - INFO: change item:l, col:1 to text:0.0
2023-04-08 16:27:02,095 - INFO: change item:h, col:1 to text:0.0
2023-04-08 16:27:02,098 - INFO: change item:w, col:1 to text:0.0
2023-04-08 16:27:02,102 - INFO: ParamTree:<RedPanda.widgets.Logic_Construct.Logic_Construct object at 0x00000259046435E0>
2023-04-08 17:34:29,918 - INFO: Start init NewParamBuilder 
2023-04-08 17:34:29,932 - INFO: Type:Box Driver:22d22e50-abca-11d4-8f1a-0060b0ee18e8
2023-04-08 17:34:29,934 - INFO: name:shape
2023-04-08 17:34:29,937 - INFO: parent:0:1
2023-04-08 17:34:29,939 - INFO: shape:{'transform': {'angle': 0.0, 'rotateAxis': {'theXp': 0.0, 'theYp': 0.0, 'theZp': 0.0}, 'position': {'theXp': 0.0, 'theYp': 0.0, 'theZp': 0.0}}, 'l': 0.0, 'h': 0.0, 'w': 0.0}
2023-04-08 17:34:29,941 - INFO: End init NewParamBuilder 
2023-04-08 17:34:29,944 - INFO: change item:Parent, col:1 to text:0:1
2023-04-08 17:34:30,027 - INFO: change item:Name, col:1 to text:shape
2023-04-08 17:34:30,034 - INFO: change item:angle, col:1 to text:0.0
2023-04-08 17:34:30,037 - INFO: change item:theXp, col:1 to text:0.0
2023-04-08 17:34:30,040 - INFO: change item:theYp, col:1 to text:0.0
2023-04-08 17:34:30,043 - INFO: change item:theZp, col:1 to text:0.0
2023-04-08 17:34:30,045 - INFO: change item:theXp, col:1 to text:0.0
2023-04-08 17:34:30,047 - INFO: change item:theYp, col:1 to text:0.0
2023-04-08 17:34:30,049 - INFO: change item:theZp, col:1 to text:0.0
2023-04-08 17:34:30,051 - INFO: change item:l, col:1 to text:0.0
2023-04-08 17:34:30,054 - INFO: change item:h, col:1 to text:0.0
2023-04-08 17:34:30,056 - INFO: change item:w, col:1 to text:0.0
2023-04-08 17:34:30,060 - INFO: ParamTree:<RedPanda.widgets.Logic_Construct.Logic_Construct object at 0x000001DB9B39D700>
2023-04-08 20:46:26,313 - INFO: Start init NewParamBuilder 
2023-04-08 20:46:26,330 - INFO: Type:Ellipse Driver:22d22e73-abca-11d4-8f1a-0060b0ee18e8
2023-04-08 20:47:22,546 - INFO: Start init NewParamBuilder 
2023-04-08 20:47:22,548 - INFO: Type:Ellipse Driver:22d22e73-abca-11d4-8f1a-0060b0ee18e8
2023-04-08 20:51:40,199 - INFO: Start init NewParamBuilder 
2023-04-08 20:51:40,202 - INFO: Type:Ellipse Driver:22d22e73-abca-11d4-8f1a-0060b0ee18e8
2023-04-08 20:51:40,208 - INFO: name:shape
2023-04-08 20:51:40,210 - INFO: parent:0:1
2023-04-08 20:51:40,214 - INFO: shape:{'surface': , 'Ax': {'P': {'x': 0.0, 'y': 0.0}, 'XDirection': {'x': 0.0, 'y': 0.0}}, 'Major': 0.0, 'Minor': 0.0, 'u0': 0.0, 'u1': 0.0}
2023-04-08 20:51:40,216 - INFO: End init NewParamBuilder 
2023-04-08 20:51:40,315 - INFO: change item:Parent, col:1 to text:0:1
2023-04-08 20:51:40,432 - INFO: change item:Name, col:1 to text:shape
2023-04-08 20:51:40,439 - INFO: change item:surface, col:1 to text:
2023-04-08 20:51:40,441 - INFO: change item:x, col:1 to text:0.0
2023-04-08 20:51:40,444 - INFO: change item:y, col:1 to text:0.0
2023-04-08 20:51:40,448 - INFO: change item:x, col:1 to text:0.0
2023-04-08 20:51:40,450 - INFO: change item:y, col:1 to text:0.0
2023-04-08 20:51:40,452 - INFO: change item:Major, col:1 to text:0.0
2023-04-08 20:51:40,455 - INFO: change item:Minor, col:1 to text:0.0
2023-04-08 20:51:40,458 - INFO: change item:u0, col:1 to text:0.0
2023-04-08 20:51:40,460 - INFO: change item:u1, col:1 to text:0.0
2023-04-08 20:51:40,463 - INFO: ParamTree:<RedPanda.widgets.Logic_Construct.Logic_Construct object at 0x00000236CDD533A0>
2023-04-08 21:08:05,509 - INFO: Start init NewParamBuilder 
2023-04-08 21:08:05,512 - INFO: Type:Ellipse Driver:22d22e73-abca-11d4-8f1a-0060b0ee18e8
2023-04-08 21:08:05,519 - INFO: name:shape
2023-04-08 21:08:05,522 - INFO: parent:0:1
2023-04-08 21:08:05,524 - INFO: shape:{'surface': , 'Ax': {'P': {'x': 0.0, 'y': 0.0}, 'XDirection': {'x': 0.0, 'y': 0.0}}, 'Major': 0.0, 'Minor': 0.0, 'u0': 0.0, 'u1': 0.0}
2023-04-08 21:08:05,527 - INFO: End init NewParamBuilder 
2023-04-08 21:08:05,529 - INFO: change item:Parent, col:1 to text:0:1
2023-04-08 21:08:05,538 - INFO: change item:Name, col:1 to text:shape
2023-04-08 21:08:05,543 - INFO: change item:surface, col:1 to text:
2023-04-08 21:08:05,545 - INFO: change item:x, col:1 to text:0.0
2023-04-08 21:08:05,547 - INFO: change item:y, col:1 to text:0.0
2023-04-08 21:08:05,549 - INFO: change item:x, col:1 to text:0.0
2023-04-08 21:08:05,552 - INFO: change item:y, col:1 to text:0.0
2023-04-08 21:08:05,555 - INFO: change item:Major, col:1 to text:0.0
2023-04-08 21:08:05,557 - INFO: change item:Minor, col:1 to text:0.0
2023-04-08 21:08:05,560 - INFO: change item:u0, col:1 to text:0.0
2023-04-08 21:08:05,562 - INFO: change item:u1, col:1 to text:0.0
2023-04-08 21:08:05,564 - INFO: ParamTree:<RedPanda.widgets.Logic_Construct.Logic_Construct object at 0x000001A045517790>
2023-04-08 21:08:33,190 - INFO: Start init NewParamBuilder 
2023-04-08 21:08:33,192 - INFO: Type:Ellipse Driver:22d22e73-abca-11d4-8f1a-0060b0ee18e8
2023-04-08 21:08:33,198 - INFO: name:shape
2023-04-08 21:08:33,202 - INFO: parent:0:1
2023-04-08 21:08:33,205 - INFO: shape:{'surface': , 'Ax': {'P': {'x': 0.0, 'y': 0.0}, 'XDirection': {'x': 0.0, 'y': 0.0}}, 'Major': 0.0, 'Minor': 0.0, 'u0': 0.0, 'u1': 0.0}
2023-04-08 21:08:33,208 - INFO: End init NewParamBuilder 
2023-04-08 21:08:33,211 - INFO: change item:Parent, col:1 to text:0:1
2023-04-08 21:08:33,218 - INFO: change item:Name, col:1 to text:shape
2023-04-08 21:08:33,224 - INFO: change item:surface, col:1 to text:
2023-04-08 21:08:33,226 - INFO: change item:x, col:1 to text:0.0
2023-04-08 21:08:33,228 - INFO: change item:y, col:1 to text:0.0
2023-04-08 21:08:33,230 - INFO: change item:x, col:1 to text:0.0
2023-04-08 21:08:33,232 - INFO: change item:y, col:1 to text:0.0
2023-04-08 21:08:33,235 - INFO: change item:Major, col:1 to text:0.0
2023-04-08 21:08:33,238 - INFO: change item:Minor, col:1 to text:0.0
2023-04-08 21:08:33,240 - INFO: change item:u0, col:1 to text:0.0
2023-04-08 21:08:33,242 - INFO: change item:u1, col:1 to text:0.0
2023-04-08 21:08:33,244 - INFO: ParamTree:<RedPanda.widgets.Logic_Construct.Logic_Construct object at 0x00000229B4FD7790>
2023-04-08 21:09:58,019 - INFO: Start init NewParamBuilder 
2023-04-08 21:09:58,022 - INFO: Type:Ellipse Driver:22d22e73-abca-11d4-8f1a-0060b0ee18e8
2023-04-08 21:09:58,027 - INFO: name:shape
2023-04-08 21:09:58,029 - INFO: parent:0:1
2023-04-08 21:09:58,031 - INFO: shape:{'surface': , 'Ax': {'P': {'x': 0.0, 'y': 0.0}, 'XDirection': {'x': 0.0, 'y': 0.0}}, 'Major': 0.0, 'Minor': 0.0, 'u0': 0.0, 'u1': 0.0}
2023-04-08 21:09:58,034 - INFO: End init NewParamBuilder 
2023-04-08 21:09:58,038 - INFO: change item:Parent, col:1 to text:0:1
2023-04-08 21:09:58,045 - INFO: change item:Name, col:1 to text:shape
2023-04-08 21:09:58,050 - INFO: change item:surface, col:1 to text:
2023-04-08 21:09:58,053 - INFO: change item:x, col:1 to text:0.0
2023-04-08 21:09:58,055 - INFO: change item:y, col:1 to text:0.0
2023-04-08 21:09:58,057 - INFO: change item:x, col:1 to text:0.0
2023-04-08 21:09:58,059 - INFO: change item:y, col:1 to text:0.0
2023-04-08 21:09:58,061 - INFO: change item:Major, col:1 to text:0.0
2023-04-08 21:09:58,063 - INFO: change item:Minor, col:1 to text:0.0
2023-04-08 21:09:58,065 - INFO: change item:u0, col:1 to text:0.0
2023-04-08 21:09:58,068 - INFO: change item:u1, col:1 to text:0.0
2023-04-08 21:09:58,071 - INFO: ParamTree:<RedPanda.widgets.Logic_Construct.Logic_Construct object at 0x0000016E4ED87790>
2023-04-08 21:15:10,469 - INFO: Start init NewParamBuilder 
2023-04-08 21:15:10,472 - INFO: Type:Ellipse Driver:22d22e73-abca-11d4-8f1a-0060b0ee18e8
2023-04-08 21:15:10,478 - INFO: name:shape
2023-04-08 21:15:10,481 - INFO: parent:0:1
2023-04-08 21:15:10,485 - INFO: shape:{'surface': , 'Ax': {'P': {'x': 0.0, 'y': 0.0}, 'XDirection': {'x': 0.0, 'y': 0.0}}, 'Major': 0.0, 'Minor': 0.0, 'u0': 0.0, 'u1': 0.0}
2023-04-08 21:15:10,488 - INFO: End init NewParamBuilder 
2023-04-08 21:15:10,491 - INFO: change item:Parent, col:1 to text:0:1
2023-04-08 21:15:10,499 - INFO: change item:Name, col:1 to text:shape
2023-04-08 21:15:10,507 - INFO: change item:surface, col:1 to text:
2023-04-08 21:15:10,509 - INFO: change item:x, col:1 to text:0.0
2023-04-08 21:15:10,512 - INFO: change item:y, col:1 to text:0.0
2023-04-08 21:15:10,514 - INFO: change item:x, col:1 to text:0.0
2023-04-08 21:15:10,517 - INFO: change item:y, col:1 to text:0.0
2023-04-08 21:15:10,520 - INFO: change item:Major, col:1 to text:0.0
2023-04-08 21:15:10,523 - INFO: change item:Minor, col:1 to text:0.0
2023-04-08 21:15:10,525 - INFO: change item:u0, col:1 to text:0.0
2023-04-08 21:15:10,527 - INFO: change item:u1, col:1 to text:0.0
2023-04-08 21:15:10,529 - INFO: ParamTree:<RedPanda.widgets.Logic_Construct.Logic_Construct object at 0x000002519F136790>
2023-04-08 21:15:22,792 - INFO: Start init NewParamBuilder 
2023-04-08 21:15:22,794 - INFO: Type:Ellipse Driver:22d22e73-abca-11d4-8f1a-0060b0ee18e8
2023-04-08 21:15:22,801 - INFO: name:shape
2023-04-08 21:15:22,803 - INFO: parent:0:1
2023-04-08 21:15:22,806 - INFO: shape:{'surface': , 'Ax': {'P': {'x': 0.0, 'y': 0.0}, 'XDirection': {'x': 0.0, 'y': 0.0}}, 'Major': 0.0, 'Minor': 0.0, 'u0': 0.0, 'u1': 0.0}
2023-04-08 21:15:22,809 - INFO: End init NewParamBuilder 
2023-04-08 21:15:22,811 - INFO: change item:Parent, col:1 to text:0:1
2023-04-08 21:15:22,821 - INFO: change item:Name, col:1 to text:shape
2023-04-08 21:15:22,826 - INFO: change item:surface, col:1 to text:
2023-04-08 21:15:22,828 - INFO: change item:x, col:1 to text:0.0
2023-04-08 21:15:22,830 - INFO: change item:y, col:1 to text:0.0
2023-04-08 21:15:22,832 - INFO: change item:x, col:1 to text:0.0
2023-04-08 21:15:22,836 - INFO: change item:y, col:1 to text:0.0
2023-04-08 21:15:22,838 - INFO: change item:Major, col:1 to text:0.0
2023-04-08 21:15:22,874 - INFO: change item:Minor, col:1 to text:0.0
2023-04-08 21:15:22,877 - INFO: change item:u0, col:1 to text:0.0
2023-04-08 21:15:22,880 - INFO: change item:u1, col:1 to text:0.0
2023-04-08 21:15:22,884 - INFO: ParamTree:<RedPanda.widgets.Logic_Construct.Logic_Construct object at 0x000001465E7D7790>
2023-04-08 21:16:13,659 - INFO: Start init NewParamBuilder 
2023-04-08 21:16:13,662 - INFO: Type:Ellipse Driver:22d22e73-abca-11d4-8f1a-0060b0ee18e8
2023-04-08 21:16:13,668 - INFO: name:shape
2023-04-08 21:16:13,671 - INFO: parent:0:1
2023-04-08 21:16:13,673 - INFO: shape:{'surface': , 'Ax': {'P': {'x': 0.0, 'y': 0.0}, 'XDirection': {'x': 0.0, 'y': 0.0}}, 'Major': 0.0, 'Minor': 0.0, 'u0': 0.0, 'u1': 0.0}
2023-04-08 21:16:13,675 - INFO: End init NewParamBuilder 
2023-04-08 21:16:13,678 - INFO: change item:Parent, col:1 to text:0:1
2023-04-08 21:16:13,687 - INFO: change item:Name, col:1 to text:shape
2023-04-08 21:16:13,691 - INFO: change item:surface, col:1 to text:
2023-04-08 21:16:13,694 - INFO: change item:x, col:1 to text:0.0
2023-04-08 21:16:13,696 - INFO: change item:y, col:1 to text:0.0
2023-04-08 21:16:13,698 - INFO: change item:x, col:1 to text:0.0
2023-04-08 21:16:13,701 - INFO: change item:y, col:1 to text:0.0
2023-04-08 21:16:13,704 - INFO: change item:Major, col:1 to text:0.0
2023-04-08 21:16:13,706 - INFO: change item:Minor, col:1 to text:0.0
2023-04-08 21:16:13,708 - INFO: change item:u0, col:1 to text:0.0
2023-04-08 21:16:13,710 - INFO: change item:u1, col:1 to text:0.0
2023-04-08 21:16:13,712 - INFO: ParamTree:<RedPanda.widgets.Logic_Construct.Logic_Construct object at 0x000001A26E0E8790>
2023-04-08 21:19:51,376 - INFO: Start init NewParamBuilder 
2023-04-08 21:19:51,378 - INFO: Type:Ellipse Driver:22d22e73-abca-11d4-8f1a-0060b0ee18e8
2023-04-08 21:19:51,384 - INFO: name:shape
2023-04-08 21:19:51,386 - INFO: parent:0:1
2023-04-08 21:19:51,389 - INFO: shape:{'surface': , 'Ax': {'P': {'x': 0.0, 'y': 0.0}, 'XDirection': {'x': 0.0, 'y': 0.0}}, 'Major': 0.0, 'Minor': 0.0, 'u0': 0.0, 'u1': 0.0}
2023-04-08 21:19:51,392 - INFO: End init NewParamBuilder 
2023-04-08 21:19:51,394 - INFO: change item:Parent, col:1 to text:0:1
2023-04-08 21:19:51,403 - INFO: change item:Name, col:1 to text:shape
2023-04-08 21:19:51,409 - INFO: change item:surface, col:1 to text:
2023-04-08 21:19:51,412 - INFO: change item:x, col:1 to text:0.0
2023-04-08 21:19:51,413 - INFO: change item:y, col:1 to text:0.0
2023-04-08 21:19:51,416 - INFO: change item:x, col:1 to text:0.0
2023-04-08 21:19:51,420 - INFO: change item:y, col:1 to text:0.0
2023-04-08 21:19:51,423 - INFO: change item:Major, col:1 to text:0.0
2023-04-08 21:19:51,425 - INFO: change item:Minor, col:1 to text:0.0
2023-04-08 21:19:51,428 - INFO: change item:u0, col:1 to text:0.0
2023-04-08 21:19:51,430 - INFO: change item:u1, col:1 to text:0.0
2023-04-08 21:19:51,432 - INFO: ParamTree:<RedPanda.widgets.Logic_Construct.Logic_Construct object at 0x00000179A4357790>
2023-04-08 21:22:58,025 - INFO: Start init NewParamBuilder 
2023-04-08 21:22:58,028 - INFO: Type:Ellipse Driver:22d22e73-abca-11d4-8f1a-0060b0ee18e8
2023-04-08 21:22:58,035 - INFO: name:shape
2023-04-08 21:22:58,038 - INFO: parent:0:1
2023-04-08 21:22:58,040 - INFO: shape:{'surface': , 'Ax': {'P': {'x': 0.0, 'y': 0.0}, 'XDirection': {'x': 0.0, 'y': 0.0}}, 'Major': 0.0, 'Minor': 0.0, 'u0': 0.0, 'u1': 0.0}
2023-04-08 21:22:58,043 - INFO: End init NewParamBuilder 
2023-04-08 21:22:58,045 - INFO: change item:Parent, col:1 to text:0:1
2023-04-08 21:22:58,055 - INFO: change item:Name, col:1 to text:shape
2023-04-08 21:22:58,060 - INFO: change item:surface, col:1 to text:
2023-04-08 21:22:58,062 - INFO: change item:x, col:1 to text:0.0
2023-04-08 21:22:58,064 - INFO: change item:y, col:1 to text:0.0
2023-04-08 21:22:58,066 - INFO: change item:x, col:1 to text:0.0
2023-04-08 21:22:58,070 - INFO: change item:y, col:1 to text:0.0
2023-04-08 21:22:58,072 - INFO: change item:Major, col:1 to text:0.0
2023-04-08 21:22:58,075 - INFO: change item:Minor, col:1 to text:0.0
2023-04-08 21:22:58,077 - INFO: change item:u0, col:1 to text:0.0
2023-04-08 21:22:58,079 - INFO: change item:u1, col:1 to text:0.0
2023-04-08 21:22:58,081 - INFO: ParamTree:<RedPanda.widgets.Logic_Construct.Logic_Construct object at 0x000001DBD62F7790>
2023-04-08 21:28:30,474 - INFO: Start init NewParamBuilder 
2023-04-08 21:28:30,476 - INFO: Type:Ellipse Driver:22d22e73-abca-11d4-8f1a-0060b0ee18e8
2023-04-08 21:28:30,482 - INFO: name:shape
2023-04-08 21:28:30,484 - INFO: parent:0:1
2023-04-08 21:28:30,487 - INFO: shape:{'surface': , 'Ax': {'P': {'x': 0.0, 'y': 0.0}, 'XDirection': {'x': 0.0, 'y': 0.0}}, 'Major': 0.0, 'Minor': 0.0, 'u0': 0.0, 'u1': 0.0}
2023-04-08 21:28:30,489 - INFO: End init NewParamBuilder 
2023-04-08 21:28:30,491 - INFO: change item:Parent, col:1 to text:0:1
2023-04-08 21:28:30,499 - INFO: change item:Name, col:1 to text:shape
2023-04-08 21:28:30,505 - INFO: change item:surface, col:1 to text:
2023-04-08 21:28:30,507 - INFO: change item:x, col:1 to text:0.0
2023-04-08 21:28:30,509 - INFO: change item:y, col:1 to text:0.0
2023-04-08 21:28:30,510 - INFO: change item:x, col:1 to text:0.0
2023-04-08 21:28:30,512 - INFO: change item:y, col:1 to text:0.0
2023-04-08 21:28:30,515 - INFO: change item:Major, col:1 to text:0.0
2023-04-08 21:28:30,518 - INFO: change item:Minor, col:1 to text:0.0
2023-04-08 21:28:30,520 - INFO: change item:u0, col:1 to text:0.0
2023-04-08 21:28:30,522 - INFO: change item:u1, col:1 to text:0.0
2023-04-08 21:28:30,524 - INFO: ParamTree:<RedPanda.widgets.Logic_Construct.Logic_Construct object at 0x0000021121308790>
2023-04-08 21:28:52,010 - INFO: Start init NewParamBuilder 
2023-04-08 21:28:52,012 - INFO: Type:Ellipse Driver:22d22e73-abca-11d4-8f1a-0060b0ee18e8
2023-04-08 21:28:52,019 - INFO: name:shape
2023-04-08 21:28:52,022 - INFO: parent:0:1
2023-04-08 21:28:52,025 - INFO: shape:{'surface': , 'Ax': {'P': {'x': 0.0, 'y': 0.0}, 'XDirection': {'x': 0.0, 'y': 0.0}}, 'Major': 0.0, 'Minor': 0.0, 'u0': 0.0, 'u1': 0.0}
2023-04-08 21:28:52,027 - INFO: End init NewParamBuilder 
2023-04-08 21:28:52,030 - INFO: change item:Parent, col:1 to text:0:1
2023-04-08 21:28:52,038 - INFO: change item:Name, col:1 to text:shape
2023-04-08 21:28:52,044 - INFO: change item:surface, col:1 to text:
2023-04-08 21:28:52,046 - INFO: change item:x, col:1 to text:0.0
2023-04-08 21:28:52,048 - INFO: change item:y, col:1 to text:0.0
2023-04-08 21:28:52,051 - INFO: change item:x, col:1 to text:0.0
2023-04-08 21:28:52,054 - INFO: change item:y, col:1 to text:0.0
2023-04-08 21:28:52,056 - INFO: change item:Major, col:1 to text:0.0
2023-04-08 21:28:52,058 - INFO: change item:Minor, col:1 to text:0.0
2023-04-08 21:28:52,060 - INFO: change item:u0, col:1 to text:0.0
2023-04-08 21:28:52,062 - INFO: change item:u1, col:1 to text:0.0
2023-04-08 21:28:52,064 - INFO: ParamTree:<RedPanda.widgets.Logic_Construct.Logic_Construct object at 0x000001DB2F6A95E0>
2023-04-08 21:29:34,553 - INFO: Start init NewParamBuilder 
2023-04-08 21:29:34,555 - INFO: Type:Ellipse Driver:22d22e73-abca-11d4-8f1a-0060b0ee18e8
2023-04-08 21:29:34,561 - INFO: name:shape
2023-04-08 21:29:34,563 - INFO: parent:0:1
2023-04-08 21:29:34,566 - INFO: shape:{'surface': , 'Ax': {'P': {'x': 0.0, 'y': 0.0}, 'XDirection': {'x': 0.0, 'y': 0.0}}, 'Major': 0.0, 'Minor': 0.0, 'u0': 0.0, 'u1': 0.0}
2023-04-08 21:29:34,569 - INFO: End init NewParamBuilder 
2023-04-08 21:29:34,572 - INFO: change item:Parent, col:1 to text:0:1
2023-04-08 21:29:34,580 - INFO: change item:Name, col:1 to text:shape
2023-04-08 21:29:34,587 - INFO: change item:surface, col:1 to text:
2023-04-08 21:29:34,589 - INFO: change item:x, col:1 to text:0.0
2023-04-08 21:29:34,591 - INFO: change item:y, col:1 to text:0.0
2023-04-08 21:29:34,593 - INFO: change item:x, col:1 to text:0.0
2023-04-08 21:29:34,595 - INFO: change item:y, col:1 to text:0.0
2023-04-08 21:29:34,597 - INFO: change item:Major, col:1 to text:0.0
2023-04-08 21:29:34,599 - INFO: change item:Minor, col:1 to text:0.0
2023-04-08 21:29:34,602 - INFO: change item:u0, col:1 to text:0.0
2023-04-08 21:29:34,605 - INFO: change item:u1, col:1 to text:0.0
2023-04-08 21:29:34,608 - INFO: ParamTree:<RedPanda.widgets.Logic_Construct.Logic_Construct object at 0x00000156E60D95E0>
2023-04-08 21:30:09,439 - INFO: Start init NewParamBuilder 
2023-04-08 21:30:09,442 - INFO: Type:Ellipse Driver:22d22e73-abca-11d4-8f1a-0060b0ee18e8
2023-04-08 21:30:09,448 - INFO: name:shape
2023-04-08 21:30:09,451 - INFO: parent:0:1
2023-04-08 21:30:09,454 - INFO: shape:{'surface': , 'Ax': {'P': {'x': 0.0, 'y': 0.0}, 'XDirection': {'x': 0.0, 'y': 0.0}}, 'Major': 0.0, 'Minor': 0.0, 'u0': 0.0, 'u1': 0.0}
2023-04-08 21:30:09,456 - INFO: End init NewParamBuilder 
2023-04-08 21:30:09,460 - INFO: change item:Parent, col:1 to text:0:1
2023-04-08 21:30:09,469 - INFO: change item:Name, col:1 to text:shape
2023-04-08 21:30:09,475 - INFO: change item:surface, col:1 to text:
2023-04-08 21:30:09,477 - INFO: change item:x, col:1 to text:0.0
2023-04-08 21:30:09,479 - INFO: change item:y, col:1 to text:0.0
2023-04-08 21:30:09,482 - INFO: change item:x, col:1 to text:0.0
2023-04-08 21:30:09,485 - INFO: change item:y, col:1 to text:0.0
2023-04-08 21:30:09,487 - INFO: change item:Major, col:1 to text:0.0
2023-04-08 21:30:09,489 - INFO: change item:Minor, col:1 to text:0.0
2023-04-08 21:30:09,492 - INFO: change item:u0, col:1 to text:0.0
2023-04-08 21:30:09,494 - INFO: change item:u1, col:1 to text:0.0
2023-04-08 21:30:09,496 - INFO: ParamTree:<RedPanda.widgets.Logic_Construct.Logic_Construct object at 0x0000023595D88790>
2023-04-08 21:31:17,331 - INFO: change item:u0, col:1 to text:0
2023-04-08 21:31:41,832 - INFO: Start init NewParamBuilder 
2023-04-08 21:31:41,835 - INFO: Type:Ellipse Driver:22d22e73-abca-11d4-8f1a-0060b0ee18e8
2023-04-08 21:31:41,842 - INFO: name:shape
2023-04-08 21:31:41,844 - INFO: parent:0:1
2023-04-08 21:31:41,846 - INFO: shape:{'surface': , 'Ax': {'P': {'x': 0.0, 'y': 0.0}, 'XDirection': {'x': 0.0, 'y': 0.0}}, 'Major': 0.0, 'Minor': 0.0, 'u0': 0.0, 'u1': 0.0}
2023-04-08 21:31:41,848 - INFO: End init NewParamBuilder 
2023-04-08 21:31:41,860 - INFO: ParamTree:<RedPanda.widgets.Logic_Construct.Logic_Construct object at 0x000002041A2A95E0>
2023-04-08 21:38:59,054 - INFO: Start init NewParamBuilder 
2023-04-08 21:38:59,057 - INFO: Type:Ellipse Driver:22d22e73-abca-11d4-8f1a-0060b0ee18e8
2023-04-08 21:38:59,063 - INFO: name:shape
2023-04-08 21:38:59,066 - INFO: parent:0:1
2023-04-08 21:38:59,068 - INFO: shape:{'surface': , 'Ax': {'P': {'x': 0.0, 'y': 0.0}, 'XDirection': {'x': 0.0, 'y': 0.0}}, 'Major': 0.0, 'Minor': 0.0, 'u0': 0.0, 'u1': 0.0}
2023-04-08 21:38:59,070 - INFO: End init NewParamBuilder 
2023-04-08 21:38:59,082 - INFO: ParamTree:<RedPanda.widgets.Logic_Construct.Logic_Construct object at 0x0000024C79A924C0>
2023-04-08 21:39:53,426 - INFO: key: code 16777249 not mapped to any function
2023-04-08 21:39:53,457 - INFO: key: code 16777251 not mapped to any function
2023-04-08 21:40:07,280 - INFO: key: code 16777249 not mapped to any function
2023-04-08 21:40:07,315 - INFO: key: code 16777251 not mapped to any function
