2023-08-16 19:47:05,618 - INFO: Application Start
2023-08-16 19:47:08,122 - INFO: change to opertor to viewer
2023-08-16 19:48:05,747 - INFO: Application Start
2023-08-16 19:48:06,145 - INFO: change to opertor to viewer
2023-08-16 19:48:47,363 - INFO: Application Start
2023-08-16 19:48:47,692 - INFO: change to opertor to viewer
2023-08-16 19:50:44,162 - INFO: Application Start
2023-08-16 19:50:44,541 - INFO: change to opertor to viewer
2023-08-16 19:50:55,379 - INFO: Selected Item:New Seg2d
2023-08-16 19:50:55,410 - INFO: Process Show Label Start
2023-08-16 19:50:55,885 - INFO: Process Show Label End
2023-08-16 19:50:56,396 - INFO: Selected Item:New Wire
2023-08-16 19:50:56,398 - INFO: Process Show Label Start
2023-08-16 19:50:56,729 - INFO: Process Show Label End
2023-08-16 19:50:57,364 - INFO: Selected Item:New Wire
2023-08-16 19:50:57,366 - INFO: Process Show Label Start
2023-08-16 19:50:57,397 - INFO: Process Show Label End
2023-08-16 19:50:58,020 - INFO: Selected Item:New Seg2d
2023-08-16 19:50:58,022 - INFO: Process Show Label Start
2023-08-16 19:50:58,035 - INFO: Process Show Label End
2023-08-16 19:50:58,884 - INFO: Selected Item:New Seg2d
2023-08-16 19:50:58,887 - INFO: Process Show Label Start
2023-08-16 19:50:58,911 - INFO: Process Show Label End
2023-08-16 19:51:56,861 - INFO: Application Start
2023-08-16 19:51:57,246 - INFO: change to opertor to viewer
2023-08-16 19:52:06,104 - INFO: New Data Label 22d22e50-abca-11d4-8f1a-0060b0ee18e8
2023-08-16 19:52:06,106 - INFO: New Document
2023-08-16 19:52:06,265 - INFO: New Document End
2023-08-16 19:52:06,266 - INFO: -- NewConmand --
2023-08-16 19:52:06,268 - INFO: -- Add New Shape --
2023-08-16 19:52:06,292 - INFO: Entry:0:1:1, init start
2023-08-16 19:52:06,296 - INFO: BaseInit 0:1:1 Box
2023-08-16 19:52:06,316 - INFO: Entry:0:1:1:18, init start
2023-08-16 19:52:06,318 - INFO: BaseInit 0:1:1:18 Transform
2023-08-16 19:52:06,319 - INFO: Entry:0:1:1:18:18, init start
2023-08-16 19:52:06,321 - INFO: BaseInit 0:1:1:18:18 real
2023-08-16 19:52:06,322 - INFO: Init Label:0:1:1:18:18.value, None, 0
2023-08-16 19:52:06,324 - INFO: Entry:0:1:1:18:18, init end
2023-08-16 19:52:06,326 - INFO: Entry:0:1:1:18:19, init start
2023-08-16 19:52:06,328 - INFO: BaseInit 0:1:1:18:19 Point
2023-08-16 19:52:06,330 - INFO: Entry:0:1:1:18:19:18, init start
2023-08-16 19:52:06,332 - INFO: BaseInit 0:1:1:18:19:18 real
2023-08-16 19:52:06,333 - INFO: Init Label:0:1:1:18:19:18.value, None, 0
2023-08-16 19:52:06,335 - INFO: Entry:0:1:1:18:19:18, init end
2023-08-16 19:52:06,337 - INFO: Entry:0:1:1:18:19:19, init start
2023-08-16 19:52:06,338 - INFO: BaseInit 0:1:1:18:19:19 real
2023-08-16 19:52:06,340 - INFO: Init Label:0:1:1:18:19:19.value, None, 0
2023-08-16 19:52:06,343 - INFO: Entry:0:1:1:18:19:19, init end
2023-08-16 19:52:06,345 - INFO: Entry:0:1:1:18:19:20, init start
2023-08-16 19:52:06,347 - INFO: BaseInit 0:1:1:18:19:20 real
2023-08-16 19:52:06,349 - INFO: Init Label:0:1:1:18:19:20.value, None, 0
2023-08-16 19:52:06,351 - INFO: Entry:0:1:1:18:19:20, init end
2023-08-16 19:52:06,401 - INFO: Entry:0:1:1:18:19, init end
2023-08-16 19:52:06,402 - INFO: Entry:0:1:1:18:20, init start
2023-08-16 19:52:06,404 - INFO: BaseInit 0:1:1:18:20 Point
2023-08-16 19:52:06,406 - INFO: Entry:0:1:1:18:20:18, init start
2023-08-16 19:52:06,407 - INFO: BaseInit 0:1:1:18:20:18 real
2023-08-16 19:52:06,409 - INFO: Init Label:0:1:1:18:20:18.value, None, 0
2023-08-16 19:52:06,410 - INFO: Entry:0:1:1:18:20:18, init end
2023-08-16 19:52:06,414 - INFO: Entry:0:1:1:18:20:19, init start
2023-08-16 19:52:06,415 - INFO: BaseInit 0:1:1:18:20:19 real
2023-08-16 19:52:06,416 - INFO: Init Label:0:1:1:18:20:19.value, None, 0
2023-08-16 19:52:06,418 - INFO: Entry:0:1:1:18:20:19, init end
2023-08-16 19:52:06,419 - INFO: Entry:0:1:1:18:20:20, init start
2023-08-16 19:52:06,421 - INFO: BaseInit 0:1:1:18:20:20 real
2023-08-16 19:52:06,422 - INFO: Init Label:0:1:1:18:20:20.value, None, 0
2023-08-16 19:52:06,424 - INFO: Entry:0:1:1:18:20:20, init end
2023-08-16 19:52:06,427 - INFO: Entry:0:1:1:18:20, init end
2023-08-16 19:52:06,500 - INFO: Entry:0:1:1:18, init end
2023-08-16 19:52:06,501 - INFO: Entry:0:1:1:19, init start
2023-08-16 19:52:06,503 - INFO: BaseInit 0:1:1:19 real
2023-08-16 19:52:06,505 - INFO: Init Label:0:1:1:19.value, None, 0
2023-08-16 19:52:06,507 - INFO: Entry:0:1:1:19, init end
2023-08-16 19:52:06,508 - INFO: Entry:0:1:1:20, init start
2023-08-16 19:52:06,511 - INFO: BaseInit 0:1:1:20 real
2023-08-16 19:52:06,513 - INFO: Init Label:0:1:1:20.value, None, 0
2023-08-16 19:52:06,515 - INFO: Entry:0:1:1:20, init end
2023-08-16 19:52:06,517 - INFO: Entry:0:1:1:21, init start
2023-08-16 19:52:06,518 - INFO: BaseInit 0:1:1:21 real
2023-08-16 19:52:06,520 - INFO: Init Label:0:1:1:21.value, None, 0
2023-08-16 19:52:06,521 - INFO: Entry:0:1:1:21, init end
2023-08-16 19:52:06,576 - INFO: -- commit command --
2023-08-16 19:52:06,597 - INFO: New Data Label 22d22e50-abca-11d4-8f1a-0060b0ee18e8 end
2023-08-16 19:52:07,829 - INFO: Selected Item:New Box
2023-08-16 19:52:07,831 - INFO: Process Show Label Start
2023-08-16 19:52:07,846 - INFO: Process Show Label End
2023-08-16 19:52:12,315 - INFO: Process Change Label Start
2023-08-16 19:52:12,318 - INFO: Start Change: 0:1:1:19(real), 3
2023-08-16 19:52:12,320 - INFO: -- NewConmand --
2023-08-16 19:52:12,323 - INFO: -- commit command --
2023-08-16 19:52:12,328 - INFO: Update Label:Box, 22d22e50-abca-11d4-8f1a-0060b0ee18e8
2023-08-16 19:52:12,329 - INFO: End Change: 0:1:1:19, 3
2023-08-16 19:52:12,331 - INFO: Process Change Label End
2023-08-16 19:52:15,199 - INFO: Process Change Label Start
2023-08-16 19:52:15,201 - INFO: Start Change: 0:1:1:20(real), 8
2023-08-16 19:52:15,203 - INFO: -- NewConmand --
2023-08-16 19:52:15,206 - INFO: -- commit command --
2023-08-16 19:52:15,210 - INFO: Update Label:Box, 22d22e50-abca-11d4-8f1a-0060b0ee18e8
2023-08-16 19:52:15,211 - INFO: End Change: 0:1:1:20, 8
2023-08-16 19:52:15,212 - INFO: Process Change Label End
2023-08-16 19:52:16,832 - INFO: Process Change Label Start
2023-08-16 19:52:16,834 - INFO: Start Change: 0:1:1:21(real), 6
2023-08-16 19:52:16,836 - INFO: -- NewConmand --
2023-08-16 19:52:16,878 - INFO: -- commit command --
2023-08-16 19:52:17,043 - INFO: Update Label:Box, 22d22e50-abca-11d4-8f1a-0060b0ee18e8
2023-08-16 19:52:17,045 - INFO: Start Disp 2d
2023-08-16 19:52:17,046 - INFO: End Disp 2d
2023-08-16 19:52:17,048 - INFO: bound:(-10, 10, -10, 10)
2023-08-16 19:52:17,075 - INFO: End Change: 0:1:1:21, 6
2023-08-16 19:52:17,077 - INFO: Process Change Label End
2023-08-16 19:52:33,210 - INFO: New Data Label a6b5f8bd-0424-52f5-b5e1-c2204252f688
2023-08-16 19:52:33,212 - INFO: -- NewConmand --
2023-08-16 19:52:33,214 - INFO: -- Add New Shape --
2023-08-16 19:52:33,216 - INFO: Entry:0:1:2, init start
2023-08-16 19:52:33,218 - INFO: BaseInit 0:1:2 FilletAll
2023-08-16 19:52:33,220 - INFO: Entry:0:1:2:18, init start
2023-08-16 19:52:33,222 - INFO: BaseInit 0:1:2:18 ShapeRef
2023-08-16 19:52:33,328 - INFO: Entry:0:1:2:19, init start
2023-08-16 19:52:33,330 - INFO: BaseInit 0:1:2:19 real
2023-08-16 19:52:33,332 - INFO: Init Label:0:1:2:19.value, None, 0
2023-08-16 19:52:33,335 - INFO: Entry:0:1:2:19, init end
2023-08-16 19:52:33,338 - INFO: -- commit command --
2023-08-16 19:52:33,340 - INFO: New Data Label a6b5f8bd-0424-52f5-b5e1-c2204252f688 end
2023-08-16 19:52:34,349 - INFO: Selected Item:New FilletAll
2023-08-16 19:52:34,352 - INFO: Process Show Label Start
2023-08-16 19:52:34,366 - INFO: Process Show Label End
2023-08-16 19:52:39,783 - INFO: Process Change Label Start
2023-08-16 19:52:39,785 - INFO: Start Change: 0:1:2:18(ShapeRef), 0:1:1
2023-08-16 19:52:39,786 - INFO: -- NewConmand --
2023-08-16 19:52:39,858 - INFO: 0:1:2:18 ref 0:1:1 
2023-08-16 19:52:41,129 - INFO: -- commit command --
2023-08-16 19:52:41,144 - INFO: Update Label:FilletAll, a6b5f8bd-0424-52f5-b5e1-c2204252f688
2023-08-16 19:52:41,145 - INFO: End Change: 0:1:2:18, 0:1:1
2023-08-16 19:52:41,147 - INFO: Process Change Label End
2023-08-16 19:52:47,424 - INFO: Process Change Label Start
2023-08-16 19:52:47,427 - INFO: Start Change: 0:1:2:19(real), 0.2
2023-08-16 19:52:47,429 - INFO: -- NewConmand --
2023-08-16 19:52:47,623 - INFO: -- commit command --
2023-08-16 19:52:47,663 - INFO: Update Label:FilletAll, a6b5f8bd-0424-52f5-b5e1-c2204252f688
2023-08-16 19:52:47,665 - INFO: Start Disp 2d
2023-08-16 19:52:47,666 - INFO: End Disp 2d
2023-08-16 19:52:47,668 - INFO: bound:(-10, 10, -10, 10)
2023-08-16 19:52:47,695 - INFO: End Change: 0:1:2:19, 0.2
2023-08-16 19:52:47,697 - INFO: Process Change Label End
2023-08-16 19:52:51,026 - INFO: Process Save Document start
2023-08-16 19:53:03,142 - INFO: Process Save Document end
2023-08-16 19:53:16,460 - INFO: Application Start
2023-08-16 19:53:16,877 - INFO: change to opertor to viewer
2023-08-16 19:53:29,526 - INFO: Selected Item:New FilletAll
2023-08-16 19:53:29,528 - INFO: Process Show Label Start
2023-08-16 19:53:29,611 - INFO: Process Show Label End
2023-08-16 19:53:32,006 - INFO: key: code 16777249 not mapped to any function
2023-08-16 19:53:36,697 - INFO: New Data Label 4949cc5d-4f36-5965-9e94-687b4d29fb9f
2023-08-16 19:53:36,699 - INFO: New Document
2023-08-16 19:53:36,702 - INFO: New Document End
2023-08-16 19:53:36,706 - INFO: -- NewConmand --
2023-08-16 19:53:36,708 - INFO: -- Add New Shape --
2023-08-16 19:53:36,709 - INFO: Entry:0:1:1, init start
2023-08-16 19:53:36,711 - INFO: BaseInit 0:1:1 RefSub
2023-08-16 19:53:36,713 - INFO: Entry:0:1:1:18, init start
2023-08-16 19:53:36,714 - INFO: BaseInit 0:1:1:18 ShapeRef
2023-08-16 19:53:59,512 - INFO: Application Start
2023-08-16 19:53:59,891 - INFO: change to opertor to viewer
2023-08-16 19:54:10,148 - INFO: Selected Item:New Box
2023-08-16 19:54:10,151 - INFO: Process Show Label Start
2023-08-16 19:54:10,208 - INFO: Process Show Label End
2023-08-16 19:54:14,464 - INFO: Process Change Label Start
2023-08-16 19:54:14,465 - INFO: Start Change: 0:1:1:19(real), 4
2023-08-16 19:54:14,467 - INFO: -- NewConmand --
2023-08-16 19:55:39,776 - INFO: Application Start
2023-08-16 19:55:40,145 - INFO: change to opertor to viewer
2023-08-16 19:55:49,589 - INFO: Selected Item:New FilletAll
2023-08-16 19:55:49,591 - INFO: Process Show Label Start
2023-08-16 19:55:49,664 - INFO: Process Show Label End
2023-08-16 19:55:54,933 - INFO: Process Change Label Start
2023-08-16 19:55:54,935 - INFO: Start Change: 0:1:1:18:20:18(real), 23
2023-08-16 19:55:54,937 - INFO: -- NewConmand --
2023-08-16 19:55:55,192 - INFO: -- commit command --
2023-08-16 19:55:55,229 - INFO: Update Label:FilletAll, a6b5f8bd-0424-52f5-b5e1-c2204252f688
2023-08-16 19:55:55,231 - INFO: Start Disp 2d
2023-08-16 19:55:55,232 - INFO: End Disp 2d
2023-08-16 19:55:55,234 - INFO: bound:(-10, 10, -10, 10)
2023-08-16 19:55:55,261 - INFO: End Change: 0:1:1:18:20:18, 23
2023-08-16 19:55:55,264 - INFO: Process Change Label End
2023-08-16 19:56:00,168 - INFO: Process Change Label Start
2023-08-16 19:56:00,169 - INFO: Start Change: 0:1:1:19(real), 4
2023-08-16 19:56:00,172 - INFO: -- NewConmand --
2023-08-16 19:56:00,195 - INFO: -- commit command --
2023-08-16 19:56:00,225 - INFO: Update Label:FilletAll, a6b5f8bd-0424-52f5-b5e1-c2204252f688
2023-08-16 19:56:00,227 - INFO: Start Disp 2d
2023-08-16 19:56:00,229 - INFO: End Disp 2d
2023-08-16 19:56:00,230 - INFO: bound:(-10, 10, -10, 10)
2023-08-16 19:56:00,242 - INFO: End Change: 0:1:1:19, 4
2023-08-16 19:56:00,243 - INFO: Process Change Label End
2023-08-16 19:56:04,577 - INFO: New Data Label 4949cc5d-4f36-5965-9e94-687b4d29fb9f
2023-08-16 19:56:04,579 - INFO: -- NewConmand --
2023-08-16 19:56:04,581 - INFO: -- Add New Shape --
2023-08-16 19:56:04,582 - INFO: Entry:0:1:3, init start
2023-08-16 19:56:04,584 - INFO: BaseInit 0:1:3 RefSub
2023-08-16 19:56:04,586 - INFO: Entry:0:1:3:18, init start
2023-08-16 19:56:04,589 - INFO: BaseInit 0:1:3:18 ShapeRef
2023-08-16 19:56:04,590 - INFO: Entry:0:1:3:18, init end
2023-08-16 19:56:04,592 - INFO: Entry:0:1:3:19, init start
2023-08-16 19:56:04,594 - INFO: BaseInit 0:1:3:19 Int
2023-08-16 19:56:04,595 - INFO: Init Label:0:1:3:19.value, None, 0
2023-08-16 19:56:04,597 - INFO: Entry:0:1:3:19, init end
2023-08-16 19:56:04,599 - INFO: Entry:0:1:3:20, init start
2023-08-16 19:56:04,600 - INFO: BaseInit 0:1:3:20 Int
2023-08-16 19:56:04,603 - INFO: Init Label:0:1:3:20.value, None, 1
2023-08-16 19:56:04,605 - INFO: Entry:0:1:3:20, init end
2023-08-16 19:56:04,607 - INFO: Entry:0:1:3, init end
2023-08-16 19:56:04,609 - INFO: -- commit command --
2023-08-16 19:56:04,611 - INFO: New Data Label 4949cc5d-4f36-5965-9e94-687b4d29fb9f end
2023-08-16 19:56:05,860 - INFO: Selected Item:New RefSub
2023-08-16 19:56:05,862 - INFO: Process Show Label Start
2023-08-16 19:56:05,890 - INFO: Process Show Label End
2023-08-16 19:56:08,460 - INFO: Selected Item:New FilletAll
2023-08-16 19:56:08,462 - INFO: Process Show Label Start
2023-08-16 19:56:08,491 - INFO: Process Show Label End
2023-08-16 19:56:10,428 - INFO: Selected Item:New RefSub
2023-08-16 19:56:10,430 - INFO: Process Show Label Start
2023-08-16 19:56:10,455 - INFO: Process Show Label End
2023-08-16 19:56:22,915 - INFO: New Data Label 4949cc5d-4f36-5965-9e94-687b4d29fb9f
2023-08-16 19:56:22,917 - INFO: -- NewConmand --
2023-08-16 19:56:22,918 - INFO: -- Add New Shape --
2023-08-16 19:56:22,920 - INFO: Entry:0:1:4, init start
2023-08-16 19:56:22,922 - INFO: BaseInit 0:1:4 RefSub
2023-08-16 19:56:22,923 - INFO: Entry:0:1:4:18, init start
2023-08-16 19:56:22,925 - INFO: BaseInit 0:1:4:18 ShapeRef
2023-08-16 19:56:22,927 - INFO: Entry:0:1:4:18, init end
2023-08-16 19:56:22,931 - INFO: Entry:0:1:4:19, init start
2023-08-16 19:56:22,933 - INFO: BaseInit 0:1:4:19 Int
2023-08-16 19:56:22,934 - INFO: Init Label:0:1:4:19.value, None, 4
2023-08-16 19:56:22,936 - INFO: Entry:0:1:4:19, init end
2023-08-16 19:56:22,938 - INFO: Entry:0:1:4:20, init start
2023-08-16 19:56:22,939 - INFO: BaseInit 0:1:4:20 Int
2023-08-16 19:56:22,941 - INFO: Init Label:0:1:4:20.value, None, 11
2023-08-16 19:56:22,942 - INFO: Entry:0:1:4:20, init end
2023-08-16 19:56:22,947 - INFO: Entry:0:1:4, init end
2023-08-16 19:56:22,949 - INFO: -- commit command --
2023-08-16 19:56:22,951 - INFO: New Data Label 4949cc5d-4f36-5965-9e94-687b4d29fb9f end
2023-08-16 19:56:24,275 - INFO: Selected Item:New RefSub
2023-08-16 19:56:24,279 - INFO: Process Show Label Start
2023-08-16 19:56:24,333 - INFO: Process Show Label End
2023-08-16 19:57:21,520 - INFO: Process Change Label Start
2023-08-16 19:57:21,521 - INFO: Start Change: 0:1:1:19(real), 5
2023-08-16 19:57:21,523 - INFO: -- NewConmand --
2023-08-16 19:57:21,547 - INFO: -- commit command --
2023-08-16 19:57:21,571 - INFO: Update Label:RefSub, 4949cc5d-4f36-5965-9e94-687b4d29fb9f
2023-08-16 19:57:21,573 - INFO: Start Disp 2d
2023-08-16 19:57:21,575 - INFO: End Disp 2d
2023-08-16 19:57:21,576 - INFO: bound:(-10, 10, -10, 10)
2023-08-16 19:57:21,605 - INFO: End Change: 0:1:1:19, 5
2023-08-16 19:57:21,607 - INFO: Process Change Label End
2023-08-16 19:57:27,782 - INFO: key: code 16777249 not mapped to any function
