2023-03-25 01:10:28,671 - INFO: Start init NewParamBuilder 
2023-03-25 01:10:28,674 - INFO: Type:Box Driver:22d22e50-abca-11d4-8f1a-0060b0ee18e8
2023-03-25 01:10:28,678 - INFO: name:shape
2023-03-25 01:10:28,680 - INFO: parent:0:1
2023-03-25 01:10:28,682 - INFO: shape:{'transform': {'angle': 0.0, 'rotateAxis': {'theXp': 0.0, 'theYp': 0.0, 'theZp': 0.0}, 'position': {'theXp': 0.0, 'theYp': 0.0, 'theZp': 0.0}}, 'l': 0.0, 'h': 0.0, 'w': 0.0}
2023-03-25 01:10:28,684 - INFO: End init NewParamBuilder 
2023-03-25 01:10:28,686 - INFO: change item:Parent, col:1 to text:0:1
2023-03-25 01:10:28,693 - INFO: change item:Name, col:1 to text:shape
2023-03-25 01:10:28,696 - INFO: change item:angle, col:1 to text:0.0
2023-03-25 01:10:28,699 - INFO: change item:theXp, col:1 to text:0.0
2023-03-25 01:10:28,701 - INFO: change item:theYp, col:1 to text:0.0
2023-03-25 01:10:28,704 - INFO: change item:theZp, col:1 to text:0.0
2023-03-25 01:10:28,710 - INFO: change item:theXp, col:1 to text:0.0
2023-03-25 01:10:28,713 - INFO: change item:theYp, col:1 to text:0.0
2023-03-25 01:10:28,715 - INFO: change item:theZp, col:1 to text:0.0
2023-03-25 01:10:28,717 - INFO: change item:l, col:1 to text:0.0
2023-03-25 01:10:28,719 - INFO: change item:h, col:1 to text:0.0
2023-03-25 01:10:28,722 - INFO: change item:w, col:1 to text:0.0
2023-03-25 01:10:28,724 - INFO: ParamTree:<RedPanda.widgets.Logic_Construct.Logic_Construct object at 0x000001D219FA1700>
2023-03-25 01:10:31,407 - INFO: change item:l, col:1 to text:3
2023-03-25 01:10:31,412 - INFO: item:l set change flag
2023-03-25 01:10:31,414 - INFO: item:Shape set change flag
2023-03-25 01:10:32,751 - INFO: change item:h, col:1 to text:3
2023-03-25 01:10:32,754 - INFO: item:h set change flag
2023-03-25 01:10:34,143 - INFO: change item:w, col:1 to text:3
2023-03-25 01:10:34,145 - INFO: item:w set change flag
2023-03-25 01:10:35,046 - INFO: Start Collect New Shape data
2023-03-25 01:10:35,048 - INFO: ParentPath:0:1
2023-03-25 01:10:35,049 - INFO: name:shape
2023-03-25 01:10:35,051 - INFO: value:{'transform': {'angle': '0.0', 'rotateAxis': {'theXp': '0.0', 'theYp': '0.0', 'theZp': '0.0'}, 'position': {'theXp': '0.0', 'theYp': '0.0', 'theZp': '0.0'}}, 'l': '3', 'h': '3', 'w': '3'}
2023-03-25 01:10:35,054 - INFO: end Collect New Shape data
2023-03-25 01:10:35,058 - INFO: -- NewConmand --
2023-03-25 01:10:35,060 - INFO: -- Add New Shape --
2023-03-25 01:10:35,062 - INFO: Type:22d22e50-abca-11d4-8f1a-0060b0ee18e8
2023-03-25 01:10:35,063 - INFO: Name:shape
2023-03-25 01:10:35,065 - INFO: Param:{'transform': {'angle': '0.0', 'rotateAxis': {'theXp': '0.0', 'theYp': '0.0', 'theZp': '0.0'}, 'position': {'theXp': '0.0', 'theYp': '0.0', 'theZp': '0.0'}}, 'l': '3', 'h': '3', 'w': '3'}
2023-03-25 01:10:35,069 - INFO: create Label:0:1:1, None, 22d22e50-abca-11d4-8f1a-0060b0ee18e8
2023-03-25 01:10:35,072 - INFO: create Label:0:1:1:1, None, 22d22e53-abca-11d4-8f1a-0060b0ee18e8
2023-03-25 01:10:35,076 - INFO: create Label:0:1:1:1:1, None, 22d22e51-abca-11d4-8f1a-0060b0ee18e8
2023-03-25 01:10:35,078 - INFO: change Label:0:1:1:1:1.value, None, 0.0
2023-03-25 01:10:35,080 - INFO: create Label:0:1:1:1:2, None, 22d22e52-abca-11d4-8f1a-0060b0ee18e8
2023-03-25 01:10:35,083 - INFO: create Label:0:1:1:1:2:1, None, 22d22e51-abca-11d4-8f1a-0060b0ee18e8
2023-03-25 01:10:35,089 - INFO: change Label:0:1:1:1:2:1.value, None, 0.0
2023-03-25 01:10:35,092 - INFO: create Label:0:1:1:1:2:2, None, 22d22e51-abca-11d4-8f1a-0060b0ee18e8
2023-03-25 01:10:35,096 - INFO: change Label:0:1:1:1:2:2.value, None, 0.0
2023-03-25 01:10:35,099 - INFO: create Label:0:1:1:1:2:3, None, 22d22e51-abca-11d4-8f1a-0060b0ee18e8
2023-03-25 01:10:35,102 - INFO: change Label:0:1:1:1:2:3.value, None, 0.0
2023-03-25 01:10:35,106 - INFO: create Label:0:1:1:1:3, None, 22d22e52-abca-11d4-8f1a-0060b0ee18e8
2023-03-25 01:10:35,108 - INFO: create Label:0:1:1:1:3:1, None, 22d22e51-abca-11d4-8f1a-0060b0ee18e8
2023-03-25 01:10:35,110 - INFO: change Label:0:1:1:1:3:1.value, None, 0.0
2023-03-25 01:10:35,113 - INFO: create Label:0:1:1:1:3:2, None, 22d22e51-abca-11d4-8f1a-0060b0ee18e8
2023-03-25 01:10:35,116 - INFO: change Label:0:1:1:1:3:2.value, None, 0.0
2023-03-25 01:10:35,120 - INFO: create Label:0:1:1:1:3:3, None, 22d22e51-abca-11d4-8f1a-0060b0ee18e8
2023-03-25 01:10:35,123 - INFO: change Label:0:1:1:1:3:3.value, None, 0.0
2023-03-25 01:10:35,126 - INFO: create Label:0:1:1:2, None, 22d22e51-abca-11d4-8f1a-0060b0ee18e8
2023-03-25 01:10:35,128 - INFO: change Label:0:1:1:2.value, None, 3
2023-03-25 01:10:35,130 - INFO: create Label:0:1:1:3, None, 22d22e51-abca-11d4-8f1a-0060b0ee18e8
2023-03-25 01:10:35,133 - INFO: change Label:0:1:1:3.value, None, 3
2023-03-25 01:10:35,136 - INFO: create Label:0:1:1:4, None, 22d22e51-abca-11d4-8f1a-0060b0ee18e8
2023-03-25 01:10:35,139 - INFO: change Label:0:1:1:4.value, None, 3
2023-03-25 01:10:35,155 - INFO: Label:shape update presentation
2023-03-25 01:10:35,159 - INFO: -- commit command --
2023-03-25 01:10:42,246 - INFO: change item:l, col:1 to text:1
2023-03-25 01:10:43,893 - INFO: Selected Item:shape
2023-03-25 01:10:43,896 - INFO: Start init ChangeParamBuilder 
2023-03-25 01:10:43,899 - INFO: Entry:0:1:1 id:22d22e50-abca-11d4-8f1a-0060b0ee18e8 Get Param
2023-03-25 01:10:43,901 - INFO: Entry:0:1:1:1 id:22d22e53-abca-11d4-8f1a-0060b0ee18e8 Get Param
2023-03-25 01:10:43,903 - INFO: Entry:0:1:1:1:1 id:22d22e51-abca-11d4-8f1a-0060b0ee18e8 Get Param
2023-03-25 01:10:43,906 - INFO: Entry:0:1:1:1:2 id:22d22e52-abca-11d4-8f1a-0060b0ee18e8 Get Param
2023-03-25 01:10:43,908 - INFO: Entry:0:1:1:1:2:1 id:22d22e51-abca-11d4-8f1a-0060b0ee18e8 Get Param
2023-03-25 01:10:43,910 - INFO: Entry:0:1:1:1:2:2 id:22d22e51-abca-11d4-8f1a-0060b0ee18e8 Get Param
2023-03-25 01:10:43,912 - INFO: Entry:0:1:1:1:2:3 id:22d22e51-abca-11d4-8f1a-0060b0ee18e8 Get Param
2023-03-25 01:10:43,914 - INFO: Entry:0:1:1:1:3 id:22d22e52-abca-11d4-8f1a-0060b0ee18e8 Get Param
2023-03-25 01:10:43,916 - INFO: Entry:0:1:1:1:3:1 id:22d22e51-abca-11d4-8f1a-0060b0ee18e8 Get Param
2023-03-25 01:10:43,918 - INFO: Entry:0:1:1:1:3:2 id:22d22e51-abca-11d4-8f1a-0060b0ee18e8 Get Param
2023-03-25 01:10:43,921 - INFO: Entry:0:1:1:1:3:3 id:22d22e51-abca-11d4-8f1a-0060b0ee18e8 Get Param
2023-03-25 01:10:43,923 - INFO: Entry:0:1:1:2 id:22d22e51-abca-11d4-8f1a-0060b0ee18e8 Get Param
2023-03-25 01:10:43,926 - INFO: Entry:0:1:1:3 id:22d22e51-abca-11d4-8f1a-0060b0ee18e8 Get Param
2023-03-25 01:10:43,930 - INFO: Entry:0:1:1:4 id:22d22e51-abca-11d4-8f1a-0060b0ee18e8 Get Param
2023-03-25 01:10:43,932 - INFO: params:{'transform': {'angle': 0.0, 'rotateAxis': {'theXp': 0.0, 'theYp': 0.0, 'theZp': 0.0}, 'position': {'theXp': 0.0, 'theYp': 0.0, 'theZp': 0.0}}, 'l': 3.0, 'h': 3.0, 'w': 3.0}
2023-03-25 01:10:43,935 - INFO: End init ChangeParamBuilder 
2023-03-25 01:10:43,939 - INFO: change item:Parent, col:1 to text:0:1:1
2023-03-25 01:10:43,944 - INFO: change item:Name, col:1 to text:shape
2023-03-25 01:10:43,948 - INFO: change item:angle, col:1 to text:0.0
2023-03-25 01:10:43,950 - INFO: change item:theXp, col:1 to text:0.0
2023-03-25 01:10:43,953 - INFO: change item:theYp, col:1 to text:0.0
2023-03-25 01:10:43,957 - INFO: change item:theZp, col:1 to text:0.0
2023-03-25 01:10:43,959 - INFO: change item:theXp, col:1 to text:0.0
2023-03-25 01:10:43,964 - INFO: change item:theYp, col:1 to text:0.0
2023-03-25 01:10:43,966 - INFO: change item:theZp, col:1 to text:0.0
2023-03-25 01:10:43,968 - INFO: change item:l, col:1 to text:3.0
2023-03-25 01:10:43,970 - INFO: change item:h, col:1 to text:3.0
2023-03-25 01:10:43,972 - INFO: change item:w, col:1 to text:3.0
2023-03-25 01:10:43,974 - INFO: ParamTree:<RedPanda.widgets.Logic_Construct.Logic_Construct object at 0x000001D219FA1700>
2023-03-25 01:10:47,044 - INFO: change item:l, col:1 to text:1
2023-03-25 01:10:47,046 - INFO: item:l set change flag
2023-03-25 01:10:47,047 - INFO: item:Shape set change flag
2023-03-25 01:10:48,239 - INFO: Start Collect Change data
2023-03-25 01:10:48,241 - INFO: ParentPath:0:1:1
2023-03-25 01:10:48,243 - INFO: name:shape
2023-03-25 01:10:48,246 - INFO: value:{'l': '1'}
2023-03-25 01:10:48,248 - INFO: end Collect Change data
2023-03-25 01:10:48,252 - INFO: -- NewConmand --
2023-03-25 01:10:48,255 - INFO: -- Change Shape --
2023-03-25 01:10:48,258 - INFO: Id:22d22e50-abca-11d4-8f1a-0060b0ee18e8
2023-03-25 01:10:48,260 - INFO: Name:shape
2023-03-25 01:10:48,262 - INFO: Param:{'l': '1'}
2023-03-25 01:10:48,264 - INFO: change var:0:1:1:2.value, 3.0, 1
2023-03-25 01:10:48,267 - INFO: -- commit command --
2023-03-25 01:11:03,413 - INFO: change item:h, col:1 to text:1
2023-03-25 01:11:03,415 - INFO: item:h set change flag
2023-03-25 01:11:05,127 - INFO: change item:w, col:1 to text:1
2023-03-25 01:11:05,129 - INFO: item:w set change flag
2023-03-25 01:11:06,069 - INFO: Start Collect Change data
2023-03-25 01:11:06,075 - INFO: ParentPath:0:1:1
2023-03-25 01:11:06,076 - INFO: name:shape
2023-03-25 01:11:06,078 - INFO: value:{'l': '1', 'h': '1', 'w': '1'}
2023-03-25 01:11:06,080 - INFO: end Collect Change data
2023-03-25 01:11:06,085 - INFO: -- NewConmand --
2023-03-25 01:11:06,087 - INFO: -- Change Shape --
2023-03-25 01:11:06,091 - INFO: Id:22d22e50-abca-11d4-8f1a-0060b0ee18e8
2023-03-25 01:11:06,093 - INFO: Name:shape
2023-03-25 01:11:06,095 - INFO: Param:{'l': '1', 'h': '1', 'w': '1'}
2023-03-25 01:11:06,097 - INFO: change var:0:1:1:2.value, 1.0, 1
2023-03-25 01:11:06,099 - INFO: -- commit command --
2023-03-25 01:16:31,532 - INFO: Start init NewParamBuilder 
2023-03-25 01:16:31,535 - INFO: Type:Box Driver:22d22e50-abca-11d4-8f1a-0060b0ee18e8
2023-03-25 01:16:31,537 - INFO: name:shape
2023-03-25 01:16:31,539 - INFO: parent:0:1
2023-03-25 01:16:31,542 - INFO: shape:{'transform': {'angle': 0.0, 'rotateAxis': {'theXp': 0.0, 'theYp': 0.0, 'theZp': 0.0}, 'position': {'theXp': 0.0, 'theYp': 0.0, 'theZp': 0.0}}, 'l': 0.0, 'h': 0.0, 'w': 0.0}
2023-03-25 01:16:31,545 - INFO: End init NewParamBuilder 
2023-03-25 01:16:31,547 - INFO: change item:Parent, col:1 to text:0:1
2023-03-25 01:16:31,552 - INFO: change item:Name, col:1 to text:shape
2023-03-25 01:16:31,557 - INFO: change item:angle, col:1 to text:0.0
2023-03-25 01:16:31,560 - INFO: change item:theXp, col:1 to text:0.0
2023-03-25 01:16:31,563 - INFO: change item:theYp, col:1 to text:0.0
2023-03-25 01:16:31,566 - INFO: change item:theZp, col:1 to text:0.0
2023-03-25 01:16:31,568 - INFO: change item:theXp, col:1 to text:0.0
2023-03-25 01:16:31,571 - INFO: change item:theYp, col:1 to text:0.0
2023-03-25 01:16:31,575 - INFO: change item:theZp, col:1 to text:0.0
2023-03-25 01:16:31,579 - INFO: change item:l, col:1 to text:0.0
2023-03-25 01:16:31,582 - INFO: change item:h, col:1 to text:0.0
2023-03-25 01:16:31,587 - INFO: change item:w, col:1 to text:0.0
2023-03-25 01:16:31,590 - INFO: ParamTree:<RedPanda.widgets.Logic_Construct.Logic_Construct object at 0x0000022ED6564700>
2023-03-25 01:16:33,647 - INFO: change item:l, col:1 to text:2
2023-03-25 01:16:33,650 - INFO: item:l set change flag
2023-03-25 01:16:33,653 - INFO: item:Shape set change flag
2023-03-25 01:16:35,032 - INFO: change item:h, col:1 to text:2
2023-03-25 01:16:35,034 - INFO: item:h set change flag
2023-03-25 01:16:36,514 - INFO: change item:w, col:1 to text:2
2023-03-25 01:16:36,516 - INFO: item:w set change flag
2023-03-25 01:16:36,635 - INFO: Start Collect New Shape data
2023-03-25 01:16:36,637 - INFO: ParentPath:0:1
2023-03-25 01:16:36,640 - INFO: name:shape
2023-03-25 01:16:36,642 - INFO: value:{'transform': {'angle': '0.0', 'rotateAxis': {'theXp': '0.0', 'theYp': '0.0', 'theZp': '0.0'}, 'position': {'theXp': '0.0', 'theYp': '0.0', 'theZp': '0.0'}}, 'l': '2', 'h': '2', 'w': '2'}
2023-03-25 01:16:36,644 - INFO: end Collect New Shape data
2023-03-25 01:16:36,646 - INFO: -- NewConmand --
2023-03-25 01:16:36,648 - INFO: -- Add New Shape --
2023-03-25 01:16:36,650 - INFO: Type:22d22e50-abca-11d4-8f1a-0060b0ee18e8
2023-03-25 01:16:36,652 - INFO: Name:shape
2023-03-25 01:16:36,654 - INFO: Param:{'transform': {'angle': '0.0', 'rotateAxis': {'theXp': '0.0', 'theYp': '0.0', 'theZp': '0.0'}, 'position': {'theXp': '0.0', 'theYp': '0.0', 'theZp': '0.0'}}, 'l': '2', 'h': '2', 'w': '2'}
2023-03-25 01:16:36,661 - INFO: create Label:0:1:1, None, 22d22e50-abca-11d4-8f1a-0060b0ee18e8
2023-03-25 01:16:36,663 - INFO: create Label:0:1:1:1, None, 22d22e53-abca-11d4-8f1a-0060b0ee18e8
2023-03-25 01:16:36,665 - INFO: create Label:0:1:1:1:1, None, 22d22e51-abca-11d4-8f1a-0060b0ee18e8
2023-03-25 01:16:36,667 - INFO: change Label:0:1:1:1:1.value, None, 0.0
2023-03-25 01:16:36,669 - INFO: create Label:0:1:1:1:2, None, 22d22e52-abca-11d4-8f1a-0060b0ee18e8
2023-03-25 01:16:36,672 - INFO: create Label:0:1:1:1:2:1, None, 22d22e51-abca-11d4-8f1a-0060b0ee18e8
2023-03-25 01:16:36,674 - INFO: change Label:0:1:1:1:2:1.value, None, 0.0
2023-03-25 01:16:36,677 - INFO: create Label:0:1:1:1:2:2, None, 22d22e51-abca-11d4-8f1a-0060b0ee18e8
2023-03-25 01:16:36,682 - INFO: change Label:0:1:1:1:2:2.value, None, 0.0
2023-03-25 01:16:36,686 - INFO: create Label:0:1:1:1:2:3, None, 22d22e51-abca-11d4-8f1a-0060b0ee18e8
2023-03-25 01:16:36,688 - INFO: change Label:0:1:1:1:2:3.value, None, 0.0
2023-03-25 01:16:36,691 - INFO: create Label:0:1:1:1:3, None, 22d22e52-abca-11d4-8f1a-0060b0ee18e8
2023-03-25 01:16:36,695 - INFO: create Label:0:1:1:1:3:1, None, 22d22e51-abca-11d4-8f1a-0060b0ee18e8
2023-03-25 01:16:36,697 - INFO: change Label:0:1:1:1:3:1.value, None, 0.0
2023-03-25 01:16:36,699 - INFO: create Label:0:1:1:1:3:2, None, 22d22e51-abca-11d4-8f1a-0060b0ee18e8
2023-03-25 01:16:36,701 - INFO: change Label:0:1:1:1:3:2.value, None, 0.0
2023-03-25 01:16:36,703 - INFO: create Label:0:1:1:1:3:3, None, 22d22e51-abca-11d4-8f1a-0060b0ee18e8
2023-03-25 01:16:36,706 - INFO: change Label:0:1:1:1:3:3.value, None, 0.0
2023-03-25 01:16:36,710 - INFO: create Label:0:1:1:2, None, 22d22e51-abca-11d4-8f1a-0060b0ee18e8
2023-03-25 01:16:36,712 - INFO: change Label:0:1:1:2.value, None, 2
2023-03-25 01:16:36,714 - INFO: create Label:0:1:1:3, None, 22d22e51-abca-11d4-8f1a-0060b0ee18e8
2023-03-25 01:16:36,716 - INFO: change Label:0:1:1:3.value, None, 2
2023-03-25 01:16:36,718 - INFO: create Label:0:1:1:4, None, 22d22e51-abca-11d4-8f1a-0060b0ee18e8
2023-03-25 01:16:36,719 - INFO: change Label:0:1:1:4.value, None, 2
2023-03-25 01:16:36,735 - INFO: Label:shape update presentation
2023-03-25 01:16:36,737 - INFO: -- commit command --
2023-03-25 01:16:39,061 - INFO: Selected Item:shape
2023-03-25 01:16:39,063 - INFO: Start init ChangeParamBuilder 
2023-03-25 01:16:39,066 - INFO: Entry:0:1:1 id:22d22e50-abca-11d4-8f1a-0060b0ee18e8 Get Param
2023-03-25 01:16:39,068 - INFO: Entry:0:1:1:1 id:22d22e53-abca-11d4-8f1a-0060b0ee18e8 Get Param
2023-03-25 01:16:39,070 - INFO: Entry:0:1:1:1:1 id:22d22e51-abca-11d4-8f1a-0060b0ee18e8 Get Param
2023-03-25 01:16:39,072 - INFO: Entry:0:1:1:1:2 id:22d22e52-abca-11d4-8f1a-0060b0ee18e8 Get Param
2023-03-25 01:16:39,075 - INFO: Entry:0:1:1:1:2:1 id:22d22e51-abca-11d4-8f1a-0060b0ee18e8 Get Param
2023-03-25 01:16:39,077 - INFO: Entry:0:1:1:1:2:2 id:22d22e51-abca-11d4-8f1a-0060b0ee18e8 Get Param
2023-03-25 01:16:39,080 - INFO: Entry:0:1:1:1:2:3 id:22d22e51-abca-11d4-8f1a-0060b0ee18e8 Get Param
2023-03-25 01:16:39,084 - INFO: Entry:0:1:1:1:3 id:22d22e52-abca-11d4-8f1a-0060b0ee18e8 Get Param
2023-03-25 01:16:39,089 - INFO: Entry:0:1:1:1:3:1 id:22d22e51-abca-11d4-8f1a-0060b0ee18e8 Get Param
2023-03-25 01:16:39,091 - INFO: Entry:0:1:1:1:3:2 id:22d22e51-abca-11d4-8f1a-0060b0ee18e8 Get Param
2023-03-25 01:16:39,093 - INFO: Entry:0:1:1:1:3:3 id:22d22e51-abca-11d4-8f1a-0060b0ee18e8 Get Param
2023-03-25 01:16:39,095 - INFO: Entry:0:1:1:2 id:22d22e51-abca-11d4-8f1a-0060b0ee18e8 Get Param
2023-03-25 01:16:39,098 - INFO: Entry:0:1:1:3 id:22d22e51-abca-11d4-8f1a-0060b0ee18e8 Get Param
2023-03-25 01:16:39,100 - INFO: Entry:0:1:1:4 id:22d22e51-abca-11d4-8f1a-0060b0ee18e8 Get Param
2023-03-25 01:16:39,102 - INFO: params:{'transform': {'angle': 0.0, 'rotateAxis': {'theXp': 0.0, 'theYp': 0.0, 'theZp': 0.0}, 'position': {'theXp': 0.0, 'theYp': 0.0, 'theZp': 0.0}}, 'l': 2.0, 'h': 2.0, 'w': 2.0}
2023-03-25 01:16:39,104 - INFO: End init ChangeParamBuilder 
2023-03-25 01:16:39,107 - INFO: change item:Parent, col:1 to text:0:1:1
2023-03-25 01:16:39,115 - INFO: change item:Name, col:1 to text:shape
2023-03-25 01:16:39,118 - INFO: change item:angle, col:1 to text:0.0
2023-03-25 01:16:39,122 - INFO: change item:theXp, col:1 to text:0.0
2023-03-25 01:16:39,127 - INFO: change item:theYp, col:1 to text:0.0
2023-03-25 01:16:39,130 - INFO: change item:theZp, col:1 to text:0.0
2023-03-25 01:16:39,132 - INFO: change item:theXp, col:1 to text:0.0
2023-03-25 01:16:39,134 - INFO: change item:theYp, col:1 to text:0.0
2023-03-25 01:16:39,136 - INFO: change item:theZp, col:1 to text:0.0
2023-03-25 01:16:39,139 - INFO: change item:l, col:1 to text:2.0
2023-03-25 01:16:39,142 - INFO: change item:h, col:1 to text:2.0
2023-03-25 01:16:39,146 - INFO: change item:w, col:1 to text:2.0
2023-03-25 01:16:39,151 - INFO: ParamTree:<RedPanda.widgets.Logic_Construct.Logic_Construct object at 0x0000022ED6564700>
2023-03-25 01:16:41,759 - INFO: change item:l, col:1 to text:1
2023-03-25 01:16:41,762 - INFO: item:l set change flag
2023-03-25 01:16:41,764 - INFO: item:Shape set change flag
2023-03-25 01:16:42,984 - INFO: Start Collect Change data
2023-03-25 01:16:42,989 - INFO: ParentPath:0:1:1
2023-03-25 01:16:42,991 - INFO: name:shape
2023-03-25 01:16:42,993 - INFO: value:{'l': '1'}
2023-03-25 01:16:42,996 - INFO: end Collect Change data
2023-03-25 01:16:43,000 - INFO: -- NewConmand --
2023-03-25 01:16:43,002 - INFO: -- Change Shape --
2023-03-25 01:16:43,006 - INFO: Id:22d22e50-abca-11d4-8f1a-0060b0ee18e8
2023-03-25 01:16:43,009 - INFO: Name:shape
2023-03-25 01:16:43,014 - INFO: Param:{'l': '1'}
2023-03-25 01:16:43,018 - INFO: change var:0:1:1:2.value, 2.0, 1
2023-03-25 01:16:43,026 - INFO: -- commit command --
2023-03-25 01:23:12,678 - INFO: Start init NewParamBuilder 
2023-03-25 01:23:12,682 - INFO: Type:Box Driver:22d22e50-abca-11d4-8f1a-0060b0ee18e8
2023-03-25 01:23:12,685 - INFO: name:shape
2023-03-25 01:23:12,687 - INFO: parent:0:1
2023-03-25 01:23:12,690 - INFO: shape:{'transform': {'angle': 0.0, 'rotateAxis': {'theXp': 0.0, 'theYp': 0.0, 'theZp': 0.0}, 'position': {'theXp': 0.0, 'theYp': 0.0, 'theZp': 0.0}}, 'l': 0.0, 'h': 0.0, 'w': 0.0}
2023-03-25 01:23:12,692 - INFO: End init NewParamBuilder 
2023-03-25 01:23:12,694 - INFO: change item:Parent, col:1 to text:0:1
2023-03-25 01:23:12,700 - INFO: change item:Name, col:1 to text:shape
2023-03-25 01:23:12,703 - INFO: change item:angle, col:1 to text:0.0
2023-03-25 01:23:12,708 - INFO: change item:theXp, col:1 to text:0.0
2023-03-25 01:23:12,714 - INFO: change item:theYp, col:1 to text:0.0
2023-03-25 01:23:12,716 - INFO: change item:theZp, col:1 to text:0.0
2023-03-25 01:23:12,718 - INFO: change item:theXp, col:1 to text:0.0
2023-03-25 01:23:12,721 - INFO: change item:theYp, col:1 to text:0.0
2023-03-25 01:23:12,725 - INFO: change item:theZp, col:1 to text:0.0
2023-03-25 01:23:12,728 - INFO: change item:l, col:1 to text:0.0
2023-03-25 01:23:12,730 - INFO: change item:h, col:1 to text:0.0
2023-03-25 01:23:12,732 - INFO: change item:w, col:1 to text:0.0
2023-03-25 01:23:12,734 - INFO: ParamTree:<RedPanda.widgets.Logic_Construct.Logic_Construct object at 0x000001DC37D63790>
2023-03-25 01:23:14,942 - INFO: change item:l, col:1 to text:3
2023-03-25 01:23:14,944 - INFO: item:l set change flag
2023-03-25 01:23:14,946 - INFO: item:Shape set change flag
2023-03-25 01:23:16,228 - INFO: change item:h, col:1 to text:3
2023-03-25 01:23:16,230 - INFO: item:h set change flag
2023-03-25 01:23:17,533 - INFO: change item:w, col:1 to text:3
2023-03-25 01:23:17,535 - INFO: item:w set change flag
2023-03-25 01:23:18,588 - INFO: Start Collect New Shape data
2023-03-25 01:23:18,590 - INFO: ParentPath:0:1
2023-03-25 01:23:18,593 - INFO: name:shape
2023-03-25 01:23:18,595 - INFO: value:{'transform': {'angle': '0.0', 'rotateAxis': {'theXp': '0.0', 'theYp': '0.0', 'theZp': '0.0'}, 'position': {'theXp': '0.0', 'theYp': '0.0', 'theZp': '0.0'}}, 'l': '3', 'h': '3', 'w': '3'}
2023-03-25 01:23:18,597 - INFO: end Collect New Shape data
2023-03-25 01:23:18,600 - INFO: -- NewConmand --
2023-03-25 01:23:18,603 - INFO: -- Add New Shape --
2023-03-25 01:23:18,609 - INFO: Type:22d22e50-abca-11d4-8f1a-0060b0ee18e8
2023-03-25 01:23:18,611 - INFO: Name:shape
2023-03-25 01:23:18,613 - INFO: Param:{'transform': {'angle': '0.0', 'rotateAxis': {'theXp': '0.0', 'theYp': '0.0', 'theZp': '0.0'}, 'position': {'theXp': '0.0', 'theYp': '0.0', 'theZp': '0.0'}}, 'l': '3', 'h': '3', 'w': '3'}
2023-03-25 01:23:18,617 - INFO: create Label:0:1:1, None, 22d22e50-abca-11d4-8f1a-0060b0ee18e8
2023-03-25 01:23:18,619 - INFO: create Label:0:1:1:1, None, 22d22e53-abca-11d4-8f1a-0060b0ee18e8
2023-03-25 01:23:18,622 - INFO: create Label:0:1:1:1:1, None, 22d22e51-abca-11d4-8f1a-0060b0ee18e8
2023-03-25 01:23:18,625 - INFO: change Label:0:1:1:1:1.value, None, 0.0
2023-03-25 01:23:18,628 - INFO: create Label:0:1:1:1:2, None, 22d22e52-abca-11d4-8f1a-0060b0ee18e8
2023-03-25 01:23:18,630 - INFO: create Label:0:1:1:1:2:1, None, 22d22e51-abca-11d4-8f1a-0060b0ee18e8
2023-03-25 01:23:18,632 - INFO: change Label:0:1:1:1:2:1.value, None, 0.0
2023-03-25 01:23:18,633 - INFO: create Label:0:1:1:1:2:2, None, 22d22e51-abca-11d4-8f1a-0060b0ee18e8
2023-03-25 01:23:18,635 - INFO: change Label:0:1:1:1:2:2.value, None, 0.0
2023-03-25 01:23:18,639 - INFO: create Label:0:1:1:1:2:3, None, 22d22e51-abca-11d4-8f1a-0060b0ee18e8
2023-03-25 01:23:18,641 - INFO: change Label:0:1:1:1:2:3.value, None, 0.0
2023-03-25 01:23:18,644 - INFO: create Label:0:1:1:1:3, None, 22d22e52-abca-11d4-8f1a-0060b0ee18e8
2023-03-25 01:23:18,646 - INFO: create Label:0:1:1:1:3:1, None, 22d22e51-abca-11d4-8f1a-0060b0ee18e8
2023-03-25 01:23:18,648 - INFO: change Label:0:1:1:1:3:1.value, None, 0.0
2023-03-25 01:23:18,650 - INFO: create Label:0:1:1:1:3:2, None, 22d22e51-abca-11d4-8f1a-0060b0ee18e8
2023-03-25 01:23:18,651 - INFO: change Label:0:1:1:1:3:2.value, None, 0.0
2023-03-25 01:23:18,654 - INFO: create Label:0:1:1:1:3:3, None, 22d22e51-abca-11d4-8f1a-0060b0ee18e8
2023-03-25 01:23:18,656 - INFO: change Label:0:1:1:1:3:3.value, None, 0.0
2023-03-25 01:23:18,660 - INFO: create Label:0:1:1:2, None, 22d22e51-abca-11d4-8f1a-0060b0ee18e8
2023-03-25 01:23:18,662 - INFO: change Label:0:1:1:2.value, None, 3
2023-03-25 01:23:18,665 - INFO: create Label:0:1:1:3, None, 22d22e51-abca-11d4-8f1a-0060b0ee18e8
2023-03-25 01:23:18,669 - INFO: change Label:0:1:1:3.value, None, 3
2023-03-25 01:23:18,673 - INFO: create Label:0:1:1:4, None, 22d22e51-abca-11d4-8f1a-0060b0ee18e8
2023-03-25 01:23:18,676 - INFO: change Label:0:1:1:4.value, None, 3
2023-03-25 01:23:18,683 - INFO: Label:shape update presentation
2023-03-25 01:23:18,686 - INFO: -- commit command --
2023-03-25 01:23:21,529 - INFO: Selected Item:shape
2023-03-25 01:23:21,531 - INFO: Start init ChangeParamBuilder 
2023-03-25 01:23:21,533 - INFO: Entry:0:1:1 id:22d22e50-abca-11d4-8f1a-0060b0ee18e8 Get Param
2023-03-25 01:23:21,535 - INFO: Entry:0:1:1:1 id:22d22e53-abca-11d4-8f1a-0060b0ee18e8 Get Param
2023-03-25 01:23:21,537 - INFO: Entry:0:1:1:1:1 id:22d22e51-abca-11d4-8f1a-0060b0ee18e8 Get Param
2023-03-25 01:23:21,540 - INFO: Entry:0:1:1:1:2 id:22d22e52-abca-11d4-8f1a-0060b0ee18e8 Get Param
2023-03-25 01:23:21,542 - INFO: Entry:0:1:1:1:2:1 id:22d22e51-abca-11d4-8f1a-0060b0ee18e8 Get Param
2023-03-25 01:23:21,545 - INFO: Entry:0:1:1:1:2:2 id:22d22e51-abca-11d4-8f1a-0060b0ee18e8 Get Param
2023-03-25 01:23:21,547 - INFO: Entry:0:1:1:1:2:3 id:22d22e51-abca-11d4-8f1a-0060b0ee18e8 Get Param
2023-03-25 01:23:21,549 - INFO: Entry:0:1:1:1:3 id:22d22e52-abca-11d4-8f1a-0060b0ee18e8 Get Param
2023-03-25 01:23:21,551 - INFO: Entry:0:1:1:1:3:1 id:22d22e51-abca-11d4-8f1a-0060b0ee18e8 Get Param
2023-03-25 01:23:21,552 - INFO: Entry:0:1:1:1:3:2 id:22d22e51-abca-11d4-8f1a-0060b0ee18e8 Get Param
2023-03-25 01:23:21,557 - INFO: Entry:0:1:1:1:3:3 id:22d22e51-abca-11d4-8f1a-0060b0ee18e8 Get Param
2023-03-25 01:23:21,560 - INFO: Entry:0:1:1:2 id:22d22e51-abca-11d4-8f1a-0060b0ee18e8 Get Param
2023-03-25 01:23:21,563 - INFO: Entry:0:1:1:3 id:22d22e51-abca-11d4-8f1a-0060b0ee18e8 Get Param
2023-03-25 01:23:21,565 - INFO: Entry:0:1:1:4 id:22d22e51-abca-11d4-8f1a-0060b0ee18e8 Get Param
2023-03-25 01:23:21,567 - INFO: params:{'transform': {'angle': 0.0, 'rotateAxis': {'theXp': 0.0, 'theYp': 0.0, 'theZp': 0.0}, 'position': {'theXp': 0.0, 'theYp': 0.0, 'theZp': 0.0}}, 'l': 3.0, 'h': 3.0, 'w': 3.0}
2023-03-25 01:23:21,569 - INFO: End init ChangeParamBuilder 
2023-03-25 01:23:21,572 - INFO: change item:Parent, col:1 to text:0:1:1
2023-03-25 01:23:21,580 - INFO: change item:Name, col:1 to text:shape
2023-03-25 01:23:21,588 - INFO: change item:angle, col:1 to text:0.0
2023-03-25 01:23:21,593 - INFO: change item:theXp, col:1 to text:0.0
2023-03-25 01:23:21,598 - INFO: change item:theYp, col:1 to text:0.0
2023-03-25 01:23:21,600 - INFO: change item:theZp, col:1 to text:0.0
2023-03-25 01:23:21,602 - INFO: change item:theXp, col:1 to text:0.0
2023-03-25 01:23:21,605 - INFO: change item:theYp, col:1 to text:0.0
2023-03-25 01:23:21,608 - INFO: change item:theZp, col:1 to text:0.0
2023-03-25 01:23:21,611 - INFO: change item:l, col:1 to text:3.0
2023-03-25 01:23:21,613 - INFO: change item:h, col:1 to text:3.0
2023-03-25 01:23:21,615 - INFO: change item:w, col:1 to text:3.0
2023-03-25 01:23:21,617 - INFO: ParamTree:<RedPanda.widgets.Logic_Construct.Logic_Construct object at 0x000001DC37D63790>
2023-03-25 01:23:27,999 - INFO: change item:l, col:1 to text:1
2023-03-25 01:23:28,001 - INFO: item:l set change flag
2023-03-25 01:23:28,003 - INFO: item:Shape set change flag
2023-03-25 01:23:28,774 - INFO: Start Collect Change data
2023-03-25 01:23:28,777 - INFO: ParentPath:0:1:1
2023-03-25 01:23:28,779 - INFO: name:shape
2023-03-25 01:23:28,782 - INFO: value:{'l': '1'}
2023-03-25 01:23:28,785 - INFO: end Collect Change data
2023-03-25 01:23:28,789 - INFO: -- NewConmand --
2023-03-25 01:23:28,792 - INFO: -- Change Shape --
2023-03-25 01:23:28,795 - INFO: Id:22d22e50-abca-11d4-8f1a-0060b0ee18e8
2023-03-25 01:23:28,797 - INFO: Name:shape
2023-03-25 01:23:28,798 - INFO: Param:{'l': '1'}
2023-03-25 01:23:28,801 - INFO: change var:0:1:1:2.value, 3.0, 1
2023-03-25 01:23:28,901 - INFO: -- commit command --
2023-03-25 01:23:44,926 - INFO: change item:angle, col:1 to text:22
2023-03-25 01:23:44,929 - INFO: item:angle set change flag
2023-03-25 01:23:44,931 - INFO: item:transform set change flag
2023-03-25 01:23:46,039 - INFO: Start Collect Change data
2023-03-25 01:23:46,041 - INFO: ParentPath:0:1:1
2023-03-25 01:23:46,043 - INFO: name:shape
2023-03-25 01:23:46,045 - INFO: value:{'transform': {'angle': '22'}, 'l': '1'}
2023-03-25 01:23:46,047 - INFO: end Collect Change data
2023-03-25 01:23:46,050 - INFO: -- NewConmand --
2023-03-25 01:23:46,052 - INFO: -- Change Shape --
2023-03-25 01:23:46,055 - INFO: Id:22d22e50-abca-11d4-8f1a-0060b0ee18e8
2023-03-25 01:23:46,057 - INFO: Name:shape
2023-03-25 01:23:46,059 - INFO: Param:{'transform': {'angle': '22'}, 'l': '1'}
2023-03-25 01:23:46,061 - INFO: change var:0:1:1:1:1.value, 0.0, 22
2023-03-25 01:23:46,066 - INFO: change var:0:1:1:2.value, 1.0, 1
2023-03-25 01:23:46,074 - INFO: -- commit command --
2023-03-25 01:41:58,572 - INFO: Start init NewParamBuilder 
2023-03-25 01:41:58,579 - INFO: Type:Box Driver:22d22e50-abca-11d4-8f1a-0060b0ee18e8
2023-03-25 01:41:58,584 - INFO: name:shape
2023-03-25 01:41:58,590 - INFO: parent:0:1
2023-03-25 01:41:58,593 - INFO: shape:{'transform': {'angle': 0.0, 'rotateAxis': {'theXp': 0.0, 'theYp': 0.0, 'theZp': 0.0}, 'position': {'theXp': 0.0, 'theYp': 0.0, 'theZp': 0.0}}, 'l': 0.0, 'h': 0.0, 'w': 0.0}
2023-03-25 01:41:58,597 - INFO: End init NewParamBuilder 
2023-03-25 01:41:58,600 - INFO: change item:Parent, col:1 to text:0:1
2023-03-25 01:41:58,611 - INFO: change item:Name, col:1 to text:shape
2023-03-25 01:41:58,623 - INFO: change item:angle, col:1 to text:0.0
2023-03-25 01:41:58,630 - INFO: change item:theXp, col:1 to text:0.0
2023-03-25 01:41:58,635 - INFO: change item:theYp, col:1 to text:0.0
2023-03-25 01:41:58,640 - INFO: change item:theZp, col:1 to text:0.0
2023-03-25 01:41:58,660 - INFO: change item:theXp, col:1 to text:0.0
2023-03-25 01:41:58,667 - INFO: change item:theYp, col:1 to text:0.0
2023-03-25 01:41:58,678 - INFO: change item:theZp, col:1 to text:0.0
2023-03-25 01:41:58,691 - INFO: change item:l, col:1 to text:0.0
2023-03-25 01:41:58,699 - INFO: change item:h, col:1 to text:0.0
2023-03-25 01:41:58,705 - INFO: change item:w, col:1 to text:0.0
2023-03-25 01:41:58,711 - INFO: ParamTree:<RedPanda.widgets.Logic_Construct.Logic_Construct object at 0x0000022E7C6DE820>
2023-03-25 01:42:01,998 - INFO: change item:l, col:1 to text:3
2023-03-25 01:42:02,000 - INFO: item:l set change flag
2023-03-25 01:42:02,002 - INFO: item:Shape set change flag
2023-03-25 01:42:04,842 - INFO: change item:h, col:1 to text:2
2023-03-25 01:42:04,847 - INFO: item:h set change flag
2023-03-25 01:42:06,530 - INFO: change item:w, col:1 to text:3
2023-03-25 01:42:06,532 - INFO: item:w set change flag
2023-03-25 01:42:07,355 - INFO: Start Collect New Shape data
2023-03-25 01:42:07,360 - INFO: ParentPath:0:1
2023-03-25 01:42:07,364 - INFO: name:shape
2023-03-25 01:42:07,366 - INFO: value:{'transform': {'angle': '0.0', 'rotateAxis': {'theXp': '0.0', 'theYp': '0.0', 'theZp': '0.0'}, 'position': {'theXp': '0.0', 'theYp': '0.0', 'theZp': '0.0'}}, 'l': '3', 'h': '2', 'w': '3'}
2023-03-25 01:42:07,368 - INFO: end Collect New Shape data
2023-03-25 01:42:07,372 - INFO: -- NewConmand --
2023-03-25 01:42:07,376 - INFO: -- Add New Shape --
2023-03-25 01:42:07,384 - INFO: Type:22d22e50-abca-11d4-8f1a-0060b0ee18e8
2023-03-25 01:42:07,388 - INFO: Name:shape
2023-03-25 01:42:07,394 - INFO: Param:{'transform': {'angle': '0.0', 'rotateAxis': {'theXp': '0.0', 'theYp': '0.0', 'theZp': '0.0'}, 'position': {'theXp': '0.0', 'theYp': '0.0', 'theZp': '0.0'}}, 'l': '3', 'h': '2', 'w': '3'}
2023-03-25 01:42:07,400 - INFO: create Label:0:1:1, None, 22d22e50-abca-11d4-8f1a-0060b0ee18e8
2023-03-25 01:42:07,402 - INFO: create Label:0:1:1:1, None, 22d22e53-abca-11d4-8f1a-0060b0ee18e8
2023-03-25 01:42:07,406 - INFO: create Label:0:1:1:1:1, None, 22d22e51-abca-11d4-8f1a-0060b0ee18e8
2023-03-25 01:42:07,409 - INFO: change Label:0:1:1:1:1.value, None, 0.0
2023-03-25 01:42:07,420 - INFO: create Label:0:1:1:1:2, None, 22d22e52-abca-11d4-8f1a-0060b0ee18e8
2023-03-25 01:42:07,425 - INFO: create Label:0:1:1:1:2:1, None, 22d22e51-abca-11d4-8f1a-0060b0ee18e8
2023-03-25 01:42:07,428 - INFO: change Label:0:1:1:1:2:1.value, None, 0.0
2023-03-25 01:42:07,432 - INFO: create Label:0:1:1:1:2:2, None, 22d22e51-abca-11d4-8f1a-0060b0ee18e8
2023-03-25 01:42:07,434 - INFO: change Label:0:1:1:1:2:2.value, None, 0.0
2023-03-25 01:42:07,437 - INFO: create Label:0:1:1:1:2:3, None, 22d22e51-abca-11d4-8f1a-0060b0ee18e8
2023-03-25 01:42:07,444 - INFO: change Label:0:1:1:1:2:3.value, None, 0.0
2023-03-25 01:42:07,461 - INFO: create Label:0:1:1:1:3, None, 22d22e52-abca-11d4-8f1a-0060b0ee18e8
2023-03-25 01:42:07,465 - INFO: create Label:0:1:1:1:3:1, None, 22d22e51-abca-11d4-8f1a-0060b0ee18e8
2023-03-25 01:42:07,467 - INFO: change Label:0:1:1:1:3:1.value, None, 0.0
2023-03-25 01:42:07,469 - INFO: create Label:0:1:1:1:3:2, None, 22d22e51-abca-11d4-8f1a-0060b0ee18e8
2023-03-25 01:42:07,472 - INFO: change Label:0:1:1:1:3:2.value, None, 0.0
2023-03-25 01:42:07,475 - INFO: create Label:0:1:1:1:3:3, None, 22d22e51-abca-11d4-8f1a-0060b0ee18e8
2023-03-25 01:42:07,484 - INFO: change Label:0:1:1:1:3:3.value, None, 0.0
2023-03-25 01:42:07,491 - INFO: create Label:0:1:1:2, None, 22d22e51-abca-11d4-8f1a-0060b0ee18e8
2023-03-25 01:42:07,496 - INFO: change Label:0:1:1:2.value, None, 3
2023-03-25 01:42:07,499 - INFO: create Label:0:1:1:3, None, 22d22e51-abca-11d4-8f1a-0060b0ee18e8
2023-03-25 01:42:07,501 - INFO: change Label:0:1:1:3.value, None, 2
2023-03-25 01:42:07,503 - INFO: create Label:0:1:1:4, None, 22d22e51-abca-11d4-8f1a-0060b0ee18e8
2023-03-25 01:42:07,512 - INFO: change Label:0:1:1:4.value, None, 3
2023-03-25 01:42:07,527 - INFO: Label:shape update presentation
2023-03-25 01:42:07,530 - INFO: -- commit command --
2023-03-25 01:42:11,397 - INFO: Selected Item:shape
2023-03-25 01:42:11,400 - INFO: Start init ChangeParamBuilder 
2023-03-25 01:42:11,402 - INFO: Entry:0:1:1 id:22d22e50-abca-11d4-8f1a-0060b0ee18e8 Get Param
2023-03-25 01:42:11,405 - INFO: Entry:0:1:1:1 id:22d22e53-abca-11d4-8f1a-0060b0ee18e8 Get Param
2023-03-25 01:42:11,409 - INFO: Entry:0:1:1:1:1 id:22d22e51-abca-11d4-8f1a-0060b0ee18e8 Get Param
2023-03-25 01:42:11,418 - INFO: Entry:0:1:1:1:2 id:22d22e52-abca-11d4-8f1a-0060b0ee18e8 Get Param
2023-03-25 01:42:11,424 - INFO: Entry:0:1:1:1:2:1 id:22d22e51-abca-11d4-8f1a-0060b0ee18e8 Get Param
2023-03-25 01:42:11,429 - INFO: Entry:0:1:1:1:2:2 id:22d22e51-abca-11d4-8f1a-0060b0ee18e8 Get Param
2023-03-25 01:42:11,431 - INFO: Entry:0:1:1:1:2:3 id:22d22e51-abca-11d4-8f1a-0060b0ee18e8 Get Param
2023-03-25 01:42:11,434 - INFO: Entry:0:1:1:1:3 id:22d22e52-abca-11d4-8f1a-0060b0ee18e8 Get Param
2023-03-25 01:42:11,436 - INFO: Entry:0:1:1:1:3:1 id:22d22e51-abca-11d4-8f1a-0060b0ee18e8 Get Param
2023-03-25 01:42:11,440 - INFO: Entry:0:1:1:1:3:2 id:22d22e51-abca-11d4-8f1a-0060b0ee18e8 Get Param
2023-03-25 01:42:11,447 - INFO: Entry:0:1:1:1:3:3 id:22d22e51-abca-11d4-8f1a-0060b0ee18e8 Get Param
2023-03-25 01:42:11,453 - INFO: Entry:0:1:1:2 id:22d22e51-abca-11d4-8f1a-0060b0ee18e8 Get Param
2023-03-25 01:42:11,459 - INFO: Entry:0:1:1:3 id:22d22e51-abca-11d4-8f1a-0060b0ee18e8 Get Param
2023-03-25 01:42:11,463 - INFO: Entry:0:1:1:4 id:22d22e51-abca-11d4-8f1a-0060b0ee18e8 Get Param
2023-03-25 01:42:11,465 - INFO: params:{'transform': {'angle': 0.0, 'rotateAxis': {'theXp': 0.0, 'theYp': 0.0, 'theZp': 0.0}, 'position': {'theXp': 0.0, 'theYp': 0.0, 'theZp': 0.0}}, 'l': 3.0, 'h': 2.0, 'w': 3.0}
2023-03-25 01:42:11,467 - INFO: End init ChangeParamBuilder 
2023-03-25 01:42:11,469 - INFO: change item:Parent, col:1 to text:0:1:1
2023-03-25 01:42:11,481 - INFO: change item:Name, col:1 to text:shape
2023-03-25 01:42:11,487 - INFO: change item:angle, col:1 to text:0.0
2023-03-25 01:42:11,495 - INFO: change item:theXp, col:1 to text:0.0
2023-03-25 01:42:11,501 - INFO: change item:theYp, col:1 to text:0.0
2023-03-25 01:42:11,507 - INFO: change item:theZp, col:1 to text:0.0
2023-03-25 01:42:11,523 - INFO: change item:theXp, col:1 to text:0.0
2023-03-25 01:42:11,528 - INFO: change item:theYp, col:1 to text:0.0
2023-03-25 01:42:11,533 - INFO: change item:theZp, col:1 to text:0.0
2023-03-25 01:42:11,535 - INFO: change item:l, col:1 to text:3.0
2023-03-25 01:42:11,538 - INFO: change item:h, col:1 to text:2.0
2023-03-25 01:42:11,551 - INFO: change item:w, col:1 to text:3.0
2023-03-25 01:42:11,556 - INFO: ParamTree:<RedPanda.widgets.Logic_Construct.Logic_Construct object at 0x0000022E7C6DE820>
2023-03-25 01:42:17,764 - INFO: change item:theYp, col:1 to text:2
2023-03-25 01:42:17,771 - INFO: item:theYp set change flag
2023-03-25 01:42:17,775 - INFO: item:rotateAxis set change flag
2023-03-25 01:42:17,781 - INFO: item:transform set change flag
2023-03-25 01:42:17,786 - INFO: item:Shape set change flag
2023-03-25 01:42:19,032 - INFO: Start Collect Change data
2023-03-25 01:42:19,034 - INFO: ParentPath:0:1:1
2023-03-25 01:42:19,037 - INFO: name:shape
2023-03-25 01:42:19,041 - INFO: value:{'transform': {'rotateAxis': {'theYp': '2'}}}
2023-03-25 01:42:19,051 - INFO: end Collect Change data
2023-03-25 01:42:19,063 - INFO: -- NewConmand --
2023-03-25 01:42:19,066 - INFO: -- Change Shape --
2023-03-25 01:42:19,068 - INFO: Id:22d22e50-abca-11d4-8f1a-0060b0ee18e8
2023-03-25 01:42:19,070 - INFO: Name:shape
2023-03-25 01:42:19,073 - INFO: Param:{'transform': {'rotateAxis': {'theYp': '2'}}}
2023-03-25 01:42:19,082 - INFO: change var:0:1:1:1:2:2.value, 0.0, 2
2023-03-25 01:42:19,097 - INFO: -- commit command --
2023-03-25 01:42:26,768 - INFO: change item:h, col:1 to text:3
2023-03-25 01:42:26,770 - INFO: item:h set change flag
2023-03-25 01:42:28,222 - INFO: Start Collect Change data
2023-03-25 01:42:28,228 - INFO: ParentPath:0:1:1
2023-03-25 01:42:28,241 - INFO: name:shape
2023-03-25 01:42:28,246 - INFO: value:{'transform': {'rotateAxis': {'theYp': '2'}}, 'h': '3'}
2023-03-25 01:42:28,251 - INFO: end Collect Change data
2023-03-25 01:42:28,265 - INFO: -- NewConmand --
2023-03-25 01:42:28,273 - INFO: -- Change Shape --
2023-03-25 01:42:28,279 - INFO: Id:22d22e50-abca-11d4-8f1a-0060b0ee18e8
2023-03-25 01:42:28,295 - INFO: Name:shape
2023-03-25 01:42:28,299 - INFO: Param:{'transform': {'rotateAxis': {'theYp': '2'}}, 'h': '3'}
2023-03-25 01:42:28,308 - INFO: change var:0:1:1:1:2:2.value, 2.0, 2
2023-03-25 01:42:28,318 - INFO: change var:0:1:1:3.value, 2.0, 3
2023-03-25 01:42:28,329 - INFO: -- commit command --
