2023-04-01 14:02:14,138 - INFO: Start init NewParamBuilder 
2023-04-01 14:02:14,140 - INFO: Type:Box Driver:22d22e50-abca-11d4-8f1a-0060b0ee18e8
2023-04-01 14:02:14,163 - INFO: name:shape
2023-04-01 14:02:14,165 - INFO: parent:0:1
2023-04-01 14:02:14,167 - INFO: shape:{'transform': {'angle': 0.0, 'rotateAxis': {'theXp': 0.0, 'theYp': 0.0, 'theZp': 0.0}, 'position': {'theXp': 0.0, 'theYp': 0.0, 'theZp': 0.0}}, 'l': 0.0, 'h': 0.0, 'w': 0.0}
2023-04-01 14:02:14,169 - INFO: End init NewParamBuilder 
2023-04-01 14:02:14,172 - INFO: change item:Parent, col:1 to text:0:1
2023-04-01 14:02:14,207 - INFO: change item:Name, col:1 to text:shape
2023-04-01 14:02:14,211 - INFO: change item:angle, col:1 to text:0.0
2023-04-01 14:02:14,213 - INFO: change item:theXp, col:1 to text:0.0
2023-04-01 14:02:14,215 - INFO: change item:theYp, col:1 to text:0.0
2023-04-01 14:02:14,218 - INFO: change item:theZp, col:1 to text:0.0
2023-04-01 14:02:14,220 - INFO: change item:theXp, col:1 to text:0.0
2023-04-01 14:02:14,223 - INFO: change item:theYp, col:1 to text:0.0
2023-04-01 14:02:14,226 - INFO: change item:theZp, col:1 to text:0.0
2023-04-01 14:02:14,229 - INFO: change item:l, col:1 to text:0.0
2023-04-01 14:02:14,231 - INFO: change item:h, col:1 to text:0.0
2023-04-01 14:02:14,234 - INFO: change item:w, col:1 to text:0.0
2023-04-01 14:02:14,237 - INFO: ParamTree:<RedPanda.widgets.Logic_Construct.Logic_Construct object at 0x000001AF25A653A0>
2023-04-01 14:03:20,587 - INFO: Start init NewParamBuilder 
2023-04-01 14:03:20,590 - INFO: Type:Box Driver:22d22e50-abca-11d4-8f1a-0060b0ee18e8
2023-04-01 14:03:20,593 - INFO: name:shape
2023-04-01 14:03:20,595 - INFO: parent:0:1
2023-04-01 14:03:20,597 - INFO: shape:{'transform': {'angle': 0.0, 'rotateAxis': {'theXp': 0.0, 'theYp': 0.0, 'theZp': 0.0}, 'position': {'theXp': 0.0, 'theYp': 0.0, 'theZp': 0.0}}, 'l': 0.0, 'h': 0.0, 'w': 0.0}
2023-04-01 14:03:20,599 - INFO: End init NewParamBuilder 
2023-04-01 14:03:20,602 - INFO: change item:Parent, col:1 to text:0:1
2023-04-01 14:03:20,615 - INFO: change item:Name, col:1 to text:shape
2023-04-01 14:03:20,621 - INFO: change item:angle, col:1 to text:0.0
2023-04-01 14:03:20,625 - INFO: change item:theXp, col:1 to text:0.0
2023-04-01 14:03:20,628 - INFO: change item:theYp, col:1 to text:0.0
2023-04-01 14:03:20,631 - INFO: change item:theZp, col:1 to text:0.0
2023-04-01 14:03:20,633 - INFO: change item:theXp, col:1 to text:0.0
2023-04-01 14:03:20,635 - INFO: change item:theYp, col:1 to text:0.0
2023-04-01 14:03:20,641 - INFO: change item:theZp, col:1 to text:0.0
2023-04-01 14:03:20,643 - INFO: change item:l, col:1 to text:0.0
2023-04-01 14:03:20,645 - INFO: change item:h, col:1 to text:0.0
2023-04-01 14:03:20,649 - INFO: change item:w, col:1 to text:0.0
2023-04-01 14:03:20,652 - INFO: ParamTree:<RedPanda.widgets.Logic_Construct.Logic_Construct object at 0x000001EFFBCCE4C0>
2023-04-01 14:06:58,281 - INFO: Start init NewParamBuilder 
2023-04-01 14:06:58,284 - INFO: Type:Box Driver:22d22e50-abca-11d4-8f1a-0060b0ee18e8
2023-04-01 14:06:58,286 - INFO: name:shape
2023-04-01 14:06:58,289 - INFO: parent:0:1
2023-04-01 14:06:58,292 - INFO: shape:{'transform': {'angle': 0.0, 'rotateAxis': {'theXp': 0.0, 'theYp': 0.0, 'theZp': 0.0}, 'position': {'theXp': 0.0, 'theYp': 0.0, 'theZp': 0.0}}, 'l': 0.0, 'h': 0.0, 'w': 0.0}
2023-04-01 14:06:58,294 - INFO: End init NewParamBuilder 
2023-04-01 14:06:58,297 - INFO: change item:Parent, col:1 to text:0:1
2023-04-01 14:06:58,309 - INFO: change item:Name, col:1 to text:shape
2023-04-01 14:06:58,315 - INFO: change item:angle, col:1 to text:0.0
2023-04-01 14:06:58,318 - INFO: change item:theXp, col:1 to text:0.0
2023-04-01 14:06:58,321 - INFO: change item:theYp, col:1 to text:0.0
2023-04-01 14:06:58,324 - INFO: change item:theZp, col:1 to text:0.0
2023-04-01 14:06:58,327 - INFO: change item:theXp, col:1 to text:0.0
2023-04-01 14:06:58,330 - INFO: change item:theYp, col:1 to text:0.0
2023-04-01 14:06:58,333 - INFO: change item:theZp, col:1 to text:0.0
2023-04-01 14:06:58,335 - INFO: change item:l, col:1 to text:0.0
2023-04-01 14:06:58,339 - INFO: change item:h, col:1 to text:0.0
2023-04-01 14:06:58,343 - INFO: change item:w, col:1 to text:0.0
2023-04-01 14:06:58,345 - INFO: ParamTree:<RedPanda.widgets.Logic_Construct.Logic_Construct object at 0x000001C2037C14C0>
2023-04-01 14:08:49,245 - INFO: Start init NewParamBuilder 
2023-04-01 14:08:49,247 - INFO: Type:Box Driver:22d22e50-abca-11d4-8f1a-0060b0ee18e8
2023-04-01 14:08:49,250 - INFO: name:shape
2023-04-01 14:08:49,252 - INFO: parent:0:1
2023-04-01 14:08:49,255 - INFO: shape:{'transform': {'angle': 0.0, 'rotateAxis': {'theXp': 0.0, 'theYp': 0.0, 'theZp': 0.0}, 'position': {'theXp': 0.0, 'theYp': 0.0, 'theZp': 0.0}}, 'l': 0.0, 'h': 0.0, 'w': 0.0}
2023-04-01 14:08:49,257 - INFO: End init NewParamBuilder 
2023-04-01 14:08:49,260 - INFO: change item:Parent, col:1 to text:0:1
2023-04-01 14:08:49,272 - INFO: change item:Name, col:1 to text:shape
2023-04-01 14:08:49,276 - INFO: change item:angle, col:1 to text:0.0
2023-04-01 14:08:49,280 - INFO: change item:theXp, col:1 to text:0.0
2023-04-01 14:08:49,283 - INFO: change item:theYp, col:1 to text:0.0
2023-04-01 14:08:49,285 - INFO: change item:theZp, col:1 to text:0.0
2023-04-01 14:08:49,288 - INFO: change item:theXp, col:1 to text:0.0
2023-04-01 14:08:49,290 - INFO: change item:theYp, col:1 to text:0.0
2023-04-01 14:08:49,293 - INFO: change item:theZp, col:1 to text:0.0
2023-04-01 14:08:49,296 - INFO: change item:l, col:1 to text:0.0
2023-04-01 14:08:49,299 - INFO: change item:h, col:1 to text:0.0
2023-04-01 14:08:49,302 - INFO: change item:w, col:1 to text:0.0
2023-04-01 14:08:49,305 - INFO: ParamTree:<RedPanda.widgets.Logic_Construct.Logic_Construct object at 0x000001A0C257E4C0>
2023-04-01 14:11:25,171 - INFO: Start init NewParamBuilder 
2023-04-01 14:11:25,174 - INFO: Type:Box Driver:22d22e50-abca-11d4-8f1a-0060b0ee18e8
2023-04-01 14:11:25,176 - INFO: name:shape
2023-04-01 14:11:25,178 - INFO: parent:0:1
2023-04-01 14:11:25,180 - INFO: shape:{'transform': {'angle': 0.0, 'rotateAxis': {'theXp': 0.0, 'theYp': 0.0, 'theZp': 0.0}, 'position': {'theXp': 0.0, 'theYp': 0.0, 'theZp': 0.0}}, 'l': 0.0, 'h': 0.0, 'w': 0.0}
2023-04-01 14:11:25,181 - INFO: End init NewParamBuilder 
2023-04-01 14:11:25,185 - INFO: change item:Parent, col:1 to text:0:1
2023-04-01 14:11:25,195 - INFO: change item:Name, col:1 to text:shape
2023-04-01 14:11:25,199 - INFO: change item:angle, col:1 to text:0.0
2023-04-01 14:11:25,201 - INFO: change item:theXp, col:1 to text:0.0
2023-04-01 14:11:25,204 - INFO: change item:theYp, col:1 to text:0.0
2023-04-01 14:11:25,208 - INFO: change item:theZp, col:1 to text:0.0
2023-04-01 14:11:25,211 - INFO: change item:theXp, col:1 to text:0.0
2023-04-01 14:11:25,213 - INFO: change item:theYp, col:1 to text:0.0
2023-04-01 14:11:25,215 - INFO: change item:theZp, col:1 to text:0.0
2023-04-01 14:11:25,217 - INFO: change item:l, col:1 to text:0.0
2023-04-01 14:11:25,220 - INFO: change item:h, col:1 to text:0.0
2023-04-01 14:11:25,222 - INFO: change item:w, col:1 to text:0.0
2023-04-01 14:11:25,225 - INFO: ParamTree:<RedPanda.widgets.Logic_Construct.Logic_Construct object at 0x0000025A184414C0>
2023-04-01 14:11:32,677 - INFO: Start init NewParamBuilder 
2023-04-01 14:11:32,679 - INFO: Type:Box Driver:22d22e50-abca-11d4-8f1a-0060b0ee18e8
2023-04-01 14:11:32,682 - INFO: name:shape
2023-04-01 14:11:32,684 - INFO: parent:0:1
2023-04-01 14:11:32,686 - INFO: shape:{'transform': {'angle': 0.0, 'rotateAxis': {'theXp': 0.0, 'theYp': 0.0, 'theZp': 0.0}, 'position': {'theXp': 0.0, 'theYp': 0.0, 'theZp': 0.0}}, 'l': 0.0, 'h': 0.0, 'w': 0.0}
2023-04-01 14:11:32,688 - INFO: End init NewParamBuilder 
2023-04-01 14:11:32,691 - INFO: change item:Parent, col:1 to text:0:1
2023-04-01 14:11:32,702 - INFO: change item:Name, col:1 to text:shape
2023-04-01 14:11:32,706 - INFO: change item:angle, col:1 to text:0.0
2023-04-01 14:11:32,708 - INFO: change item:theXp, col:1 to text:0.0
2023-04-01 14:11:32,711 - INFO: change item:theYp, col:1 to text:0.0
2023-04-01 14:11:32,713 - INFO: change item:theZp, col:1 to text:0.0
2023-04-01 14:11:32,716 - INFO: change item:theXp, col:1 to text:0.0
2023-04-01 14:11:32,718 - INFO: change item:theYp, col:1 to text:0.0
2023-04-01 14:11:32,721 - INFO: change item:theZp, col:1 to text:0.0
2023-04-01 14:11:32,724 - INFO: change item:l, col:1 to text:0.0
2023-04-01 14:11:32,726 - INFO: change item:h, col:1 to text:0.0
2023-04-01 14:11:32,728 - INFO: change item:w, col:1 to text:0.0
2023-04-01 14:11:32,731 - INFO: ParamTree:<RedPanda.widgets.Logic_Construct.Logic_Construct object at 0x0000024EE1EAF4C0>
2023-04-01 14:11:57,602 - INFO: Start init NewParamBuilder 
2023-04-01 14:11:57,604 - INFO: Type:Box Driver:22d22e50-abca-11d4-8f1a-0060b0ee18e8
2023-04-01 14:11:57,607 - INFO: name:shape
2023-04-01 14:11:57,608 - INFO: parent:0:1
2023-04-01 14:11:57,610 - INFO: shape:{'transform': {'angle': 0.0, 'rotateAxis': {'theXp': 0.0, 'theYp': 0.0, 'theZp': 0.0}, 'position': {'theXp': 0.0, 'theYp': 0.0, 'theZp': 0.0}}, 'l': 0.0, 'h': 0.0, 'w': 0.0}
2023-04-01 14:11:57,612 - INFO: End init NewParamBuilder 
2023-04-01 14:11:57,615 - INFO: change item:Parent, col:1 to text:0:1
2023-04-01 14:11:57,629 - INFO: change item:Name, col:1 to text:shape
2023-04-01 14:11:57,633 - INFO: change item:angle, col:1 to text:0.0
2023-04-01 14:11:57,635 - INFO: change item:theXp, col:1 to text:0.0
2023-04-01 14:11:57,639 - INFO: change item:theYp, col:1 to text:0.0
2023-04-01 14:11:57,641 - INFO: change item:theZp, col:1 to text:0.0
2023-04-01 14:11:57,644 - INFO: change item:theXp, col:1 to text:0.0
2023-04-01 14:11:57,647 - INFO: change item:theYp, col:1 to text:0.0
2023-04-01 14:11:57,649 - INFO: change item:theZp, col:1 to text:0.0
2023-04-01 14:11:57,650 - INFO: change item:l, col:1 to text:0.0
2023-04-01 14:11:57,653 - INFO: change item:h, col:1 to text:0.0
2023-04-01 14:11:57,656 - INFO: change item:w, col:1 to text:0.0
2023-04-01 14:11:57,658 - INFO: ParamTree:<RedPanda.widgets.Logic_Construct.Logic_Construct object at 0x0000019AD8B824C0>
2023-04-01 14:24:22,618 - INFO: Start init NewParamBuilder 
2023-04-01 14:24:22,620 - INFO: Type:Box Driver:22d22e50-abca-11d4-8f1a-0060b0ee18e8
2023-04-01 14:24:22,622 - INFO: name:shape
2023-04-01 14:24:22,624 - INFO: parent:0:1
2023-04-01 14:24:22,626 - INFO: shape:{'transform': {'angle': 0.0, 'rotateAxis': {'theXp': 0.0, 'theYp': 0.0, 'theZp': 0.0}, 'position': {'theXp': 0.0, 'theYp': 0.0, 'theZp': 0.0}}, 'l': 0.0, 'h': 0.0, 'w': 0.0}
2023-04-01 14:24:22,627 - INFO: End init NewParamBuilder 
2023-04-01 14:24:22,630 - INFO: change item:Parent, col:1 to text:0:1
2023-04-01 14:24:22,644 - INFO: change item:Name, col:1 to text:shape
2023-04-01 14:24:22,648 - INFO: change item:angle, col:1 to text:0.0
2023-04-01 14:24:22,650 - INFO: change item:theXp, col:1 to text:0.0
2023-04-01 14:24:22,652 - INFO: change item:theYp, col:1 to text:0.0
2023-04-01 14:24:22,656 - INFO: change item:theZp, col:1 to text:0.0
2023-04-01 14:24:22,659 - INFO: change item:theXp, col:1 to text:0.0
2023-04-01 14:24:22,660 - INFO: change item:theYp, col:1 to text:0.0
2023-04-01 14:24:22,662 - INFO: change item:theZp, col:1 to text:0.0
2023-04-01 14:24:22,664 - INFO: change item:l, col:1 to text:0.0
2023-04-01 14:24:22,667 - INFO: change item:h, col:1 to text:0.0
2023-04-01 14:24:22,669 - INFO: change item:w, col:1 to text:0.0
2023-04-01 14:24:22,672 - INFO: ParamTree:<RedPanda.widgets.Logic_Construct.Logic_Construct object at 0x000001BFC82F0550>
2023-04-01 14:31:46,107 - INFO: Start init NewParamBuilder 
2023-04-01 14:31:46,109 - INFO: Type:Box Driver:22d22e50-abca-11d4-8f1a-0060b0ee18e8
2023-04-01 14:31:46,112 - INFO: name:shape
2023-04-01 14:31:46,114 - INFO: parent:0:1
2023-04-01 14:31:46,116 - INFO: shape:{'transform': {'angle': 0.0, 'rotateAxis': {'theXp': 0.0, 'theYp': 0.0, 'theZp': 0.0}, 'position': {'theXp': 0.0, 'theYp': 0.0, 'theZp': 0.0}}, 'l': 0.0, 'h': 0.0, 'w': 0.0}
2023-04-01 14:31:46,118 - INFO: End init NewParamBuilder 
2023-04-01 14:31:46,121 - INFO: change item:Parent, col:1 to text:0:1
2023-04-01 14:31:46,174 - INFO: change item:Name, col:1 to text:shape
2023-04-01 14:31:46,177 - INFO: change item:angle, col:1 to text:0.0
2023-04-01 14:31:46,180 - INFO: change item:theXp, col:1 to text:0.0
2023-04-01 14:31:46,183 - INFO: change item:theYp, col:1 to text:0.0
2023-04-01 14:31:46,185 - INFO: change item:theZp, col:1 to text:0.0
2023-04-01 14:31:46,188 - INFO: change item:theXp, col:1 to text:0.0
2023-04-01 14:31:46,192 - INFO: change item:theYp, col:1 to text:0.0
2023-04-01 14:31:46,194 - INFO: change item:theZp, col:1 to text:0.0
2023-04-01 14:31:46,196 - INFO: change item:l, col:1 to text:0.0
2023-04-01 14:31:46,199 - INFO: change item:h, col:1 to text:0.0
2023-04-01 14:31:46,203 - INFO: change item:w, col:1 to text:0.0
2023-04-01 14:31:46,207 - INFO: ParamTree:<RedPanda.widgets.Logic_Construct.Logic_Construct object at 0x000001EBFD14A550>
2023-04-01 14:34:58,489 - INFO: Start init NewParamBuilder 
2023-04-01 14:34:58,492 - INFO: Type:Box Driver:22d22e50-abca-11d4-8f1a-0060b0ee18e8
2023-04-01 14:34:58,496 - INFO: name:shape
2023-04-01 14:34:58,498 - INFO: parent:0:1
2023-04-01 14:34:58,500 - INFO: shape:{'transform': {'angle': 0.0, 'rotateAxis': {'theXp': 0.0, 'theYp': 0.0, 'theZp': 0.0}, 'position': {'theXp': 0.0, 'theYp': 0.0, 'theZp': 0.0}}, 'l': 0.0, 'h': 0.0, 'w': 0.0}
2023-04-01 14:34:58,502 - INFO: End init NewParamBuilder 
2023-04-01 14:34:58,505 - INFO: change item:Parent, col:1 to text:0:1
2023-04-01 14:34:58,513 - INFO: change item:Name, col:1 to text:shape
2023-04-01 14:34:58,516 - INFO: change item:angle, col:1 to text:0.0
2023-04-01 14:34:58,520 - INFO: change item:theXp, col:1 to text:0.0
2023-04-01 14:34:58,522 - INFO: change item:theYp, col:1 to text:0.0
2023-04-01 14:34:58,525 - INFO: change item:theZp, col:1 to text:0.0
2023-04-01 14:34:58,528 - INFO: change item:theXp, col:1 to text:0.0
2023-04-01 14:34:58,531 - INFO: change item:theYp, col:1 to text:0.0
2023-04-01 14:34:58,534 - INFO: change item:theZp, col:1 to text:0.0
2023-04-01 14:34:58,536 - INFO: change item:l, col:1 to text:0.0
2023-04-01 14:34:58,541 - INFO: change item:h, col:1 to text:0.0
2023-04-01 14:34:58,543 - INFO: change item:w, col:1 to text:0.0
2023-04-01 14:34:58,546 - INFO: ParamTree:<RedPanda.widgets.Logic_Construct.Logic_Construct object at 0x0000014EAE90A550>
2023-04-01 14:35:10,958 - INFO: Start init NewParamBuilder 
2023-04-01 14:35:10,960 - INFO: Type:Box Driver:22d22e50-abca-11d4-8f1a-0060b0ee18e8
2023-04-01 14:35:10,963 - INFO: name:shape
2023-04-01 14:35:10,967 - INFO: parent:0:1
2023-04-01 14:35:10,971 - INFO: shape:{'transform': {'angle': 0.0, 'rotateAxis': {'theXp': 0.0, 'theYp': 0.0, 'theZp': 0.0}, 'position': {'theXp': 0.0, 'theYp': 0.0, 'theZp': 0.0}}, 'l': 0.0, 'h': 0.0, 'w': 0.0}
2023-04-01 14:35:10,976 - INFO: End init NewParamBuilder 
2023-04-01 14:35:10,980 - INFO: change item:Parent, col:1 to text:0:1
2023-04-01 14:35:10,990 - INFO: change item:Name, col:1 to text:shape
2023-04-01 14:35:10,993 - INFO: change item:angle, col:1 to text:0.0
2023-04-01 14:35:10,996 - INFO: change item:theXp, col:1 to text:0.0
2023-04-01 14:35:10,999 - INFO: change item:theYp, col:1 to text:0.0
2023-04-01 14:35:11,001 - INFO: change item:theZp, col:1 to text:0.0
2023-04-01 14:35:11,003 - INFO: change item:theXp, col:1 to text:0.0
2023-04-01 14:35:11,008 - INFO: change item:theYp, col:1 to text:0.0
2023-04-01 14:35:11,010 - INFO: change item:theZp, col:1 to text:0.0
2023-04-01 14:35:11,012 - INFO: change item:l, col:1 to text:0.0
2023-04-01 14:35:11,015 - INFO: change item:h, col:1 to text:0.0
2023-04-01 14:35:11,017 - INFO: change item:w, col:1 to text:0.0
2023-04-01 14:35:11,019 - INFO: ParamTree:<RedPanda.widgets.Logic_Construct.Logic_Construct object at 0x000001810F66C5E0>
2023-04-01 14:35:16,305 - INFO: Start init NewParamBuilder 
2023-04-01 14:35:16,308 - INFO: Type:Box Driver:22d22e50-abca-11d4-8f1a-0060b0ee18e8
2023-04-01 14:35:16,310 - INFO: name:shape
2023-04-01 14:35:16,313 - INFO: parent:0:1
2023-04-01 14:35:16,316 - INFO: shape:{'transform': {'angle': 0.0, 'rotateAxis': {'theXp': 0.0, 'theYp': 0.0, 'theZp': 0.0}, 'position': {'theXp': 0.0, 'theYp': 0.0, 'theZp': 0.0}}, 'l': 0.0, 'h': 0.0, 'w': 0.0}
2023-04-01 14:35:16,318 - INFO: End init NewParamBuilder 
2023-04-01 14:35:16,323 - INFO: change item:Parent, col:1 to text:0:1
2023-04-01 14:35:16,330 - INFO: change item:Name, col:1 to text:shape
2023-04-01 14:35:16,338 - INFO: change item:angle, col:1 to text:0.0
2023-04-01 14:35:16,340 - INFO: change item:theXp, col:1 to text:0.0
2023-04-01 14:35:16,342 - INFO: change item:theYp, col:1 to text:0.0
2023-04-01 14:35:16,346 - INFO: change item:theZp, col:1 to text:0.0
2023-04-01 14:35:16,350 - INFO: change item:theXp, col:1 to text:0.0
2023-04-01 14:35:16,352 - INFO: change item:theYp, col:1 to text:0.0
2023-04-01 14:35:16,355 - INFO: change item:theZp, col:1 to text:0.0
2023-04-01 14:35:16,358 - INFO: change item:l, col:1 to text:0.0
2023-04-01 14:35:16,360 - INFO: change item:h, col:1 to text:0.0
2023-04-01 14:35:16,366 - INFO: change item:w, col:1 to text:0.0
2023-04-01 14:35:16,368 - INFO: ParamTree:<RedPanda.widgets.Logic_Construct.Logic_Construct object at 0x000001FD95CA24C0>
2023-04-01 14:38:27,792 - INFO: Start init NewParamBuilder 
2023-04-01 14:38:27,794 - INFO: Type:Box Driver:22d22e50-abca-11d4-8f1a-0060b0ee18e8
2023-04-01 14:38:27,802 - INFO: name:shape
2023-04-01 14:38:27,806 - INFO: parent:0:1
2023-04-01 14:38:27,810 - INFO: shape:{'transform': {'angle': 0.0, 'rotateAxis': {'theXp': 0.0, 'theYp': 0.0, 'theZp': 0.0}, 'position': {'theXp': 0.0, 'theYp': 0.0, 'theZp': 0.0}}, 'l': 0.0, 'h': 0.0, 'w': 0.0}
2023-04-01 14:38:27,812 - INFO: End init NewParamBuilder 
2023-04-01 14:38:27,820 - INFO: change item:Parent, col:1 to text:0:1
2023-04-01 14:38:27,829 - INFO: change item:Name, col:1 to text:shape
2023-04-01 14:38:27,840 - INFO: change item:angle, col:1 to text:0.0
2023-04-01 14:38:27,843 - INFO: change item:theXp, col:1 to text:0.0
2023-04-01 14:38:27,846 - INFO: change item:theYp, col:1 to text:0.0
2023-04-01 14:38:27,850 - INFO: change item:theZp, col:1 to text:0.0
2023-04-01 14:38:27,860 - INFO: change item:theXp, col:1 to text:0.0
2023-04-01 14:38:27,864 - INFO: change item:theYp, col:1 to text:0.0
2023-04-01 14:38:27,872 - INFO: change item:theZp, col:1 to text:0.0
2023-04-01 14:38:27,879 - INFO: change item:l, col:1 to text:0.0
2023-04-01 14:38:27,882 - INFO: change item:h, col:1 to text:0.0
2023-04-01 14:38:27,891 - INFO: change item:w, col:1 to text:0.0
2023-04-01 14:38:27,894 - INFO: ParamTree:<RedPanda.widgets.Logic_Construct.Logic_Construct object at 0x0000018886EBA5E0>
2023-04-01 14:41:28,902 - INFO: Start init NewParamBuilder 
2023-04-01 14:41:28,905 - INFO: Type:Box Driver:22d22e50-abca-11d4-8f1a-0060b0ee18e8
2023-04-01 14:41:28,909 - INFO: name:shape
2023-04-01 14:41:28,912 - INFO: parent:0:1
2023-04-01 14:41:28,914 - INFO: shape:{'transform': {'angle': 0.0, 'rotateAxis': {'theXp': 0.0, 'theYp': 0.0, 'theZp': 0.0}, 'position': {'theXp': 0.0, 'theYp': 0.0, 'theZp': 0.0}}, 'l': 0.0, 'h': 0.0, 'w': 0.0}
2023-04-01 14:41:28,917 - INFO: End init NewParamBuilder 
2023-04-01 14:41:28,922 - INFO: change item:Parent, col:1 to text:0:1
2023-04-01 14:41:28,931 - INFO: change item:Name, col:1 to text:shape
2023-04-01 14:41:28,935 - INFO: change item:angle, col:1 to text:0.0
2023-04-01 14:41:28,938 - INFO: change item:theXp, col:1 to text:0.0
2023-04-01 14:41:28,940 - INFO: change item:theYp, col:1 to text:0.0
2023-04-01 14:41:28,942 - INFO: change item:theZp, col:1 to text:0.0
2023-04-01 14:41:28,946 - INFO: change item:theXp, col:1 to text:0.0
2023-04-01 14:41:28,948 - INFO: change item:theYp, col:1 to text:0.0
2023-04-01 14:41:28,952 - INFO: change item:theZp, col:1 to text:0.0
2023-04-01 14:41:28,956 - INFO: change item:l, col:1 to text:0.0
2023-04-01 14:41:28,960 - INFO: change item:h, col:1 to text:0.0
2023-04-01 14:41:28,964 - INFO: change item:w, col:1 to text:0.0
2023-04-01 14:41:28,966 - INFO: ParamTree:<RedPanda.widgets.Logic_Construct.Logic_Construct object at 0x000001BECD3505E0>
2023-04-01 14:42:48,437 - INFO: Start init NewParamBuilder 
2023-04-01 14:42:48,440 - INFO: Type:Box Driver:22d22e50-abca-11d4-8f1a-0060b0ee18e8
2023-04-01 14:42:48,443 - INFO: name:shape
2023-04-01 14:42:48,445 - INFO: parent:0:1
2023-04-01 14:42:48,447 - INFO: shape:{'transform': {'angle': 0.0, 'rotateAxis': {'theXp': 0.0, 'theYp': 0.0, 'theZp': 0.0}, 'position': {'theXp': 0.0, 'theYp': 0.0, 'theZp': 0.0}}, 'l': 0.0, 'h': 0.0, 'w': 0.0}
2023-04-01 14:42:48,452 - INFO: End init NewParamBuilder 
2023-04-01 14:42:48,455 - INFO: change item:Parent, col:1 to text:0:1
2023-04-01 14:42:48,468 - INFO: change item:Name, col:1 to text:shape
2023-04-01 14:42:48,473 - INFO: change item:angle, col:1 to text:0.0
2023-04-01 14:42:48,475 - INFO: change item:theXp, col:1 to text:0.0
2023-04-01 14:42:48,478 - INFO: change item:theYp, col:1 to text:0.0
2023-04-01 14:42:48,480 - INFO: change item:theZp, col:1 to text:0.0
2023-04-01 14:42:48,483 - INFO: change item:theXp, col:1 to text:0.0
2023-04-01 14:42:48,485 - INFO: change item:theYp, col:1 to text:0.0
2023-04-01 14:42:48,488 - INFO: change item:theZp, col:1 to text:0.0
2023-04-01 14:42:48,491 - INFO: change item:l, col:1 to text:0.0
2023-04-01 14:42:48,494 - INFO: change item:h, col:1 to text:0.0
2023-04-01 14:42:48,496 - INFO: change item:w, col:1 to text:0.0
2023-04-01 14:42:48,499 - INFO: ParamTree:<RedPanda.widgets.Logic_Construct.Logic_Construct object at 0x000002565D7415E0>
2023-04-01 14:43:23,468 - INFO: Start init NewParamBuilder 
2023-04-01 14:43:23,471 - INFO: Type:Box Driver:22d22e50-abca-11d4-8f1a-0060b0ee18e8
2023-04-01 14:43:23,473 - INFO: name:shape
2023-04-01 14:43:23,476 - INFO: parent:0:1
2023-04-01 14:43:23,478 - INFO: shape:{'transform': {'angle': 0.0, 'rotateAxis': {'theXp': 0.0, 'theYp': 0.0, 'theZp': 0.0}, 'position': {'theXp': 0.0, 'theYp': 0.0, 'theZp': 0.0}}, 'l': 0.0, 'h': 0.0, 'w': 0.0}
2023-04-01 14:43:23,482 - INFO: End init NewParamBuilder 
2023-04-01 14:43:23,489 - INFO: change item:Parent, col:1 to text:0:1
2023-04-01 14:43:23,498 - INFO: change item:Name, col:1 to text:shape
2023-04-01 14:43:23,504 - INFO: change item:angle, col:1 to text:0.0
2023-04-01 14:43:23,506 - INFO: change item:theXp, col:1 to text:0.0
2023-04-01 14:43:23,509 - INFO: change item:theYp, col:1 to text:0.0
2023-04-01 14:43:23,511 - INFO: change item:theZp, col:1 to text:0.0
2023-04-01 14:43:23,513 - INFO: change item:theXp, col:1 to text:0.0
2023-04-01 14:43:23,519 - INFO: change item:theYp, col:1 to text:0.0
2023-04-01 14:43:23,521 - INFO: change item:theZp, col:1 to text:0.0
2023-04-01 14:43:23,523 - INFO: change item:l, col:1 to text:0.0
2023-04-01 14:43:23,527 - INFO: change item:h, col:1 to text:0.0
2023-04-01 14:43:23,529 - INFO: change item:w, col:1 to text:0.0
2023-04-01 14:43:23,532 - INFO: ParamTree:<RedPanda.widgets.Logic_Construct.Logic_Construct object at 0x00000232810674C0>
2023-04-01 14:43:31,534 - INFO: Start init NewParamBuilder 
2023-04-01 14:43:31,539 - INFO: Type:Box Driver:22d22e50-abca-11d4-8f1a-0060b0ee18e8
2023-04-01 14:43:31,544 - INFO: name:shape
2023-04-01 14:43:31,550 - INFO: parent:0:1
2023-04-01 14:43:31,552 - INFO: shape:{'transform': {'angle': 0.0, 'rotateAxis': {'theXp': 0.0, 'theYp': 0.0, 'theZp': 0.0}, 'position': {'theXp': 0.0, 'theYp': 0.0, 'theZp': 0.0}}, 'l': 0.0, 'h': 0.0, 'w': 0.0}
2023-04-01 14:43:31,556 - INFO: End init NewParamBuilder 
2023-04-01 14:43:31,561 - INFO: change item:Parent, col:1 to text:0:1
2023-04-01 14:43:31,574 - INFO: change item:Name, col:1 to text:shape
2023-04-01 14:43:31,583 - INFO: change item:angle, col:1 to text:0.0
2023-04-01 14:43:31,586 - INFO: change item:theXp, col:1 to text:0.0
2023-04-01 14:43:31,589 - INFO: change item:theYp, col:1 to text:0.0
2023-04-01 14:43:31,591 - INFO: change item:theZp, col:1 to text:0.0
2023-04-01 14:43:31,593 - INFO: change item:theXp, col:1 to text:0.0
2023-04-01 14:43:31,597 - INFO: change item:theYp, col:1 to text:0.0
2023-04-01 14:43:31,602 - INFO: change item:theZp, col:1 to text:0.0
2023-04-01 14:43:31,605 - INFO: change item:l, col:1 to text:0.0
2023-04-01 14:43:31,608 - INFO: change item:h, col:1 to text:0.0
2023-04-01 14:43:31,610 - INFO: change item:w, col:1 to text:0.0
2023-04-01 14:43:31,616 - INFO: ParamTree:<RedPanda.widgets.Logic_Construct.Logic_Construct object at 0x000001BA852015E0>
