2023-05-13 08:27:00,415 - INFO: Application Start
2023-05-13 08:27:02,359 - INFO: change to opertor to viewer
2023-05-13 08:27:37,874 - INFO: change to opertor to line
2023-05-13 08:27:39,258 - INFO: key: code 16777248 not mapped to any function
2023-05-13 08:27:41,273 - INFO: New Data Label 2c63738d-f47a-5147-878c-3af8e2429312
2023-05-13 08:27:41,273 - INFO: New Document
2023-05-13 08:27:41,461 - INFO: New Document End
2023-05-13 08:27:41,461 - INFO: -- NewConmand --
2023-05-13 08:27:41,461 - INFO: -- Add New Shape --
2023-05-13 08:27:41,476 - INFO: Entry:0:1:1, init start
2023-05-13 08:27:41,476 - INFO: BaseInit 0:1:1 Seg2d
2023-05-13 08:27:41,476 - INFO: Entry:0:1:1:18, init start
2023-05-13 08:27:41,476 - INFO: BaseInit 0:1:1:18 pnt2d
2023-05-13 08:27:41,476 - INFO: Entry:0:1:1:18:18, init start
2023-05-13 08:27:41,476 - INFO: BaseInit 0:1:1:18:18 real
2023-05-13 08:27:41,476 - INFO: Init Label:0:1:1:18:18.value, None, 21.11663179916318
2023-05-13 08:27:41,476 - INFO: Entry:0:1:1:18:18, init end
2023-05-13 08:27:41,492 - INFO: Entry:0:1:1:18:19, init start
2023-05-13 08:27:41,492 - INFO: BaseInit 0:1:1:18:19 real
2023-05-13 08:27:41,492 - INFO: Init Label:0:1:1:18:19.value, None, 9.675732217573223
2023-05-13 08:27:41,492 - INFO: Entry:0:1:1:18:19, init end
2023-05-13 08:27:41,492 - INFO: Entry:0:1:1:18, init end
2023-05-13 08:27:41,492 - INFO: Entry:0:1:1:19, init start
2023-05-13 08:27:41,492 - INFO: BaseInit 0:1:1:19 pnt2d
2023-05-13 08:27:41,492 - INFO: Entry:0:1:1:19:18, init start
2023-05-13 08:27:41,508 - INFO: BaseInit 0:1:1:19:18 real
2023-05-13 08:27:41,508 - INFO: Init Label:0:1:1:19:18.value, None, 21.11663179916318
2023-05-13 08:27:41,508 - INFO: Entry:0:1:1:19:18, init end
2023-05-13 08:27:41,508 - INFO: Entry:0:1:1:19:19, init start
2023-05-13 08:27:41,508 - INFO: BaseInit 0:1:1:19:19 real
2023-05-13 08:27:41,508 - INFO: Init Label:0:1:1:19:19.value, None, -8.825836820083683
2023-05-13 08:27:41,508 - INFO: Entry:0:1:1:19:19, init end
2023-05-13 08:27:41,508 - INFO: Entry:0:1:1:19, init end
2023-05-13 08:27:41,523 - INFO: Entry:0:1:1, init end
2023-05-13 08:27:41,539 - INFO: -- commit command --
2023-05-13 08:27:41,555 - INFO: New Data Label 2c63738d-f47a-5147-878c-3af8e2429312 end
2023-05-13 08:27:42,882 - INFO: key: code 16777248 not mapped to any function
2023-05-13 08:27:44,335 - INFO: New Data Label 2c63738d-f47a-5147-878c-3af8e2429312
2023-05-13 08:27:44,335 - INFO: -- NewConmand --
2023-05-13 08:27:44,335 - INFO: -- Add New Shape --
2023-05-13 08:27:44,335 - INFO: Entry:0:1:2, init start
2023-05-13 08:27:44,351 - INFO: BaseInit 0:1:2 Seg2d
2023-05-13 08:27:44,351 - INFO: Entry:0:1:2:18, init start
2023-05-13 08:27:44,351 - INFO: BaseInit 0:1:2:18 pnt2d
2023-05-13 08:27:44,351 - INFO: Entry:0:1:2:18:18, init start
2023-05-13 08:27:44,351 - INFO: BaseInit 0:1:2:18:18 real
2023-05-13 08:27:44,351 - INFO: Init Label:0:1:2:18:18.value, None, 21.11663179916318
2023-05-13 08:27:44,351 - INFO: Entry:0:1:2:18:18, init end
2023-05-13 08:27:44,351 - INFO: Entry:0:1:2:18:19, init start
2023-05-13 08:27:44,366 - INFO: BaseInit 0:1:2:18:19 real
2023-05-13 08:27:44,366 - INFO: Init Label:0:1:2:18:19.value, None, 8.956589958158997
2023-05-13 08:27:44,366 - INFO: Entry:0:1:2:18:19, init end
2023-05-13 08:27:44,366 - INFO: Entry:0:1:2:18, init end
2023-05-13 08:27:44,366 - INFO: Entry:0:1:2:19, init start
2023-05-13 08:27:44,366 - INFO: BaseInit 0:1:2:19 pnt2d
2023-05-13 08:27:44,366 - INFO: Entry:0:1:2:19:18, init start
2023-05-13 08:27:44,366 - INFO: BaseInit 0:1:2:19:18 real
2023-05-13 08:27:44,382 - INFO: Init Label:0:1:2:19:18.value, None, 21.11663179916318
2023-05-13 08:27:44,382 - INFO: Entry:0:1:2:19:18, init end
2023-05-13 08:27:44,382 - INFO: Entry:0:1:2:19:19, init start
2023-05-13 08:27:44,382 - INFO: BaseInit 0:1:2:19:19 real
2023-05-13 08:27:44,382 - INFO: Init Label:0:1:2:19:19.value, None, -8.433577405857744
2023-05-13 08:27:44,382 - INFO: Entry:0:1:2:19:19, init end
2023-05-13 08:27:44,382 - INFO: Entry:0:1:2:19, init end
2023-05-13 08:27:44,398 - INFO: Entry:0:1:2, init end
2023-05-13 08:27:44,398 - INFO: -- commit command --
2023-05-13 08:27:44,398 - INFO: New Data Label 2c63738d-f47a-5147-878c-3af8e2429312 end
2023-05-13 08:27:47,366 - INFO: New Data Label 2c63738d-f47a-5147-878c-3af8e2429312
2023-05-13 08:27:47,366 - INFO: -- NewConmand --
2023-05-13 08:27:47,366 - INFO: -- Add New Shape --
2023-05-13 08:27:47,381 - INFO: Entry:0:1:3, init start
2023-05-13 08:27:47,381 - INFO: BaseInit 0:1:3 Seg2d
2023-05-13 08:27:47,381 - INFO: Entry:0:1:3:18, init start
2023-05-13 08:27:47,381 - INFO: BaseInit 0:1:3:18 pnt2d
2023-05-13 08:27:47,381 - INFO: Entry:0:1:3:18:18, init start
2023-05-13 08:27:47,381 - INFO: BaseInit 0:1:3:18:18 real
2023-05-13 08:27:47,381 - INFO: Init Label:0:1:3:18:18.value, None, 21.11663179916318
2023-05-13 08:27:47,381 - INFO: Entry:0:1:3:18:18, init end
2023-05-13 08:27:47,397 - INFO: Entry:0:1:3:18:19, init start
2023-05-13 08:27:47,397 - INFO: BaseInit 0:1:3:18:19 real
2023-05-13 08:27:47,397 - INFO: Init Label:0:1:3:18:19.value, None, 9.08734309623431
2023-05-13 08:27:47,397 - INFO: Entry:0:1:3:18:19, init end
2023-05-13 08:27:47,397 - INFO: Entry:0:1:3:18, init end
2023-05-13 08:27:47,397 - INFO: Entry:0:1:3:19, init start
2023-05-13 08:27:47,397 - INFO: BaseInit 0:1:3:19 pnt2d
2023-05-13 08:27:47,397 - INFO: Entry:0:1:3:19:18, init start
2023-05-13 08:27:47,413 - INFO: BaseInit 0:1:3:19:18 real
2023-05-13 08:27:47,413 - INFO: Init Label:0:1:3:19:18.value, None, 21.11663179916318
2023-05-13 08:27:47,413 - INFO: Entry:0:1:3:19:18, init end
2023-05-13 08:27:47,413 - INFO: Entry:0:1:3:19:19, init start
2023-05-13 08:27:47,413 - INFO: BaseInit 0:1:3:19:19 real
2023-05-13 08:27:47,413 - INFO: Init Label:0:1:3:19:19.value, None, -9.47960251046025
2023-05-13 08:27:47,413 - INFO: Entry:0:1:3:19:19, init end
2023-05-13 08:27:47,428 - INFO: Entry:0:1:3:19, init end
2023-05-13 08:27:47,428 - INFO: Entry:0:1:3, init end
2023-05-13 08:27:47,428 - INFO: -- commit command --
2023-05-13 08:27:47,428 - INFO: New Data Label 2c63738d-f47a-5147-878c-3af8e2429312 end
2023-05-13 08:27:48,428 - INFO: key: code 16777248 not mapped to any function
2023-05-13 08:27:49,412 - INFO: New Data Label 2c63738d-f47a-5147-878c-3af8e2429312
2023-05-13 08:27:49,412 - INFO: -- NewConmand --
2023-05-13 08:27:49,428 - INFO: -- Add New Shape --
2023-05-13 08:27:49,428 - INFO: Entry:0:1:4, init start
2023-05-13 08:27:49,428 - INFO: BaseInit 0:1:4 Seg2d
2023-05-13 08:27:49,428 - INFO: Entry:0:1:4:18, init start
2023-05-13 08:27:49,428 - INFO: BaseInit 0:1:4:18 pnt2d
2023-05-13 08:27:49,428 - INFO: Entry:0:1:4:18:18, init start
2023-05-13 08:27:49,428 - INFO: BaseInit 0:1:4:18:18 real
2023-05-13 08:27:49,443 - INFO: Init Label:0:1:4:18:18.value, None, 21.11663179916318
2023-05-13 08:27:49,443 - INFO: Entry:0:1:4:18:18, init end
2023-05-13 08:27:49,443 - INFO: Entry:0:1:4:18:19, init start
2023-05-13 08:27:49,443 - INFO: BaseInit 0:1:4:18:19 real
2023-05-13 08:27:49,443 - INFO: Init Label:0:1:4:18:19.value, None, 9.283472803347282
2023-05-13 08:27:49,443 - INFO: Entry:0:1:4:18:19, init end
2023-05-13 08:27:49,443 - INFO: Entry:0:1:4:18, init end
2023-05-13 08:27:49,443 - INFO: Entry:0:1:4:19, init start
2023-05-13 08:27:49,443 - INFO: BaseInit 0:1:4:19 pnt2d
2023-05-13 08:27:49,459 - INFO: Entry:0:1:4:19:18, init start
2023-05-13 08:27:49,459 - INFO: BaseInit 0:1:4:19:18 real
2023-05-13 08:27:49,459 - INFO: Init Label:0:1:4:19:18.value, None, 21.11663179916318
2023-05-13 08:27:49,459 - INFO: Entry:0:1:4:19:18, init end
2023-05-13 08:27:49,459 - INFO: Entry:0:1:4:19:19, init start
2023-05-13 08:27:49,459 - INFO: BaseInit 0:1:4:19:19 real
2023-05-13 08:27:49,459 - INFO: Init Label:0:1:4:19:19.value, None, -9.87186192468619
2023-05-13 08:27:49,459 - INFO: Entry:0:1:4:19:19, init end
2023-05-13 08:27:49,475 - INFO: Entry:0:1:4:19, init end
2023-05-13 08:27:49,475 - INFO: Entry:0:1:4, init end
2023-05-13 08:27:49,475 - INFO: -- commit command --
2023-05-13 08:27:49,475 - INFO: New Data Label 2c63738d-f47a-5147-878c-3af8e2429312 end
2023-05-13 08:27:50,913 - INFO: key: code 16777248 not mapped to any function
2023-05-13 08:27:51,960 - INFO: New Data Label 2c63738d-f47a-5147-878c-3af8e2429312
2023-05-13 08:27:51,976 - INFO: -- NewConmand --
2023-05-13 08:27:51,976 - INFO: -- Add New Shape --
2023-05-13 08:27:51,976 - INFO: Entry:0:1:5, init start
2023-05-13 08:27:51,976 - INFO: BaseInit 0:1:5 Seg2d
2023-05-13 08:27:51,976 - INFO: Entry:0:1:5:18, init start
2023-05-13 08:27:51,976 - INFO: BaseInit 0:1:5:18 pnt2d
2023-05-13 08:27:51,976 - INFO: Entry:0:1:5:18:18, init start
2023-05-13 08:27:51,976 - INFO: BaseInit 0:1:5:18:18 real
2023-05-13 08:27:51,991 - INFO: Init Label:0:1:5:18:18.value, None, 21.11663179916318
2023-05-13 08:27:51,991 - INFO: Entry:0:1:5:18:18, init end
2023-05-13 08:27:51,991 - INFO: Entry:0:1:5:18:19, init start
2023-05-13 08:27:51,991 - INFO: BaseInit 0:1:5:18:19 real
2023-05-13 08:27:51,991 - INFO: Init Label:0:1:5:18:19.value, None, 12.356171548117157
2023-05-13 08:27:51,991 - INFO: Entry:0:1:5:18:19, init end
2023-05-13 08:27:51,991 - INFO: Entry:0:1:5:18, init end
2023-05-13 08:27:51,991 - INFO: Entry:0:1:5:19, init start
2023-05-13 08:27:52,007 - INFO: BaseInit 0:1:5:19 pnt2d
2023-05-13 08:27:52,007 - INFO: Entry:0:1:5:19:18, init start
2023-05-13 08:27:52,007 - INFO: BaseInit 0:1:5:19:18 real
2023-05-13 08:27:52,007 - INFO: Init Label:0:1:5:19:18.value, None, 21.11663179916318
2023-05-13 08:27:52,007 - INFO: Entry:0:1:5:19:18, init end
2023-05-13 08:27:52,007 - INFO: Entry:0:1:5:19:19, init start
2023-05-13 08:27:52,007 - INFO: BaseInit 0:1:5:19:19 real
2023-05-13 08:27:52,023 - INFO: Init Label:0:1:5:19:19.value, None, -15.559623430962343
2023-05-13 08:27:52,023 - INFO: Entry:0:1:5:19:19, init end
2023-05-13 08:27:52,023 - INFO: Entry:0:1:5:19, init end
2023-05-13 08:27:52,023 - INFO: Entry:0:1:5, init end
2023-05-13 08:27:52,023 - INFO: -- commit command --
2023-05-13 08:27:52,023 - INFO: New Data Label 2c63738d-f47a-5147-878c-3af8e2429312 end
2023-05-13 10:51:18,077 - INFO: Application Start
2023-05-13 10:51:19,987 - INFO: change to opertor to viewer
2023-05-13 10:51:50,611 - INFO: change to opertor to line
2023-05-13 10:51:51,410 - INFO: key: code 16777248 not mapped to any function
2023-05-13 10:51:53,793 - INFO: New Data Label 2c63738d-f47a-5147-878c-3af8e2429312
2023-05-13 10:51:53,793 - INFO: New Document
2023-05-13 10:51:53,856 - INFO: New Document End
2023-05-13 10:51:53,871 - INFO: -- NewConmand --
2023-05-13 10:51:53,871 - INFO: -- Add New Shape --
2023-05-13 10:51:53,871 - INFO: Entry:0:1:1, init start
2023-05-13 10:51:53,871 - INFO: BaseInit 0:1:1 Seg2d
2023-05-13 10:51:53,871 - INFO: Entry:0:1:1:18, init start
2023-05-13 10:51:53,871 - INFO: BaseInit 0:1:1:18 pnt2d
2023-05-13 10:51:53,871 - INFO: Entry:0:1:1:18:18, init start
2023-05-13 10:51:53,871 - INFO: BaseInit 0:1:1:18:18 real
2023-05-13 10:51:53,887 - INFO: Init Label:0:1:1:18:18.value, None, 22.88179916317991
2023-05-13 10:51:53,887 - INFO: Entry:0:1:1:18:18, init end
2023-05-13 10:51:53,887 - INFO: Entry:0:1:1:18:19, init start
2023-05-13 10:51:53,887 - INFO: BaseInit 0:1:1:18:19 real
2023-05-13 10:51:53,887 - INFO: Init Label:0:1:1:18:19.value, None, 10.198744769874477
2023-05-13 10:51:53,887 - INFO: Entry:0:1:1:18:19, init end
2023-05-13 10:51:53,887 - INFO: Entry:0:1:1:18, init end
2023-05-13 10:51:53,903 - INFO: Entry:0:1:1:19, init start
2023-05-13 10:51:53,903 - INFO: BaseInit 0:1:1:19 pnt2d
2023-05-13 10:51:53,903 - INFO: Entry:0:1:1:19:18, init start
2023-05-13 10:51:53,903 - INFO: BaseInit 0:1:1:19:18 real
2023-05-13 10:51:53,903 - INFO: Init Label:0:1:1:19:18.value, None, 22.88179916317991
2023-05-13 10:51:53,903 - INFO: Entry:0:1:1:19:18, init end
2023-05-13 10:51:53,903 - INFO: Entry:0:1:1:19:19, init start
2023-05-13 10:51:53,903 - INFO: BaseInit 0:1:1:19:19 real
2023-05-13 10:51:53,918 - INFO: Init Label:0:1:1:19:19.value, None, -11.244769874476987
2023-05-13 10:51:53,918 - INFO: Entry:0:1:1:19:19, init end
2023-05-13 10:51:53,918 - INFO: Entry:0:1:1:19, init end
2023-05-13 10:51:53,934 - INFO: Entry:0:1:1, init end
2023-05-13 10:51:53,934 - INFO: -- commit command --
2023-05-13 10:51:53,934 - INFO: New Data Label 2c63738d-f47a-5147-878c-3af8e2429312 end
2023-05-13 10:51:59,164 - INFO: New Data Label 2c63738d-f47a-5147-878c-3af8e2429312
2023-05-13 10:51:59,164 - INFO: -- NewConmand --
2023-05-13 10:51:59,164 - INFO: -- Add New Shape --
2023-05-13 10:51:59,164 - INFO: Entry:0:1:2, init start
2023-05-13 10:51:59,164 - INFO: BaseInit 0:1:2 Seg2d
2023-05-13 10:51:59,179 - INFO: Entry:0:1:2:18, init start
2023-05-13 10:51:59,179 - INFO: BaseInit 0:1:2:18 pnt2d
2023-05-13 10:51:59,179 - INFO: Entry:0:1:2:18:18, init start
2023-05-13 10:51:59,179 - INFO: BaseInit 0:1:2:18:18 real
2023-05-13 10:51:59,179 - INFO: Init Label:0:1:2:18:18.value, None, 0
2023-05-13 10:51:59,179 - INFO: Entry:0:1:2:18:18, init end
2023-05-13 10:51:59,179 - INFO: Entry:0:1:2:18:19, init start
2023-05-13 10:51:59,179 - INFO: BaseInit 0:1:2:18:19 real
2023-05-13 10:51:59,195 - INFO: Init Label:0:1:2:18:19.value, None, 0
2023-05-13 10:51:59,195 - INFO: Entry:0:1:2:18:19, init end
2023-05-13 10:51:59,195 - INFO: Entry:0:1:2:18, init end
2023-05-13 10:51:59,195 - INFO: Entry:0:1:2:19, init start
2023-05-13 10:51:59,195 - INFO: BaseInit 0:1:2:19 pnt2d
2023-05-13 10:51:59,195 - INFO: Entry:0:1:2:19:18, init start
2023-05-13 10:51:59,195 - INFO: BaseInit 0:1:2:19:18 real
2023-05-13 10:51:59,195 - INFO: Init Label:0:1:2:19:18.value, None, 0
2023-05-13 10:51:59,211 - INFO: Entry:0:1:2:19:18, init end
2023-05-13 10:51:59,211 - INFO: Entry:0:1:2:19:19, init start
2023-05-13 10:51:59,211 - INFO: BaseInit 0:1:2:19:19 real
2023-05-13 10:51:59,211 - INFO: Init Label:0:1:2:19:19.value, None, 0
2023-05-13 10:51:59,211 - INFO: Entry:0:1:2:19:19, init end
2023-05-13 10:51:59,211 - INFO: Entry:0:1:2:19, init end
2023-05-13 10:51:59,273 - INFO: -- commit command --
2023-05-13 10:51:59,289 - INFO: New Data Label 2c63738d-f47a-5147-878c-3af8e2429312 end
2023-05-13 10:52:03,363 - INFO: New Data Label 16dc087d-91cd-595d-8d58-41c4542242e1
2023-05-13 10:52:03,363 - INFO: -- NewConmand --
2023-05-13 10:52:03,363 - INFO: -- Add New Shape --
2023-05-13 10:52:03,363 - INFO: Entry:0:1:3, init start
2023-05-13 10:52:03,363 - INFO: BaseInit 0:1:3 ArcCircle
2023-05-13 10:52:03,363 - INFO: Entry:0:1:3:18, init start
2023-05-13 10:52:03,380 - INFO: BaseInit 0:1:3:18 pnt2d
2023-05-13 10:52:03,380 - INFO: Entry:0:1:3:18:18, init start
2023-05-13 10:52:03,380 - INFO: BaseInit 0:1:3:18:18 real
2023-05-13 10:52:03,380 - INFO: Init Label:0:1:3:18:18.value, None, 0
2023-05-13 10:52:03,380 - INFO: Entry:0:1:3:18:18, init end
2023-05-13 10:52:03,380 - INFO: Entry:0:1:3:18:19, init start
2023-05-13 10:52:03,380 - INFO: BaseInit 0:1:3:18:19 real
2023-05-13 10:52:03,380 - INFO: Init Label:0:1:3:18:19.value, None, 0
2023-05-13 10:52:03,380 - INFO: Entry:0:1:3:18:19, init end
2023-05-13 10:52:03,396 - INFO: Entry:0:1:3:18, init end
2023-05-13 10:52:03,396 - INFO: Entry:0:1:3:19, init start
2023-05-13 10:52:03,396 - INFO: BaseInit 0:1:3:19 pnt2d
2023-05-13 10:52:03,396 - INFO: Entry:0:1:3:19:18, init start
2023-05-13 10:52:03,396 - INFO: BaseInit 0:1:3:19:18 real
2023-05-13 10:52:03,396 - INFO: Init Label:0:1:3:19:18.value, None, 0
2023-05-13 10:52:03,396 - INFO: Entry:0:1:3:19:18, init end
2023-05-13 10:52:03,396 - INFO: Entry:0:1:3:19:19, init start
2023-05-13 10:52:03,412 - INFO: BaseInit 0:1:3:19:19 real
2023-05-13 10:52:03,412 - INFO: Init Label:0:1:3:19:19.value, None, 0
2023-05-13 10:52:03,412 - INFO: Entry:0:1:3:19:19, init end
2023-05-13 10:52:03,412 - INFO: Entry:0:1:3:19, init end
2023-05-13 10:52:03,412 - INFO: Entry:0:1:3:20, init start
2023-05-13 10:52:03,412 - INFO: BaseInit 0:1:3:20 pnt2d
2023-05-13 10:52:03,412 - INFO: Entry:0:1:3:20:18, init start
2023-05-13 10:52:03,412 - INFO: BaseInit 0:1:3:20:18 real
2023-05-13 10:52:03,427 - INFO: Init Label:0:1:3:20:18.value, None, 0
2023-05-13 10:52:03,427 - INFO: Entry:0:1:3:20:18, init end
2023-05-13 10:52:03,427 - INFO: Entry:0:1:3:20:19, init start
2023-05-13 10:52:03,427 - INFO: BaseInit 0:1:3:20:19 real
2023-05-13 10:52:03,427 - INFO: Init Label:0:1:3:20:19.value, None, 0
2023-05-13 10:52:03,427 - INFO: Entry:0:1:3:20:19, init end
2023-05-13 10:52:03,427 - INFO: Entry:0:1:3:20, init end
2023-05-13 10:52:03,474 - INFO: -- commit command --
2023-05-13 10:52:03,474 - INFO: New Data Label 16dc087d-91cd-595d-8d58-41c4542242e1 end
2023-05-13 10:52:05,979 - INFO: New Data Label 16dc087d-91cd-595d-8d58-41c4542242e1
2023-05-13 10:52:05,979 - INFO: -- NewConmand --
2023-05-13 10:52:05,979 - INFO: -- Add New Shape --
2023-05-13 10:52:05,994 - INFO: Entry:0:1:4, init start
2023-05-13 10:52:05,994 - INFO: BaseInit 0:1:4 ArcCircle
2023-05-13 10:52:05,994 - INFO: Entry:0:1:4:18, init start
2023-05-13 10:52:05,994 - INFO: BaseInit 0:1:4:18 pnt2d
2023-05-13 10:52:05,994 - INFO: Entry:0:1:4:18:18, init start
2023-05-13 10:52:05,994 - INFO: BaseInit 0:1:4:18:18 real
2023-05-13 10:52:05,994 - INFO: Init Label:0:1:4:18:18.value, None, 0
2023-05-13 10:52:05,994 - INFO: Entry:0:1:4:18:18, init end
2023-05-13 10:52:06,010 - INFO: Entry:0:1:4:18:19, init start
2023-05-13 10:52:06,010 - INFO: BaseInit 0:1:4:18:19 real
2023-05-13 10:52:06,010 - INFO: Init Label:0:1:4:18:19.value, None, 0
2023-05-13 10:52:06,010 - INFO: Entry:0:1:4:18:19, init end
2023-05-13 10:52:06,010 - INFO: Entry:0:1:4:18, init end
2023-05-13 10:52:06,010 - INFO: Entry:0:1:4:19, init start
2023-05-13 10:52:06,010 - INFO: BaseInit 0:1:4:19 pnt2d
2023-05-13 10:52:06,010 - INFO: Entry:0:1:4:19:18, init start
2023-05-13 10:52:06,025 - INFO: BaseInit 0:1:4:19:18 real
2023-05-13 10:52:06,025 - INFO: Init Label:0:1:4:19:18.value, None, 0
2023-05-13 10:52:06,025 - INFO: Entry:0:1:4:19:18, init end
2023-05-13 10:52:06,025 - INFO: Entry:0:1:4:19:19, init start
2023-05-13 10:52:06,025 - INFO: BaseInit 0:1:4:19:19 real
2023-05-13 10:52:06,025 - INFO: Init Label:0:1:4:19:19.value, None, 0
2023-05-13 10:52:06,025 - INFO: Entry:0:1:4:19:19, init end
2023-05-13 10:52:06,041 - INFO: Entry:0:1:4:19, init end
2023-05-13 10:52:06,041 - INFO: Entry:0:1:4:20, init start
2023-05-13 10:52:06,041 - INFO: BaseInit 0:1:4:20 pnt2d
2023-05-13 10:52:06,041 - INFO: Entry:0:1:4:20:18, init start
2023-05-13 10:52:06,041 - INFO: BaseInit 0:1:4:20:18 real
2023-05-13 10:52:06,041 - INFO: Init Label:0:1:4:20:18.value, None, 0
2023-05-13 10:52:06,041 - INFO: Entry:0:1:4:20:18, init end
2023-05-13 10:52:06,041 - INFO: Entry:0:1:4:20:19, init start
2023-05-13 10:52:06,041 - INFO: BaseInit 0:1:4:20:19 real
2023-05-13 10:52:06,057 - INFO: Init Label:0:1:4:20:19.value, None, 0
2023-05-13 10:52:06,057 - INFO: Entry:0:1:4:20:19, init end
2023-05-13 10:52:06,057 - INFO: Entry:0:1:4:20, init end
2023-05-13 10:52:06,057 - INFO: -- commit command --
2023-05-13 10:52:06,057 - INFO: New Data Label 16dc087d-91cd-595d-8d58-41c4542242e1 end
2023-05-13 10:52:10,097 - INFO: Selected Item:New Seg2d
2023-05-13 10:52:18,893 - INFO: New Data Label 22d22e50-abca-11d4-8f1a-0060b0ee18e8
2023-05-13 10:52:18,909 - INFO: -- NewConmand --
2023-05-13 10:52:18,909 - INFO: -- Add New Shape --
2023-05-13 10:52:18,909 - INFO: Entry:0:1:5, init start
2023-05-13 10:52:18,909 - INFO: BaseInit 0:1:5 Box
2023-05-13 10:52:18,909 - INFO: Entry:0:1:5:18, init start
2023-05-13 10:52:18,909 - INFO: BaseInit 0:1:5:18 Transform
2023-05-13 10:52:18,909 - INFO: Entry:0:1:5:18:18, init start
2023-05-13 10:52:18,909 - INFO: BaseInit 0:1:5:18:18 real
2023-05-13 10:52:18,909 - INFO: Init Label:0:1:5:18:18.value, None, 0
2023-05-13 10:52:18,924 - INFO: Entry:0:1:5:18:18, init end
2023-05-13 10:52:18,924 - INFO: Entry:0:1:5:18:19, init start
2023-05-13 10:52:18,924 - INFO: BaseInit 0:1:5:18:19 Point
2023-05-13 10:52:18,924 - INFO: Entry:0:1:5:18:19:18, init start
2023-05-13 10:52:18,924 - INFO: BaseInit 0:1:5:18:19:18 real
2023-05-13 10:52:18,924 - INFO: Init Label:0:1:5:18:19:18.value, None, 0
2023-05-13 10:52:18,924 - INFO: Entry:0:1:5:18:19:18, init end
2023-05-13 10:52:18,924 - INFO: Entry:0:1:5:18:19:19, init start
2023-05-13 10:52:18,940 - INFO: BaseInit 0:1:5:18:19:19 real
2023-05-13 10:52:18,940 - INFO: Init Label:0:1:5:18:19:19.value, None, 0
2023-05-13 10:52:18,940 - INFO: Entry:0:1:5:18:19:19, init end
2023-05-13 10:52:18,940 - INFO: Entry:0:1:5:18:19:20, init start
2023-05-13 10:52:18,940 - INFO: BaseInit 0:1:5:18:19:20 real
2023-05-13 10:52:18,940 - INFO: Init Label:0:1:5:18:19:20.value, None, 0
2023-05-13 10:52:18,940 - INFO: Entry:0:1:5:18:19:20, init end
2023-05-13 10:52:18,973 - INFO: Entry:0:1:5:18:19, init end
2023-05-13 10:52:18,973 - INFO: Entry:0:1:5:18:20, init start
2023-05-13 10:52:18,973 - INFO: BaseInit 0:1:5:18:20 Point
2023-05-13 10:52:18,973 - INFO: Entry:0:1:5:18:20:18, init start
2023-05-13 10:52:18,973 - INFO: BaseInit 0:1:5:18:20:18 real
2023-05-13 10:52:18,973 - INFO: Init Label:0:1:5:18:20:18.value, None, 0
2023-05-13 10:52:18,973 - INFO: Entry:0:1:5:18:20:18, init end
2023-05-13 10:52:18,973 - INFO: Entry:0:1:5:18:20:19, init start
2023-05-13 10:52:18,988 - INFO: BaseInit 0:1:5:18:20:19 real
2023-05-13 10:52:18,988 - INFO: Init Label:0:1:5:18:20:19.value, None, 0
2023-05-13 10:52:18,988 - INFO: Entry:0:1:5:18:20:19, init end
2023-05-13 10:52:18,988 - INFO: Entry:0:1:5:18:20:20, init start
2023-05-13 10:52:18,988 - INFO: BaseInit 0:1:5:18:20:20 real
2023-05-13 10:52:18,988 - INFO: Init Label:0:1:5:18:20:20.value, None, 0
2023-05-13 10:52:18,988 - INFO: Entry:0:1:5:18:20:20, init end
2023-05-13 10:52:19,004 - INFO: Entry:0:1:5:18:20, init end
2023-05-13 10:52:19,066 - INFO: Entry:0:1:5:18, init end
2023-05-13 10:52:19,066 - INFO: Entry:0:1:5:19, init start
2023-05-13 10:52:19,066 - INFO: BaseInit 0:1:5:19 real
2023-05-13 10:52:19,066 - INFO: Init Label:0:1:5:19.value, None, 0
2023-05-13 10:52:19,066 - INFO: Entry:0:1:5:19, init end
2023-05-13 10:52:19,082 - INFO: Entry:0:1:5:20, init start
2023-05-13 10:52:19,082 - INFO: BaseInit 0:1:5:20 real
2023-05-13 10:52:19,082 - INFO: Init Label:0:1:5:20.value, None, 0
2023-05-13 10:52:19,082 - INFO: Entry:0:1:5:20, init end
2023-05-13 10:52:19,082 - INFO: Entry:0:1:5:21, init start
2023-05-13 10:52:19,082 - INFO: BaseInit 0:1:5:21 real
2023-05-13 10:52:19,082 - INFO: Init Label:0:1:5:21.value, None, 0
2023-05-13 10:52:19,098 - INFO: Entry:0:1:5:21, init end
2023-05-13 10:52:19,176 - INFO: -- commit command --
2023-05-13 10:52:19,191 - INFO: New Data Label 22d22e50-abca-11d4-8f1a-0060b0ee18e8 end
2023-05-13 10:52:19,956 - INFO: Selected Item:New Box
2023-05-13 10:52:22,509 - INFO: Start Change: 0:1:5:19, 3
2023-05-13 10:52:22,512 - INFO: -- NewConmand --
2023-05-13 10:52:22,516 - INFO: -- commit command --
2023-05-13 10:52:22,519 - INFO: update3d Label
2023-05-13 10:52:22,521 - INFO: update2d Label
2023-05-13 10:52:22,523 - INFO: update3d Label
2023-05-13 10:52:22,525 - INFO: update2d Label
2023-05-13 10:52:22,527 - INFO: End Change: 0:1:5:19, 3
2023-05-13 10:52:23,759 - INFO: Start Change: 0:1:5:20, 4
2023-05-13 10:52:23,762 - INFO: -- NewConmand --
2023-05-13 10:52:23,765 - INFO: -- commit command --
2023-05-13 10:52:23,768 - INFO: update3d Label
2023-05-13 10:52:23,770 - INFO: update2d Label
2023-05-13 10:52:23,772 - INFO: update3d Label
2023-05-13 10:52:23,774 - INFO: update2d Label
2023-05-13 10:52:23,776 - INFO: End Change: 0:1:5:20, 4
2023-05-13 10:52:25,157 - INFO: Start Change: 0:1:5:21, 5
2023-05-13 10:52:25,159 - INFO: -- NewConmand --
2023-05-13 10:52:25,199 - INFO: -- commit command --
2023-05-13 10:52:25,202 - INFO: update3d Label
2023-05-13 10:52:25,204 - INFO: update2d Label
2023-05-13 10:52:25,206 - INFO: update3d Label
2023-05-13 10:53:29,645 - INFO: Application Start
2023-05-13 10:53:29,894 - INFO: change to opertor to viewer
2023-05-13 10:53:35,281 - INFO: New Data Label 22d22e50-abca-11d4-8f1a-0060b0ee18e8
2023-05-13 10:53:35,281 - INFO: New Document
2023-05-13 10:53:35,297 - INFO: New Document End
2023-05-13 10:53:35,297 - INFO: -- NewConmand --
2023-05-13 10:53:35,297 - INFO: -- Add New Shape --
2023-05-13 10:53:35,297 - INFO: Entry:0:1:1, init start
2023-05-13 10:53:35,297 - INFO: BaseInit 0:1:1 Box
2023-05-13 10:53:35,297 - INFO: Entry:0:1:1:18, init start
2023-05-13 10:53:35,297 - INFO: BaseInit 0:1:1:18 Transform
2023-05-13 10:53:35,313 - INFO: Entry:0:1:1:18:18, init start
2023-05-13 10:53:35,313 - INFO: BaseInit 0:1:1:18:18 real
2023-05-13 10:53:35,313 - INFO: Init Label:0:1:1:18:18.value, None, 0
2023-05-13 10:53:35,313 - INFO: Entry:0:1:1:18:18, init end
2023-05-13 10:53:35,313 - INFO: Entry:0:1:1:18:19, init start
2023-05-13 10:53:35,313 - INFO: BaseInit 0:1:1:18:19 Point
2023-05-13 10:53:35,313 - INFO: Entry:0:1:1:18:19:18, init start
2023-05-13 10:53:35,313 - INFO: BaseInit 0:1:1:18:19:18 real
2023-05-13 10:53:35,328 - INFO: Init Label:0:1:1:18:19:18.value, None, 0
2023-05-13 10:53:35,328 - INFO: Entry:0:1:1:18:19:18, init end
2023-05-13 10:53:35,328 - INFO: Entry:0:1:1:18:19:19, init start
2023-05-13 10:53:35,328 - INFO: BaseInit 0:1:1:18:19:19 real
2023-05-13 10:53:35,328 - INFO: Init Label:0:1:1:18:19:19.value, None, 0
2023-05-13 10:53:35,328 - INFO: Entry:0:1:1:18:19:19, init end
2023-05-13 10:53:35,328 - INFO: Entry:0:1:1:18:19:20, init start
2023-05-13 10:53:35,328 - INFO: BaseInit 0:1:1:18:19:20 real
2023-05-13 10:53:35,344 - INFO: Init Label:0:1:1:18:19:20.value, None, 0
2023-05-13 10:53:35,344 - INFO: Entry:0:1:1:18:19:20, init end
2023-05-13 10:53:35,344 - INFO: Entry:0:1:1:18:19, init end
2023-05-13 10:53:35,344 - INFO: Entry:0:1:1:18:20, init start
2023-05-13 10:53:35,344 - INFO: BaseInit 0:1:1:18:20 Point
2023-05-13 10:53:35,344 - INFO: Entry:0:1:1:18:20:18, init start
2023-05-13 10:53:35,344 - INFO: BaseInit 0:1:1:18:20:18 real
2023-05-13 10:53:35,359 - INFO: Init Label:0:1:1:18:20:18.value, None, 0
2023-05-13 10:53:35,359 - INFO: Entry:0:1:1:18:20:18, init end
2023-05-13 10:53:35,359 - INFO: Entry:0:1:1:18:20:19, init start
2023-05-13 10:53:35,359 - INFO: BaseInit 0:1:1:18:20:19 real
2023-05-13 10:53:35,359 - INFO: Init Label:0:1:1:18:20:19.value, None, 0
2023-05-13 10:53:35,359 - INFO: Entry:0:1:1:18:20:19, init end
2023-05-13 10:53:35,359 - INFO: Entry:0:1:1:18:20:20, init start
2023-05-13 10:53:35,359 - INFO: BaseInit 0:1:1:18:20:20 real
2023-05-13 10:53:35,376 - INFO: Init Label:0:1:1:18:20:20.value, None, 0
2023-05-13 10:53:35,376 - INFO: Entry:0:1:1:18:20:20, init end
2023-05-13 10:53:35,376 - INFO: Entry:0:1:1:18:20, init end
2023-05-13 10:53:35,376 - INFO: Entry:0:1:1:18, init end
2023-05-13 10:53:35,376 - INFO: Entry:0:1:1:19, init start
2023-05-13 10:53:35,376 - INFO: BaseInit 0:1:1:19 real
2023-05-13 10:53:35,376 - INFO: Init Label:0:1:1:19.value, None, 0
2023-05-13 10:53:35,392 - INFO: Entry:0:1:1:19, init end
2023-05-13 10:53:35,392 - INFO: Entry:0:1:1:20, init start
2023-05-13 10:53:35,392 - INFO: BaseInit 0:1:1:20 real
2023-05-13 10:53:35,392 - INFO: Init Label:0:1:1:20.value, None, 0
2023-05-13 10:53:35,392 - INFO: Entry:0:1:1:20, init end
2023-05-13 10:53:35,392 - INFO: Entry:0:1:1:21, init start
2023-05-13 10:53:35,392 - INFO: BaseInit 0:1:1:21 real
2023-05-13 10:53:35,392 - INFO: Init Label:0:1:1:21.value, None, 0
2023-05-13 10:53:35,407 - INFO: Entry:0:1:1:21, init end
2023-05-13 10:53:35,407 - INFO: -- commit command --
2023-05-13 10:53:35,407 - INFO: New Data Label 22d22e50-abca-11d4-8f1a-0060b0ee18e8 end
2023-05-13 10:53:36,283 - INFO: Selected Item:New Box
2023-05-13 10:53:40,215 - INFO: Start Change: 0:1:1:19, 3
2023-05-13 10:53:40,218 - INFO: -- NewConmand --
2023-05-13 10:53:40,221 - INFO: -- commit command --
2023-05-13 10:53:40,224 - INFO: update3d Label
2023-05-13 10:53:40,226 - INFO: update2d Label
2023-05-13 10:53:40,228 - INFO: update3d Label
2023-05-13 10:53:40,230 - INFO: update2d Label
2023-05-13 10:53:40,232 - INFO: End Change: 0:1:1:19, 3
2023-05-13 10:53:41,056 - INFO: Start Change: 0:1:1:20, 4
2023-05-13 10:53:41,058 - INFO: -- NewConmand --
2023-05-13 10:53:41,061 - INFO: -- commit command --
2023-05-13 10:53:41,064 - INFO: update3d Label
2023-05-13 10:53:41,066 - INFO: update2d Label
2023-05-13 10:53:41,068 - INFO: update3d Label
2023-05-13 10:53:41,070 - INFO: update2d Label
2023-05-13 10:53:41,072 - INFO: End Change: 0:1:1:20, 4
2023-05-13 10:53:41,972 - INFO: Start Change: 0:1:1:21, 5
2023-05-13 10:53:41,987 - INFO: -- NewConmand --
2023-05-13 10:53:41,987 - INFO: -- commit command --
2023-05-13 10:53:41,987 - INFO: update3d Label
2023-05-13 10:53:42,222 - INFO: update2d Label
2023-05-13 10:53:42,237 - INFO: update3d Label
2023-05-13 10:53:42,237 - INFO: update2d Label
2023-05-13 10:53:42,237 - INFO: End Change: 0:1:1:21, 5
2023-05-13 10:53:44,422 - INFO: Selected Item:New Box
2023-05-13 10:54:09,168 - INFO: New Data Label 2c63738d-f47a-5147-878c-3af8e2429312
2023-05-13 10:54:09,168 - INFO: -- NewConmand --
2023-05-13 10:54:09,168 - INFO: -- Add New Shape --
2023-05-13 10:54:09,168 - INFO: Entry:0:1:2, init start
2023-05-13 10:54:09,184 - INFO: BaseInit 0:1:2 Seg2d
2023-05-13 10:54:09,184 - INFO: Entry:0:1:2:18, init start
2023-05-13 10:54:09,184 - INFO: BaseInit 0:1:2:18 pnt2d
2023-05-13 10:54:09,184 - INFO: Entry:0:1:2:18:18, init start
2023-05-13 10:54:09,184 - INFO: BaseInit 0:1:2:18:18 real
2023-05-13 10:54:09,184 - INFO: Init Label:0:1:2:18:18.value, None, 0
2023-05-13 10:54:09,199 - INFO: Entry:0:1:2:18:18, init end
2023-05-13 10:54:09,199 - INFO: Entry:0:1:2:18:19, init start
2023-05-13 10:54:09,199 - INFO: BaseInit 0:1:2:18:19 real
2023-05-13 10:54:09,199 - INFO: Init Label:0:1:2:18:19.value, None, 0
2023-05-13 10:54:09,199 - INFO: Entry:0:1:2:18:19, init end
2023-05-13 10:54:09,199 - INFO: Entry:0:1:2:18, init end
2023-05-13 10:54:09,199 - INFO: Entry:0:1:2:19, init start
2023-05-13 10:54:09,199 - INFO: BaseInit 0:1:2:19 pnt2d
2023-05-13 10:54:09,215 - INFO: Entry:0:1:2:19:18, init start
2023-05-13 10:54:09,215 - INFO: BaseInit 0:1:2:19:18 real
2023-05-13 10:54:09,215 - INFO: Init Label:0:1:2:19:18.value, None, 0
2023-05-13 10:54:09,215 - INFO: Entry:0:1:2:19:18, init end
2023-05-13 10:54:09,215 - INFO: Entry:0:1:2:19:19, init start
2023-05-13 10:54:09,215 - INFO: BaseInit 0:1:2:19:19 real
2023-05-13 10:54:09,215 - INFO: Init Label:0:1:2:19:19.value, None, 0
2023-05-13 10:54:09,215 - INFO: Entry:0:1:2:19:19, init end
2023-05-13 10:54:09,231 - INFO: Entry:0:1:2:19, init end
2023-05-13 10:54:09,231 - INFO: -- commit command --
2023-05-13 10:54:09,231 - INFO: New Data Label 2c63738d-f47a-5147-878c-3af8e2429312 end
2023-05-13 10:54:18,715 - INFO: New Data Label a6b5f8bd-0424-52f5-b5e1-c2204252f688
2023-05-13 10:54:18,715 - INFO: -- NewConmand --
2023-05-13 10:54:18,715 - INFO: -- Add New Shape --
2023-05-13 10:54:18,715 - INFO: Entry:0:1:3, init start
2023-05-13 10:54:18,715 - INFO: BaseInit 0:1:3 FilletAll
2023-05-13 10:54:18,715 - INFO: Entry:0:1:3:18, init start
2023-05-13 10:54:18,731 - INFO: BaseInit 0:1:3:18 ShapeRef
2023-05-13 10:54:18,746 - INFO: Entry:0:1:3:19, init start
2023-05-13 10:54:18,746 - INFO: BaseInit 0:1:3:19 real
2023-05-13 10:54:18,746 - INFO: Init Label:0:1:3:19.value, None, 0
2023-05-13 10:54:18,762 - INFO: Entry:0:1:3:19, init end
2023-05-13 10:54:18,762 - INFO: -- commit command --
2023-05-13 10:54:18,762 - INFO: New Data Label a6b5f8bd-0424-52f5-b5e1-c2204252f688 end
2023-05-13 10:54:20,926 - INFO: Selected Item:New FilletAll
2023-05-13 10:54:30,427 - INFO: Start Change: 0:1:3:18, 0:1:1
2023-05-13 10:54:30,427 - INFO: -- NewConmand --
2023-05-13 10:54:30,458 - INFO: 0:1:3:18 ref 0:1:1 
2023-05-13 10:54:31,496 - INFO: -- commit command --
2023-05-13 10:54:31,511 - INFO: update3d Label
2023-05-13 10:54:31,511 - INFO: update2d Label
2023-05-13 10:54:31,527 - INFO: update3d Label
2023-05-13 10:54:31,527 - INFO: update2d Label
2023-05-13 10:54:31,527 - INFO: End Change: 0:1:3:18, 0:1:1
2023-05-13 10:54:39,377 - INFO: Start Change: 0:1:3:19, 0.2
2023-05-13 10:54:39,377 - INFO: -- NewConmand --
2023-05-13 10:54:39,534 - INFO: -- commit command --
2023-05-13 10:54:39,549 - INFO: update3d Label
2023-05-13 10:54:39,580 - INFO: update2d Label
2023-05-13 10:54:39,596 - INFO: update3d Label
2023-05-13 10:54:39,596 - INFO: update2d Label
2023-05-13 10:54:39,596 - INFO: End Change: 0:1:3:19, 0.2
2023-05-13 10:54:49,098 - INFO: New Data Label 4949cc5d-4f36-5965-9e94-687b4d29fb9f
2023-05-13 10:54:49,098 - INFO: -- NewConmand --
2023-05-13 10:54:49,106 - INFO: -- Add New Shape --
2023-05-13 10:54:49,106 - INFO: Entry:0:1:4, init start
2023-05-13 10:54:49,114 - INFO: BaseInit 0:1:4 RefSub
2023-05-13 10:54:49,114 - INFO: Entry:0:1:4:18, init start
2023-05-13 10:54:49,114 - INFO: BaseInit 0:1:4:18 ShapeRef
2023-05-13 10:54:49,122 - INFO: Entry:0:1:4:18, init end
2023-05-13 10:54:49,122 - INFO: Entry:0:1:4:19, init start
2023-05-13 10:54:49,122 - INFO: BaseInit 0:1:4:19 Int
2023-05-13 10:54:49,122 - INFO: Init Label:0:1:4:19.value, None, 4
2023-05-13 10:54:49,130 - INFO: Entry:0:1:4:19, init end
2023-05-13 10:54:49,138 - INFO: Entry:0:1:4:20, init start
2023-05-13 10:54:49,138 - INFO: BaseInit 0:1:4:20 Int
2023-05-13 10:54:49,138 - INFO: Init Label:0:1:4:20.value, None, 11
2023-05-13 10:54:49,138 - INFO: Entry:0:1:4:20, init end
2023-05-13 10:54:49,146 - INFO: Entry:0:1:4, init end
2023-05-13 10:54:49,146 - INFO: -- commit command --
2023-05-13 10:54:49,146 - INFO: New Data Label 4949cc5d-4f36-5965-9e94-687b4d29fb9f end
2023-05-13 10:54:50,380 - INFO: Selected Item:New RefSub
2023-05-13 10:55:01,082 - INFO: New Data Label 22d22e78-abca-11d4-8f1a-0060b0ee18e8
2023-05-13 10:55:01,082 - INFO: -- NewConmand --
2023-05-13 10:55:01,082 - INFO: -- Add New Shape --
2023-05-13 10:55:01,097 - INFO: Entry:0:1:5, init start
2023-05-13 10:55:01,097 - INFO: BaseInit 0:1:5 Ellipse2d
2023-05-13 10:55:01,097 - INFO: Entry:0:1:5:18, init start
2023-05-13 10:55:01,097 - INFO: BaseInit 0:1:5:18 Ax2d
2023-05-13 10:55:01,097 - INFO: Entry:0:1:5:18:18, init start
2023-05-13 10:55:01,097 - INFO: BaseInit 0:1:5:18:18 pnt2d
2023-05-13 10:55:01,097 - INFO: Entry:0:1:5:18:18:18, init start
2023-05-13 10:55:01,097 - INFO: BaseInit 0:1:5:18:18:18 real
2023-05-13 10:55:01,113 - INFO: Init Label:0:1:5:18:18:18.value, None, 0
2023-05-13 10:55:01,113 - INFO: Entry:0:1:5:18:18:18, init end
2023-05-13 10:55:01,113 - INFO: Entry:0:1:5:18:18:19, init start
2023-05-13 10:55:01,113 - INFO: BaseInit 0:1:5:18:18:19 real
2023-05-13 10:55:01,113 - INFO: Init Label:0:1:5:18:18:19.value, None, 0
2023-05-13 10:55:01,113 - INFO: Entry:0:1:5:18:18:19, init end
2023-05-13 10:55:01,113 - INFO: Entry:0:1:5:18:18, init end
2023-05-13 10:55:01,113 - INFO: Entry:0:1:5:18:19, init start
2023-05-13 10:55:01,129 - INFO: BaseInit 0:1:5:18:19 pnt2d
2023-05-13 10:55:01,129 - INFO: Entry:0:1:5:18:19:18, init start
2023-05-13 10:55:01,129 - INFO: BaseInit 0:1:5:18:19:18 real
2023-05-13 10:55:01,129 - INFO: Init Label:0:1:5:18:19:18.value, None, 0
2023-05-13 10:55:01,129 - INFO: Entry:0:1:5:18:19:18, init end
2023-05-13 10:55:01,129 - INFO: Entry:0:1:5:18:19:19, init start
2023-05-13 10:55:01,129 - INFO: BaseInit 0:1:5:18:19:19 real
2023-05-13 10:55:01,144 - INFO: Init Label:0:1:5:18:19:19.value, None, 0
2023-05-13 10:55:01,144 - INFO: Entry:0:1:5:18:19:19, init end
2023-05-13 10:55:01,144 - INFO: Entry:0:1:5:18:19, init end
2023-05-13 10:55:01,176 - INFO: Entry:0:1:5:19, init start
2023-05-13 10:55:01,176 - INFO: BaseInit 0:1:5:19 real
2023-05-13 10:55:01,191 - INFO: Init Label:0:1:5:19.value, None, 0
2023-05-13 10:55:01,191 - INFO: Entry:0:1:5:19, init end
2023-05-13 10:55:01,191 - INFO: Entry:0:1:5:20, init start
2023-05-13 10:55:01,191 - INFO: BaseInit 0:1:5:20 real
2023-05-13 10:55:01,191 - INFO: Init Label:0:1:5:20.value, None, 0
2023-05-13 10:55:01,191 - INFO: Entry:0:1:5:20, init end
2023-05-13 10:55:01,191 - INFO: -- commit command --
2023-05-13 10:55:01,207 - INFO: New Data Label 22d22e78-abca-11d4-8f1a-0060b0ee18e8 end
2023-05-13 10:55:02,046 - INFO: Selected Item:New Ellipse2d
2023-05-13 10:55:07,453 - INFO: Start Change: 0:1:5:19, 3
2023-05-13 10:55:07,469 - INFO: -- NewConmand --
2023-05-13 10:55:07,469 - INFO: -- commit command --
2023-05-13 10:55:07,469 - INFO: update3d Label
2023-05-13 10:55:07,469 - INFO: update2d Label
2023-05-13 10:55:07,469 - INFO: update3d Label
2023-05-13 10:55:07,469 - INFO: update2d Label
2023-05-13 10:55:07,469 - INFO: End Change: 0:1:5:19, 3
2023-05-13 10:55:08,493 - INFO: Start Change: 0:1:5:20, 3
2023-05-13 10:55:08,508 - INFO: -- NewConmand --
2023-05-13 10:55:08,508 - INFO: -- commit command --
2023-05-13 10:55:08,508 - INFO: update3d Label
2023-05-13 10:55:08,508 - INFO: update2d Label
2023-05-13 10:55:08,508 - INFO: update3d Label
2023-05-13 10:55:08,508 - INFO: update2d Label
2023-05-13 10:55:08,508 - INFO: End Change: 0:1:5:20, 3
2023-05-13 10:55:12,533 - INFO: Start Change: 0:1:5:18:19:18, 1
2023-05-13 10:55:12,535 - INFO: -- NewConmand --
2023-05-13 10:55:12,548 - INFO: -- commit command --
2023-05-13 10:55:12,550 - INFO: update3d Label
2023-05-13 10:55:12,553 - INFO: update2d Label
2023-05-13 10:55:12,555 - INFO: update3d Label
2023-05-13 10:55:12,557 - INFO: update2d Label
2023-05-13 10:55:12,559 - INFO: End Change: 0:1:5:18:19:18, 1
2023-05-13 10:55:14,843 - INFO: Selected Item:New Ellipse2d
2023-05-13 10:55:22,963 - INFO: New Data Label 22d22e77-abca-11d4-8f1a-0060b0ee18e8
2023-05-13 10:55:22,963 - INFO: -- NewConmand --
2023-05-13 10:55:22,963 - INFO: -- Add New Shape --
2023-05-13 10:55:22,963 - INFO: Entry:0:1:6, init start
2023-05-13 10:55:22,979 - INFO: BaseInit 0:1:6 BuildEdge3d
2023-05-13 10:55:22,979 - INFO: Entry:0:1:6:18, init start
2023-05-13 10:55:22,979 - INFO: BaseInit 0:1:6:18 ShapeRef
2023-05-13 10:55:22,979 - INFO: Entry:0:1:6:19, init start
2023-05-13 10:55:22,979 - INFO: BaseInit 0:1:6:19 ShapeRef
2023-05-13 10:55:22,994 - INFO: -- commit command --
2023-05-13 10:55:22,994 - INFO: New Data Label 22d22e77-abca-11d4-8f1a-0060b0ee18e8 end
2023-05-13 10:55:24,498 - INFO: Selected Item:New BuildEdge3d
2023-05-13 10:55:36,495 - INFO: Start Change: 0:1:6:18, 0:1:5
2023-05-13 10:55:36,497 - INFO: -- NewConmand --
2023-05-13 10:55:36,499 - INFO: 0:1:6:18 ref 0:1:5 
2023-05-13 10:55:36,502 - INFO: -- commit command --
2023-05-13 10:55:36,510 - INFO: update3d Label
2023-05-13 10:55:36,512 - INFO: update2d Label
2023-05-13 10:55:36,514 - INFO: update3d Label
2023-05-13 10:55:36,516 - INFO: update2d Label
2023-05-13 10:55:36,518 - INFO: End Change: 0:1:6:18, 0:1:5
2023-05-13 10:55:53,574 - INFO: Start Change: 0:1:6:18, 0:1:4
2023-05-13 10:55:53,576 - INFO: -- NewConmand --
2023-05-13 10:55:53,578 - INFO: 0:1:6:18 ref 0:1:4 
2023-05-13 10:55:53,581 - INFO: -- commit command --
2023-05-13 10:55:53,596 - INFO: update3d Label
2023-05-13 10:55:53,599 - INFO: update2d Label
2023-05-13 10:55:53,601 - INFO: update3d Label
2023-05-13 10:55:53,603 - INFO: update2d Label
2023-05-13 10:55:53,605 - INFO: End Change: 0:1:6:18, 0:1:4
2023-05-13 10:55:59,880 - INFO: Start Change: 0:1:6:19, 0:1:5
2023-05-13 10:55:59,883 - INFO: -- NewConmand --
2023-05-13 10:55:59,885 - INFO: 0:1:6:19 ref 0:1:5 
2023-05-13 10:55:59,976 - INFO: -- commit command --
2023-05-13 10:55:59,985 - INFO: update3d Label
2023-05-13 10:56:00,007 - INFO: update2d Label
2023-05-13 10:56:00,009 - INFO: update3d Label
2023-05-13 10:56:00,012 - INFO: update2d Label
2023-05-13 10:56:00,014 - INFO: End Change: 0:1:6:19, 0:1:5
2023-05-13 10:56:08,273 - INFO: Start Change: 0:1:5:19, 1
2023-05-13 10:56:08,273 - INFO: -- NewConmand --
2023-05-13 10:56:08,431 - INFO: -- commit command --
2023-05-13 10:56:08,431 - INFO: update3d Label
2023-05-13 10:56:08,431 - INFO: update2d Label
2023-05-13 10:56:08,431 - INFO: update3d Label
2023-05-13 10:56:08,431 - INFO: update2d Label
2023-05-13 10:56:08,431 - INFO: update3d Label
2023-05-13 10:56:08,446 - INFO: update2d Label
2023-05-13 10:56:08,446 - INFO: End Change: 0:1:5:19, 1
2023-05-13 10:56:09,618 - INFO: Start Change: 0:1:5:20, 1
2023-05-13 10:56:09,620 - INFO: -- NewConmand --
2023-05-13 10:56:09,720 - INFO: -- commit command --
2023-05-13 10:56:09,723 - INFO: update3d Label
2023-05-13 10:56:09,736 - INFO: update2d Label
2023-05-13 10:56:09,738 - INFO: update3d Label
2023-05-13 10:56:09,740 - INFO: update2d Label
2023-05-13 10:56:09,742 - INFO: update3d Label
2023-05-13 10:56:09,744 - INFO: update2d Label
2023-05-13 10:56:09,747 - INFO: End Change: 0:1:5:20, 1
2023-05-13 10:56:13,682 - INFO: Selected Item:New BuildEdge3d
2023-05-13 10:56:22,733 - INFO: Selected Item:New BuildEdge3d
2023-05-13 10:56:31,809 - INFO: Start Change: 0:1:5:18:19:18, 1.0
2023-05-13 10:56:31,811 - INFO: -- NewConmand --
2023-05-13 10:56:31,816 - INFO: -- commit command --
2023-05-13 10:56:31,818 - INFO: update3d Label
2023-05-13 10:56:31,827 - INFO: update2d Label
2023-05-13 10:56:31,829 - INFO: update3d Label
2023-05-13 10:56:31,831 - INFO: update2d Label
2023-05-13 10:56:31,833 - INFO: update3d Label
2023-05-13 10:56:31,835 - INFO: update2d Label
2023-05-13 10:56:31,837 - INFO: End Change: 0:1:5:18:19:18, 1.0
2023-05-13 10:56:34,545 - INFO: Start Change: 0:1:5:18:18:18, 2
2023-05-13 10:56:34,580 - INFO: -- NewConmand --
2023-05-13 10:56:34,585 - INFO: -- commit command --
2023-05-13 10:56:34,587 - INFO: update3d Label
2023-05-13 10:56:34,608 - INFO: update2d Label
2023-05-13 10:56:34,610 - INFO: update3d Label
2023-05-13 10:56:34,612 - INFO: update2d Label
2023-05-13 10:56:34,614 - INFO: update3d Label
2023-05-13 10:56:34,616 - INFO: update2d Label
2023-05-13 10:56:34,618 - INFO: End Change: 0:1:5:18:18:18, 2
2023-05-13 10:56:36,262 - INFO: Start Change: 0:1:5:18:18:19, 2
2023-05-13 10:56:36,265 - INFO: -- NewConmand --
2023-05-13 10:56:36,269 - INFO: -- commit command --
2023-05-13 10:56:36,272 - INFO: update3d Label
2023-05-13 10:56:36,290 - INFO: update2d Label
2023-05-13 10:56:36,292 - INFO: update3d Label
2023-05-13 10:56:36,294 - INFO: update2d Label
2023-05-13 10:56:36,296 - INFO: update3d Label
2023-05-13 10:56:36,298 - INFO: update2d Label
2023-05-13 10:56:36,300 - INFO: End Change: 0:1:5:18:18:19, 2
2023-05-13 10:56:39,151 - INFO: Start Change: 0:1:5:18:18:18, 1
2023-05-13 10:56:39,151 - INFO: -- NewConmand --
2023-05-13 10:56:39,151 - INFO: -- commit command --
2023-05-13 10:56:39,151 - INFO: update3d Label
2023-05-13 10:56:39,167 - INFO: update2d Label
2023-05-13 10:56:39,167 - INFO: update3d Label
2023-05-13 10:56:39,167 - INFO: update2d Label
2023-05-13 10:56:39,167 - INFO: update3d Label
2023-05-13 10:56:39,167 - INFO: update2d Label
2023-05-13 10:56:39,182 - INFO: End Change: 0:1:5:18:18:18, 1
2023-05-13 10:56:43,418 - INFO: Start Change: 0:1:5:18:18:18, 1.5
2023-05-13 10:56:43,420 - INFO: -- NewConmand --
2023-05-13 10:56:43,425 - INFO: -- commit command --
2023-05-13 10:56:43,428 - INFO: update3d Label
2023-05-13 10:56:43,437 - INFO: update2d Label
2023-05-13 10:56:43,439 - INFO: update3d Label
2023-05-13 10:56:43,441 - INFO: update2d Label
2023-05-13 10:56:43,443 - INFO: update3d Label
2023-05-13 10:56:43,445 - INFO: update2d Label
2023-05-13 10:56:43,447 - INFO: End Change: 0:1:5:18:18:18, 1.5
2023-05-13 10:56:49,146 - INFO: Selected Item:New Box
2023-05-13 10:56:51,873 - INFO: Selected Item:New FilletAll
2023-05-13 10:56:52,641 - INFO: Selected Item:New Box
2023-05-13 10:56:53,503 - INFO: Selected Item:New Seg2d
2023-05-13 10:56:54,052 - INFO: Selected Item:New FilletAll
2023-05-13 10:56:54,787 - INFO: Selected Item:New BuildEdge3d
2023-05-13 10:58:05,009 - INFO: New Data Label d747d16f-c0ed-5fdb-994f-08948183fbb1
2023-05-13 10:58:05,009 - INFO: -- NewConmand --
2023-05-13 10:58:05,009 - INFO: -- Add New Shape --
2023-05-13 10:58:05,025 - INFO: Entry:0:1:7, init start
2023-05-13 10:58:05,025 - INFO: BaseInit 0:1:7 Face
2023-05-13 10:58:05,025 - INFO: Entry:0:1:7:18, init start
2023-05-13 10:58:05,025 - INFO: BaseInit 0:1:7:18 ShapeRef
2023-05-13 10:58:05,025 - INFO: -- commit command --
2023-05-13 10:58:05,041 - INFO: New Data Label d747d16f-c0ed-5fdb-994f-08948183fbb1 end
2023-05-13 10:58:05,870 - INFO: Selected Item:New Face
2023-05-13 10:58:11,389 - INFO: Start Change: 0:1:7:18, 0:1:6
2023-05-13 10:58:11,389 - INFO: -- NewConmand --
2023-05-13 10:58:11,389 - INFO: 0:1:7:18 ref 0:1:6 
2023-05-13 10:58:11,530 - INFO: -- commit command --
2023-05-13 10:58:11,561 - INFO: update3d Label
2023-05-13 10:58:11,577 - INFO: update2d Label
2023-05-13 10:58:11,577 - INFO: update3d Label
2023-05-13 10:58:11,577 - INFO: update2d Label
2023-05-13 10:58:11,577 - INFO: End Change: 0:1:7:18, 0:1:6
2023-05-13 10:58:18,282 - INFO: New Data Label 9aff3103-e2ec-5169-a49a-17c68fb71f26
2023-05-13 10:58:18,282 - INFO: -- NewConmand --
2023-05-13 10:58:18,282 - INFO: -- Add New Shape --
2023-05-13 10:58:18,282 - INFO: Entry:0:1:8, init start
2023-05-13 10:58:18,282 - INFO: BaseInit 0:1:8 Prism
2023-05-13 10:58:18,282 - INFO: Entry:0:1:8:18, init start
2023-05-13 10:58:18,297 - INFO: BaseInit 0:1:8:18 ShapeRef
2023-05-13 10:58:18,297 - INFO: Entry:0:1:8:19, init start
2023-05-13 10:58:18,297 - INFO: BaseInit 0:1:8:19 Point
2023-05-13 10:58:18,297 - INFO: Entry:0:1:8:19:18, init start
2023-05-13 10:58:18,297 - INFO: BaseInit 0:1:8:19:18 real
2023-05-13 10:58:18,297 - INFO: Init Label:0:1:8:19:18.value, None, 0
2023-05-13 10:58:18,297 - INFO: Entry:0:1:8:19:18, init end
2023-05-13 10:58:18,313 - INFO: Entry:0:1:8:19:19, init start
2023-05-13 10:58:18,313 - INFO: BaseInit 0:1:8:19:19 real
2023-05-13 10:58:18,313 - INFO: Init Label:0:1:8:19:19.value, None, 0
2023-05-13 10:58:18,313 - INFO: Entry:0:1:8:19:19, init end
2023-05-13 10:58:18,313 - INFO: Entry:0:1:8:19:20, init start
2023-05-13 10:58:18,313 - INFO: BaseInit 0:1:8:19:20 real
2023-05-13 10:58:18,313 - INFO: Init Label:0:1:8:19:20.value, None, 0
2023-05-13 10:58:18,329 - INFO: Entry:0:1:8:19:20, init end
2023-05-13 10:58:18,329 - INFO: Entry:0:1:8:19, init end
2023-05-13 10:58:18,329 - INFO: -- commit command --
2023-05-13 10:58:18,329 - INFO: New Data Label 9aff3103-e2ec-5169-a49a-17c68fb71f26 end
2023-05-13 10:58:19,129 - INFO: Selected Item:New Prism
2023-05-13 10:58:22,152 - INFO: Start Change: 0:1:8:19:20, 1
2023-05-13 10:58:22,152 - INFO: -- NewConmand --
2023-05-13 10:58:22,152 - INFO: -- commit command --
2023-05-13 10:58:22,152 - INFO: update3d Label
2023-05-13 10:58:22,152 - INFO: update2d Label
2023-05-13 10:58:22,152 - INFO: update3d Label
2023-05-13 10:58:22,152 - INFO: update2d Label
2023-05-13 10:58:22,168 - INFO: End Change: 0:1:8:19:20, 1
2023-05-13 10:58:30,060 - INFO: Start Change: 0:1:8:18, 0:1:7
2023-05-13 10:58:30,060 - INFO: -- NewConmand --
2023-05-13 10:58:30,060 - INFO: 0:1:8:18 ref 0:1:7 
2023-05-13 10:58:30,169 - INFO: -- commit command --
2023-05-13 10:58:30,200 - INFO: update3d Label
2023-05-13 10:58:30,200 - INFO: update2d Label
2023-05-13 10:58:30,200 - INFO: update3d Label
2023-05-13 10:58:30,232 - INFO: update2d Label
2023-05-13 10:58:30,232 - INFO: End Change: 0:1:8:18, 0:1:7
2023-05-13 10:58:34,494 - INFO: New Data Label d6be287d-25dc-5ef7-95fe-577e98d63f23
2023-05-13 10:58:34,494 - INFO: -- NewConmand --
2023-05-13 10:58:34,510 - INFO: -- Add New Shape --
2023-05-13 10:58:34,510 - INFO: Entry:0:1:9, init start
2023-05-13 10:58:34,510 - INFO: BaseInit 0:1:9 ThruSec
2023-05-13 10:58:34,510 - INFO: Entry:0:1:9:18, init start
2023-05-13 10:58:34,510 - INFO: BaseInit 0:1:9:18 EdgeArray
2023-05-13 10:58:34,510 - INFO: Entry:0:1:9:18, init end
2023-05-13 10:58:34,666 - INFO: -- commit command --
2023-05-13 10:58:34,666 - INFO: New Data Label d6be287d-25dc-5ef7-95fe-577e98d63f23 end
2023-05-13 10:58:35,419 - INFO: Selected Item:New ThruSec
2023-05-13 10:58:40,227 - INFO: New Data Label 2f8e79ba-2779-5ca0-a496-20b6b14b1afe
2023-05-13 10:58:40,227 - INFO: -- NewConmand --
2023-05-13 10:58:40,227 - INFO: -- Add New Shape --
2023-05-13 10:58:40,227 - INFO: Entry:0:1:10, init start
2023-05-13 10:58:40,242 - INFO: BaseInit 0:1:10 Fuse
2023-05-13 10:58:40,242 - INFO: Entry:0:1:10:18, init start
2023-05-13 10:58:40,242 - INFO: BaseInit 0:1:10:18 ShapeRef
2023-05-13 10:58:40,242 - INFO: Entry:0:1:10:19, init start
2023-05-13 10:58:40,242 - INFO: BaseInit 0:1:10:19 ShapeRef
2023-05-13 10:58:40,258 - INFO: -- commit command --
2023-05-13 10:58:40,258 - INFO: New Data Label 2f8e79ba-2779-5ca0-a496-20b6b14b1afe end
2023-05-13 10:58:41,249 - INFO: Selected Item:New Fuse
2023-05-13 10:58:51,232 - INFO: Start Change: 0:1:10:19, 0:1:8
2023-05-13 10:58:51,234 - INFO: -- NewConmand --
2023-05-13 10:58:51,236 - INFO: 0:1:10:19 ref 0:1:8 
2023-05-13 10:58:51,238 - INFO: -- commit command --
2023-05-13 10:58:51,265 - INFO: update3d Label
2023-05-13 10:58:51,267 - INFO: update2d Label
2023-05-13 10:58:51,269 - INFO: update3d Label
2023-05-13 10:58:51,271 - INFO: update2d Label
2023-05-13 10:58:51,273 - INFO: End Change: 0:1:10:19, 0:1:8
2023-05-13 10:59:01,271 - INFO: Start Change: 0:1:10:18, 0:1:3
2023-05-13 10:59:01,274 - INFO: -- NewConmand --
2023-05-13 10:59:01,276 - INFO: 0:1:10:18 ref 0:1:3 
2023-05-13 10:59:02,224 - INFO: -- commit command --
2023-05-13 10:59:02,249 - INFO: update3d Label
2023-05-13 10:59:02,292 - INFO: update2d Label
2023-05-13 10:59:02,294 - INFO: update3d Label
2023-05-13 10:59:02,296 - INFO: update2d Label
2023-05-13 10:59:02,298 - INFO: End Change: 0:1:10:18, 0:1:3
2023-05-13 10:59:23,192 - INFO: Selected Item:New Prism
2023-05-13 10:59:24,013 - INFO: Selected Item:New ThruSec
2023-05-13 10:59:24,765 - INFO: Selected Item:New Face
2023-05-13 10:59:26,211 - INFO: Selected Item:New Face
2023-05-13 10:59:26,884 - INFO: Selected Item:New BuildEdge3d
2023-05-13 10:59:43,213 - INFO: Selected Item:New Fuse
2023-05-13 10:59:51,332 - INFO: New Data Label b6ae1e2c-c38c-55f4-a4bd-1b8da7162c23
2023-05-13 10:59:51,347 - INFO: -- NewConmand --
2023-05-13 10:59:51,347 - INFO: -- Add New Shape --
2023-05-13 10:59:51,347 - INFO: Entry:0:1:11, init start
2023-05-13 10:59:51,347 - INFO: BaseInit 0:1:11 ThickSolid
2023-05-13 10:59:51,347 - INFO: Entry:0:1:11:18, init start
2023-05-13 10:59:51,347 - INFO: BaseInit 0:1:11:18 ShapeRef
2023-05-13 10:59:51,363 - INFO: Entry:0:1:11:19, init start
2023-05-13 10:59:51,363 - INFO: BaseInit 0:1:11:19 ShapeRef
2023-05-13 10:59:51,363 - INFO: Entry:0:1:11:20, init start
2023-05-13 10:59:51,363 - INFO: BaseInit 0:1:11:20 real
2023-05-13 10:59:51,363 - INFO: Init Label:0:1:11:20.value, None, 0
2023-05-13 10:59:51,363 - INFO: Entry:0:1:11:20, init end
2023-05-13 10:59:51,379 - INFO: -- commit command --
2023-05-13 10:59:51,380 - INFO: New Data Label b6ae1e2c-c38c-55f4-a4bd-1b8da7162c23 end
2023-05-13 10:59:59,219 - INFO: New Data Label 4949cc5d-4f36-5965-9e94-687b4d29fb9f
2023-05-13 10:59:59,219 - INFO: -- NewConmand --
2023-05-13 10:59:59,219 - INFO: -- Add New Shape --
2023-05-13 10:59:59,227 - INFO: Entry:0:1:12, init start
2023-05-13 10:59:59,227 - INFO: BaseInit 0:1:12 RefSub
2023-05-13 10:59:59,235 - INFO: Entry:0:1:12:18, init start
2023-05-13 10:59:59,235 - INFO: BaseInit 0:1:12:18 ShapeRef
2023-05-13 10:59:59,235 - INFO: Entry:0:1:12:18, init end
2023-05-13 10:59:59,235 - INFO: Entry:0:1:12:19, init start
2023-05-13 10:59:59,243 - INFO: BaseInit 0:1:12:19 Int
2023-05-13 10:59:59,243 - INFO: Init Label:0:1:12:19.value, None, 4
2023-05-13 10:59:59,243 - INFO: Entry:0:1:12:19, init end
2023-05-13 10:59:59,251 - INFO: Entry:0:1:12:20, init start
2023-05-13 10:59:59,251 - INFO: BaseInit 0:1:12:20 Int
2023-05-13 10:59:59,251 - INFO: Init Label:0:1:12:20.value, None, 28
2023-05-13 10:59:59,251 - INFO: Entry:0:1:12:20, init end
2023-05-13 10:59:59,259 - INFO: Entry:0:1:12, init end
2023-05-13 10:59:59,259 - INFO: -- commit command --
2023-05-13 10:59:59,259 - INFO: New Data Label 4949cc5d-4f36-5965-9e94-687b4d29fb9f end
2023-05-13 11:00:00,298 - INFO: Selected Item:New RefSub
2023-05-13 11:00:13,548 - INFO: New Data Label b6ae1e2c-c38c-55f4-a4bd-1b8da7162c23
2023-05-13 11:00:13,548 - INFO: -- NewConmand --
2023-05-13 11:00:13,548 - INFO: -- Add New Shape --
2023-05-13 11:00:13,563 - INFO: Entry:0:1:13, init start
2023-05-13 11:00:13,563 - INFO: BaseInit 0:1:13 ThickSolid
2023-05-13 11:00:13,563 - INFO: Entry:0:1:13:18, init start
2023-05-13 11:00:13,563 - INFO: BaseInit 0:1:13:18 ShapeRef
2023-05-13 11:00:13,563 - INFO: Entry:0:1:13:19, init start
2023-05-13 11:00:13,563 - INFO: BaseInit 0:1:13:19 ShapeRef
2023-05-13 11:00:13,579 - INFO: Entry:0:1:13:20, init start
2023-05-13 11:00:13,579 - INFO: BaseInit 0:1:13:20 real
2023-05-13 11:00:13,579 - INFO: Init Label:0:1:13:20.value, None, 0
2023-05-13 11:00:13,579 - INFO: Entry:0:1:13:20, init end
2023-05-13 11:00:13,595 - INFO: -- commit command --
2023-05-13 11:00:13,595 - INFO: New Data Label b6ae1e2c-c38c-55f4-a4bd-1b8da7162c23 end
2023-05-13 11:00:16,226 - INFO: Selected Item:New ThickSolid
2023-05-13 11:00:35,534 - INFO: Start Change: 0:1:13:18, 0:1:10
2023-05-13 11:00:35,537 - INFO: -- NewConmand --
2023-05-13 11:00:35,539 - INFO: 0:1:13:18 ref 0:1:10 
2023-05-13 11:00:35,541 - INFO: -- commit command --
2023-05-13 11:00:35,586 - INFO: update3d Label
2023-05-13 11:00:35,588 - INFO: update2d Label
2023-05-13 11:00:35,590 - INFO: update3d Label
2023-05-13 11:00:35,592 - INFO: update2d Label
2023-05-13 11:00:35,594 - INFO: End Change: 0:1:13:18, 0:1:10
2023-05-13 11:00:45,636 - INFO: Start Change: 0:1:13:19, 0:1:12
2023-05-13 11:00:45,636 - INFO: -- NewConmand --
2023-05-13 11:00:45,636 - INFO: 0:1:13:19 ref 0:1:12 
2023-05-13 11:00:45,776 - INFO: -- commit command --
2023-05-13 11:00:45,823 - INFO: update3d Label
2023-05-13 11:00:45,823 - INFO: update2d Label
2023-05-13 11:00:45,823 - INFO: update3d Label
2023-05-13 11:00:45,823 - INFO: update2d Label
2023-05-13 11:00:45,823 - INFO: End Change: 0:1:13:19, 0:1:12
2023-05-13 11:00:59,982 - INFO: Selected Item:New Fuse
2023-05-13 11:01:05,646 - INFO: Start Change: 0:1:10:18, 0:1:1
2023-05-13 11:01:05,661 - INFO: -- NewConmand --
2023-05-13 11:01:05,661 - INFO: 0:1:10:18 ref 0:1:1 
2023-05-13 11:01:05,661 - INFO: -- commit command --
2023-05-13 11:01:05,693 - INFO: update3d Label
2023-05-13 11:01:05,693 - INFO: update2d Label
2023-05-13 11:01:05,693 - INFO: update3d Label
2023-05-13 11:01:05,708 - INFO: update2d Label
2023-05-13 11:01:05,708 - INFO: update3d Label
2023-05-13 11:01:05,708 - INFO: update2d Label
2023-05-13 11:01:05,724 - INFO: update3d Label
2023-05-13 11:01:05,724 - INFO: update2d Label
2023-05-13 11:01:05,724 - INFO: End Change: 0:1:10:18, 0:1:1
2023-05-13 11:01:07,058 - INFO: Selected Item:New ThickSolid
2023-05-13 11:01:17,483 - INFO: Start Change: 0:1:13:20, 0.1
2023-05-13 11:01:17,483 - INFO: -- NewConmand --
2023-05-13 11:01:17,483 - INFO: -- commit command --
2023-05-13 11:01:17,483 - INFO: update3d Label
2023-05-13 11:01:17,483 - INFO: update2d Label
2023-05-13 11:01:17,498 - INFO: update3d Label
2023-05-13 11:01:17,498 - INFO: update2d Label
2023-05-13 11:01:17,498 - INFO: End Change: 0:1:13:20, 0.1
2023-05-13 11:01:23,753 - INFO: Selected Item:New RefSub
2023-05-13 11:01:27,467 - INFO: Selected Item:New ThickSolid
2023-05-13 11:01:31,516 - INFO: Selected Item:New Fuse
2023-05-13 11:01:37,640 - INFO: key: "R"(code 82) not mapped to any function
