2023-05-15 09:50:34,685 - INFO: Application Start
2023-05-15 09:50:37,099 - INFO: change to opertor to viewer
2023-05-15 09:50:47,033 - INFO: key: code 16777250 not mapped to any function
2023-05-15 09:51:04,952 - INFO: change to opertor to line
2023-05-15 09:51:07,505 - INFO: key: code 16777248 not mapped to any function
2023-05-15 09:51:11,816 - INFO: New Data Label 2c63738d-f47a-5147-878c-3af8e2429312
2023-05-15 09:51:11,819 - INFO: New Document
2023-05-15 09:51:12,014 - INFO: New Document End
2023-05-15 09:51:12,017 - INFO: -- NewConmand --
2023-05-15 09:51:12,020 - INFO: -- Add New Shape --
2023-05-15 09:51:12,022 - INFO: Entry:0:1:1, init start
2023-05-15 09:51:12,025 - INFO: BaseInit 0:1:1 Seg2d
2023-05-15 09:51:12,043 - INFO: Entry:0:1:1:18, init start
2023-05-15 09:51:12,046 - INFO: BaseInit 0:1:1:18 pnt2d
2023-05-15 09:51:12,049 - INFO: Entry:0:1:1:18:18, init start
2023-05-15 09:51:12,052 - INFO: BaseInit 0:1:1:18:18 real
2023-05-15 09:51:12,054 - INFO: Init Label:0:1:1:18:18.value, None, 11.270491803278688
2023-05-15 09:51:12,057 - INFO: Entry:0:1:1:18:18, init end
2023-05-15 09:51:12,059 - INFO: Entry:0:1:1:18:19, init start
2023-05-15 09:51:12,062 - INFO: BaseInit 0:1:1:18:19 real
2023-05-15 09:51:12,065 - INFO: Init Label:0:1:1:18:19.value, None, -2.9456967213114758
2023-05-15 09:51:12,068 - INFO: Entry:0:1:1:18:19, init end
2023-05-15 09:51:12,071 - INFO: Entry:0:1:1:18, init end
2023-05-15 09:51:12,073 - INFO: Entry:0:1:1:19, init start
2023-05-15 09:51:12,075 - INFO: BaseInit 0:1:1:19 pnt2d
2023-05-15 09:51:12,077 - INFO: Entry:0:1:1:19:18, init start
2023-05-15 09:51:12,081 - INFO: BaseInit 0:1:1:19:18 real
2023-05-15 09:51:12,085 - INFO: Init Label:0:1:1:19:18.value, None, 11.270491803278688
2023-05-15 09:51:12,087 - INFO: Entry:0:1:1:19:18, init end
2023-05-15 09:51:12,089 - INFO: Entry:0:1:1:19:19, init start
2023-05-15 09:51:12,091 - INFO: BaseInit 0:1:1:19:19 real
2023-05-15 09:51:12,093 - INFO: Init Label:0:1:1:19:19.value, None, 0.3201844262295075
2023-05-15 09:51:12,095 - INFO: Entry:0:1:1:19:19, init end
2023-05-15 09:51:12,099 - INFO: Entry:0:1:1:19, init end
2023-05-15 09:51:12,142 - INFO: Entry:0:1:1, init end
2023-05-15 09:51:12,145 - INFO: -- commit command --
2023-05-15 09:51:12,158 - INFO: New Data Label 2c63738d-f47a-5147-878c-3af8e2429312 end
2023-05-15 09:51:13,265 - INFO: key: code 16777248 not mapped to any function
2023-05-15 09:51:19,830 - INFO: New Data Label 2c63738d-f47a-5147-878c-3af8e2429312
2023-05-15 09:51:19,833 - INFO: -- NewConmand --
2023-05-15 09:51:19,835 - INFO: -- Add New Shape --
2023-05-15 09:51:19,837 - INFO: Entry:0:1:2, init start
2023-05-15 09:51:19,838 - INFO: BaseInit 0:1:2 Seg2d
2023-05-15 09:51:19,840 - INFO: Entry:0:1:2:18, init start
2023-05-15 09:51:19,842 - INFO: BaseInit 0:1:2:18 pnt2d
2023-05-15 09:51:19,845 - INFO: Entry:0:1:2:18:18, init start
2023-05-15 09:51:19,847 - INFO: BaseInit 0:1:2:18:18 real
2023-05-15 09:51:19,849 - INFO: Init Label:0:1:2:18:18.value, None, 11.270491803278688
2023-05-15 09:51:19,851 - INFO: Entry:0:1:2:18:18, init end
2023-05-15 09:51:19,853 - INFO: Entry:0:1:2:18:19, init start
2023-05-15 09:51:19,855 - INFO: BaseInit 0:1:2:18:19 real
2023-05-15 09:51:19,857 - INFO: Init Label:0:1:2:18:19.value, None, -3.2978995901639347
2023-05-15 09:51:19,859 - INFO: Entry:0:1:2:18:19, init end
2023-05-15 09:51:19,861 - INFO: Entry:0:1:2:18, init end
2023-05-15 09:51:19,864 - INFO: Entry:0:1:2:19, init start
2023-05-15 09:51:19,866 - INFO: BaseInit 0:1:2:19 pnt2d
2023-05-15 09:51:19,868 - INFO: Entry:0:1:2:19:18, init start
2023-05-15 09:51:19,870 - INFO: BaseInit 0:1:2:19:18 real
2023-05-15 09:51:19,872 - INFO: Init Label:0:1:2:19:18.value, None, 11.270491803278688
2023-05-15 09:51:19,874 - INFO: Entry:0:1:2:19:18, init end
2023-05-15 09:51:19,876 - INFO: Entry:0:1:2:19:19, init start
2023-05-15 09:51:19,878 - INFO: BaseInit 0:1:2:19:19 real
2023-05-15 09:51:19,880 - INFO: Init Label:0:1:2:19:19.value, None, -3.2978995901639347
2023-05-15 09:51:19,882 - INFO: Entry:0:1:2:19:19, init end
2023-05-15 09:51:19,884 - INFO: Entry:0:1:2:19, init end
2023-05-15 09:51:19,889 - INFO: -- commit command --
2023-05-15 09:51:19,892 - INFO: New Data Label 2c63738d-f47a-5147-878c-3af8e2429312 end
2023-05-15 09:51:23,746 - INFO: New Data Label 2c63738d-f47a-5147-878c-3af8e2429312
2023-05-15 09:51:23,750 - INFO: -- NewConmand --
2023-05-15 09:51:23,753 - INFO: -- Add New Shape --
2023-05-15 09:51:23,754 - INFO: Entry:0:1:3, init start
2023-05-15 09:51:23,756 - INFO: BaseInit 0:1:3 Seg2d
2023-05-15 09:51:23,758 - INFO: Entry:0:1:3:18, init start
2023-05-15 09:51:23,760 - INFO: BaseInit 0:1:3:18 pnt2d
2023-05-15 09:51:23,763 - INFO: Entry:0:1:3:18:18, init start
2023-05-15 09:51:23,765 - INFO: BaseInit 0:1:3:18:18 real
2023-05-15 09:51:23,768 - INFO: Init Label:0:1:3:18:18.value, None, 11.270491803278688
2023-05-15 09:51:23,769 - INFO: Entry:0:1:3:18:18, init end
2023-05-15 09:51:23,772 - INFO: Entry:0:1:3:18:19, init start
2023-05-15 09:51:23,774 - INFO: BaseInit 0:1:3:18:19 real
2023-05-15 09:51:23,775 - INFO: Init Label:0:1:3:18:19.value, None, -3.2018442622950825
2023-05-15 09:51:23,778 - INFO: Entry:0:1:3:18:19, init end
2023-05-15 09:51:23,781 - INFO: Entry:0:1:3:18, init end
2023-05-15 09:51:23,783 - INFO: Entry:0:1:3:19, init start
2023-05-15 09:51:23,785 - INFO: BaseInit 0:1:3:19 pnt2d
2023-05-15 09:51:23,787 - INFO: Entry:0:1:3:19:18, init start
2023-05-15 09:51:23,788 - INFO: BaseInit 0:1:3:19:18 real
2023-05-15 09:51:23,790 - INFO: Init Label:0:1:3:19:18.value, None, 11.270491803278688
2023-05-15 09:51:23,793 - INFO: Entry:0:1:3:19:18, init end
2023-05-15 09:51:23,795 - INFO: Entry:0:1:3:19:19, init start
2023-05-15 09:51:23,799 - INFO: BaseInit 0:1:3:19:19 real
2023-05-15 09:51:23,803 - INFO: Init Label:0:1:3:19:19.value, None, 4.866803278688526
2023-05-15 09:51:23,805 - INFO: Entry:0:1:3:19:19, init end
2023-05-15 09:51:23,807 - INFO: Entry:0:1:3:19, init end
2023-05-15 09:51:23,809 - INFO: Entry:0:1:3, init end
2023-05-15 09:51:23,814 - INFO: -- commit command --
2023-05-15 09:51:23,819 - INFO: New Data Label 2c63738d-f47a-5147-878c-3af8e2429312 end
2023-05-15 09:51:26,709 - INFO: change to opertor to viewer
2023-05-15 09:51:27,823 - INFO: change to opertor to line
2023-05-15 09:51:40,463 - INFO: New Data Label 2c63738d-f47a-5147-878c-3af8e2429312
2023-05-15 09:51:40,466 - INFO: -- NewConmand --
2023-05-15 09:51:40,468 - INFO: -- Add New Shape --
2023-05-15 09:51:40,471 - INFO: Entry:0:1:4, init start
2023-05-15 09:51:40,472 - INFO: BaseInit 0:1:4 Seg2d
2023-05-15 09:51:40,474 - INFO: Entry:0:1:4:18, init start
2023-05-15 09:51:40,476 - INFO: BaseInit 0:1:4:18 pnt2d
2023-05-15 09:51:40,479 - INFO: Entry:0:1:4:18:18, init start
2023-05-15 09:51:40,481 - INFO: BaseInit 0:1:4:18:18 real
2023-05-15 09:51:40,483 - INFO: Init Label:0:1:4:18:18.value, None, 11.270491803278688
2023-05-15 09:51:40,485 - INFO: Entry:0:1:4:18:18, init end
2023-05-15 09:51:40,487 - INFO: Entry:0:1:4:18:19, init start
2023-05-15 09:51:40,489 - INFO: BaseInit 0:1:4:18:19 real
2023-05-15 09:51:40,490 - INFO: Init Label:0:1:4:18:19.value, None, 3.233862704918032
2023-05-15 09:51:40,492 - INFO: Entry:0:1:4:18:19, init end
2023-05-15 09:51:40,495 - INFO: Entry:0:1:4:18, init end
2023-05-15 09:51:40,498 - INFO: Entry:0:1:4:19, init start
2023-05-15 09:51:40,500 - INFO: BaseInit 0:1:4:19 pnt2d
2023-05-15 09:51:40,502 - INFO: Entry:0:1:4:19:18, init start
2023-05-15 09:51:40,504 - INFO: BaseInit 0:1:4:19:18 real
2023-05-15 09:51:40,506 - INFO: Init Label:0:1:4:19:18.value, None, 11.270491803278688
2023-05-15 09:51:40,508 - INFO: Entry:0:1:4:19:18, init end
2023-05-15 09:51:40,510 - INFO: Entry:0:1:4:19:19, init start
2023-05-15 09:51:40,512 - INFO: BaseInit 0:1:4:19:19 real
2023-05-15 09:51:40,514 - INFO: Init Label:0:1:4:19:19.value, None, 7.39626024590164
2023-05-15 09:51:40,516 - INFO: Entry:0:1:4:19:19, init end
2023-05-15 09:51:40,518 - INFO: Entry:0:1:4:19, init end
2023-05-15 09:51:40,521 - INFO: Entry:0:1:4, init end
2023-05-15 09:51:40,523 - INFO: -- commit command --
2023-05-15 09:51:40,526 - INFO: New Data Label 2c63738d-f47a-5147-878c-3af8e2429312 end
2023-05-15 09:51:49,406 - INFO: Application Start
2023-05-15 09:51:49,973 - INFO: change to opertor to viewer
2023-05-15 09:51:58,759 - INFO: change to opertor to line
2023-05-15 09:52:03,596 - INFO: New Data Label 2c63738d-f47a-5147-878c-3af8e2429312
2023-05-15 09:52:03,599 - INFO: New Document
2023-05-15 09:52:03,604 - INFO: New Document End
2023-05-15 09:52:03,607 - INFO: -- NewConmand --
2023-05-15 09:52:03,608 - INFO: -- Add New Shape --
2023-05-15 09:52:03,611 - INFO: Entry:0:1:1, init start
2023-05-15 09:52:03,613 - INFO: BaseInit 0:1:1 Seg2d
2023-05-15 09:52:03,615 - INFO: Entry:0:1:1:18, init start
2023-05-15 09:52:03,618 - INFO: BaseInit 0:1:1:18 pnt2d
2023-05-15 09:52:03,620 - INFO: Entry:0:1:1:18:18, init start
2023-05-15 09:52:03,622 - INFO: BaseInit 0:1:1:18:18 real
2023-05-15 09:52:03,624 - INFO: Init Label:0:1:1:18:18.value, None, 2.689549180327869
2023-05-15 09:52:03,626 - INFO: Entry:0:1:1:18:18, init end
2023-05-15 09:52:03,628 - INFO: Entry:0:1:1:18:19, init start
2023-05-15 09:52:03,630 - INFO: BaseInit 0:1:1:18:19 real
2023-05-15 09:52:03,632 - INFO: Init Label:0:1:1:18:19.value, None, -4.610655737704919
2023-05-15 09:52:03,634 - INFO: Entry:0:1:1:18:19, init end
2023-05-15 09:52:03,636 - INFO: Entry:0:1:1:18, init end
2023-05-15 09:52:03,639 - INFO: Entry:0:1:1:19, init start
2023-05-15 09:52:03,641 - INFO: BaseInit 0:1:1:19 pnt2d
2023-05-15 09:52:03,643 - INFO: Entry:0:1:1:19:18, init start
2023-05-15 09:52:03,646 - INFO: BaseInit 0:1:1:19:18 real
2023-05-15 09:52:03,648 - INFO: Init Label:0:1:1:19:18.value, None, 2.689549180327869
2023-05-15 09:52:03,651 - INFO: Entry:0:1:1:19:18, init end
2023-05-15 09:52:03,653 - INFO: Entry:0:1:1:19:19, init start
2023-05-15 09:52:03,655 - INFO: BaseInit 0:1:1:19:19 real
2023-05-15 09:52:03,657 - INFO: Init Label:0:1:1:19:19.value, None, -0.6083504098360661
2023-05-15 09:52:03,659 - INFO: Entry:0:1:1:19:19, init end
2023-05-15 09:52:03,661 - INFO: Entry:0:1:1:19, init end
2023-05-15 09:52:03,664 - INFO: Entry:0:1:1, init end
2023-05-15 09:52:03,668 - INFO: -- commit command --
2023-05-15 09:52:03,673 - INFO: New Data Label 2c63738d-f47a-5147-878c-3af8e2429312 end
2023-05-15 09:52:18,901 - INFO: Application Start
2023-05-15 09:52:19,375 - INFO: change to opertor to viewer
2023-05-15 09:52:20,720 - INFO: key: code 16777250 not mapped to any function
2023-05-15 09:52:37,896 - INFO: change to opertor to line
2023-05-15 09:52:41,163 - INFO: New Data Label 2c63738d-f47a-5147-878c-3af8e2429312
2023-05-15 09:52:41,166 - INFO: New Document
2023-05-15 09:52:41,171 - INFO: New Document End
2023-05-15 09:52:41,174 - INFO: -- NewConmand --
2023-05-15 09:52:41,176 - INFO: -- Add New Shape --
2023-05-15 09:52:41,178 - INFO: Entry:0:1:1, init start
2023-05-15 09:52:41,181 - INFO: BaseInit 0:1:1 Seg2d
2023-05-15 09:52:41,184 - INFO: Entry:0:1:1:18, init start
2023-05-15 09:52:41,187 - INFO: BaseInit 0:1:1:18 pnt2d
2023-05-15 09:52:41,190 - INFO: Entry:0:1:1:18:18, init start
2023-05-15 09:52:41,192 - INFO: BaseInit 0:1:1:18:18 real
2023-05-15 09:52:41,194 - INFO: Init Label:0:1:1:18:18.value, None, 8.933145491803282
2023-05-15 09:52:41,197 - INFO: Entry:0:1:1:18:18, init end
2023-05-15 09:52:41,201 - INFO: Entry:0:1:1:18:19, init start
2023-05-15 09:52:41,206 - INFO: BaseInit 0:1:1:18:19 real
2023-05-15 09:52:41,209 - INFO: Init Label:0:1:1:18:19.value, None, 3.8422131147540997
2023-05-15 09:52:41,211 - INFO: Entry:0:1:1:18:19, init end
2023-05-15 09:52:41,217 - INFO: Entry:0:1:1:18, init end
2023-05-15 09:52:41,223 - INFO: Entry:0:1:1:19, init start
2023-05-15 09:52:41,225 - INFO: BaseInit 0:1:1:19 pnt2d
2023-05-15 09:52:41,227 - INFO: Entry:0:1:1:19:18, init start
2023-05-15 09:52:41,229 - INFO: BaseInit 0:1:1:19:18 real
2023-05-15 09:52:41,232 - INFO: Init Label:0:1:1:19:18.value, None, 2.5984197667087736
2023-05-15 09:52:41,236 - INFO: Entry:0:1:1:19:18, init end
2023-05-15 09:52:41,239 - INFO: Entry:0:1:1:19:19, init start
2023-05-15 09:52:41,241 - INFO: BaseInit 0:1:1:19:19 real
2023-05-15 09:52:41,243 - INFO: Init Label:0:1:1:19:19.value, None, -5.659875472887793
2023-05-15 09:52:41,246 - INFO: Entry:0:1:1:19:19, init end
2023-05-15 09:52:41,249 - INFO: Entry:0:1:1:19, init end
2023-05-15 09:52:41,255 - INFO: Entry:0:1:1, init end
2023-05-15 09:52:41,258 - INFO: -- commit command --
2023-05-15 09:52:41,262 - INFO: New Data Label 2c63738d-f47a-5147-878c-3af8e2429312 end
2023-05-15 09:52:49,263 - INFO: New Data Label 2c63738d-f47a-5147-878c-3af8e2429312
2023-05-15 09:52:49,266 - INFO: -- NewConmand --
2023-05-15 09:52:49,268 - INFO: -- Add New Shape --
2023-05-15 09:52:49,269 - INFO: Entry:0:1:2, init start
2023-05-15 09:52:49,271 - INFO: BaseInit 0:1:2 Seg2d
2023-05-15 09:52:49,273 - INFO: Entry:0:1:2:18, init start
2023-05-15 09:52:49,275 - INFO: BaseInit 0:1:2:18 pnt2d
2023-05-15 09:52:49,277 - INFO: Entry:0:1:2:18:18, init start
2023-05-15 09:52:49,279 - INFO: BaseInit 0:1:2:18:18 real
2023-05-15 09:52:49,282 - INFO: Init Label:0:1:2:18:18.value, None, 7.159816361916798
2023-05-15 09:52:49,284 - INFO: Entry:0:1:2:18:18, init end
2023-05-15 09:52:49,286 - INFO: Entry:0:1:2:18:19, init start
2023-05-15 09:52:49,287 - INFO: BaseInit 0:1:2:18:19 real
2023-05-15 09:52:49,290 - INFO: Init Label:0:1:2:18:19.value, None, 1.182219419924337
2023-05-15 09:52:49,292 - INFO: Entry:0:1:2:18:19, init end
2023-05-15 09:52:49,294 - INFO: Entry:0:1:2:18, init end
2023-05-15 09:52:49,297 - INFO: Entry:0:1:2:19, init start
2023-05-15 09:52:49,299 - INFO: BaseInit 0:1:2:19 pnt2d
2023-05-15 09:52:49,300 - INFO: Entry:0:1:2:19:18, init start
2023-05-15 09:52:49,302 - INFO: BaseInit 0:1:2:19:18 real
2023-05-15 09:52:49,304 - INFO: Init Label:0:1:2:19:18.value, None, 11.135029161412337
2023-05-15 09:52:49,306 - INFO: Entry:0:1:2:19:18, init end
2023-05-15 09:52:49,308 - INFO: Entry:0:1:2:19:19, init start
2023-05-15 09:52:49,310 - INFO: BaseInit 0:1:2:19:19 real
2023-05-15 09:52:49,313 - INFO: Init Label:0:1:2:19:19.value, None, 7.145038619167727
2023-05-15 09:52:49,315 - INFO: Entry:0:1:2:19:19, init end
2023-05-15 09:52:49,317 - INFO: Entry:0:1:2:19, init end
2023-05-15 09:52:49,320 - INFO: Entry:0:1:2, init end
2023-05-15 09:52:49,322 - INFO: -- commit command --
2023-05-15 09:52:49,325 - INFO: New Data Label 2c63738d-f47a-5147-878c-3af8e2429312 end
2023-05-15 09:52:52,297 - INFO: New Data Label 2c63738d-f47a-5147-878c-3af8e2429312
2023-05-15 09:52:52,298 - INFO: -- NewConmand --
2023-05-15 09:52:52,301 - INFO: -- Add New Shape --
2023-05-15 09:52:52,303 - INFO: Entry:0:1:3, init start
2023-05-15 09:52:52,305 - INFO: BaseInit 0:1:3 Seg2d
2023-05-15 09:52:52,306 - INFO: Entry:0:1:3:18, init start
2023-05-15 09:52:52,308 - INFO: BaseInit 0:1:3:18 pnt2d
2023-05-15 09:52:52,310 - INFO: Entry:0:1:3:18:18, init start
2023-05-15 09:52:52,313 - INFO: BaseInit 0:1:3:18:18 real
2023-05-15 09:52:52,316 - INFO: Init Label:0:1:3:18:18.value, None, 8.898664092055496
2023-05-15 09:52:52,318 - INFO: Entry:0:1:3:18:18, init end
2023-05-15 09:52:52,320 - INFO: Entry:0:1:3:18:19, init start
2023-05-15 09:52:52,322 - INFO: BaseInit 0:1:3:18:19 real
2023-05-15 09:52:52,324 - INFO: Init Label:0:1:3:18:19.value, None, 3.790491015132419
2023-05-15 09:52:52,326 - INFO: Entry:0:1:3:18:19, init end
2023-05-15 09:52:52,328 - INFO: Entry:0:1:3:18, init end
2023-05-15 09:52:52,330 - INFO: Entry:0:1:3:19, init start
2023-05-15 09:52:52,333 - INFO: BaseInit 0:1:3:19 pnt2d
2023-05-15 09:52:52,336 - INFO: Entry:0:1:3:19:18, init start
2023-05-15 09:52:52,338 - INFO: BaseInit 0:1:3:19:18 real
2023-05-15 09:52:52,340 - INFO: Init Label:0:1:3:19:18.value, None, 0.5147580390921469
2023-05-15 09:52:52,342 - INFO: Entry:0:1:3:19:18, init end
2023-05-15 09:52:52,344 - INFO: Entry:0:1:3:19:19, init start
2023-05-15 09:52:52,347 - INFO: BaseInit 0:1:3:19:19 real
2023-05-15 09:52:52,350 - INFO: Init Label:0:1:3:19:19.value, None, -8.785368064312777
2023-05-15 09:52:52,353 - INFO: Entry:0:1:3:19:19, init end
2023-05-15 09:52:52,356 - INFO: Entry:0:1:3:19, init end
2023-05-15 09:52:52,359 - INFO: Entry:0:1:3, init end
2023-05-15 09:52:52,362 - INFO: -- commit command --
2023-05-15 09:52:52,365 - INFO: New Data Label 2c63738d-f47a-5147-878c-3af8e2429312 end
