2023-03-17 21:53:00,657 - INFO: Start init NewParamBuilder 
2023-03-17 21:53:00,657 - INFO: Type:Box Driver:22d22e50-abca-11d4-8f1a-0060b0ee18e8
2023-03-17 21:53:00,657 - INFO: name:<class 'str'>
2023-03-17 21:53:00,657 - INFO: parent:<class 'str'>
2023-03-17 21:53:00,657 - INFO: shape:{'transform': {'angle': <class 'OCC.Core.TDataStd.TDataStd_Real'>, 'rotateAxis': {'theXp': <class 'OCC.Core.TDataStd.TDataStd_Real'>, 'theYp': <class 'OCC.Core.TDataStd.TDataStd_Real'>, 'theZp': <class 'OCC.Core.TDataStd.TDataStd_Real'>}, 'position': {'theXp': <class 'OCC.Core.TDataStd.TDataStd_Real'>, 'theYp': <class 'OCC.Core.TDataStd.TDataStd_Real'>, 'theZp': <class 'OCC.Core.TDataStd.TDataStd_Real'>}}, 'l': <class 'OCC.Core.TDataStd.TDataStd_Real'>, 'h': <class 'OCC.Core.TDataStd.TDataStd_Real'>, 'w': <class 'OCC.Core.TDataStd.TDataStd_Real'>}
2023-03-17 21:53:00,657 - INFO: End init NewParamBuilder 
2023-03-17 21:53:00,673 - INFO: change item:Parent, col:1 to text:0:1
2023-03-17 21:53:00,673 - INFO: change item:Name, col:1 to text:shape
2023-03-17 21:53:00,682 - INFO: change item:angle, col:1 to text:0.0
2023-03-17 21:53:00,684 - INFO: change item:theXp, col:1 to text:0.0
2023-03-17 21:53:00,686 - INFO: change item:theYp, col:1 to text:0.0
2023-03-17 21:53:00,690 - INFO: change item:theZp, col:1 to text:0.0
2023-03-17 21:53:00,697 - INFO: change item:theXp, col:1 to text:0.0
2023-03-17 21:53:00,700 - INFO: change item:theYp, col:1 to text:0.0
2023-03-17 21:53:00,702 - INFO: change item:theZp, col:1 to text:0.0
2023-03-17 21:53:00,704 - INFO: change item:l, col:1 to text:0.0
2023-03-17 21:53:00,711 - INFO: change item:h, col:1 to text:0.0
2023-03-17 21:53:00,713 - INFO: change item:w, col:1 to text:0.0
2023-03-17 21:53:00,715 - INFO: ParamTree:<widgets.Logic_Construct.Logic_Construct object at 0x000001C249BC1700>
2023-03-17 21:53:02,990 - INFO: change item:l, col:1 to text:3
2023-03-17 21:53:04,373 - INFO: change item:h, col:1 to text:4
2023-03-17 21:53:05,634 - INFO: change item:w, col:1 to text:5
2023-03-17 21:53:06,417 - INFO: Start Collect New Shape data
2023-03-17 21:53:06,420 - INFO: ParentPath:0:1
2023-03-17 21:53:06,422 - INFO: name:shape
2023-03-17 21:53:06,424 - INFO: value:{'transform': {'angle': '0.0', 'rotateAxis': {'theXp': '0.0', 'theYp': '0.0', 'theZp': '0.0'}, 'position': {'theXp': '0.0', 'theYp': '0.0', 'theZp': '0.0'}}, 'l': '3', 'h': '4', 'w': '5'}
2023-03-17 21:53:06,427 - INFO: end Collect New Shape data
2023-03-17 21:53:06,428 - INFO: -- NewConmand --
2023-03-17 21:53:06,430 - INFO: -- Add New Shape --
2023-03-17 21:53:06,432 - INFO: Type:22d22e50-abca-11d4-8f1a-0060b0ee18e8
2023-03-17 21:53:06,434 - INFO: Name:shape
2023-03-17 21:53:06,437 - INFO: Param:{'transform': {'angle': '0.0', 'rotateAxis': {'theXp': '0.0', 'theYp': '0.0', 'theZp': '0.0'}, 'position': {'theXp': '0.0', 'theYp': '0.0', 'theZp': '0.0'}}, 'l': '3', 'h': '4', 'w': '5'}
2023-03-17 21:53:06,441 - INFO: Entry:0:1:1
2023-03-17 21:53:06,443 - INFO: Entry:0:1:1 init with driver:22d22e50-abca-11d4-8f1a-0060b0ee18e8
2023-03-17 21:53:06,445 - INFO: Box init sub
2023-03-17 21:53:06,447 - INFO: Entry:0:1:1:1 init with driver:22d22e53-abca-11d4-8f1a-0060b0ee18e8
2023-03-17 21:53:06,449 - INFO: Transform init sub
2023-03-17 21:53:06,450 - INFO: Entry:0:1:1:1:1 init with driver:22d22e51-abca-11d4-8f1a-0060b0ee18e8
2023-03-17 21:53:06,453 - INFO: real init self
2023-03-17 21:53:06,456 - INFO: Entry:{aEntry} init sub success
2023-03-17 21:53:06,458 - INFO: Entry:0:1:1:1:1 type:real Execute
2023-03-17 21:53:06,460 - INFO: Entry:0:1:1:1:2 init with driver:22d22e52-abca-11d4-8f1a-0060b0ee18e8
2023-03-17 21:53:06,462 - INFO: Point init sub
2023-03-17 21:53:06,464 - INFO: Entry:0:1:1:1:2:1 init with driver:22d22e51-abca-11d4-8f1a-0060b0ee18e8
2023-03-17 21:53:06,465 - INFO: real init self
2023-03-17 21:53:06,467 - INFO: Entry:{aEntry} init sub success
2023-03-17 21:53:06,470 - INFO: Entry:0:1:1:1:2:1 type:real Execute
2023-03-17 21:53:06,473 - INFO: Entry:0:1:1:1:2:2 init with driver:22d22e51-abca-11d4-8f1a-0060b0ee18e8
2023-03-17 21:53:06,475 - INFO: real init self
2023-03-17 21:53:06,476 - INFO: Entry:{aEntry} init sub success
2023-03-17 21:53:06,478 - INFO: Entry:0:1:1:1:2:2 type:real Execute
2023-03-17 21:53:06,480 - INFO: Entry:0:1:1:1:2:3 init with driver:22d22e51-abca-11d4-8f1a-0060b0ee18e8
2023-03-17 21:53:06,482 - INFO: real init self
2023-03-17 21:53:06,483 - INFO: Entry:{aEntry} init sub success
2023-03-17 21:53:06,486 - INFO: Entry:0:1:1:1:2:3 type:real Execute
2023-03-17 21:53:06,489 - INFO: Entry:{aEntry} init sub success
2023-03-17 21:53:06,491 - INFO: Entry:0:1:1:1:2 type:Point Execute
2023-03-17 21:53:06,493 - INFO: Entry:0:1:1:1:2:1 get value 0.0 
2023-03-17 21:53:06,494 - INFO: Entry:0:1:1:1:2:2 get value 0.0 
2023-03-17 21:53:06,496 - INFO: Entry:0:1:1:1:2:3 get value 0.0 
2023-03-17 21:53:06,498 - INFO: Entry:0:1:1:1:2 Make Point Success
2023-03-17 21:53:06,500 - INFO: Entry:0:1:1:1:3 init with driver:22d22e52-abca-11d4-8f1a-0060b0ee18e8
2023-03-17 21:53:06,503 - INFO: Point init sub
2023-03-17 21:53:06,506 - INFO: Entry:0:1:1:1:3:1 init with driver:22d22e51-abca-11d4-8f1a-0060b0ee18e8
2023-03-17 21:53:06,508 - INFO: real init self
2023-03-17 21:53:06,511 - INFO: Entry:{aEntry} init sub success
2023-03-17 21:53:06,514 - INFO: Entry:0:1:1:1:3:1 type:real Execute
2023-03-17 21:53:06,517 - INFO: Entry:0:1:1:1:3:2 init with driver:22d22e51-abca-11d4-8f1a-0060b0ee18e8
2023-03-17 21:53:06,519 - INFO: real init self
2023-03-17 21:53:06,522 - INFO: Entry:{aEntry} init sub success
2023-03-17 21:53:06,524 - INFO: Entry:0:1:1:1:3:2 type:real Execute
2023-03-17 21:53:06,526 - INFO: Entry:0:1:1:1:3:3 init with driver:22d22e51-abca-11d4-8f1a-0060b0ee18e8
2023-03-17 21:53:06,529 - INFO: real init self
2023-03-17 21:53:06,533 - INFO: Entry:{aEntry} init sub success
2023-03-17 21:53:06,536 - INFO: Entry:0:1:1:1:3:3 type:real Execute
2023-03-17 21:53:06,541 - INFO: Entry:{aEntry} init sub success
2023-03-17 21:53:06,544 - INFO: Entry:0:1:1:1:3 type:Point Execute
2023-03-17 21:53:06,546 - INFO: Entry:0:1:1:1:3:1 get value 0.0 
2023-03-17 21:53:06,548 - INFO: Entry:0:1:1:1:3:2 get value 0.0 
2023-03-17 21:53:06,550 - INFO: Entry:0:1:1:1:3:3 get value 0.0 
2023-03-17 21:53:06,553 - INFO: Entry:0:1:1:1:3 Make Point Success
2023-03-17 21:53:06,555 - INFO: Entry:{aEntry} init sub success
2023-03-17 21:53:06,557 - INFO: Entry:0:1:1:1 type:Transform Execute
2023-03-17 21:53:06,560 - INFO: Entry:0:1:1:1:1 get value 0.0 
2023-03-17 21:53:06,562 - INFO: Entry:0:1:1:1:2 get value <class 'TopoDS_Vertex'> 
2023-03-17 21:53:06,563 - INFO: Entry:0:1:1:1:3 get value <class 'TopoDS_Vertex'> 
2023-03-17 21:53:06,565 - INFO: Entry:0:1:1:1 Make Transform Success
2023-03-17 21:53:06,568 - INFO: Entry:0:1:1:2 init with driver:22d22e51-abca-11d4-8f1a-0060b0ee18e8
2023-03-17 21:53:06,571 - INFO: real init self
2023-03-17 21:53:06,573 - INFO: Entry:{aEntry} init sub success
2023-03-17 21:53:06,574 - INFO: Entry:0:1:1:2 type:real Execute
2023-03-17 21:53:06,576 - INFO: Entry:0:1:1:3 init with driver:22d22e51-abca-11d4-8f1a-0060b0ee18e8
2023-03-17 21:53:06,578 - INFO: real init self
2023-03-17 21:53:06,580 - INFO: Entry:{aEntry} init sub success
2023-03-17 21:53:06,582 - INFO: Entry:0:1:1:3 type:real Execute
2023-03-17 21:53:06,583 - INFO: Entry:0:1:1:4 init with driver:22d22e51-abca-11d4-8f1a-0060b0ee18e8
2023-03-17 21:53:06,586 - INFO: real init self
2023-03-17 21:53:06,587 - INFO: Entry:{aEntry} init sub success
2023-03-17 21:53:06,589 - INFO: Entry:0:1:1:4 type:real Execute
2023-03-17 21:53:06,591 - INFO: Entry:{aEntry} init sub success
2023-03-17 21:53:06,593 - INFO: Entry:0:1:1:1 get value <class 'TopLoc_Location'> 
2023-03-17 21:53:06,597 - INFO: Entry:0:1:1:2 get value 3.0 
2023-03-17 21:53:06,599 - INFO: Entry:0:1:1:3 get value 4.0 
2023-03-17 21:53:06,601 - INFO: Entry:0:1:1:4 get value 5.0 
2023-03-17 21:53:06,603 - INFO: Driver:Box Execute {'transform': <class 'gp_Trsf'>, 'l': 3.0, 'h': 4.0, 'w': 5.0}
2023-03-17 21:53:06,608 - INFO: Label:shape update presentation
2023-03-17 21:53:06,612 - INFO: -- commit command --
2023-03-17 21:53:08,291 - INFO: Selected Item:shape
2023-03-17 21:53:08,291 - INFO: Start init ChangeParamBuilder 
2023-03-17 21:53:08,291 - INFO: Entry:0:1:1 id:22d22e50-abca-11d4-8f1a-0060b0ee18e8 Get Param
2023-03-17 21:53:08,306 - INFO: Entry:0:1:1:1 id:22d22e53-abca-11d4-8f1a-0060b0ee18e8 Get Param
2023-03-17 21:53:08,306 - INFO: Entry:0:1:1:1:1 id:22d22e51-abca-11d4-8f1a-0060b0ee18e8 Get Param
2023-03-17 21:53:08,306 - INFO: Entry:0:1:1:1:1 get value 0.0 
2023-03-17 21:53:08,306 - INFO: Entry:0:1:1:1:2 id:22d22e52-abca-11d4-8f1a-0060b0ee18e8 Get Param
2023-03-17 21:53:08,306 - INFO: Entry:0:1:1:1:2:1 id:22d22e51-abca-11d4-8f1a-0060b0ee18e8 Get Param
2023-03-17 21:53:08,306 - INFO: Entry:0:1:1:1:2:1 get value 0.0 
2023-03-17 21:53:08,306 - INFO: Entry:0:1:1:1:2:2 id:22d22e51-abca-11d4-8f1a-0060b0ee18e8 Get Param
2023-03-17 21:53:08,306 - INFO: Entry:0:1:1:1:2:2 get value 0.0 
2023-03-17 21:53:08,306 - INFO: Entry:0:1:1:1:2:3 id:22d22e51-abca-11d4-8f1a-0060b0ee18e8 Get Param
2023-03-17 21:53:08,322 - INFO: Entry:0:1:1:1:2:3 get value 0.0 
2023-03-17 21:53:08,322 - INFO: Entry:0:1:1:1:3 id:22d22e52-abca-11d4-8f1a-0060b0ee18e8 Get Param
2023-03-17 21:53:08,322 - INFO: Entry:0:1:1:1:3:1 id:22d22e51-abca-11d4-8f1a-0060b0ee18e8 Get Param
2023-03-17 21:53:08,322 - INFO: Entry:0:1:1:1:3:1 get value 0.0 
2023-03-17 21:53:08,322 - INFO: Entry:0:1:1:1:3:2 id:22d22e51-abca-11d4-8f1a-0060b0ee18e8 Get Param
2023-03-17 21:53:08,322 - INFO: Entry:0:1:1:1:3:2 get value 0.0 
2023-03-17 21:53:08,322 - INFO: Entry:0:1:1:1:3:3 id:22d22e51-abca-11d4-8f1a-0060b0ee18e8 Get Param
2023-03-17 21:53:08,322 - INFO: Entry:0:1:1:1:3:3 get value 0.0 
2023-03-17 21:53:08,337 - INFO: Entry:0:1:1:2 id:22d22e51-abca-11d4-8f1a-0060b0ee18e8 Get Param
2023-03-17 21:53:08,337 - INFO: Entry:0:1:1:2 get value 3.0 
2023-03-17 21:53:08,337 - INFO: Entry:0:1:1:3 id:22d22e51-abca-11d4-8f1a-0060b0ee18e8 Get Param
2023-03-17 21:53:08,337 - INFO: Entry:0:1:1:3 get value 4.0 
2023-03-17 21:53:08,337 - INFO: Entry:0:1:1:4 id:22d22e51-abca-11d4-8f1a-0060b0ee18e8 Get Param
2023-03-17 21:53:08,337 - INFO: Entry:0:1:1:4 get value 5.0 
2023-03-17 21:53:08,337 - INFO: Entry:0:1:1 name:shape type:Box
2023-03-17 21:53:08,337 - INFO: params:{'transform': {'angle': <class 'OCC.Core.TDataStd.TDataStd_Real'>, 'rotateAxis': {'theXp': <class 'OCC.Core.TDataStd.TDataStd_Real'>, 'theYp': <class 'OCC.Core.TDataStd.TDataStd_Real'>, 'theZp': <class 'OCC.Core.TDataStd.TDataStd_Real'>}, 'position': {'theXp': <class 'OCC.Core.TDataStd.TDataStd_Real'>, 'theYp': <class 'OCC.Core.TDataStd.TDataStd_Real'>, 'theZp': <class 'OCC.Core.TDataStd.TDataStd_Real'>}}, 'l': <class 'OCC.Core.TDataStd.TDataStd_Real'>, 'h': <class 'OCC.Core.TDataStd.TDataStd_Real'>, 'w': <class 'OCC.Core.TDataStd.TDataStd_Real'>}
2023-03-17 21:53:08,337 - INFO: End init ChangeParamBuilder 
2023-03-17 21:53:08,353 - INFO: change item:Parent, col:1 to text:0:1:1
2023-03-17 21:53:08,353 - INFO: change item:Name, col:1 to text:shape
2023-03-17 21:53:08,362 - INFO: change item:angle, col:1 to text:0.0
2023-03-17 21:53:08,364 - INFO: change item:theXp, col:1 to text:0.0
2023-03-17 21:53:08,366 - INFO: change item:theYp, col:1 to text:0.0
2023-03-17 21:53:08,370 - INFO: change item:theZp, col:1 to text:0.0
2023-03-17 21:53:08,376 - INFO: change item:theXp, col:1 to text:0.0
2023-03-17 21:53:08,378 - INFO: change item:theYp, col:1 to text:0.0
2023-03-17 21:53:08,380 - INFO: change item:theZp, col:1 to text:0.0
2023-03-17 21:53:08,382 - INFO: change item:l, col:1 to text:3.0
2023-03-17 21:53:08,386 - INFO: change item:h, col:1 to text:4.0
2023-03-17 21:53:08,393 - INFO: change item:w, col:1 to text:5.0
2023-03-17 21:53:08,395 - INFO: ParamTree:<widgets.Logic_Construct.Logic_Construct object at 0x000001C249BC1700>
2023-03-17 21:53:18,064 - INFO: change item:angle, col:1 to text:12
2023-03-17 21:53:20,919 - INFO: change item:theYp, col:1 to text:2
2023-03-17 21:53:23,930 - INFO: Start Collect Change data
2023-03-17 21:53:23,932 - INFO: ParentPath:0:1:1
2023-03-17 21:53:23,933 - INFO: name:shape
2023-03-17 21:53:23,935 - INFO: value:{}
2023-03-17 21:53:23,937 - INFO: end Collect Change data
2023-03-17 22:00:36,071 - INFO: Start init NewParamBuilder 
2023-03-17 22:00:36,073 - INFO: Type:Box Driver:22d22e50-abca-11d4-8f1a-0060b0ee18e8
2023-03-17 22:00:36,075 - INFO: name:<class 'str'>
2023-03-17 22:00:36,077 - INFO: parent:<class 'str'>
2023-03-17 22:00:36,079 - INFO: shape:{'transform': {'angle': <class 'OCC.Core.TDataStd.TDataStd_Real'>, 'rotateAxis': {'theXp': <class 'OCC.Core.TDataStd.TDataStd_Real'>, 'theYp': <class 'OCC.Core.TDataStd.TDataStd_Real'>, 'theZp': <class 'OCC.Core.TDataStd.TDataStd_Real'>}, 'position': {'theXp': <class 'OCC.Core.TDataStd.TDataStd_Real'>, 'theYp': <class 'OCC.Core.TDataStd.TDataStd_Real'>, 'theZp': <class 'OCC.Core.TDataStd.TDataStd_Real'>}}, 'l': <class 'OCC.Core.TDataStd.TDataStd_Real'>, 'h': <class 'OCC.Core.TDataStd.TDataStd_Real'>, 'w': <class 'OCC.Core.TDataStd.TDataStd_Real'>}
2023-03-17 22:00:36,081 - INFO: End init NewParamBuilder 
2023-03-17 22:00:36,084 - INFO: change item:Parent, col:1 to text:0:1
2023-03-17 22:00:36,089 - INFO: change item:Name, col:1 to text:shape
2023-03-17 22:00:36,093 - INFO: change item:angle, col:1 to text:0.0
2023-03-17 22:00:36,096 - INFO: change item:theXp, col:1 to text:0.0
2023-03-17 22:00:36,098 - INFO: change item:theYp, col:1 to text:0.0
2023-03-17 22:00:36,102 - INFO: change item:theZp, col:1 to text:0.0
2023-03-17 22:00:36,108 - INFO: change item:theXp, col:1 to text:0.0
2023-03-17 22:00:36,111 - INFO: change item:theYp, col:1 to text:0.0
2023-03-17 22:00:36,113 - INFO: change item:theZp, col:1 to text:0.0
2023-03-17 22:00:36,120 - INFO: change item:l, col:1 to text:0.0
2023-03-17 22:00:36,123 - INFO: change item:h, col:1 to text:0.0
2023-03-17 22:00:36,124 - INFO: change item:w, col:1 to text:0.0
2023-03-17 22:00:36,126 - INFO: ParamTree:<widgets.Logic_Construct.Logic_Construct object at 0x000001B6BFD41670>
2023-03-17 22:00:40,428 - INFO: change item:l, col:1 to text:3
2023-03-17 22:00:41,976 - INFO: change item:h, col:1 to text:4
2023-03-17 22:00:43,786 - INFO: change item:w, col:1 to text:5
2023-03-17 22:00:44,712 - INFO: Start Collect New Shape data
2023-03-17 22:00:44,715 - INFO: ParentPath:0:1
2023-03-17 22:00:44,718 - INFO: name:shape
2023-03-17 22:00:44,720 - INFO: value:{'transform': {'angle': '0.0', 'rotateAxis': {'theXp': '0.0', 'theYp': '0.0', 'theZp': '0.0'}, 'position': {'theXp': '0.0', 'theYp': '0.0', 'theZp': '0.0'}}, 'l': '3', 'h': '4', 'w': '5'}
2023-03-17 22:00:44,722 - INFO: end Collect New Shape data
2023-03-17 22:00:44,724 - INFO: -- NewConmand --
2023-03-17 22:00:44,726 - INFO: -- Add New Shape --
2023-03-17 22:00:44,728 - INFO: Type:22d22e50-abca-11d4-8f1a-0060b0ee18e8
2023-03-17 22:00:44,731 - INFO: Name:shape
2023-03-17 22:00:44,734 - INFO: Param:{'transform': {'angle': '0.0', 'rotateAxis': {'theXp': '0.0', 'theYp': '0.0', 'theZp': '0.0'}, 'position': {'theXp': '0.0', 'theYp': '0.0', 'theZp': '0.0'}}, 'l': '3', 'h': '4', 'w': '5'}
2023-03-17 22:00:44,739 - INFO: Entry:0:1:1
2023-03-17 22:00:44,741 - INFO: Entry:0:1:1 init with driver:22d22e50-abca-11d4-8f1a-0060b0ee18e8
2023-03-17 22:00:44,744 - INFO: Box init sub
2023-03-17 22:00:44,747 - INFO: Entry:0:1:1:1 init with driver:22d22e53-abca-11d4-8f1a-0060b0ee18e8
2023-03-17 22:00:44,749 - INFO: Transform init sub
2023-03-17 22:00:44,751 - INFO: Entry:0:1:1:1:1 init with driver:22d22e51-abca-11d4-8f1a-0060b0ee18e8
2023-03-17 22:00:44,754 - INFO: real init self
2023-03-17 22:00:44,756 - INFO: Entry:{aEntry} init sub success
2023-03-17 22:00:44,758 - INFO: Entry:0:1:1:1:1 type:real Execute
2023-03-17 22:00:44,760 - INFO: Entry:0:1:1:1:2 init with driver:22d22e52-abca-11d4-8f1a-0060b0ee18e8
2023-03-17 22:00:44,763 - INFO: Point init sub
2023-03-17 22:00:44,766 - INFO: Entry:0:1:1:1:2:1 init with driver:22d22e51-abca-11d4-8f1a-0060b0ee18e8
2023-03-17 22:00:44,768 - INFO: real init self
2023-03-17 22:00:44,770 - INFO: Entry:{aEntry} init sub success
2023-03-17 22:00:44,772 - INFO: Entry:0:1:1:1:2:1 type:real Execute
2023-03-17 22:00:44,774 - INFO: Entry:0:1:1:1:2:2 init with driver:22d22e51-abca-11d4-8f1a-0060b0ee18e8
2023-03-17 22:00:44,776 - INFO: real init self
2023-03-17 22:00:44,779 - INFO: Entry:{aEntry} init sub success
2023-03-17 22:00:44,782 - INFO: Entry:0:1:1:1:2:2 type:real Execute
2023-03-17 22:00:44,784 - INFO: Entry:0:1:1:1:2:3 init with driver:22d22e51-abca-11d4-8f1a-0060b0ee18e8
2023-03-17 22:00:44,786 - INFO: real init self
2023-03-17 22:00:44,788 - INFO: Entry:{aEntry} init sub success
2023-03-17 22:00:44,790 - INFO: Entry:0:1:1:1:2:3 type:real Execute
2023-03-17 22:00:44,793 - INFO: Entry:{aEntry} init sub success
2023-03-17 22:00:44,797 - INFO: Entry:0:1:1:1:2 type:Point Execute
2023-03-17 22:00:44,800 - INFO: Entry:0:1:1:1:2:1 get value 0.0 
2023-03-17 22:00:44,803 - INFO: Entry:0:1:1:1:2:2 get value 0.0 
2023-03-17 22:00:44,807 - INFO: Entry:0:1:1:1:2:3 get value 0.0 
2023-03-17 22:00:44,809 - INFO: Entry:0:1:1:1:2 Make Point Success
2023-03-17 22:00:44,812 - INFO: Entry:0:1:1:1:3 init with driver:22d22e52-abca-11d4-8f1a-0060b0ee18e8
2023-03-17 22:00:44,815 - INFO: Point init sub
2023-03-17 22:00:44,817 - INFO: Entry:0:1:1:1:3:1 init with driver:22d22e51-abca-11d4-8f1a-0060b0ee18e8
2023-03-17 22:00:44,821 - INFO: real init self
2023-03-17 22:00:44,827 - INFO: Entry:{aEntry} init sub success
2023-03-17 22:00:44,830 - INFO: Entry:0:1:1:1:3:1 type:real Execute
2023-03-17 22:00:44,834 - INFO: Entry:0:1:1:1:3:2 init with driver:22d22e51-abca-11d4-8f1a-0060b0ee18e8
2023-03-17 22:00:44,837 - INFO: real init self
2023-03-17 22:00:44,839 - INFO: Entry:{aEntry} init sub success
2023-03-17 22:00:44,841 - INFO: Entry:0:1:1:1:3:2 type:real Execute
2023-03-17 22:00:44,845 - INFO: Entry:0:1:1:1:3:3 init with driver:22d22e51-abca-11d4-8f1a-0060b0ee18e8
2023-03-17 22:00:44,851 - INFO: real init self
2023-03-17 22:00:44,855 - INFO: Entry:{aEntry} init sub success
2023-03-17 22:00:44,858 - INFO: Entry:0:1:1:1:3:3 type:real Execute
2023-03-17 22:00:44,862 - INFO: Entry:{aEntry} init sub success
2023-03-17 22:00:44,865 - INFO: Entry:0:1:1:1:3 type:Point Execute
2023-03-17 22:00:44,868 - INFO: Entry:0:1:1:1:3:1 get value 0.0 
2023-03-17 22:00:44,871 - INFO: Entry:0:1:1:1:3:2 get value 0.0 
2023-03-17 22:00:44,873 - INFO: Entry:0:1:1:1:3:3 get value 0.0 
2023-03-17 22:00:44,876 - INFO: Entry:0:1:1:1:3 Make Point Success
2023-03-17 22:00:44,879 - INFO: Entry:{aEntry} init sub success
2023-03-17 22:00:44,881 - INFO: Entry:0:1:1:1 type:Transform Execute
2023-03-17 22:00:44,884 - INFO: Entry:0:1:1:1:1 get value 0.0 
2023-03-17 22:00:44,886 - INFO: Entry:0:1:1:1:2 get value <class 'TopoDS_Vertex'> 
2023-03-17 22:00:44,888 - INFO: Entry:0:1:1:1:3 get value <class 'TopoDS_Vertex'> 
2023-03-17 22:00:44,891 - INFO: Entry:0:1:1:1 Make Transform Success
2023-03-17 22:00:44,893 - INFO: Entry:0:1:1:2 init with driver:22d22e51-abca-11d4-8f1a-0060b0ee18e8
2023-03-17 22:00:44,896 - INFO: real init self
2023-03-17 22:00:44,898 - INFO: Entry:{aEntry} init sub success
2023-03-17 22:00:44,900 - INFO: Entry:0:1:1:2 type:real Execute
2023-03-17 22:00:44,903 - INFO: Entry:0:1:1:3 init with driver:22d22e51-abca-11d4-8f1a-0060b0ee18e8
2023-03-17 22:00:44,905 - INFO: real init self
2023-03-17 22:00:44,907 - INFO: Entry:{aEntry} init sub success
2023-03-17 22:00:44,911 - INFO: Entry:0:1:1:3 type:real Execute
2023-03-17 22:00:44,913 - INFO: Entry:0:1:1:4 init with driver:22d22e51-abca-11d4-8f1a-0060b0ee18e8
2023-03-17 22:00:44,915 - INFO: real init self
2023-03-17 22:00:44,918 - INFO: Entry:{aEntry} init sub success
2023-03-17 22:00:44,920 - INFO: Entry:0:1:1:4 type:real Execute
2023-03-17 22:00:44,922 - INFO: Entry:{aEntry} init sub success
2023-03-17 22:00:44,924 - INFO: Entry:0:1:1:1 get value <class 'TopLoc_Location'> 
2023-03-17 22:00:44,929 - INFO: Entry:0:1:1:2 get value 3.0 
2023-03-17 22:00:44,931 - INFO: Entry:0:1:1:3 get value 4.0 
2023-03-17 22:00:44,934 - INFO: Entry:0:1:1:4 get value 5.0 
2023-03-17 22:00:44,936 - INFO: Driver:Box Execute {'transform': <class 'gp_Trsf'>, 'l': 3.0, 'h': 4.0, 'w': 5.0}
2023-03-17 22:00:44,942 - INFO: Label:shape update presentation
2023-03-17 22:00:44,948 - INFO: -- commit command --
2023-03-17 22:00:47,058 - INFO: Selected Item:shape
2023-03-17 22:00:47,060 - INFO: Start init ChangeParamBuilder 
2023-03-17 22:00:47,062 - INFO: Entry:0:1:1 id:22d22e50-abca-11d4-8f1a-0060b0ee18e8 Get Param
2023-03-17 22:00:47,064 - INFO: Entry:0:1:1:1 id:22d22e53-abca-11d4-8f1a-0060b0ee18e8 Get Param
2023-03-17 22:00:47,066 - INFO: Entry:0:1:1:1:1 id:22d22e51-abca-11d4-8f1a-0060b0ee18e8 Get Param
2023-03-17 22:00:47,068 - INFO: Entry:0:1:1:1:1 get value 0.0 
2023-03-17 22:00:47,069 - INFO: Entry:0:1:1:1:2 id:22d22e52-abca-11d4-8f1a-0060b0ee18e8 Get Param
2023-03-17 22:00:47,071 - INFO: Entry:0:1:1:1:2:1 id:22d22e51-abca-11d4-8f1a-0060b0ee18e8 Get Param
2023-03-17 22:00:47,073 - INFO: Entry:0:1:1:1:2:1 get value 0.0 
2023-03-17 22:00:47,075 - INFO: Entry:0:1:1:1:2:2 id:22d22e51-abca-11d4-8f1a-0060b0ee18e8 Get Param
2023-03-17 22:00:47,078 - INFO: Entry:0:1:1:1:2:2 get value 0.0 
2023-03-17 22:00:47,081 - INFO: Entry:0:1:1:1:2:3 id:22d22e51-abca-11d4-8f1a-0060b0ee18e8 Get Param
2023-03-17 22:00:47,084 - INFO: Entry:0:1:1:1:2:3 get value 0.0 
2023-03-17 22:00:47,086 - INFO: Entry:0:1:1:1:3 id:22d22e52-abca-11d4-8f1a-0060b0ee18e8 Get Param
2023-03-17 22:00:47,088 - INFO: Entry:0:1:1:1:3:1 id:22d22e51-abca-11d4-8f1a-0060b0ee18e8 Get Param
2023-03-17 22:00:47,091 - INFO: Entry:0:1:1:1:3:1 get value 0.0 
2023-03-17 22:00:47,094 - INFO: Entry:0:1:1:1:3:2 id:22d22e51-abca-11d4-8f1a-0060b0ee18e8 Get Param
2023-03-17 22:00:47,097 - INFO: Entry:0:1:1:1:3:2 get value 0.0 
2023-03-17 22:00:47,099 - INFO: Entry:0:1:1:1:3:3 id:22d22e51-abca-11d4-8f1a-0060b0ee18e8 Get Param
2023-03-17 22:00:47,102 - INFO: Entry:0:1:1:1:3:3 get value 0.0 
2023-03-17 22:00:47,105 - INFO: Entry:0:1:1:2 id:22d22e51-abca-11d4-8f1a-0060b0ee18e8 Get Param
2023-03-17 22:00:47,107 - INFO: Entry:0:1:1:2 get value 3.0 
2023-03-17 22:00:47,111 - INFO: Entry:0:1:1:3 id:22d22e51-abca-11d4-8f1a-0060b0ee18e8 Get Param
2023-03-17 22:00:47,114 - INFO: Entry:0:1:1:3 get value 4.0 
2023-03-17 22:00:47,117 - INFO: Entry:0:1:1:4 id:22d22e51-abca-11d4-8f1a-0060b0ee18e8 Get Param
2023-03-17 22:00:47,119 - INFO: Entry:0:1:1:4 get value 5.0 
2023-03-17 22:00:47,121 - INFO: Entry:0:1:1 name:shape type:Box
2023-03-17 22:00:47,122 - INFO: params:{'transform': {'angle': <class 'OCC.Core.TDataStd.TDataStd_Real'>, 'rotateAxis': {'theXp': <class 'OCC.Core.TDataStd.TDataStd_Real'>, 'theYp': <class 'OCC.Core.TDataStd.TDataStd_Real'>, 'theZp': <class 'OCC.Core.TDataStd.TDataStd_Real'>}, 'position': {'theXp': <class 'OCC.Core.TDataStd.TDataStd_Real'>, 'theYp': <class 'OCC.Core.TDataStd.TDataStd_Real'>, 'theZp': <class 'OCC.Core.TDataStd.TDataStd_Real'>}}, 'l': <class 'OCC.Core.TDataStd.TDataStd_Real'>, 'h': <class 'OCC.Core.TDataStd.TDataStd_Real'>, 'w': <class 'OCC.Core.TDataStd.TDataStd_Real'>}
2023-03-17 22:00:47,124 - INFO: End init ChangeParamBuilder 
2023-03-17 22:00:47,127 - INFO: change item:Parent, col:1 to text:0:1:1
2023-03-17 22:00:47,131 - INFO: change item:Name, col:1 to text:shape
2023-03-17 22:00:47,134 - INFO: change item:angle, col:1 to text:0.0
2023-03-17 22:00:47,137 - INFO: change item:theXp, col:1 to text:0.0
2023-03-17 22:00:47,140 - INFO: change item:theYp, col:1 to text:0.0
2023-03-17 22:00:47,143 - INFO: change item:theZp, col:1 to text:0.0
2023-03-17 22:00:47,146 - INFO: change item:theXp, col:1 to text:0.0
2023-03-17 22:00:47,150 - INFO: change item:theYp, col:1 to text:0.0
2023-03-17 22:00:47,158 - INFO: change item:theZp, col:1 to text:0.0
2023-03-17 22:00:47,165 - INFO: change item:l, col:1 to text:3.0
2023-03-17 22:00:47,168 - INFO: change item:h, col:1 to text:4.0
2023-03-17 22:00:47,172 - INFO: change item:w, col:1 to text:5.0
2023-03-17 22:00:47,178 - INFO: ParamTree:<widgets.Logic_Construct.Logic_Construct object at 0x000001B6BFD41670>
2023-03-17 22:00:55,943 - INFO: change item:angle, col:1 to text:18
2023-03-17 22:00:59,900 - INFO: Start Collect Change data
2023-03-17 22:00:59,903 - INFO: ParentPath:0:1:1
2023-03-17 22:00:59,904 - INFO: name:shape
2023-03-17 22:00:59,906 - INFO: value:{}
2023-03-17 22:00:59,908 - INFO: end Collect Change data
2023-03-17 22:02:56,859 - INFO: Start init NewParamBuilder 
2023-03-17 22:02:56,862 - INFO: Type:Box Driver:22d22e50-abca-11d4-8f1a-0060b0ee18e8
2023-03-17 22:02:56,864 - INFO: name:<class 'str'>
2023-03-17 22:02:56,866 - INFO: parent:<class 'str'>
2023-03-17 22:02:56,868 - INFO: shape:{'transform': {'angle': <class 'OCC.Core.TDataStd.TDataStd_Real'>, 'rotateAxis': {'theXp': <class 'OCC.Core.TDataStd.TDataStd_Real'>, 'theYp': <class 'OCC.Core.TDataStd.TDataStd_Real'>, 'theZp': <class 'OCC.Core.TDataStd.TDataStd_Real'>}, 'position': {'theXp': <class 'OCC.Core.TDataStd.TDataStd_Real'>, 'theYp': <class 'OCC.Core.TDataStd.TDataStd_Real'>, 'theZp': <class 'OCC.Core.TDataStd.TDataStd_Real'>}}, 'l': <class 'OCC.Core.TDataStd.TDataStd_Real'>, 'h': <class 'OCC.Core.TDataStd.TDataStd_Real'>, 'w': <class 'OCC.Core.TDataStd.TDataStd_Real'>}
2023-03-17 22:02:56,871 - INFO: End init NewParamBuilder 
2023-03-17 22:02:56,873 - INFO: change item:Parent, col:1 to text:0:1
2023-03-17 22:15:39,713 - INFO: Start init NewParamBuilder 
2023-03-17 22:15:39,723 - INFO: Type:Box Driver:22d22e50-abca-11d4-8f1a-0060b0ee18e8
2023-03-17 22:15:39,728 - INFO: name:<class 'str'>
2023-03-17 22:15:39,730 - INFO: parent:<class 'str'>
2023-03-17 22:15:39,732 - INFO: shape:{'transform': {'angle': <class 'OCC.Core.TDataStd.TDataStd_Real'>, 'rotateAxis': {'theXp': <class 'OCC.Core.TDataStd.TDataStd_Real'>, 'theYp': <class 'OCC.Core.TDataStd.TDataStd_Real'>, 'theZp': <class 'OCC.Core.TDataStd.TDataStd_Real'>}, 'position': {'theXp': <class 'OCC.Core.TDataStd.TDataStd_Real'>, 'theYp': <class 'OCC.Core.TDataStd.TDataStd_Real'>, 'theZp': <class 'OCC.Core.TDataStd.TDataStd_Real'>}}, 'l': <class 'OCC.Core.TDataStd.TDataStd_Real'>, 'h': <class 'OCC.Core.TDataStd.TDataStd_Real'>, 'w': <class 'OCC.Core.TDataStd.TDataStd_Real'>}
2023-03-17 22:15:39,734 - INFO: End init NewParamBuilder 
2023-03-17 22:15:39,739 - INFO: change item:Parent, col:1 to text:0:1
2023-03-17 22:15:39,748 - INFO: change item:Name, col:1 to text:shape
2023-03-17 22:15:39,753 - INFO: change item:angle, col:1 to text:0.0
2023-03-17 22:15:39,758 - INFO: change item:theXp, col:1 to text:0.0
2023-03-17 22:15:39,762 - INFO: change item:theYp, col:1 to text:0.0
2023-03-17 22:15:39,766 - INFO: change item:theZp, col:1 to text:0.0
2023-03-17 22:15:39,772 - INFO: change item:theXp, col:1 to text:0.0
2023-03-17 22:15:39,783 - INFO: change item:theYp, col:1 to text:0.0
2023-03-17 22:15:39,787 - INFO: change item:theZp, col:1 to text:0.0
2023-03-17 22:15:39,796 - INFO: change item:l, col:1 to text:0.0
2023-03-17 22:15:39,802 - INFO: change item:h, col:1 to text:0.0
2023-03-17 22:15:39,810 - INFO: change item:w, col:1 to text:0.0
2023-03-17 22:15:39,866 - INFO: ParamTree:<widgets.Logic_Construct.Logic_Construct object at 0x0000018F9A2F8820>
2023-03-17 22:15:42,190 - INFO: change item:l, col:1 to text:1
2023-03-17 22:15:43,998 - INFO: change item:h, col:1 to text:2
2023-03-17 22:15:45,261 - INFO: change item:w, col:1 to text:3
2023-03-17 22:15:46,119 - INFO: Start Collect New Shape data
2023-03-17 22:15:46,124 - INFO: ParentPath:0:1
2023-03-17 22:15:46,127 - INFO: name:shape
2023-03-17 22:15:46,131 - INFO: value:{'transform': {'angle': '0.0', 'rotateAxis': {'theXp': '0.0', 'theYp': '0.0', 'theZp': '0.0'}, 'position': {'theXp': '0.0', 'theYp': '0.0', 'theZp': '0.0'}}, 'l': '1', 'h': '2', 'w': '3'}
2023-03-17 22:15:46,132 - INFO: end Collect New Shape data
2023-03-17 22:15:46,136 - INFO: -- NewConmand --
2023-03-17 22:15:46,142 - INFO: -- Add New Shape --
2023-03-17 22:15:46,145 - INFO: Type:22d22e50-abca-11d4-8f1a-0060b0ee18e8
2023-03-17 22:15:46,148 - INFO: Name:shape
2023-03-17 22:15:46,151 - INFO: Param:{'transform': {'angle': '0.0', 'rotateAxis': {'theXp': '0.0', 'theYp': '0.0', 'theZp': '0.0'}, 'position': {'theXp': '0.0', 'theYp': '0.0', 'theZp': '0.0'}}, 'l': '1', 'h': '2', 'w': '3'}
2023-03-17 22:15:46,435 - INFO: Entry:0:1:1
2023-03-17 22:15:46,446 - INFO: Entry:0:1:1 init with driver:22d22e50-abca-11d4-8f1a-0060b0ee18e8
2023-03-17 22:15:46,450 - INFO: Box init sub
2023-03-17 22:15:46,459 - INFO: Entry:0:1:1:1 init with driver:22d22e53-abca-11d4-8f1a-0060b0ee18e8
2023-03-17 22:15:46,464 - INFO: Transform init sub
2023-03-17 22:15:46,469 - INFO: Entry:0:1:1:1:1 init with driver:22d22e51-abca-11d4-8f1a-0060b0ee18e8
2023-03-17 22:15:46,474 - INFO: real init self
2023-03-17 22:15:46,488 - INFO: Entry:{aEntry} init sub success
2023-03-17 22:15:46,491 - INFO: Entry:0:1:1:1:1 type:real Execute
2023-03-17 22:15:46,493 - INFO: Entry:0:1:1:1:2 init with driver:22d22e52-abca-11d4-8f1a-0060b0ee18e8
2023-03-17 22:15:46,495 - INFO: Point init sub
2023-03-17 22:15:46,497 - INFO: Entry:0:1:1:1:2:1 init with driver:22d22e51-abca-11d4-8f1a-0060b0ee18e8
2023-03-17 22:15:46,499 - INFO: real init self
2023-03-17 22:15:46,502 - INFO: Entry:{aEntry} init sub success
2023-03-17 22:15:46,506 - INFO: Entry:0:1:1:1:2:1 type:real Execute
2023-03-17 22:15:46,509 - INFO: Entry:0:1:1:1:2:2 init with driver:22d22e51-abca-11d4-8f1a-0060b0ee18e8
2023-03-17 22:15:46,511 - INFO: real init self
2023-03-17 22:15:46,512 - INFO: Entry:{aEntry} init sub success
2023-03-17 22:15:46,514 - INFO: Entry:0:1:1:1:2:2 type:real Execute
2023-03-17 22:15:46,517 - INFO: Entry:0:1:1:1:2:3 init with driver:22d22e51-abca-11d4-8f1a-0060b0ee18e8
2023-03-17 22:15:46,521 - INFO: real init self
2023-03-17 22:15:46,524 - INFO: Entry:{aEntry} init sub success
2023-03-17 22:15:46,526 - INFO: Entry:0:1:1:1:2:3 type:real Execute
2023-03-17 22:15:46,528 - INFO: Entry:{aEntry} init sub success
2023-03-17 22:15:46,530 - INFO: Entry:0:1:1:1:2 type:Point Execute
2023-03-17 22:15:46,533 - INFO: Entry:0:1:1:1:2:1 get value 0.0 
2023-03-17 22:15:46,535 - INFO: Entry:0:1:1:1:2:2 get value 0.0 
2023-03-17 22:15:46,539 - INFO: Entry:0:1:1:1:2:3 get value 0.0 
2023-03-17 22:15:46,551 - INFO: Entry:0:1:1:1:2 Make Point Success
2023-03-17 22:15:46,555 - INFO: Entry:0:1:1:1:3 init with driver:22d22e52-abca-11d4-8f1a-0060b0ee18e8
2023-03-17 22:15:46,558 - INFO: Point init sub
2023-03-17 22:15:46,561 - INFO: Entry:0:1:1:1:3:1 init with driver:22d22e51-abca-11d4-8f1a-0060b0ee18e8
2023-03-17 22:15:46,563 - INFO: real init self
2023-03-17 22:15:46,566 - INFO: Entry:{aEntry} init sub success
2023-03-17 22:15:46,570 - INFO: Entry:0:1:1:1:3:1 type:real Execute
2023-03-17 22:15:46,574 - INFO: Entry:0:1:1:1:3:2 init with driver:22d22e51-abca-11d4-8f1a-0060b0ee18e8
2023-03-17 22:15:46,576 - INFO: real init self
2023-03-17 22:15:46,579 - INFO: Entry:{aEntry} init sub success
2023-03-17 22:15:46,581 - INFO: Entry:0:1:1:1:3:2 type:real Execute
2023-03-17 22:15:46,583 - INFO: Entry:0:1:1:1:3:3 init with driver:22d22e51-abca-11d4-8f1a-0060b0ee18e8
2023-03-17 22:15:46,585 - INFO: real init self
2023-03-17 22:15:46,590 - INFO: Entry:{aEntry} init sub success
2023-03-17 22:15:46,592 - INFO: Entry:0:1:1:1:3:3 type:real Execute
2023-03-17 22:15:46,595 - INFO: Entry:{aEntry} init sub success
2023-03-17 22:15:46,598 - INFO: Entry:0:1:1:1:3 type:Point Execute
2023-03-17 22:15:46,600 - INFO: Entry:0:1:1:1:3:1 get value 0.0 
2023-03-17 22:15:46,604 - INFO: Entry:0:1:1:1:3:2 get value 0.0 
2023-03-17 22:15:46,608 - INFO: Entry:0:1:1:1:3:3 get value 0.0 
2023-03-17 22:15:46,611 - INFO: Entry:0:1:1:1:3 Make Point Success
2023-03-17 22:15:46,613 - INFO: Entry:{aEntry} init sub success
2023-03-17 22:15:46,615 - INFO: Entry:0:1:1:1 type:Transform Execute
2023-03-17 22:15:46,618 - INFO: Entry:0:1:1:1:1 get value 0.0 
2023-03-17 22:15:46,624 - INFO: Entry:0:1:1:1:2 get value <class 'TopoDS_Vertex'> 
2023-03-17 22:15:46,628 - INFO: Entry:0:1:1:1:3 get value <class 'TopoDS_Vertex'> 
2023-03-17 22:15:46,636 - INFO: Entry:0:1:1:1 Make Transform Success
2023-03-17 22:15:46,640 - INFO: Entry:0:1:1:2 init with driver:22d22e51-abca-11d4-8f1a-0060b0ee18e8
2023-03-17 22:15:46,643 - INFO: real init self
2023-03-17 22:15:46,645 - INFO: Entry:{aEntry} init sub success
2023-03-17 22:15:46,647 - INFO: Entry:0:1:1:2 type:real Execute
2023-03-17 22:15:46,649 - INFO: Entry:0:1:1:3 init with driver:22d22e51-abca-11d4-8f1a-0060b0ee18e8
2023-03-17 22:15:46,651 - INFO: real init self
2023-03-17 22:15:46,654 - INFO: Entry:{aEntry} init sub success
2023-03-17 22:15:46,658 - INFO: Entry:0:1:1:3 type:real Execute
2023-03-17 22:15:46,661 - INFO: Entry:0:1:1:4 init with driver:22d22e51-abca-11d4-8f1a-0060b0ee18e8
2023-03-17 22:15:46,663 - INFO: real init self
2023-03-17 22:15:46,665 - INFO: Entry:{aEntry} init sub success
2023-03-17 22:15:46,667 - INFO: Entry:0:1:1:4 type:real Execute
2023-03-17 22:15:46,670 - INFO: Entry:{aEntry} init sub success
2023-03-17 22:15:46,677 - INFO: Entry:0:1:1:1 get value <class 'TopLoc_Location'> 
2023-03-17 22:15:46,689 - INFO: Entry:0:1:1:2 get value 1.0 
2023-03-17 22:15:46,692 - INFO: Entry:0:1:1:3 get value 2.0 
2023-03-17 22:15:46,696 - INFO: Entry:0:1:1:4 get value 3.0 
2023-03-17 22:15:46,699 - INFO: Driver:Box Execute {'transform': <class 'gp_Trsf'>, 'l': 1.0, 'h': 2.0, 'w': 3.0}
2023-03-17 22:15:46,758 - INFO: Label:shape update presentation
2023-03-17 22:15:46,766 - INFO: -- commit command --
2023-03-17 22:15:50,281 - INFO: Selected Item:shape
2023-03-17 22:15:50,286 - INFO: Start init ChangeParamBuilder 
2023-03-17 22:15:50,289 - INFO: Entry:0:1:1 id:22d22e50-abca-11d4-8f1a-0060b0ee18e8 Get Param
2023-03-17 22:15:50,292 - INFO: Entry:0:1:1:1 id:22d22e53-abca-11d4-8f1a-0060b0ee18e8 Get Param
2023-03-17 22:15:50,294 - INFO: Entry:0:1:1:1:1 id:22d22e51-abca-11d4-8f1a-0060b0ee18e8 Get Param
2023-03-17 22:15:50,295 - INFO: Entry:0:1:1:1:1 get value 0.0 
2023-03-17 22:15:50,298 - INFO: Entry:0:1:1:1:2 id:22d22e52-abca-11d4-8f1a-0060b0ee18e8 Get Param
2023-03-17 22:15:50,301 - INFO: Entry:0:1:1:1:2:1 id:22d22e51-abca-11d4-8f1a-0060b0ee18e8 Get Param
2023-03-17 22:15:50,306 - INFO: Entry:0:1:1:1:2:1 get value 0.0 
2023-03-17 22:15:50,309 - INFO: Entry:0:1:1:1:2:2 id:22d22e51-abca-11d4-8f1a-0060b0ee18e8 Get Param
2023-03-17 22:15:50,312 - INFO: Entry:0:1:1:1:2:2 get value 0.0 
2023-03-17 22:15:50,315 - INFO: Entry:0:1:1:1:2:3 id:22d22e51-abca-11d4-8f1a-0060b0ee18e8 Get Param
2023-03-17 22:15:50,319 - INFO: Entry:0:1:1:1:2:3 get value 0.0 
2023-03-17 22:15:50,323 - INFO: Entry:0:1:1:1:3 id:22d22e52-abca-11d4-8f1a-0060b0ee18e8 Get Param
2023-03-17 22:15:50,325 - INFO: Entry:0:1:1:1:3:1 id:22d22e51-abca-11d4-8f1a-0060b0ee18e8 Get Param
2023-03-17 22:15:50,327 - INFO: Entry:0:1:1:1:3:1 get value 0.0 
2023-03-17 22:15:50,330 - INFO: Entry:0:1:1:1:3:2 id:22d22e51-abca-11d4-8f1a-0060b0ee18e8 Get Param
2023-03-17 22:15:50,332 - INFO: Entry:0:1:1:1:3:2 get value 0.0 
2023-03-17 22:15:50,337 - INFO: Entry:0:1:1:1:3:3 id:22d22e51-abca-11d4-8f1a-0060b0ee18e8 Get Param
2023-03-17 22:15:50,341 - INFO: Entry:0:1:1:1:3:3 get value 0.0 
2023-03-17 22:15:50,343 - INFO: Entry:0:1:1:2 id:22d22e51-abca-11d4-8f1a-0060b0ee18e8 Get Param
2023-03-17 22:15:50,345 - INFO: Entry:0:1:1:2 get value 1.0 
2023-03-17 22:15:50,347 - INFO: Entry:0:1:1:3 id:22d22e51-abca-11d4-8f1a-0060b0ee18e8 Get Param
2023-03-17 22:15:50,349 - INFO: Entry:0:1:1:3 get value 2.0 
2023-03-17 22:15:50,353 - INFO: Entry:0:1:1:4 id:22d22e51-abca-11d4-8f1a-0060b0ee18e8 Get Param
2023-03-17 22:15:50,356 - INFO: Entry:0:1:1:4 get value 3.0 
2023-03-17 22:15:50,359 - INFO: Entry:0:1:1 name:shape type:Box
2023-03-17 22:15:50,361 - INFO: params:{'transform': {'angle': <class 'OCC.Core.TDataStd.TDataStd_Real'>, 'rotateAxis': {'theXp': <class 'OCC.Core.TDataStd.TDataStd_Real'>, 'theYp': <class 'OCC.Core.TDataStd.TDataStd_Real'>, 'theZp': <class 'OCC.Core.TDataStd.TDataStd_Real'>}, 'position': {'theXp': <class 'OCC.Core.TDataStd.TDataStd_Real'>, 'theYp': <class 'OCC.Core.TDataStd.TDataStd_Real'>, 'theZp': <class 'OCC.Core.TDataStd.TDataStd_Real'>}}, 'l': <class 'OCC.Core.TDataStd.TDataStd_Real'>, 'h': <class 'OCC.Core.TDataStd.TDataStd_Real'>, 'w': <class 'OCC.Core.TDataStd.TDataStd_Real'>}
2023-03-17 22:15:50,363 - INFO: End init ChangeParamBuilder 
2023-03-17 22:15:50,365 - INFO: change item:Parent, col:1 to text:0:1:1
2023-03-17 22:15:50,374 - INFO: change item:Name, col:1 to text:shape
2023-03-17 22:15:50,378 - INFO: change item:angle, col:1 to text:0.0
2023-03-17 22:15:50,381 - INFO: change item:theXp, col:1 to text:0.0
2023-03-17 22:15:50,386 - INFO: change item:theYp, col:1 to text:0.0
2023-03-17 22:15:50,389 - INFO: change item:theZp, col:1 to text:0.0
2023-03-17 22:15:50,393 - INFO: change item:theXp, col:1 to text:0.0
2023-03-17 22:15:50,396 - INFO: change item:theYp, col:1 to text:0.0
2023-03-17 22:15:50,401 - INFO: change item:theZp, col:1 to text:0.0
2023-03-17 22:15:50,407 - INFO: change item:l, col:1 to text:1.0
2023-03-17 22:15:50,414 - INFO: change item:h, col:1 to text:2.0
2023-03-17 22:15:50,421 - INFO: change item:w, col:1 to text:3.0
2023-03-17 22:15:50,431 - INFO: ParamTree:<widgets.Logic_Construct.Logic_Construct object at 0x0000018F9A2F8820>
2023-03-17 22:15:56,535 - INFO: change item:angle, col:1 to text:20
2023-03-17 22:16:12,221 - INFO: Start Collect Change data
2023-03-17 22:16:12,224 - INFO: ParentPath:0:1:1
2023-03-17 22:16:12,234 - INFO: name:shape
2023-03-17 22:16:12,237 - INFO: value:{}
2023-03-17 22:16:12,241 - INFO: end Collect Change data
2023-03-17 23:47:31,014 - INFO: Start init NewParamBuilder 
2023-03-17 23:47:31,016 - INFO: Type:Box Driver:22d22e50-abca-11d4-8f1a-0060b0ee18e8
2023-03-17 23:47:31,018 - INFO: name:<class 'str'>
2023-03-17 23:47:31,022 - INFO: parent:<class 'str'>
2023-03-17 23:47:31,024 - INFO: shape:{'transform': {'angle': <class 'OCC.Core.TDataStd.TDataStd_Real'>, 'rotateAxis': {'theXp': <class 'OCC.Core.TDataStd.TDataStd_Real'>, 'theYp': <class 'OCC.Core.TDataStd.TDataStd_Real'>, 'theZp': <class 'OCC.Core.TDataStd.TDataStd_Real'>}, 'position': {'theXp': <class 'OCC.Core.TDataStd.TDataStd_Real'>, 'theYp': <class 'OCC.Core.TDataStd.TDataStd_Real'>, 'theZp': <class 'OCC.Core.TDataStd.TDataStd_Real'>}}, 'l': <class 'OCC.Core.TDataStd.TDataStd_Real'>, 'h': <class 'OCC.Core.TDataStd.TDataStd_Real'>, 'w': <class 'OCC.Core.TDataStd.TDataStd_Real'>}
2023-03-17 23:47:31,026 - INFO: End init NewParamBuilder 
2023-03-17 23:47:31,030 - INFO: change item:Parent, col:1 to text:0:1
2023-03-17 23:47:31,038 - INFO: change item:Name, col:1 to text:shape
2023-03-17 23:47:31,042 - INFO: change item:angle, col:1 to text:0.0
2023-03-17 23:47:31,044 - INFO: change item:theXp, col:1 to text:0.0
2023-03-17 23:47:31,046 - INFO: change item:theYp, col:1 to text:0.0
2023-03-17 23:47:31,049 - INFO: change item:theZp, col:1 to text:0.0
2023-03-17 23:47:31,054 - INFO: change item:theXp, col:1 to text:0.0
2023-03-17 23:47:31,057 - INFO: change item:theYp, col:1 to text:0.0
2023-03-17 23:47:31,059 - INFO: change item:theZp, col:1 to text:0.0
2023-03-17 23:47:31,061 - INFO: change item:l, col:1 to text:0.0
2023-03-17 23:47:31,063 - INFO: change item:h, col:1 to text:0.0
2023-03-17 23:47:31,065 - INFO: change item:w, col:1 to text:0.0
2023-03-17 23:47:31,067 - INFO: ParamTree:<widgets.Logic_Construct.Logic_Construct object at 0x00000253939B9820>
2023-03-17 23:47:33,594 - INFO: change item:l, col:1 to text:4
2023-03-17 23:47:34,946 - INFO: change item:h, col:1 to text:5
2023-03-17 23:47:37,007 - INFO: change item:w, col:1 to text:6
2023-03-17 23:47:37,942 - INFO: Start Collect New Shape data
2023-03-17 23:47:37,944 - INFO: ParentPath:0:1
2023-03-17 23:47:37,946 - INFO: name:shape
2023-03-17 23:47:37,948 - INFO: value:{'transform': {'angle': '0.0', 'rotateAxis': {'theXp': '0.0', 'theYp': '0.0', 'theZp': '0.0'}, 'position': {'theXp': '0.0', 'theYp': '0.0', 'theZp': '0.0'}}, 'l': '4', 'h': '5', 'w': '6'}
2023-03-17 23:47:37,950 - INFO: end Collect New Shape data
2023-03-17 23:47:37,955 - INFO: -- NewConmand --
2023-03-17 23:47:37,957 - INFO: -- Add New Shape --
2023-03-17 23:47:37,959 - INFO: Type:22d22e50-abca-11d4-8f1a-0060b0ee18e8
2023-03-17 23:47:37,961 - INFO: Name:shape
2023-03-17 23:47:37,963 - INFO: Param:{'transform': {'angle': '0.0', 'rotateAxis': {'theXp': '0.0', 'theYp': '0.0', 'theZp': '0.0'}, 'position': {'theXp': '0.0', 'theYp': '0.0', 'theZp': '0.0'}}, 'l': '4', 'h': '5', 'w': '6'}
2023-03-17 23:47:37,986 - INFO: Entry:0:1:1
2023-03-17 23:47:37,991 - INFO: Entry:0:1:1 init with driver:22d22e50-abca-11d4-8f1a-0060b0ee18e8
2023-03-17 23:47:37,994 - INFO: Box init sub
2023-03-17 23:47:37,997 - INFO: Entry:0:1:1:1 init with driver:22d22e53-abca-11d4-8f1a-0060b0ee18e8
2023-03-17 23:47:38,000 - INFO: Transform init sub
2023-03-17 23:47:38,001 - INFO: Entry:0:1:1:1:1 init with driver:22d22e51-abca-11d4-8f1a-0060b0ee18e8
2023-03-17 23:47:38,003 - INFO: real init self
2023-03-17 23:47:38,006 - INFO: Entry:{aEntry} init sub success
2023-03-17 23:47:38,008 - INFO: Entry:0:1:1:1:1 type:real Execute
2023-03-17 23:47:38,010 - INFO: Entry:0:1:1:1:2 init with driver:22d22e52-abca-11d4-8f1a-0060b0ee18e8
2023-03-17 23:47:38,012 - INFO: Point init sub
2023-03-17 23:47:38,014 - INFO: Entry:0:1:1:1:2:1 init with driver:22d22e51-abca-11d4-8f1a-0060b0ee18e8
2023-03-17 23:47:38,017 - INFO: real init self
2023-03-17 23:47:38,020 - INFO: Entry:{aEntry} init sub success
2023-03-17 23:47:38,023 - INFO: Entry:0:1:1:1:2:1 type:real Execute
2023-03-17 23:47:38,026 - INFO: Entry:0:1:1:1:2:2 init with driver:22d22e51-abca-11d4-8f1a-0060b0ee18e8
2023-03-17 23:47:38,029 - INFO: real init self
2023-03-17 23:47:38,032 - INFO: Entry:{aEntry} init sub success
2023-03-17 23:47:38,036 - INFO: Entry:0:1:1:1:2:2 type:real Execute
2023-03-17 23:47:38,040 - INFO: Entry:0:1:1:1:2:3 init with driver:22d22e51-abca-11d4-8f1a-0060b0ee18e8
2023-03-17 23:47:38,042 - INFO: real init self
2023-03-17 23:47:38,046 - INFO: Entry:{aEntry} init sub success
2023-03-17 23:47:38,048 - INFO: Entry:0:1:1:1:2:3 type:real Execute
2023-03-17 23:47:38,051 - INFO: Entry:{aEntry} init sub success
2023-03-17 23:47:38,053 - INFO: Entry:0:1:1:1:2 type:Point Execute
2023-03-17 23:47:38,055 - INFO: Entry:0:1:1:1:2:1 get value 0.0 
2023-03-17 23:47:38,059 - INFO: Entry:0:1:1:1:2:2 get value 0.0 
2023-03-17 23:47:38,063 - INFO: Entry:0:1:1:1:2:3 get value 0.0 
2023-03-17 23:47:38,078 - INFO: Entry:0:1:1:1:2 Make Point Success
2023-03-17 23:47:38,080 - INFO: Entry:0:1:1:1:3 init with driver:22d22e52-abca-11d4-8f1a-0060b0ee18e8
2023-03-17 23:47:38,082 - INFO: Point init sub
2023-03-17 23:47:38,086 - INFO: Entry:0:1:1:1:3:1 init with driver:22d22e51-abca-11d4-8f1a-0060b0ee18e8
2023-03-17 23:47:38,089 - INFO: real init self
2023-03-17 23:47:38,093 - INFO: Entry:{aEntry} init sub success
2023-03-17 23:47:38,095 - INFO: Entry:0:1:1:1:3:1 type:real Execute
2023-03-17 23:47:38,097 - INFO: Entry:0:1:1:1:3:2 init with driver:22d22e51-abca-11d4-8f1a-0060b0ee18e8
2023-03-17 23:47:38,099 - INFO: real init self
2023-03-17 23:47:38,101 - INFO: Entry:{aEntry} init sub success
2023-03-17 23:47:38,103 - INFO: Entry:0:1:1:1:3:2 type:real Execute
2023-03-17 23:47:38,108 - INFO: Entry:0:1:1:1:3:3 init with driver:22d22e51-abca-11d4-8f1a-0060b0ee18e8
2023-03-17 23:47:38,111 - INFO: real init self
2023-03-17 23:47:38,114 - INFO: Entry:{aEntry} init sub success
2023-03-17 23:47:38,117 - INFO: Entry:0:1:1:1:3:3 type:real Execute
2023-03-17 23:47:38,120 - INFO: Entry:{aEntry} init sub success
2023-03-17 23:47:38,122 - INFO: Entry:0:1:1:1:3 type:Point Execute
2023-03-17 23:47:38,124 - INFO: Entry:0:1:1:1:3:1 get value 0.0 
2023-03-17 23:47:38,127 - INFO: Entry:0:1:1:1:3:2 get value 0.0 
2023-03-17 23:47:38,129 - INFO: Entry:0:1:1:1:3:3 get value 0.0 
2023-03-17 23:47:38,131 - INFO: Entry:0:1:1:1:3 Make Point Success
2023-03-17 23:47:38,133 - INFO: Entry:{aEntry} init sub success
2023-03-17 23:47:38,135 - INFO: Entry:0:1:1:1 type:Transform Execute
2023-03-17 23:47:38,138 - INFO: Entry:0:1:1:1:1 get value 0.0 
2023-03-17 23:47:38,145 - INFO: Entry:0:1:1:1:2 get value <class 'TopoDS_Vertex'> 
2023-03-17 23:47:38,149 - INFO: Entry:0:1:1:1:3 get value <class 'TopoDS_Vertex'> 
2023-03-17 23:47:38,158 - INFO: Entry:0:1:1:1 Make Transform Success
2023-03-17 23:47:38,161 - INFO: Entry:0:1:1:2 init with driver:22d22e51-abca-11d4-8f1a-0060b0ee18e8
2023-03-17 23:47:38,163 - INFO: real init self
2023-03-17 23:47:38,166 - INFO: Entry:{aEntry} init sub success
2023-03-17 23:47:38,167 - INFO: Entry:0:1:1:2 type:real Execute
2023-03-17 23:47:38,169 - INFO: Entry:0:1:1:3 init with driver:22d22e51-abca-11d4-8f1a-0060b0ee18e8
2023-03-17 23:47:38,171 - INFO: real init self
2023-03-17 23:47:38,174 - INFO: Entry:{aEntry} init sub success
2023-03-17 23:47:38,176 - INFO: Entry:0:1:1:3 type:real Execute
2023-03-17 23:47:38,179 - INFO: Entry:0:1:1:4 init with driver:22d22e51-abca-11d4-8f1a-0060b0ee18e8
2023-03-17 23:47:38,181 - INFO: real init self
2023-03-17 23:47:38,183 - INFO: Entry:{aEntry} init sub success
2023-03-17 23:47:38,185 - INFO: Entry:0:1:1:4 type:real Execute
2023-03-17 23:47:38,190 - INFO: Entry:{aEntry} init sub success
2023-03-17 23:47:38,194 - INFO: Entry:0:1:1:1 get value <class 'TopLoc_Location'> 
2023-03-17 23:47:38,214 - INFO: Entry:0:1:1:2 get value 4.0 
2023-03-17 23:47:38,216 - INFO: Entry:0:1:1:3 get value 5.0 
2023-03-17 23:47:38,218 - INFO: Entry:0:1:1:4 get value 6.0 
2023-03-17 23:47:38,221 - INFO: Driver:Box Execute {'transform': <class 'gp_Trsf'>, 'l': 4.0, 'h': 5.0, 'w': 6.0}
2023-03-17 23:47:38,266 - INFO: Label:shape update presentation
2023-03-17 23:47:38,272 - INFO: -- commit command --
2023-03-17 23:47:40,777 - INFO: Selected Item:shape
2023-03-17 23:47:40,779 - INFO: Start init ChangeParamBuilder 
2023-03-17 23:47:40,781 - INFO: Entry:0:1:1 id:22d22e50-abca-11d4-8f1a-0060b0ee18e8 Get Param
2023-03-17 23:47:40,783 - INFO: Entry:0:1:1:1 id:22d22e53-abca-11d4-8f1a-0060b0ee18e8 Get Param
2023-03-17 23:47:40,786 - INFO: Entry:0:1:1:1:1 id:22d22e51-abca-11d4-8f1a-0060b0ee18e8 Get Param
2023-03-17 23:47:40,790 - INFO: Entry:0:1:1:1:1 get value 0.0 
2023-03-17 23:47:40,792 - INFO: Entry:0:1:1:1:2 id:22d22e52-abca-11d4-8f1a-0060b0ee18e8 Get Param
2023-03-17 23:47:40,794 - INFO: Entry:0:1:1:1:2:1 id:22d22e51-abca-11d4-8f1a-0060b0ee18e8 Get Param
2023-03-17 23:47:40,796 - INFO: Entry:0:1:1:1:2:1 get value 0.0 
2023-03-17 23:47:40,798 - INFO: Entry:0:1:1:1:2:2 id:22d22e51-abca-11d4-8f1a-0060b0ee18e8 Get Param
2023-03-17 23:47:40,799 - INFO: Entry:0:1:1:1:2:2 get value 0.0 
2023-03-17 23:47:40,801 - INFO: Entry:0:1:1:1:2:3 id:22d22e51-abca-11d4-8f1a-0060b0ee18e8 Get Param
2023-03-17 23:47:40,804 - INFO: Entry:0:1:1:1:2:3 get value 0.0 
2023-03-17 23:47:40,807 - INFO: Entry:0:1:1:1:3 id:22d22e52-abca-11d4-8f1a-0060b0ee18e8 Get Param
2023-03-17 23:47:40,809 - INFO: Entry:0:1:1:1:3:1 id:22d22e51-abca-11d4-8f1a-0060b0ee18e8 Get Param
2023-03-17 23:47:40,811 - INFO: Entry:0:1:1:1:3:1 get value 0.0 
2023-03-17 23:47:40,813 - INFO: Entry:0:1:1:1:3:2 id:22d22e51-abca-11d4-8f1a-0060b0ee18e8 Get Param
2023-03-17 23:47:40,814 - INFO: Entry:0:1:1:1:3:2 get value 0.0 
2023-03-17 23:47:40,817 - INFO: Entry:0:1:1:1:3:3 id:22d22e51-abca-11d4-8f1a-0060b0ee18e8 Get Param
2023-03-17 23:47:40,819 - INFO: Entry:0:1:1:1:3:3 get value 0.0 
2023-03-17 23:47:40,821 - INFO: Entry:0:1:1:2 id:22d22e51-abca-11d4-8f1a-0060b0ee18e8 Get Param
2023-03-17 23:47:40,823 - INFO: Entry:0:1:1:2 get value 4.0 
2023-03-17 23:47:40,825 - INFO: Entry:0:1:1:3 id:22d22e51-abca-11d4-8f1a-0060b0ee18e8 Get Param
2023-03-17 23:47:40,827 - INFO: Entry:0:1:1:3 get value 5.0 
2023-03-17 23:47:40,829 - INFO: Entry:0:1:1:4 id:22d22e51-abca-11d4-8f1a-0060b0ee18e8 Get Param
2023-03-17 23:47:40,831 - INFO: Entry:0:1:1:4 get value 6.0 
2023-03-17 23:47:40,833 - INFO: Entry:0:1:1 name:shape type:Box
2023-03-17 23:47:40,835 - INFO: params:{'transform': {'angle': <class 'OCC.Core.TDataStd.TDataStd_Real'>, 'rotateAxis': {'theXp': <class 'OCC.Core.TDataStd.TDataStd_Real'>, 'theYp': <class 'OCC.Core.TDataStd.TDataStd_Real'>, 'theZp': <class 'OCC.Core.TDataStd.TDataStd_Real'>}, 'position': {'theXp': <class 'OCC.Core.TDataStd.TDataStd_Real'>, 'theYp': <class 'OCC.Core.TDataStd.TDataStd_Real'>, 'theZp': <class 'OCC.Core.TDataStd.TDataStd_Real'>}}, 'l': <class 'OCC.Core.TDataStd.TDataStd_Real'>, 'h': <class 'OCC.Core.TDataStd.TDataStd_Real'>, 'w': <class 'OCC.Core.TDataStd.TDataStd_Real'>}
2023-03-17 23:47:40,838 - INFO: End init ChangeParamBuilder 
2023-03-17 23:47:40,840 - INFO: change item:Parent, col:1 to text:0:1:1
2023-03-17 23:47:40,846 - INFO: change item:Name, col:1 to text:shape
2023-03-17 23:47:40,850 - INFO: change item:angle, col:1 to text:0.0
2023-03-17 23:47:40,852 - INFO: change item:theXp, col:1 to text:0.0
2023-03-17 23:47:40,856 - INFO: change item:theYp, col:1 to text:0.0
2023-03-17 23:47:40,858 - INFO: change item:theZp, col:1 to text:0.0
2023-03-17 23:47:40,862 - INFO: change item:theXp, col:1 to text:0.0
2023-03-17 23:47:40,864 - INFO: change item:theYp, col:1 to text:0.0
2023-03-17 23:47:40,866 - INFO: change item:theZp, col:1 to text:0.0
2023-03-17 23:47:40,869 - INFO: change item:l, col:1 to text:4.0
2023-03-17 23:47:40,873 - INFO: change item:h, col:1 to text:5.0
2023-03-17 23:47:40,875 - INFO: change item:w, col:1 to text:6.0
2023-03-17 23:47:40,877 - INFO: ParamTree:<widgets.Logic_Construct.Logic_Construct object at 0x00000253939B9820>
2023-03-17 23:47:47,477 - INFO: change item:angle, col:1 to text:20
2023-03-17 23:47:53,410 - INFO: change item:theXp, col:1 to text:10
2023-03-17 23:47:54,903 - INFO: Start Collect Change data
2023-03-17 23:47:54,905 - INFO: ParentPath:0:1:1
2023-03-17 23:47:54,908 - INFO: name:shape
2023-03-17 23:47:54,910 - INFO: value:{}
2023-03-17 23:47:54,912 - INFO: end Collect Change data
2023-03-17 23:50:21,799 - INFO: Start init NewParamBuilder 
2023-03-17 23:50:21,801 - INFO: Type:Box Driver:22d22e50-abca-11d4-8f1a-0060b0ee18e8
2023-03-17 23:50:21,804 - INFO: name:<class 'str'>
2023-03-17 23:50:21,806 - INFO: parent:<class 'str'>
2023-03-17 23:50:21,808 - INFO: shape:{'transform': {'angle': <class 'OCC.Core.TDataStd.TDataStd_Real'>, 'rotateAxis': {'theXp': <class 'OCC.Core.TDataStd.TDataStd_Real'>, 'theYp': <class 'OCC.Core.TDataStd.TDataStd_Real'>, 'theZp': <class 'OCC.Core.TDataStd.TDataStd_Real'>}, 'position': {'theXp': <class 'OCC.Core.TDataStd.TDataStd_Real'>, 'theYp': <class 'OCC.Core.TDataStd.TDataStd_Real'>, 'theZp': <class 'OCC.Core.TDataStd.TDataStd_Real'>}}, 'l': <class 'OCC.Core.TDataStd.TDataStd_Real'>, 'h': <class 'OCC.Core.TDataStd.TDataStd_Real'>, 'w': <class 'OCC.Core.TDataStd.TDataStd_Real'>}
2023-03-17 23:50:21,810 - INFO: End init NewParamBuilder 
2023-03-17 23:50:21,812 - INFO: change item:Parent, col:1 to text:0:1
2023-03-17 23:50:21,819 - INFO: change item:Name, col:1 to text:shape
2023-03-17 23:50:21,822 - INFO: change item:angle, col:1 to text:0.0
2023-03-17 23:50:21,825 - INFO: change item:theXp, col:1 to text:0.0
2023-03-17 23:50:21,827 - INFO: change item:theYp, col:1 to text:0.0
2023-03-17 23:50:21,830 - INFO: change item:theZp, col:1 to text:0.0
2023-03-17 23:50:21,834 - INFO: change item:theXp, col:1 to text:0.0
2023-03-17 23:50:21,836 - INFO: change item:theYp, col:1 to text:0.0
2023-03-17 23:50:21,838 - INFO: change item:theZp, col:1 to text:0.0
2023-03-17 23:50:21,840 - INFO: change item:l, col:1 to text:0.0
2023-03-17 23:50:21,842 - INFO: change item:h, col:1 to text:0.0
2023-03-17 23:50:21,845 - INFO: change item:w, col:1 to text:0.0
2023-03-17 23:50:21,849 - INFO: ParamTree:<widgets.Logic_Construct.Logic_Construct object at 0x000002A2330F7820>
2023-03-17 23:50:38,528 - INFO: change item:l, col:1 to text:4
2023-03-17 23:50:38,530 - INFO: item:l set change flag
2023-03-17 23:50:38,532 - INFO: item:Shape set change flag
2023-03-17 23:50:39,815 - INFO: change item:h, col:1 to text:6
2023-03-17 23:50:39,817 - INFO: item:h set change flag
2023-03-17 23:50:41,699 - INFO: change item:w, col:1 to text:5
2023-03-17 23:50:41,702 - INFO: item:w set change flag
2023-03-17 23:50:42,523 - INFO: Start Collect New Shape data
2023-03-17 23:50:42,525 - INFO: ParentPath:0:1
2023-03-17 23:50:42,527 - INFO: name:shape
2023-03-17 23:50:42,529 - INFO: value:{'transform': {'angle': '0.0', 'rotateAxis': {'theXp': '0.0', 'theYp': '0.0', 'theZp': '0.0'}, 'position': {'theXp': '0.0', 'theYp': '0.0', 'theZp': '0.0'}}, 'l': '4', 'h': '6', 'w': '5'}
2023-03-17 23:50:42,531 - INFO: end Collect New Shape data
2023-03-17 23:50:42,533 - INFO: -- NewConmand --
2023-03-17 23:50:42,535 - INFO: -- Add New Shape --
2023-03-17 23:50:42,538 - INFO: Type:22d22e50-abca-11d4-8f1a-0060b0ee18e8
2023-03-17 23:50:42,541 - INFO: Name:shape
2023-03-17 23:50:42,544 - INFO: Param:{'transform': {'angle': '0.0', 'rotateAxis': {'theXp': '0.0', 'theYp': '0.0', 'theZp': '0.0'}, 'position': {'theXp': '0.0', 'theYp': '0.0', 'theZp': '0.0'}}, 'l': '4', 'h': '6', 'w': '5'}
2023-03-17 23:50:42,548 - INFO: Entry:0:1:1
2023-03-17 23:50:42,550 - INFO: Entry:0:1:1 init with driver:22d22e50-abca-11d4-8f1a-0060b0ee18e8
2023-03-17 23:50:42,553 - INFO: Box init sub
2023-03-17 23:50:42,555 - INFO: Entry:0:1:1:1 init with driver:22d22e53-abca-11d4-8f1a-0060b0ee18e8
2023-03-17 23:50:42,558 - INFO: Transform init sub
2023-03-17 23:50:42,560 - INFO: Entry:0:1:1:1:1 init with driver:22d22e51-abca-11d4-8f1a-0060b0ee18e8
2023-03-17 23:50:42,561 - INFO: real init self
2023-03-17 23:50:42,563 - INFO: Entry:{aEntry} init sub success
2023-03-17 23:50:42,566 - INFO: Entry:0:1:1:1:1 type:real Execute
2023-03-17 23:50:42,568 - INFO: Entry:0:1:1:1:2 init with driver:22d22e52-abca-11d4-8f1a-0060b0ee18e8
2023-03-17 23:50:42,570 - INFO: Point init sub
2023-03-17 23:50:42,575 - INFO: Entry:0:1:1:1:2:1 init with driver:22d22e51-abca-11d4-8f1a-0060b0ee18e8
2023-03-17 23:50:42,578 - INFO: real init self
2023-03-17 23:50:42,580 - INFO: Entry:{aEntry} init sub success
2023-03-17 23:50:42,582 - INFO: Entry:0:1:1:1:2:1 type:real Execute
2023-03-17 23:50:42,584 - INFO: Entry:0:1:1:1:2:2 init with driver:22d22e51-abca-11d4-8f1a-0060b0ee18e8
2023-03-17 23:50:42,586 - INFO: real init self
2023-03-17 23:50:42,589 - INFO: Entry:{aEntry} init sub success
2023-03-17 23:50:42,591 - INFO: Entry:0:1:1:1:2:2 type:real Execute
2023-03-17 23:50:42,593 - INFO: Entry:0:1:1:1:2:3 init with driver:22d22e51-abca-11d4-8f1a-0060b0ee18e8
2023-03-17 23:50:42,595 - INFO: real init self
2023-03-17 23:50:42,597 - INFO: Entry:{aEntry} init sub success
2023-03-17 23:50:42,599 - INFO: Entry:0:1:1:1:2:3 type:real Execute
2023-03-17 23:50:42,601 - INFO: Entry:{aEntry} init sub success
2023-03-17 23:50:42,605 - INFO: Entry:0:1:1:1:2 type:Point Execute
2023-03-17 23:50:42,610 - INFO: Entry:0:1:1:1:2:1 get value 0.0 
2023-03-17 23:50:42,614 - INFO: Entry:0:1:1:1:2:2 get value 0.0 
2023-03-17 23:50:42,617 - INFO: Entry:0:1:1:1:2:3 get value 0.0 
2023-03-17 23:50:42,620 - INFO: Entry:0:1:1:1:2 Make Point Success
2023-03-17 23:50:42,622 - INFO: Entry:0:1:1:1:3 init with driver:22d22e52-abca-11d4-8f1a-0060b0ee18e8
2023-03-17 23:50:42,624 - INFO: Point init sub
2023-03-17 23:50:42,626 - INFO: Entry:0:1:1:1:3:1 init with driver:22d22e51-abca-11d4-8f1a-0060b0ee18e8
2023-03-17 23:50:42,629 - INFO: real init self
2023-03-17 23:50:42,632 - INFO: Entry:{aEntry} init sub success
2023-03-17 23:50:42,638 - INFO: Entry:0:1:1:1:3:1 type:real Execute
2023-03-17 23:50:42,640 - INFO: Entry:0:1:1:1:3:2 init with driver:22d22e51-abca-11d4-8f1a-0060b0ee18e8
2023-03-17 23:50:42,642 - INFO: real init self
2023-03-17 23:50:42,643 - INFO: Entry:{aEntry} init sub success
2023-03-17 23:50:42,645 - INFO: Entry:0:1:1:1:3:2 type:real Execute
2023-03-17 23:50:42,647 - INFO: Entry:0:1:1:1:3:3 init with driver:22d22e51-abca-11d4-8f1a-0060b0ee18e8
2023-03-17 23:50:42,650 - INFO: real init self
2023-03-17 23:50:42,652 - INFO: Entry:{aEntry} init sub success
2023-03-17 23:50:42,655 - INFO: Entry:0:1:1:1:3:3 type:real Execute
2023-03-17 23:50:42,661 - INFO: Entry:{aEntry} init sub success
2023-03-17 23:50:42,666 - INFO: Entry:0:1:1:1:3 type:Point Execute
2023-03-17 23:50:42,671 - INFO: Entry:0:1:1:1:3:1 get value 0.0 
2023-03-17 23:50:42,675 - INFO: Entry:0:1:1:1:3:2 get value 0.0 
2023-03-17 23:50:42,678 - INFO: Entry:0:1:1:1:3:3 get value 0.0 
2023-03-17 23:50:42,680 - INFO: Entry:0:1:1:1:3 Make Point Success
2023-03-17 23:50:42,682 - INFO: Entry:{aEntry} init sub success
2023-03-17 23:50:42,685 - INFO: Entry:0:1:1:1 type:Transform Execute
2023-03-17 23:50:42,687 - INFO: Entry:0:1:1:1:1 get value 0.0 
2023-03-17 23:50:42,690 - INFO: Entry:0:1:1:1:2 get value <class 'TopoDS_Vertex'> 
2023-03-17 23:50:42,693 - INFO: Entry:0:1:1:1:3 get value <class 'TopoDS_Vertex'> 
2023-03-17 23:50:42,696 - INFO: Entry:0:1:1:1 Make Transform Success
2023-03-17 23:50:42,698 - INFO: Entry:0:1:1:2 init with driver:22d22e51-abca-11d4-8f1a-0060b0ee18e8
2023-03-17 23:50:42,701 - INFO: real init self
2023-03-17 23:50:42,703 - INFO: Entry:{aEntry} init sub success
2023-03-17 23:50:42,706 - INFO: Entry:0:1:1:2 type:real Execute
2023-03-17 23:50:42,709 - INFO: Entry:0:1:1:3 init with driver:22d22e51-abca-11d4-8f1a-0060b0ee18e8
2023-03-17 23:50:42,712 - INFO: real init self
2023-03-17 23:50:42,714 - INFO: Entry:{aEntry} init sub success
2023-03-17 23:50:42,716 - INFO: Entry:0:1:1:3 type:real Execute
2023-03-17 23:50:42,718 - INFO: Entry:0:1:1:4 init with driver:22d22e51-abca-11d4-8f1a-0060b0ee18e8
2023-03-17 23:50:42,719 - INFO: real init self
2023-03-17 23:50:42,722 - INFO: Entry:{aEntry} init sub success
2023-03-17 23:50:42,724 - INFO: Entry:0:1:1:4 type:real Execute
2023-03-17 23:50:42,726 - INFO: Entry:{aEntry} init sub success
2023-03-17 23:50:42,728 - INFO: Entry:0:1:1:1 get value <class 'TopLoc_Location'> 
2023-03-17 23:50:42,732 - INFO: Entry:0:1:1:2 get value 4.0 
2023-03-17 23:50:42,734 - INFO: Entry:0:1:1:3 get value 6.0 
2023-03-17 23:50:42,736 - INFO: Entry:0:1:1:4 get value 5.0 
2023-03-17 23:50:42,738 - INFO: Driver:Box Execute {'transform': <class 'gp_Trsf'>, 'l': 4.0, 'h': 6.0, 'w': 5.0}
2023-03-17 23:50:42,743 - INFO: Label:shape update presentation
2023-03-17 23:50:42,749 - INFO: -- commit command --
2023-03-17 23:50:44,282 - INFO: Selected Item:shape
2023-03-17 23:50:44,287 - INFO: Start init ChangeParamBuilder 
2023-03-17 23:50:44,290 - INFO: Entry:0:1:1 id:22d22e50-abca-11d4-8f1a-0060b0ee18e8 Get Param
2023-03-17 23:50:44,293 - INFO: Entry:0:1:1:1 id:22d22e53-abca-11d4-8f1a-0060b0ee18e8 Get Param
2023-03-17 23:50:44,295 - INFO: Entry:0:1:1:1:1 id:22d22e51-abca-11d4-8f1a-0060b0ee18e8 Get Param
2023-03-17 23:50:44,297 - INFO: Entry:0:1:1:1:1 get value 0.0 
2023-03-17 23:50:44,300 - INFO: Entry:0:1:1:1:2 id:22d22e52-abca-11d4-8f1a-0060b0ee18e8 Get Param
2023-03-17 23:50:44,302 - INFO: Entry:0:1:1:1:2:1 id:22d22e51-abca-11d4-8f1a-0060b0ee18e8 Get Param
2023-03-17 23:50:44,304 - INFO: Entry:0:1:1:1:2:1 get value 0.0 
2023-03-17 23:50:44,306 - INFO: Entry:0:1:1:1:2:2 id:22d22e51-abca-11d4-8f1a-0060b0ee18e8 Get Param
2023-03-17 23:50:44,308 - INFO: Entry:0:1:1:1:2:2 get value 0.0 
2023-03-17 23:50:44,310 - INFO: Entry:0:1:1:1:2:3 id:22d22e51-abca-11d4-8f1a-0060b0ee18e8 Get Param
2023-03-17 23:50:44,312 - INFO: Entry:0:1:1:1:2:3 get value 0.0 
2023-03-17 23:50:44,314 - INFO: Entry:0:1:1:1:3 id:22d22e52-abca-11d4-8f1a-0060b0ee18e8 Get Param
2023-03-17 23:50:44,316 - INFO: Entry:0:1:1:1:3:1 id:22d22e51-abca-11d4-8f1a-0060b0ee18e8 Get Param
2023-03-17 23:50:44,319 - INFO: Entry:0:1:1:1:3:1 get value 0.0 
2023-03-17 23:50:44,322 - INFO: Entry:0:1:1:1:3:2 id:22d22e51-abca-11d4-8f1a-0060b0ee18e8 Get Param
2023-03-17 23:50:44,324 - INFO: Entry:0:1:1:1:3:2 get value 0.0 
2023-03-17 23:50:44,326 - INFO: Entry:0:1:1:1:3:3 id:22d22e51-abca-11d4-8f1a-0060b0ee18e8 Get Param
2023-03-17 23:50:44,328 - INFO: Entry:0:1:1:1:3:3 get value 0.0 
2023-03-17 23:50:44,330 - INFO: Entry:0:1:1:2 id:22d22e51-abca-11d4-8f1a-0060b0ee18e8 Get Param
2023-03-17 23:50:44,332 - INFO: Entry:0:1:1:2 get value 4.0 
2023-03-17 23:50:44,334 - INFO: Entry:0:1:1:3 id:22d22e51-abca-11d4-8f1a-0060b0ee18e8 Get Param
2023-03-17 23:50:44,336 - INFO: Entry:0:1:1:3 get value 6.0 
2023-03-17 23:50:44,338 - INFO: Entry:0:1:1:4 id:22d22e51-abca-11d4-8f1a-0060b0ee18e8 Get Param
2023-03-17 23:50:44,340 - INFO: Entry:0:1:1:4 get value 5.0 
2023-03-17 23:50:44,342 - INFO: Entry:0:1:1 name:shape type:Box
2023-03-17 23:50:44,344 - INFO: params:{'transform': {'angle': <class 'OCC.Core.TDataStd.TDataStd_Real'>, 'rotateAxis': {'theXp': <class 'OCC.Core.TDataStd.TDataStd_Real'>, 'theYp': <class 'OCC.Core.TDataStd.TDataStd_Real'>, 'theZp': <class 'OCC.Core.TDataStd.TDataStd_Real'>}, 'position': {'theXp': <class 'OCC.Core.TDataStd.TDataStd_Real'>, 'theYp': <class 'OCC.Core.TDataStd.TDataStd_Real'>, 'theZp': <class 'OCC.Core.TDataStd.TDataStd_Real'>}}, 'l': <class 'OCC.Core.TDataStd.TDataStd_Real'>, 'h': <class 'OCC.Core.TDataStd.TDataStd_Real'>, 'w': <class 'OCC.Core.TDataStd.TDataStd_Real'>}
2023-03-17 23:50:44,346 - INFO: End init ChangeParamBuilder 
2023-03-17 23:50:44,349 - INFO: change item:Parent, col:1 to text:0:1:1
2023-03-17 23:50:44,353 - INFO: change item:Name, col:1 to text:shape
2023-03-17 23:50:44,356 - INFO: change item:angle, col:1 to text:0.0
2023-03-17 23:50:44,359 - INFO: change item:theXp, col:1 to text:0.0
2023-03-17 23:50:44,361 - INFO: change item:theYp, col:1 to text:0.0
2023-03-17 23:50:44,364 - INFO: change item:theZp, col:1 to text:0.0
2023-03-17 23:50:44,370 - INFO: change item:theXp, col:1 to text:0.0
2023-03-17 23:50:44,373 - INFO: change item:theYp, col:1 to text:0.0
2023-03-17 23:50:44,375 - INFO: change item:theZp, col:1 to text:0.0
2023-03-17 23:50:44,377 - INFO: change item:l, col:1 to text:4.0
2023-03-17 23:50:44,381 - INFO: change item:h, col:1 to text:6.0
2023-03-17 23:50:44,385 - INFO: change item:w, col:1 to text:5.0
2023-03-17 23:50:44,390 - INFO: ParamTree:<widgets.Logic_Construct.Logic_Construct object at 0x000002A2330F7820>
2023-03-17 23:50:49,393 - INFO: change item:angle, col:1 to text:12
2023-03-17 23:50:49,395 - INFO: item:angle set change flag
2023-03-17 23:50:49,397 - INFO: item:transform set change flag
2023-03-17 23:50:49,399 - INFO: item:Shape set change flag
2023-03-17 23:50:52,567 - INFO: change item:theXp, col:1 to text:34
2023-03-17 23:50:52,569 - INFO: item:theXp set change flag
2023-03-17 23:50:52,571 - INFO: item:position set change flag
2023-03-17 23:50:55,139 - INFO: Start Collect Change data
2023-03-17 23:50:55,142 - INFO: ParentPath:0:1:1
2023-03-17 23:50:55,144 - INFO: name:shape
2023-03-17 23:50:55,146 - INFO: value:{'transform': {'angle': '12', 'position': {'theXp': '34'}}}
2023-03-17 23:50:55,148 - INFO: end Collect Change data
2023-03-17 23:51:19,685 - INFO: Start init NewParamBuilder 
2023-03-17 23:51:19,689 - INFO: Type:bezier Driver:22d22e61-abca-11d4-8f1a-0060b0ee18e8
2023-03-17 23:51:19,691 - INFO: name:<class 'str'>
2023-03-17 23:51:19,692 - INFO: parent:<class 'str'>
2023-03-17 23:51:19,694 - INFO: shape:{'pnts': Array sz:0 subParam: {'theXp': <class 'OCC.Core.TDataStd.TDataStd_Real'>, 'theYp': <class 'OCC.Core.TDataStd.TDataStd_Real'>, 'theZp': <class 'OCC.Core.TDataStd.TDataStd_Real'>}}
2023-03-17 23:51:19,696 - INFO: End init NewParamBuilder 
2023-03-17 23:51:19,699 - INFO: change item:Parent, col:1 to text:0:1
2023-03-17 23:51:19,708 - INFO: change item:Name, col:1 to text:shape
2023-03-17 23:51:19,711 - INFO: change item:pnts, col:1 to text:0
2023-03-17 23:51:19,714 - INFO: ParamTree:<widgets.Logic_Construct.Logic_Construct object at 0x00000260619F7820>
2023-03-17 23:51:22,762 - INFO: change item:pnts, col:1 to text:4
2023-03-17 23:51:22,764 - INFO: item:pnts set change flag
2023-03-17 23:51:22,767 - INFO: item:Shape set change flag
2023-03-17 23:51:22,771 - INFO: change item:theXp, col:1 to text:0.0
2023-03-17 23:51:22,773 - INFO: item:theXp set change flag
2023-03-17 23:51:22,775 - INFO: item:0 set change flag
2023-03-17 23:51:22,777 - INFO: change item:theYp, col:1 to text:0.0
2023-03-17 23:51:22,779 - INFO: item:theYp set change flag
2023-03-17 23:51:22,781 - INFO: change item:theZp, col:1 to text:0.0
2023-03-17 23:51:22,783 - INFO: item:theZp set change flag
2023-03-17 23:51:22,786 - INFO: change item:theXp, col:1 to text:0.0
2023-03-17 23:51:22,788 - INFO: item:theXp set change flag
2023-03-17 23:51:22,791 - INFO: item:1 set change flag
2023-03-17 23:51:22,793 - INFO: change item:theYp, col:1 to text:0.0
2023-03-17 23:51:22,795 - INFO: item:theYp set change flag
2023-03-17 23:51:22,797 - INFO: change item:theZp, col:1 to text:0.0
2023-03-17 23:51:22,799 - INFO: item:theZp set change flag
2023-03-17 23:51:22,801 - INFO: change item:theXp, col:1 to text:0.0
2023-03-17 23:51:22,803 - INFO: item:theXp set change flag
2023-03-17 23:51:22,806 - INFO: item:2 set change flag
2023-03-17 23:51:22,808 - INFO: change item:theYp, col:1 to text:0.0
2023-03-17 23:51:22,810 - INFO: item:theYp set change flag
2023-03-17 23:51:22,812 - INFO: change item:theZp, col:1 to text:0.0
2023-03-17 23:51:22,814 - INFO: item:theZp set change flag
2023-03-17 23:51:22,816 - INFO: change item:theXp, col:1 to text:0.0
2023-03-17 23:51:22,818 - INFO: item:theXp set change flag
2023-03-17 23:51:22,820 - INFO: item:3 set change flag
2023-03-17 23:51:22,822 - INFO: change item:theYp, col:1 to text:0.0
2023-03-17 23:51:22,824 - INFO: item:theYp set change flag
2023-03-17 23:51:22,827 - INFO: change item:theZp, col:1 to text:0.0
2023-03-17 23:51:22,829 - INFO: item:theZp set change flag
2023-03-17 23:51:26,712 - INFO: change item:theXp, col:1 to text:2
2023-03-17 23:51:28,218 - INFO: change item:theYp, col:1 to text:2
2023-03-17 23:51:30,115 - INFO: change item:theZp, col:1 to text:1
2023-03-17 23:51:33,368 - INFO: change item:theXp, col:1 to text:2
2023-03-17 23:51:34,788 - INFO: change item:theYp, col:1 to text:2
2023-03-17 23:51:36,211 - INFO: change item:theZp, col:1 to text:3
2023-03-17 23:51:39,379 - INFO: change item:theXp, col:1 to text:2
2023-03-17 23:51:40,718 - INFO: change item:theYp, col:1 to text:3
2023-03-17 23:51:42,827 - INFO: change item:theZp, col:1 to text:3
2023-03-17 23:51:45,247 - INFO: change item:theXp, col:1 to text:1
2023-03-17 23:51:48,046 - INFO: change item:theYp, col:1 to text:4
2023-03-17 23:51:49,383 - INFO: change item:theZp, col:1 to text:4
2023-03-17 23:51:50,276 - INFO: Start Collect New Shape data
2023-03-17 23:51:50,279 - INFO: ParentPath:0:1
2023-03-17 23:51:50,281 - INFO: name:shape
2023-03-17 23:51:50,283 - INFO: value:{'pnts': {'0': {'theXp': '2', 'theYp': '2', 'theZp': '1'}, '1': {'theXp': '2', 'theYp': '2', 'theZp': '3'}, '2': {'theXp': '2', 'theYp': '3', 'theZp': '3'}, '3': {'theXp': '1', 'theYp': '4', 'theZp': '4'}}}
2023-03-17 23:51:50,285 - INFO: end Collect New Shape data
2023-03-17 23:51:50,288 - INFO: -- NewConmand --
2023-03-17 23:51:50,290 - INFO: -- Add New Shape --
2023-03-17 23:51:50,292 - INFO: Type:22d22e61-abca-11d4-8f1a-0060b0ee18e8
2023-03-17 23:51:50,294 - INFO: Name:shape
2023-03-17 23:51:50,296 - INFO: Param:{'pnts': {'0': {'theXp': '2', 'theYp': '2', 'theZp': '1'}, '1': {'theXp': '2', 'theYp': '2', 'theZp': '3'}, '2': {'theXp': '2', 'theYp': '3', 'theZp': '3'}, '3': {'theXp': '1', 'theYp': '4', 'theZp': '4'}}}
2023-03-17 23:51:50,299 - INFO: Entry:0:1:1
2023-03-17 23:51:50,301 - INFO: Entry:0:1:1 init with driver:22d22e61-abca-11d4-8f1a-0060b0ee18e8
2023-03-17 23:51:50,304 - INFO: bezier init sub
2023-03-17 23:51:50,308 - INFO: Entry:0:1:1:1 init with driver:22d22e56-abca-11d4-8f1a-0060b0ee18e8
2023-03-17 23:51:50,311 - INFO: Array size:4 data:{'0': {'theXp': '2', 'theYp': '2', 'theZp': '1'}, '1': {'theXp': '2', 'theYp': '2', 'theZp': '3'}, '2': {'theXp': '2', 'theYp': '3', 'theZp': '3'}, '3': {'theXp': '1', 'theYp': '4', 'theZp': '4'}}
2023-03-17 23:51:50,316 - INFO: Entry:0:1:1:1:125 init with driver:22d22e52-abca-11d4-8f1a-0060b0ee18e8
2023-03-17 23:51:50,317 - INFO: Point init sub
2023-03-17 23:51:50,320 - INFO: Entry:0:1:1:1:125:1 init with driver:22d22e51-abca-11d4-8f1a-0060b0ee18e8
2023-03-17 23:51:50,322 - INFO: real init self
2023-03-17 23:51:50,324 - INFO: Entry:{aEntry} init sub success
2023-03-17 23:51:50,326 - INFO: Entry:0:1:1:1:125:1 type:real Execute
2023-03-17 23:51:50,328 - INFO: Entry:0:1:1:1:125:2 init with driver:22d22e51-abca-11d4-8f1a-0060b0ee18e8
2023-03-17 23:51:50,330 - INFO: real init self
2023-03-17 23:51:50,332 - INFO: Entry:{aEntry} init sub success
2023-03-17 23:51:50,334 - INFO: Entry:0:1:1:1:125:2 type:real Execute
2023-03-17 23:51:50,338 - INFO: Entry:0:1:1:1:125:3 init with driver:22d22e51-abca-11d4-8f1a-0060b0ee18e8
2023-03-17 23:51:50,341 - INFO: real init self
2023-03-17 23:51:50,344 - INFO: Entry:{aEntry} init sub success
2023-03-17 23:51:50,454 - INFO: Entry:0:1:1:1:125:3 type:real Execute
2023-03-17 23:51:50,459 - INFO: Entry:{aEntry} init sub success
2023-03-17 23:51:50,463 - INFO: Entry:0:1:1:1:125 type:Point Execute
2023-03-17 23:51:50,465 - INFO: Entry:0:1:1:1:125:1 get value 2.0 
2023-03-17 23:51:50,467 - INFO: Entry:0:1:1:1:125:2 get value 2.0 
2023-03-17 23:51:50,469 - INFO: Entry:0:1:1:1:125:3 get value 1.0 
2023-03-17 23:51:50,471 - INFO: Entry:0:1:1:1:125 Make Point Success
2023-03-17 23:51:50,473 - INFO: Entry:0:1:1:1:126 init with driver:22d22e52-abca-11d4-8f1a-0060b0ee18e8
2023-03-17 23:51:50,476 - INFO: Point init sub
2023-03-17 23:51:50,478 - INFO: Entry:0:1:1:1:126:1 init with driver:22d22e51-abca-11d4-8f1a-0060b0ee18e8
2023-03-17 23:51:50,480 - INFO: real init self
2023-03-17 23:51:50,483 - INFO: Entry:{aEntry} init sub success
2023-03-17 23:51:50,485 - INFO: Entry:0:1:1:1:126:1 type:real Execute
2023-03-17 23:51:50,488 - INFO: Entry:0:1:1:1:126:2 init with driver:22d22e51-abca-11d4-8f1a-0060b0ee18e8
2023-03-17 23:51:50,495 - INFO: real init self
2023-03-17 23:51:50,499 - INFO: Entry:{aEntry} init sub success
2023-03-17 23:51:50,501 - INFO: Entry:0:1:1:1:126:2 type:real Execute
2023-03-17 23:51:50,505 - INFO: Entry:0:1:1:1:126:3 init with driver:22d22e51-abca-11d4-8f1a-0060b0ee18e8
2023-03-17 23:51:50,510 - INFO: real init self
2023-03-17 23:51:50,513 - INFO: Entry:{aEntry} init sub success
2023-03-17 23:51:50,515 - INFO: Entry:0:1:1:1:126:3 type:real Execute
2023-03-17 23:51:50,517 - INFO: Entry:{aEntry} init sub success
2023-03-17 23:51:50,520 - INFO: Entry:0:1:1:1:126 type:Point Execute
2023-03-17 23:51:50,526 - INFO: Entry:0:1:1:1:126:1 get value 2.0 
2023-03-17 23:51:50,528 - INFO: Entry:0:1:1:1:126:2 get value 2.0 
2023-03-17 23:51:50,530 - INFO: Entry:0:1:1:1:126:3 get value 3.0 
2023-03-17 23:51:50,532 - INFO: Entry:0:1:1:1:126 Make Point Success
2023-03-17 23:51:50,534 - INFO: Entry:0:1:1:1:127 init with driver:22d22e52-abca-11d4-8f1a-0060b0ee18e8
2023-03-17 23:51:50,537 - INFO: Point init sub
2023-03-17 23:51:50,542 - INFO: Entry:0:1:1:1:127:1 init with driver:22d22e51-abca-11d4-8f1a-0060b0ee18e8
2023-03-17 23:51:50,546 - INFO: real init self
2023-03-17 23:51:50,549 - INFO: Entry:{aEntry} init sub success
2023-03-17 23:51:50,551 - INFO: Entry:0:1:1:1:127:1 type:real Execute
2023-03-17 23:51:50,555 - INFO: Entry:0:1:1:1:127:2 init with driver:22d22e51-abca-11d4-8f1a-0060b0ee18e8
2023-03-17 23:51:50,557 - INFO: real init self
2023-03-17 23:51:50,559 - INFO: Entry:{aEntry} init sub success
2023-03-17 23:51:50,561 - INFO: Entry:0:1:1:1:127:2 type:real Execute
2023-03-17 23:51:50,563 - INFO: Entry:0:1:1:1:127:3 init with driver:22d22e51-abca-11d4-8f1a-0060b0ee18e8
2023-03-17 23:51:50,564 - INFO: real init self
2023-03-17 23:51:50,566 - INFO: Entry:{aEntry} init sub success
2023-03-17 23:51:50,568 - INFO: Entry:0:1:1:1:127:3 type:real Execute
2023-03-17 23:51:50,571 - INFO: Entry:{aEntry} init sub success
2023-03-17 23:51:50,575 - INFO: Entry:0:1:1:1:127 type:Point Execute
2023-03-17 23:51:50,577 - INFO: Entry:0:1:1:1:127:1 get value 2.0 
2023-03-17 23:51:50,579 - INFO: Entry:0:1:1:1:127:2 get value 3.0 
2023-03-17 23:51:50,581 - INFO: Entry:0:1:1:1:127:3 get value 3.0 
2023-03-17 23:51:50,583 - INFO: Entry:0:1:1:1:127 Make Point Success
2023-03-17 23:51:50,585 - INFO: Entry:0:1:1:1:128 init with driver:22d22e52-abca-11d4-8f1a-0060b0ee18e8
2023-03-17 23:51:50,589 - INFO: Point init sub
2023-03-17 23:51:50,592 - INFO: Entry:0:1:1:1:128:1 init with driver:22d22e51-abca-11d4-8f1a-0060b0ee18e8
2023-03-17 23:51:50,595 - INFO: real init self
2023-03-17 23:51:50,597 - INFO: Entry:{aEntry} init sub success
2023-03-17 23:51:50,599 - INFO: Entry:0:1:1:1:128:1 type:real Execute
2023-03-17 23:51:50,601 - INFO: Entry:0:1:1:1:128:2 init with driver:22d22e51-abca-11d4-8f1a-0060b0ee18e8
2023-03-17 23:51:50,604 - INFO: real init self
2023-03-17 23:51:50,607 - INFO: Entry:{aEntry} init sub success
2023-03-17 23:51:50,609 - INFO: Entry:0:1:1:1:128:2 type:real Execute
2023-03-17 23:51:50,611 - INFO: Entry:0:1:1:1:128:3 init with driver:22d22e51-abca-11d4-8f1a-0060b0ee18e8
2023-03-17 23:51:50,613 - INFO: real init self
2023-03-17 23:51:50,615 - INFO: Entry:{aEntry} init sub success
2023-03-17 23:51:50,617 - INFO: Entry:0:1:1:1:128:3 type:real Execute
2023-03-17 23:51:50,620 - INFO: Entry:{aEntry} init sub success
2023-03-17 23:51:50,624 - INFO: Entry:0:1:1:1:128 type:Point Execute
2023-03-17 23:51:50,627 - INFO: Entry:0:1:1:1:128:1 get value 1.0 
2023-03-17 23:51:50,629 - INFO: Entry:0:1:1:1:128:2 get value 4.0 
2023-03-17 23:51:50,631 - INFO: Entry:0:1:1:1:128:3 get value 4.0 
2023-03-17 23:51:50,633 - INFO: Entry:0:1:1:1:128 Make Point Success
2023-03-17 23:51:50,635 - INFO: Array Init success.
2023-03-17 23:51:50,638 - INFO: Entry:{aEntry} init sub success
2023-03-17 23:51:50,640 - INFO: Entry:0:1:1 type:bezier Execute
2023-03-17 23:51:50,649 - INFO: Entry:0:1:1:1:125 get value <class 'TopoDS_Vertex'> 
2023-03-17 23:51:50,652 - INFO: Entry:0:1:1:1:126 get value <class 'TopoDS_Vertex'> 
2023-03-17 23:51:50,656 - INFO: Entry:0:1:1:1:127 get value <class 'TopoDS_Vertex'> 
2023-03-17 23:51:50,661 - INFO: Entry:0:1:1:1:128 get value <class 'TopoDS_Vertex'> 
2023-03-17 23:51:50,677 - INFO: Entry:0:1:1 Make bezier Success
2023-03-17 23:51:50,684 - INFO: Label:shape update presentation
2023-03-17 23:51:50,690 - INFO: -- commit command --
2023-03-17 23:51:51,972 - INFO: Selected Item:shape
2023-03-17 23:51:51,974 - INFO: Start init ChangeParamBuilder 
2023-03-17 23:51:51,976 - INFO: Entry:0:1:1 id:22d22e61-abca-11d4-8f1a-0060b0ee18e8 Get Param
2023-03-17 23:51:51,980 - INFO: Entry:0:1:1:1 id:22d22e56-abca-11d4-8f1a-0060b0ee18e8 Get Param
2023-03-17 23:52:33,828 - INFO: Start init NewParamBuilder 
2023-03-17 23:52:33,831 - INFO: Type:bezier Driver:22d22e61-abca-11d4-8f1a-0060b0ee18e8
2023-03-17 23:52:33,833 - INFO: name:<class 'str'>
2023-03-17 23:52:33,836 - INFO: parent:<class 'str'>
2023-03-17 23:52:33,838 - INFO: shape:{'pnts': Array sz:0 subParam: {'theXp': <class 'OCC.Core.TDataStd.TDataStd_Real'>, 'theYp': <class 'OCC.Core.TDataStd.TDataStd_Real'>, 'theZp': <class 'OCC.Core.TDataStd.TDataStd_Real'>}}
2023-03-17 23:52:33,840 - INFO: End init NewParamBuilder 
2023-03-17 23:52:33,842 - INFO: change item:Parent, col:1 to text:0:1
2023-03-17 23:52:33,851 - INFO: change item:Name, col:1 to text:shape
2023-03-17 23:52:33,857 - INFO: change item:pnts, col:1 to text:0
2023-03-17 23:52:33,859 - INFO: ParamTree:<widgets.Logic_Construct.Logic_Construct object at 0x0000016AC4777820>
2023-03-17 23:52:36,090 - INFO: change item:pnts, col:1 to text:3
2023-03-17 23:52:36,092 - INFO: item:pnts set change flag
2023-03-17 23:52:36,094 - INFO: item:Shape set change flag
2023-03-17 23:52:36,097 - INFO: change item:theXp, col:1 to text:0.0
2023-03-17 23:52:36,099 - INFO: item:theXp set change flag
2023-03-17 23:52:36,101 - INFO: item:0 set change flag
2023-03-17 23:52:36,103 - INFO: change item:theYp, col:1 to text:0.0
2023-03-17 23:52:36,105 - INFO: item:theYp set change flag
2023-03-17 23:52:36,107 - INFO: change item:theZp, col:1 to text:0.0
2023-03-17 23:52:36,109 - INFO: item:theZp set change flag
2023-03-17 23:52:36,111 - INFO: change item:theXp, col:1 to text:0.0
2023-03-17 23:52:36,113 - INFO: item:theXp set change flag
2023-03-17 23:52:36,116 - INFO: item:1 set change flag
2023-03-17 23:52:36,119 - INFO: change item:theYp, col:1 to text:0.0
2023-03-17 23:52:36,122 - INFO: item:theYp set change flag
2023-03-17 23:52:36,124 - INFO: change item:theZp, col:1 to text:0.0
2023-03-17 23:52:36,126 - INFO: item:theZp set change flag
2023-03-17 23:52:36,128 - INFO: change item:theXp, col:1 to text:0.0
2023-03-17 23:52:36,130 - INFO: item:theXp set change flag
2023-03-17 23:52:36,132 - INFO: item:2 set change flag
2023-03-17 23:52:36,135 - INFO: change item:theYp, col:1 to text:0.0
2023-03-17 23:52:36,137 - INFO: item:theYp set change flag
2023-03-17 23:52:36,139 - INFO: change item:theZp, col:1 to text:0.0
2023-03-17 23:52:36,141 - INFO: item:theZp set change flag
2023-03-17 23:52:39,779 - INFO: change item:theXp, col:1 to text:1
2023-03-17 23:52:41,116 - INFO: change item:theYp, col:1 to text:2
2023-03-17 23:52:42,478 - INFO: change item:theZp, col:1 to text:2
2023-03-17 23:52:45,461 - INFO: change item:theXp, col:1 to text:1
2023-03-17 23:52:46,757 - INFO: change item:theYp, col:1 to text:2
2023-03-17 23:52:47,995 - INFO: change item:theZp, col:1 to text:2
2023-03-17 23:52:50,785 - INFO: change item:theZp, col:1 to text:3
2023-03-17 23:52:53,210 - INFO: change item:theXp, col:1 to text:1
2023-03-17 23:52:54,477 - INFO: change item:theYp, col:1 to text:3
2023-03-17 23:52:55,784 - INFO: change item:theZp, col:1 to text:3
2023-03-17 23:52:56,674 - INFO: Start Collect New Shape data
2023-03-17 23:52:56,677 - INFO: ParentPath:0:1
2023-03-17 23:52:56,679 - INFO: name:shape
2023-03-17 23:52:56,682 - INFO: value:{'pnts': {'0': {'theXp': '1', 'theYp': '2', 'theZp': '2'}, '1': {'theXp': '1', 'theYp': '2', 'theZp': '3'}, '2': {'theXp': '1', 'theYp': '3', 'theZp': '3'}}}
2023-03-17 23:52:56,683 - INFO: end Collect New Shape data
2023-03-17 23:52:56,686 - INFO: -- NewConmand --
2023-03-17 23:52:56,688 - INFO: -- Add New Shape --
2023-03-17 23:52:56,690 - INFO: Type:22d22e61-abca-11d4-8f1a-0060b0ee18e8
2023-03-17 23:52:56,691 - INFO: Name:shape
2023-03-17 23:52:56,693 - INFO: Param:{'pnts': {'0': {'theXp': '1', 'theYp': '2', 'theZp': '2'}, '1': {'theXp': '1', 'theYp': '2', 'theZp': '3'}, '2': {'theXp': '1', 'theYp': '3', 'theZp': '3'}}}
2023-03-17 23:52:56,699 - INFO: Entry:0:1:1
2023-03-17 23:52:56,704 - INFO: Entry:0:1:1 init with driver:22d22e61-abca-11d4-8f1a-0060b0ee18e8
2023-03-17 23:52:56,709 - INFO: bezier init sub
2023-03-17 23:52:56,711 - INFO: Entry:0:1:1:1 init with driver:22d22e56-abca-11d4-8f1a-0060b0ee18e8
2023-03-17 23:52:56,714 - INFO: Array size:3 data:{'0': {'theXp': '1', 'theYp': '2', 'theZp': '2'}, '1': {'theXp': '1', 'theYp': '2', 'theZp': '3'}, '2': {'theXp': '1', 'theYp': '3', 'theZp': '3'}}
2023-03-17 23:52:56,716 - INFO: Entry:0:1:1:1:125 init with driver:22d22e52-abca-11d4-8f1a-0060b0ee18e8
2023-03-17 23:52:56,718 - INFO: Point init sub
2023-03-17 23:52:56,721 - INFO: Entry:0:1:1:1:125:1 init with driver:22d22e51-abca-11d4-8f1a-0060b0ee18e8
2023-03-17 23:52:56,723 - INFO: real init self
2023-03-17 23:52:56,725 - INFO: Entry:{aEntry} init sub success
2023-03-17 23:52:56,727 - INFO: Entry:0:1:1:1:125:1 type:real Execute
2023-03-17 23:52:56,729 - INFO: Entry:0:1:1:1:125:2 init with driver:22d22e51-abca-11d4-8f1a-0060b0ee18e8
2023-03-17 23:52:56,732 - INFO: real init self
2023-03-17 23:52:56,735 - INFO: Entry:{aEntry} init sub success
2023-03-17 23:52:56,738 - INFO: Entry:0:1:1:1:125:2 type:real Execute
2023-03-17 23:52:56,741 - INFO: Entry:0:1:1:1:125:3 init with driver:22d22e51-abca-11d4-8f1a-0060b0ee18e8
2023-03-17 23:52:56,744 - INFO: real init self
2023-03-17 23:52:56,746 - INFO: Entry:{aEntry} init sub success
2023-03-17 23:52:56,748 - INFO: Entry:0:1:1:1:125:3 type:real Execute
2023-03-17 23:52:56,750 - INFO: Entry:{aEntry} init sub success
2023-03-17 23:52:56,751 - INFO: Entry:0:1:1:1:125 type:Point Execute
2023-03-17 23:52:56,753 - INFO: Entry:0:1:1:1:125:1 get value 1.0 
2023-03-17 23:52:56,755 - INFO: Entry:0:1:1:1:125:2 get value 2.0 
2023-03-17 23:52:56,757 - INFO: Entry:0:1:1:1:125:3 get value 2.0 
2023-03-17 23:52:56,760 - INFO: Entry:0:1:1:1:125 Make Point Success
2023-03-17 23:52:56,764 - INFO: Entry:0:1:1:1:126 init with driver:22d22e52-abca-11d4-8f1a-0060b0ee18e8
2023-03-17 23:52:56,766 - INFO: Point init sub
2023-03-17 23:52:56,770 - INFO: Entry:0:1:1:1:126:1 init with driver:22d22e51-abca-11d4-8f1a-0060b0ee18e8
2023-03-17 23:52:56,773 - INFO: real init self
2023-03-17 23:52:56,778 - INFO: Entry:{aEntry} init sub success
2023-03-17 23:52:56,780 - INFO: Entry:0:1:1:1:126:1 type:real Execute
2023-03-17 23:52:56,782 - INFO: Entry:0:1:1:1:126:2 init with driver:22d22e51-abca-11d4-8f1a-0060b0ee18e8
2023-03-17 23:52:56,784 - INFO: real init self
2023-03-17 23:52:56,787 - INFO: Entry:{aEntry} init sub success
2023-03-17 23:52:56,886 - INFO: Entry:0:1:1:1:126:2 type:real Execute
2023-03-17 23:52:56,891 - INFO: Entry:0:1:1:1:126:3 init with driver:22d22e51-abca-11d4-8f1a-0060b0ee18e8
2023-03-17 23:52:56,895 - INFO: real init self
2023-03-17 23:52:56,897 - INFO: Entry:{aEntry} init sub success
2023-03-17 23:52:56,900 - INFO: Entry:0:1:1:1:126:3 type:real Execute
2023-03-17 23:52:56,903 - INFO: Entry:{aEntry} init sub success
2023-03-17 23:52:56,906 - INFO: Entry:0:1:1:1:126 type:Point Execute
2023-03-17 23:52:56,910 - INFO: Entry:0:1:1:1:126:1 get value 1.0 
2023-03-17 23:52:56,912 - INFO: Entry:0:1:1:1:126:2 get value 2.0 
2023-03-17 23:52:56,915 - INFO: Entry:0:1:1:1:126:3 get value 3.0 
2023-03-17 23:52:56,917 - INFO: Entry:0:1:1:1:126 Make Point Success
2023-03-17 23:52:56,920 - INFO: Entry:0:1:1:1:127 init with driver:22d22e52-abca-11d4-8f1a-0060b0ee18e8
2023-03-17 23:52:56,923 - INFO: Point init sub
2023-03-17 23:52:56,926 - INFO: Entry:0:1:1:1:127:1 init with driver:22d22e51-abca-11d4-8f1a-0060b0ee18e8
2023-03-17 23:52:56,928 - INFO: real init self
2023-03-17 23:52:56,931 - INFO: Entry:{aEntry} init sub success
2023-03-17 23:52:56,934 - INFO: Entry:0:1:1:1:127:1 type:real Execute
2023-03-17 23:52:56,939 - INFO: Entry:0:1:1:1:127:2 init with driver:22d22e51-abca-11d4-8f1a-0060b0ee18e8
2023-03-17 23:52:56,942 - INFO: real init self
2023-03-17 23:52:56,945 - INFO: Entry:{aEntry} init sub success
2023-03-17 23:52:56,948 - INFO: Entry:0:1:1:1:127:2 type:real Execute
2023-03-17 23:52:56,950 - INFO: Entry:0:1:1:1:127:3 init with driver:22d22e51-abca-11d4-8f1a-0060b0ee18e8
2023-03-17 23:52:56,952 - INFO: real init self
2023-03-17 23:52:56,955 - INFO: Entry:{aEntry} init sub success
2023-03-17 23:52:56,959 - INFO: Entry:0:1:1:1:127:3 type:real Execute
2023-03-17 23:52:56,962 - INFO: Entry:{aEntry} init sub success
2023-03-17 23:52:56,964 - INFO: Entry:0:1:1:1:127 type:Point Execute
2023-03-17 23:52:56,966 - INFO: Entry:0:1:1:1:127:1 get value 1.0 
2023-03-17 23:52:56,969 - INFO: Entry:0:1:1:1:127:2 get value 3.0 
2023-03-17 23:52:56,973 - INFO: Entry:0:1:1:1:127:3 get value 3.0 
2023-03-17 23:52:56,976 - INFO: Entry:0:1:1:1:127 Make Point Success
2023-03-17 23:52:56,979 - INFO: Array Init success.
2023-03-17 23:52:56,981 - INFO: Entry:{aEntry} init sub success
2023-03-17 23:52:56,984 - INFO: Entry:0:1:1 type:bezier Execute
2023-03-17 23:52:56,994 - INFO: Entry:0:1:1:1:125 get value <class 'TopoDS_Vertex'> 
2023-03-17 23:52:56,997 - INFO: Entry:0:1:1:1:126 get value <class 'TopoDS_Vertex'> 
2023-03-17 23:52:56,999 - INFO: Entry:0:1:1:1:127 get value <class 'TopoDS_Vertex'> 
2023-03-17 23:52:57,008 - INFO: Entry:0:1:1 Make bezier Success
2023-03-17 23:52:57,012 - INFO: Label:shape update presentation
2023-03-17 23:52:57,018 - INFO: -- commit command --
2023-03-17 23:53:01,628 - INFO: Selected Item:shape
2023-03-17 23:53:01,631 - INFO: Start init ChangeParamBuilder 
2023-03-17 23:53:01,634 - INFO: Entry:0:1:1 id:22d22e61-abca-11d4-8f1a-0060b0ee18e8 Get Param
2023-03-17 23:53:01,637 - INFO: Entry:0:1:1:1 id:22d22e56-abca-11d4-8f1a-0060b0ee18e8 Get Param
2023-03-17 23:53:01,642 - INFO: Entry:0:1:1 name:shape type:bezier
2023-03-17 23:53:01,643 - INFO: params:{'pnts': {}}
2023-03-17 23:53:01,646 - INFO: End init ChangeParamBuilder 
2023-03-17 23:53:01,648 - INFO: change item:Parent, col:1 to text:0:1:1
2023-03-17 23:53:01,653 - INFO: change item:Name, col:1 to text:shape
2023-03-17 23:53:01,656 - INFO: ParamTree:<widgets.Logic_Construct.Logic_Construct object at 0x0000016AC4777820>
2023-03-17 23:57:57,155 - INFO: Start init NewParamBuilder 
2023-03-17 23:57:57,158 - INFO: Type:bezier Driver:22d22e61-abca-11d4-8f1a-0060b0ee18e8
2023-03-17 23:57:57,159 - INFO: name:<class 'str'>
2023-03-17 23:57:57,162 - INFO: parent:<class 'str'>
2023-03-17 23:57:57,164 - INFO: shape:{'pnts': Array sz:0 subParam: {'theXp': <class 'OCC.Core.TDataStd.TDataStd_Real'>, 'theYp': <class 'OCC.Core.TDataStd.TDataStd_Real'>, 'theZp': <class 'OCC.Core.TDataStd.TDataStd_Real'>}}
2023-03-17 23:57:57,166 - INFO: End init NewParamBuilder 
2023-03-17 23:57:57,186 - INFO: change item:Parent, col:1 to text:0:1
2023-03-17 23:57:57,192 - INFO: change item:Name, col:1 to text:shape
2023-03-17 23:57:57,197 - INFO: change item:pnts, col:1 to text:0
2023-03-17 23:57:57,199 - INFO: ParamTree:<widgets.Logic_Construct.Logic_Construct object at 0x00000115E88E3940>
2023-03-17 23:57:59,628 - INFO: change item:pnts, col:1 to text:3
2023-03-17 23:57:59,630 - INFO: item:pnts set change flag
2023-03-17 23:57:59,632 - INFO: item:Shape set change flag
2023-03-17 23:57:59,635 - INFO: change item:theXp, col:1 to text:0.0
2023-03-17 23:57:59,637 - INFO: item:theXp set change flag
2023-03-17 23:57:59,639 - INFO: item:0 set change flag
2023-03-17 23:57:59,641 - INFO: change item:theYp, col:1 to text:0.0
2023-03-17 23:57:59,643 - INFO: item:theYp set change flag
2023-03-17 23:57:59,646 - INFO: change item:theZp, col:1 to text:0.0
2023-03-17 23:57:59,648 - INFO: item:theZp set change flag
2023-03-17 23:57:59,650 - INFO: change item:theXp, col:1 to text:0.0
2023-03-17 23:57:59,653 - INFO: item:theXp set change flag
2023-03-17 23:57:59,655 - INFO: item:1 set change flag
2023-03-17 23:57:59,657 - INFO: change item:theYp, col:1 to text:0.0
2023-03-17 23:57:59,659 - INFO: item:theYp set change flag
2023-03-17 23:57:59,661 - INFO: change item:theZp, col:1 to text:0.0
2023-03-17 23:57:59,663 - INFO: item:theZp set change flag
2023-03-17 23:57:59,666 - INFO: change item:theXp, col:1 to text:0.0
2023-03-17 23:57:59,668 - INFO: item:theXp set change flag
2023-03-17 23:57:59,670 - INFO: item:2 set change flag
2023-03-17 23:57:59,672 - INFO: change item:theYp, col:1 to text:0.0
2023-03-17 23:57:59,674 - INFO: item:theYp set change flag
2023-03-17 23:57:59,676 - INFO: change item:theZp, col:1 to text:0.0
2023-03-17 23:57:59,678 - INFO: item:theZp set change flag
2023-03-17 23:58:02,277 - INFO: change item:theXp, col:1 to text:1
2023-03-17 23:58:04,216 - INFO: change item:theYp, col:1 to text:2
2023-03-17 23:58:05,916 - INFO: change item:theZp, col:1 to text:2
2023-03-17 23:58:08,070 - INFO: change item:theXp, col:1 to text:1
2023-03-17 23:58:09,325 - INFO: change item:theYp, col:1 to text:3
2023-03-17 23:58:11,201 - INFO: change item:theZp, col:1 to text:3
2023-03-17 23:58:14,354 - INFO: change item:theXp, col:1 to text:1
2023-03-17 23:58:15,757 - INFO: change item:theYp, col:1 to text:3
2023-03-17 23:58:17,599 - INFO: change item:theZp, col:1 to text:4
2023-03-17 23:58:18,385 - INFO: Start Collect New Shape data
2023-03-17 23:58:18,390 - INFO: ParentPath:0:1
2023-03-17 23:58:18,393 - INFO: name:shape
2023-03-17 23:58:18,396 - INFO: value:{'pnts': {'0': {'theXp': '1', 'theYp': '2', 'theZp': '2'}, '1': {'theXp': '1', 'theYp': '3', 'theZp': '3'}, '2': {'theXp': '1', 'theYp': '3', 'theZp': '4'}}}
2023-03-17 23:58:18,398 - INFO: end Collect New Shape data
2023-03-17 23:58:18,399 - INFO: -- NewConmand --
2023-03-17 23:58:18,401 - INFO: -- Add New Shape --
2023-03-17 23:58:18,403 - INFO: Type:22d22e61-abca-11d4-8f1a-0060b0ee18e8
2023-03-17 23:58:18,405 - INFO: Name:shape
2023-03-17 23:58:18,407 - INFO: Param:{'pnts': {'0': {'theXp': '1', 'theYp': '2', 'theZp': '2'}, '1': {'theXp': '1', 'theYp': '3', 'theZp': '3'}, '2': {'theXp': '1', 'theYp': '3', 'theZp': '4'}}}
2023-03-17 23:58:18,411 - INFO: Entry:0:1:1
2023-03-17 23:58:18,413 - INFO: Entry:0:1:1 init with driver:22d22e61-abca-11d4-8f1a-0060b0ee18e8
2023-03-17 23:58:18,416 - INFO: bezier init sub
2023-03-17 23:58:18,418 - INFO: Entry:0:1:1:1 init with driver:22d22e56-abca-11d4-8f1a-0060b0ee18e8
2023-03-17 23:58:18,422 - INFO: Array size:3 data:{'0': {'theXp': '1', 'theYp': '2', 'theZp': '2'}, '1': {'theXp': '1', 'theYp': '3', 'theZp': '3'}, '2': {'theXp': '1', 'theYp': '3', 'theZp': '4'}}
2023-03-17 23:58:18,425 - INFO: Entry:0:1:1:1:125 init with driver:22d22e52-abca-11d4-8f1a-0060b0ee18e8
2023-03-17 23:58:18,428 - INFO: Point init sub
2023-03-17 23:58:18,430 - INFO: Entry:0:1:1:1:125:1 init with driver:22d22e51-abca-11d4-8f1a-0060b0ee18e8
2023-03-17 23:58:18,432 - INFO: real init self
2023-03-17 23:58:18,449 - INFO: Entry:{aEntry} init sub success
2023-03-17 23:58:18,451 - INFO: Entry:0:1:1:1:125:1 type:real Execute
2023-03-17 23:58:18,453 - INFO: Entry:0:1:1:1:125:2 init with driver:22d22e51-abca-11d4-8f1a-0060b0ee18e8
2023-03-17 23:58:18,457 - INFO: real init self
2023-03-17 23:58:18,461 - INFO: Entry:{aEntry} init sub success
2023-03-17 23:58:18,463 - INFO: Entry:0:1:1:1:125:2 type:real Execute
2023-03-17 23:58:18,465 - INFO: Entry:0:1:1:1:125:3 init with driver:22d22e51-abca-11d4-8f1a-0060b0ee18e8
2023-03-17 23:58:18,468 - INFO: real init self
2023-03-17 23:58:18,469 - INFO: Entry:{aEntry} init sub success
2023-03-17 23:58:18,471 - INFO: Entry:0:1:1:1:125:3 type:real Execute
2023-03-17 23:58:18,473 - INFO: Entry:{aEntry} init sub success
2023-03-17 23:58:18,475 - INFO: Entry:0:1:1:1:125 type:Point Execute
2023-03-17 23:58:18,478 - INFO: Entry:0:1:1:1:125:1 get value 1.0 
2023-03-17 23:58:18,481 - INFO: Entry:0:1:1:1:125:2 get value 2.0 
2023-03-17 23:58:18,484 - INFO: Entry:0:1:1:1:125:3 get value 2.0 
2023-03-17 23:58:18,488 - INFO: Entry:0:1:1:1:125 Make Point Success
2023-03-17 23:58:18,493 - INFO: Entry:0:1:1:1:126 init with driver:22d22e52-abca-11d4-8f1a-0060b0ee18e8
2023-03-17 23:58:18,496 - INFO: Point init sub
2023-03-17 23:58:18,498 - INFO: Entry:0:1:1:1:126:1 init with driver:22d22e51-abca-11d4-8f1a-0060b0ee18e8
2023-03-17 23:58:18,500 - INFO: real init self
2023-03-17 23:58:18,502 - INFO: Entry:{aEntry} init sub success
2023-03-17 23:58:18,504 - INFO: Entry:0:1:1:1:126:1 type:real Execute
2023-03-17 23:58:18,507 - INFO: Entry:0:1:1:1:126:2 init with driver:22d22e51-abca-11d4-8f1a-0060b0ee18e8
2023-03-17 23:58:18,511 - INFO: real init self
2023-03-17 23:58:18,513 - INFO: Entry:{aEntry} init sub success
2023-03-17 23:58:18,515 - INFO: Entry:0:1:1:1:126:2 type:real Execute
2023-03-17 23:58:18,518 - INFO: Entry:0:1:1:1:126:3 init with driver:22d22e51-abca-11d4-8f1a-0060b0ee18e8
2023-03-17 23:58:18,522 - INFO: real init self
2023-03-17 23:58:18,526 - INFO: Entry:{aEntry} init sub success
2023-03-17 23:58:18,529 - INFO: Entry:0:1:1:1:126:3 type:real Execute
2023-03-17 23:58:18,531 - INFO: Entry:{aEntry} init sub success
2023-03-17 23:58:18,533 - INFO: Entry:0:1:1:1:126 type:Point Execute
2023-03-17 23:58:18,536 - INFO: Entry:0:1:1:1:126:1 get value 1.0 
2023-03-17 23:58:18,541 - INFO: Entry:0:1:1:1:126:2 get value 3.0 
2023-03-17 23:58:18,545 - INFO: Entry:0:1:1:1:126:3 get value 3.0 
2023-03-17 23:58:18,547 - INFO: Entry:0:1:1:1:126 Make Point Success
2023-03-17 23:58:18,549 - INFO: Entry:0:1:1:1:127 init with driver:22d22e52-abca-11d4-8f1a-0060b0ee18e8
2023-03-17 23:58:18,552 - INFO: Point init sub
2023-03-17 23:58:18,557 - INFO: Entry:0:1:1:1:127:1 init with driver:22d22e51-abca-11d4-8f1a-0060b0ee18e8
2023-03-17 23:58:18,559 - INFO: real init self
2023-03-17 23:58:18,560 - INFO: Entry:{aEntry} init sub success
2023-03-17 23:58:18,562 - INFO: Entry:0:1:1:1:127:1 type:real Execute
2023-03-17 23:58:18,564 - INFO: Entry:0:1:1:1:127:2 init with driver:22d22e51-abca-11d4-8f1a-0060b0ee18e8
2023-03-17 23:58:18,566 - INFO: real init self
2023-03-17 23:58:18,569 - INFO: Entry:{aEntry} init sub success
2023-03-17 23:58:18,574 - INFO: Entry:0:1:1:1:127:2 type:real Execute
2023-03-17 23:58:18,578 - INFO: Entry:0:1:1:1:127:3 init with driver:22d22e51-abca-11d4-8f1a-0060b0ee18e8
2023-03-17 23:58:18,581 - INFO: real init self
2023-03-17 23:58:18,584 - INFO: Entry:{aEntry} init sub success
2023-03-17 23:58:18,587 - INFO: Entry:0:1:1:1:127:3 type:real Execute
2023-03-17 23:58:18,590 - INFO: Entry:{aEntry} init sub success
2023-03-17 23:58:18,593 - INFO: Entry:0:1:1:1:127 type:Point Execute
2023-03-17 23:58:18,595 - INFO: Entry:0:1:1:1:127:1 get value 1.0 
2023-03-17 23:58:18,597 - INFO: Entry:0:1:1:1:127:2 get value 3.0 
2023-03-17 23:58:18,599 - INFO: Entry:0:1:1:1:127:3 get value 4.0 
2023-03-17 23:58:18,602 - INFO: Entry:0:1:1:1:127 Make Point Success
2023-03-17 23:58:18,604 - INFO: Array Init success.
2023-03-17 23:58:18,607 - INFO: Entry:{aEntry} init sub success
2023-03-17 23:58:18,610 - INFO: Entry:0:1:1 type:bezier Execute
2023-03-17 23:58:18,615 - INFO: Entry:0:1:1:1:125 get value <class 'TopoDS_Vertex'> 
2023-03-17 23:58:18,618 - INFO: Entry:0:1:1:1:126 get value <class 'TopoDS_Vertex'> 
2023-03-17 23:58:18,622 - INFO: Entry:0:1:1:1:127 get value <class 'TopoDS_Vertex'> 
2023-03-17 23:58:18,632 - INFO: Entry:0:1:1 Make bezier Success
2023-03-17 23:58:18,636 - INFO: Label:shape update presentation
2023-03-17 23:58:18,641 - INFO: -- commit command --
2023-03-17 23:58:35,598 - INFO: Selected Item:shape
2023-03-17 23:58:35,600 - INFO: Start init ChangeParamBuilder 
2023-03-17 23:58:35,603 - INFO: Entry:0:1:1 id:22d22e61-abca-11d4-8f1a-0060b0ee18e8 Get Param
2023-03-17 23:58:35,605 - INFO: Entry:0:1:1:1 id:22d22e56-abca-11d4-8f1a-0060b0ee18e8 Get Param
2023-03-17 23:58:35,607 - INFO: GetArrayData size:0
2023-03-17 23:58:35,609 - INFO: Entry:0:1:1 name:shape type:bezier
2023-03-17 23:58:35,611 - INFO: params:{'pnts': {}}
2023-03-17 23:58:35,613 - INFO: End init ChangeParamBuilder 
2023-03-17 23:58:35,615 - INFO: change item:Parent, col:1 to text:0:1:1
2023-03-17 23:58:35,622 - INFO: change item:Name, col:1 to text:shape
2023-03-17 23:58:35,625 - INFO: ParamTree:<widgets.Logic_Construct.Logic_Construct object at 0x00000115E88E3940>
