2023-04-24 16:42:50,163 - INFO: --------------- Start ------------
2023-04-24 16:42:50,167 - INFO: create Label:0:1, None, Box:22d22e50-abca-11d4-8f1a-0060b0ee18e8
2023-04-24 16:42:50,169 - INFO: Entry:0:1, base init complete
2023-04-24 16:42:50,173 - INFO: create Label:0:1:1, None, Transform:22d22e53-abca-11d4-8f1a-0060b0ee18e8
2023-04-24 16:42:50,175 - INFO: Entry:0:1:1, base init complete
2023-04-24 16:42:50,180 - INFO: create Label:0:1:1:1, None, real:22d22e51-abca-11d4-8f1a-0060b0ee18e8
2023-04-24 16:42:50,183 - INFO: Entry:0:1:1:1, base init complete
2023-04-24 16:42:50,184 - INFO: change Label:0:1:1:1.value, None, 0
2023-04-24 16:42:50,186 - INFO: Entry:0:1:1:1, end init
2023-04-24 16:42:50,190 - INFO: create Label:0:1:1:2, None, Point:22d22e52-abca-11d4-8f1a-0060b0ee18e8
2023-04-24 16:42:50,192 - INFO: Entry:0:1:1:2, base init complete
2023-04-24 16:42:50,196 - INFO: create Label:0:1:1:2:1, None, real:22d22e51-abca-11d4-8f1a-0060b0ee18e8
2023-04-24 16:42:50,198 - INFO: Entry:0:1:1:2:1, base init complete
2023-04-24 16:42:50,200 - INFO: change Label:0:1:1:2:1.value, None, 0
2023-04-24 16:42:50,202 - INFO: Entry:0:1:1:2:1, end init
2023-04-24 16:42:50,204 - INFO: create Label:0:1:1:2:2, None, real:22d22e51-abca-11d4-8f1a-0060b0ee18e8
2023-04-24 16:42:50,206 - INFO: Entry:0:1:1:2:2, base init complete
2023-04-24 16:42:50,207 - INFO: change Label:0:1:1:2:2.value, None, 0
2023-04-24 16:42:50,209 - INFO: Entry:0:1:1:2:2, end init
2023-04-24 16:42:50,211 - INFO: create Label:0:1:1:2:3, None, real:22d22e51-abca-11d4-8f1a-0060b0ee18e8
2023-04-24 16:42:50,213 - INFO: Entry:0:1:1:2:3, base init complete
2023-04-24 16:42:50,215 - INFO: change Label:0:1:1:2:3.value, None, 0
2023-04-24 16:42:50,217 - INFO: Entry:0:1:1:2:3, end init
2023-04-24 16:42:50,221 - INFO: 0:1:1:2:1 don't hava attr 5b896aff-3adf-11d4-b9b7-0060b0ee281b
2023-04-24 16:42:50,227 - INFO: create Label:0:1:1:3, None, Point:22d22e52-abca-11d4-8f1a-0060b0ee18e8
2023-04-24 16:42:50,229 - INFO: Entry:0:1:1:3, base init complete
2023-04-24 16:42:50,232 - INFO: create Label:0:1:1:3:1, None, real:22d22e51-abca-11d4-8f1a-0060b0ee18e8
2023-04-24 16:42:50,234 - INFO: Entry:0:1:1:3:1, base init complete
2023-04-24 16:42:50,236 - INFO: change Label:0:1:1:3:1.value, None, 0
2023-04-24 16:42:50,238 - INFO: Entry:0:1:1:3:1, end init
2023-04-24 16:42:50,240 - INFO: create Label:0:1:1:3:2, None, real:22d22e51-abca-11d4-8f1a-0060b0ee18e8
2023-04-24 16:42:50,242 - INFO: Entry:0:1:1:3:2, base init complete
2023-04-24 16:42:50,244 - INFO: change Label:0:1:1:3:2.value, None, 0
2023-04-24 16:42:50,247 - INFO: Entry:0:1:1:3:2, end init
2023-04-24 16:42:50,250 - INFO: create Label:0:1:1:3:3, None, real:22d22e51-abca-11d4-8f1a-0060b0ee18e8
2023-04-24 16:42:50,252 - INFO: Entry:0:1:1:3:3, base init complete
2023-04-24 16:42:50,255 - INFO: change Label:0:1:1:3:3.value, None, 0
2023-04-24 16:42:50,257 - INFO: Entry:0:1:1:3:3, end init
2023-04-24 16:42:50,262 - INFO: 0:1:1:3:1 don't hava attr 5b896aff-3adf-11d4-b9b7-0060b0ee281b
2023-04-24 16:42:50,269 - INFO: 0:1:1:1 don't hava attr 5b896aff-3adf-11d4-b9b7-0060b0ee281b
2023-04-24 16:42:50,275 - INFO: create Label:0:1:2, None, real:22d22e51-abca-11d4-8f1a-0060b0ee18e8
2023-04-24 16:42:50,279 - INFO: Entry:0:1:2, base init complete
2023-04-24 16:42:50,283 - INFO: change Label:0:1:2.value, None, 0
2023-04-24 16:42:50,287 - INFO: Entry:0:1:2, end init
2023-04-24 16:42:50,290 - INFO: create Label:0:1:3, None, real:22d22e51-abca-11d4-8f1a-0060b0ee18e8
2023-04-24 16:42:50,292 - INFO: Entry:0:1:3, base init complete
2023-04-24 16:42:50,298 - INFO: change Label:0:1:3.value, None, 0
2023-04-24 16:42:50,300 - INFO: Entry:0:1:3, end init
2023-04-24 16:42:50,302 - INFO: create Label:0:1:4, None, real:22d22e51-abca-11d4-8f1a-0060b0ee18e8
2023-04-24 16:42:50,304 - INFO: Entry:0:1:4, base init complete
2023-04-24 16:42:50,306 - INFO: change Label:0:1:4.value, None, 0
2023-04-24 16:42:50,310 - INFO: Entry:0:1:4, end init
2023-04-24 16:42:50,316 - INFO: 0:1:1 don't hava attr 5b896aff-3adf-11d4-b9b7-0060b0ee281b
2023-04-24 16:42:50,761 - INFO: 0:1 don't hava attr None
2023-04-24 16:42:50,765 - INFO: 0:1:1 don't hava attr None
2023-04-24 16:42:50,780 - INFO: 0:1:1:1 don't hava attr None
2023-04-24 16:42:50,784 - INFO: 0:1:1:2 don't hava attr None
2023-04-24 16:42:50,789 - INFO: 0:1:1:2:1 don't hava attr None
2023-04-24 16:42:50,793 - INFO: 0:1:1:2:2 don't hava attr None
2023-04-24 16:42:50,797 - INFO: 0:1:1:2:3 don't hava attr None
2023-04-24 16:42:50,803 - INFO: 0:1:1:3 don't hava attr None
2023-04-24 16:42:50,807 - INFO: 0:1:1:3:1 don't hava attr None
2023-04-24 16:42:50,812 - INFO: 0:1:1:3:2 don't hava attr None
2023-04-24 16:42:50,816 - INFO: 0:1:1:3:3 don't hava attr None
2023-04-24 16:42:50,820 - INFO: 0:1:2 don't hava attr None
2023-04-24 16:42:50,825 - INFO: 0:1:3 don't hava attr None
2023-04-24 16:42:50,829 - INFO: 0:1:4 don't hava attr None
2023-04-24 16:42:50,831 - INFO: --------------- end ------------
2023-04-24 16:45:19,371 - INFO: --------------- Start ------------
2023-04-24 16:45:19,375 - INFO: create Label:0:1, None, Box:22d22e50-abca-11d4-8f1a-0060b0ee18e8
2023-04-24 16:45:19,377 - INFO: Entry:0:1, base init complete
2023-04-24 16:45:19,383 - INFO: create Label:0:1:1, None, Transform:22d22e53-abca-11d4-8f1a-0060b0ee18e8
2023-04-24 16:45:19,385 - INFO: Entry:0:1:1, base init complete
2023-04-24 16:45:19,391 - INFO: create Label:0:1:1:1, None, real:22d22e51-abca-11d4-8f1a-0060b0ee18e8
2023-04-24 16:45:19,393 - INFO: Entry:0:1:1:1, base init complete
2023-04-24 16:45:19,395 - INFO: change Label:0:1:1:1.value, None, 0
2023-04-24 16:45:19,397 - INFO: Entry:0:1:1:1, end init
2023-04-24 16:45:19,400 - INFO: create Label:0:1:1:2, None, Point:22d22e52-abca-11d4-8f1a-0060b0ee18e8
2023-04-24 16:45:19,403 - INFO: Entry:0:1:1:2, base init complete
2023-04-24 16:45:19,406 - INFO: create Label:0:1:1:2:1, None, real:22d22e51-abca-11d4-8f1a-0060b0ee18e8
2023-04-24 16:45:19,409 - INFO: Entry:0:1:1:2:1, base init complete
2023-04-24 16:45:19,411 - INFO: change Label:0:1:1:2:1.value, None, 0
2023-04-24 16:45:19,413 - INFO: Entry:0:1:1:2:1, end init
2023-04-24 16:45:19,415 - INFO: create Label:0:1:1:2:2, None, real:22d22e51-abca-11d4-8f1a-0060b0ee18e8
2023-04-24 16:45:19,417 - INFO: Entry:0:1:1:2:2, base init complete
2023-04-24 16:45:19,419 - INFO: change Label:0:1:1:2:2.value, None, 0
2023-04-24 16:45:19,421 - INFO: Entry:0:1:1:2:2, end init
2023-04-24 16:45:19,423 - INFO: create Label:0:1:1:2:3, None, real:22d22e51-abca-11d4-8f1a-0060b0ee18e8
2023-04-24 16:45:19,425 - INFO: Entry:0:1:1:2:3, base init complete
2023-04-24 16:45:19,427 - INFO: change Label:0:1:1:2:3.value, None, 0
2023-04-24 16:45:19,429 - INFO: Entry:0:1:1:2:3, end init
2023-04-24 16:45:19,433 - INFO: 0:1:1:2:1 don't have attr 5b896aff-3adf-11d4-b9b7-0060b0ee281b
2023-04-24 16:45:19,439 - INFO: create Label:0:1:1:3, None, Point:22d22e52-abca-11d4-8f1a-0060b0ee18e8
2023-04-24 16:45:19,441 - INFO: Entry:0:1:1:3, base init complete
2023-04-24 16:45:19,445 - INFO: create Label:0:1:1:3:1, None, real:22d22e51-abca-11d4-8f1a-0060b0ee18e8
2023-04-24 16:45:19,447 - INFO: Entry:0:1:1:3:1, base init complete
2023-04-24 16:45:19,449 - INFO: change Label:0:1:1:3:1.value, None, 0
2023-04-24 16:45:19,451 - INFO: Entry:0:1:1:3:1, end init
2023-04-24 16:45:19,453 - INFO: create Label:0:1:1:3:2, None, real:22d22e51-abca-11d4-8f1a-0060b0ee18e8
2023-04-24 16:45:19,455 - INFO: Entry:0:1:1:3:2, base init complete
2023-04-24 16:45:19,457 - INFO: change Label:0:1:1:3:2.value, None, 0
2023-04-24 16:45:19,464 - INFO: Entry:0:1:1:3:2, end init
2023-04-24 16:45:19,496 - INFO: create Label:0:1:1:3:3, None, real:22d22e51-abca-11d4-8f1a-0060b0ee18e8
2023-04-24 16:45:19,498 - INFO: Entry:0:1:1:3:3, base init complete
2023-04-24 16:45:19,500 - INFO: change Label:0:1:1:3:3.value, None, 0
2023-04-24 16:45:19,504 - INFO: Entry:0:1:1:3:3, end init
2023-04-24 16:45:19,509 - INFO: 0:1:1:3:1 don't have attr 5b896aff-3adf-11d4-b9b7-0060b0ee281b
2023-04-24 16:45:19,516 - INFO: 0:1:1:1 don't have attr 5b896aff-3adf-11d4-b9b7-0060b0ee281b
2023-04-24 16:45:19,522 - INFO: create Label:0:1:2, None, real:22d22e51-abca-11d4-8f1a-0060b0ee18e8
2023-04-24 16:45:19,525 - INFO: Entry:0:1:2, base init complete
2023-04-24 16:45:19,528 - INFO: change Label:0:1:2.value, None, 0
2023-04-24 16:45:19,531 - INFO: Entry:0:1:2, end init
2023-04-24 16:45:19,533 - INFO: create Label:0:1:3, None, real:22d22e51-abca-11d4-8f1a-0060b0ee18e8
2023-04-24 16:45:19,535 - INFO: Entry:0:1:3, base init complete
2023-04-24 16:45:19,537 - INFO: change Label:0:1:3.value, None, 0
2023-04-24 16:45:19,539 - INFO: Entry:0:1:3, end init
2023-04-24 16:45:19,541 - INFO: create Label:0:1:4, None, real:22d22e51-abca-11d4-8f1a-0060b0ee18e8
2023-04-24 16:45:19,543 - INFO: Entry:0:1:4, base init complete
2023-04-24 16:45:19,545 - INFO: change Label:0:1:4.value, None, 0
2023-04-24 16:45:19,547 - INFO: Entry:0:1:4, end init
2023-04-24 16:45:19,551 - INFO: 0:1:1 don't have attr 5b896aff-3adf-11d4-b9b7-0060b0ee281b
2023-04-24 16:45:19,936 - INFO: 0:1 don't have attr 22d22e65-abca-11d4-8f1a-0060b0ee18e8
2023-04-24 16:45:19,941 - INFO: 0:1:1 don't have attr 22d22e65-abca-11d4-8f1a-0060b0ee18e8
2023-04-24 16:45:19,953 - INFO: 0:1:1:1 don't have attr 22d22e65-abca-11d4-8f1a-0060b0ee18e8
2023-04-24 16:45:19,958 - INFO: 0:1:1:2 don't have attr 22d22e65-abca-11d4-8f1a-0060b0ee18e8
2023-04-24 16:45:19,962 - INFO: 0:1:1:2:1 don't have attr 22d22e65-abca-11d4-8f1a-0060b0ee18e8
2023-04-24 16:45:19,967 - INFO: 0:1:1:2:2 don't have attr 22d22e65-abca-11d4-8f1a-0060b0ee18e8
2023-04-24 16:45:19,971 - INFO: 0:1:1:2:3 don't have attr 22d22e65-abca-11d4-8f1a-0060b0ee18e8
2023-04-24 16:45:19,976 - INFO: 0:1:1:3 don't have attr 22d22e65-abca-11d4-8f1a-0060b0ee18e8
2023-04-24 16:45:19,980 - INFO: 0:1:1:3:1 don't have attr 22d22e65-abca-11d4-8f1a-0060b0ee18e8
2023-04-24 16:45:19,984 - INFO: 0:1:1:3:2 don't have attr 22d22e65-abca-11d4-8f1a-0060b0ee18e8
2023-04-24 16:45:19,988 - INFO: 0:1:1:3:3 don't have attr 22d22e65-abca-11d4-8f1a-0060b0ee18e8
2023-04-24 16:45:19,992 - INFO: 0:1:2 don't have attr 22d22e65-abca-11d4-8f1a-0060b0ee18e8
2023-04-24 16:45:19,997 - INFO: 0:1:3 don't have attr 22d22e65-abca-11d4-8f1a-0060b0ee18e8
2023-04-24 16:45:20,001 - INFO: 0:1:4 don't have attr 22d22e65-abca-11d4-8f1a-0060b0ee18e8
2023-04-24 16:45:20,003 - INFO: --------------- end ------------
2023-04-24 16:47:28,312 - INFO: --------------- Start ------------
2023-04-24 16:47:28,315 - INFO: create Label:0:1, None, Box:22d22e50-abca-11d4-8f1a-0060b0ee18e8
2023-04-24 16:47:28,318 - INFO: Entry:0:1, base init complete
2023-04-24 16:47:28,323 - INFO: create Label:0:1:1, None, Transform:22d22e53-abca-11d4-8f1a-0060b0ee18e8
2023-04-24 16:47:28,327 - INFO: Entry:0:1:1, base init complete
2023-04-24 16:47:28,333 - INFO: create Label:0:1:1:1, None, real:22d22e51-abca-11d4-8f1a-0060b0ee18e8
2023-04-24 16:47:28,337 - INFO: Entry:0:1:1:1, base init complete
2023-04-24 16:47:28,340 - INFO: change Label:0:1:1:1.value, None, 0
2023-04-24 16:47:28,343 - INFO: Entry:0:1:1:1, end init
2023-04-24 16:47:28,351 - INFO: create Label:0:1:1:2, None, Point:22d22e52-abca-11d4-8f1a-0060b0ee18e8
2023-04-24 16:47:28,355 - INFO: Entry:0:1:1:2, base init complete
2023-04-24 16:47:28,359 - INFO: create Label:0:1:1:2:1, None, real:22d22e51-abca-11d4-8f1a-0060b0ee18e8
2023-04-24 16:47:28,362 - INFO: Entry:0:1:1:2:1, base init complete
2023-04-24 16:47:28,367 - INFO: change Label:0:1:1:2:1.value, None, 0
2023-04-24 16:47:28,372 - INFO: Entry:0:1:1:2:1, end init
2023-04-24 16:47:28,376 - INFO: create Label:0:1:1:2:2, None, real:22d22e51-abca-11d4-8f1a-0060b0ee18e8
2023-04-24 16:47:28,380 - INFO: Entry:0:1:1:2:2, base init complete
2023-04-24 16:47:28,385 - INFO: change Label:0:1:1:2:2.value, None, 0
2023-04-24 16:47:28,388 - INFO: Entry:0:1:1:2:2, end init
2023-04-24 16:47:28,391 - INFO: create Label:0:1:1:2:3, None, real:22d22e51-abca-11d4-8f1a-0060b0ee18e8
2023-04-24 16:47:28,394 - INFO: Entry:0:1:1:2:3, base init complete
2023-04-24 16:47:28,397 - INFO: change Label:0:1:1:2:3.value, None, 0
2023-04-24 16:47:28,405 - INFO: Entry:0:1:1:2:3, end init
2023-04-24 16:47:28,410 - INFO: 0:1:1:2:1 don't have attr 5b896aff-3adf-11d4-b9b7-0060b0ee281b
2023-04-24 16:47:28,422 - INFO: create Label:0:1:1:3, None, Point:22d22e52-abca-11d4-8f1a-0060b0ee18e8
2023-04-24 16:47:28,425 - INFO: Entry:0:1:1:3, base init complete
2023-04-24 16:47:28,443 - INFO: create Label:0:1:1:3:1, None, real:22d22e51-abca-11d4-8f1a-0060b0ee18e8
2023-04-24 16:47:28,446 - INFO: Entry:0:1:1:3:1, base init complete
2023-04-24 16:47:28,449 - INFO: change Label:0:1:1:3:1.value, None, 0
2023-04-24 16:47:28,454 - INFO: Entry:0:1:1:3:1, end init
2023-04-24 16:47:28,456 - INFO: create Label:0:1:1:3:2, None, real:22d22e51-abca-11d4-8f1a-0060b0ee18e8
2023-04-24 16:47:28,459 - INFO: Entry:0:1:1:3:2, base init complete
2023-04-24 16:47:28,463 - INFO: change Label:0:1:1:3:2.value, None, 0
2023-04-24 16:47:28,466 - INFO: Entry:0:1:1:3:2, end init
2023-04-24 16:47:28,470 - INFO: create Label:0:1:1:3:3, None, real:22d22e51-abca-11d4-8f1a-0060b0ee18e8
2023-04-24 16:47:28,473 - INFO: Entry:0:1:1:3:3, base init complete
2023-04-24 16:47:28,475 - INFO: change Label:0:1:1:3:3.value, None, 0
2023-04-24 16:47:28,478 - INFO: Entry:0:1:1:3:3, end init
2023-04-24 16:47:28,487 - INFO: 0:1:1:3:1 don't have attr 5b896aff-3adf-11d4-b9b7-0060b0ee281b
2023-04-24 16:47:28,494 - INFO: 0:1:1:1 don't have attr 5b896aff-3adf-11d4-b9b7-0060b0ee281b
2023-04-24 16:47:28,503 - INFO: create Label:0:1:2, None, real:22d22e51-abca-11d4-8f1a-0060b0ee18e8
2023-04-24 16:47:28,507 - INFO: Entry:0:1:2, base init complete
2023-04-24 16:47:28,509 - INFO: change Label:0:1:2.value, None, 0
2023-04-24 16:47:28,513 - INFO: Entry:0:1:2, end init
2023-04-24 16:47:28,515 - INFO: create Label:0:1:3, None, real:22d22e51-abca-11d4-8f1a-0060b0ee18e8
2023-04-24 16:47:28,520 - INFO: Entry:0:1:3, base init complete
2023-04-24 16:47:28,523 - INFO: change Label:0:1:3.value, None, 0
2023-04-24 16:47:28,525 - INFO: Entry:0:1:3, end init
2023-04-24 16:47:28,529 - INFO: create Label:0:1:4, None, real:22d22e51-abca-11d4-8f1a-0060b0ee18e8
2023-04-24 16:47:28,532 - INFO: Entry:0:1:4, base init complete
2023-04-24 16:47:28,536 - INFO: change Label:0:1:4.value, None, 0
2023-04-24 16:47:28,538 - INFO: Entry:0:1:4, end init
2023-04-24 16:47:28,544 - INFO: 0:1:1 don't have attr 5b896aff-3adf-11d4-b9b7-0060b0ee281b
2023-04-24 16:47:28,938 - INFO: 0:1 don't have attr 22d22e65-abca-11d4-8f1a-0060b0ee18e8
2023-04-24 16:47:28,943 - INFO: 0:1:1 don't have attr 22d22e65-abca-11d4-8f1a-0060b0ee18e8
2023-04-24 16:47:28,955 - INFO: 0:1:1:1 don't have attr 22d22e65-abca-11d4-8f1a-0060b0ee18e8
2023-04-24 16:47:28,959 - INFO: 0:1:1:2 don't have attr 22d22e65-abca-11d4-8f1a-0060b0ee18e8
2023-04-24 16:47:28,964 - INFO: 0:1:1:2:1 don't have attr 22d22e65-abca-11d4-8f1a-0060b0ee18e8
2023-04-24 16:47:28,968 - INFO: 0:1:1:2:2 don't have attr 22d22e65-abca-11d4-8f1a-0060b0ee18e8
2023-04-24 16:47:28,973 - INFO: 0:1:1:2:3 don't have attr 22d22e65-abca-11d4-8f1a-0060b0ee18e8
2023-04-24 16:47:28,977 - INFO: 0:1:1:3 don't have attr 22d22e65-abca-11d4-8f1a-0060b0ee18e8
2023-04-24 16:47:28,982 - INFO: 0:1:1:3:1 don't have attr 22d22e65-abca-11d4-8f1a-0060b0ee18e8
2023-04-24 16:47:28,987 - INFO: 0:1:1:3:2 don't have attr 22d22e65-abca-11d4-8f1a-0060b0ee18e8
2023-04-24 16:47:28,991 - INFO: 0:1:1:3:3 don't have attr 22d22e65-abca-11d4-8f1a-0060b0ee18e8
2023-04-24 16:47:28,995 - INFO: 0:1:2 don't have attr 22d22e65-abca-11d4-8f1a-0060b0ee18e8
2023-04-24 16:47:29,000 - INFO: 0:1:3 don't have attr 22d22e65-abca-11d4-8f1a-0060b0ee18e8
2023-04-24 16:47:29,005 - INFO: 0:1:4 don't have attr 22d22e65-abca-11d4-8f1a-0060b0ee18e8
2023-04-24 16:47:29,006 - INFO: --------------- end ------------
2023-04-24 16:49:06,414 - INFO: --------------- Start ------------
2023-04-24 16:49:06,418 - INFO: create Label:0:1, None, Box:22d22e50-abca-11d4-8f1a-0060b0ee18e8
2023-04-24 16:49:06,422 - INFO: Entry:0:1, base init complete
2023-04-24 16:49:06,428 - INFO: create Label:0:1:1, None, Transform:22d22e53-abca-11d4-8f1a-0060b0ee18e8
2023-04-24 16:49:06,431 - INFO: Entry:0:1:1, base init complete
2023-04-24 16:49:06,436 - INFO: create Label:0:1:1:1, None, real:22d22e51-abca-11d4-8f1a-0060b0ee18e8
2023-04-24 16:49:06,440 - INFO: Entry:0:1:1:1, base init complete
2023-04-24 16:49:06,442 - INFO: change Label:0:1:1:1.value, None, 0
2023-04-24 16:49:06,444 - INFO: Entry:0:1:1:1, end init
2023-04-24 16:49:06,449 - INFO: create Label:0:1:1:2, None, Point:22d22e52-abca-11d4-8f1a-0060b0ee18e8
2023-04-24 16:49:06,453 - INFO: Entry:0:1:1:2, base init complete
2023-04-24 16:49:06,461 - INFO: create Label:0:1:1:2:1, None, real:22d22e51-abca-11d4-8f1a-0060b0ee18e8
2023-04-24 16:49:06,464 - INFO: Entry:0:1:1:2:1, base init complete
2023-04-24 16:49:06,466 - INFO: change Label:0:1:1:2:1.value, None, 0
2023-04-24 16:49:06,470 - INFO: Entry:0:1:1:2:1, end init
2023-04-24 16:49:06,475 - INFO: create Label:0:1:1:2:2, None, real:22d22e51-abca-11d4-8f1a-0060b0ee18e8
2023-04-24 16:49:06,478 - INFO: Entry:0:1:1:2:2, base init complete
2023-04-24 16:49:06,481 - INFO: change Label:0:1:1:2:2.value, None, 0
2023-04-24 16:49:06,484 - INFO: Entry:0:1:1:2:2, end init
2023-04-24 16:49:06,488 - INFO: create Label:0:1:1:2:3, None, real:22d22e51-abca-11d4-8f1a-0060b0ee18e8
2023-04-24 16:49:06,494 - INFO: Entry:0:1:1:2:3, base init complete
2023-04-24 16:49:06,496 - INFO: change Label:0:1:1:2:3.value, None, 0
2023-04-24 16:49:06,499 - INFO: Entry:0:1:1:2:3, end init
2023-04-24 16:49:06,509 - INFO: 0:1:1:2:1 don't have attr 5b896aff-3adf-11d4-b9b7-0060b0ee281b
2023-04-24 16:49:06,519 - INFO: create Label:0:1:1:3, None, Point:22d22e52-abca-11d4-8f1a-0060b0ee18e8
2023-04-24 16:49:06,523 - INFO: Entry:0:1:1:3, base init complete
2023-04-24 16:49:06,529 - INFO: create Label:0:1:1:3:1, None, real:22d22e51-abca-11d4-8f1a-0060b0ee18e8
2023-04-24 16:49:06,537 - INFO: Entry:0:1:1:3:1, base init complete
2023-04-24 16:49:06,544 - INFO: change Label:0:1:1:3:1.value, None, 0
2023-04-24 16:49:06,547 - INFO: Entry:0:1:1:3:1, end init
2023-04-24 16:49:06,549 - INFO: create Label:0:1:1:3:2, None, real:22d22e51-abca-11d4-8f1a-0060b0ee18e8
2023-04-24 16:49:06,553 - INFO: Entry:0:1:1:3:2, base init complete
2023-04-24 16:49:06,560 - INFO: change Label:0:1:1:3:2.value, None, 0
2023-04-24 16:49:06,565 - INFO: Entry:0:1:1:3:2, end init
2023-04-24 16:49:06,568 - INFO: create Label:0:1:1:3:3, None, real:22d22e51-abca-11d4-8f1a-0060b0ee18e8
2023-04-24 16:49:06,573 - INFO: Entry:0:1:1:3:3, base init complete
2023-04-24 16:49:06,576 - INFO: change Label:0:1:1:3:3.value, None, 0
2023-04-24 16:49:06,578 - INFO: Entry:0:1:1:3:3, end init
2023-04-24 16:49:06,583 - INFO: 0:1:1:3:1 don't have attr 5b896aff-3adf-11d4-b9b7-0060b0ee281b
2023-04-24 16:49:06,597 - INFO: 0:1:1:1 don't have attr 5b896aff-3adf-11d4-b9b7-0060b0ee281b
2023-04-24 16:49:06,612 - INFO: create Label:0:1:2, None, real:22d22e51-abca-11d4-8f1a-0060b0ee18e8
2023-04-24 16:49:06,618 - INFO: Entry:0:1:2, base init complete
2023-04-24 16:49:06,621 - INFO: change Label:0:1:2.value, None, 0
2023-04-24 16:49:06,630 - INFO: Entry:0:1:2, end init
2023-04-24 16:49:06,632 - INFO: create Label:0:1:3, None, real:22d22e51-abca-11d4-8f1a-0060b0ee18e8
2023-04-24 16:49:06,635 - INFO: Entry:0:1:3, base init complete
2023-04-24 16:49:06,638 - INFO: change Label:0:1:3.value, None, 0
2023-04-24 16:49:06,648 - INFO: Entry:0:1:3, end init
2023-04-24 16:49:06,651 - INFO: create Label:0:1:4, None, real:22d22e51-abca-11d4-8f1a-0060b0ee18e8
2023-04-24 16:49:06,655 - INFO: Entry:0:1:4, base init complete
2023-04-24 16:49:06,663 - INFO: change Label:0:1:4.value, None, 0
2023-04-24 16:49:06,666 - INFO: Entry:0:1:4, end init
2023-04-24 16:49:06,676 - INFO: 0:1:1 don't have attr 5b896aff-3adf-11d4-b9b7-0060b0ee281b
2023-04-24 16:49:07,152 - INFO: 0:1 don't have attr 22d22e65-abca-11d4-8f1a-0060b0ee18e8
2023-04-24 16:49:07,159 - INFO: 0:1:1 don't have attr 22d22e65-abca-11d4-8f1a-0060b0ee18e8
2023-04-24 16:49:07,171 - INFO: 0:1:1:1 don't have attr 22d22e65-abca-11d4-8f1a-0060b0ee18e8
2023-04-24 16:49:07,178 - INFO: 0:1:1:2 don't have attr 22d22e65-abca-11d4-8f1a-0060b0ee18e8
2023-04-24 16:49:07,182 - INFO: 0:1:1:2:1 don't have attr 22d22e65-abca-11d4-8f1a-0060b0ee18e8
2023-04-24 16:49:07,187 - INFO: 0:1:1:2:2 don't have attr 22d22e65-abca-11d4-8f1a-0060b0ee18e8
2023-04-24 16:49:07,193 - INFO: 0:1:1:2:3 don't have attr 22d22e65-abca-11d4-8f1a-0060b0ee18e8
2023-04-24 16:49:07,197 - INFO: 0:1:1:3 don't have attr 22d22e65-abca-11d4-8f1a-0060b0ee18e8
2023-04-24 16:49:07,202 - INFO: 0:1:1:3:1 don't have attr 22d22e65-abca-11d4-8f1a-0060b0ee18e8
2023-04-24 16:49:07,208 - INFO: 0:1:1:3:2 don't have attr 22d22e65-abca-11d4-8f1a-0060b0ee18e8
2023-04-24 16:49:07,213 - INFO: 0:1:1:3:3 don't have attr 22d22e65-abca-11d4-8f1a-0060b0ee18e8
2023-04-24 16:49:07,218 - INFO: 0:1:2 don't have attr 22d22e65-abca-11d4-8f1a-0060b0ee18e8
2023-04-24 16:49:07,223 - INFO: 0:1:3 don't have attr 22d22e65-abca-11d4-8f1a-0060b0ee18e8
2023-04-24 16:49:07,229 - INFO: 0:1:4 don't have attr 22d22e65-abca-11d4-8f1a-0060b0ee18e8
2023-04-24 16:49:07,231 - INFO: --------------- end ------------
2023-04-24 16:54:48,890 - INFO: --------------- Start ------------
2023-04-24 16:54:48,893 - INFO: create Label:0:1, None, Box:22d22e50-abca-11d4-8f1a-0060b0ee18e8
2023-04-24 16:55:33,250 - INFO: --------------- Start ------------
2023-04-24 16:55:33,254 - INFO: create Label:0:1, None, Box:22d22e50-abca-11d4-8f1a-0060b0ee18e8
2023-04-24 16:55:33,257 - INFO: Entry:0:1, base init complete
2023-04-24 16:55:33,262 - INFO: create Label:0:1:1, None, Transform:22d22e53-abca-11d4-8f1a-0060b0ee18e8
2023-04-24 16:55:33,265 - INFO: Entry:0:1:1, base init complete
2023-04-24 16:55:33,275 - INFO: create Label:0:1:1:1, None, real:22d22e51-abca-11d4-8f1a-0060b0ee18e8
2023-04-24 16:55:33,278 - INFO: Entry:0:1:1:1, base init complete
2023-04-24 16:55:33,281 - INFO: change Label:0:1:1:1.value, None, 0
2023-04-24 16:55:33,284 - INFO: Entry:0:1:1:1, end init
2023-04-24 16:55:33,288 - INFO: create Label:0:1:1:2, None, Point:22d22e52-abca-11d4-8f1a-0060b0ee18e8
2023-04-24 16:55:33,296 - INFO: Entry:0:1:1:2, base init complete
2023-04-24 16:55:33,301 - INFO: create Label:0:1:1:2:1, None, real:22d22e51-abca-11d4-8f1a-0060b0ee18e8
2023-04-24 16:55:33,304 - INFO: Entry:0:1:1:2:1, base init complete
2023-04-24 16:55:33,308 - INFO: change Label:0:1:1:2:1.value, None, 0
2023-04-24 16:55:33,310 - INFO: Entry:0:1:1:2:1, end init
2023-04-24 16:55:33,312 - INFO: create Label:0:1:1:2:2, None, real:22d22e51-abca-11d4-8f1a-0060b0ee18e8
2023-04-24 16:55:33,317 - INFO: Entry:0:1:1:2:2, base init complete
2023-04-24 16:55:33,319 - INFO: change Label:0:1:1:2:2.value, None, 0
2023-04-24 16:55:33,322 - INFO: Entry:0:1:1:2:2, end init
2023-04-24 16:55:33,325 - INFO: create Label:0:1:1:2:3, None, real:22d22e51-abca-11d4-8f1a-0060b0ee18e8
2023-04-24 16:55:33,329 - INFO: Entry:0:1:1:2:3, base init complete
2023-04-24 16:55:33,334 - INFO: change Label:0:1:1:2:3.value, None, 0
2023-04-24 16:55:33,336 - INFO: Entry:0:1:1:2:3, end init
2023-04-24 16:55:33,353 - INFO: create Label:0:1:1:3, None, Point:22d22e52-abca-11d4-8f1a-0060b0ee18e8
2023-04-24 16:55:33,357 - INFO: Entry:0:1:1:3, base init complete
2023-04-24 16:55:33,363 - INFO: create Label:0:1:1:3:1, None, real:22d22e51-abca-11d4-8f1a-0060b0ee18e8
2023-04-24 16:55:33,368 - INFO: Entry:0:1:1:3:1, base init complete
2023-04-24 16:55:33,371 - INFO: change Label:0:1:1:3:1.value, None, 0
2023-04-24 16:55:33,373 - INFO: Entry:0:1:1:3:1, end init
2023-04-24 16:55:33,376 - INFO: create Label:0:1:1:3:2, None, real:22d22e51-abca-11d4-8f1a-0060b0ee18e8
2023-04-24 16:55:33,381 - INFO: Entry:0:1:1:3:2, base init complete
2023-04-24 16:55:33,385 - INFO: change Label:0:1:1:3:2.value, None, 0
2023-04-24 16:55:33,387 - INFO: Entry:0:1:1:3:2, end init
2023-04-24 16:55:33,389 - INFO: create Label:0:1:1:3:3, None, real:22d22e51-abca-11d4-8f1a-0060b0ee18e8
2023-04-24 16:55:33,394 - INFO: Entry:0:1:1:3:3, base init complete
2023-04-24 16:55:33,396 - INFO: change Label:0:1:1:3:3.value, None, 0
2023-04-24 16:55:33,401 - INFO: Entry:0:1:1:3:3, end init
2023-04-24 16:55:33,419 - INFO: create Label:0:1:2, None, real:22d22e51-abca-11d4-8f1a-0060b0ee18e8
2023-04-24 16:55:33,422 - INFO: Entry:0:1:2, base init complete
2023-04-24 16:55:33,425 - INFO: change Label:0:1:2.value, None, 0
2023-04-24 16:55:33,427 - INFO: Entry:0:1:2, end init
2023-04-24 16:55:33,432 - INFO: create Label:0:1:3, None, real:22d22e51-abca-11d4-8f1a-0060b0ee18e8
2023-04-24 16:55:33,435 - INFO: Entry:0:1:3, base init complete
2023-04-24 16:55:33,437 - INFO: change Label:0:1:3.value, None, 0
2023-04-24 16:55:33,440 - INFO: Entry:0:1:3, end init
2023-04-24 16:55:33,443 - INFO: create Label:0:1:4, None, real:22d22e51-abca-11d4-8f1a-0060b0ee18e8
2023-04-24 16:55:33,446 - INFO: Entry:0:1:4, base init complete
2023-04-24 16:55:33,450 - INFO: change Label:0:1:4.value, None, 0
2023-04-24 16:55:33,453 - INFO: Entry:0:1:4, end init
2023-04-24 16:55:33,923 - INFO: --------------- end ------------
2023-04-24 17:06:21,198 - INFO: --------------- Start ------------
2023-04-24 17:06:21,201 - INFO: create Label:0:1, None, Box:22d22e50-abca-11d4-8f1a-0060b0ee18e8
2023-04-24 17:09:29,537 - INFO: --------------- Start ------------
2023-04-24 17:09:29,541 - INFO: create Label:0:1, None, Box:22d22e50-abca-11d4-8f1a-0060b0ee18e8
2023-04-24 17:09:29,645 - INFO: Entry:0:1, base init complete
2023-04-24 17:09:29,649 - INFO: create Label:0:1:1, None, Transform:22d22e53-abca-11d4-8f1a-0060b0ee18e8
2023-04-24 17:09:29,656 - INFO: Entry:0:1:1, base init complete
2023-04-24 17:09:29,663 - INFO: create Label:0:1:1:1, None, real:22d22e51-abca-11d4-8f1a-0060b0ee18e8
2023-04-24 17:09:29,667 - INFO: Entry:0:1:1:1, base init complete
2023-04-24 17:09:29,673 - INFO: change Label:0:1:1:1.value, None, 0
2023-04-24 17:09:29,675 - INFO: Entry:0:1:1:1, end init
2023-04-24 17:09:29,679 - INFO: create Label:0:1:1:2, None, Point:22d22e52-abca-11d4-8f1a-0060b0ee18e8
2023-04-24 17:09:29,683 - INFO: Entry:0:1:1:2, base init complete
2023-04-24 17:09:29,693 - INFO: create Label:0:1:1:2:1, None, real:22d22e51-abca-11d4-8f1a-0060b0ee18e8
2023-04-24 17:09:29,696 - INFO: Entry:0:1:1:2:1, base init complete
2023-04-24 17:09:29,698 - INFO: change Label:0:1:1:2:1.value, None, 0
2023-04-24 17:09:29,704 - INFO: Entry:0:1:1:2:1, end init
2023-04-24 17:09:29,707 - INFO: create Label:0:1:1:2:2, None, real:22d22e51-abca-11d4-8f1a-0060b0ee18e8
2023-04-24 17:09:29,711 - INFO: Entry:0:1:1:2:2, base init complete
2023-04-24 17:09:29,713 - INFO: change Label:0:1:1:2:2.value, None, 0
2023-04-24 17:09:29,715 - INFO: Entry:0:1:1:2:2, end init
2023-04-24 17:09:29,719 - INFO: create Label:0:1:1:2:3, None, real:22d22e51-abca-11d4-8f1a-0060b0ee18e8
2023-04-24 17:09:29,726 - INFO: Entry:0:1:1:2:3, base init complete
2023-04-24 17:09:29,728 - INFO: change Label:0:1:1:2:3.value, None, 0
2023-04-24 17:09:29,730 - INFO: Entry:0:1:1:2:3, end init
2023-04-24 17:09:29,763 - INFO: create Label:0:1:1:3, None, Point:22d22e52-abca-11d4-8f1a-0060b0ee18e8
2023-04-24 17:09:29,766 - INFO: Entry:0:1:1:3, base init complete
2023-04-24 17:09:29,777 - INFO: create Label:0:1:1:3:1, None, real:22d22e51-abca-11d4-8f1a-0060b0ee18e8
2023-04-24 17:09:29,781 - INFO: Entry:0:1:1:3:1, base init complete
2023-04-24 17:09:29,783 - INFO: change Label:0:1:1:3:1.value, None, 0
2023-04-24 17:09:29,792 - INFO: Entry:0:1:1:3:1, end init
2023-04-24 17:09:29,794 - INFO: create Label:0:1:1:3:2, None, real:22d22e51-abca-11d4-8f1a-0060b0ee18e8
2023-04-24 17:09:29,797 - INFO: Entry:0:1:1:3:2, base init complete
2023-04-24 17:09:29,801 - INFO: change Label:0:1:1:3:2.value, None, 0
2023-04-24 17:09:29,807 - INFO: Entry:0:1:1:3:2, end init
2023-04-24 17:09:29,809 - INFO: create Label:0:1:1:3:3, None, real:22d22e51-abca-11d4-8f1a-0060b0ee18e8
2023-04-24 17:09:29,813 - INFO: Entry:0:1:1:3:3, base init complete
2023-04-24 17:09:29,815 - INFO: change Label:0:1:1:3:3.value, None, 0
2023-04-24 17:09:29,818 - INFO: Entry:0:1:1:3:3, end init
2023-04-24 17:09:29,830 - INFO: create Label:0:1:2, None, real:22d22e51-abca-11d4-8f1a-0060b0ee18e8
2023-04-24 17:09:29,835 - INFO: Entry:0:1:2, base init complete
2023-04-24 17:09:29,840 - INFO: change Label:0:1:2.value, None, 0
2023-04-24 17:09:29,842 - INFO: Entry:0:1:2, end init
2023-04-24 17:09:29,845 - INFO: create Label:0:1:3, None, real:22d22e51-abca-11d4-8f1a-0060b0ee18e8
2023-04-24 17:09:29,848 - INFO: Entry:0:1:3, base init complete
2023-04-24 17:09:29,852 - INFO: change Label:0:1:3.value, None, 0
2023-04-24 17:09:29,856 - INFO: Entry:0:1:3, end init
2023-04-24 17:09:29,858 - INFO: create Label:0:1:4, None, real:22d22e51-abca-11d4-8f1a-0060b0ee18e8
2023-04-24 17:09:29,862 - INFO: Entry:0:1:4, base init complete
2023-04-24 17:09:29,864 - INFO: change Label:0:1:4.value, None, 0
2023-04-24 17:09:29,866 - INFO: Entry:0:1:4, end init
2023-04-24 17:11:21,424 - INFO: --------------- Start ------------
2023-04-24 17:11:21,428 - INFO: create Label:0:1, None, Box:22d22e50-abca-11d4-8f1a-0060b0ee18e8
2023-04-24 17:11:21,432 - INFO: Entry:0:1, base init complete
2023-04-24 17:11:21,437 - INFO: create Label:0:1:1, None, Transform:22d22e53-abca-11d4-8f1a-0060b0ee18e8
2023-04-24 17:11:21,442 - INFO: Entry:0:1:1, base init complete
2023-04-24 17:11:21,448 - INFO: create Label:0:1:1:1, None, real:22d22e51-abca-11d4-8f1a-0060b0ee18e8
2023-04-24 17:11:21,451 - INFO: Entry:0:1:1:1, base init complete
2023-04-24 17:11:21,453 - INFO: change Label:0:1:1:1.value, None, 0
2023-04-24 17:11:21,457 - INFO: Entry:0:1:1:1, end init
2023-04-24 17:11:21,463 - INFO: create Label:0:1:1:2, None, Point:22d22e52-abca-11d4-8f1a-0060b0ee18e8
2023-04-24 17:11:21,468 - INFO: Entry:0:1:1:2, base init complete
2023-04-24 17:11:21,472 - INFO: create Label:0:1:1:2:1, None, real:22d22e51-abca-11d4-8f1a-0060b0ee18e8
2023-04-24 17:11:21,476 - INFO: Entry:0:1:1:2:1, base init complete
2023-04-24 17:11:21,481 - INFO: change Label:0:1:1:2:1.value, None, 0
2023-04-24 17:11:21,485 - INFO: Entry:0:1:1:2:1, end init
2023-04-24 17:11:21,487 - INFO: create Label:0:1:1:2:2, None, real:22d22e51-abca-11d4-8f1a-0060b0ee18e8
2023-04-24 17:11:21,490 - INFO: Entry:0:1:1:2:2, base init complete
2023-04-24 17:11:21,493 - INFO: change Label:0:1:1:2:2.value, None, 0
2023-04-24 17:11:21,498 - INFO: Entry:0:1:1:2:2, end init
2023-04-24 17:11:21,501 - INFO: create Label:0:1:1:2:3, None, real:22d22e51-abca-11d4-8f1a-0060b0ee18e8
2023-04-24 17:11:21,504 - INFO: Entry:0:1:1:2:3, base init complete
2023-04-24 17:11:21,506 - INFO: change Label:0:1:1:2:3.value, None, 0
2023-04-24 17:11:21,508 - INFO: Entry:0:1:1:2:3, end init
2023-04-24 17:11:21,521 - INFO: create Label:0:1:1:3, None, Point:22d22e52-abca-11d4-8f1a-0060b0ee18e8
2023-04-24 17:11:21,524 - INFO: Entry:0:1:1:3, base init complete
2023-04-24 17:11:21,535 - INFO: create Label:0:1:1:3:1, None, real:22d22e51-abca-11d4-8f1a-0060b0ee18e8
2023-04-24 17:11:21,538 - INFO: Entry:0:1:1:3:1, base init complete
2023-04-24 17:11:21,540 - INFO: change Label:0:1:1:3:1.value, None, 0
2023-04-24 17:11:21,543 - INFO: Entry:0:1:1:3:1, end init
2023-04-24 17:11:21,546 - INFO: create Label:0:1:1:3:2, None, real:22d22e51-abca-11d4-8f1a-0060b0ee18e8
2023-04-24 17:11:21,551 - INFO: Entry:0:1:1:3:2, base init complete
2023-04-24 17:11:21,556 - INFO: change Label:0:1:1:3:2.value, None, 0
2023-04-24 17:11:21,561 - INFO: Entry:0:1:1:3:2, end init
2023-04-24 17:11:21,563 - INFO: create Label:0:1:1:3:3, None, real:22d22e51-abca-11d4-8f1a-0060b0ee18e8
2023-04-24 17:11:21,568 - INFO: Entry:0:1:1:3:3, base init complete
2023-04-24 17:11:21,571 - INFO: change Label:0:1:1:3:3.value, None, 0
2023-04-24 17:11:21,577 - INFO: Entry:0:1:1:3:3, end init
2023-04-24 17:11:21,596 - INFO: create Label:0:1:2, None, real:22d22e51-abca-11d4-8f1a-0060b0ee18e8
2023-04-24 17:11:21,602 - INFO: Entry:0:1:2, base init complete
2023-04-24 17:11:21,604 - INFO: change Label:0:1:2.value, None, 0
2023-04-24 17:11:21,607 - INFO: Entry:0:1:2, end init
2023-04-24 17:11:21,613 - INFO: create Label:0:1:3, None, real:22d22e51-abca-11d4-8f1a-0060b0ee18e8
2023-04-24 17:11:21,618 - INFO: Entry:0:1:3, base init complete
2023-04-24 17:11:21,621 - INFO: change Label:0:1:3.value, None, 0
2023-04-24 17:11:21,624 - INFO: Entry:0:1:3, end init
2023-04-24 17:11:21,629 - INFO: create Label:0:1:4, None, real:22d22e51-abca-11d4-8f1a-0060b0ee18e8
2023-04-24 17:11:21,634 - INFO: Entry:0:1:4, base init complete
2023-04-24 17:11:21,636 - INFO: change Label:0:1:4.value, None, 0
2023-04-24 17:11:21,643 - INFO: Entry:0:1:4, end init
2023-04-24 17:11:22,088 - INFO: --------------- end ------------
2023-04-24 20:02:53,137 - INFO: --------------- Start ------------
2023-04-24 20:02:53,265 - INFO: create Label:0:1, None, Box:22d22e50-abca-11d4-8f1a-0060b0ee18e8
2023-04-24 20:02:53,281 - INFO: Entry:0:1, base init complete
2023-04-24 20:02:53,307 - INFO: create Label:0:1:1, None, Transform:22d22e53-abca-11d4-8f1a-0060b0ee18e8
2023-04-24 20:02:53,316 - INFO: Entry:0:1:1, base init complete
2023-04-24 20:02:53,327 - INFO: create Label:0:1:1:1, None, real:22d22e51-abca-11d4-8f1a-0060b0ee18e8
2023-04-24 20:02:53,330 - INFO: Entry:0:1:1:1, base init complete
2023-04-24 20:02:53,332 - INFO: change Label:0:1:1:1.value, None, 0
2023-04-24 20:02:53,352 - INFO: Entry:0:1:1:1, end init
2023-04-24 20:02:53,363 - INFO: create Label:0:1:1:2, None, Point:22d22e52-abca-11d4-8f1a-0060b0ee18e8
2023-04-24 20:02:53,366 - INFO: Entry:0:1:1:2, base init complete
2023-04-24 20:02:53,370 - INFO: create Label:0:1:1:2:1, None, real:22d22e51-abca-11d4-8f1a-0060b0ee18e8
2023-04-24 20:02:53,372 - INFO: Entry:0:1:1:2:1, base init complete
2023-04-24 20:02:53,376 - INFO: change Label:0:1:1:2:1.value, None, 0
2023-04-24 20:02:53,380 - INFO: Entry:0:1:1:2:1, end init
2023-04-24 20:02:53,384 - INFO: create Label:0:1:1:2:2, None, real:22d22e51-abca-11d4-8f1a-0060b0ee18e8
2023-04-24 20:02:53,386 - INFO: Entry:0:1:1:2:2, base init complete
2023-04-24 20:02:53,389 - INFO: change Label:0:1:1:2:2.value, None, 0
2023-04-24 20:02:53,397 - INFO: Entry:0:1:1:2:2, end init
2023-04-24 20:02:53,401 - INFO: create Label:0:1:1:2:3, None, real:22d22e51-abca-11d4-8f1a-0060b0ee18e8
2023-04-24 20:02:53,404 - INFO: Entry:0:1:1:2:3, base init complete
2023-04-24 20:02:53,407 - INFO: change Label:0:1:1:2:3.value, None, 0
2023-04-24 20:02:53,410 - INFO: Entry:0:1:1:2:3, end init
2023-04-24 20:02:53,428 - INFO: create Label:0:1:1:3, None, Point:22d22e52-abca-11d4-8f1a-0060b0ee18e8
2023-04-24 20:02:53,433 - INFO: Entry:0:1:1:3, base init complete
2023-04-24 20:02:53,440 - INFO: create Label:0:1:1:3:1, None, real:22d22e51-abca-11d4-8f1a-0060b0ee18e8
2023-04-24 20:02:53,446 - INFO: Entry:0:1:1:3:1, base init complete
2023-04-24 20:02:53,452 - INFO: change Label:0:1:1:3:1.value, None, 0
2023-04-24 20:02:53,456 - INFO: Entry:0:1:1:3:1, end init
2023-04-24 20:02:53,460 - INFO: create Label:0:1:1:3:2, None, real:22d22e51-abca-11d4-8f1a-0060b0ee18e8
2023-04-24 20:02:53,462 - INFO: Entry:0:1:1:3:2, base init complete
2023-04-24 20:02:53,463 - INFO: change Label:0:1:1:3:2.value, None, 0
2023-04-24 20:02:53,465 - INFO: Entry:0:1:1:3:2, end init
2023-04-24 20:02:53,467 - INFO: create Label:0:1:1:3:3, None, real:22d22e51-abca-11d4-8f1a-0060b0ee18e8
2023-04-24 20:02:53,470 - INFO: Entry:0:1:1:3:3, base init complete
2023-04-24 20:02:53,475 - INFO: change Label:0:1:1:3:3.value, None, 0
2023-04-24 20:02:53,479 - INFO: Entry:0:1:1:3:3, end init
2023-04-24 20:02:53,490 - INFO: create Label:0:1:2, None, real:22d22e51-abca-11d4-8f1a-0060b0ee18e8
2023-04-24 20:02:53,493 - INFO: Entry:0:1:2, base init complete
2023-04-24 20:02:53,497 - INFO: change Label:0:1:2.value, None, 0
2023-04-24 20:02:53,500 - INFO: Entry:0:1:2, end init
2023-04-24 20:02:53,502 - INFO: create Label:0:1:3, None, real:22d22e51-abca-11d4-8f1a-0060b0ee18e8
2023-04-24 20:02:53,505 - INFO: Entry:0:1:3, base init complete
2023-04-24 20:02:53,515 - INFO: change Label:0:1:3.value, None, 0
2023-04-24 20:02:53,522 - INFO: Entry:0:1:3, end init
2023-04-24 20:02:53,526 - INFO: create Label:0:1:4, None, real:22d22e51-abca-11d4-8f1a-0060b0ee18e8
2023-04-24 20:02:53,529 - INFO: Entry:0:1:4, base init complete
2023-04-24 20:02:53,532 - INFO: change Label:0:1:4.value, None, 0
2023-04-24 20:02:53,535 - INFO: Entry:0:1:4, end init
2023-04-24 20:02:57,153 - INFO: --------------- end ------------
2023-04-24 20:03:42,758 - INFO: --------------- Start ------------
2023-04-24 20:03:42,775 - INFO: create Label:0:1, None, Box:22d22e50-abca-11d4-8f1a-0060b0ee18e8
2023-04-24 20:03:42,804 - INFO: Entry:0:1, base init complete
2023-04-24 20:03:42,816 - INFO: create Label:0:1:1, None, Transform:22d22e53-abca-11d4-8f1a-0060b0ee18e8
2023-04-24 20:03:42,821 - INFO: Entry:0:1:1, base init complete
2023-04-24 20:03:42,871 - INFO: create Label:0:1:1:1, None, real:22d22e51-abca-11d4-8f1a-0060b0ee18e8
2023-04-24 20:03:42,875 - INFO: Entry:0:1:1:1, base init complete
2023-04-24 20:03:42,881 - INFO: change Label:0:1:1:1.value, None, 0
2023-04-24 20:03:42,887 - INFO: Entry:0:1:1:1, end init
2023-04-24 20:03:42,900 - INFO: create Label:0:1:1:2, None, Point:22d22e52-abca-11d4-8f1a-0060b0ee18e8
2023-04-24 20:03:42,908 - INFO: Entry:0:1:1:2, base init complete
2023-04-24 20:03:42,918 - INFO: create Label:0:1:1:2:1, None, real:22d22e51-abca-11d4-8f1a-0060b0ee18e8
2023-04-24 20:03:42,926 - INFO: Entry:0:1:1:2:1, base init complete
2023-04-24 20:03:42,934 - INFO: change Label:0:1:1:2:1.value, None, 0
2023-04-24 20:03:42,944 - INFO: Entry:0:1:1:2:1, end init
2023-04-24 20:03:42,955 - INFO: create Label:0:1:1:2:2, None, real:22d22e51-abca-11d4-8f1a-0060b0ee18e8
2023-04-24 20:03:42,979 - INFO: Entry:0:1:1:2:2, base init complete
2023-04-24 20:03:42,986 - INFO: change Label:0:1:1:2:2.value, None, 0
2023-04-24 20:03:43,016 - INFO: Entry:0:1:1:2:2, end init
2023-04-24 20:03:43,021 - INFO: create Label:0:1:1:2:3, None, real:22d22e51-abca-11d4-8f1a-0060b0ee18e8
2023-04-24 20:03:43,024 - INFO: Entry:0:1:1:2:3, base init complete
2023-04-24 20:03:43,028 - INFO: change Label:0:1:1:2:3.value, None, 0
2023-04-24 20:03:43,033 - INFO: Entry:0:1:1:2:3, end init
2023-04-24 20:03:43,043 - INFO: create Label:0:1:1:3, None, Point:22d22e52-abca-11d4-8f1a-0060b0ee18e8
2023-04-24 20:03:43,055 - INFO: Entry:0:1:1:3, base init complete
2023-04-24 20:03:43,063 - INFO: create Label:0:1:1:3:1, None, real:22d22e51-abca-11d4-8f1a-0060b0ee18e8
2023-04-24 20:03:43,072 - INFO: Entry:0:1:1:3:1, base init complete
2023-04-24 20:03:43,084 - INFO: change Label:0:1:1:3:1.value, None, 0
2023-04-24 20:03:43,092 - INFO: Entry:0:1:1:3:1, end init
2023-04-24 20:03:43,097 - INFO: create Label:0:1:1:3:2, None, real:22d22e51-abca-11d4-8f1a-0060b0ee18e8
2023-04-24 20:03:43,099 - INFO: Entry:0:1:1:3:2, base init complete
2023-04-24 20:03:43,103 - INFO: change Label:0:1:1:3:2.value, None, 0
2023-04-24 20:03:43,106 - INFO: Entry:0:1:1:3:2, end init
2023-04-24 20:03:43,114 - INFO: create Label:0:1:1:3:3, None, real:22d22e51-abca-11d4-8f1a-0060b0ee18e8
2023-04-24 20:03:43,120 - INFO: Entry:0:1:1:3:3, base init complete
2023-04-24 20:03:43,123 - INFO: change Label:0:1:1:3:3.value, None, 0
2023-04-24 20:03:43,127 - INFO: Entry:0:1:1:3:3, end init
2023-04-24 20:03:43,136 - INFO: create Label:0:1:2, None, real:22d22e51-abca-11d4-8f1a-0060b0ee18e8
2023-04-24 20:03:43,138 - INFO: Entry:0:1:2, base init complete
2023-04-24 20:03:43,140 - INFO: change Label:0:1:2.value, None, 0
2023-04-24 20:03:43,145 - INFO: Entry:0:1:2, end init
2023-04-24 20:03:43,150 - INFO: create Label:0:1:3, None, real:22d22e51-abca-11d4-8f1a-0060b0ee18e8
2023-04-24 20:03:43,153 - INFO: Entry:0:1:3, base init complete
2023-04-24 20:03:43,156 - INFO: change Label:0:1:3.value, None, 0
2023-04-24 20:03:43,163 - INFO: Entry:0:1:3, end init
2023-04-24 20:03:43,171 - INFO: create Label:0:1:4, None, real:22d22e51-abca-11d4-8f1a-0060b0ee18e8
2023-04-24 20:03:43,176 - INFO: Entry:0:1:4, base init complete
2023-04-24 20:03:43,180 - INFO: change Label:0:1:4.value, None, 0
2023-04-24 20:03:43,184 - INFO: Entry:0:1:4, end init
2023-04-24 20:03:44,258 - INFO: --------------- end ------------
2023-04-24 20:04:02,697 - INFO: --------------- Start ------------
2023-04-24 20:04:02,706 - INFO: create Label:0:1, None, Box:22d22e50-abca-11d4-8f1a-0060b0ee18e8
2023-04-24 20:04:02,729 - INFO: Entry:0:1, base init complete
2023-04-24 20:04:02,747 - INFO: create Label:0:1:1, None, Transform:22d22e53-abca-11d4-8f1a-0060b0ee18e8
2023-04-24 20:04:02,759 - INFO: Entry:0:1:1, base init complete
2023-04-24 20:04:02,819 - INFO: create Label:0:1:1:1, None, real:22d22e51-abca-11d4-8f1a-0060b0ee18e8
2023-04-24 20:04:02,828 - INFO: Entry:0:1:1:1, base init complete
2023-04-24 20:04:02,847 - INFO: change Label:0:1:1:1.value, None, 0
2023-04-24 20:04:02,852 - INFO: Entry:0:1:1:1, end init
2023-04-24 20:04:02,864 - INFO: create Label:0:1:1:2, None, Point:22d22e52-abca-11d4-8f1a-0060b0ee18e8
2023-04-24 20:04:02,868 - INFO: Entry:0:1:1:2, base init complete
2023-04-24 20:04:02,893 - INFO: create Label:0:1:1:2:1, None, real:22d22e51-abca-11d4-8f1a-0060b0ee18e8
2023-04-24 20:04:02,898 - INFO: Entry:0:1:1:2:1, base init complete
2023-04-24 20:04:02,904 - INFO: change Label:0:1:1:2:1.value, None, 0
2023-04-24 20:04:02,908 - INFO: Entry:0:1:1:2:1, end init
2023-04-24 20:04:02,933 - INFO: create Label:0:1:1:2:2, None, real:22d22e51-abca-11d4-8f1a-0060b0ee18e8
2023-04-24 20:04:02,941 - INFO: Entry:0:1:1:2:2, base init complete
2023-04-24 20:04:02,946 - INFO: change Label:0:1:1:2:2.value, None, 0
2023-04-24 20:04:02,960 - INFO: Entry:0:1:1:2:2, end init
2023-04-24 20:04:02,975 - INFO: create Label:0:1:1:2:3, None, real:22d22e51-abca-11d4-8f1a-0060b0ee18e8
2023-04-24 20:04:02,981 - INFO: Entry:0:1:1:2:3, base init complete
2023-04-24 20:04:02,986 - INFO: change Label:0:1:1:2:3.value, None, 0
2023-04-24 20:04:02,992 - INFO: Entry:0:1:1:2:3, end init
2023-04-24 20:04:03,015 - INFO: create Label:0:1:1:3, None, Point:22d22e52-abca-11d4-8f1a-0060b0ee18e8
2023-04-24 20:04:03,018 - INFO: Entry:0:1:1:3, base init complete
2023-04-24 20:04:03,027 - INFO: create Label:0:1:1:3:1, None, real:22d22e51-abca-11d4-8f1a-0060b0ee18e8
2023-04-24 20:04:03,039 - INFO: Entry:0:1:1:3:1, base init complete
2023-04-24 20:04:03,047 - INFO: change Label:0:1:1:3:1.value, None, 0
2023-04-24 20:04:03,052 - INFO: Entry:0:1:1:3:1, end init
2023-04-24 20:04:03,056 - INFO: create Label:0:1:1:3:2, None, real:22d22e51-abca-11d4-8f1a-0060b0ee18e8
2023-04-24 20:04:03,060 - INFO: Entry:0:1:1:3:2, base init complete
2023-04-24 20:04:03,065 - INFO: change Label:0:1:1:3:2.value, None, 0
2023-04-24 20:04:03,067 - INFO: Entry:0:1:1:3:2, end init
2023-04-24 20:04:03,069 - INFO: create Label:0:1:1:3:3, None, real:22d22e51-abca-11d4-8f1a-0060b0ee18e8
2023-04-24 20:04:03,075 - INFO: Entry:0:1:1:3:3, base init complete
2023-04-24 20:04:03,082 - INFO: change Label:0:1:1:3:3.value, None, 0
2023-04-24 20:04:03,087 - INFO: Entry:0:1:1:3:3, end init
2023-04-24 20:04:03,096 - INFO: create Label:0:1:2, None, real:22d22e51-abca-11d4-8f1a-0060b0ee18e8
2023-04-24 20:04:03,098 - INFO: Entry:0:1:2, base init complete
2023-04-24 20:04:03,100 - INFO: change Label:0:1:2.value, None, 0
2023-04-24 20:04:03,102 - INFO: Entry:0:1:2, end init
2023-04-24 20:04:03,104 - INFO: create Label:0:1:3, None, real:22d22e51-abca-11d4-8f1a-0060b0ee18e8
2023-04-24 20:04:03,106 - INFO: Entry:0:1:3, base init complete
2023-04-24 20:04:03,121 - INFO: change Label:0:1:3.value, None, 0
2023-04-24 20:04:03,131 - INFO: Entry:0:1:3, end init
2023-04-24 20:04:03,136 - INFO: create Label:0:1:4, None, real:22d22e51-abca-11d4-8f1a-0060b0ee18e8
2023-04-24 20:04:03,139 - INFO: Entry:0:1:4, base init complete
2023-04-24 20:04:03,142 - INFO: change Label:0:1:4.value, None, 0
2023-04-24 20:04:03,147 - INFO: Entry:0:1:4, end init
2023-04-24 20:04:03,861 - INFO: --------------- end ------------
2023-04-24 20:05:07,451 - INFO: --------------- Start ------------
2023-04-24 20:05:07,471 - INFO: create Label:0:1, None, Box:22d22e50-abca-11d4-8f1a-0060b0ee18e8
2023-04-24 20:05:07,485 - INFO: Entry:0:1, base init complete
2023-04-24 20:05:07,505 - INFO: create Label:0:1:1, None, Transform:22d22e53-abca-11d4-8f1a-0060b0ee18e8
2023-04-24 20:05:07,522 - INFO: Entry:0:1:1, base init complete
2023-04-24 20:05:07,539 - INFO: create Label:0:1:1:1, None, real:22d22e51-abca-11d4-8f1a-0060b0ee18e8
2023-04-24 20:05:07,560 - INFO: Entry:0:1:1:1, base init complete
2023-04-24 20:05:07,576 - INFO: change Label:0:1:1:1.value, None, 0
2023-04-24 20:05:07,585 - INFO: Entry:0:1:1:1, end init
2023-04-24 20:05:07,610 - INFO: create Label:0:1:1:2, None, Point:22d22e52-abca-11d4-8f1a-0060b0ee18e8
2023-04-24 20:05:07,614 - INFO: Entry:0:1:1:2, base init complete
2023-04-24 20:05:07,619 - INFO: create Label:0:1:1:2:1, None, real:22d22e51-abca-11d4-8f1a-0060b0ee18e8
2023-04-24 20:05:07,621 - INFO: Entry:0:1:1:2:1, base init complete
2023-04-24 20:05:07,626 - INFO: change Label:0:1:1:2:1.value, None, 0
2023-04-24 20:05:07,668 - INFO: Entry:0:1:1:2:1, end init
2023-04-24 20:05:07,691 - INFO: create Label:0:1:1:2:2, None, real:22d22e51-abca-11d4-8f1a-0060b0ee18e8
2023-04-24 20:05:07,732 - INFO: Entry:0:1:1:2:2, base init complete
2023-04-24 20:05:07,743 - INFO: change Label:0:1:1:2:2.value, None, 0
2023-04-24 20:05:07,746 - INFO: Entry:0:1:1:2:2, end init
2023-04-24 20:05:07,754 - INFO: create Label:0:1:1:2:3, None, real:22d22e51-abca-11d4-8f1a-0060b0ee18e8
2023-04-24 20:05:07,781 - INFO: Entry:0:1:1:2:3, base init complete
2023-04-24 20:05:07,789 - INFO: change Label:0:1:1:2:3.value, None, 0
2023-04-24 20:05:07,813 - INFO: Entry:0:1:1:2:3, end init
2023-04-24 20:05:07,936 - INFO: create Label:0:1:1:3, None, Point:22d22e52-abca-11d4-8f1a-0060b0ee18e8
2023-04-24 20:05:07,950 - INFO: Entry:0:1:1:3, base init complete
2023-04-24 20:05:07,958 - INFO: create Label:0:1:1:3:1, None, real:22d22e51-abca-11d4-8f1a-0060b0ee18e8
2023-04-24 20:05:07,974 - INFO: Entry:0:1:1:3:1, base init complete
2023-04-24 20:05:07,993 - INFO: change Label:0:1:1:3:1.value, None, 0
2023-04-24 20:05:07,999 - INFO: Entry:0:1:1:3:1, end init
2023-04-24 20:05:08,004 - INFO: create Label:0:1:1:3:2, None, real:22d22e51-abca-11d4-8f1a-0060b0ee18e8
2023-04-24 20:05:08,007 - INFO: Entry:0:1:1:3:2, base init complete
2023-04-24 20:05:08,012 - INFO: change Label:0:1:1:3:2.value, None, 0
2023-04-24 20:05:08,019 - INFO: Entry:0:1:1:3:2, end init
2023-04-24 20:05:08,021 - INFO: create Label:0:1:1:3:3, None, real:22d22e51-abca-11d4-8f1a-0060b0ee18e8
2023-04-24 20:05:08,026 - INFO: Entry:0:1:1:3:3, base init complete
2023-04-24 20:05:08,040 - INFO: change Label:0:1:1:3:3.value, None, 0
2023-04-24 20:05:08,048 - INFO: Entry:0:1:1:3:3, end init
2023-04-24 20:05:08,069 - INFO: create Label:0:1:2, None, real:22d22e51-abca-11d4-8f1a-0060b0ee18e8
2023-04-24 20:05:08,084 - INFO: Entry:0:1:2, base init complete
2023-04-24 20:05:08,091 - INFO: change Label:0:1:2.value, None, 0
2023-04-24 20:05:08,097 - INFO: Entry:0:1:2, end init
2023-04-24 20:05:08,103 - INFO: create Label:0:1:3, None, real:22d22e51-abca-11d4-8f1a-0060b0ee18e8
2023-04-24 20:05:08,117 - INFO: Entry:0:1:3, base init complete
2023-04-24 20:05:08,122 - INFO: change Label:0:1:3.value, None, 0
2023-04-24 20:05:08,125 - INFO: Entry:0:1:3, end init
2023-04-24 20:05:08,128 - INFO: create Label:0:1:4, None, real:22d22e51-abca-11d4-8f1a-0060b0ee18e8
2023-04-24 20:05:08,132 - INFO: Entry:0:1:4, base init complete
2023-04-24 20:05:08,138 - INFO: change Label:0:1:4.value, None, 0
2023-04-24 20:05:08,142 - INFO: Entry:0:1:4, end init
2023-04-24 20:05:08,985 - INFO: --------------- end ------------
