2023-08-09 19:34:55,259 - INFO: Application Start
2023-08-09 19:35:34,361 - INFO: change to opertor to viewer
2023-08-09 19:37:28,172 - INFO: change to opertor to line
2023-08-09 19:37:32,250 - INFO: New Data Label 2c63738d-f47a-5147-878c-3af8e2429312
2023-08-09 19:37:32,251 - INFO: New Document
2023-08-09 19:37:32,448 - INFO: New Document End
2023-08-09 19:37:32,450 - INFO: -- NewConmand --
2023-08-09 19:37:32,453 - INFO: -- Add New Shape --
2023-08-09 19:37:32,456 - INFO: Entry:0:1:1, init start
2023-08-09 19:37:32,458 - INFO: BaseInit 0:1:1 Seg2d
2023-08-09 19:37:32,489 - INFO: Entry:0:1:1:18, init start
2023-08-09 19:37:32,492 - INFO: BaseInit 0:1:1:18 pnt2d
2023-08-09 19:37:32,496 - INFO: Entry:0:1:1:18:18, init start
2023-08-09 19:37:32,501 - INFO: BaseInit 0:1:1:18:18 real
2023-08-09 19:37:32,504 - INFO: Init Label:0:1:1:18:18.value, None, -3.7264644351464424
2023-08-09 19:37:32,507 - INFO: Entry:0:1:1:18:18, init end
2023-08-09 19:37:32,509 - INFO: Entry:0:1:1:18:19, init start
2023-08-09 19:37:32,511 - INFO: BaseInit 0:1:1:18:19 real
2023-08-09 19:37:32,513 - INFO: Init Label:0:1:1:18:19.value, None, 3.4976464435146437
2023-08-09 19:37:32,515 - INFO: Entry:0:1:1:18:19, init end
2023-08-09 19:37:32,517 - INFO: Entry:0:1:1:18, init end
2023-08-09 19:37:32,519 - INFO: Entry:0:1:1:19, init start
2023-08-09 19:37:32,520 - INFO: BaseInit 0:1:1:19 pnt2d
2023-08-09 19:37:32,522 - INFO: Entry:0:1:1:19:18, init start
2023-08-09 19:37:32,523 - INFO: BaseInit 0:1:1:19:18 real
2023-08-09 19:37:32,525 - INFO: Init Label:0:1:1:19:18.value, None, 6.6030334728033475
2023-08-09 19:37:32,527 - INFO: Entry:0:1:1:19:18, init end
2023-08-09 19:37:32,530 - INFO: Entry:0:1:1:19:19, init start
2023-08-09 19:37:32,533 - INFO: BaseInit 0:1:1:19:19 real
2023-08-09 19:37:32,535 - INFO: Init Label:0:1:1:19:19.value, None, 2.1901150627615054
2023-08-09 19:37:32,538 - INFO: Entry:0:1:1:19:19, init end
2023-08-09 19:37:32,540 - INFO: Entry:0:1:1:19, init end
2023-08-09 19:37:32,597 - INFO: Entry:0:1:1, init end
2023-08-09 19:37:32,599 - INFO: -- commit command --
2023-08-09 19:37:32,640 - INFO: New Data Label 2c63738d-f47a-5147-878c-3af8e2429312 end
2023-08-09 19:37:34,467 - INFO: New Data Label 2c63738d-f47a-5147-878c-3af8e2429312
2023-08-09 19:37:34,470 - INFO: -- NewConmand --
2023-08-09 19:37:34,472 - INFO: -- Add New Shape --
2023-08-09 19:37:34,474 - INFO: Entry:0:1:2, init start
2023-08-09 19:37:34,475 - INFO: BaseInit 0:1:2 Seg2d
2023-08-09 19:37:34,479 - INFO: Entry:0:1:2:18, init start
2023-08-09 19:37:34,481 - INFO: BaseInit 0:1:2:18 pnt2d
2023-08-09 19:37:34,483 - INFO: Entry:0:1:2:18:18, init start
2023-08-09 19:37:34,485 - INFO: BaseInit 0:1:2:18:18 real
2023-08-09 19:37:34,488 - INFO: Init Label:0:1:2:18:18.value, None, 5.785826359832632
2023-08-09 19:37:34,489 - INFO: Entry:0:1:2:18:18, init end
2023-08-09 19:37:34,491 - INFO: Entry:0:1:2:18:19, init start
2023-08-09 19:37:34,493 - INFO: BaseInit 0:1:2:18:19 real
2023-08-09 19:37:34,495 - INFO: Init Label:0:1:2:18:19.value, None, 3.5957112970711296
2023-08-09 19:37:34,497 - INFO: Entry:0:1:2:18:19, init end
2023-08-09 19:37:34,499 - INFO: Entry:0:1:2:18, init end
2023-08-09 19:37:34,501 - INFO: Entry:0:1:2:19, init start
2023-08-09 19:37:34,502 - INFO: BaseInit 0:1:2:19 pnt2d
2023-08-09 19:37:34,504 - INFO: Entry:0:1:2:19:18, init start
2023-08-09 19:37:34,505 - INFO: BaseInit 0:1:2:19:18 real
2023-08-09 19:37:34,507 - INFO: Init Label:0:1:2:19:18.value, None, 2.2554916317991616
2023-08-09 19:37:34,509 - INFO: Entry:0:1:2:19:18, init end
2023-08-09 19:37:34,511 - INFO: Entry:0:1:2:19:19, init start
2023-08-09 19:37:34,513 - INFO: BaseInit 0:1:2:19:19 real
2023-08-09 19:37:34,514 - INFO: Init Label:0:1:2:19:19.value, None, -4.7071129707112975
2023-08-09 19:37:34,516 - INFO: Entry:0:1:2:19:19, init end
2023-08-09 19:37:34,518 - INFO: Entry:0:1:2:19, init end
2023-08-09 19:37:34,520 - INFO: Entry:0:1:2, init end
2023-08-09 19:37:34,522 - INFO: -- commit command --
2023-08-09 19:37:34,524 - INFO: New Data Label 2c63738d-f47a-5147-878c-3af8e2429312 end
2023-08-09 19:37:44,862 - INFO: New Data Label 2c63738d-f47a-5147-878c-3af8e2429312
2023-08-09 19:37:44,865 - INFO: -- NewConmand --
2023-08-09 19:37:44,867 - INFO: -- Add New Shape --
2023-08-09 19:37:44,870 - INFO: Entry:0:1:3, init start
2023-08-09 19:37:44,873 - INFO: BaseInit 0:1:3 Seg2d
2023-08-09 19:37:44,875 - INFO: Entry:0:1:3:18, init start
2023-08-09 19:37:44,877 - INFO: BaseInit 0:1:3:18 pnt2d
2023-08-09 19:37:44,879 - INFO: Entry:0:1:3:18:18, init start
2023-08-09 19:37:44,880 - INFO: BaseInit 0:1:3:18:18 real
2023-08-09 19:37:44,882 - INFO: Init Label:0:1:3:18:18.value, None, 3.9225941422594124
2023-08-09 19:37:44,883 - INFO: Entry:0:1:3:18:18, init end
2023-08-09 19:37:44,885 - INFO: Entry:0:1:3:18:19, init start
2023-08-09 19:37:44,887 - INFO: BaseInit 0:1:3:18:19 real
2023-08-09 19:37:44,889 - INFO: Init Label:0:1:3:18:19.value, None, 2.516997907949791
2023-08-09 19:37:44,890 - INFO: Entry:0:1:3:18:19, init end
2023-08-09 19:37:44,892 - INFO: Entry:0:1:3:18, init end
2023-08-09 19:37:44,894 - INFO: Entry:0:1:3:19, init start
2023-08-09 19:37:44,895 - INFO: BaseInit 0:1:3:19 pnt2d
2023-08-09 19:37:44,897 - INFO: Entry:0:1:3:19:18, init start
2023-08-09 19:37:44,899 - INFO: BaseInit 0:1:3:19:18 real
2023-08-09 19:37:44,900 - INFO: Init Label:0:1:3:19:18.value, None, 3.873561715481171
2023-08-09 19:37:44,902 - INFO: Entry:0:1:3:19:18, init end
2023-08-09 19:37:44,904 - INFO: Entry:0:1:3:19:19, init start
2023-08-09 19:37:44,906 - INFO: BaseInit 0:1:3:19:19 real
2023-08-09 19:37:44,908 - INFO: Init Label:0:1:3:19:19.value, None, -0.8825836820083683
2023-08-09 19:37:44,910 - INFO: Entry:0:1:3:19:19, init end
2023-08-09 19:37:44,912 - INFO: Entry:0:1:3:19, init end
2023-08-09 19:37:44,914 - INFO: Entry:0:1:3, init end
2023-08-09 19:37:44,915 - INFO: -- commit command --
2023-08-09 19:37:44,919 - INFO: New Data Label 2c63738d-f47a-5147-878c-3af8e2429312 end
2023-08-09 19:37:58,472 - INFO: New Data Label 2c63738d-f47a-5147-878c-3af8e2429312
2023-08-09 19:37:58,473 - INFO: -- NewConmand --
2023-08-09 19:37:58,475 - INFO: -- Add New Shape --
2023-08-09 19:37:58,477 - INFO: Entry:0:1:4, init start
2023-08-09 19:37:58,479 - INFO: BaseInit 0:1:4 Seg2d
2023-08-09 19:37:58,480 - INFO: Entry:0:1:4:18, init start
2023-08-09 19:37:58,482 - INFO: BaseInit 0:1:4:18 pnt2d
2023-08-09 19:37:58,485 - INFO: Entry:0:1:4:18:18, init start
2023-08-09 19:37:58,487 - INFO: BaseInit 0:1:4:18:18 real
2023-08-09 19:37:58,489 - INFO: Init Label:0:1:4:18:18.value, None, 2.778504184100418
2023-08-09 19:37:58,490 - INFO: Entry:0:1:4:18:18, init end
2023-08-09 19:37:58,492 - INFO: Entry:0:1:4:18:19, init start
2023-08-09 19:37:58,493 - INFO: BaseInit 0:1:4:18:19 real
2023-08-09 19:37:58,495 - INFO: Init Label:0:1:4:18:19.value, None, 2.647751046025105
2023-08-09 19:37:58,496 - INFO: Entry:0:1:4:18:19, init end
2023-08-09 19:37:58,499 - INFO: Entry:0:1:4:18, init end
2023-08-09 19:37:58,501 - INFO: Entry:0:1:4:19, init start
2023-08-09 19:37:58,504 - INFO: BaseInit 0:1:4:19 pnt2d
2023-08-09 19:37:58,506 - INFO: Entry:0:1:4:19:18, init start
2023-08-09 19:37:58,507 - INFO: BaseInit 0:1:4:19:18 real
2023-08-09 19:37:58,509 - INFO: Init Label:0:1:4:19:18.value, None, 4.83786610878661
2023-08-09 19:37:58,510 - INFO: Entry:0:1:4:19:18, init end
2023-08-09 19:37:58,512 - INFO: Entry:0:1:4:19:19, init start
2023-08-09 19:37:58,513 - INFO: BaseInit 0:1:4:19:19 real
2023-08-09 19:37:58,515 - INFO: Init Label:0:1:4:19:19.value, None, 1.4219403765690373
2023-08-09 19:37:58,519 - INFO: Entry:0:1:4:19:19, init end
2023-08-09 19:37:58,521 - INFO: Entry:0:1:4:19, init end
2023-08-09 19:37:58,523 - INFO: Entry:0:1:4, init end
2023-08-09 19:37:58,525 - INFO: -- commit command --
2023-08-09 19:37:58,527 - INFO: New Data Label 2c63738d-f47a-5147-878c-3af8e2429312 end
2023-08-09 19:38:00,771 - INFO: New Data Label 2c63738d-f47a-5147-878c-3af8e2429312
2023-08-09 19:38:00,772 - INFO: -- NewConmand --
2023-08-09 19:38:00,774 - INFO: -- Add New Shape --
2023-08-09 19:38:00,776 - INFO: Entry:0:1:5, init start
2023-08-09 19:38:00,777 - INFO: BaseInit 0:1:5 Seg2d
2023-08-09 19:38:00,780 - INFO: Entry:0:1:5:18, init start
2023-08-09 19:38:00,782 - INFO: BaseInit 0:1:5:18 pnt2d
2023-08-09 19:38:00,784 - INFO: Entry:0:1:5:18:18, init start
2023-08-09 19:38:00,786 - INFO: BaseInit 0:1:5:18:18 real
2023-08-09 19:38:00,788 - INFO: Init Label:0:1:5:18:18.value, None, 7.6327144351464415
2023-08-09 19:38:00,789 - INFO: Entry:0:1:5:18:18, init end
2023-08-09 19:38:00,793 - INFO: Entry:0:1:5:18:19, init start
2023-08-09 19:38:00,843 - INFO: BaseInit 0:1:5:18:19 real
2023-08-09 19:38:00,844 - INFO: Init Label:0:1:5:18:19.value, None, 2.0430177824267783
2023-08-09 19:38:00,846 - INFO: Entry:0:1:5:18:19, init end
2023-08-09 19:38:00,850 - INFO: Entry:0:1:5:18, init end
2023-08-09 19:38:00,852 - INFO: Entry:0:1:5:19, init start
2023-08-09 19:38:00,854 - INFO: BaseInit 0:1:5:19 pnt2d
2023-08-09 19:38:00,857 - INFO: Entry:0:1:5:19:18, init start
2023-08-09 19:38:00,859 - INFO: BaseInit 0:1:5:19:18 real
2023-08-09 19:38:00,861 - INFO: Init Label:0:1:5:19:18.value, None, 6.080020920502092
2023-08-09 19:38:00,864 - INFO: Entry:0:1:5:19:18, init end
2023-08-09 19:38:00,867 - INFO: Entry:0:1:5:19:19, init start
2023-08-09 19:38:00,869 - INFO: BaseInit 0:1:5:19:19 real
2023-08-09 19:38:00,870 - INFO: Init Label:0:1:5:19:19.value, None, -1.7161349372384938
2023-08-09 19:38:00,872 - INFO: Entry:0:1:5:19:19, init end
2023-08-09 19:38:00,874 - INFO: Entry:0:1:5:19, init end
2023-08-09 19:38:00,876 - INFO: Entry:0:1:5, init end
2023-08-09 19:38:00,877 - INFO: -- commit command --
2023-08-09 19:38:00,880 - INFO: New Data Label 2c63738d-f47a-5147-878c-3af8e2429312 end
2023-08-09 19:38:02,038 - INFO: New Data Label 2c63738d-f47a-5147-878c-3af8e2429312
2023-08-09 19:38:02,040 - INFO: -- NewConmand --
2023-08-09 19:38:02,042 - INFO: -- Add New Shape --
2023-08-09 19:38:02,044 - INFO: Entry:0:1:6, init start
2023-08-09 19:38:02,045 - INFO: BaseInit 0:1:6 Seg2d
2023-08-09 19:38:02,048 - INFO: Entry:0:1:6:18, init start
2023-08-09 19:38:02,050 - INFO: BaseInit 0:1:6:18 pnt2d
2023-08-09 19:38:02,052 - INFO: Entry:0:1:6:18:18, init start
2023-08-09 19:38:02,054 - INFO: BaseInit 0:1:6:18:18 real
2023-08-09 19:38:02,056 - INFO: Init Label:0:1:6:18:18.value, None, 3.9389382845188283
2023-08-09 19:38:02,057 - INFO: Entry:0:1:6:18:18, init end
2023-08-09 19:38:02,059 - INFO: Entry:0:1:6:18:19, init start
2023-08-09 19:38:02,060 - INFO: BaseInit 0:1:6:18:19 real
2023-08-09 19:38:02,062 - INFO: Init Label:0:1:6:18:19.value, None, -0.7681746861924686
2023-08-09 19:38:02,064 - INFO: Entry:0:1:6:18:19, init end
2023-08-09 19:38:02,066 - INFO: Entry:0:1:6:18, init end
2023-08-09 19:38:02,068 - INFO: Entry:0:1:6:19, init start
2023-08-09 19:38:02,070 - INFO: BaseInit 0:1:6:19 pnt2d
2023-08-09 19:38:02,072 - INFO: Entry:0:1:6:19:18, init start
2023-08-09 19:38:02,074 - INFO: BaseInit 0:1:6:19:18 real
2023-08-09 19:38:02,077 - INFO: Init Label:0:1:6:19:18.value, None, 7.501961297071129
2023-08-09 19:38:02,080 - INFO: Entry:0:1:6:19:18, init end
2023-08-09 19:38:02,082 - INFO: Entry:0:1:6:19:19, init start
2023-08-09 19:38:02,083 - INFO: BaseInit 0:1:6:19:19 real
2023-08-09 19:38:02,085 - INFO: Init Label:0:1:6:19:19.value, None, -0.9806485355648535
2023-08-09 19:38:02,087 - INFO: Entry:0:1:6:19:19, init end
2023-08-09 19:38:02,089 - INFO: Entry:0:1:6:19, init end
2023-08-09 19:38:02,091 - INFO: Entry:0:1:6, init end
2023-08-09 19:38:02,092 - INFO: -- commit command --
2023-08-09 19:38:02,096 - INFO: New Data Label 2c63738d-f47a-5147-878c-3af8e2429312 end
2023-08-09 19:38:03,518 - INFO: New Data Label 2c63738d-f47a-5147-878c-3af8e2429312
2023-08-09 19:38:03,520 - INFO: -- NewConmand --
2023-08-09 19:38:03,522 - INFO: -- Add New Shape --
2023-08-09 19:38:03,524 - INFO: Entry:0:1:7, init start
2023-08-09 19:38:03,525 - INFO: BaseInit 0:1:7 Seg2d
2023-08-09 19:38:03,528 - INFO: Entry:0:1:7:18, init start
2023-08-09 19:38:03,530 - INFO: BaseInit 0:1:7:18 pnt2d
2023-08-09 19:38:03,533 - INFO: Entry:0:1:7:18:18, init start
2023-08-09 19:38:03,536 - INFO: BaseInit 0:1:7:18:18 real
2023-08-09 19:38:03,538 - INFO: Init Label:0:1:7:18:18.value, None, 2.0920502092050195
2023-08-09 19:38:03,540 - INFO: Entry:0:1:7:18:18, init end
2023-08-09 19:38:03,542 - INFO: Entry:0:1:7:18:19, init start
2023-08-09 19:38:03,543 - INFO: BaseInit 0:1:7:18:19 real
2023-08-09 19:38:03,546 - INFO: Init Label:0:1:7:18:19.value, None, 0.4739801255230127
2023-08-09 19:38:03,549 - INFO: Entry:0:1:7:18:19, init end
2023-08-09 19:38:03,551 - INFO: Entry:0:1:7:18, init end
2023-08-09 19:38:03,553 - INFO: Entry:0:1:7:19, init start
2023-08-09 19:38:03,554 - INFO: BaseInit 0:1:7:19 pnt2d
2023-08-09 19:38:03,556 - INFO: Entry:0:1:7:19:18, init start
2023-08-09 19:38:03,558 - INFO: BaseInit 0:1:7:19:18 real
2023-08-09 19:38:03,559 - INFO: Init Label:0:1:7:19:18.value, None, 4.952275104602508
2023-08-09 19:38:03,561 - INFO: Entry:0:1:7:19:18, init end
2023-08-09 19:38:03,563 - INFO: Entry:0:1:7:19:19, init start
2023-08-09 19:38:03,565 - INFO: BaseInit 0:1:7:19:19 real
2023-08-09 19:38:03,567 - INFO: Init Label:0:1:7:19:19.value, None, -2.2228033472803346
2023-08-09 19:38:03,568 - INFO: Entry:0:1:7:19:19, init end
2023-08-09 19:38:03,570 - INFO: Entry:0:1:7:19, init end
2023-08-09 19:38:03,572 - INFO: Entry:0:1:7, init end
2023-08-09 19:38:03,574 - INFO: -- commit command --
2023-08-09 19:38:03,577 - INFO: New Data Label 2c63738d-f47a-5147-878c-3af8e2429312 end
