2023-05-20 20:31:27,638 - INFO: Application Start
2023-05-20 20:32:40,561 - INFO: Application Start
2023-05-20 20:32:41,173 - INFO: change to opertor to viewer
2023-05-20 20:32:58,953 - INFO: Application Start
2023-05-20 20:32:59,447 - INFO: change to opertor to viewer
2023-05-20 20:34:33,802 - INFO: Application Start
2023-05-20 20:34:34,329 - INFO: change to opertor to viewer
2023-05-20 20:34:39,421 - INFO: New Data Label 22d22e50-abca-11d4-8f1a-0060b0ee18e8
2023-05-20 20:34:39,426 - INFO: New Document
2023-05-20 20:34:39,571 - INFO: New Document End
2023-05-20 20:34:39,575 - INFO: -- NewConmand --
2023-05-20 20:34:39,577 - INFO: -- Add New Shape --
2023-05-20 20:34:39,580 - INFO: Entry:0:1:1, init start
2023-05-20 20:34:39,583 - INFO: BaseInit 0:1:1 Box
2023-05-20 20:34:39,590 - INFO: Entry:0:1:1:18, init start
2023-05-20 20:34:39,592 - INFO: BaseInit 0:1:1:18 Transform
2023-05-20 20:34:39,594 - INFO: Entry:0:1:1:18:18, init start
2023-05-20 20:34:39,596 - INFO: BaseInit 0:1:1:18:18 real
2023-05-20 20:34:39,598 - INFO: Init Label:0:1:1:18:18.value, None, 0
2023-05-20 20:34:39,602 - INFO: Entry:0:1:1:18:18, init end
2023-05-20 20:34:39,604 - INFO: Entry:0:1:1:18:19, init start
2023-05-20 20:34:39,606 - INFO: BaseInit 0:1:1:18:19 Point
2023-05-20 20:34:39,608 - INFO: Entry:0:1:1:18:19:18, init start
2023-05-20 20:34:39,610 - INFO: BaseInit 0:1:1:18:19:18 real
2023-05-20 20:34:39,612 - INFO: Init Label:0:1:1:18:19:18.value, None, 0
2023-05-20 20:34:39,614 - INFO: Entry:0:1:1:18:19:18, init end
2023-05-20 20:34:39,617 - INFO: Entry:0:1:1:18:19:19, init start
2023-05-20 20:34:39,620 - INFO: BaseInit 0:1:1:18:19:19 real
2023-05-20 20:34:39,624 - INFO: Init Label:0:1:1:18:19:19.value, None, 0
2023-05-20 20:34:39,627 - INFO: Entry:0:1:1:18:19:19, init end
2023-05-20 20:34:39,630 - INFO: Entry:0:1:1:18:19:20, init start
2023-05-20 20:34:39,632 - INFO: BaseInit 0:1:1:18:19:20 real
2023-05-20 20:34:39,634 - INFO: Init Label:0:1:1:18:19:20.value, None, 0
2023-05-20 20:34:39,637 - INFO: Entry:0:1:1:18:19:20, init end
2023-05-20 20:34:39,758 - INFO: Entry:0:1:1:18:19, init end
2023-05-20 20:34:39,760 - INFO: Entry:0:1:1:18:20, init start
2023-05-20 20:34:39,762 - INFO: BaseInit 0:1:1:18:20 Point
2023-05-20 20:34:39,764 - INFO: Entry:0:1:1:18:20:18, init start
2023-05-20 20:34:39,766 - INFO: BaseInit 0:1:1:18:20:18 real
2023-05-20 20:34:39,770 - INFO: Init Label:0:1:1:18:20:18.value, None, 0
2023-05-20 20:34:39,774 - INFO: Entry:0:1:1:18:20:18, init end
2023-05-20 20:34:39,778 - INFO: Entry:0:1:1:18:20:19, init start
2023-05-20 20:34:39,780 - INFO: BaseInit 0:1:1:18:20:19 real
2023-05-20 20:34:39,784 - INFO: Init Label:0:1:1:18:20:19.value, None, 0
2023-05-20 20:34:39,786 - INFO: Entry:0:1:1:18:20:19, init end
2023-05-20 20:34:39,788 - INFO: Entry:0:1:1:18:20:20, init start
2023-05-20 20:34:39,790 - INFO: BaseInit 0:1:1:18:20:20 real
2023-05-20 20:34:39,792 - INFO: Init Label:0:1:1:18:20:20.value, None, 0
2023-05-20 20:34:39,794 - INFO: Entry:0:1:1:18:20:20, init end
2023-05-20 20:34:39,797 - INFO: Entry:0:1:1:18:20, init end
2023-05-20 20:34:39,919 - INFO: Entry:0:1:1:18, init end
2023-05-20 20:34:39,922 - INFO: Entry:0:1:1:19, init start
2023-05-20 20:34:39,923 - INFO: BaseInit 0:1:1:19 real
2023-05-20 20:34:39,926 - INFO: Init Label:0:1:1:19.value, None, 0
2023-05-20 20:34:39,928 - INFO: Entry:0:1:1:19, init end
2023-05-20 20:34:39,930 - INFO: Entry:0:1:1:20, init start
2023-05-20 20:34:39,932 - INFO: BaseInit 0:1:1:20 real
2023-05-20 20:34:39,937 - INFO: Init Label:0:1:1:20.value, None, 0
2023-05-20 20:34:39,940 - INFO: Entry:0:1:1:20, init end
2023-05-20 20:34:39,945 - INFO: Entry:0:1:1:21, init start
2023-05-20 20:34:39,947 - INFO: BaseInit 0:1:1:21 real
2023-05-20 20:34:39,950 - INFO: Init Label:0:1:1:21.value, None, 0
2023-05-20 20:34:39,952 - INFO: Entry:0:1:1:21, init end
2023-05-20 20:34:40,016 - INFO: -- commit command --
2023-05-20 20:34:40,027 - INFO: New Data Label 22d22e50-abca-11d4-8f1a-0060b0ee18e8 end
2023-05-20 20:34:41,009 - INFO: Selected Item:New Box
2023-05-20 20:34:41,012 - INFO: Process Show Label Start
2023-05-20 20:34:41,074 - INFO: Process Show Label End
2023-05-20 20:34:44,578 - INFO: Process Change Label Start
2023-05-20 20:34:44,580 - INFO: Start Change: 0:1:1:19, 3
2023-05-20 20:34:44,583 - INFO: -- NewConmand --
2023-05-20 20:34:44,588 - INFO: -- commit command --
2023-05-20 20:34:44,591 - INFO: End Change: 0:1:1:19, 3
2023-05-20 20:34:44,593 - INFO: Process Change Label End
2023-05-20 20:34:46,324 - INFO: Process Change Label Start
2023-05-20 20:34:46,326 - INFO: Start Change: 0:1:1:20, 4
2023-05-20 20:34:46,328 - INFO: -- NewConmand --
2023-05-20 20:34:46,332 - INFO: -- commit command --
2023-05-20 20:34:46,335 - INFO: End Change: 0:1:1:20, 4
2023-05-20 20:34:46,338 - INFO: Process Change Label End
2023-05-20 20:34:47,795 - INFO: Process Change Label Start
2023-05-20 20:34:47,798 - INFO: Start Change: 0:1:1:21, 5
2023-05-20 20:34:47,801 - INFO: -- NewConmand --
2023-05-20 20:34:47,942 - INFO: -- commit command --
2023-05-20 20:34:48,268 - INFO: End Change: 0:1:1:21, 5
2023-05-20 20:34:48,270 - INFO: Process Change Label End
