2023-03-15 16:23:15,802 - INFO: -- NewConmand --
2023-03-15 16:23:15,804 - INFO: -- Add New Shape --
2023-03-15 16:23:15,806 - INFO: Type:22d22e50-abca-11d4-8f1a-0060b0ee18e8
2023-03-15 16:23:15,808 - INFO: Name:debug
2023-03-15 16:23:15,810 - INFO: Param:{'Shape': {'transform': {'angle': '0.0', 'rotateAxis': {'theXp': '0.0', 'theYp': '0.0', 'theZp': '0.0'}, 'position': {'theXp': '0.0', 'theYp': '0.0', 'theZp': '0.0'}}, 'l': '5', 'h': '6', 'w': '5'}}
2023-03-15 16:23:15,815 - INFO: Entry:0:1:1
2023-03-15 16:23:15,817 - INFO: Entry0:1:1 init transform
2023-03-15 16:23:15,819 - INFO: Entry0:1:1:1 init angle
2023-03-15 16:23:15,821 - INFO: Label:0:1:1:1:1(real) set value = 0.0
2023-03-15 16:23:15,824 - INFO: stored value is 0.0
2023-03-15 16:23:15,826 - INFO: Entry0:1:1:1 init rotateAxis
2023-03-15 16:23:15,827 - INFO: Entry0:1:1:1:2 init theXp
2023-03-15 16:23:15,830 - INFO: Label:0:1:1:1:2:1(real) set value = 0.0
2023-03-15 16:23:15,832 - INFO: stored value is 0.0
2023-03-15 16:23:15,834 - INFO: Entry0:1:1:1:2 init theYp
2023-03-15 16:23:15,836 - INFO: Label:0:1:1:1:2:2(real) set value = 0.0
2023-03-15 16:23:15,838 - INFO: stored value is 0.0
2023-03-15 16:23:15,840 - INFO: Entry0:1:1:1:2 init theZp
2023-03-15 16:23:15,841 - INFO: Label:0:1:1:1:2:3(real) set value = 0.0
2023-03-15 16:23:15,843 - INFO: stored value is 0.0
2023-03-15 16:23:15,846 - INFO: Entry:0:1:1:1:2 type:Point Execute
2023-03-15 16:23:15,848 - INFO: Entry:0:1:1:1:2:1 get value 0.0 
2023-03-15 16:23:15,850 - INFO: Entry:0:1:1:1:2:2 get value 0.0 
2023-03-15 16:23:15,852 - INFO: Entry:0:1:1:1:2:3 get value 0.0 
2023-03-15 16:23:15,854 - INFO: Entry:0:1:1:1:2 Make Point Success
2023-03-15 16:23:15,856 - INFO: Entry0:1:1:1 init position
2023-03-15 16:23:15,858 - INFO: Entry0:1:1:1:3 init theXp
2023-03-15 16:23:15,860 - INFO: Label:0:1:1:1:3:1(real) set value = 0.0
2023-03-15 16:23:15,862 - INFO: stored value is 0.0
2023-03-15 16:23:15,864 - INFO: Entry0:1:1:1:3 init theYp
2023-03-15 16:23:15,866 - INFO: Label:0:1:1:1:3:2(real) set value = 0.0
2023-03-15 16:23:15,868 - INFO: stored value is 0.0
2023-03-15 16:23:15,870 - INFO: Entry0:1:1:1:3 init theZp
2023-03-15 16:23:15,871 - INFO: Label:0:1:1:1:3:3(real) set value = 0.0
2023-03-15 16:23:15,873 - INFO: stored value is 0.0
2023-03-15 16:23:15,875 - INFO: Entry:0:1:1:1:3 type:Point Execute
2023-03-15 16:23:15,878 - INFO: Entry:0:1:1:1:3:1 get value 0.0 
2023-03-15 16:23:15,881 - INFO: Entry:0:1:1:1:3:2 get value 0.0 
2023-03-15 16:23:15,884 - INFO: Entry:0:1:1:1:3:3 get value 0.0 
2023-03-15 16:23:15,886 - INFO: Entry:0:1:1:1:3 Make Point Success
2023-03-15 16:23:15,888 - INFO: Entry:0:1:1:1 type:Transform Execute
2023-03-15 16:23:15,891 - INFO: Entry:0:1:1:1:1 get value 0.0 
2023-03-15 16:23:15,893 - INFO: Entry:0:1:1:1:2 get value <class 'TopoDS_Vertex'> 
2023-03-15 16:23:15,896 - INFO: Entry:0:1:1:1:3 get value <class 'TopoDS_Vertex'> 
2023-03-15 16:23:15,899 - INFO: Entry:0:1:1:1 Make Transform Success
2023-03-15 16:23:15,901 - INFO: Entry0:1:1 init l
2023-03-15 16:23:15,904 - INFO: Label:0:1:1:2(real) set value = 5
2023-03-15 16:23:15,905 - INFO: stored value is 5.0
2023-03-15 16:23:15,907 - INFO: Entry0:1:1 init h
2023-03-15 16:23:15,909 - INFO: Label:0:1:1:3(real) set value = 6
2023-03-15 16:23:15,911 - INFO: stored value is 6.0
2023-03-15 16:23:15,913 - INFO: Entry0:1:1 init w
2023-03-15 16:23:15,915 - INFO: Label:0:1:1:4(real) set value = 5
2023-03-15 16:23:15,917 - INFO: stored value is 5.0
2023-03-15 16:23:15,919 - INFO: Entry:0:1:1:1 get value <class 'TopLoc_Location'> 
2023-03-15 16:23:15,923 - INFO: Entry:0:1:1:2 get value 5.0 
2023-03-15 16:23:15,925 - INFO: Entry:0:1:1:3 get value 6.0 
2023-03-15 16:23:15,928 - INFO: Entry:0:1:1:4 get value 5.0 
2023-03-15 16:23:15,930 - INFO: Driver:Box Execute {'transform': <class 'gp_Trsf'>, 'l': 5.0, 'h': 6.0, 'w': 5.0}
2023-03-15 16:23:15,936 - INFO: Label:debug update presentation
2023-03-15 16:23:15,944 - INFO: -- commit command --
2023-03-15 16:23:56,795 - INFO: -- NewConmand --
2023-03-15 16:23:56,797 - INFO: -- Add New Shape --
2023-03-15 16:23:56,799 - INFO: Type:22d22e50-abca-11d4-8f1a-0060b0ee18e8
2023-03-15 16:23:56,800 - INFO: Name:debug
2023-03-15 16:23:56,803 - INFO: Param:{'Shape': {'transform': {'angle': '0.0', 'rotateAxis': {'theXp': '0.0', 'theYp': '0.0', 'theZp': '1'}, 'position': {'theXp': '3', 'theYp': '3', 'theZp': '0.0'}}, 'l': '5', 'h': '6', 'w': '5'}}
2023-03-15 16:23:56,807 - INFO: Entry:0:1:2
2023-03-15 16:23:56,810 - INFO: Entry0:1:2 init transform
2023-03-15 16:23:56,812 - INFO: Entry0:1:2:1 init angle
2023-03-15 16:23:56,813 - INFO: Label:0:1:2:1:1(real) set value = 0.0
2023-03-15 16:23:56,815 - INFO: stored value is 0.0
2023-03-15 16:23:56,817 - INFO: Entry0:1:2:1 init rotateAxis
2023-03-15 16:23:56,820 - INFO: Entry0:1:2:1:2 init theXp
2023-03-15 16:23:56,822 - INFO: Label:0:1:2:1:2:1(real) set value = 0.0
2023-03-15 16:23:56,824 - INFO: stored value is 0.0
2023-03-15 16:23:56,826 - INFO: Entry0:1:2:1:2 init theYp
2023-03-15 16:23:56,828 - INFO: Label:0:1:2:1:2:2(real) set value = 0.0
2023-03-15 16:23:56,830 - INFO: stored value is 0.0
2023-03-15 16:23:56,832 - INFO: Entry0:1:2:1:2 init theZp
2023-03-15 16:23:56,834 - INFO: Label:0:1:2:1:2:3(real) set value = 1
2023-03-15 16:23:56,836 - INFO: stored value is 1.0
2023-03-15 16:23:56,838 - INFO: Entry:0:1:2:1:2 type:Point Execute
2023-03-15 16:23:56,840 - INFO: Entry:0:1:2:1:2:1 get value 0.0 
2023-03-15 16:23:56,842 - INFO: Entry:0:1:2:1:2:2 get value 0.0 
2023-03-15 16:23:56,844 - INFO: Entry:0:1:2:1:2:3 get value 1.0 
2023-03-15 16:23:56,846 - INFO: Entry:0:1:2:1:2 Make Point Success
2023-03-15 16:23:56,847 - INFO: Entry0:1:2:1 init position
2023-03-15 16:23:56,850 - INFO: Entry0:1:2:1:3 init theXp
2023-03-15 16:23:56,852 - INFO: Label:0:1:2:1:3:1(real) set value = 3
2023-03-15 16:23:56,854 - INFO: stored value is 3.0
2023-03-15 16:23:56,855 - INFO: Entry0:1:2:1:3 init theYp
2023-03-15 16:23:56,857 - INFO: Label:0:1:2:1:3:2(real) set value = 3
2023-03-15 16:23:56,859 - INFO: stored value is 3.0
2023-03-15 16:23:56,861 - INFO: Entry0:1:2:1:3 init theZp
2023-03-15 16:23:56,863 - INFO: Label:0:1:2:1:3:3(real) set value = 0.0
2023-03-15 16:23:56,865 - INFO: stored value is 0.0
2023-03-15 16:23:56,867 - INFO: Entry:0:1:2:1:3 type:Point Execute
2023-03-15 16:23:56,869 - INFO: Entry:0:1:2:1:3:1 get value 3.0 
2023-03-15 16:23:56,871 - INFO: Entry:0:1:2:1:3:2 get value 3.0 
2023-03-15 16:23:56,873 - INFO: Entry:0:1:2:1:3:3 get value 0.0 
2023-03-15 16:23:56,875 - INFO: Entry:0:1:2:1:3 Make Point Success
2023-03-15 16:23:56,877 - INFO: Entry:0:1:2:1 type:Transform Execute
2023-03-15 16:23:56,879 - INFO: Entry:0:1:2:1:1 get value 0.0 
2023-03-15 16:23:56,882 - INFO: Entry:0:1:2:1:2 get value <class 'TopoDS_Vertex'> 
2023-03-15 16:23:56,885 - INFO: Entry:0:1:2:1:3 get value <class 'TopoDS_Vertex'> 
2023-03-15 16:23:56,887 - INFO: Entry:0:1:2:1 Make Transform Success
2023-03-15 16:23:56,889 - INFO: Entry0:1:2 init l
2023-03-15 16:23:56,892 - INFO: Label:0:1:2:2(real) set value = 5
2023-03-15 16:23:56,894 - INFO: stored value is 5.0
2023-03-15 16:23:56,897 - INFO: Entry0:1:2 init h
2023-03-15 16:23:56,899 - INFO: Label:0:1:2:3(real) set value = 6
2023-03-15 16:23:56,901 - INFO: stored value is 6.0
2023-03-15 16:23:56,904 - INFO: Entry0:1:2 init w
2023-03-15 16:23:56,907 - INFO: Label:0:1:2:4(real) set value = 5
2023-03-15 16:23:56,911 - INFO: stored value is 5.0
2023-03-15 16:23:56,915 - INFO: Entry:0:1:2:1 get value <class 'TopLoc_Location'> 
2023-03-15 16:23:56,922 - INFO: Entry:0:1:2:2 get value 5.0 
2023-03-15 16:23:56,924 - INFO: Entry:0:1:2:3 get value 6.0 
2023-03-15 16:23:56,926 - INFO: Entry:0:1:2:4 get value 5.0 
2023-03-15 16:23:56,928 - INFO: Driver:Box Execute {'transform': <class 'gp_Trsf'>, 'l': 5.0, 'h': 6.0, 'w': 5.0}
2023-03-15 16:23:56,933 - INFO: Label:debug update presentation
2023-03-15 16:23:56,941 - INFO: -- commit command --
2023-03-15 16:33:05,162 - INFO: -- NewConmand --
2023-03-15 16:33:05,164 - INFO: -- Add New Shape --
2023-03-15 16:33:05,166 - INFO: Type:22d22e50-abca-11d4-8f1a-0060b0ee18e8
2023-03-15 16:33:05,168 - INFO: Name:debug
2023-03-15 16:33:05,171 - INFO: Param:{'Shape': {'transform': {'angle': '0.0', 'rotateAxis': {'theXp': '0.0', 'theYp': '0.0', 'theZp': '0.0'}, 'position': {'theXp': '0.0', 'theYp': '0.0', 'theZp': '0.0'}}, 'l': '5', 'h': '4', 'w': '5'}}
2023-03-15 16:33:05,174 - INFO: Entry:0:1:1
2023-03-15 16:33:05,177 - INFO: Entry0:1:1 init transform
2023-03-15 16:33:05,179 - INFO: Entry0:1:1:1 init angle
2023-03-15 16:33:05,181 - INFO: Label:0:1:1:1:1(real) set value = 0.0
2023-03-15 16:33:05,184 - INFO: stored value is 0.0
2023-03-15 16:33:05,186 - INFO: Entry0:1:1:1 init rotateAxis
2023-03-15 16:33:05,188 - INFO: Entry0:1:1:1:2 init theXp
2023-03-15 16:33:05,190 - INFO: Label:0:1:1:1:2:1(real) set value = 0.0
2023-03-15 16:33:05,192 - INFO: stored value is 0.0
2023-03-15 16:33:05,194 - INFO: Entry0:1:1:1:2 init theYp
2023-03-15 16:33:05,196 - INFO: Label:0:1:1:1:2:2(real) set value = 0.0
2023-03-15 16:33:05,198 - INFO: stored value is 0.0
2023-03-15 16:33:05,200 - INFO: Entry0:1:1:1:2 init theZp
2023-03-15 16:33:05,202 - INFO: Label:0:1:1:1:2:3(real) set value = 0.0
2023-03-15 16:33:05,203 - INFO: stored value is 0.0
2023-03-15 16:33:05,205 - INFO: Entry:0:1:1:1:2 type:Point Execute
2023-03-15 16:33:05,207 - INFO: Entry:0:1:1:1:2:1 get value 0.0 
2023-03-15 16:33:05,209 - INFO: Entry:0:1:1:1:2:2 get value 0.0 
2023-03-15 16:33:05,211 - INFO: Entry:0:1:1:1:2:3 get value 0.0 
2023-03-15 16:33:05,214 - INFO: Entry:0:1:1:1:2 Make Point Success
2023-03-15 16:33:05,216 - INFO: Entry0:1:1:1 init position
2023-03-15 16:33:05,218 - INFO: Entry0:1:1:1:3 init theXp
2023-03-15 16:33:05,220 - INFO: Label:0:1:1:1:3:1(real) set value = 0.0
2023-03-15 16:33:05,222 - INFO: stored value is 0.0
2023-03-15 16:33:05,224 - INFO: Entry0:1:1:1:3 init theYp
2023-03-15 16:33:05,226 - INFO: Label:0:1:1:1:3:2(real) set value = 0.0
2023-03-15 16:33:05,228 - INFO: stored value is 0.0
2023-03-15 16:33:05,230 - INFO: Entry0:1:1:1:3 init theZp
2023-03-15 16:33:05,233 - INFO: Label:0:1:1:1:3:3(real) set value = 0.0
2023-03-15 16:33:05,234 - INFO: stored value is 0.0
2023-03-15 16:33:05,237 - INFO: Entry:0:1:1:1:3 type:Point Execute
2023-03-15 16:33:05,239 - INFO: Entry:0:1:1:1:3:1 get value 0.0 
2023-03-15 16:33:05,241 - INFO: Entry:0:1:1:1:3:2 get value 0.0 
2023-03-15 16:33:05,243 - INFO: Entry:0:1:1:1:3:3 get value 0.0 
2023-03-15 16:33:05,246 - INFO: Entry:0:1:1:1:3 Make Point Success
2023-03-15 16:33:05,249 - INFO: Entry:0:1:1:1 type:Transform Execute
2023-03-15 16:33:05,253 - INFO: Entry:0:1:1:1:1 get value 0.0 
2023-03-15 16:33:05,255 - INFO: Entry:0:1:1:1:2 get value <class 'TopoDS_Vertex'> 
2023-03-15 16:33:05,258 - INFO: Entry:0:1:1:1:3 get value <class 'TopoDS_Vertex'> 
2023-03-15 16:33:05,260 - INFO: Entry:0:1:1:1 Make Transform Success
2023-03-15 16:33:05,262 - INFO: Entry0:1:1 init l
2023-03-15 16:33:05,264 - INFO: Label:0:1:1:2(real) set value = 5
2023-03-15 16:33:05,266 - INFO: stored value is 5.0
2023-03-15 16:33:05,268 - INFO: Entry0:1:1 init h
2023-03-15 16:33:05,270 - INFO: Label:0:1:1:3(real) set value = 4
2023-03-15 16:33:05,272 - INFO: stored value is 4.0
2023-03-15 16:33:05,274 - INFO: Entry0:1:1 init w
2023-03-15 16:33:05,276 - INFO: Label:0:1:1:4(real) set value = 5
2023-03-15 16:33:05,279 - INFO: stored value is 5.0
2023-03-15 16:33:05,281 - INFO: Entry:0:1:1:1 get value <class 'TopLoc_Location'> 
2023-03-15 16:33:05,285 - INFO: Entry:0:1:1:2 get value 5.0 
2023-03-15 16:33:05,287 - INFO: Entry:0:1:1:3 get value 4.0 
2023-03-15 16:33:05,289 - INFO: Entry:0:1:1:4 get value 5.0 
2023-03-15 16:33:05,291 - INFO: Driver:Box Execute {'transform': <class 'gp_Trsf'>, 'l': 5.0, 'h': 4.0, 'w': 5.0}
2023-03-15 16:33:05,296 - INFO: Label:debug update presentation
2023-03-15 16:33:05,304 - INFO: -- commit command --
2023-03-15 16:34:08,910 - INFO: -- NewConmand --
2023-03-15 16:34:08,912 - INFO: -- Add New Shape --
2023-03-15 16:34:08,914 - INFO: Type:22d22e50-abca-11d4-8f1a-0060b0ee18e8
2023-03-15 16:34:08,916 - INFO: Name:debug
2023-03-15 16:34:08,918 - INFO: Param:{'Shape': {'transform': {'angle': '0.0', 'rotateAxis': {'theXp': '0.0', 'theYp': '0.0', 'theZp': '0.0'}, 'position': {'theXp': '0.0', 'theYp': '0.0', 'theZp': '0.0'}}, 'l': '3', 'h': '2', 'w': '4'}}
2023-03-15 16:34:08,923 - INFO: Entry:0:1:1
2023-03-15 16:34:08,925 - INFO: Entry0:1:1 init transform
2023-03-15 16:34:08,927 - INFO: Entry0:1:1:1 init angle
2023-03-15 16:34:08,929 - INFO: Label:0:1:1:1:1(real) set value = 0.0
2023-03-15 16:34:08,931 - INFO: stored value is 0.0
2023-03-15 16:34:08,933 - INFO: Entry0:1:1:1 init rotateAxis
2023-03-15 16:34:08,936 - INFO: Entry0:1:1:1:2 init theXp
2023-03-15 16:34:08,938 - INFO: Label:0:1:1:1:2:1(real) set value = 0.0
2023-03-15 16:34:08,940 - INFO: stored value is 0.0
2023-03-15 16:34:08,942 - INFO: Entry0:1:1:1:2 init theYp
2023-03-15 16:34:08,944 - INFO: Label:0:1:1:1:2:2(real) set value = 0.0
2023-03-15 16:34:08,946 - INFO: stored value is 0.0
2023-03-15 16:34:08,948 - INFO: Entry0:1:1:1:2 init theZp
2023-03-15 16:34:08,950 - INFO: Label:0:1:1:1:2:3(real) set value = 0.0
2023-03-15 16:34:08,952 - INFO: stored value is 0.0
2023-03-15 16:34:08,954 - INFO: Entry:0:1:1:1:2 type:Point Execute
2023-03-15 16:34:08,956 - INFO: Entry:0:1:1:1:2:1 get value 0.0 
2023-03-15 16:34:08,958 - INFO: Entry:0:1:1:1:2:2 get value 0.0 
2023-03-15 16:34:08,960 - INFO: Entry:0:1:1:1:2:3 get value 0.0 
2023-03-15 16:34:08,962 - INFO: Entry:0:1:1:1:2 Make Point Success
2023-03-15 16:34:08,964 - INFO: Entry0:1:1:1 init position
2023-03-15 16:34:08,966 - INFO: Entry0:1:1:1:3 init theXp
2023-03-15 16:34:08,967 - INFO: Label:0:1:1:1:3:1(real) set value = 0.0
2023-03-15 16:34:08,969 - INFO: stored value is 0.0
2023-03-15 16:34:08,972 - INFO: Entry0:1:1:1:3 init theYp
2023-03-15 16:34:08,974 - INFO: Label:0:1:1:1:3:2(real) set value = 0.0
2023-03-15 16:34:08,976 - INFO: stored value is 0.0
2023-03-15 16:34:08,978 - INFO: Entry0:1:1:1:3 init theZp
2023-03-15 16:34:08,980 - INFO: Label:0:1:1:1:3:3(real) set value = 0.0
2023-03-15 16:34:08,982 - INFO: stored value is 0.0
2023-03-15 16:34:08,984 - INFO: Entry:0:1:1:1:3 type:Point Execute
2023-03-15 16:34:08,986 - INFO: Entry:0:1:1:1:3:1 get value 0.0 
2023-03-15 16:34:08,989 - INFO: Entry:0:1:1:1:3:2 get value 0.0 
2023-03-15 16:34:08,992 - INFO: Entry:0:1:1:1:3:3 get value 0.0 
2023-03-15 16:34:08,995 - INFO: Entry:0:1:1:1:3 Make Point Success
2023-03-15 16:34:08,998 - INFO: Entry:0:1:1:1 type:Transform Execute
2023-03-15 16:34:09,001 - INFO: Entry:0:1:1:1:1 get value 0.0 
2023-03-15 16:34:09,004 - INFO: Entry:0:1:1:1:2 get value <class 'TopoDS_Vertex'> 
2023-03-15 16:34:09,006 - INFO: Entry:0:1:1:1:3 get value <class 'TopoDS_Vertex'> 
2023-03-15 16:34:09,008 - INFO: Entry:0:1:1:1 Make Transform Success
2023-03-15 16:34:09,009 - INFO: Entry0:1:1 init l
2023-03-15 16:34:09,011 - INFO: Label:0:1:1:2(real) set value = 3
2023-03-15 16:34:09,013 - INFO: stored value is 3.0
2023-03-15 16:34:09,015 - INFO: Entry0:1:1 init h
2023-03-15 16:34:09,017 - INFO: Label:0:1:1:3(real) set value = 2
2023-03-15 16:34:09,019 - INFO: stored value is 2.0
2023-03-15 16:34:09,021 - INFO: Entry0:1:1 init w
2023-03-15 16:34:09,023 - INFO: Label:0:1:1:4(real) set value = 4
2023-03-15 16:34:09,025 - INFO: stored value is 4.0
2023-03-15 16:34:09,027 - INFO: Entry:0:1:1:1 get value <class 'TopLoc_Location'> 
2023-03-15 16:34:09,031 - INFO: Entry:0:1:1:2 get value 3.0 
2023-03-15 16:34:09,033 - INFO: Entry:0:1:1:3 get value 2.0 
2023-03-15 16:34:09,035 - INFO: Entry:0:1:1:4 get value 4.0 
2023-03-15 16:34:09,037 - INFO: Driver:Box Execute {'transform': <class 'gp_Trsf'>, 'l': 3.0, 'h': 2.0, 'w': 4.0}
2023-03-15 16:34:09,043 - INFO: Label:debug update presentation
2023-03-15 16:34:09,049 - INFO: -- commit command --
2023-03-15 16:35:44,414 - INFO: -- NewConmand --
2023-03-15 16:35:44,417 - INFO: -- Add New Shape --
2023-03-15 16:35:44,419 - INFO: Type:22d22e50-abca-11d4-8f1a-0060b0ee18e8
2023-03-15 16:35:44,421 - INFO: Name:debug
2023-03-15 16:35:44,423 - INFO: Param:{'Shape': {'transform': {'angle': '0.0', 'rotateAxis': {'theXp': '0.0', 'theYp': '0.0', 'theZp': '0.0'}, 'position': {'theXp': '0.0', 'theYp': '0.0', 'theZp': '0.0'}}, 'l': '4', 'h': '5', 'w': '4'}}
2023-03-15 16:35:44,427 - INFO: Entry:0:1:1
2023-03-15 16:35:44,429 - INFO: Entry0:1:1 init transform
2023-03-15 16:35:44,431 - INFO: Entry0:1:1:1 init angle
2023-03-15 16:35:44,433 - INFO: Label:0:1:1:1:1(real) set value = 0.0
2023-03-15 16:35:44,436 - INFO: stored value is 0.0
2023-03-15 16:35:44,438 - INFO: Entry0:1:1:1 init rotateAxis
2023-03-15 16:35:44,440 - INFO: Entry0:1:1:1:2 init theXp
2023-03-15 16:35:44,441 - INFO: Label:0:1:1:1:2:1(real) set value = 0.0
2023-03-15 16:35:44,443 - INFO: stored value is 0.0
2023-03-15 16:35:44,446 - INFO: Entry0:1:1:1:2 init theYp
2023-03-15 16:35:44,448 - INFO: Label:0:1:1:1:2:2(real) set value = 0.0
2023-03-15 16:35:44,449 - INFO: stored value is 0.0
2023-03-15 16:35:44,451 - INFO: Entry0:1:1:1:2 init theZp
2023-03-15 16:35:44,453 - INFO: Label:0:1:1:1:2:3(real) set value = 0.0
2023-03-15 16:35:44,455 - INFO: stored value is 0.0
2023-03-15 16:35:44,457 - INFO: Entry:0:1:1:1:2 type:Point Execute
2023-03-15 16:35:44,459 - INFO: Entry:0:1:1:1:2:1 get value 0.0 
2023-03-15 16:35:44,461 - INFO: Entry:0:1:1:1:2:2 get value 0.0 
2023-03-15 16:35:44,463 - INFO: Entry:0:1:1:1:2:3 get value 0.0 
2023-03-15 16:35:44,466 - INFO: Entry:0:1:1:1:2 Make Point Success
2023-03-15 16:35:44,468 - INFO: Entry0:1:1:1 init position
2023-03-15 16:35:44,470 - INFO: Entry0:1:1:1:3 init theXp
2023-03-15 16:35:44,473 - INFO: Label:0:1:1:1:3:1(real) set value = 0.0
2023-03-15 16:35:44,475 - INFO: stored value is 0.0
2023-03-15 16:35:44,478 - INFO: Entry0:1:1:1:3 init theYp
2023-03-15 16:35:44,480 - INFO: Label:0:1:1:1:3:2(real) set value = 0.0
2023-03-15 16:35:44,482 - INFO: stored value is 0.0
2023-03-15 16:35:44,484 - INFO: Entry0:1:1:1:3 init theZp
2023-03-15 16:35:44,486 - INFO: Label:0:1:1:1:3:3(real) set value = 0.0
2023-03-15 16:35:44,488 - INFO: stored value is 0.0
2023-03-15 16:35:44,490 - INFO: Entry:0:1:1:1:3 type:Point Execute
2023-03-15 16:35:44,492 - INFO: Entry:0:1:1:1:3:1 get value 0.0 
2023-03-15 16:35:44,494 - INFO: Entry:0:1:1:1:3:2 get value 0.0 
2023-03-15 16:35:44,497 - INFO: Entry:0:1:1:1:3:3 get value 0.0 
2023-03-15 16:35:44,500 - INFO: Entry:0:1:1:1:3 Make Point Success
2023-03-15 16:35:44,502 - INFO: Entry:0:1:1:1 type:Transform Execute
2023-03-15 16:35:44,505 - INFO: Entry:0:1:1:1:1 get value 0.0 
2023-03-15 16:35:44,507 - INFO: Entry:0:1:1:1:2 get value <class 'TopoDS_Vertex'> 
2023-03-15 16:35:44,510 - INFO: Entry:0:1:1:1:3 get value <class 'TopoDS_Vertex'> 
2023-03-15 16:35:44,512 - INFO: Entry:0:1:1:1 Make Transform Success
2023-03-15 16:35:44,514 - INFO: Entry0:1:1 init l
2023-03-15 16:35:44,516 - INFO: Label:0:1:1:2(real) set value = 4
2023-03-15 16:35:44,518 - INFO: stored value is 4.0
2023-03-15 16:35:44,520 - INFO: Entry0:1:1 init h
2023-03-15 16:35:44,522 - INFO: Label:0:1:1:3(real) set value = 5
2023-03-15 16:35:44,523 - INFO: stored value is 5.0
2023-03-15 16:35:44,525 - INFO: Entry0:1:1 init w
2023-03-15 16:35:44,527 - INFO: Label:0:1:1:4(real) set value = 4
2023-03-15 16:35:44,529 - INFO: stored value is 4.0
2023-03-15 16:35:44,531 - INFO: Entry:0:1:1:1 get value <class 'TopLoc_Location'> 
2023-03-15 16:35:44,535 - INFO: Entry:0:1:1:2 get value 4.0 
2023-03-15 16:35:44,538 - INFO: Entry:0:1:1:3 get value 5.0 
2023-03-15 16:35:44,540 - INFO: Entry:0:1:1:4 get value 4.0 
2023-03-15 16:35:44,542 - INFO: Driver:Box Execute {'transform': <class 'gp_Trsf'>, 'l': 4.0, 'h': 5.0, 'w': 4.0}
2023-03-15 16:35:44,548 - INFO: Label:debug update presentation
2023-03-15 16:35:44,630 - INFO: -- commit command --
2023-03-15 16:37:36,729 - INFO: -- NewConmand --
2023-03-15 16:37:36,731 - INFO: -- Add New Shape --
2023-03-15 16:37:36,733 - INFO: Type:22d22e50-abca-11d4-8f1a-0060b0ee18e8
2023-03-15 16:37:36,736 - INFO: Name:debug
2023-03-15 16:37:36,738 - INFO: Param:{'Shape': {'transform': {'angle': '0.0', 'rotateAxis': {'theXp': '0.0', 'theYp': '0.0', 'theZp': '0.0'}, 'position': {'theXp': '0.0', 'theYp': '0.0', 'theZp': '0.0'}}, 'l': '4', 'h': '5', 'w': '4'}}
2023-03-15 16:37:36,742 - INFO: Entry:0:1:1
2023-03-15 16:37:36,745 - INFO: Entry0:1:1 init transform
2023-03-15 16:37:36,747 - INFO: Entry0:1:1:1 init angle
2023-03-15 16:37:36,749 - INFO: Label:0:1:1:1:1(real) set value = 0.0
2023-03-15 16:37:36,751 - INFO: stored value is 0.0
2023-03-15 16:37:36,753 - INFO: Entry0:1:1:1 init rotateAxis
2023-03-15 16:37:36,755 - INFO: Entry0:1:1:1:2 init theXp
2023-03-15 16:37:36,757 - INFO: Label:0:1:1:1:2:1(real) set value = 0.0
2023-03-15 16:37:36,759 - INFO: stored value is 0.0
2023-03-15 16:37:36,761 - INFO: Entry0:1:1:1:2 init theYp
2023-03-15 16:37:36,763 - INFO: Label:0:1:1:1:2:2(real) set value = 0.0
2023-03-15 16:37:36,765 - INFO: stored value is 0.0
2023-03-15 16:37:36,768 - INFO: Entry0:1:1:1:2 init theZp
2023-03-15 16:37:36,770 - INFO: Label:0:1:1:1:2:3(real) set value = 0.0
2023-03-15 16:37:36,772 - INFO: stored value is 0.0
2023-03-15 16:37:36,774 - INFO: Entry:0:1:1:1:2 type:Point Execute
2023-03-15 16:37:36,776 - INFO: Entry:0:1:1:1:2:1 get value 0.0 
2023-03-15 16:37:36,778 - INFO: Entry:0:1:1:1:2:2 get value 0.0 
2023-03-15 16:37:36,780 - INFO: Entry:0:1:1:1:2:3 get value 0.0 
2023-03-15 16:37:36,782 - INFO: Entry:0:1:1:1:2 Make Point Success
2023-03-15 16:37:36,784 - INFO: Entry0:1:1:1 init position
2023-03-15 16:37:36,786 - INFO: Entry0:1:1:1:3 init theXp
2023-03-15 16:37:36,788 - INFO: Label:0:1:1:1:3:1(real) set value = 0.0
2023-03-15 16:37:36,790 - INFO: stored value is 0.0
2023-03-15 16:37:36,792 - INFO: Entry0:1:1:1:3 init theYp
2023-03-15 16:37:36,794 - INFO: Label:0:1:1:1:3:2(real) set value = 0.0
2023-03-15 16:37:36,796 - INFO: stored value is 0.0
2023-03-15 16:37:36,799 - INFO: Entry0:1:1:1:3 init theZp
2023-03-15 16:37:36,801 - INFO: Label:0:1:1:1:3:3(real) set value = 0.0
2023-03-15 16:37:36,803 - INFO: stored value is 0.0
2023-03-15 16:37:36,805 - INFO: Entry:0:1:1:1:3 type:Point Execute
2023-03-15 16:37:36,807 - INFO: Entry:0:1:1:1:3:1 get value 0.0 
2023-03-15 16:37:36,809 - INFO: Entry:0:1:1:1:3:2 get value 0.0 
2023-03-15 16:37:36,811 - INFO: Entry:0:1:1:1:3:3 get value 0.0 
2023-03-15 16:37:36,814 - INFO: Entry:0:1:1:1:3 Make Point Success
2023-03-15 16:37:36,817 - INFO: Entry:0:1:1:1 type:Transform Execute
2023-03-15 16:37:36,820 - INFO: Entry:0:1:1:1:1 get value 0.0 
2023-03-15 16:37:36,823 - INFO: Entry:0:1:1:1:2 get value <class 'TopoDS_Vertex'> 
2023-03-15 16:37:36,825 - INFO: Entry:0:1:1:1:3 get value <class 'TopoDS_Vertex'> 
2023-03-15 16:37:36,828 - INFO: Entry:0:1:1:1 Make Transform Success
2023-03-15 16:37:36,830 - INFO: Entry0:1:1 init l
2023-03-15 16:37:36,833 - INFO: Label:0:1:1:2(real) set value = 4
2023-03-15 16:37:36,835 - INFO: stored value is 4.0
2023-03-15 16:37:36,839 - INFO: Entry0:1:1 init h
2023-03-15 16:37:36,842 - INFO: Label:0:1:1:3(real) set value = 5
2023-03-15 16:37:36,845 - INFO: stored value is 5.0
2023-03-15 16:37:36,846 - INFO: Entry0:1:1 init w
2023-03-15 16:37:36,848 - INFO: Label:0:1:1:4(real) set value = 4
2023-03-15 16:37:36,850 - INFO: stored value is 4.0
2023-03-15 16:37:36,853 - INFO: Entry:0:1:1:1 get value <class 'TopLoc_Location'> 
2023-03-15 16:37:36,858 - INFO: Entry:0:1:1:2 get value 4.0 
2023-03-15 16:37:36,861 - INFO: Entry:0:1:1:3 get value 5.0 
2023-03-15 16:37:36,864 - INFO: Entry:0:1:1:4 get value 4.0 
2023-03-15 16:37:36,865 - INFO: Driver:Box Execute {'transform': <class 'gp_Trsf'>, 'l': 4.0, 'h': 5.0, 'w': 4.0}
2023-03-15 16:37:36,878 - INFO: Label:debug update presentation
2023-03-15 16:37:36,891 - INFO: -- commit command --
2023-03-15 16:37:43,963 - INFO: -- NewConmand --
2023-03-15 16:37:43,965 - INFO: -- Add New Shape --
2023-03-15 16:37:43,967 - INFO: Type:22d22e50-abca-11d4-8f1a-0060b0ee18e8
2023-03-15 16:37:43,969 - INFO: Name:debug
2023-03-15 16:37:43,972 - INFO: Param:{'Shape': {'transform': {'angle': '0.0', 'rotateAxis': {'theXp': '0.0', 'theYp': '0.0', 'theZp': '0.0'}, 'position': {'theXp': '1', 'theYp': '1', 'theZp': '1'}}, 'l': '4', 'h': '5', 'w': '4'}}
2023-03-15 16:37:43,976 - INFO: Entry:0:1:2
2023-03-15 16:37:43,978 - INFO: Entry0:1:2 init transform
2023-03-15 16:37:43,980 - INFO: Entry0:1:2:1 init angle
2023-03-15 16:37:43,982 - INFO: Label:0:1:2:1:1(real) set value = 0.0
2023-03-15 16:37:43,984 - INFO: stored value is 0.0
2023-03-15 16:37:43,987 - INFO: Entry0:1:2:1 init rotateAxis
2023-03-15 16:37:43,990 - INFO: Entry0:1:2:1:2 init theXp
2023-03-15 16:37:43,991 - INFO: Label:0:1:2:1:2:1(real) set value = 0.0
2023-03-15 16:37:43,993 - INFO: stored value is 0.0
2023-03-15 16:37:43,996 - INFO: Entry0:1:2:1:2 init theYp
2023-03-15 16:37:43,998 - INFO: Label:0:1:2:1:2:2(real) set value = 0.0
2023-03-15 16:37:44,000 - INFO: stored value is 0.0
2023-03-15 16:37:44,002 - INFO: Entry0:1:2:1:2 init theZp
2023-03-15 16:37:44,006 - INFO: Label:0:1:2:1:2:3(real) set value = 0.0
2023-03-15 16:37:44,008 - INFO: stored value is 0.0
2023-03-15 16:37:44,010 - INFO: Entry:0:1:2:1:2 type:Point Execute
2023-03-15 16:37:44,012 - INFO: Entry:0:1:2:1:2:1 get value 0.0 
2023-03-15 16:37:44,013 - INFO: Entry:0:1:2:1:2:2 get value 0.0 
2023-03-15 16:37:44,015 - INFO: Entry:0:1:2:1:2:3 get value 0.0 
2023-03-15 16:37:44,017 - INFO: Entry:0:1:2:1:2 Make Point Success
2023-03-15 16:37:44,020 - INFO: Entry0:1:2:1 init position
2023-03-15 16:37:44,023 - INFO: Entry0:1:2:1:3 init theXp
2023-03-15 16:37:44,025 - INFO: Label:0:1:2:1:3:1(real) set value = 1
2023-03-15 16:37:44,027 - INFO: stored value is 1.0
2023-03-15 16:37:44,029 - INFO: Entry0:1:2:1:3 init theYp
2023-03-15 16:37:44,031 - INFO: Label:0:1:2:1:3:2(real) set value = 1
2023-03-15 16:37:44,033 - INFO: stored value is 1.0
2023-03-15 16:37:44,035 - INFO: Entry0:1:2:1:3 init theZp
2023-03-15 16:37:44,038 - INFO: Label:0:1:2:1:3:3(real) set value = 1
2023-03-15 16:37:44,040 - INFO: stored value is 1.0
2023-03-15 16:37:44,042 - INFO: Entry:0:1:2:1:3 type:Point Execute
2023-03-15 16:37:44,044 - INFO: Entry:0:1:2:1:3:1 get value 1.0 
2023-03-15 16:37:44,046 - INFO: Entry:0:1:2:1:3:2 get value 1.0 
2023-03-15 16:37:44,048 - INFO: Entry:0:1:2:1:3:3 get value 1.0 
2023-03-15 16:37:44,051 - INFO: Entry:0:1:2:1:3 Make Point Success
2023-03-15 16:37:44,055 - INFO: Entry:0:1:2:1 type:Transform Execute
2023-03-15 16:37:44,059 - INFO: Entry:0:1:2:1:1 get value 0.0 
2023-03-15 16:37:44,062 - INFO: Entry:0:1:2:1:2 get value <class 'TopoDS_Vertex'> 
2023-03-15 16:37:44,065 - INFO: Entry:0:1:2:1:3 get value <class 'TopoDS_Vertex'> 
2023-03-15 16:37:44,068 - INFO: Entry:0:1:2:1 Make Transform Success
2023-03-15 16:37:44,072 - INFO: Entry0:1:2 init l
2023-03-15 16:37:44,074 - INFO: Label:0:1:2:2(real) set value = 4
2023-03-15 16:37:44,077 - INFO: stored value is 4.0
2023-03-15 16:37:44,083 - INFO: Entry0:1:2 init h
2023-03-15 16:37:44,088 - INFO: Label:0:1:2:3(real) set value = 5
2023-03-15 16:37:44,091 - INFO: stored value is 5.0
2023-03-15 16:37:44,096 - INFO: Entry0:1:2 init w
2023-03-15 16:37:44,099 - INFO: Label:0:1:2:4(real) set value = 4
2023-03-15 16:37:44,101 - INFO: stored value is 4.0
2023-03-15 16:37:44,104 - INFO: Entry:0:1:2:1 get value <class 'TopLoc_Location'> 
2023-03-15 16:37:44,109 - INFO: Entry:0:1:2:2 get value 4.0 
2023-03-15 16:37:44,111 - INFO: Entry:0:1:2:3 get value 5.0 
2023-03-15 16:37:44,113 - INFO: Entry:0:1:2:4 get value 4.0 
2023-03-15 16:37:44,116 - INFO: Driver:Box Execute {'transform': <class 'gp_Trsf'>, 'l': 4.0, 'h': 5.0, 'w': 4.0}
2023-03-15 16:37:44,124 - INFO: Label:debug update presentation
2023-03-15 16:37:44,133 - INFO: -- commit command --
2023-03-15 16:37:56,792 - INFO: -- NewConmand --
2023-03-15 16:37:56,794 - INFO: -- Add New Shape --
2023-03-15 16:37:56,796 - INFO: Type:22d22e55-abca-11d4-8f1a-0060b0ee18e8
2023-03-15 16:37:56,798 - INFO: Name:debug
2023-03-15 16:37:56,800 - INFO: Param:{'Shape': {'beCutShape': '0:1:1', 'cutShape': '0:1:2'}}
2023-03-15 16:37:56,804 - INFO: Entry:0:1:3
2023-03-15 16:37:56,809 - INFO: Entry0:1:3 init beCutShape
2023-03-15 16:37:56,811 - INFO: Label:0:1:3:1(ShapeRef) set value = 0:1:1
2023-03-15 16:37:56,818 - INFO: Entry:0:1:3:1 type:ShapeRef Execute
2023-03-15 16:37:56,820 - INFO: Entry0:1:3 init cutShape
2023-03-15 16:37:56,822 - INFO: Label:0:1:3:2(ShapeRef) set value = 0:1:2
2023-03-15 16:37:56,824 - INFO: Entry:0:1:3:2 type:ShapeRef Execute
2023-03-15 16:37:56,826 - INFO: Entry:0:1:3 type:Cut Execute
2023-03-15 16:37:56,828 - INFO: Entry:0:1:3:1 get value <class 'TDF_Label'> 
2023-03-15 16:37:56,830 - INFO: Entry:0:1:1 get value <class 'TopoDS_Solid'> 
2023-03-15 16:37:56,832 - INFO: Entry:0:1:3:2 get value <class 'TDF_Label'> 
2023-03-15 16:37:56,834 - INFO: Entry:0:1:2 get value <class 'TopoDS_Solid'> 
2023-03-15 16:37:56,928 - INFO: Label:debug update presentation
2023-03-15 16:37:56,970 - INFO: -- commit command --
