2023-04-20 11:41:06,912 - INFO: create Label:0:, None, 22d22e50-abca-11d4-8f1a-0060b0ee18e8
2023-04-20 11:41:56,512 - INFO: create Label:0:, None, 22d22e50-abca-11d4-8f1a-0060b0ee18e8
2023-04-20 11:42:15,383 - INFO: create Label:0:, None, 22d22e50-abca-11d4-8f1a-0060b0ee18e8
2023-04-20 11:51:35,549 - INFO: create Label:0:, None, 22d22e50-abca-11d4-8f1a-0060b0ee18e8
2023-04-20 11:54:02,252 - INFO: create Label:0:, None, 22d22e50-abca-11d4-8f1a-0060b0ee18e8
2023-04-20 11:54:23,411 - INFO: create Label:0:, None, 22d22e50-abca-11d4-8f1a-0060b0ee18e8
2023-04-20 11:55:43,874 - INFO: create Label:0:, None, 22d22e50-abca-11d4-8f1a-0060b0ee18e8
2023-04-20 11:58:00,006 - INFO: Entry:0:, start init
2023-04-20 11:58:00,009 - INFO: create Label:0:, None, 22d22e50-abca-11d4-8f1a-0060b0ee18e8
2023-04-20 11:58:27,174 - INFO: Entry:0:, start init
2023-04-20 11:58:27,177 - INFO: create Label:0:, None, 22d22e50-abca-11d4-8f1a-0060b0ee18e8
2023-04-20 11:59:37,296 - INFO: Entry:0:, start init
2023-04-20 11:59:37,304 - INFO: create Label:0:, None, 22d22e50-abca-11d4-8f1a-0060b0ee18e8
2023-04-20 12:02:09,693 - INFO: Entry:0:, start init
2023-04-20 12:02:09,696 - INFO: create Label:0:, None, 22d22e50-abca-11d4-8f1a-0060b0ee18e8
2023-04-20 12:03:04,419 - INFO: Entry:0:, start init
2023-04-20 12:04:20,036 - INFO: Entry:0:, start init
2023-04-20 12:04:20,038 - INFO: create Label:0:, None, 22d22e50-abca-11d4-8f1a-0060b0ee18e8
2023-04-20 12:11:11,312 - INFO: Entry:0:, start init
2023-04-20 12:11:11,317 - INFO: create Label:0:, None, 22d22e50-abca-11d4-8f1a-0060b0ee18e8
2023-04-20 12:13:28,233 - INFO: Entry:0:, start init
2023-04-20 12:14:29,115 - INFO: Entry:0:, start init
2023-04-20 12:14:29,117 - INFO: create Label:0:, None, 22d22e50-abca-11d4-8f1a-0060b0ee18e8
2023-04-20 12:14:49,765 - INFO: Entry:0:, start init
2023-04-20 12:22:54,149 - INFO: --------------- Start ------------
2023-04-20 12:22:54,156 - INFO: Entry:0:, start init
2023-04-20 12:24:16,673 - INFO: --------------- Start ------------
2023-04-20 12:24:16,679 - INFO: create Label:0:, None, 22d22e50-abca-11d4-8f1a-0060b0ee18e8
2023-04-20 12:27:19,661 - INFO: --------------- Start ------------
2023-04-20 12:27:19,664 - INFO: create Label:0:, None, 22d22e50-abca-11d4-8f1a-0060b0ee18e8
2023-04-20 12:28:47,860 - INFO: --------------- Start ------------
2023-04-20 12:28:47,864 - INFO: create Label:0:, None, Box:22d22e50-abca-11d4-8f1a-0060b0ee18e8
2023-04-20 12:29:18,011 - INFO: --------------- Start ------------
2023-04-20 12:29:18,019 - INFO: create Label:0:, None, Box:22d22e50-abca-11d4-8f1a-0060b0ee18e8
2023-04-20 12:34:00,677 - INFO: --------------- Start ------------
2023-04-20 12:34:00,680 - INFO: create Label:0:, None, Box:22d22e50-abca-11d4-8f1a-0060b0ee18e8
2023-04-20 12:34:00,682 - INFO: Run
2023-04-20 12:39:22,145 - INFO: --------------- Start ------------
2023-04-20 12:40:07,325 - INFO: --------------- Start ------------
2023-04-20 12:40:07,448 - INFO: create Label:0:1, None, Box:22d22e50-abca-11d4-8f1a-0060b0ee18e8
2023-04-20 12:40:07,451 - INFO: Run
2023-04-20 12:40:07,455 - INFO: Run
2023-04-20 12:40:07,499 - INFO: Entry:0:1, base init complete
2023-04-20 12:40:07,515 - INFO: create Label:0:1:1, None, Transform:22d22e53-abca-11d4-8f1a-0060b0ee18e8
2023-04-20 12:40:07,518 - INFO: Run
2023-04-20 12:40:07,521 - INFO: Run
2023-04-20 12:40:07,529 - INFO: Entry:0:1:1, base init complete
2023-04-20 12:40:51,633 - INFO: --------------- Start ------------
2023-04-20 12:40:51,638 - INFO: create Label:0:1, None, Box:22d22e50-abca-11d4-8f1a-0060b0ee18e8
2023-04-20 12:40:51,642 - INFO: Run
2023-04-20 12:40:51,644 - INFO: Run
2023-04-20 12:40:51,647 - INFO: Entry:0:1, base init complete
2023-04-20 12:40:51,654 - INFO: create Label:0:1:1, None, Transform:22d22e53-abca-11d4-8f1a-0060b0ee18e8
2023-04-20 12:40:51,656 - INFO: Run
2023-04-20 12:40:51,661 - INFO: Run
2023-04-20 12:40:51,667 - INFO: Entry:0:1:1, base init complete
2023-04-20 13:12:56,678 - INFO: --------------- Start ------------
2023-04-20 13:12:56,681 - INFO: create Label:0:1, None, Box:22d22e50-abca-11d4-8f1a-0060b0ee18e8
2023-04-20 13:12:56,683 - INFO: Run
2023-04-20 13:12:56,685 - INFO: Run
2023-04-20 13:12:56,693 - INFO: Entry:0:1, base init complete
2023-04-20 13:12:56,700 - INFO: create Label:0:1:1, None, Transform:22d22e53-abca-11d4-8f1a-0060b0ee18e8
2023-04-20 13:12:56,703 - INFO: Run
2023-04-20 13:12:56,709 - INFO: Run
2023-04-20 13:12:56,714 - INFO: Entry:0:1:1, base init complete
2023-04-20 13:12:56,723 - INFO: create Label:0:1:1:1, None, real:22d22e51-abca-11d4-8f1a-0060b0ee18e8
2023-04-20 13:12:56,725 - INFO: Run
2023-04-20 13:12:56,728 - INFO: Run
2023-04-20 13:12:56,732 - INFO: Entry:0:1:1:1, base init complete
2023-04-20 13:12:56,735 - INFO: change Label:0:1:1:1.value, None, 0
2023-04-20 13:12:56,777 - INFO: Entry:0:1:1:1, end init
2023-04-20 13:12:56,785 - INFO: create Label:0:1:1:2, None, Point:22d22e52-abca-11d4-8f1a-0060b0ee18e8
2023-04-20 13:12:56,788 - INFO: Run
2023-04-20 13:12:56,790 - INFO: Run
2023-04-20 13:12:56,794 - INFO: Entry:0:1:1:2, base init complete
2023-04-20 13:12:56,802 - INFO: create Label:0:1:1:2:1, None, real:22d22e51-abca-11d4-8f1a-0060b0ee18e8
2023-04-20 13:12:56,807 - INFO: Run
2023-04-20 13:12:56,853 - INFO: Run
2023-04-20 13:12:56,905 - INFO: Entry:0:1:1:2:1, base init complete
2023-04-20 13:12:56,910 - INFO: change Label:0:1:1:2:1.value, None, 0
2023-04-20 13:12:56,913 - INFO: Entry:0:1:1:2:1, end init
2023-04-20 13:12:56,925 - INFO: create Label:0:1:1:2:2, None, real:22d22e51-abca-11d4-8f1a-0060b0ee18e8
2023-04-20 13:12:56,937 - INFO: Run
2023-04-20 13:12:56,942 - INFO: Run
2023-04-20 13:12:56,949 - INFO: Entry:0:1:1:2:2, base init complete
2023-04-20 13:12:56,954 - INFO: change Label:0:1:1:2:2.value, None, 0
2023-04-20 13:12:56,960 - INFO: Entry:0:1:1:2:2, end init
2023-04-20 13:12:56,965 - INFO: create Label:0:1:1:2:3, None, real:22d22e51-abca-11d4-8f1a-0060b0ee18e8
2023-04-20 13:12:56,970 - INFO: Run
2023-04-20 13:12:56,972 - INFO: Run
2023-04-20 13:12:56,976 - INFO: Entry:0:1:1:2:3, base init complete
2023-04-20 13:12:56,978 - INFO: change Label:0:1:1:2:3.value, None, 0
2023-04-20 13:12:56,980 - INFO: Entry:0:1:1:2:3, end init
2023-04-20 13:12:57,014 - INFO: create Label:0:1:1:3, None, Point:22d22e52-abca-11d4-8f1a-0060b0ee18e8
2023-04-20 13:12:57,016 - INFO: Run
2023-04-20 13:12:57,021 - INFO: Run
2023-04-20 13:12:57,028 - INFO: Entry:0:1:1:3, base init complete
2023-04-20 13:12:57,039 - INFO: create Label:0:1:1:3:1, None, real:22d22e51-abca-11d4-8f1a-0060b0ee18e8
2023-04-20 13:12:57,041 - INFO: Run
2023-04-20 13:12:57,042 - INFO: Run
2023-04-20 13:12:57,047 - INFO: Entry:0:1:1:3:1, base init complete
2023-04-20 13:12:57,049 - INFO: change Label:0:1:1:3:1.value, None, 0
2023-04-20 13:12:57,051 - INFO: Entry:0:1:1:3:1, end init
2023-04-20 13:12:57,060 - INFO: create Label:0:1:1:3:2, None, real:22d22e51-abca-11d4-8f1a-0060b0ee18e8
2023-04-20 13:12:57,065 - INFO: Run
2023-04-20 13:12:57,068 - INFO: Run
2023-04-20 13:12:57,072 - INFO: Entry:0:1:1:3:2, base init complete
2023-04-20 13:12:57,074 - INFO: change Label:0:1:1:3:2.value, None, 0
2023-04-20 13:12:57,077 - INFO: Entry:0:1:1:3:2, end init
2023-04-20 13:12:57,082 - INFO: create Label:0:1:1:3:3, None, real:22d22e51-abca-11d4-8f1a-0060b0ee18e8
2023-04-20 13:12:57,084 - INFO: Run
2023-04-20 13:12:57,088 - INFO: Run
2023-04-20 13:12:57,100 - INFO: Entry:0:1:1:3:3, base init complete
2023-04-20 13:12:57,105 - INFO: change Label:0:1:1:3:3.value, None, 0
2023-04-20 13:12:57,110 - INFO: Entry:0:1:1:3:3, end init
2023-04-20 13:12:57,128 - INFO: create Label:0:1:2, None, real:22d22e51-abca-11d4-8f1a-0060b0ee18e8
2023-04-20 13:12:57,130 - INFO: Run
2023-04-20 13:12:57,132 - INFO: Run
2023-04-20 13:12:57,137 - INFO: Entry:0:1:2, base init complete
2023-04-20 13:12:57,142 - INFO: change Label:0:1:2.value, None, 0
2023-04-20 13:12:57,144 - INFO: Entry:0:1:2, end init
2023-04-20 13:12:57,148 - INFO: create Label:0:1:3, None, real:22d22e51-abca-11d4-8f1a-0060b0ee18e8
2023-04-20 13:12:57,150 - INFO: Run
2023-04-20 13:12:57,158 - INFO: Run
2023-04-20 13:12:57,163 - INFO: Entry:0:1:3, base init complete
2023-04-20 13:12:57,165 - INFO: change Label:0:1:3.value, None, 0
2023-04-20 13:12:57,169 - INFO: Entry:0:1:3, end init
2023-04-20 13:12:57,177 - INFO: create Label:0:1:4, None, real:22d22e51-abca-11d4-8f1a-0060b0ee18e8
2023-04-20 13:12:57,179 - INFO: Run
2023-04-20 13:12:57,181 - INFO: Run
2023-04-20 13:12:57,188 - INFO: Entry:0:1:4, base init complete
2023-04-20 13:12:57,190 - INFO: change Label:0:1:4.value, None, 0
2023-04-20 13:12:57,192 - INFO: Entry:0:1:4, end init
2023-04-20 13:13:13,024 - INFO: --------------- Start ------------
2023-04-20 13:13:13,028 - INFO: create Label:0:1, None, Box:22d22e50-abca-11d4-8f1a-0060b0ee18e8
2023-04-20 13:13:13,030 - INFO: Run
2023-04-20 13:13:13,032 - INFO: Run
2023-04-20 13:13:13,040 - INFO: Entry:0:1, base init complete
2023-04-20 13:13:13,050 - INFO: create Label:0:1:1, None, Transform:22d22e53-abca-11d4-8f1a-0060b0ee18e8
2023-04-20 13:13:13,052 - INFO: Run
2023-04-20 13:13:13,055 - INFO: Run
2023-04-20 13:13:13,059 - INFO: Entry:0:1:1, base init complete
2023-04-20 13:13:13,065 - INFO: create Label:0:1:1:1, None, real:22d22e51-abca-11d4-8f1a-0060b0ee18e8
2023-04-20 13:13:13,067 - INFO: Run
2023-04-20 13:13:13,071 - INFO: Run
2023-04-20 13:13:13,084 - INFO: Entry:0:1:1:1, base init complete
2023-04-20 13:13:13,088 - INFO: change Label:0:1:1:1.value, None, 0
2023-04-20 13:13:13,093 - INFO: Entry:0:1:1:1, end init
2023-04-20 13:13:13,097 - INFO: create Label:0:1:1:2, None, Point:22d22e52-abca-11d4-8f1a-0060b0ee18e8
2023-04-20 13:13:13,100 - INFO: Run
2023-04-20 13:13:13,102 - INFO: Run
2023-04-20 13:13:13,105 - INFO: Entry:0:1:1:2, base init complete
2023-04-20 13:13:13,116 - INFO: create Label:0:1:1:2:1, None, real:22d22e51-abca-11d4-8f1a-0060b0ee18e8
2023-04-20 13:13:13,119 - INFO: Run
2023-04-20 13:13:13,124 - INFO: Run
2023-04-20 13:13:13,129 - INFO: Entry:0:1:1:2:1, base init complete
2023-04-20 13:13:13,131 - INFO: change Label:0:1:1:2:1.value, None, 0
2023-04-20 13:13:13,133 - INFO: Entry:0:1:1:2:1, end init
2023-04-20 13:13:13,137 - INFO: create Label:0:1:1:2:2, None, real:22d22e51-abca-11d4-8f1a-0060b0ee18e8
2023-04-20 13:13:13,140 - INFO: Run
2023-04-20 13:13:13,144 - INFO: Run
2023-04-20 13:13:13,149 - INFO: Entry:0:1:1:2:2, base init complete
2023-04-20 13:13:13,152 - INFO: change Label:0:1:1:2:2.value, None, 0
2023-04-20 13:13:13,158 - INFO: Entry:0:1:1:2:2, end init
2023-04-20 13:13:13,164 - INFO: create Label:0:1:1:2:3, None, real:22d22e51-abca-11d4-8f1a-0060b0ee18e8
2023-04-20 13:13:13,166 - INFO: Run
2023-04-20 13:13:13,168 - INFO: Run
2023-04-20 13:13:13,176 - INFO: Entry:0:1:1:2:3, base init complete
2023-04-20 13:13:13,178 - INFO: change Label:0:1:1:2:3.value, None, 0
2023-04-20 13:13:13,180 - INFO: Entry:0:1:1:2:3, end init
2023-04-20 13:13:13,192 - INFO: create Label:0:1:1:3, None, Point:22d22e52-abca-11d4-8f1a-0060b0ee18e8
2023-04-20 13:13:13,195 - INFO: Run
2023-04-20 13:13:13,197 - INFO: Run
2023-04-20 13:13:13,204 - INFO: Entry:0:1:1:3, base init complete
2023-04-20 13:13:13,211 - INFO: create Label:0:1:1:3:1, None, real:22d22e51-abca-11d4-8f1a-0060b0ee18e8
2023-04-20 13:13:13,213 - INFO: Run
2023-04-20 13:13:13,215 - INFO: Run
2023-04-20 13:13:13,221 - INFO: Entry:0:1:1:3:1, base init complete
2023-04-20 13:13:13,225 - INFO: change Label:0:1:1:3:1.value, None, 0
2023-04-20 13:13:13,228 - INFO: Entry:0:1:1:3:1, end init
2023-04-20 13:13:13,233 - INFO: create Label:0:1:1:3:2, None, real:22d22e51-abca-11d4-8f1a-0060b0ee18e8
2023-04-20 13:13:13,238 - INFO: Run
2023-04-20 13:13:13,241 - INFO: Run
2023-04-20 13:13:13,245 - INFO: Entry:0:1:1:3:2, base init complete
2023-04-20 13:13:13,247 - INFO: change Label:0:1:1:3:2.value, None, 0
2023-04-20 13:13:13,250 - INFO: Entry:0:1:1:3:2, end init
2023-04-20 13:13:13,258 - INFO: create Label:0:1:1:3:3, None, real:22d22e51-abca-11d4-8f1a-0060b0ee18e8
2023-04-20 13:13:13,261 - INFO: Run
2023-04-20 13:13:13,265 - INFO: Run
2023-04-20 13:13:13,270 - INFO: Entry:0:1:1:3:3, base init complete
2023-04-20 13:13:13,272 - INFO: change Label:0:1:1:3:3.value, None, 0
2023-04-20 13:13:13,274 - INFO: Entry:0:1:1:3:3, end init
2023-04-20 13:13:13,288 - INFO: create Label:0:1:2, None, real:22d22e51-abca-11d4-8f1a-0060b0ee18e8
2023-04-20 13:13:13,292 - INFO: Run
2023-04-20 13:13:13,296 - INFO: Run
2023-04-20 13:13:13,305 - INFO: Entry:0:1:2, base init complete
2023-04-20 13:13:13,310 - INFO: change Label:0:1:2.value, None, 0
2023-04-20 13:13:13,314 - INFO: Entry:0:1:2, end init
2023-04-20 13:13:13,318 - INFO: create Label:0:1:3, None, real:22d22e51-abca-11d4-8f1a-0060b0ee18e8
2023-04-20 13:13:13,320 - INFO: Run
2023-04-20 13:13:13,322 - INFO: Run
2023-04-20 13:13:13,329 - INFO: Entry:0:1:3, base init complete
2023-04-20 13:13:13,332 - INFO: change Label:0:1:3.value, None, 0
2023-04-20 13:13:13,336 - INFO: Entry:0:1:3, end init
2023-04-20 13:13:13,345 - INFO: create Label:0:1:4, None, real:22d22e51-abca-11d4-8f1a-0060b0ee18e8
2023-04-20 13:13:13,347 - INFO: Run
2023-04-20 13:13:13,349 - INFO: Run
2023-04-20 13:13:13,353 - INFO: Entry:0:1:4, base init complete
2023-04-20 13:13:13,357 - INFO: change Label:0:1:4.value, None, 0
2023-04-20 13:13:13,361 - INFO: Entry:0:1:4, end init
2023-04-20 13:14:07,662 - INFO: --------------- Start ------------
2023-04-20 13:14:07,665 - INFO: create Label:0:1, None, Box:22d22e50-abca-11d4-8f1a-0060b0ee18e8
2023-04-20 13:14:07,667 - INFO: Run
2023-04-20 13:14:07,671 - INFO: Run
2023-04-20 13:14:07,678 - INFO: Entry:0:1, base init complete
2023-04-20 13:14:07,689 - INFO: create Label:0:1:1, None, Transform:22d22e53-abca-11d4-8f1a-0060b0ee18e8
2023-04-20 13:14:07,691 - INFO: Run
2023-04-20 13:14:07,694 - INFO: Run
2023-04-20 13:14:07,698 - INFO: Entry:0:1:1, base init complete
2023-04-20 13:14:07,710 - INFO: create Label:0:1:1:1, None, real:22d22e51-abca-11d4-8f1a-0060b0ee18e8
2023-04-20 13:14:07,714 - INFO: Run
2023-04-20 13:14:07,717 - INFO: Run
2023-04-20 13:14:07,724 - INFO: Entry:0:1:1:1, base init complete
2023-04-20 13:14:07,727 - INFO: change Label:0:1:1:1.value, None, 0
2023-04-20 13:14:07,730 - INFO: Entry:0:1:1:1, end init
2023-04-20 13:14:07,733 - INFO: create Label:0:1:1:2, None, Point:22d22e52-abca-11d4-8f1a-0060b0ee18e8
2023-04-20 13:14:07,735 - INFO: Run
2023-04-20 13:14:07,737 - INFO: Run
2023-04-20 13:14:07,741 - INFO: Entry:0:1:1:2, base init complete
2023-04-20 13:14:07,753 - INFO: create Label:0:1:1:2:1, None, real:22d22e51-abca-11d4-8f1a-0060b0ee18e8
2023-04-20 13:14:07,757 - INFO: Run
2023-04-20 13:14:07,760 - INFO: Run
2023-04-20 13:14:07,765 - INFO: Entry:0:1:1:2:1, base init complete
2023-04-20 13:14:07,767 - INFO: change Label:0:1:1:2:1.value, None, 0
2023-04-20 13:14:07,769 - INFO: Entry:0:1:1:2:1, end init
2023-04-20 13:14:07,772 - INFO: create Label:0:1:1:2:2, None, real:22d22e51-abca-11d4-8f1a-0060b0ee18e8
2023-04-20 13:14:07,776 - INFO: Run
2023-04-20 13:14:07,780 - INFO: Run
2023-04-20 13:14:07,784 - INFO: Entry:0:1:1:2:2, base init complete
2023-04-20 13:14:07,787 - INFO: change Label:0:1:1:2:2.value, None, 0
2023-04-20 13:14:07,792 - INFO: Entry:0:1:1:2:2, end init
2023-04-20 13:14:07,797 - INFO: create Label:0:1:1:2:3, None, real:22d22e51-abca-11d4-8f1a-0060b0ee18e8
2023-04-20 13:14:07,800 - INFO: Run
2023-04-20 13:14:07,802 - INFO: Run
2023-04-20 13:14:07,806 - INFO: Entry:0:1:1:2:3, base init complete
2023-04-20 13:14:07,810 - INFO: change Label:0:1:1:2:3.value, None, 0
2023-04-20 13:14:07,813 - INFO: Entry:0:1:1:2:3, end init
2023-04-20 13:14:07,825 - INFO: create Label:0:1:1:3, None, Point:22d22e52-abca-11d4-8f1a-0060b0ee18e8
2023-04-20 13:14:07,827 - INFO: Run
2023-04-20 13:14:07,829 - INFO: Run
2023-04-20 13:14:07,833 - INFO: Entry:0:1:1:3, base init complete
2023-04-20 13:14:07,843 - INFO: create Label:0:1:1:3:1, None, real:22d22e51-abca-11d4-8f1a-0060b0ee18e8
2023-04-20 13:14:07,851 - INFO: Run
2023-04-20 13:14:07,861 - INFO: Run
2023-04-20 13:14:07,868 - INFO: Entry:0:1:1:3:1, base init complete
2023-04-20 13:14:07,871 - INFO: change Label:0:1:1:3:1.value, None, 0
2023-04-20 13:14:07,874 - INFO: Entry:0:1:1:3:1, end init
2023-04-20 13:14:07,879 - INFO: create Label:0:1:1:3:2, None, real:22d22e51-abca-11d4-8f1a-0060b0ee18e8
2023-04-20 13:14:07,881 - INFO: Run
2023-04-20 13:14:07,883 - INFO: Run
2023-04-20 13:14:07,891 - INFO: Entry:0:1:1:3:2, base init complete
2023-04-20 13:14:07,894 - INFO: change Label:0:1:1:3:2.value, None, 0
2023-04-20 13:14:07,896 - INFO: Entry:0:1:1:3:2, end init
2023-04-20 13:14:07,900 - INFO: create Label:0:1:1:3:3, None, real:22d22e51-abca-11d4-8f1a-0060b0ee18e8
2023-04-20 13:14:07,905 - INFO: Run
2023-04-20 13:14:07,907 - INFO: Run
2023-04-20 13:14:07,911 - INFO: Entry:0:1:1:3:3, base init complete
2023-04-20 13:14:07,913 - INFO: change Label:0:1:1:3:3.value, None, 0
2023-04-20 13:14:07,915 - INFO: Entry:0:1:1:3:3, end init
2023-04-20 13:14:07,932 - INFO: create Label:0:1:2, None, real:22d22e51-abca-11d4-8f1a-0060b0ee18e8
2023-04-20 13:14:07,936 - INFO: Run
2023-04-20 13:14:07,939 - INFO: Run
2023-04-20 13:14:07,943 - INFO: Entry:0:1:2, base init complete
2023-04-20 13:14:07,946 - INFO: change Label:0:1:2.value, None, 0
2023-04-20 13:14:07,948 - INFO: Entry:0:1:2, end init
2023-04-20 13:14:07,956 - INFO: create Label:0:1:3, None, real:22d22e51-abca-11d4-8f1a-0060b0ee18e8
2023-04-20 13:14:07,959 - INFO: Run
2023-04-20 13:14:07,962 - INFO: Run
2023-04-20 13:14:07,967 - INFO: Entry:0:1:3, base init complete
2023-04-20 13:14:07,971 - INFO: change Label:0:1:3.value, None, 0
2023-04-20 13:14:07,973 - INFO: Entry:0:1:3, end init
2023-04-20 13:14:07,977 - INFO: create Label:0:1:4, None, real:22d22e51-abca-11d4-8f1a-0060b0ee18e8
2023-04-20 13:14:07,979 - INFO: Run
2023-04-20 13:14:07,981 - INFO: Run
2023-04-20 13:14:07,986 - INFO: Entry:0:1:4, base init complete
2023-04-20 13:14:07,990 - INFO: change Label:0:1:4.value, None, 0
2023-04-20 13:14:07,993 - INFO: Entry:0:1:4, end init
2023-04-20 13:14:28,496 - INFO: --------------- Start ------------
2023-04-20 13:14:28,500 - INFO: create Label:0:1, None, Box:22d22e50-abca-11d4-8f1a-0060b0ee18e8
2023-04-20 13:14:28,502 - INFO: Run
2023-04-20 13:14:28,506 - INFO: Run
2023-04-20 13:14:28,511 - INFO: Entry:0:1, base init complete
2023-04-20 13:14:28,518 - INFO: create Label:0:1:1, None, Transform:22d22e53-abca-11d4-8f1a-0060b0ee18e8
2023-04-20 13:14:28,523 - INFO: Run
2023-04-20 13:14:28,526 - INFO: Run
2023-04-20 13:14:28,531 - INFO: Entry:0:1:1, base init complete
2023-04-20 13:14:28,542 - INFO: create Label:0:1:1:1, None, real:22d22e51-abca-11d4-8f1a-0060b0ee18e8
2023-04-20 13:14:28,544 - INFO: Run
2023-04-20 13:14:28,546 - INFO: Run
2023-04-20 13:14:28,551 - INFO: Entry:0:1:1:1, base init complete
2023-04-20 13:14:28,556 - INFO: change Label:0:1:1:1.value, None, 0
2023-04-20 13:14:28,560 - INFO: Entry:0:1:1:1, end init
2023-04-20 13:14:28,566 - INFO: create Label:0:1:1:2, None, Point:22d22e52-abca-11d4-8f1a-0060b0ee18e8
2023-04-20 13:14:28,569 - INFO: Run
2023-04-20 13:14:28,571 - INFO: Run
2023-04-20 13:14:28,575 - INFO: Entry:0:1:1:2, base init complete
2023-04-20 13:14:28,581 - INFO: create Label:0:1:1:2:1, None, real:22d22e51-abca-11d4-8f1a-0060b0ee18e8
2023-04-20 13:14:28,584 - INFO: Run
2023-04-20 13:14:28,587 - INFO: Run
2023-04-20 13:14:28,593 - INFO: Entry:0:1:1:2:1, base init complete
2023-04-20 13:14:28,596 - INFO: change Label:0:1:1:2:1.value, None, 0
2023-04-20 13:14:28,601 - INFO: Entry:0:1:1:2:1, end init
2023-04-20 13:14:28,605 - INFO: create Label:0:1:1:2:2, None, real:22d22e51-abca-11d4-8f1a-0060b0ee18e8
2023-04-20 13:14:28,607 - INFO: Run
2023-04-20 13:14:28,609 - INFO: Run
2023-04-20 13:14:28,612 - INFO: Entry:0:1:1:2:2, base init complete
2023-04-20 13:14:28,614 - INFO: change Label:0:1:1:2:2.value, None, 0
2023-04-20 13:14:28,616 - INFO: Entry:0:1:1:2:2, end init
2023-04-20 13:14:28,625 - INFO: create Label:0:1:1:2:3, None, real:22d22e51-abca-11d4-8f1a-0060b0ee18e8
2023-04-20 13:14:28,628 - INFO: Run
2023-04-20 13:14:28,632 - INFO: Run
2023-04-20 13:14:28,639 - INFO: Entry:0:1:1:2:3, base init complete
2023-04-20 13:14:28,642 - INFO: change Label:0:1:1:2:3.value, None, 0
2023-04-20 13:14:28,645 - INFO: Entry:0:1:1:2:3, end init
2023-04-20 13:14:28,654 - INFO: create Label:0:1:1:3, None, Point:22d22e52-abca-11d4-8f1a-0060b0ee18e8
2023-04-20 13:14:28,656 - INFO: Run
2023-04-20 13:14:28,658 - INFO: Run
2023-04-20 13:14:28,666 - INFO: Entry:0:1:1:3, base init complete
2023-04-20 13:14:28,678 - INFO: create Label:0:1:1:3:1, None, real:22d22e51-abca-11d4-8f1a-0060b0ee18e8
2023-04-20 13:14:28,680 - INFO: Run
2023-04-20 13:14:28,683 - INFO: Run
2023-04-20 13:14:28,687 - INFO: Entry:0:1:1:3:1, base init complete
2023-04-20 13:14:28,689 - INFO: change Label:0:1:1:3:1.value, None, 0
2023-04-20 13:14:28,694 - INFO: Entry:0:1:1:3:1, end init
2023-04-20 13:14:28,705 - INFO: create Label:0:1:1:3:2, None, real:22d22e51-abca-11d4-8f1a-0060b0ee18e8
2023-04-20 13:14:28,712 - INFO: Run
2023-04-20 13:14:28,715 - INFO: Run
2023-04-20 13:14:28,719 - INFO: Entry:0:1:1:3:2, base init complete
2023-04-20 13:14:28,721 - INFO: change Label:0:1:1:3:2.value, None, 0
2023-04-20 13:14:28,725 - INFO: Entry:0:1:1:3:2, end init
2023-04-20 13:14:28,730 - INFO: create Label:0:1:1:3:3, None, real:22d22e51-abca-11d4-8f1a-0060b0ee18e8
2023-04-20 13:14:28,732 - INFO: Run
2023-04-20 13:14:28,735 - INFO: Run
2023-04-20 13:14:28,744 - INFO: Entry:0:1:1:3:3, base init complete
2023-04-20 13:14:28,746 - INFO: change Label:0:1:1:3:3.value, None, 0
2023-04-20 13:14:28,748 - INFO: Entry:0:1:1:3:3, end init
2023-04-20 13:14:28,763 - INFO: create Label:0:1:2, None, real:22d22e51-abca-11d4-8f1a-0060b0ee18e8
2023-04-20 13:14:28,765 - INFO: Run
2023-04-20 13:14:28,767 - INFO: Run
2023-04-20 13:14:28,776 - INFO: Entry:0:1:2, base init complete
2023-04-20 13:14:28,779 - INFO: change Label:0:1:2.value, None, 0
2023-04-20 13:14:28,781 - INFO: Entry:0:1:2, end init
2023-04-20 13:14:28,787 - INFO: create Label:0:1:3, None, real:22d22e51-abca-11d4-8f1a-0060b0ee18e8
2023-04-20 13:14:28,790 - INFO: Run
2023-04-20 13:14:28,792 - INFO: Run
2023-04-20 13:14:28,796 - INFO: Entry:0:1:3, base init complete
2023-04-20 13:14:28,799 - INFO: change Label:0:1:3.value, None, 0
2023-04-20 13:14:28,802 - INFO: Entry:0:1:3, end init
2023-04-20 13:14:28,809 - INFO: create Label:0:1:4, None, real:22d22e51-abca-11d4-8f1a-0060b0ee18e8
2023-04-20 13:14:28,812 - INFO: Run
2023-04-20 13:14:28,814 - INFO: Run
2023-04-20 13:14:28,821 - INFO: Entry:0:1:4, base init complete
2023-04-20 13:14:28,823 - INFO: change Label:0:1:4.value, None, 0
2023-04-20 13:14:28,825 - INFO: Entry:0:1:4, end init
2023-04-20 13:15:00,219 - INFO: --------------- Start ------------
2023-04-20 13:15:00,227 - INFO: create Label:0:1, None, Box:22d22e50-abca-11d4-8f1a-0060b0ee18e8
2023-04-20 13:15:00,229 - INFO: Run
2023-04-20 13:15:00,231 - INFO: Run
2023-04-20 13:15:00,235 - INFO: Entry:0:1, base init complete
2023-04-20 13:15:00,244 - INFO: create Label:0:1:1, None, Transform:22d22e53-abca-11d4-8f1a-0060b0ee18e8
2023-04-20 13:15:00,246 - INFO: Run
2023-04-20 13:15:00,248 - INFO: Run
2023-04-20 13:15:00,256 - INFO: Entry:0:1:1, base init complete
2023-04-20 13:15:00,266 - INFO: create Label:0:1:1:1, None, real:22d22e51-abca-11d4-8f1a-0060b0ee18e8
2023-04-20 13:15:00,270 - INFO: Run
2023-04-20 13:15:00,273 - INFO: Run
2023-04-20 13:15:00,278 - INFO: Entry:0:1:1:1, base init complete
2023-04-20 13:15:00,280 - INFO: change Label:0:1:1:1.value, None, 0
2023-04-20 13:15:00,283 - INFO: Entry:0:1:1:1, end init
2023-04-20 13:15:00,293 - INFO: create Label:0:1:1:2, None, Point:22d22e52-abca-11d4-8f1a-0060b0ee18e8
2023-04-20 13:15:00,296 - INFO: Run
2023-04-20 13:15:00,298 - INFO: Run
2023-04-20 13:15:00,308 - INFO: Entry:0:1:1:2, base init complete
2023-04-20 13:15:00,316 - INFO: create Label:0:1:1:2:1, None, real:22d22e51-abca-11d4-8f1a-0060b0ee18e8
2023-04-20 13:15:00,320 - INFO: Run
2023-04-20 13:15:00,325 - INFO: Run
2023-04-20 13:15:00,340 - INFO: Entry:0:1:1:2:1, base init complete
2023-04-20 13:15:00,344 - INFO: change Label:0:1:1:2:1.value, None, 0
2023-04-20 13:15:00,347 - INFO: Entry:0:1:1:2:1, end init
2023-04-20 13:15:00,358 - INFO: create Label:0:1:1:2:2, None, real:22d22e51-abca-11d4-8f1a-0060b0ee18e8
2023-04-20 13:15:00,365 - INFO: Run
2023-04-20 13:15:00,369 - INFO: Run
2023-04-20 13:15:00,379 - INFO: Entry:0:1:1:2:2, base init complete
2023-04-20 13:15:00,381 - INFO: change Label:0:1:1:2:2.value, None, 0
2023-04-20 13:15:00,384 - INFO: Entry:0:1:1:2:2, end init
2023-04-20 13:15:00,389 - INFO: create Label:0:1:1:2:3, None, real:22d22e51-abca-11d4-8f1a-0060b0ee18e8
2023-04-20 13:15:00,393 - INFO: Run
2023-04-20 13:15:00,395 - INFO: Run
2023-04-20 13:15:00,400 - INFO: Entry:0:1:1:2:3, base init complete
2023-04-20 13:15:00,403 - INFO: change Label:0:1:1:2:3.value, None, 0
2023-04-20 13:15:00,411 - INFO: Entry:0:1:1:2:3, end init
2023-04-20 13:15:00,425 - INFO: create Label:0:1:1:3, None, Point:22d22e52-abca-11d4-8f1a-0060b0ee18e8
2023-04-20 13:15:00,428 - INFO: Run
2023-04-20 13:15:00,431 - INFO: Run
2023-04-20 13:15:00,438 - INFO: Entry:0:1:1:3, base init complete
2023-04-20 13:15:00,449 - INFO: create Label:0:1:1:3:1, None, real:22d22e51-abca-11d4-8f1a-0060b0ee18e8
2023-04-20 13:15:00,452 - INFO: Run
2023-04-20 13:15:00,457 - INFO: Run
2023-04-20 13:15:00,462 - INFO: Entry:0:1:1:3:1, base init complete
2023-04-20 13:15:00,464 - INFO: change Label:0:1:1:3:1.value, None, 0
2023-04-20 13:15:00,467 - INFO: Entry:0:1:1:3:1, end init
2023-04-20 13:15:00,475 - INFO: create Label:0:1:1:3:2, None, real:22d22e51-abca-11d4-8f1a-0060b0ee18e8
2023-04-20 13:15:00,478 - INFO: Run
2023-04-20 13:15:00,481 - INFO: Run
2023-04-20 13:15:00,489 - INFO: Entry:0:1:1:3:2, base init complete
2023-04-20 13:15:00,491 - INFO: change Label:0:1:1:3:2.value, None, 0
2023-04-20 13:15:00,494 - INFO: Entry:0:1:1:3:2, end init
2023-04-20 13:15:00,499 - INFO: create Label:0:1:1:3:3, None, real:22d22e51-abca-11d4-8f1a-0060b0ee18e8
2023-04-20 13:15:00,503 - INFO: Run
2023-04-20 13:15:00,511 - INFO: Run
2023-04-20 13:15:00,518 - INFO: Entry:0:1:1:3:3, base init complete
2023-04-20 13:15:00,520 - INFO: change Label:0:1:1:3:3.value, None, 0
2023-04-20 13:15:00,523 - INFO: Entry:0:1:1:3:3, end init
2023-04-20 13:15:00,541 - INFO: create Label:0:1:2, None, real:22d22e51-abca-11d4-8f1a-0060b0ee18e8
2023-04-20 13:15:00,544 - INFO: Run
2023-04-20 13:15:00,549 - INFO: Run
2023-04-20 13:15:00,557 - INFO: Entry:0:1:2, base init complete
2023-04-20 13:15:00,563 - INFO: change Label:0:1:2.value, None, 0
2023-04-20 13:15:00,565 - INFO: Entry:0:1:2, end init
2023-04-20 13:15:00,569 - INFO: create Label:0:1:3, None, real:22d22e51-abca-11d4-8f1a-0060b0ee18e8
2023-04-20 13:15:00,571 - INFO: Run
2023-04-20 13:15:00,574 - INFO: Run
2023-04-20 13:15:00,583 - INFO: Entry:0:1:3, base init complete
2023-04-20 13:15:00,586 - INFO: change Label:0:1:3.value, None, 0
2023-04-20 13:15:00,591 - INFO: Entry:0:1:3, end init
2023-04-20 13:15:00,596 - INFO: create Label:0:1:4, None, real:22d22e51-abca-11d4-8f1a-0060b0ee18e8
2023-04-20 13:15:00,599 - INFO: Run
2023-04-20 13:15:00,601 - INFO: Run
2023-04-20 13:15:00,608 - INFO: Entry:0:1:4, base init complete
2023-04-20 13:15:00,611 - INFO: change Label:0:1:4.value, None, 0
2023-04-20 13:15:00,613 - INFO: Entry:0:1:4, end init
