2023-03-31 01:48:44,974 - INFO: Start init NewParamBuilder 
2023-03-31 01:48:45,087 - INFO: Type:Box Driver:22d22e50-abca-11d4-8f1a-0060b0ee18e8
2023-03-31 01:50:01,307 - INFO: Start init NewParamBuilder 
2023-03-31 01:50:01,310 - INFO: Type:Box Driver:22d22e50-abca-11d4-8f1a-0060b0ee18e8
2023-03-31 01:52:35,848 - INFO: Start init NewParamBuilder 
2023-03-31 01:52:35,850 - INFO: Type:Box Driver:22d22e50-abca-11d4-8f1a-0060b0ee18e8
2023-03-31 01:54:41,635 - INFO: Start init NewParamBuilder 
2023-03-31 01:54:41,637 - INFO: Type:Box Driver:22d22e50-abca-11d4-8f1a-0060b0ee18e8
2023-03-31 01:54:41,639 - INFO: name:shape
2023-03-31 01:54:41,640 - INFO: parent:0:1
2023-03-31 01:54:41,643 - INFO: shape:{'transform': {'angle': 0.0, 'rotateAxis': {'theXp': 0.0, 'theYp': 0.0, 'theZp': 0.0}, 'position': {'theXp': 0.0, 'theYp': 0.0, 'theZp': 0.0}}, 'l': 0.0, 'h': 0.0, 'w': 0.0}
2023-03-31 01:54:41,646 - INFO: End init NewParamBuilder 
2023-03-31 01:54:41,797 - INFO: change item:Parent, col:1 to text:0:1
2023-03-31 01:54:42,004 - INFO: change item:Name, col:1 to text:shape
2023-03-31 01:54:42,026 - INFO: change item:angle, col:1 to text:0.0
2023-03-31 01:54:42,029 - INFO: change item:theXp, col:1 to text:0.0
2023-03-31 01:54:42,031 - INFO: change item:theYp, col:1 to text:0.0
2023-03-31 01:54:42,034 - INFO: change item:theZp, col:1 to text:0.0
2023-03-31 01:54:42,036 - INFO: change item:theXp, col:1 to text:0.0
2023-03-31 01:54:42,038 - INFO: change item:theYp, col:1 to text:0.0
2023-03-31 01:54:42,041 - INFO: change item:theZp, col:1 to text:0.0
2023-03-31 01:54:42,044 - INFO: change item:l, col:1 to text:0.0
2023-03-31 01:54:42,046 - INFO: change item:h, col:1 to text:0.0
2023-03-31 01:54:42,048 - INFO: change item:w, col:1 to text:0.0
2023-03-31 01:54:42,051 - INFO: ParamTree:<RedPanda.widgets.Logic_Construct.Logic_Construct object at 0x0000015CD09C53A0>
