
2023-04-28 02:45:03,705 - WARNING: Entry:0:1:1:1:2, type:Point, Execute Falied

2023-04-28 02:45:03,740 - WARNING: Entry:0:1:1:1:3, type:Point, Execute Falied

2023-04-28 02:45:03,742 - WARNING: Entry:0:1:1:1, type:Transform, Execute Falied

2023-04-28 02:45:03,770 - WARNING: Entry:0:1:1, type:Box, Execute Falied

2023-04-28 02:46:26,461 - WARNING: Entry:0:1:1:1:2, type:Point, Execute Falied

2023-04-28 02:46:26,495 - WARNING: Entry:0:1:1:1:3, type:Point, Execute Falied

2023-04-28 02:46:26,497 - WARNING: Entry:0:1:1:1, type:Transform, Execute Falied

2023-04-28 02:46:26,524 - WARNING: Entry:0:1:1, type:Box, Execute Falied

2023-04-28 02:46:28,899 - WARNING: 0:1:1 don't find c4ef4200-568f-11d1-8940-080009dc3333 

2023-04-28 02:48:06,194 - WARNING: Entry:0:1:1:1:2, type:Point, Execute Falied

2023-04-28 02:48:06,233 - WARNING: Entry:0:1:1:1:3, type:Point, Execute Falied

2023-04-28 02:48:06,235 - WARNING: Entry:0:1:1:1, type:Transform, Execute Falied

2023-04-28 02:48:06,262 - WARNING: Entry:0:1:1, type:Box, Execute Falied

2023-04-28 02:48:08,529 - WARNING: 0:1:1 don't find c4ef4200-568f-11d1-8940-080009dc3333 

2023-04-28 02:48:24,863 - WARNING: Entry:0:1:1:1:2, type:Point, Execute Falied

2023-04-28 02:48:24,899 - WARNING: Entry:0:1:1:1:3, type:Point, Execute Falied

2023-04-28 02:48:24,901 - WARNING: Entry:0:1:1:1, type:Transform, Execute Falied

2023-04-28 02:48:24,927 - WARNING: Entry:0:1:1, type:Box, Execute Falied

2023-04-28 02:52:58,107 - WARNING: Entry:0:1:1:1:2, type:Point, Execute Falied

2023-04-28 02:52:58,144 - WARNING: Entry:0:1:1:1:3, type:Point, Execute Falied

2023-04-28 02:52:58,146 - WARNING: Entry:0:1:1:1, type:Transform, Execute Falied

2023-04-28 02:52:58,174 - WARNING: Entry:0:1:1, type:Box, Execute Falied

2023-04-28 02:53:33,965 - WARNING: Entry:0:1:1:1:2, type:Point, Execute Falied

2023-04-28 02:53:34,001 - WARNING: Entry:0:1:1:1:3, type:Point, Execute Falied

2023-04-28 02:53:34,003 - WARNING: Entry:0:1:1:1, type:Transform, Execute Falied

2023-04-28 02:53:34,030 - WARNING: Entry:0:1:1, type:Box, Execute Falied

2023-04-28 02:59:03,148 - WARNING: 0:1:1 don't find 5b896aff-3adf-11d4-b9b7-0060b0ee281b 

2023-04-28 02:59:03,156 - WARNING: 0:1:1:1 don't find 5b896aff-3adf-11d4-b9b7-0060b0ee281b 

2023-04-28 02:59:03,166 - WARNING: 0:1:1:1:1 don't find 5b896aff-3adf-11d4-b9b7-0060b0ee281b 

2023-04-28 02:59:03,178 - WARNING: 0:1:1:1:2 don't find 5b896aff-3adf-11d4-b9b7-0060b0ee281b 

2023-04-28 02:59:03,184 - WARNING: 0:1:1:1:2:1 don't find 5b896aff-3adf-11d4-b9b7-0060b0ee281b 

2023-04-28 02:59:03,194 - WARNING: 0:1:1:1:2:2 don't find 5b896aff-3adf-11d4-b9b7-0060b0ee281b 

2023-04-28 02:59:03,205 - WARNING: 0:1:1:1:2:3 don't find 5b896aff-3adf-11d4-b9b7-0060b0ee281b 

2023-04-28 02:59:03,213 - WARNING: 0:1:1:1:2 don't find 5b896aff-3adf-11d4-b9b7-0060b0ee281b 

2023-04-28 02:59:03,215 - WARNING: Entry:0:1:1:1:2, type:Point, Execute Falied

2023-04-28 02:59:03,217 - WARNING: 0:1:1:1:2 don't find 5b896aff-3adf-11d4-b9b7-0060b0ee281b 

2023-04-28 02:59:03,223 - WARNING: 0:1:1:1:3 don't find 5b896aff-3adf-11d4-b9b7-0060b0ee281b 

2023-04-28 02:59:03,232 - WARNING: 0:1:1:1:3:1 don't find 5b896aff-3adf-11d4-b9b7-0060b0ee281b 

2023-04-28 02:59:03,243 - WARNING: 0:1:1:1:3:2 don't find 5b896aff-3adf-11d4-b9b7-0060b0ee281b 

2023-04-28 02:59:03,253 - WARNING: 0:1:1:1:3:3 don't find 5b896aff-3adf-11d4-b9b7-0060b0ee281b 

2023-04-28 02:59:03,262 - WARNING: 0:1:1:1:3 don't find 5b896aff-3adf-11d4-b9b7-0060b0ee281b 

2023-04-28 02:59:03,264 - WARNING: Entry:0:1:1:1:3, type:Point, Execute Falied

2023-04-28 02:59:03,266 - WARNING: 0:1:1:1:3 don't find 5b896aff-3adf-11d4-b9b7-0060b0ee281b 

2023-04-28 02:59:03,268 - WARNING: 0:1:1:1 don't find 5b896aff-3adf-11d4-b9b7-0060b0ee281b 

2023-04-28 02:59:03,271 - WARNING: Entry:0:1:1:1, type:Transform, Execute Falied

2023-04-28 02:59:03,273 - WARNING: 0:1:1:1 don't find 5b896aff-3adf-11d4-b9b7-0060b0ee281b 

2023-04-28 02:59:03,278 - WARNING: 0:1:1:2 don't find 5b896aff-3adf-11d4-b9b7-0060b0ee281b 

2023-04-28 02:59:03,289 - WARNING: 0:1:1:3 don't find 5b896aff-3adf-11d4-b9b7-0060b0ee281b 

2023-04-28 02:59:03,299 - WARNING: 0:1:1:4 don't find 5b896aff-3adf-11d4-b9b7-0060b0ee281b 

2023-04-28 02:59:03,308 - WARNING: 0:1:1:1 don't find 5b896aff-3adf-11d4-b9b7-0060b0ee281b 

2023-04-28 02:59:03,310 - WARNING: 0:1:1 don't find 5b896aff-3adf-11d4-b9b7-0060b0ee281b 

2023-04-28 02:59:03,312 - WARNING: Entry:0:1:1, type:Box, Execute Falied

2023-04-28 02:59:03,314 - WARNING: 0:1:1 don't find 5b896aff-3adf-11d4-b9b7-0060b0ee281b 

2023-04-28 02:59:03,319 - WARNING: 0:1:1 don't find 5b896aff-3adf-11d4-b9b7-0060b0ee281b 

2023-04-28 02:59:05,576 - WARNING: 0:1:1 don't find 2a96b616-ec8b-11d0-bee7-080009dc3333 

2023-04-28 02:59:05,578 - WARNING: 0:1:1:1 don't find 2a96b616-ec8b-11d0-bee7-080009dc3333 

2023-04-28 02:59:05,581 - WARNING: 0:1:1:1:2 don't find 2a96b616-ec8b-11d0-bee7-080009dc3333 

2023-04-28 02:59:05,585 - WARNING: 0:1:1:1:3 don't find 2a96b616-ec8b-11d0-bee7-080009dc3333 

2023-04-28 02:59:05,592 - WARNING: 0:1:1 don't find 5b896aff-3adf-11d4-b9b7-0060b0ee281b 

2023-04-28 03:01:58,134 - WARNING: 0:1:1 don't find 5b896aff-3adf-11d4-b9b7-0060b0ee281b 

2023-04-28 03:01:58,142 - WARNING: 0:1:1:1 don't find 5b896aff-3adf-11d4-b9b7-0060b0ee281b 

2023-04-28 03:01:58,152 - WARNING: 0:1:1:1:1 don't find 5b896aff-3adf-11d4-b9b7-0060b0ee281b 

2023-04-28 03:01:58,166 - WARNING: 0:1:1:1:2 don't find 5b896aff-3adf-11d4-b9b7-0060b0ee281b 

2023-04-28 03:01:58,173 - WARNING: 0:1:1:1:2:1 don't find 5b896aff-3adf-11d4-b9b7-0060b0ee281b 

2023-04-28 03:01:58,183 - WARNING: 0:1:1:1:2:2 don't find 5b896aff-3adf-11d4-b9b7-0060b0ee281b 

2023-04-28 03:01:58,195 - WARNING: 0:1:1:1:2:3 don't find 5b896aff-3adf-11d4-b9b7-0060b0ee281b 

2023-04-28 03:01:58,202 - WARNING: 0:1:1:1:2 don't find 5b896aff-3adf-11d4-b9b7-0060b0ee281b 

2023-04-28 03:01:58,205 - WARNING: Entry:0:1:1:1:2, type:Point, Execute Falied

2023-04-28 03:01:58,208 - WARNING: 0:1:1:1:2 don't find 5b896aff-3adf-11d4-b9b7-0060b0ee281b 

2023-04-28 03:01:58,216 - WARNING: 0:1:1:1:3 don't find 5b896aff-3adf-11d4-b9b7-0060b0ee281b 

2023-04-28 03:01:58,223 - WARNING: 0:1:1:1:3:1 don't find 5b896aff-3adf-11d4-b9b7-0060b0ee281b 

2023-04-28 03:01:58,233 - WARNING: 0:1:1:1:3:2 don't find 5b896aff-3adf-11d4-b9b7-0060b0ee281b 

2023-04-28 03:01:58,244 - WARNING: 0:1:1:1:3:3 don't find 5b896aff-3adf-11d4-b9b7-0060b0ee281b 

2023-04-28 03:01:58,253 - WARNING: 0:1:1:1:3 don't find 5b896aff-3adf-11d4-b9b7-0060b0ee281b 

2023-04-28 03:01:58,256 - WARNING: Entry:0:1:1:1:3, type:Point, Execute Falied

2023-04-28 03:01:58,258 - WARNING: 0:1:1:1:3 don't find 5b896aff-3adf-11d4-b9b7-0060b0ee281b 

2023-04-28 03:01:58,260 - WARNING: 0:1:1:1 don't find 5b896aff-3adf-11d4-b9b7-0060b0ee281b 

2023-04-28 03:01:58,262 - WARNING: Entry:0:1:1:1, type:Transform, Execute Falied

2023-04-28 03:01:58,264 - WARNING: 0:1:1:1 don't find 5b896aff-3adf-11d4-b9b7-0060b0ee281b 

2023-04-28 03:01:58,269 - WARNING: 0:1:1:2 don't find 5b896aff-3adf-11d4-b9b7-0060b0ee281b 

2023-04-28 03:01:58,281 - WARNING: 0:1:1:3 don't find 5b896aff-3adf-11d4-b9b7-0060b0ee281b 

2023-04-28 03:01:58,293 - WARNING: 0:1:1:4 don't find 5b896aff-3adf-11d4-b9b7-0060b0ee281b 

2023-04-28 03:01:58,300 - WARNING: 0:1:1:1 don't find 5b896aff-3adf-11d4-b9b7-0060b0ee281b 

2023-04-28 03:01:58,303 - WARNING: 0:1:1 don't find 5b896aff-3adf-11d4-b9b7-0060b0ee281b 

2023-04-28 03:01:58,305 - WARNING: Entry:0:1:1, type:Box, Execute Falied

2023-04-28 03:01:58,308 - WARNING: 0:1:1 don't find 5b896aff-3adf-11d4-b9b7-0060b0ee281b 

2023-04-28 03:01:58,312 - WARNING: 0:1:1 don't find 5b896aff-3adf-11d4-b9b7-0060b0ee281b 

2023-04-28 03:02:01,598 - WARNING: 0:1:1 don't find 2a96b616-ec8b-11d0-bee7-080009dc3333 

2023-04-28 03:02:01,600 - WARNING: 0:1:1:1 don't find 2a96b616-ec8b-11d0-bee7-080009dc3333 

2023-04-28 03:02:01,605 - WARNING: 0:1:1:1:2 don't find 2a96b616-ec8b-11d0-bee7-080009dc3333 

2023-04-28 03:02:01,611 - WARNING: 0:1:1:1:3 don't find 2a96b616-ec8b-11d0-bee7-080009dc3333 

2023-04-28 03:02:01,618 - WARNING: 0:1:1 don't find 5b896aff-3adf-11d4-b9b7-0060b0ee281b 

2023-04-28 03:03:25,204 - WARNING: 0:1:1 don't find 5b896aff-3adf-11d4-b9b7-0060b0ee281b 

2023-04-28 03:03:25,209 - WARNING: 0:1:1:1 don't find 5b896aff-3adf-11d4-b9b7-0060b0ee281b 

2023-04-28 03:03:25,219 - WARNING: 0:1:1:1:1 don't find 5b896aff-3adf-11d4-b9b7-0060b0ee281b 

2023-04-28 03:03:25,230 - WARNING: 0:1:1:1:2 don't find 5b896aff-3adf-11d4-b9b7-0060b0ee281b 

2023-04-28 03:03:25,236 - WARNING: 0:1:1:1:2:1 don't find 5b896aff-3adf-11d4-b9b7-0060b0ee281b 

2023-04-28 03:03:25,244 - WARNING: 0:1:1:1:2:2 don't find 5b896aff-3adf-11d4-b9b7-0060b0ee281b 

2023-04-28 03:03:25,253 - WARNING: 0:1:1:1:2:3 don't find 5b896aff-3adf-11d4-b9b7-0060b0ee281b 

2023-04-28 03:03:25,262 - WARNING: 0:1:1:1:2 don't find 5b896aff-3adf-11d4-b9b7-0060b0ee281b 

2023-04-28 03:03:25,264 - WARNING: Entry:0:1:1:1:2, type:Point, Execute Falied

2023-04-28 03:03:25,266 - WARNING: 0:1:1:1:2 don't find 5b896aff-3adf-11d4-b9b7-0060b0ee281b 

2023-04-28 03:03:25,272 - WARNING: 0:1:1:1:3 don't find 5b896aff-3adf-11d4-b9b7-0060b0ee281b 

2023-04-28 03:03:25,280 - WARNING: 0:1:1:1:3:1 don't find 5b896aff-3adf-11d4-b9b7-0060b0ee281b 

2023-04-28 03:03:25,291 - WARNING: 0:1:1:1:3:2 don't find 5b896aff-3adf-11d4-b9b7-0060b0ee281b 

2023-04-28 03:03:25,302 - WARNING: 0:1:1:1:3:3 don't find 5b896aff-3adf-11d4-b9b7-0060b0ee281b 

2023-04-28 03:03:25,310 - WARNING: 0:1:1:1:3 don't find 5b896aff-3adf-11d4-b9b7-0060b0ee281b 

2023-04-28 03:03:25,312 - WARNING: Entry:0:1:1:1:3, type:Point, Execute Falied

2023-04-28 03:03:25,314 - WARNING: 0:1:1:1:3 don't find 5b896aff-3adf-11d4-b9b7-0060b0ee281b 

2023-04-28 03:03:25,316 - WARNING: 0:1:1:1 don't find 5b896aff-3adf-11d4-b9b7-0060b0ee281b 

2023-04-28 03:03:25,318 - WARNING: Entry:0:1:1:1, type:Transform, Execute Falied

2023-04-28 03:03:25,320 - WARNING: 0:1:1:1 don't find 5b896aff-3adf-11d4-b9b7-0060b0ee281b 

2023-04-28 03:03:25,325 - WARNING: 0:1:1:2 don't find 5b896aff-3adf-11d4-b9b7-0060b0ee281b 

2023-04-28 03:03:25,335 - WARNING: 0:1:1:3 don't find 5b896aff-3adf-11d4-b9b7-0060b0ee281b 

2023-04-28 03:03:25,345 - WARNING: 0:1:1:4 don't find 5b896aff-3adf-11d4-b9b7-0060b0ee281b 

2023-04-28 03:03:25,354 - WARNING: 0:1:1:1 don't find 5b896aff-3adf-11d4-b9b7-0060b0ee281b 

2023-04-28 03:03:25,356 - WARNING: 0:1:1 don't find 5b896aff-3adf-11d4-b9b7-0060b0ee281b 

2023-04-28 03:03:25,358 - WARNING: Entry:0:1:1, type:Box, Execute Falied

2023-04-28 03:03:25,361 - WARNING: 0:1:1 don't find 5b896aff-3adf-11d4-b9b7-0060b0ee281b 

2023-04-28 03:03:25,365 - WARNING: 0:1:1 don't find 5b896aff-3adf-11d4-b9b7-0060b0ee281b 

2023-04-28 03:03:27,834 - WARNING: 0:1:1 don't find 2a96b616-ec8b-11d0-bee7-080009dc3333 

2023-04-28 03:03:27,837 - WARNING: 0:1:1:1 don't find 2a96b616-ec8b-11d0-bee7-080009dc3333 

2023-04-28 03:03:27,842 - WARNING: 0:1:1:1:2 don't find 2a96b616-ec8b-11d0-bee7-080009dc3333 

2023-04-28 03:03:27,849 - WARNING: 0:1:1:1:3 don't find 2a96b616-ec8b-11d0-bee7-080009dc3333 

2023-04-28 03:03:27,859 - WARNING: 0:1:1 don't find 5b896aff-3adf-11d4-b9b7-0060b0ee281b 

2023-04-28 03:04:56,688 - WARNING: 0:1:1 don't find 5b896aff-3adf-11d4-b9b7-0060b0ee281b 

2023-04-28 03:04:56,695 - WARNING: 0:1:1:1 don't find 5b896aff-3adf-11d4-b9b7-0060b0ee281b 

2023-04-28 03:04:56,705 - WARNING: 0:1:1:1:1 don't find 5b896aff-3adf-11d4-b9b7-0060b0ee281b 

2023-04-28 03:04:56,718 - WARNING: 0:1:1:1:2 don't find 5b896aff-3adf-11d4-b9b7-0060b0ee281b 

2023-04-28 03:04:56,724 - WARNING: 0:1:1:1:2:1 don't find 5b896aff-3adf-11d4-b9b7-0060b0ee281b 

2023-04-28 03:04:56,735 - WARNING: 0:1:1:1:2:2 don't find 5b896aff-3adf-11d4-b9b7-0060b0ee281b 

2023-04-28 03:04:56,746 - WARNING: 0:1:1:1:2:3 don't find 5b896aff-3adf-11d4-b9b7-0060b0ee281b 

2023-04-28 03:04:56,754 - WARNING: 0:1:1:1:2 don't find 5b896aff-3adf-11d4-b9b7-0060b0ee281b 

2023-04-28 03:04:56,756 - WARNING: Entry:0:1:1:1:2, type:Point, Execute Falied

2023-04-28 03:04:56,759 - WARNING: 0:1:1:1:2 don't find 5b896aff-3adf-11d4-b9b7-0060b0ee281b 

2023-04-28 03:04:56,765 - WARNING: 0:1:1:1:3 don't find 5b896aff-3adf-11d4-b9b7-0060b0ee281b 

2023-04-28 03:04:56,772 - WARNING: 0:1:1:1:3:1 don't find 5b896aff-3adf-11d4-b9b7-0060b0ee281b 

2023-04-28 03:04:56,785 - WARNING: 0:1:1:1:3:2 don't find 5b896aff-3adf-11d4-b9b7-0060b0ee281b 

2023-04-28 03:04:56,795 - WARNING: 0:1:1:1:3:3 don't find 5b896aff-3adf-11d4-b9b7-0060b0ee281b 

2023-04-28 03:04:56,804 - WARNING: 0:1:1:1:3 don't find 5b896aff-3adf-11d4-b9b7-0060b0ee281b 

2023-04-28 03:04:56,807 - WARNING: Entry:0:1:1:1:3, type:Point, Execute Falied

2023-04-28 03:04:56,811 - WARNING: 0:1:1:1:3 don't find 5b896aff-3adf-11d4-b9b7-0060b0ee281b 

2023-04-28 03:04:56,815 - WARNING: 0:1:1:1 don't find 5b896aff-3adf-11d4-b9b7-0060b0ee281b 

2023-04-28 03:04:56,817 - WARNING: Entry:0:1:1:1, type:Transform, Execute Falied

2023-04-28 03:04:56,819 - WARNING: 0:1:1:1 don't find 5b896aff-3adf-11d4-b9b7-0060b0ee281b 

2023-04-28 03:04:56,825 - WARNING: 0:1:1:2 don't find 5b896aff-3adf-11d4-b9b7-0060b0ee281b 

2023-04-28 03:04:56,836 - WARNING: 0:1:1:3 don't find 5b896aff-3adf-11d4-b9b7-0060b0ee281b 

2023-04-28 03:04:56,854 - WARNING: 0:1:1:4 don't find 5b896aff-3adf-11d4-b9b7-0060b0ee281b 

2023-04-28 03:04:56,865 - WARNING: 0:1:1:1 don't find 5b896aff-3adf-11d4-b9b7-0060b0ee281b 

2023-04-28 03:04:56,868 - WARNING: 0:1:1 don't find 5b896aff-3adf-11d4-b9b7-0060b0ee281b 

2023-04-28 03:04:56,871 - WARNING: Entry:0:1:1, type:Box, Execute Falied

2023-04-28 03:04:56,874 - WARNING: 0:1:1 don't find 5b896aff-3adf-11d4-b9b7-0060b0ee281b 

2023-04-28 03:04:56,878 - WARNING: 0:1:1 don't find 5b896aff-3adf-11d4-b9b7-0060b0ee281b 

2023-04-28 03:05:01,590 - WARNING: 0:1:1 don't find 2a96b616-ec8b-11d0-bee7-080009dc3333 

2023-04-28 03:05:01,592 - WARNING: 0:1:1 don't find 2a96b616-ec8b-11d0-bee7-080009dc3333 

2023-04-28 03:05:01,595 - WARNING: 0:1:1:1 don't find 2a96b616-ec8b-11d0-bee7-080009dc3333 

2023-04-28 03:05:01,597 - WARNING: 0:1:1:1 don't find 2a96b616-ec8b-11d0-bee7-080009dc3333 

2023-04-28 03:05:01,604 - WARNING: 0:1:1:1:2 don't find 2a96b616-ec8b-11d0-bee7-080009dc3333 

2023-04-28 03:05:01,607 - WARNING: 0:1:1:1:2 don't find 2a96b616-ec8b-11d0-bee7-080009dc3333 

2023-04-28 03:05:01,615 - WARNING: 0:1:1:1:3 don't find 2a96b616-ec8b-11d0-bee7-080009dc3333 

2023-04-28 03:05:01,617 - WARNING: 0:1:1:1:3 don't find 2a96b616-ec8b-11d0-bee7-080009dc3333 

2023-04-28 03:05:01,631 - WARNING: 0:1:1 don't find 5b896aff-3adf-11d4-b9b7-0060b0ee281b 

2023-04-28 03:09:56,034 - WARNING: 0:1:1 don't find 5b896aff-3adf-11d4-b9b7-0060b0ee281b 

2023-04-28 03:09:56,037 - WARNING: 0:1:1:1 don't find 5b896aff-3adf-11d4-b9b7-0060b0ee281b 

2023-04-28 03:09:56,042 - WARNING: 0:1:1:1:1 don't find 5b896aff-3adf-11d4-b9b7-0060b0ee281b 

2023-04-28 03:09:56,050 - WARNING: 0:1:1:1:2 don't find 5b896aff-3adf-11d4-b9b7-0060b0ee281b 

2023-04-28 03:09:56,053 - WARNING: 0:1:1:1:2:1 don't find 5b896aff-3adf-11d4-b9b7-0060b0ee281b 

2023-04-28 03:09:56,059 - WARNING: 0:1:1:1:2:2 don't find 5b896aff-3adf-11d4-b9b7-0060b0ee281b 

2023-04-28 03:09:56,064 - WARNING: 0:1:1:1:2:3 don't find 5b896aff-3adf-11d4-b9b7-0060b0ee281b 

2023-04-28 03:09:56,070 - WARNING: 0:1:1:1:2 don't find 5b896aff-3adf-11d4-b9b7-0060b0ee281b 

2023-04-28 03:09:56,072 - WARNING: Entry:0:1:1:1:2, type:Point, Execute Falied

2023-04-28 03:09:56,074 - WARNING: 0:1:1:1:2 don't find 5b896aff-3adf-11d4-b9b7-0060b0ee281b 

2023-04-28 03:09:56,078 - WARNING: 0:1:1:1:3 don't find 5b896aff-3adf-11d4-b9b7-0060b0ee281b 

2023-04-28 03:09:56,080 - WARNING: 0:1:1:1:3:1 don't find 5b896aff-3adf-11d4-b9b7-0060b0ee281b 

2023-04-28 03:09:56,086 - WARNING: 0:1:1:1:3:2 don't find 5b896aff-3adf-11d4-b9b7-0060b0ee281b 

2023-04-28 03:09:56,092 - WARNING: 0:1:1:1:3:3 don't find 5b896aff-3adf-11d4-b9b7-0060b0ee281b 

2023-04-28 03:09:56,098 - WARNING: 0:1:1:1:3 don't find 5b896aff-3adf-11d4-b9b7-0060b0ee281b 

2023-04-28 03:09:56,101 - WARNING: Entry:0:1:1:1:3, type:Point, Execute Falied

2023-04-28 03:09:56,103 - WARNING: 0:1:1:1:3 don't find 5b896aff-3adf-11d4-b9b7-0060b0ee281b 

2023-04-28 03:09:56,105 - WARNING: 0:1:1:1 don't find 5b896aff-3adf-11d4-b9b7-0060b0ee281b 

2023-04-28 03:09:56,107 - WARNING: Entry:0:1:1:1, type:Transform, Execute Falied

2023-04-28 03:09:56,108 - WARNING: 0:1:1:1 don't find 5b896aff-3adf-11d4-b9b7-0060b0ee281b 

2023-04-28 03:09:56,111 - WARNING: 0:1:1:2 don't find 5b896aff-3adf-11d4-b9b7-0060b0ee281b 

2023-04-28 03:09:56,117 - WARNING: 0:1:1:3 don't find 5b896aff-3adf-11d4-b9b7-0060b0ee281b 

2023-04-28 03:09:56,125 - WARNING: 0:1:1:4 don't find 5b896aff-3adf-11d4-b9b7-0060b0ee281b 

2023-04-28 03:09:56,131 - WARNING: 0:1:1 don't find 5b896aff-3adf-11d4-b9b7-0060b0ee281b 

2023-04-28 03:09:56,133 - WARNING: Entry:0:1:1, type:Box, Init Falied

2023-04-28 03:09:56,138 - WARNING: 0:1:1 don't find 5b896aff-3adf-11d4-b9b7-0060b0ee281b 

2023-04-28 03:09:58,658 - WARNING: 0:1:1 don't find 2a96b616-ec8b-11d0-bee7-080009dc3333 

2023-04-28 03:09:58,660 - WARNING: 0:1:1 don't find 2a96b616-ec8b-11d0-bee7-080009dc3333 

2023-04-28 03:09:58,664 - WARNING: 0:1:1:1 don't find 2a96b616-ec8b-11d0-bee7-080009dc3333 

2023-04-28 03:09:58,666 - WARNING: 0:1:1:1 don't find 2a96b616-ec8b-11d0-bee7-080009dc3333 

2023-04-28 03:09:58,673 - WARNING: 0:1:1:1:2 don't find 2a96b616-ec8b-11d0-bee7-080009dc3333 

2023-04-28 03:09:58,676 - WARNING: 0:1:1:1:2 don't find 2a96b616-ec8b-11d0-bee7-080009dc3333 

2023-04-28 03:09:58,684 - WARNING: 0:1:1:1:3 don't find 2a96b616-ec8b-11d0-bee7-080009dc3333 

2023-04-28 03:09:58,687 - WARNING: 0:1:1:1:3 don't find 2a96b616-ec8b-11d0-bee7-080009dc3333 

2023-04-28 03:09:58,700 - WARNING: 0:1:1 don't find 5b896aff-3adf-11d4-b9b7-0060b0ee281b 

2023-04-28 03:13:39,055 - WARNING: 0:1:1 don't find 5b896aff-3adf-11d4-b9b7-0060b0ee281b 

2023-04-28 03:13:39,059 - WARNING: 0:1:1:1 don't find 5b896aff-3adf-11d4-b9b7-0060b0ee281b 

2023-04-28 03:13:39,066 - WARNING: 0:1:1:1:1 don't find 5b896aff-3adf-11d4-b9b7-0060b0ee281b 

2023-04-28 03:13:39,076 - WARNING: 0:1:1:1:2 don't find 5b896aff-3adf-11d4-b9b7-0060b0ee281b 

2023-04-28 03:13:39,080 - WARNING: 0:1:1:1:2:1 don't find 5b896aff-3adf-11d4-b9b7-0060b0ee281b 

2023-04-28 03:13:39,087 - WARNING: 0:1:1:1:2:2 don't find 5b896aff-3adf-11d4-b9b7-0060b0ee281b 

2023-04-28 03:13:39,095 - WARNING: 0:1:1:1:2:3 don't find 5b896aff-3adf-11d4-b9b7-0060b0ee281b 

2023-04-28 03:13:39,101 - WARNING: 0:1:1:1:2 don't find 5b896aff-3adf-11d4-b9b7-0060b0ee281b 

2023-04-28 03:13:39,103 - WARNING: Entry:0:1:1:1:2, type:Point, Execute Falied

2023-04-28 03:13:39,105 - WARNING: 0:1:1:1:2 don't find 5b896aff-3adf-11d4-b9b7-0060b0ee281b 

2023-04-28 03:13:39,111 - WARNING: 0:1:1:1:3 don't find 5b896aff-3adf-11d4-b9b7-0060b0ee281b 

2023-04-28 03:13:39,115 - WARNING: 0:1:1:1:3:1 don't find 5b896aff-3adf-11d4-b9b7-0060b0ee281b 

2023-04-28 03:13:39,122 - WARNING: 0:1:1:1:3:2 don't find 5b896aff-3adf-11d4-b9b7-0060b0ee281b 

2023-04-28 03:13:39,132 - WARNING: 0:1:1:1:3:3 don't find 5b896aff-3adf-11d4-b9b7-0060b0ee281b 

2023-04-28 03:13:39,140 - WARNING: 0:1:1:1:3 don't find 5b896aff-3adf-11d4-b9b7-0060b0ee281b 

2023-04-28 03:13:39,141 - WARNING: Entry:0:1:1:1:3, type:Point, Execute Falied

2023-04-28 03:13:39,146 - WARNING: 0:1:1:1:3 don't find 5b896aff-3adf-11d4-b9b7-0060b0ee281b 

2023-04-28 03:13:39,149 - WARNING: 0:1:1:1 don't find 5b896aff-3adf-11d4-b9b7-0060b0ee281b 

2023-04-28 03:13:39,152 - WARNING: Entry:0:1:1:1, type:Transform, Execute Falied

2023-04-28 03:13:39,155 - WARNING: 0:1:1:1 don't find 5b896aff-3adf-11d4-b9b7-0060b0ee281b 

2023-04-28 03:13:39,161 - WARNING: 0:1:1:2 don't find 5b896aff-3adf-11d4-b9b7-0060b0ee281b 

2023-04-28 03:13:39,173 - WARNING: 0:1:1:3 don't find 5b896aff-3adf-11d4-b9b7-0060b0ee281b 

2023-04-28 03:13:39,181 - WARNING: 0:1:1:4 don't find 5b896aff-3adf-11d4-b9b7-0060b0ee281b 

2023-04-28 03:13:39,191 - WARNING: 0:1:1 don't find 5b896aff-3adf-11d4-b9b7-0060b0ee281b 

2023-04-28 03:13:39,193 - WARNING: Entry:0:1:1, type:Box, Init Falied

2023-04-28 03:13:39,198 - WARNING: 0:1:1 don't find 5b896aff-3adf-11d4-b9b7-0060b0ee281b 

2023-04-28 03:13:41,765 - WARNING: 0:1:1 don't find 2a96b616-ec8b-11d0-bee7-080009dc3333 

2023-04-28 03:13:41,767 - WARNING: 0:1:1 don't find 2a96b616-ec8b-11d0-bee7-080009dc3333 

2023-04-28 03:13:41,771 - WARNING: 0:1:1:1 don't find 2a96b616-ec8b-11d0-bee7-080009dc3333 

2023-04-28 03:13:41,773 - WARNING: 0:1:1:1 don't find 2a96b616-ec8b-11d0-bee7-080009dc3333 

2023-04-28 03:13:41,780 - WARNING: 0:1:1:1:2 don't find 2a96b616-ec8b-11d0-bee7-080009dc3333 

2023-04-28 03:13:41,782 - WARNING: 0:1:1:1:2 don't find 2a96b616-ec8b-11d0-bee7-080009dc3333 

2023-04-28 03:13:41,791 - WARNING: 0:1:1:1:3 don't find 2a96b616-ec8b-11d0-bee7-080009dc3333 

2023-04-28 03:13:41,793 - WARNING: 0:1:1:1:3 don't find 2a96b616-ec8b-11d0-bee7-080009dc3333 

2023-04-28 03:13:41,904 - WARNING: 0:1:1 don't find 5b896aff-3adf-11d4-b9b7-0060b0ee281b 

2023-04-28 03:19:05,988 - WARNING: 0:1:1 don't find 5b896aff-3adf-11d4-b9b7-0060b0ee281b 

2023-04-28 03:19:05,994 - WARNING: 0:1:1:1 don't find 5b896aff-3adf-11d4-b9b7-0060b0ee281b 

2023-04-28 03:19:06,003 - WARNING: 0:1:1:1:1 don't find 5b896aff-3adf-11d4-b9b7-0060b0ee281b 

2023-04-28 03:19:06,014 - WARNING: 0:1:1:1:2 don't find 5b896aff-3adf-11d4-b9b7-0060b0ee281b 

2023-04-28 03:19:06,020 - WARNING: 0:1:1:1:2:1 don't find 5b896aff-3adf-11d4-b9b7-0060b0ee281b 

2023-04-28 03:19:06,029 - WARNING: 0:1:1:1:2:2 don't find 5b896aff-3adf-11d4-b9b7-0060b0ee281b 

2023-04-28 03:19:06,039 - WARNING: 0:1:1:1:2:3 don't find 5b896aff-3adf-11d4-b9b7-0060b0ee281b 

2023-04-28 03:19:06,046 - WARNING: 0:1:1:1:2 don't find 5b896aff-3adf-11d4-b9b7-0060b0ee281b 

2023-04-28 03:19:06,047 - WARNING: Entry:0:1:1:1:2, type:Point, Execute Falied

2023-04-28 03:19:06,049 - WARNING: 0:1:1:1:2 don't find 5b896aff-3adf-11d4-b9b7-0060b0ee281b 

2023-04-28 03:19:06,061 - WARNING: 0:1:1:1:3 don't find 5b896aff-3adf-11d4-b9b7-0060b0ee281b 

2023-04-28 03:19:06,068 - WARNING: 0:1:1:1:3:1 don't find 5b896aff-3adf-11d4-b9b7-0060b0ee281b 

2023-04-28 03:19:06,077 - WARNING: 0:1:1:1:3:2 don't find 5b896aff-3adf-11d4-b9b7-0060b0ee281b 

2023-04-28 03:19:06,088 - WARNING: 0:1:1:1:3:3 don't find 5b896aff-3adf-11d4-b9b7-0060b0ee281b 

2023-04-28 03:19:06,094 - WARNING: 0:1:1:1:3 don't find 5b896aff-3adf-11d4-b9b7-0060b0ee281b 

2023-04-28 03:19:06,096 - WARNING: Entry:0:1:1:1:3, type:Point, Execute Falied

2023-04-28 03:19:06,098 - WARNING: 0:1:1:1:3 don't find 5b896aff-3adf-11d4-b9b7-0060b0ee281b 

2023-04-28 03:19:06,100 - WARNING: 0:1:1:1 don't find 5b896aff-3adf-11d4-b9b7-0060b0ee281b 

2023-04-28 03:19:06,102 - WARNING: Entry:0:1:1:1, type:Transform, Execute Falied

2023-04-28 03:19:06,105 - WARNING: 0:1:1:1 don't find 5b896aff-3adf-11d4-b9b7-0060b0ee281b 

2023-04-28 03:19:06,111 - WARNING: 0:1:1:2 don't find 5b896aff-3adf-11d4-b9b7-0060b0ee281b 

2023-04-28 03:19:06,120 - WARNING: 0:1:1:3 don't find 5b896aff-3adf-11d4-b9b7-0060b0ee281b 

2023-04-28 03:19:06,130 - WARNING: 0:1:1:4 don't find 5b896aff-3adf-11d4-b9b7-0060b0ee281b 

2023-04-28 03:19:06,136 - WARNING: 0:1:1 don't find 5b896aff-3adf-11d4-b9b7-0060b0ee281b 

2023-04-28 03:19:06,138 - WARNING: Entry:0:1:1, type:Box, Init Falied

2023-04-28 03:19:06,142 - WARNING: 0:1:1 don't find 5b896aff-3adf-11d4-b9b7-0060b0ee281b 

2023-04-28 03:20:58,114 - WARNING: Entry:0:1:1:1:2, type:Point, Execute Falied

2023-04-28 03:20:58,144 - WARNING: Entry:0:1:1:1:3, type:Point, Execute Falied

2023-04-28 03:20:58,147 - WARNING: Entry:0:1:1:1, type:Transform, Execute Falied

2023-04-28 03:20:58,179 - WARNING: Entry:0:1:1, type:Box, Init Falied

2023-04-28 03:23:01,661 - WARNING: Entry:0:1:1:1:2, type:Point, Execute Falied

2023-04-28 03:23:01,692 - WARNING: Entry:0:1:1:1:3, type:Point, Execute Falied

2023-04-28 03:23:01,694 - WARNING: Entry:0:1:1:1, type:Transform, Execute Falied

2023-04-28 03:23:01,722 - WARNING: Entry:0:1:1, type:Box, Init Falied

2023-04-28 03:24:27,308 - WARNING: Entry:0:1:1:1:2, type:Point, Execute Falied

2023-04-28 03:24:27,348 - WARNING: Entry:0:1:1:1:3, type:Point, Execute Falied

2023-04-28 03:24:27,353 - WARNING: Entry:0:1:1:1, type:Transform, Execute Falied

2023-04-28 03:24:27,385 - WARNING: Entry:0:1:1, type:Box, Init Falied

2023-04-28 03:30:22,190 - WARNING: Entry:0:1:1, type:Box, Execute Falied

2023-04-28 03:30:28,098 - WARNING: 0:1:1 don't find c4ef4200-568f-11d1-8940-080009dc3333 

2023-04-28 10:45:29,268 - WARNING: Entry:0:1:1, type:Box, Execute Falied

2023-04-28 10:45:39,062 - WARNING: 0:1:1 don't find c4ef4200-568f-11d1-8940-080009dc3333 

2023-04-28 10:48:14,997 - WARNING: Entry:0:1:1, type:Box, Execute Falied

2023-04-28 10:57:17,259 - WARNING: Entry:0:1:1, type:Box, Execute Falied

2023-04-28 11:00:03,197 - WARNING: Entry:0:1:1, type:Box, Execute Falied

2023-04-28 11:01:02,936 - WARNING: Entry:0:1:1, type:Box, Execute Falied

2023-04-28 11:03:13,730 - WARNING: Entry:0:1:1, type:Box, Execute Falied

2023-04-28 11:04:55,705 - WARNING: Entry:0:1:1, type:Box, Execute Falied

2023-04-28 11:05:13,174 - WARNING: Entry:0:1:1, type:Box, Execute Falied

2023-04-28 11:06:48,834 - WARNING: Entry:0:1:1, type:Box, Execute Falied

2023-04-28 14:38:35,274 - WARNING: Entry:0:1:1, type:Box, Execute Falied

2023-04-28 14:39:44,809 - WARNING: Entry:0:1:1, type:Box, Execute Falied

2023-04-28 14:40:42,136 - WARNING: Entry:0:1:1, type:Box, Execute Falied

2023-04-28 14:41:07,156 - WARNING: Entry:0:1:1, type:Box, Execute Falied

2023-04-28 14:45:14,525 - WARNING: Entry:0:1:1, type:Box, Execute Falied

2023-04-28 14:46:50,812 - WARNING: Entry:0:1:1, type:Box, Execute Falied

2023-04-28 14:50:53,846 - WARNING: Entry:0:1:1, type:Box, Execute Falied

2023-04-28 14:54:04,761 - WARNING: Entry:0:1:1, type:Box, Execute Falied

2023-04-28 14:57:08,166 - WARNING: Entry:0:1:1, type:Box, Execute Falied

2023-04-28 14:58:21,753 - WARNING: Entry:0:1:1, type:Box, Execute Falied

2023-04-28 14:58:52,453 - WARNING: Entry:0:1:1, type:Box, Execute Falied

2023-04-28 15:00:30,205 - WARNING: Entry:0:1:1, type:Box, Execute Falied

2023-04-28 15:01:38,235 - WARNING: Entry:0:1:1, type:Box, Execute Falied

2023-04-28 15:02:15,340 - WARNING: Entry:0:1:1, type:Box, Execute Falied

2023-04-28 15:03:10,054 - WARNING: Entry:0:1:1, type:Box, Execute Falied

2023-04-28 15:03:30,911 - WARNING: Entry:0:1:1, type:Box, Execute Falied

2023-04-28 15:11:34,747 - WARNING: Entry:0:1:1, type:Box, Execute Falied

2023-04-28 15:21:16,142 - WARNING: Entry:0:1:1, type:Box, Execute Falied

2023-04-28 15:25:10,369 - WARNING: Entry:0:1:1, type:Box, Execute Falied

2023-04-28 15:25:24,189 - WARNING: Entry:0:1:2, type:Box, Execute Falied

2023-04-28 15:26:11,258 - WARNING: Entry:0:1:3:1, type:ShapeRef, Init Falied

2023-04-28 15:26:11,266 - WARNING: Entry:0:1:3:2, type:ShapeRef, Init Falied

2023-04-28 15:26:11,269 - WARNING: Entry:0:1:3, type:Cut, Init Falied

2023-04-28 15:35:01,897 - WARNING: Entry:0:1:1, type:Box, Execute Falied

2023-04-28 15:35:43,353 - WARNING: Entry:0:1:1, type:Box, Execute Falied

2023-04-28 15:37:01,524 - WARNING: Entry:0:1:2, type:Box, Execute Falied

2023-04-28 15:37:25,298 - WARNING: Entry:0:1:3:1, type:ShapeRef, Init Falied

2023-04-28 15:37:25,304 - WARNING: Entry:0:1:3:2, type:ShapeRef, Init Falied

2023-04-28 15:37:25,307 - WARNING: Entry:0:1:3, type:Cut, Init Falied

2023-04-28 15:42:06,622 - WARNING: Entry:0:1:1, type:Box, Execute Falied

2023-04-28 15:42:22,193 - WARNING: Entry:0:1:2, type:Box, Execute Falied

2023-04-28 15:42:58,249 - WARNING: Entry:0:1:3:1, type:ShapeRef, Init Falied

2023-04-28 15:42:58,256 - WARNING: Entry:0:1:3:2, type:ShapeRef, Init Falied

2023-04-28 15:42:58,258 - WARNING: Entry:0:1:3, type:Cut, Init Falied

2023-04-28 15:51:56,984 - WARNING: Entry:0:1:1, type:Box, Execute Falied

2023-04-28 15:52:06,159 - WARNING: Entry:0:1:2:1, type:ShapeRef, Init Falied

2023-04-28 15:52:06,165 - WARNING: Entry:0:1:2:2, type:ShapeRef, Init Falied

2023-04-28 15:52:06,167 - WARNING: Entry:0:1:2, type:Cut, Init Falied

2023-04-28 15:54:09,863 - WARNING: Entry:0:1:1, type:Box, Execute Falied

2023-04-28 15:54:12,548 - WARNING: Entry:0:1:2:1, type:ShapeRef, Init Falied

2023-04-28 15:54:12,554 - WARNING: Entry:0:1:2:2, type:ShapeRef, Init Falied

2023-04-28 15:54:12,556 - WARNING: Entry:0:1:2, type:Cut, Init Falied

2023-04-28 15:54:24,781 - WARNING: Ref Label is error IsError

2023-04-28 16:09:03,030 - WARNING: Entry:0:1:1, type:Box, Execute Falied

2023-04-28 16:09:06,493 - WARNING: Entry:0:1:2:1, type:ShapeRef, Init Falied

2023-04-28 16:09:06,499 - WARNING: Entry:0:1:2:2, type:ShapeRef, Init Falied

2023-04-28 16:09:06,501 - WARNING: Entry:0:1:2, type:Cut, Init Falied

2023-04-28 16:09:42,833 - WARNING: Ref Label is error IsError

2023-04-28 16:18:57,574 - WARNING: Entry:0:1:1, type:Box, Execute Falied

2023-04-28 16:19:05,896 - WARNING: Entry:0:1:2:1, type:ShapeRef, Init Falied

2023-04-28 16:19:05,905 - WARNING: Entry:0:1:2:2, type:ShapeRef, Init Falied

2023-04-28 16:19:05,907 - WARNING: Entry:0:1:2, type:Cut, Init Falied

2023-04-28 16:19:41,877 - WARNING: Ref Label is error IsError

2023-04-28 16:21:18,986 - WARNING: Entry:0:1:1, type:Box, Execute Falied

2023-04-28 16:21:20,715 - WARNING: Entry:0:1:2:1, type:ShapeRef, Init Falied

2023-04-28 16:21:20,721 - WARNING: Entry:0:1:2:2, type:ShapeRef, Init Falied

2023-04-28 16:21:20,723 - WARNING: Entry:0:1:2, type:Cut, Init Falied

2023-04-28 16:25:50,797 - WARNING: Entry:0:1:1, type:Box, Execute Falied

2023-04-28 16:25:57,355 - WARNING: Entry:0:1:2:1, type:ShapeRef, Init Falied

2023-04-28 16:25:57,361 - WARNING: Entry:0:1:2:2, type:ShapeRef, Init Falied

2023-04-28 16:25:57,363 - WARNING: Entry:0:1:2, type:Cut, Init Falied

2023-04-28 16:25:58,255 - WARNING: Entry:0:1:2:1 not found reference

2023-04-28 16:25:58,258 - WARNING: Entry:0:1:2:2 not found reference

2023-04-28 16:26:36,207 - WARNING: Entry:0:1:1, type:Box, Execute Falied

2023-04-28 16:26:47,441 - WARNING: Entry:0:1:2:1, type:ShapeRef, Init Falied

2023-04-28 16:26:47,447 - WARNING: Entry:0:1:2:2, type:ShapeRef, Init Falied

2023-04-28 16:26:47,449 - WARNING: Entry:0:1:2, type:Cut, Init Falied

2023-04-28 16:26:48,497 - WARNING: Entry:0:1:2:1 not found reference

2023-04-28 16:26:48,500 - WARNING: Entry:0:1:2:2 not found reference

2023-04-28 16:29:35,988 - WARNING: Entry:0:1:1:1, type:array, Init Falied

2023-04-28 16:29:35,991 - WARNING: Entry:0:1:1, type:bspline, Init Falied

2023-04-28 16:30:02,204 - WARNING: Entry:0:1:1:1, type:array, Init Falied

2023-04-28 16:30:02,205 - WARNING: Entry:0:1:1, type:bspline, Init Falied

2023-04-28 16:30:35,493 - WARNING: Entry:0:1:1:1, type:array, Init Falied

2023-04-28 16:30:35,495 - WARNING: Entry:0:1:1, type:bspline, Init Falied

2023-04-28 16:30:55,112 - WARNING: Entry:0:1:1:1, type:array, Init Falied

2023-04-28 16:30:55,115 - WARNING: Entry:0:1:1, type:bspline, Init Falied

2023-04-28 16:35:18,313 - WARNING: Entry:0:1:1:1, type:array, Init Falied

2023-04-28 16:35:18,315 - WARNING: Entry:0:1:1, type:bspline, Init Falied

2023-04-28 16:36:33,985 - WARNING: Entry:0:1:1:1, type:array, Init Falied

2023-04-28 16:36:33,988 - WARNING: Entry:0:1:1, type:bspline, Init Falied

2023-04-28 16:36:56,122 - WARNING: Entry:0:1:1:1, type:array, Init Falied

2023-04-28 16:36:56,124 - WARNING: Entry:0:1:1, type:bspline, Init Falied

2023-04-28 16:37:29,670 - WARNING: Entry:0:1:1:1, type:array, Init Falied

2023-04-28 16:37:29,673 - WARNING: Entry:0:1:1, type:bspline, Init Falied

2023-04-28 16:38:21,044 - WARNING: Entry:0:1:1:1, type:array, Init Falied

2023-04-28 16:38:21,046 - WARNING: Entry:0:1:1, type:bspline, Init Falied

2023-04-28 16:38:41,432 - WARNING: Entry:0:1:1:1, type:array, Init Falied

2023-04-28 16:38:41,434 - WARNING: Entry:0:1:1, type:bspline, Init Falied

2023-04-28 16:47:20,496 - WARNING: Entry:0:1:1:1, type:array, Init Falied

2023-04-28 16:47:20,498 - WARNING: Entry:0:1:1, type:bspline, Init Falied

2023-04-28 16:47:54,628 - WARNING: Entry:0:1:1:1, type:array, Init Falied

2023-04-28 16:47:54,631 - WARNING: Entry:0:1:1, type:bspline, Init Falied

2023-04-28 16:48:25,926 - WARNING: Entry:0:1:1:1, type:array, Init Falied

2023-04-28 16:48:25,928 - WARNING: Entry:0:1:1, type:bspline, Init Falied

2023-04-28 16:51:03,112 - WARNING: Entry:0:1:1:1, type:array, Init Falied

2023-04-28 16:51:03,114 - WARNING: Entry:0:1:1, type:bspline, Init Falied

2023-04-28 16:52:27,019 - WARNING: Entry:0:1:1:1, type:array, Init Falied

2023-04-28 16:52:27,021 - WARNING: Entry:0:1:1, type:bspline, Init Falied

2023-04-28 20:48:07,712 - WARNING: Entry:0:1:1, type:Box, Execute Falied

2023-04-28 20:51:18,950 - WARNING: Entry:0:1:1, type:Box, Execute Falied

2023-04-28 20:53:27,065 - WARNING: Entry:0:1:1, type:Box, Execute Falied

2023-04-28 20:54:38,708 - WARNING: Entry:0:1:1, type:Box, Execute Falied

2023-04-28 20:58:31,787 - WARNING: Entry:0:1:1, type:Box, Execute Falied

2023-04-28 20:59:31,476 - WARNING: Entry:0:1:1, type:Box, Execute Falied

2023-04-28 21:00:58,366 - WARNING: Entry:0:1:1, type:Box, Execute Falied

2023-04-28 21:09:06,137 - WARNING: Entry:0:1:1, type:Box, Execute Falied

2023-04-28 21:10:38,885 - WARNING: Entry:0:1:1, type:Box, Execute Falied

2023-04-28 21:11:34,054 - WARNING: Entry:0:1:1, type:Box, Execute Falied

2023-04-28 21:15:28,910 - WARNING: Entry:0:1:1, type:Box, Execute Falied
