
2023-05-07 01:24:09,045 - WARNING: Entry:0:1:1, type:CylFace, Execute Falied

2023-05-07 01:27:14,069 - WARNING: Entry:0:1:1, type:Box, Execute Falied

2023-05-07 01:28:36,787 - WARNING: Entry:0:1:1, type:Box, Execute Falied

2023-05-07 01:29:35,065 - WARNING: Entry:0:1:1, type:Box, Execute Falied

2023-05-07 01:31:53,244 - WARNING: Entry:0:1:1, type:Box, Execute Falied

2023-05-07 02:50:09,883 - WARNING: Entry:0:1:1, type:Box, Execute Falied

2023-05-07 02:51:35,693 - WARNING: Entry:0:1:1, type:Box, Execute Falied

2023-05-07 02:53:38,399 - WARNING: Entry:0:1:1, type:Box, Execute Falied

2023-05-07 02:57:34,177 - WARNING: Entry:0:1:1, type:CylFace, Execute Falied

2023-05-07 02:57:40,048 - WARNING: Entry:0:1:2:18, type:Ax2d, Execute Falied

2023-05-07 02:57:40,067 - WARNING: Entry:0:1:2, type:Ellipse2d, Init Falied

2023-05-07 02:57:46,058 - WARNING: Entry:0:1:3:18, type:ShapeRef, Init Falied

2023-05-07 02:57:46,064 - WARNING: Entry:0:1:3:19, type:ShapeRef, Init Falied

2023-05-07 02:57:46,066 - WARNING: Entry:0:1:3, type:BuildEdge3d, Init Falied

2023-05-07 02:57:49,971 - WARNING: Entry:0:1:3:18 not found reference

2023-05-07 02:57:49,974 - WARNING: Entry:0:1:3:18 not found reference

2023-05-07 02:57:49,977 - WARNING: Entry:0:1:3:19 not found reference

2023-05-07 02:57:49,979 - WARNING: Entry:0:1:3:19 not found reference

2023-05-07 02:57:58,428 - WARNING: Ref Null IsError

2023-05-07 02:57:58,435 - WARNING: Entry:0:1:3:19 not found reference

2023-05-07 02:57:58,437 - WARNING: Entry:0:1:3:19 not found reference

2023-05-07 03:04:43,704 - WARNING: Entry:0:1:1, type:CylFace, Execute Falied

2023-05-07 03:04:50,458 - WARNING: Entry:0:1:2:18, type:Ax2d, Execute Falied

2023-05-07 03:04:50,478 - WARNING: Entry:0:1:2, type:Ellipse2d, Init Falied

2023-05-07 03:04:52,880 - WARNING: Entry:0:1:3:18, type:ShapeRef, Init Falied

2023-05-07 03:04:52,886 - WARNING: Entry:0:1:3:19, type:ShapeRef, Init Falied

2023-05-07 03:04:52,889 - WARNING: Entry:0:1:3, type:BuildEdge3d, Init Falied

2023-05-07 03:04:54,337 - WARNING: Entry:0:1:3:18 not found reference

2023-05-07 03:04:54,341 - WARNING: Entry:0:1:3:18 not found reference

2023-05-07 03:04:54,345 - WARNING: Entry:0:1:3:19 not found reference

2023-05-07 03:04:54,350 - WARNING: Entry:0:1:3:19 not found reference

2023-05-07 03:05:00,621 - WARNING: Ref Null IsError

2023-05-07 03:05:00,628 - WARNING: Entry:0:1:3:19 not found reference

2023-05-07 03:05:00,630 - WARNING: Entry:0:1:3:19 not found reference

2023-05-07 03:12:28,931 - WARNING: Entry:0:1:1, type:CylFace, Execute Falied

2023-05-07 03:12:31,688 - WARNING: Entry:0:1:2:18, type:Ax2d, Execute Falied

2023-05-07 03:12:31,706 - WARNING: Entry:0:1:2, type:Ellipse2d, Init Falied

2023-05-07 03:12:37,312 - WARNING: Entry:0:1:3:18, type:ShapeRef, Init Falied

2023-05-07 03:12:37,319 - WARNING: Entry:0:1:3:19, type:ShapeRef, Init Falied

2023-05-07 03:12:37,321 - WARNING: Entry:0:1:3, type:BuildEdge3d, Init Falied

2023-05-07 03:12:38,315 - WARNING: Entry:0:1:3:18 not found reference

2023-05-07 03:12:38,318 - WARNING: Entry:0:1:3:18 not found reference

2023-05-07 03:12:38,322 - WARNING: Entry:0:1:3:19 not found reference

2023-05-07 03:12:38,324 - WARNING: Entry:0:1:3:19 not found reference

2023-05-07 03:14:47,558 - WARNING: Entry:0:1:1, type:CylFace, Execute Falied

2023-05-07 03:15:24,685 - WARNING: Entry:0:1:4:18, type:ShapeRef, Init Falied

2023-05-07 03:15:24,694 - WARNING: Entry:0:1:4:19, type:ShapeRef, Init Falied

2023-05-07 03:15:24,696 - WARNING: Entry:0:1:4, type:BuildEdge3d, Init Falied

2023-05-07 03:15:25,995 - WARNING: Entry:0:1:4:18 not found reference

2023-05-07 03:15:25,998 - WARNING: Entry:0:1:4:18 not found reference

2023-05-07 03:15:26,001 - WARNING: Entry:0:1:4:19 not found reference

2023-05-07 03:15:26,004 - WARNING: Entry:0:1:4:19 not found reference

2023-05-07 03:15:42,090 - WARNING: 0:1:2 don't find 5b896aff-3adf-11d4-b9b7-0060b0ee281b 

2023-05-07 03:15:42,093 - WARNING: 0:1:2 don't find 5b896aff-3adf-11d4-b9b7-0060b0ee281b 

2023-05-07 03:16:02,121 - WARNING: Entry:0:1:1, type:CylFace, Execute Falied

2023-05-07 03:16:04,190 - WARNING: Entry:0:1:2:18, type:Ax2d, Execute Falied

2023-05-07 03:16:04,209 - WARNING: Entry:0:1:2, type:Ellipse2d, Init Falied

2023-05-07 03:16:11,049 - WARNING: Entry:0:1:3:18, type:ShapeRef, Init Falied

2023-05-07 03:16:11,056 - WARNING: Entry:0:1:3:19, type:ShapeRef, Init Falied

2023-05-07 03:16:11,058 - WARNING: Entry:0:1:3, type:BuildEdge3d, Init Falied

2023-05-07 03:16:12,000 - WARNING: Entry:0:1:3:18 not found reference

2023-05-07 03:16:12,004 - WARNING: Entry:0:1:3:18 not found reference

2023-05-07 03:16:12,010 - WARNING: Entry:0:1:3:19 not found reference

2023-05-07 03:16:12,014 - WARNING: Entry:0:1:3:19 not found reference

2023-05-07 03:19:51,471 - WARNING: Entry:0:1:1, type:CylFace, Execute Falied

2023-05-07 03:20:34,329 - WARNING: Entry:0:1:4:18, type:Ax2d, Execute Falied

2023-05-07 03:20:34,354 - WARNING: Entry:0:1:4, type:Ellipse2d, Init Falied

2023-05-07 03:20:58,469 - WARNING: Entry:0:1:5:18, type:ShapeRef, Init Falied

2023-05-07 03:20:58,475 - WARNING: Entry:0:1:5:19, type:ShapeRef, Init Falied

2023-05-07 03:20:58,477 - WARNING: Entry:0:1:5, type:BuildEdge3d, Init Falied

2023-05-07 03:20:59,411 - WARNING: Entry:0:1:5:18 not found reference

2023-05-07 03:20:59,414 - WARNING: Entry:0:1:5:18 not found reference

2023-05-07 03:20:59,416 - WARNING: Entry:0:1:5:19 not found reference

2023-05-07 03:20:59,419 - WARNING: Entry:0:1:5:19 not found reference

2023-05-07 03:21:58,316 - WARNING: Entry:0:1:6, type:Box, Execute Falied

2023-05-07 03:35:31,025 - WARNING: 0:1:1:18:19:18 don't find 2a96b60f-ec8b-11d0-bee7-080009dc3333 

2023-05-07 03:35:31,027 - WARNING: 0:1:1:18:19:19 don't find 2a96b60f-ec8b-11d0-bee7-080009dc3333 

2023-05-07 03:35:31,029 - WARNING: 0:1:1:18:19:20 don't find 2a96b60f-ec8b-11d0-bee7-080009dc3333 

2023-05-07 03:38:24,553 - WARNING: Entry:0:1:1, type:Box, Execute Falied

2023-05-07 03:39:24,175 - WARNING: Entry:0:1:1, type:Box, Execute Falied

2023-05-07 03:41:23,044 - WARNING: Entry:0:1:1, type:Box, Execute Falied

2023-05-07 03:46:00,296 - WARNING: Entry:0:1:1, type:Box, Execute Falied

2023-05-07 03:48:03,691 - WARNING: Entry:0:1:1:18, type:ShapeRef, Init Falied

2023-05-07 03:48:03,698 - WARNING: Entry:0:1:1:19, type:ShapeRef, Init Falied

2023-05-07 03:48:03,701 - WARNING: Entry:0:1:1, type:Cut, Init Falied

2023-05-07 03:48:06,402 - WARNING: Entry:0:1:2, type:Box, Execute Falied

2023-05-07 03:49:17,958 - WARNING: Entry:0:1:1, type:Box, Execute Falied

2023-05-07 03:49:37,449 - WARNING: Driver:22d22e57-abca-11d4-8f1a-0060b0ee18e8 not found

2023-05-07 03:52:12,188 - WARNING: Entry:0:1:1, type:Box, Execute Falied

2023-05-07 03:52:24,498 - WARNING: Entry:0:1:2, type:RefSub, Execute Falied

2023-05-07 03:54:15,309 - WARNING: Entry:0:1:1, type:Box, Execute Falied

2023-05-07 03:54:32,759 - WARNING: Entry:0:1:2, type:RefSub, Execute Falied

2023-05-07 03:57:30,832 - WARNING: Entry:0:1:1, type:Box, Execute Falied

2023-05-07 03:57:46,595 - WARNING: 0:1:2 don't find c4ef4200-568f-11d1-8940-080009dc3333 

2023-05-07 03:58:34,408 - WARNING: Entry:0:1:1, type:Box, Execute Falied

2023-05-07 03:59:59,110 - WARNING: Entry:0:1:1, type:Box, Execute Falied

2023-05-07 04:03:25,482 - WARNING: Entry:0:1:1, type:Box, Execute Falied

2023-05-07 04:04:12,702 - WARNING: Entry:0:1:3, type:CylFace, Execute Falied

2023-05-07 04:04:19,809 - WARNING: Entry:0:1:4:18, type:Ax2d, Execute Falied

2023-05-07 04:04:19,832 - WARNING: Entry:0:1:4, type:Ellipse2d, Init Falied

2023-05-07 04:04:24,392 - WARNING: Entry:0:1:5:18, type:ShapeRef, Init Falied

2023-05-07 04:04:24,399 - WARNING: Entry:0:1:5:19, type:ShapeRef, Init Falied

2023-05-07 04:04:24,401 - WARNING: Entry:0:1:5, type:BuildEdge3d, Init Falied

2023-05-07 04:04:25,970 - WARNING: Entry:0:1:5:18 not found reference

2023-05-07 04:04:25,973 - WARNING: Entry:0:1:5:18 not found reference

2023-05-07 04:04:25,975 - WARNING: Entry:0:1:5:19 not found reference

2023-05-07 04:04:25,979 - WARNING: Entry:0:1:5:19 not found reference

2023-05-07 04:04:38,556 - WARNING: Ref Null IsError

2023-05-07 04:04:38,564 - WARNING: Entry:0:1:5:19 not found reference

2023-05-07 04:04:38,566 - WARNING: Entry:0:1:5:19 not found reference

2023-05-07 04:21:37,588 - WARNING: Entry:0:1:7:18, type:ShapeRef, Init Falied

2023-05-07 04:21:37,678 - WARNING: Entry:0:1:7:19, type:ShapeRef, Init Falied

2023-05-07 04:21:37,680 - WARNING: Entry:0:1:7, type:Cut, Init Falied

2023-05-07 04:21:39,471 - WARNING: Entry:0:1:7:18 not found reference

2023-05-07 04:21:39,473 - WARNING: Entry:0:1:7:18 not found reference

2023-05-07 04:21:39,476 - WARNING: Entry:0:1:7:19 not found reference

2023-05-07 04:21:39,478 - WARNING: Entry:0:1:7:19 not found reference

2023-05-07 04:21:49,650 - WARNING: Entry:0:1:8, type:Box, Execute Falied

2023-05-07 04:21:58,761 - WARNING: Entry:0:1:7:18 not found reference

2023-05-07 04:21:58,763 - WARNING: Entry:0:1:7:18 not found reference

2023-05-07 04:21:58,766 - WARNING: Entry:0:1:7:19 not found reference

2023-05-07 04:21:58,768 - WARNING: Entry:0:1:7:19 not found reference

2023-05-07 14:56:52,132 - WARNING: Entry:0:1:1, type:Box, Execute Falied

2023-05-07 14:57:18,100 - WARNING: Entry:0:1:3:18, type:Ax2d, Execute Falied

2023-05-07 14:57:18,123 - WARNING: Entry:0:1:3, type:Ellipse2d, Init Falied

2023-05-07 14:57:33,284 - WARNING: Entry:0:1:4:18, type:ShapeRef, Init Falied

2023-05-07 14:57:33,291 - WARNING: Entry:0:1:4:19, type:ShapeRef, Init Falied

2023-05-07 14:57:33,293 - WARNING: Entry:0:1:4, type:BuildEdge3d, Init Falied

2023-05-07 14:57:34,397 - WARNING: Entry:0:1:4:18 not found reference

2023-05-07 14:57:34,400 - WARNING: Entry:0:1:4:18 not found reference

2023-05-07 14:57:34,403 - WARNING: Entry:0:1:4:19 not found reference

2023-05-07 14:57:34,406 - WARNING: Entry:0:1:4:19 not found reference

2023-05-07 20:19:04,827 - WARNING: Entry:0:1:1, type:CylFace, Execute Falied

2023-05-07 21:00:04,696 - WARNING: Entry:0:1:1, type:Box, Execute Falied
