
2023-05-10 00:41:15,887 - WARNING: Entry:0:1:1, type:Seg2d, Execute Falied

2023-05-10 00:41:28,855 - WARNING: Entry:0:1:2, type:Seg2d, Execute Falied

2023-05-10 00:44:55,624 - WARNING: Entry:0:1:1, type:ArcCircle, Execute Falied

2023-05-10 00:45:27,301 - WARNING: Entry:0:1:2, type:Wire, Execute Falied

2023-05-10 00:45:32,318 - WARNING: Entry:0:1:2:18:125, type:ShapeRef, Init Falied

2023-05-10 00:45:32,326 - WARNING: Entry:0:1:2:18:126, type:ShapeRef, Init Falied

2023-05-10 00:45:32,334 - WARNING: Entry:0:1:2:18:127, type:ShapeRef, Init Falied

2023-05-10 00:45:32,353 - WARNING: Entry:0:1:2:18:125 not found reference

2023-05-10 00:45:32,358 - WARNING: Entry:0:1:2:18:125 not found reference

2023-05-10 00:45:32,363 - WARNING: Entry:0:1:2:18:126 not found reference

2023-05-10 00:45:32,366 - WARNING: Entry:0:1:2:18:126 not found reference

2023-05-10 00:45:32,369 - WARNING: Entry:0:1:2:18:127 not found reference

2023-05-10 00:45:32,371 - WARNING: Entry:0:1:2:18:127 not found reference

2023-05-10 00:45:33,448 - WARNING: Ref Null IsError

2023-05-10 00:45:33,457 - WARNING: Entry:0:1:2:18:126 not found reference

2023-05-10 00:45:33,460 - WARNING: Entry:0:1:2:18:126 not found reference

2023-05-10 00:52:03,285 - WARNING: Entry:0:1:1, type:Wire, Execute Falied

2023-05-10 00:52:09,477 - WARNING: Entry:0:1:1:18:125, type:ShapeRef, Init Falied

2023-05-10 00:52:09,486 - WARNING: Entry:0:1:1:18:125 not found reference

2023-05-10 00:52:09,488 - WARNING: Entry:0:1:1:18:125 not found reference

2023-05-10 00:52:11,460 - WARNING: Entry:0:1:1:18:125 not found reference

2023-05-10 00:52:11,463 - WARNING: Entry:0:1:1:18:125 not found reference

2023-05-10 00:52:14,199 - WARNING: Entry:0:1:1:18:125 not found reference

2023-05-10 00:52:14,201 - WARNING: Entry:0:1:1:18:125 not found reference

2023-05-10 00:54:29,434 - WARNING: 0:1:1:18 don't find  Attr 2a96b606-ec8b-11d0-bee7-080009dc3333 

2023-05-10 00:55:19,114 - WARNING: Entry:0:1:1, type:Seg2d, Execute Falied

2023-05-10 00:55:35,727 - WARNING: Entry:0:1:2, type:Wire, Execute Falied

2023-05-10 00:55:39,724 - WARNING: Entry:0:1:2:18:125, type:ShapeRef, Init Falied

2023-05-10 00:55:39,731 - WARNING: Entry:0:1:2:18:125 not found reference

2023-05-10 00:55:39,735 - WARNING: Entry:0:1:2:18:125 not found reference

2023-05-10 00:58:42,621 - WARNING: Entry:0:1:1, type:Seg2d, Execute Falied

2023-05-10 00:59:00,184 - WARNING: Entry:0:1:2, type:Seg2d, Execute Falied

2023-05-10 00:59:22,025 - WARNING: Entry:0:1:3, type:ArcCircle, Execute Falied

2023-05-10 01:00:00,151 - WARNING: Entry:0:1:4, type:Wire, Execute Falied

2023-05-10 01:00:05,027 - WARNING: Entry:0:1:4:18:125, type:ShapeRef, Init Falied

2023-05-10 01:00:05,034 - WARNING: Entry:0:1:4:18:126, type:ShapeRef, Init Falied

2023-05-10 01:00:05,041 - WARNING: Entry:0:1:4:18:127, type:ShapeRef, Init Falied

2023-05-10 01:00:05,049 - WARNING: Entry:0:1:4:18:125 not found reference

2023-05-10 01:00:05,052 - WARNING: Entry:0:1:4:18:125 not found reference

2023-05-10 01:00:05,057 - WARNING: Entry:0:1:4:18:126 not found reference

2023-05-10 01:00:05,059 - WARNING: Entry:0:1:4:18:126 not found reference

2023-05-10 01:00:05,061 - WARNING: Entry:0:1:4:18:127 not found reference

2023-05-10 01:00:05,065 - WARNING: Entry:0:1:4:18:127 not found reference

2023-05-10 01:00:06,006 - WARNING: Ref Null IsError

2023-05-10 01:00:06,012 - WARNING: Entry:0:1:4:18:126 not found reference

2023-05-10 01:00:06,015 - WARNING: Entry:0:1:4:18:126 not found reference

2023-05-10 01:07:05,755 - WARNING: Entry:0:1:1, type:Seg2d, Execute Falied

2023-05-10 01:07:15,759 - WARNING: Entry:0:1:2, type:Seg2d, Execute Falied

2023-05-10 01:07:29,222 - WARNING: Entry:0:1:3, type:ArcCircle, Execute Falied

2023-05-10 01:07:53,967 - WARNING: Entry:0:1:4, type:Wire, Execute Falied

2023-05-10 01:08:00,056 - WARNING: Entry:0:1:4:18:125, type:ShapeRef, Init Falied

2023-05-10 01:08:00,062 - WARNING: Entry:0:1:4:18:126, type:ShapeRef, Init Falied

2023-05-10 01:08:00,071 - WARNING: Entry:0:1:4:18:127, type:ShapeRef, Init Falied

2023-05-10 01:08:00,079 - WARNING: Entry:0:1:4:18:125 not found reference

2023-05-10 01:08:00,083 - WARNING: Entry:0:1:4:18:125 not found reference

2023-05-10 01:08:00,086 - WARNING: Entry:0:1:4:18:126 not found reference

2023-05-10 01:08:00,088 - WARNING: Entry:0:1:4:18:126 not found reference

2023-05-10 01:08:00,091 - WARNING: Entry:0:1:4:18:127 not found reference

2023-05-10 01:08:00,094 - WARNING: Entry:0:1:4:18:127 not found reference

2023-05-10 01:11:54,689 - WARNING: Entry:0:1:1, type:Seg2d, Execute Falied

2023-05-10 01:12:02,174 - WARNING: Entry:0:1:2, type:Wire, Execute Falied

2023-05-10 01:12:05,848 - WARNING: Entry:0:1:2:18:125, type:ShapeRef, Init Falied

2023-05-10 01:12:05,858 - WARNING: Entry:0:1:2:18:125 not found reference

2023-05-10 01:12:05,864 - WARNING: Entry:0:1:2:18:125 not found reference

2023-05-10 01:12:43,802 - WARNING: Entry:0:1:3, type:Seg2d, Execute Falied

2023-05-10 01:12:48,813 - WARNING: Entry:0:1:2:18:126, type:ShapeRef, Init Falied

2023-05-10 01:12:48,824 - WARNING: Entry:0:1:2:18:126 not found reference

2023-05-10 01:12:48,827 - WARNING: Entry:0:1:2:18:126 not found reference

2023-05-10 01:14:01,494 - WARNING: Entry:0:1:1, type:Seg2d, Execute Falied

2023-05-10 01:14:07,388 - WARNING: Entry:0:1:2, type:Seg2d, Execute Falied

2023-05-10 01:14:14,063 - WARNING: Entry:0:1:3, type:Wire, Execute Falied

2023-05-10 01:14:25,456 - WARNING: Entry:0:1:3:18:125, type:ShapeRef, Init Falied

2023-05-10 01:14:25,463 - WARNING: Entry:0:1:3:18:126, type:ShapeRef, Init Falied

2023-05-10 01:14:25,474 - WARNING: Entry:0:1:3:18:125 not found reference

2023-05-10 01:14:25,477 - WARNING: Entry:0:1:3:18:125 not found reference

2023-05-10 01:14:25,480 - WARNING: Entry:0:1:3:18:126 not found reference

2023-05-10 01:14:25,482 - WARNING: Entry:0:1:3:18:126 not found reference

2023-05-10 01:14:26,193 - WARNING: Ref Null IsError

2023-05-10 01:14:26,200 - WARNING: Entry:0:1:3:18:126 not found reference

2023-05-10 01:14:26,205 - WARNING: Entry:0:1:3:18:126 not found reference

2023-05-10 01:20:14,250 - WARNING: Entry:0:1:4, type:ArcCircle, Execute Falied

2023-05-10 01:20:42,487 - WARNING: Entry:0:1:5, type:Wire, Execute Falied

2023-05-10 01:20:47,871 - WARNING: Entry:0:1:5:18:125, type:ShapeRef, Init Falied

2023-05-10 01:20:47,877 - WARNING: Entry:0:1:5:18:126, type:ShapeRef, Init Falied

2023-05-10 01:20:47,886 - WARNING: Entry:0:1:5:18:127, type:ShapeRef, Init Falied

2023-05-10 01:20:47,894 - WARNING: Entry:0:1:5:18:125 not found reference

2023-05-10 01:20:47,897 - WARNING: Entry:0:1:5:18:125 not found reference

2023-05-10 01:20:47,900 - WARNING: Entry:0:1:5:18:126 not found reference

2023-05-10 01:20:47,908 - WARNING: Entry:0:1:5:18:126 not found reference

2023-05-10 01:20:47,911 - WARNING: Entry:0:1:5:18:127 not found reference

2023-05-10 01:20:47,914 - WARNING: Entry:0:1:5:18:127 not found reference

2023-05-10 01:21:14,511 - WARNING: Entry:0:1:6:20, type:ShapeRef, Init Falied

2023-05-10 01:21:14,514 - WARNING: Entry:0:1:6, type:MirAx2, Init Falied

2023-05-10 01:21:16,028 - WARNING: Entry:0:1:6:20 not found reference

2023-05-10 01:21:16,030 - WARNING: Entry:0:1:6:20 not found reference

2023-05-10 01:21:47,172 - WARNING: 0:1:6:20 don't find  Attr c4ef4200-568f-11d1-8940-080009dc3333 

2023-05-10 01:26:45,472 - WARNING: Entry:0:1:1, type:Seg2d, Execute Falied

2023-05-10 01:27:02,677 - WARNING: Entry:0:1:2:20, type:ShapeRef, Init Falied

2023-05-10 01:27:02,679 - WARNING: Entry:0:1:2, type:MirAx2, Init Falied

2023-05-10 01:27:03,657 - WARNING: Entry:0:1:2:20 not found reference

2023-05-10 01:27:03,660 - WARNING: Entry:0:1:2:20 not found reference

2023-05-10 01:27:16,498 - WARNING: 0:1:2:20 don't find  Attr c4ef4200-568f-11d1-8940-080009dc3333 

2023-05-10 01:32:01,952 - WARNING: Entry:0:1:1, type:Seg2d, Execute Falied

2023-05-10 01:32:10,336 - WARNING: Entry:0:1:2, type:ArcCircle, Execute Falied

2023-05-10 01:32:15,125 - WARNING: Entry:0:1:3, type:Seg2d, Execute Falied

2023-05-10 01:32:18,438 - WARNING: Entry:0:1:4, type:Wire, Execute Falied

2023-05-10 01:32:22,179 - WARNING: Entry:0:1:4:18:125, type:ShapeRef, Init Falied

2023-05-10 01:32:22,188 - WARNING: Entry:0:1:4:18:126, type:ShapeRef, Init Falied

2023-05-10 01:32:22,193 - WARNING: Entry:0:1:4:18:127, type:ShapeRef, Init Falied

2023-05-10 01:32:22,200 - WARNING: Entry:0:1:4:18:125 not found reference

2023-05-10 01:32:22,203 - WARNING: Entry:0:1:4:18:125 not found reference

2023-05-10 01:32:22,206 - WARNING: Entry:0:1:4:18:126 not found reference

2023-05-10 01:32:22,208 - WARNING: Entry:0:1:4:18:126 not found reference

2023-05-10 01:32:22,211 - WARNING: Entry:0:1:4:18:127 not found reference

2023-05-10 01:32:22,213 - WARNING: Entry:0:1:4:18:127 not found reference

2023-05-10 01:32:23,905 - WARNING: Ref Null IsError

2023-05-10 01:32:23,912 - WARNING: Entry:0:1:4:18:126 not found reference

2023-05-10 01:32:23,914 - WARNING: Entry:0:1:4:18:126 not found reference

2023-05-10 01:33:38,341 - WARNING: Entry:0:1:5:20, type:ShapeRef, Init Falied

2023-05-10 01:33:38,343 - WARNING: Entry:0:1:5, type:MirAx2, Init Falied

2023-05-10 01:33:39,421 - WARNING: Entry:0:1:5:20 not found reference

2023-05-10 01:33:39,423 - WARNING: Entry:0:1:5:20 not found reference

2023-05-10 01:33:56,459 - WARNING: 0:1:5:20 don't find  Attr c4ef4200-568f-11d1-8940-080009dc3333 

2023-05-10 01:34:50,877 - WARNING: 0:1:5:20 don't find  Attr c4ef4200-568f-11d1-8940-080009dc3333 

2023-05-10 01:34:52,465 - WARNING: 0:1:5:20 don't find  Attr c4ef4200-568f-11d1-8940-080009dc3333 

2023-05-10 01:35:02,364 - WARNING: 0:1:5:20 don't find  Attr c4ef4200-568f-11d1-8940-080009dc3333 

2023-05-10 01:42:21,108 - WARNING: Entry:0:1:1, type:Seg2d, Execute Falied

2023-05-10 01:42:28,960 - WARNING: Entry:0:1:2, type:ArcCircle, Execute Falied

2023-05-10 01:42:32,106 - WARNING: Entry:0:1:3, type:Seg2d, Execute Falied

2023-05-10 01:42:38,375 - WARNING: Entry:0:1:4, type:Wire, Execute Falied

2023-05-10 01:42:54,307 - WARNING: Entry:0:1:4:18:125, type:ShapeRef, Init Falied

2023-05-10 01:42:54,313 - WARNING: Entry:0:1:4:18:126, type:ShapeRef, Init Falied

2023-05-10 01:42:54,320 - WARNING: Entry:0:1:4:18:127, type:ShapeRef, Init Falied

2023-05-10 01:42:54,328 - WARNING: Entry:0:1:4:18:125 not found reference

2023-05-10 01:42:54,333 - WARNING: Entry:0:1:4:18:125 not found reference

2023-05-10 01:42:54,336 - WARNING: Entry:0:1:4:18:126 not found reference

2023-05-10 01:42:54,339 - WARNING: Entry:0:1:4:18:126 not found reference

2023-05-10 01:42:54,343 - WARNING: Entry:0:1:4:18:127 not found reference

2023-05-10 01:42:54,345 - WARNING: Entry:0:1:4:18:127 not found reference

2023-05-10 01:43:57,611 - WARNING: Entry:0:1:5:20, type:ShapeRef, Init Falied

2023-05-10 01:43:57,614 - WARNING: Entry:0:1:5, type:MirAx2, Init Falied

2023-05-10 01:43:59,487 - WARNING: Entry:0:1:5:20 not found reference

2023-05-10 01:43:59,489 - WARNING: Entry:0:1:5:20 not found reference

2023-05-10 01:44:22,988 - WARNING: 0:1:5:20 don't find  Attr c4ef4200-568f-11d1-8940-080009dc3333 

2023-05-10 01:44:54,057 - WARNING: 0:1:5:20 don't find  Attr c4ef4200-568f-11d1-8940-080009dc3333 

2023-05-10 01:45:04,443 - WARNING: 0:1:5:20 don't find  Attr c4ef4200-568f-11d1-8940-080009dc3333 

2023-05-10 01:45:30,559 - WARNING: 0:1:5:20 don't find  Attr c4ef4200-568f-11d1-8940-080009dc3333 

2023-05-10 01:45:34,377 - WARNING: 0:1:5:20 don't find  Attr c4ef4200-568f-11d1-8940-080009dc3333 

2023-05-10 01:45:38,005 - WARNING: 0:1:5:20 don't find  Attr c4ef4200-568f-11d1-8940-080009dc3333 

2023-05-10 01:45:41,426 - WARNING: 0:1:5:20 don't find  Attr c4ef4200-568f-11d1-8940-080009dc3333 

2023-05-10 01:45:44,538 - WARNING: 0:1:5:20 don't find  Attr c4ef4200-568f-11d1-8940-080009dc3333 

2023-05-10 01:45:47,856 - WARNING: 0:1:5:20 don't find  Attr c4ef4200-568f-11d1-8940-080009dc3333 

2023-05-10 01:45:55,954 - WARNING: 0:1:5:20 don't find  Attr c4ef4200-568f-11d1-8940-080009dc3333 

2023-05-10 01:45:57,390 - WARNING: 0:1:5:20 don't find  Attr c4ef4200-568f-11d1-8940-080009dc3333 

2023-05-10 01:45:59,030 - WARNING: 0:1:5:20 don't find  Attr c4ef4200-568f-11d1-8940-080009dc3333 

2023-05-10 01:46:35,272 - WARNING: Entry:0:1:6, type:Wire, Execute Falied

2023-05-10 01:46:41,027 - WARNING: Entry:0:1:6:18:125, type:ShapeRef, Init Falied

2023-05-10 01:46:41,033 - WARNING: Entry:0:1:6:18:126, type:ShapeRef, Init Falied

2023-05-10 01:46:41,039 - WARNING: Entry:0:1:6:18:125 not found reference

2023-05-10 01:46:41,042 - WARNING: Entry:0:1:6:18:125 not found reference

2023-05-10 01:46:41,045 - WARNING: Entry:0:1:6:18:126 not found reference

2023-05-10 01:46:41,047 - WARNING: Entry:0:1:6:18:126 not found reference

2023-05-10 01:47:09,534 - WARNING: 0:1:5:20 don't find  Attr c4ef4200-568f-11d1-8940-080009dc3333 

2023-05-10 01:47:09,537 - WARNING: 0:1:5:20 don't find  Attr c4ef4200-568f-11d1-8940-080009dc3333 

2023-05-10 01:54:06,280 - WARNING: Entry:0:1:1, type:Seg2d, Execute Falied

2023-05-10 01:54:16,823 - WARNING: Entry:0:1:2:20, type:ShapeRef, Init Falied

2023-05-10 01:54:16,825 - WARNING: Entry:0:1:2, type:MirAx2, Init Falied

2023-05-10 01:54:17,521 - WARNING: Entry:0:1:2:20 not found reference

2023-05-10 01:54:17,524 - WARNING: Entry:0:1:2:20 not found reference

2023-05-10 01:54:38,099 - WARNING: 0:1:2:20 don't find  Attr c4ef4200-568f-11d1-8940-080009dc3333 

2023-05-10 01:54:52,524 - WARNING: 0:1:2:20 don't find  Attr c4ef4200-568f-11d1-8940-080009dc3333 

2023-05-10 01:55:02,265 - WARNING: 0:1:2:20 don't find  Attr c4ef4200-568f-11d1-8940-080009dc3333 

2023-05-10 01:55:31,235 - WARNING: 0:1:2:20 don't find  Attr c4ef4200-568f-11d1-8940-080009dc3333 

2023-05-10 01:55:33,090 - WARNING: 0:1:2:20 don't find  Attr c4ef4200-568f-11d1-8940-080009dc3333 

2023-05-10 01:55:54,631 - WARNING: 0:1:2:20 don't find  Attr c4ef4200-568f-11d1-8940-080009dc3333 

2023-05-10 01:55:54,633 - WARNING: 0:1:2:20 don't find  Attr c4ef4200-568f-11d1-8940-080009dc3333 

2023-05-10 01:55:54,636 - WARNING: 0:1:2:20 don't find  Attr c4ef4200-568f-11d1-8940-080009dc3333 

2023-05-10 01:55:58,207 - WARNING: 0:1:2:20 don't find  Attr c4ef4200-568f-11d1-8940-080009dc3333 

2023-05-10 01:55:58,209 - WARNING: 0:1:2:20 don't find  Attr c4ef4200-568f-11d1-8940-080009dc3333 

2023-05-10 01:55:58,212 - WARNING: 0:1:2:20 don't find  Attr c4ef4200-568f-11d1-8940-080009dc3333 

2023-05-10 01:56:11,225 - WARNING: 0:1:2:20 don't find  Attr c4ef4200-568f-11d1-8940-080009dc3333 

2023-05-10 01:56:13,732 - WARNING: 0:1:2:20 don't find  Attr c4ef4200-568f-11d1-8940-080009dc3333 

2023-05-10 01:56:20,455 - WARNING: 0:1:2:20 don't find  Attr c4ef4200-568f-11d1-8940-080009dc3333 

2023-05-10 01:56:20,457 - WARNING: 0:1:2:20 don't find  Attr c4ef4200-568f-11d1-8940-080009dc3333 

2023-05-10 01:56:20,460 - WARNING: 0:1:2:20 don't find  Attr c4ef4200-568f-11d1-8940-080009dc3333 

2023-05-10 01:56:23,231 - WARNING: 0:1:2:20 don't find  Attr c4ef4200-568f-11d1-8940-080009dc3333 

2023-05-10 01:56:23,234 - WARNING: 0:1:2:20 don't find  Attr c4ef4200-568f-11d1-8940-080009dc3333 

2023-05-10 01:56:23,236 - WARNING: 0:1:2:20 don't find  Attr c4ef4200-568f-11d1-8940-080009dc3333 

2023-05-10 01:59:55,091 - WARNING: Entry:0:1:2:20, type:ShapeRef, Init Falied

2023-05-10 01:59:55,093 - WARNING: Entry:0:1:2, type:MirAx2, Init Falied

2023-05-10 01:59:55,838 - WARNING: Entry:0:1:2:20 not found reference

2023-05-10 01:59:55,841 - WARNING: Entry:0:1:2:20 not found reference

2023-05-10 02:00:07,455 - WARNING: 0:1:2:20 don't find  Attr c4ef4200-568f-11d1-8940-080009dc3333 

2023-05-10 02:00:10,575 - WARNING: 0:1:2:20 don't find  Attr c4ef4200-568f-11d1-8940-080009dc3333 

2023-05-10 02:00:10,577 - WARNING: 0:1:2:20 don't find  Attr c4ef4200-568f-11d1-8940-080009dc3333 

2023-05-10 02:00:10,580 - WARNING: 0:1:2:20 don't find  Attr c4ef4200-568f-11d1-8940-080009dc3333 

2023-05-10 02:00:48,897 - WARNING: 0:1:2:20 don't find  Attr c4ef4200-568f-11d1-8940-080009dc3333 

2023-05-10 02:00:48,899 - WARNING: 0:1:2:20 don't find  Attr c4ef4200-568f-11d1-8940-080009dc3333 

2023-05-10 02:00:48,902 - WARNING: 0:1:2:20 don't find  Attr c4ef4200-568f-11d1-8940-080009dc3333 

2023-05-10 02:01:17,286 - WARNING: 0:1:2:20 don't find  Attr c4ef4200-568f-11d1-8940-080009dc3333 

2023-05-10 02:01:34,364 - WARNING: 0:1:2:20 don't find  Attr c4ef4200-568f-11d1-8940-080009dc3333 

2023-05-10 02:01:41,076 - WARNING: 0:1:2:20 don't find  Attr c4ef4200-568f-11d1-8940-080009dc3333 

2023-05-10 02:01:44,178 - WARNING: 0:1:2:20 don't find  Attr c4ef4200-568f-11d1-8940-080009dc3333 

2023-05-10 02:01:47,044 - WARNING: 0:1:2:20 don't find  Attr c4ef4200-568f-11d1-8940-080009dc3333 

2023-05-10 02:01:50,673 - WARNING: 0:1:2:20 don't find  Attr c4ef4200-568f-11d1-8940-080009dc3333 

2023-05-10 02:01:50,675 - WARNING: 0:1:2:20 don't find  Attr c4ef4200-568f-11d1-8940-080009dc3333 

2023-05-10 02:01:50,678 - WARNING: 0:1:2:20 don't find  Attr c4ef4200-568f-11d1-8940-080009dc3333 

2023-05-10 02:29:35,443 - WARNING: Entry:0:1:1, type:Seg2d, Execute Falied

2023-05-10 02:29:58,452 - WARNING: Entry:0:1:2, type:Seg2d, Execute Falied

2023-05-10 02:30:26,910 - WARNING: Entry:0:1:3, type:ArcCircle, Execute Falied

2023-05-10 02:30:53,272 - WARNING: Entry:0:1:4, type:ArcCircle, Execute Falied

2023-05-10 02:31:40,296 - WARNING: Entry:0:1:5, type:Wire, Execute Falied

2023-05-10 02:31:44,750 - WARNING: Entry:0:1:5:18:125, type:ShapeRef, Init Falied

2023-05-10 02:31:44,756 - WARNING: Entry:0:1:5:18:126, type:ShapeRef, Init Falied

2023-05-10 02:31:44,762 - WARNING: Entry:0:1:5:18:127, type:ShapeRef, Init Falied

2023-05-10 02:31:44,768 - WARNING: Entry:0:1:5:18:128, type:ShapeRef, Init Falied

2023-05-10 02:31:44,775 - WARNING: Entry:0:1:5:18:125 not found reference

2023-05-10 02:31:44,778 - WARNING: Entry:0:1:5:18:125 not found reference

2023-05-10 02:31:44,781 - WARNING: Entry:0:1:5:18:126 not found reference

2023-05-10 02:31:44,783 - WARNING: Entry:0:1:5:18:126 not found reference

2023-05-10 02:31:44,785 - WARNING: Entry:0:1:5:18:127 not found reference

2023-05-10 02:31:44,788 - WARNING: Entry:0:1:5:18:127 not found reference

2023-05-10 02:31:44,790 - WARNING: Entry:0:1:5:18:128 not found reference

2023-05-10 02:31:44,793 - WARNING: Entry:0:1:5:18:128 not found reference

2023-05-10 02:32:21,433 - WARNING: Entry:0:1:6:18, type:ShapeRef, Init Falied

2023-05-10 02:32:21,464 - WARNING: Entry:0:1:6, type:Prism, Init Falied

2023-05-10 02:32:23,325 - WARNING: Entry:0:1:6:18 not found reference

2023-05-10 02:32:23,327 - WARNING: Entry:0:1:6:18 not found reference

2023-05-10 02:32:31,630 - WARNING: Ref Null IsError

2023-05-10 02:32:55,554 - WARNING: Entry:0:1:1, type:Seg2d, Execute Falied

2023-05-10 02:32:58,271 - WARNING: Entry:0:1:2, type:ArcCircle, Execute Falied

2023-05-10 02:33:00,604 - WARNING: Entry:0:1:3, type:Seg2d, Execute Falied

2023-05-10 02:33:03,500 - WARNING: Entry:0:1:4, type:ArcCircle, Execute Falied

2023-05-10 02:33:06,403 - WARNING: Entry:0:1:5:20, type:ShapeRef, Init Falied

2023-05-10 02:33:06,405 - WARNING: Entry:0:1:5, type:MirAx2, Init Falied

2023-05-10 02:33:09,971 - WARNING: Entry:0:1:6, type:Wire, Execute Falied

2023-05-10 02:33:13,631 - WARNING: Entry:0:1:7:18, type:ShapeRef, Init Falied

2023-05-10 02:33:13,633 - WARNING: Entry:0:1:7, type:Face, Init Falied

2023-05-10 02:33:18,302 - WARNING: Entry:0:1:6:18:125, type:ShapeRef, Init Falied

2023-05-10 02:33:18,309 - WARNING: Entry:0:1:6:18:125 not found reference

2023-05-10 02:33:18,311 - WARNING: Entry:0:1:6:18:125 not found reference

2023-05-10 02:34:47,351 - WARNING: Entry:0:1:1, type:Seg2d, Execute Falied

2023-05-10 02:34:50,841 - WARNING: Entry:0:1:2, type:ArcCircle, Execute Falied

2023-05-10 02:34:53,992 - WARNING: Entry:0:1:3, type:Seg2d, Execute Falied

2023-05-10 02:34:59,610 - WARNING: Entry:0:1:4, type:ArcCircle, Execute Falied

2023-05-10 02:35:04,181 - WARNING: Entry:0:1:5, type:Wire, Execute Falied

2023-05-10 02:35:08,976 - WARNING: Entry:0:1:6:18, type:ShapeRef, Init Falied

2023-05-10 02:35:08,979 - WARNING: Entry:0:1:6, type:Face, Init Falied

2023-05-10 02:35:18,229 - WARNING: Entry:0:1:5:18:125, type:ShapeRef, Init Falied

2023-05-10 02:35:18,235 - WARNING: Entry:0:1:5:18:126, type:ShapeRef, Init Falied

2023-05-10 02:35:18,241 - WARNING: Entry:0:1:5:18:127, type:ShapeRef, Init Falied

2023-05-10 02:35:18,247 - WARNING: Entry:0:1:5:18:128, type:ShapeRef, Init Falied

2023-05-10 02:35:18,254 - WARNING: Entry:0:1:5:18:125 not found reference

2023-05-10 02:35:18,256 - WARNING: Entry:0:1:5:18:125 not found reference

2023-05-10 02:35:18,259 - WARNING: Entry:0:1:5:18:126 not found reference

2023-05-10 02:35:18,262 - WARNING: Entry:0:1:5:18:126 not found reference

2023-05-10 02:35:18,265 - WARNING: Entry:0:1:5:18:127 not found reference

2023-05-10 02:35:18,267 - WARNING: Entry:0:1:5:18:127 not found reference

2023-05-10 02:35:18,270 - WARNING: Entry:0:1:5:18:128 not found reference

2023-05-10 02:35:18,272 - WARNING: Entry:0:1:5:18:128 not found reference

2023-05-10 02:38:10,953 - WARNING: Entry:0:1:6:18 not found reference

2023-05-10 02:38:10,955 - WARNING: Entry:0:1:6:18 not found reference

2023-05-10 02:38:30,771 - WARNING: Entry:0:1:7:18, type:ShapeRef, Init Falied

2023-05-10 02:38:30,802 - WARNING: Entry:0:1:7, type:Prism, Init Falied

2023-05-10 02:38:31,861 - WARNING: Entry:0:1:7:18 not found reference

2023-05-10 02:38:31,864 - WARNING: Entry:0:1:7:18 not found reference

2023-05-10 02:39:41,405 - WARNING: Entry:0:1:1, type:Seg2d, Execute Falied

2023-05-10 02:39:54,988 - WARNING: Entry:0:1:2, type:Box, Execute Falied

2023-05-10 02:45:15,436 - WARNING: Entry:0:1:1, type:Box, Execute Falied

2023-05-10 02:47:03,773 - WARNING: Entry:0:1:1, type:Box, Execute Falied

2023-05-10 02:48:11,297 - WARNING: Entry:0:1:1, type:Box, Execute Falied

2023-05-10 02:48:22,175 - WARNING: Entry:0:1:2, type:FilletAll, Execute Falied

2023-05-10 02:48:53,328 - WARNING: Entry:0:1:1, type:Box, Execute Falied

2023-05-10 02:50:08,955 - WARNING: Entry:0:1:1, type:Box, Execute Falied

2023-05-10 02:50:21,576 - WARNING: Entry:0:1:2, type:FilletAll, Execute Falied

2023-05-10 02:51:45,072 - WARNING: Entry:0:1:3, type:FilletAll, Execute Falied

2023-05-10 02:53:25,107 - WARNING: Entry:0:1:1, type:Box, Execute Falied

2023-05-10 02:53:34,333 - WARNING: Entry:0:1:2, type:FilletAll, Execute Falied

2023-05-10 02:54:12,648 - WARNING: Entry:0:1:1, type:Box, Execute Falied

2023-05-10 02:54:32,425 - WARNING: Entry:0:1:3:18, type:ShapeRef, Init Falied

2023-05-10 02:54:32,435 - WARNING: Entry:0:1:3, type:FilletAll, Init Falied

2023-05-10 02:54:33,171 - WARNING: Entry:0:1:3:18 not found reference

2023-05-10 02:54:33,174 - WARNING: Entry:0:1:3:18 not found reference

2023-05-10 02:55:21,625 - WARNING: Entry:0:1:1, type:Box, Execute Falied

2023-05-10 02:55:39,114 - WARNING: Entry:0:1:2:18, type:ShapeRef, Init Falied

2023-05-10 02:55:39,124 - WARNING: Entry:0:1:2, type:FilletAll, Init Falied

2023-05-10 02:55:39,866 - WARNING: Entry:0:1:2:18 not found reference

2023-05-10 02:55:39,869 - WARNING: Entry:0:1:2:18 not found reference

2023-05-10 02:56:04,614 - WARNING: Entry:0:1:4:18, type:ShapeRef, Init Falied

2023-05-10 02:56:04,620 - WARNING: Entry:0:1:4:19, type:ShapeRef, Init Falied

2023-05-10 02:56:04,621 - WARNING: Entry:0:1:4, type:Cut, Init Falied

2023-05-10 02:56:06,071 - WARNING: Entry:0:1:4:18 not found reference

2023-05-10 02:56:06,074 - WARNING: Entry:0:1:4:18 not found reference

2023-05-10 02:56:06,076 - WARNING: Entry:0:1:4:19 not found reference

2023-05-10 02:56:06,078 - WARNING: Entry:0:1:4:19 not found reference

2023-05-10 02:57:35,145 - WARNING: Entry:0:1:1, type:Box, Execute Falied

2023-05-10 02:57:52,401 - WARNING: Entry:0:1:2:18, type:ShapeRef, Init Falied

2023-05-10 02:57:52,409 - WARNING: Entry:0:1:2, type:FilletAll, Init Falied

2023-05-10 02:57:53,161 - WARNING: Entry:0:1:2:18 not found reference

2023-05-10 02:57:53,164 - WARNING: Entry:0:1:2:18 not found reference

2023-05-10 02:58:24,843 - WARNING: Entry:0:1:4:18, type:ShapeRef, Init Falied

2023-05-10 02:58:24,851 - WARNING: Entry:0:1:4:19, type:ShapeRef, Init Falied

2023-05-10 02:58:24,853 - WARNING: Entry:0:1:4, type:Cut, Init Falied

2023-05-10 02:58:25,724 - WARNING: Entry:0:1:4:18 not found reference

2023-05-10 02:58:25,727 - WARNING: Entry:0:1:4:18 not found reference

2023-05-10 02:58:25,729 - WARNING: Entry:0:1:4:19 not found reference

2023-05-10 02:58:25,731 - WARNING: Entry:0:1:4:19 not found reference

2023-05-10 02:59:13,778 - WARNING: Entry:0:1:1, type:Box, Execute Falied

2023-05-10 02:59:28,024 - WARNING: Entry:0:1:2, type:Box, Execute Falied

2023-05-10 02:59:39,323 - WARNING: Entry:0:1:3:18, type:ShapeRef, Init Falied

2023-05-10 02:59:39,328 - WARNING: Entry:0:1:3:19, type:ShapeRef, Init Falied

2023-05-10 02:59:39,331 - WARNING: Entry:0:1:3, type:Cut, Init Falied

2023-05-10 02:59:41,074 - WARNING: Entry:0:1:3:18 not found reference

2023-05-10 02:59:41,077 - WARNING: Entry:0:1:3:18 not found reference

2023-05-10 02:59:41,079 - WARNING: Entry:0:1:3:19 not found reference

2023-05-10 02:59:41,082 - WARNING: Entry:0:1:3:19 not found reference

2023-05-10 03:01:27,283 - WARNING: Entry:0:1:1, type:CylFace, Execute Falied

2023-05-10 03:01:49,920 - WARNING: Entry:0:1:2:18, type:ShapeRef, Init Falied

2023-05-10 03:01:50,062 - WARNING: Entry:0:1:2:19, type:Ax2d, Execute Falied

2023-05-10 03:01:50,081 - WARNING: Entry:0:1:2, type:Ellipse, Init Falied

2023-05-10 03:01:50,835 - WARNING: Entry:0:1:2:18 not found reference

2023-05-10 03:01:50,837 - WARNING: Entry:0:1:2:18 not found reference

2023-05-10 03:02:47,116 - WARNING: Entry:0:1:1, type:CylFace, Execute Falied

2023-05-10 03:03:00,130 - WARNING: Entry:0:1:2:18, type:ShapeRef, Init Falied

2023-05-10 03:03:00,179 - WARNING: Entry:0:1:2:19, type:Ax2d, Execute Falied

2023-05-10 03:03:00,196 - WARNING: Entry:0:1:2, type:Ellipse, Init Falied

2023-05-10 03:03:01,104 - WARNING: Entry:0:1:2:18 not found reference

2023-05-10 03:03:01,107 - WARNING: Entry:0:1:2:18 not found reference

2023-05-10 11:09:25,989 - WARNING: 0:1:2:18 don't find  Attr 2a96b606-ec8b-11d0-bee7-080009dc3333 

2023-05-10 11:37:14,828 - WARNING: Entry:0:1:1:18, type:Ax2d, Execute Falied

2023-05-10 11:37:14,849 - WARNING: Entry:0:1:1, type:Ellipse2d, Init Falied

2023-05-10 11:37:29,346 - WARNING: Entry:0:1:2:18, type:Ax2d, Execute Falied

2023-05-10 11:37:29,447 - WARNING: Entry:0:1:2:19, type:ShapeRef, Init Falied

2023-05-10 11:37:29,465 - WARNING: Entry:0:1:2, type:TrimmedCurve2d, Init Falied

2023-05-10 11:37:30,363 - WARNING: Entry:0:1:2:19 not found reference

2023-05-10 11:37:30,366 - WARNING: Entry:0:1:2:19 not found reference

2023-05-10 11:48:00,813 - WARNING: Entry:0:1:1, type:Seg2d, Execute Falied

2023-05-10 11:48:08,300 - WARNING: Entry:0:1:2, type:ArcCircle, Execute Falied

2023-05-10 12:06:55,905 - WARNING: Entry:0:1:1, type:Box, Execute Falied

2023-05-10 12:07:35,862 - WARNING: Entry:0:1:1, type:Box, Execute Falied

2023-05-10 12:08:44,007 - WARNING: Entry:0:1:1, type:Box, Execute Falied

2023-05-10 12:18:29,515 - WARNING: Entry:0:1:1, type:Box, Execute Falied

2023-05-10 12:18:56,478 - WARNING: Entry:0:1:2, type:Box, Execute Falied

2023-05-10 12:19:55,103 - WARNING: Entry:0:1:1, type:Seg2d, Execute Falied

2023-05-10 12:21:42,588 - WARNING: Entry:0:1:1, type:Seg2d, Execute Falied

2023-05-10 12:22:00,630 - WARNING: Entry:0:1:2, type:Box, Execute Falied

2023-05-10 12:22:14,474 - WARNING: Entry:0:1:3, type:Box, Execute Falied

2023-05-10 12:25:40,197 - WARNING: Entry:0:1:1, type:Seg2d, Execute Falied

2023-05-10 12:28:07,921 - WARNING: Entry:0:1:1, type:Box, Execute Falied

2023-05-10 12:30:09,223 - WARNING: Entry:0:1:1, type:Box, Execute Falied

2023-05-10 12:31:13,275 - WARNING: Entry:0:1:1, type:Box, Execute Falied

2023-05-10 13:19:14,147 - WARNING: Entry:0:1:1, type:Box, Execute Falied

2023-05-10 13:20:38,431 - WARNING: Entry:0:1:1, type:Box, Execute Falied

2023-05-10 13:21:40,386 - WARNING: Entry:0:1:1, type:Box, Execute Falied

2023-05-10 13:22:52,105 - WARNING: Entry:0:1:1, type:Box, Execute Falied
