
2023-05-05 15:46:14,049 - WARNING: Entry:0:1:1, type:CylFace, Execute Falied

2023-05-05 15:46:41,755 - WARNING: Entry:0:1:2:18, type:ShapeRef, Init Falied

2023-05-05 15:46:41,866 - WARNING: Entry:0:1:2:19, type:Ax2d, Execute Falied

2023-05-05 15:46:41,887 - WARNING: Entry:0:1:2, type:Ellipse, Init Falied

2023-05-05 15:46:42,843 - WARNING: Entry:0:1:2:18 not found reference

2023-05-05 16:09:06,922 - WARNING: Entry:0:1:1, type:CylFace, Execute Falied

2023-05-05 16:24:23,078 - WARNING: Entry:0:1:1, type:CylFace, Execute Falied

2023-05-05 16:24:32,632 - WARNING: Entry:0:1:2:18, type:ShapeRef, Init Falied

2023-05-05 16:24:32,635 - WARNING: Driver:22d22e57-abca-11d4-8f1a-0060b0ee18e8 not found

2023-05-05 16:24:57,272 - WARNING: Entry:0:1:1, type:CylFace, Execute Falied

2023-05-05 16:25:10,265 - WARNING: Entry:0:1:2:18, type:ShapeRef, Init Falied

2023-05-05 16:25:10,324 - WARNING: Entry:0:1:2:19, type:Ax2d, Execute Falied

2023-05-05 16:25:10,344 - WARNING: Entry:0:1:2, type:Ellipse, Init Falied

2023-05-05 16:25:11,408 - WARNING: Entry:0:1:2:18 not found reference

2023-05-05 16:28:46,465 - WARNING: Entry:0:1:1, type:CylFace, Execute Falied

2023-05-05 16:28:56,944 - WARNING: Entry:0:1:2:18, type:ShapeRef, Init Falied

2023-05-05 16:28:57,001 - WARNING: Entry:0:1:2:19, type:Ax2d, Execute Falied

2023-05-05 16:28:57,022 - WARNING: Entry:0:1:2, type:Ellipse, Init Falied

2023-05-05 16:28:57,822 - WARNING: Entry:0:1:2:18 not found reference

2023-05-05 16:30:16,689 - WARNING: Entry:0:1:1, type:CylFace, Execute Falied

2023-05-05 16:30:28,474 - WARNING: Entry:0:1:2:18, type:ShapeRef, Init Falied

2023-05-05 16:30:28,532 - WARNING: Entry:0:1:2:19, type:Ax2d, Execute Falied

2023-05-05 16:30:28,553 - WARNING: Entry:0:1:2, type:Ellipse, Init Falied

2023-05-05 16:30:31,505 - WARNING: Entry:0:1:2:18 not found reference

2023-05-05 16:43:36,039 - WARNING: Entry:0:1:1, type:CylFace, Execute Falied

2023-05-05 16:43:47,429 - WARNING: Entry:0:1:2:18, type:ShapeRef, Init Falied

2023-05-05 16:43:47,521 - WARNING: Entry:0:1:2:19, type:Ax2d, Execute Falied

2023-05-05 16:43:47,542 - WARNING: Entry:0:1:2, type:Ellipse, Init Falied

2023-05-05 16:43:48,954 - WARNING: Entry:0:1:2:18 not found reference

2023-05-05 16:47:35,916 - WARNING: Entry:0:1:1, type:CylFace, Execute Falied

2023-05-05 16:47:44,186 - WARNING: Entry:0:1:2:18, type:ShapeRef, Init Falied

2023-05-05 16:47:44,244 - WARNING: Entry:0:1:2:19, type:Ax2d, Execute Falied

2023-05-05 16:47:44,266 - WARNING: Entry:0:1:2, type:Ellipse, Init Falied

2023-05-05 16:47:45,374 - WARNING: Entry:0:1:2:18 not found reference

2023-05-05 20:11:10,105 - WARNING: Entry:0:1:1, type:CylFace, Execute Falied

2023-05-05 20:11:23,865 - WARNING: Entry:0:1:2:18, type:ShapeRef, Init Falied

2023-05-05 20:11:23,991 - WARNING: Entry:0:1:2:19, type:Ax2d, Execute Falied

2023-05-05 20:11:24,019 - WARNING: Entry:0:1:2, type:Ellipse, Init Falied

2023-05-05 20:11:24,752 - WARNING: Entry:0:1:2:18 not found reference

2023-05-05 20:12:52,507 - WARNING: Entry:0:1:1, type:CylFace, Execute Falied

2023-05-05 20:13:06,110 - WARNING: Entry:0:1:2:18, type:ShapeRef, Init Falied

2023-05-05 20:13:06,164 - WARNING: Entry:0:1:2:19, type:Ax2d, Execute Falied

2023-05-05 20:13:06,184 - WARNING: Entry:0:1:2, type:Ellipse, Init Falied

2023-05-05 20:13:07,520 - WARNING: Entry:0:1:2:18 not found reference

2023-05-05 20:14:36,561 - WARNING: Entry:0:1:1, type:CylFace, Execute Falied

2023-05-05 20:14:52,247 - WARNING: Entry:0:1:2:18, type:ShapeRef, Init Falied

2023-05-05 20:14:52,312 - WARNING: Entry:0:1:2:19, type:Ax2d, Execute Falied

2023-05-05 20:14:52,336 - WARNING: Entry:0:1:2, type:Ellipse, Init Falied

2023-05-05 20:14:52,982 - WARNING: Entry:0:1:2:18 not found reference

2023-05-05 20:24:22,538 - WARNING: Entry:0:1:1, type:CylFace, Execute Falied

2023-05-05 20:24:30,134 - WARNING: Entry:0:1:2:18, type:ShapeRef, Init Falied

2023-05-05 20:24:30,186 - WARNING: Entry:0:1:2:19, type:Ax2d, Execute Falied

2023-05-05 20:24:30,206 - WARNING: Entry:0:1:2, type:Ellipse, Init Falied

2023-05-05 20:24:30,934 - WARNING: Entry:0:1:2:18 not found reference

2023-05-05 21:53:10,755 - WARNING: Entry:0:1:1, type:CylFace, Execute Falied

2023-05-05 21:53:25,207 - WARNING: Entry:0:1:2:18, type:ShapeRef, Init Falied

2023-05-05 21:53:25,296 - WARNING: Entry:0:1:2:19, type:Ax2d, Execute Falied

2023-05-05 21:53:25,314 - WARNING: Entry:0:1:2, type:Ellipse, Init Falied

2023-05-05 21:53:26,316 - WARNING: Entry:0:1:2:18 not found reference
