
2023-05-06 18:54:27,321 - WARNING: Entry:0:1:1, type:CylFace, Execute Falied

2023-05-06 18:54:40,246 - WARNING: Entry:0:1:2:18, type:ShapeRef, Init Falied

2023-05-06 18:54:40,333 - WARNING: Entry:0:1:2:19, type:Ax2d, Execute Falied

2023-05-06 18:54:40,350 - WARNING: Entry:0:1:2, type:Ellipse, Init Falied

2023-05-06 18:54:41,126 - WARNING: Entry:0:1:2:18 not found reference

2023-05-06 18:54:41,129 - WARNING: Entry:0:1:2:18 not found reference

2023-05-06 18:56:41,645 - WARNING: Entry:0:1:1, type:CylFace, Execute Falied

2023-05-06 18:56:44,305 - WARNING: Entry:0:1:2:18, type:ShapeRef, Init Falied

2023-05-06 18:56:44,352 - WARNING: Entry:0:1:2:19, type:Ax2d, Execute Falied

2023-05-06 18:56:44,369 - WARNING: Entry:0:1:2, type:Ellipse, Init Falied

2023-05-06 18:56:45,091 - WARNING: Entry:0:1:2:18 not found reference

2023-05-06 18:56:45,094 - WARNING: Entry:0:1:2:18 not found reference

2023-05-06 18:58:48,031 - WARNING: Entry:0:1:1, type:CylFace, Execute Falied

2023-05-06 18:58:51,767 - WARNING: Entry:0:1:2:18, type:ShapeRef, Init Falied

2023-05-06 18:58:51,814 - WARNING: Entry:0:1:2:19, type:Ax2d, Execute Falied

2023-05-06 18:58:51,832 - WARNING: Entry:0:1:2, type:Ellipse, Init Falied

2023-05-06 18:58:52,937 - WARNING: Entry:0:1:2:18 not found reference

2023-05-06 18:58:52,940 - WARNING: Entry:0:1:2:18 not found reference

2023-05-06 19:04:02,288 - WARNING: Entry:0:1:1, type:CylFace, Execute Falied

2023-05-06 19:04:07,441 - WARNING: Entry:0:1:2:18, type:ShapeRef, Init Falied

2023-05-06 19:04:07,489 - WARNING: Entry:0:1:2:19, type:Ax2d, Execute Falied

2023-05-06 19:04:07,507 - WARNING: Entry:0:1:2, type:Ellipse, Init Falied

2023-05-06 19:04:08,143 - WARNING: Entry:0:1:2:18 not found reference

2023-05-06 19:04:08,145 - WARNING: Entry:0:1:2:18 not found reference

2023-05-06 19:11:57,585 - WARNING: Entry:0:1:1, type:Box, Execute Falied

2023-05-06 19:12:28,240 - WARNING: Entry:0:1:2, type:Box, Execute Falied

2023-05-06 19:12:43,990 - WARNING: Entry:0:1:3:18, type:ShapeRef, Init Falied

2023-05-06 19:12:43,996 - WARNING: Entry:0:1:3:19, type:ShapeRef, Init Falied

2023-05-06 19:12:43,998 - WARNING: Entry:0:1:3, type:Cut, Init Falied

2023-05-06 19:12:45,074 - WARNING: Entry:0:1:3:18 not found reference

2023-05-06 19:12:45,077 - WARNING: Entry:0:1:3:18 not found reference

2023-05-06 19:12:45,081 - WARNING: Entry:0:1:3:19 not found reference

2023-05-06 19:12:45,083 - WARNING: Entry:0:1:3:19 not found reference

2023-05-06 20:46:09,636 - WARNING: Entry:0:1:1:18, type:Ax2d, Execute Falied

2023-05-06 20:46:09,663 - WARNING: Entry:0:1:1, type:Ellipse2d, Init Falied

2023-05-06 20:46:46,105 - WARNING: Entry:0:1:2, type:CylFace, Execute Falied

2023-05-06 20:46:57,381 - WARNING: Entry:0:1:3:18, type:ShapeRef, Init Falied

2023-05-06 20:46:57,387 - WARNING: Entry:0:1:3:19, type:ShapeRef, Init Falied

2023-05-06 20:46:57,389 - WARNING: Entry:0:1:3, type:BuildEdge3d, Init Falied

2023-05-06 20:46:58,194 - WARNING: Entry:0:1:3:18 not found reference

2023-05-06 20:46:58,197 - WARNING: Entry:0:1:3:18 not found reference

2023-05-06 20:46:58,199 - WARNING: Entry:0:1:3:19 not found reference

2023-05-06 20:46:58,201 - WARNING: Entry:0:1:3:19 not found reference

2023-05-06 20:49:29,097 - WARNING: Entry:0:1:1, type:CylFace, Execute Falied

2023-05-06 20:49:33,289 - WARNING: Entry:0:1:2:18, type:Ax2d, Execute Falied

2023-05-06 20:49:33,306 - WARNING: Entry:0:1:2, type:Ellipse2d, Init Falied

2023-05-06 20:49:37,477 - WARNING: Entry:0:1:3:18, type:ShapeRef, Init Falied

2023-05-06 20:49:37,483 - WARNING: Entry:0:1:3:19, type:ShapeRef, Init Falied

2023-05-06 20:49:37,485 - WARNING: Entry:0:1:3, type:BuildEdge3d, Init Falied

2023-05-06 20:49:38,455 - WARNING: Entry:0:1:3:18 not found reference

2023-05-06 20:49:38,458 - WARNING: Entry:0:1:3:18 not found reference

2023-05-06 20:49:38,461 - WARNING: Entry:0:1:3:19 not found reference

2023-05-06 20:49:38,463 - WARNING: Entry:0:1:3:19 not found reference
