
2023-05-08 20:02:38,346 - WARNING: Entry:0:1:1, type:CylFace, Execute Falied

2023-05-08 20:02:49,888 - WARNING: Entry:0:1:2:18, type:Ax2d, Execute Falied

2023-05-08 20:02:49,908 - WARNING: Entry:0:1:2, type:Ellipse2d, Init Falied

2023-05-08 20:03:16,868 - WARNING: Entry:0:1:3:18, type:ShapeRef, Init Falied

2023-05-08 20:03:16,874 - WARNING: Entry:0:1:3:19, type:ShapeRef, Init Falied

2023-05-08 20:03:16,876 - WARNING: Entry:0:1:3, type:BuildEdge3d, Init Falied

2023-05-08 20:03:17,654 - WARNING: Entry:0:1:3:18 not found reference

2023-05-08 20:03:17,656 - WARNING: Entry:0:1:3:18 not found reference

2023-05-08 20:03:17,659 - WARNING: Entry:0:1:3:19 not found reference

2023-05-08 20:03:17,661 - WARNING: Entry:0:1:3:19 not found reference

2023-05-08 20:10:01,558 - WARNING: Entry:0:1:1, type:CylFace, Execute Falied

2023-05-08 20:10:18,977 - WARNING: Entry:0:1:2:18, type:Ax2d, Execute Falied

2023-05-08 20:10:18,996 - WARNING: Entry:0:1:2, type:Ellipse2d, Init Falied

2023-05-08 20:10:39,115 - WARNING: Entry:0:1:3:18, type:ShapeRef, Init Falied

2023-05-08 20:10:39,122 - WARNING: Entry:0:1:3:19, type:ShapeRef, Init Falied

2023-05-08 20:10:39,124 - WARNING: Entry:0:1:3, type:BuildEdge3d, Init Falied

2023-05-08 20:10:40,039 - WARNING: Entry:0:1:3:18 not found reference

2023-05-08 20:10:40,041 - WARNING: Entry:0:1:3:18 not found reference

2023-05-08 20:10:40,044 - WARNING: Entry:0:1:3:19 not found reference

2023-05-08 20:10:40,046 - WARNING: Entry:0:1:3:19 not found reference
