
2023-04-29 00:58:30,636 - WARNING: 0:1:1:2 don't find c4ef4200-568f-11d1-8940-080009dc3333 

2023-04-29 00:58:30,639 - WARNING: 0:1:1:3 don't find c4ef4200-568f-11d1-8940-080009dc3333 

2023-04-29 00:58:30,641 - WARNING: 0:1:1:4 don't find c4ef4200-568f-11d1-8940-080009dc3333 

2023-04-29 00:58:30,644 - WARNING: 0:1:1:6 don't find c4ef4200-568f-11d1-8940-080009dc3333 

2023-04-29 01:00:06,807 - WARNING: 0:1:1:2 don't find c4ef4200-568f-11d1-8940-080009dc3333 

2023-04-29 01:00:06,809 - WARNING: 0:1:1:3 don't find c4ef4200-568f-11d1-8940-080009dc3333 

2023-04-29 01:00:06,812 - WARNING: 0:1:1:4 don't find c4ef4200-568f-11d1-8940-080009dc3333 

2023-04-29 01:00:06,814 - WARNING: 0:1:1:6 don't find c4ef4200-568f-11d1-8940-080009dc3333 

2023-04-29 01:03:27,997 - WARNING: 0:1:1:2 don't find c4ef4200-568f-11d1-8940-080009dc3333 

2023-04-29 01:03:28,000 - WARNING: 0:1:1:3 don't find c4ef4200-568f-11d1-8940-080009dc3333 

2023-04-29 01:03:28,002 - WARNING: 0:1:1:4 don't find c4ef4200-568f-11d1-8940-080009dc3333 

2023-04-29 01:03:28,004 - WARNING: 0:1:1:6 don't find c4ef4200-568f-11d1-8940-080009dc3333 

2023-04-29 01:04:04,602 - WARNING: 0:1:1:2 don't find c4ef4200-568f-11d1-8940-080009dc3333 

2023-04-29 01:04:04,604 - WARNING: 0:1:1:3 don't find c4ef4200-568f-11d1-8940-080009dc3333 

2023-04-29 01:04:04,607 - WARNING: 0:1:1:4 don't find c4ef4200-568f-11d1-8940-080009dc3333 

2023-04-29 01:04:04,610 - WARNING: 0:1:1:6 don't find c4ef4200-568f-11d1-8940-080009dc3333 

2023-04-29 01:07:59,066 - WARNING: 0:1:1:2 don't find c4ef4200-568f-11d1-8940-080009dc3333 

2023-04-29 01:07:59,069 - WARNING: 0:1:1:3 don't find c4ef4200-568f-11d1-8940-080009dc3333 

2023-04-29 01:07:59,071 - WARNING: 0:1:1:4 don't find c4ef4200-568f-11d1-8940-080009dc3333 

2023-04-29 01:07:59,075 - WARNING: 0:1:1:5 don't find c4ef4200-568f-11d1-8940-080009dc3333 

2023-04-29 01:07:59,078 - WARNING: 0:1:1:6 don't find c4ef4200-568f-11d1-8940-080009dc3333 

2023-04-29 01:07:59,081 - WARNING: Entry:0:1:1, type:CylFace, Execute Falied

2023-04-29 01:08:10,818 - WARNING: 0:1:1:2 don't find c4ef4200-568f-11d1-8940-080009dc3333 

2023-04-29 01:08:10,821 - WARNING: 0:1:1:3 don't find c4ef4200-568f-11d1-8940-080009dc3333 

2023-04-29 01:08:10,823 - WARNING: 0:1:1:4 don't find c4ef4200-568f-11d1-8940-080009dc3333 

2023-04-29 01:08:10,826 - WARNING: 0:1:1:5 don't find c4ef4200-568f-11d1-8940-080009dc3333 

2023-04-29 01:08:10,829 - WARNING: 0:1:1:6 don't find c4ef4200-568f-11d1-8940-080009dc3333 

2023-04-29 01:13:23,559 - WARNING: Entry:0:1:1, type:CylFace, Execute Falied

2023-04-29 01:16:56,693 - WARNING: Entry:0:1:1, type:CylFace, Execute Falied

2023-04-29 01:19:17,087 - WARNING: Entry:0:1:1, type:CylFace, Execute Falied

2023-04-29 01:30:17,328 - WARNING: Entry:0:1:1, type:CylFace, Execute Falied

2023-04-29 01:31:49,532 - WARNING: Entry:0:1:2, type:Box, Execute Falied

2023-04-29 01:34:47,425 - WARNING: Entry:0:1:1, type:Box, Execute Falied

2023-04-29 01:36:08,074 - WARNING: Entry:0:1:1, type:Box, Execute Falied

2023-04-29 01:36:18,817 - WARNING: Entry:0:1:2, type:CylFace, Execute Falied

2023-04-29 01:37:47,359 - WARNING: Entry:0:1:1, type:Box, Execute Falied

2023-04-29 01:38:49,964 - WARNING: Entry:0:1:1, type:CylFace, Execute Falied

2023-04-29 01:38:54,743 - WARNING: Entry:0:1:2, type:Box, Execute Falied

2023-04-29 01:40:46,638 - WARNING: Entry:0:1:1, type:Box, Execute Falied

2023-04-29 01:42:33,339 - WARNING: Entry:0:1:1, type:Box, Execute Falied

2023-04-29 01:43:53,949 - WARNING: Entry:0:1:2, type:Box, Execute Falied

2023-04-29 01:44:45,048 - WARNING: Entry:0:1:1, type:Box, Execute Falied

2023-04-29 01:46:13,188 - WARNING: Entry:0:1:1, type:Box, Execute Falied

2023-04-29 01:54:46,098 - WARNING: Entry:0:1:1, type:Box, Execute Falied

2023-04-29 01:55:38,686 - WARNING: Entry:0:1:1, type:Box, Execute Falied

2023-04-29 01:57:45,003 - WARNING: Entry:0:1:1, type:Box, Execute Falied

2023-04-29 02:02:13,780 - WARNING: Entry:0:1:1, type:Box, Execute Falied

2023-04-29 02:02:49,562 - WARNING: Entry:0:1:2, type:CylFace, Execute Falied

2023-04-29 02:06:08,974 - WARNING: Entry:0:1:1, type:Box, Execute Falied

2023-04-29 02:10:08,967 - WARNING: Entry:0:1:1, type:Box, Execute Falied

2023-04-29 02:13:08,267 - WARNING: Entry:0:1:1, type:Box, Execute Falied

2023-04-29 02:14:56,279 - WARNING: Entry:0:1:1, type:Box, Execute Falied

2023-04-29 02:16:33,415 - WARNING: Entry:0:1:1, type:Box, Execute Falied

2023-04-29 02:18:01,716 - WARNING: Entry:0:1:1, type:Box, Execute Falied

2023-04-29 02:18:52,543 - WARNING: Entry:0:1:1, type:Box, Execute Falied

2023-04-29 02:20:28,937 - WARNING: Entry:0:1:1, type:Box, Execute Falied

2023-04-29 02:22:09,154 - WARNING: Entry:0:1:1, type:Box, Execute Falied

2023-04-29 02:23:19,875 - WARNING: Entry:0:1:1, type:Box, Execute Falied

2023-04-29 02:24:30,976 - WARNING: Entry:0:1:1, type:Box, Execute Falied

2023-04-29 11:50:58,628 - WARNING: Entry:0:1:1, type:CylFace, Execute Falied

2023-04-29 12:00:36,361 - WARNING: Entry:0:1:1, type:CylFace, Execute Falied

2023-04-29 12:01:32,899 - WARNING: Entry:0:1:2, type:Box, Execute Falied

2023-04-29 12:04:08,301 - WARNING: Entry:0:1:1, type:Box, Execute Falied

2023-04-29 12:04:31,980 - WARNING: Entry:0:1:1, type:Box, Execute Falied

2023-04-29 12:04:57,503 - WARNING: Entry:0:1:2, type:CylFace, Execute Falied

2023-04-29 12:09:09,246 - WARNING: Entry:0:1:1, type:Box, Execute Falied

2023-04-29 12:12:02,489 - WARNING: Entry:0:1:1, type:Box, Execute Falied

2023-04-29 12:12:54,710 - WARNING: Entry:0:1:1, type:Box, Execute Falied

2023-04-29 12:13:35,256 - WARNING: Entry:0:1:1, type:Box, Execute Falied

2023-04-29 12:14:45,540 - WARNING: Entry:0:1:1, type:Box, Execute Falied

2023-04-29 12:15:07,322 - WARNING: Entry:0:1:1, type:Box, Execute Falied

2023-04-29 12:15:51,666 - WARNING: Entry:0:1:2, type:CylFace, Execute Falied

2023-04-29 15:57:51,236 - WARNING: Entry:0:1:1, type:CylFace, Execute Falied

2023-04-29 15:58:29,514 - WARNING: Entry:0:1:1, type:CylFace, Execute Falied

2023-04-29 15:59:09,419 - WARNING: Entry:0:1:1, type:CylFace, Execute Falied

2023-04-29 15:59:31,483 - WARNING: Entry:0:1:2:1, type:ShapeRef, Init Falied

2023-04-29 15:59:31,606 - WARNING: Entry:0:1:2, type:Ellipse, Init Falied

2023-04-29 15:59:32,806 - WARNING: Entry:0:1:2:1 not found reference

2023-04-29 16:10:14,282 - WARNING: Entry:0:1:1, type:CylFace, Execute Falied

2023-04-29 16:10:24,241 - WARNING: Entry:0:1:2:1, type:ShapeRef, Init Falied

2023-04-29 16:11:18,262 - WARNING: Entry:0:1:1, type:CylFace, Execute Falied

2023-04-29 16:11:28,117 - WARNING: Entry:0:1:2:1, type:ShapeRef, Init Falied

2023-04-29 16:11:28,268 - WARNING: Entry:0:1:2:2, type:Ax2d, Execute Falied

2023-04-29 16:11:28,289 - WARNING: Entry:0:1:2, type:Ellipse, Init Falied

2023-04-29 16:12:30,786 - WARNING: Entry:0:1:3:1, type:ShapeRef, Init Falied

2023-04-29 16:12:30,854 - WARNING: Entry:0:1:3:2, type:Ax2d, Execute Falied

2023-04-29 16:12:30,879 - WARNING: Entry:0:1:3, type:Ellipse, Init Falied

2023-04-29 16:12:32,304 - WARNING: Entry:0:1:2:1 not found reference

2023-04-29 16:15:55,626 - WARNING: Entry:0:1:1:1, type:ShapeRef, Init Falied

2023-04-29 16:15:55,689 - WARNING: Entry:0:1:1:2, type:Ax2d, Execute Falied

2023-04-29 16:15:55,713 - WARNING: Entry:0:1:1, type:Ellipse, Init Falied

2023-04-29 16:15:56,960 - WARNING: Entry:0:1:1:1 not found reference

2023-04-29 16:16:06,993 - WARNING: Entry:0:1:2, type:CylFace, Execute Falied

2023-04-29 16:16:16,717 - WARNING: Entry:0:1:3:1, type:ShapeRef, Init Falied

2023-04-29 16:16:16,800 - WARNING: Entry:0:1:3:2, type:Ax2d, Execute Falied

2023-04-29 16:16:16,833 - WARNING: Entry:0:1:3, type:Ellipse, Init Falied

2023-04-29 16:16:17,952 - WARNING: Entry:0:1:3:1 not found reference

2023-04-29 16:17:08,819 - WARNING: Entry:0:1:1, type:CylFace, Execute Falied

2023-04-29 16:17:22,797 - WARNING: Entry:0:1:2:1, type:ShapeRef, Init Falied

2023-04-29 16:17:22,970 - WARNING: Entry:0:1:2:2, type:Ax2d, Execute Falied

2023-04-29 16:17:22,992 - WARNING: Entry:0:1:2, type:Ellipse, Init Falied

2023-04-29 16:17:23,720 - WARNING: Entry:0:1:2:1 not found reference

2023-04-29 16:18:23,625 - WARNING: Entry:0:1:1, type:CylFace, Execute Falied

2023-04-29 16:18:33,093 - WARNING: Entry:0:1:2:1, type:ShapeRef, Init Falied

2023-04-29 16:18:33,178 - WARNING: Entry:0:1:2:2, type:Ax2d, Execute Falied

2023-04-29 16:18:33,208 - WARNING: Entry:0:1:2, type:Ellipse, Init Falied

2023-04-29 16:18:35,440 - WARNING: Entry:0:1:2:1 not found reference

2023-04-29 16:20:36,165 - WARNING: Entry:0:1:1, type:CylFace, Execute Falied

2023-04-29 16:20:43,326 - WARNING: Entry:0:1:2:1, type:ShapeRef, Init Falied

2023-04-29 16:20:43,383 - WARNING: Entry:0:1:2:2, type:Ax2d, Execute Falied

2023-04-29 16:20:43,405 - WARNING: Entry:0:1:2, type:Ellipse, Init Falied

2023-04-29 16:20:44,209 - WARNING: Entry:0:1:2:1 not found reference

2023-04-29 16:21:50,614 - WARNING: Entry:0:1:1, type:CylFace, Execute Falied

2023-04-29 16:22:01,542 - WARNING: Entry:0:1:2:1, type:ShapeRef, Init Falied

2023-04-29 16:22:01,601 - WARNING: Entry:0:1:2:2, type:Ax2d, Execute Falied

2023-04-29 16:22:01,623 - WARNING: Entry:0:1:2, type:Ellipse, Init Falied

2023-04-29 16:22:02,431 - WARNING: Entry:0:1:2:1 not found reference

2023-04-29 16:24:54,785 - WARNING: Entry:0:1:1, type:CylFace, Execute Falied

2023-04-29 16:25:02,653 - WARNING: Entry:0:1:2:1, type:ShapeRef, Init Falied

2023-04-29 16:25:02,710 - WARNING: Entry:0:1:2:2, type:Ax2d, Execute Falied

2023-04-29 16:25:02,732 - WARNING: Entry:0:1:2, type:Ellipse, Init Falied

2023-04-29 16:25:06,212 - WARNING: Entry:0:1:2:1 not found reference

2023-04-29 16:27:37,143 - WARNING: Entry:0:1:1, type:CylFace, Execute Falied

2023-04-29 16:27:46,454 - WARNING: Entry:0:1:2:1, type:ShapeRef, Init Falied

2023-04-29 16:27:46,512 - WARNING: Entry:0:1:2:2, type:Ax2d, Execute Falied

2023-04-29 16:27:46,534 - WARNING: Entry:0:1:2, type:Ellipse, Init Falied

2023-04-29 16:28:05,679 - WARNING: Entry:0:1:2:1 not found reference

2023-04-29 16:35:01,738 - WARNING: Entry:0:1:1:1, type:ShapeRef, Init Falied

2023-04-29 16:35:01,788 - WARNING: Entry:0:1:1:2, type:Ax2d, Execute Falied

2023-04-29 16:35:01,805 - WARNING: Entry:0:1:1, type:Ellipse, Init Falied

2023-04-29 16:35:02,660 - WARNING: Entry:0:1:1:1 not found reference

2023-04-29 16:35:06,390 - WARNING: Entry:0:1:2, type:CylFace, Execute Falied

2023-04-29 16:35:21,115 - WARNING: Entry:0:1:3:1, type:ShapeRef, Init Falied

2023-04-29 16:35:21,171 - WARNING: Entry:0:1:3:2, type:Ax2d, Execute Falied

2023-04-29 16:35:21,191 - WARNING: Entry:0:1:3, type:Ellipse, Init Falied

2023-04-29 16:35:22,119 - WARNING: Entry:0:1:3:1 not found reference

2023-04-29 16:36:03,469 - WARNING: Entry:0:1:1, type:CylFace, Execute Falied

2023-04-29 16:36:32,809 - WARNING: Entry:0:1:2:1, type:ShapeRef, Init Falied

2023-04-29 16:36:32,860 - WARNING: Entry:0:1:2:2, type:Ax2d, Execute Falied

2023-04-29 16:36:32,877 - WARNING: Entry:0:1:2, type:Ellipse, Init Falied

2023-04-29 16:36:33,796 - WARNING: Entry:0:1:2:1 not found reference

2023-04-29 16:38:29,506 - WARNING: 0:1:2 don't find c4ef4200-568f-11d1-8940-080009dc3333 

2023-04-29 16:58:10,150 - WARNING: Entry:0:1:1, type:CylFace, Execute Falied

2023-04-29 16:58:19,018 - WARNING: Entry:0:1:2:1, type:ShapeRef, Init Falied

2023-04-29 16:58:19,155 - WARNING: Entry:0:1:2:2, type:Ax2d, Execute Falied

2023-04-29 16:58:19,175 - WARNING: Entry:0:1:2, type:Ellipse, Init Falied

2023-04-29 16:58:19,986 - WARNING: Entry:0:1:2:1 not found reference

2023-04-29 17:02:28,252 - WARNING: Entry:0:1:1, type:CylFace, Execute Falied

2023-04-29 17:02:36,337 - WARNING: Entry:0:1:2:1, type:ShapeRef, Init Falied

2023-04-29 17:02:36,393 - WARNING: Entry:0:1:2:2, type:Ax2d, Execute Falied

2023-04-29 17:02:36,414 - WARNING: Entry:0:1:2, type:Ellipse, Init Falied

2023-04-29 17:02:38,456 - WARNING: Entry:0:1:2:1 not found reference

2023-04-29 18:27:20,598 - WARNING: Entry:0:1:1, type:CylFace, Execute Falied

2023-04-29 18:27:31,148 - WARNING: Entry:0:1:2:1, type:ShapeRef, Init Falied

2023-04-29 18:27:31,297 - WARNING: Entry:0:1:2:2, type:Ax2d, Execute Falied

2023-04-29 18:27:31,326 - WARNING: Entry:0:1:2, type:Ellipse, Init Falied

2023-04-29 18:27:32,377 - WARNING: Entry:0:1:2:1 not found reference

2023-04-29 18:33:04,009 - WARNING: Entry:0:1:1:1, type:ShapeRef, Init Falied

2023-04-29 18:33:04,094 - WARNING: Entry:0:1:1:2, type:Ax2d, Execute Falied

2023-04-29 18:33:04,119 - WARNING: Entry:0:1:1, type:Ellipse, Init Falied

2023-04-29 18:33:05,082 - WARNING: Entry:0:1:1:1 not found reference

2023-04-29 18:33:10,228 - WARNING: Entry:0:1:2, type:CylFace, Execute Falied

2023-04-29 18:33:32,369 - WARNING: Entry:0:1:1:1 not found reference

2023-04-29 18:37:11,876 - WARNING: Entry:0:1:1, type:CylFace, Execute Falied

2023-04-29 18:37:18,802 - WARNING: Entry:0:1:2:1, type:ShapeRef, Init Falied

2023-04-29 18:37:18,896 - WARNING: Entry:0:1:2:2, type:Ax2d, Execute Falied

2023-04-29 18:37:18,937 - WARNING: Entry:0:1:2, type:Ellipse, Init Falied

2023-04-29 18:37:20,636 - WARNING: Entry:0:1:2:1 not found reference

2023-04-29 18:41:29,580 - WARNING: Entry:0:1:1, type:CylFace, Execute Falied

2023-04-29 18:41:40,709 - WARNING: Entry:0:1:2:1, type:ShapeRef, Init Falied

2023-04-29 18:41:40,795 - WARNING: Entry:0:1:2:2, type:Ax2d, Execute Falied

2023-04-29 18:41:40,844 - WARNING: Entry:0:1:2, type:Ellipse, Init Falied

2023-04-29 18:41:43,432 - WARNING: Entry:0:1:2:1 not found reference

2023-04-29 18:42:39,658 - WARNING: Entry:0:1:1, type:CylFace, Execute Falied

2023-04-29 18:42:47,435 - WARNING: Entry:0:1:2:1, type:ShapeRef, Init Falied

2023-04-29 18:42:47,523 - WARNING: Entry:0:1:2:2, type:Ax2d, Execute Falied

2023-04-29 18:42:47,551 - WARNING: Entry:0:1:2, type:Ellipse, Init Falied

2023-04-29 18:42:48,228 - WARNING: Entry:0:1:2:1 not found reference

2023-04-29 18:45:46,630 - WARNING: Entry:0:1:1, type:CylFace, Execute Falied

2023-04-29 18:45:59,742 - WARNING: Entry:0:1:2:1, type:ShapeRef, Init Falied

2023-04-29 18:45:59,844 - WARNING: Entry:0:1:2:2, type:Ax2d, Execute Falied

2023-04-29 18:45:59,877 - WARNING: Entry:0:1:2, type:Ellipse, Init Falied

2023-04-29 18:46:00,721 - WARNING: Entry:0:1:2:1 not found reference

2023-04-29 18:48:50,838 - WARNING: Entry:0:1:1, type:Box, Execute Falied

2023-04-29 18:49:11,075 - WARNING: Entry:0:1:2:1, type:ShapeRef, Init Falied

2023-04-29 18:49:11,163 - WARNING: Entry:0:1:2:2, type:Ax2d, Execute Falied

2023-04-29 18:49:11,199 - WARNING: Entry:0:1:2, type:Ellipse, Init Falied

2023-04-29 18:49:12,141 - WARNING: Entry:0:1:2:1 not found reference

2023-04-29 18:49:43,460 - WARNING: Entry:0:1:3, type:CylFace, Execute Falied

2023-04-29 18:52:38,624 - WARNING: Entry:0:1:1, type:CylFace, Execute Falied

2023-04-29 18:52:46,398 - WARNING: Entry:0:1:2:1, type:ShapeRef, Init Falied

2023-04-29 18:52:46,512 - WARNING: Entry:0:1:2:2, type:Ax2d, Execute Falied

2023-04-29 18:52:46,545 - WARNING: Entry:0:1:2, type:Ellipse, Init Falied

2023-04-29 18:52:47,606 - WARNING: Entry:0:1:2:1 not found reference

2023-04-29 19:00:16,526 - WARNING: Entry:0:1:1, type:CylFace, Execute Falied

2023-04-29 19:00:29,253 - WARNING: Entry:0:1:2:1, type:ShapeRef, Init Falied

2023-04-29 19:00:29,344 - WARNING: Entry:0:1:2:2, type:Ax2d, Execute Falied

2023-04-29 19:00:29,374 - WARNING: Entry:0:1:2, type:Ellipse, Init Falied

2023-04-29 19:00:31,758 - WARNING: Entry:0:1:2:1 not found reference

2023-04-29 19:22:53,678 - WARNING: Entry:0:1:1, type:Box, Execute Falied

2023-04-29 19:25:34,402 - WARNING: Entry:0:1:1, type:CylFace, Execute Falied

2023-04-29 19:44:17,322 - WARNING: Entry:0:1:1, type:Box, Execute Falied

2023-04-29 19:47:48,566 - WARNING: Entry:0:1:1, type:Box, Execute Falied

2023-04-29 19:48:36,592 - WARNING: Entry:0:1:1, type:Box, Execute Falied

2023-04-29 21:24:27,268 - WARNING: Entry:0:1:1, type:Box, Execute Falied

2023-04-29 21:25:28,305 - WARNING: Entry:0:1:1, type:Box, Execute Falied

2023-04-29 21:27:40,647 - WARNING: Entry:0:1:1, type:Box, Execute Falied

2023-04-29 21:28:56,726 - WARNING: Entry:0:1:1, type:Box, Execute Falied

2023-04-29 21:29:50,999 - WARNING: Entry:0:1:1, type:Box, Execute Falied

2023-04-29 21:30:25,612 - WARNING: Entry:0:1:2, type:CylFace, Execute Falied

2023-04-29 21:30:36,954 - WARNING: Entry:0:1:3:1, type:ShapeRef, Init Falied

2023-04-29 21:30:37,147 - WARNING: Entry:0:1:3:2, type:Ax2d, Execute Falied

2023-04-29 21:30:37,180 - WARNING: Entry:0:1:3, type:Ellipse, Init Falied

2023-04-29 21:30:38,449 - WARNING: Entry:0:1:3:1 not found reference

2023-04-29 21:36:57,808 - WARNING: Entry:0:1:1, type:Box, Execute Falied

2023-04-29 21:37:41,353 - WARNING: Entry:0:1:1, type:CylFace, Execute Falied

2023-04-29 21:38:13,222 - WARNING: Entry:0:1:2:1, type:ShapeRef, Init Falied

2023-04-29 21:38:13,299 - WARNING: Entry:0:1:2:2, type:Ax2d, Execute Falied

2023-04-29 21:38:13,323 - WARNING: Entry:0:1:2, type:Ellipse, Init Falied

2023-04-29 21:38:14,092 - WARNING: Entry:0:1:2:1 not found reference

2023-04-29 21:41:23,118 - WARNING: Entry:0:1:1, type:CylFace, Execute Falied

2023-04-29 21:42:06,063 - WARNING: Entry:0:1:2:1, type:ShapeRef, Init Falied

2023-04-29 21:42:06,136 - WARNING: Entry:0:1:2:2, type:Ax2d, Execute Falied

2023-04-29 21:42:06,173 - WARNING: Entry:0:1:2, type:Ellipse, Init Falied

2023-04-29 21:42:07,184 - WARNING: Entry:0:1:2:1 not found reference

2023-04-29 21:42:36,240 - WARNING: Entry:0:1:1, type:CylFace, Execute Falied

2023-04-29 21:42:45,621 - WARNING: Entry:0:1:2:1, type:ShapeRef, Init Falied

2023-04-29 21:42:45,717 - WARNING: Entry:0:1:2:2, type:Ax2d, Execute Falied

2023-04-29 21:42:45,761 - WARNING: Entry:0:1:2, type:Ellipse, Init Falied

2023-04-29 21:42:46,511 - WARNING: Entry:0:1:2:1 not found reference

2023-04-29 21:47:21,596 - WARNING: Entry:0:1:1, type:CylFace, Execute Falied

2023-04-29 21:47:31,814 - WARNING: Entry:0:1:2:1, type:ShapeRef, Init Falied

2023-04-29 21:47:31,870 - WARNING: Entry:0:1:2:2, type:Ax2d, Execute Falied

2023-04-29 21:47:31,892 - WARNING: Entry:0:1:2, type:Ellipse, Init Falied

2023-04-29 21:47:32,590 - WARNING: Entry:0:1:2:1 not found reference

2023-04-29 21:49:29,704 - WARNING: Entry:0:1:1, type:CylFace, Execute Falied

2023-04-29 21:49:47,208 - WARNING: Entry:0:1:2:1, type:ShapeRef, Init Falied

2023-04-29 21:49:47,287 - WARNING: Entry:0:1:2:2, type:Ax2d, Execute Falied

2023-04-29 21:49:47,319 - WARNING: Entry:0:1:2, type:Ellipse, Init Falied

2023-04-29 21:49:57,597 - WARNING: Entry:0:1:2:1 not found reference

2023-04-29 22:18:19,959 - WARNING: Entry:0:1:1, type:CylFace, Execute Falied

2023-04-29 22:19:40,259 - WARNING: Entry:0:1:1, type:CylFace, Execute Falied

2023-04-29 22:19:55,225 - WARNING: Entry:0:1:2:1, type:ShapeRef, Init Falied

2023-04-29 22:19:55,436 - WARNING: Entry:0:1:2:2, type:Ax2d, Execute Falied

2023-04-29 22:19:55,469 - WARNING: Entry:0:1:2, type:Ellipse, Init Falied

2023-04-29 22:19:56,240 - WARNING: Entry:0:1:2:1 not found reference

2023-04-29 22:26:24,063 - WARNING: Entry:0:1:1, type:CylFace, Execute Falied

2023-04-29 22:29:59,224 - WARNING: Entry:0:1:1, type:CylFace, Execute Falied

2023-04-29 22:31:03,756 - WARNING: Entry:0:1:1, type:CylFace, Execute Falied

2023-04-29 22:32:35,555 - WARNING: Entry:0:1:1, type:CylFace, Execute Falied

2023-04-29 22:35:16,600 - WARNING: Entry:0:1:1, type:CylFace, Execute Falied

2023-04-29 22:41:49,730 - WARNING: Entry:0:1:1, type:Box, Execute Falied

2023-04-29 22:42:19,432 - WARNING: Entry:0:1:1, type:CylFace, Execute Falied

2023-04-29 22:44:09,715 - WARNING: Entry:0:1:1, type:Box, Execute Falied

2023-04-29 22:47:39,515 - WARNING: Entry:0:1:1, type:CylFace, Execute Falied

2023-04-29 22:50:47,208 - WARNING: Entry:0:1:2:1, type:ShapeRef, Init Falied

2023-04-29 22:50:47,419 - WARNING: Entry:0:1:2:2, type:Ax2d, Execute Falied

2023-04-29 22:50:47,453 - WARNING: Entry:0:1:2, type:Ellipse, Init Falied

2023-04-29 22:50:49,196 - WARNING: Entry:0:1:2:1 not found reference

2023-04-29 22:52:39,263 - WARNING: Entry:0:1:1, type:CylFace, Execute Falied

2023-04-29 22:56:06,482 - WARNING: Entry:0:1:2:1, type:ShapeRef, Init Falied

2023-04-29 22:56:06,673 - WARNING: Entry:0:1:2:2, type:Ax2d, Execute Falied

2023-04-29 22:56:06,696 - WARNING: Entry:0:1:2, type:Ellipse, Init Falied

2023-04-29 22:56:07,970 - WARNING: Entry:0:1:2:1 not found reference

2023-04-29 22:57:20,344 - WARNING: Entry:0:1:1, type:CylFace, Execute Falied

2023-04-29 23:05:11,348 - WARNING: Entry:0:1:2:1, type:ShapeRef, Init Falied

2023-04-29 23:05:11,556 - WARNING: Entry:0:1:2:2, type:Ax2d, Execute Falied

2023-04-29 23:05:11,584 - WARNING: Entry:0:1:2, type:Ellipse, Init Falied

2023-04-29 23:05:12,698 - WARNING: Entry:0:1:2:1 not found reference

2023-04-29 23:07:55,680 - WARNING: Entry:0:1:1, type:Box, Execute Falied

2023-04-29 23:12:49,022 - WARNING: Entry:0:1:1, type:Box, Execute Falied

2023-04-29 23:13:15,602 - WARNING: Entry:0:1:2, type:CylFace, Execute Falied

2023-04-29 23:13:28,346 - WARNING: Entry:0:1:3:1, type:ShapeRef, Init Falied

2023-04-29 23:13:28,480 - WARNING: Entry:0:1:3:2, type:Ax2d, Execute Falied

2023-04-29 23:13:28,510 - WARNING: Entry:0:1:3, type:Ellipse, Init Falied

2023-04-29 23:13:29,421 - WARNING: Entry:0:1:3:1 not found reference

2023-04-29 23:16:22,148 - WARNING: Entry:0:1:1, type:CylFace, Execute Falied

2023-04-29 23:16:31,125 - WARNING: Entry:0:1:2:1, type:ShapeRef, Init Falied

2023-04-29 23:16:31,190 - WARNING: Entry:0:1:2:2, type:Ax2d, Execute Falied

2023-04-29 23:16:31,237 - WARNING: Entry:0:1:2, type:Ellipse, Init Falied

2023-04-29 23:16:32,004 - WARNING: Entry:0:1:2:1 not found reference

2023-04-29 23:17:13,487 - WARNING: Entry:0:1:1, type:CylFace, Execute Falied

2023-04-29 23:17:25,195 - WARNING: Entry:0:1:2:1, type:ShapeRef, Init Falied

2023-04-29 23:17:25,268 - WARNING: Entry:0:1:2:2, type:Ax2d, Execute Falied

2023-04-29 23:17:25,309 - WARNING: Entry:0:1:2, type:Ellipse, Init Falied

2023-04-29 23:17:26,634 - WARNING: Entry:0:1:2:1 not found reference

2023-04-29 23:19:19,291 - WARNING: Entry:0:1:1, type:CylFace, Execute Falied

2023-04-29 23:19:45,252 - WARNING: Entry:0:1:2:1, type:ShapeRef, Init Falied

2023-04-29 23:19:45,319 - WARNING: Entry:0:1:2:2, type:Ax2d, Execute Falied

2023-04-29 23:19:45,352 - WARNING: Entry:0:1:2, type:Ellipse, Init Falied

2023-04-29 23:19:46,062 - WARNING: Entry:0:1:2:1 not found reference

2023-04-29 23:20:11,623 - WARNING: Entry:0:1:1, type:CylFace, Execute Falied

2023-04-29 23:20:27,202 - WARNING: Entry:0:1:2:1, type:ShapeRef, Init Falied

2023-04-29 23:20:27,358 - WARNING: Entry:0:1:2:2, type:Ax2d, Execute Falied

2023-04-29 23:20:27,384 - WARNING: Entry:0:1:2, type:Ellipse, Init Falied

2023-04-29 23:20:28,068 - WARNING: Entry:0:1:2:1 not found reference

2023-04-29 23:22:53,009 - WARNING: Entry:0:1:1, type:CylFace, Execute Falied

2023-04-29 23:23:03,638 - WARNING: Entry:0:1:2:1, type:ShapeRef, Init Falied

2023-04-29 23:23:03,692 - WARNING: Entry:0:1:2:2, type:Ax2d, Execute Falied

2023-04-29 23:23:03,711 - WARNING: Entry:0:1:2, type:Ellipse, Init Falied

2023-04-29 23:23:04,448 - WARNING: Entry:0:1:2:1 not found reference

2023-04-29 23:23:33,710 - WARNING: Entry:0:1:1, type:CylFace, Execute Falied

2023-04-29 23:23:48,572 - WARNING: Entry:0:1:2:1, type:ShapeRef, Init Falied

2023-04-29 23:23:48,630 - WARNING: Entry:0:1:2:2, type:Ax2d, Execute Falied

2023-04-29 23:23:48,650 - WARNING: Entry:0:1:2, type:Ellipse, Init Falied

2023-04-29 23:23:49,726 - WARNING: Entry:0:1:2:1 not found reference

2023-04-29 23:24:14,320 - WARNING: Entry:0:1:1, type:CylFace, Execute Falied

2023-04-29 23:24:51,399 - WARNING: Entry:0:1:2:1, type:ShapeRef, Init Falied

2023-04-29 23:24:51,559 - WARNING: Entry:0:1:2:2, type:Ax2d, Execute Falied

2023-04-29 23:24:51,579 - WARNING: Entry:0:1:2, type:Ellipse, Init Falied

2023-04-29 23:24:52,544 - WARNING: Entry:0:1:2:1 not found reference

2023-04-29 23:33:09,300 - WARNING: Entry:0:1:1, type:CylFace, Execute Falied

2023-04-29 23:33:16,035 - WARNING: Entry:0:1:2:1, type:ShapeRef, Init Falied

2023-04-29 23:33:16,081 - WARNING: Entry:0:1:2:2, type:Ax2d, Execute Falied

2023-04-29 23:33:16,098 - WARNING: Entry:0:1:2, type:Ellipse, Init Falied

2023-04-29 23:33:17,491 - WARNING: Entry:0:1:2:1 not found reference
