
2023-05-09 00:43:18,226 - WARNING: Entry:0:1:1, type:Box, Execute Falied

2023-05-09 00:44:23,542 - WARNING: Entry:0:1:1, type:Box, Execute Falied

2023-05-09 00:48:09,309 - WARNING: Entry:0:1:1, type:Box, Execute Falied

2023-05-09 00:49:37,067 - WARNING: Entry:0:1:1, type:Box, Execute Falied

2023-05-09 00:51:39,557 - WARNING: Entry:0:1:1, type:Box, Execute Falied

2023-05-09 00:52:34,003 - WARNING: Entry:0:1:1, type:Box, Execute Falied

2023-05-09 00:56:36,591 - WARNING: Entry:0:1:1, type:Box, Execute Falied

2023-05-09 00:57:28,725 - WARNING: Entry:0:1:1:18, type:Ax2d, Execute Falied

2023-05-09 00:57:28,804 - WARNING: Entry:0:1:1, type:Seg2d, Init Falied

2023-05-09 00:59:19,159 - WARNING: Entry:0:1:1, type:Seg2d, Execute Falied

2023-05-09 01:37:40,560 - WARNING: Entry:0:1:1, type:Seg2d, Execute Falied

2023-05-09 01:40:21,011 - WARNING: Entry:0:1:1, type:Seg2d, Execute Falied

2023-05-09 01:41:13,415 - WARNING: Entry:0:1:1, type:Seg2d, Execute Falied

2023-05-09 01:42:00,722 - WARNING: Entry:0:1:2, type:Seg2d, Execute Falied

2023-05-09 01:47:53,455 - WARNING: Entry:0:1:1:18, type:PntArr, Init Falied

2023-05-09 01:47:53,455 - WARNING: Entry:0:1:1, type:bspline, Init Falied

2023-05-09 01:47:55,058 - WARNING: 0:1:1:18 don't find 2a96b606-ec8b-11d0-bee7-080009dc3333 

2023-05-09 01:50:21,555 - WARNING: Entry:0:1:1, type:bspline, Execute Falied

2023-05-09 01:50:26,024 - WARNING: Entry:0:1:1:18:125, type:ShapeRef, Init Falied

2023-05-09 01:50:26,033 - WARNING: Entry:0:1:1:18:126, type:ShapeRef, Init Falied

2023-05-09 01:50:26,043 - WARNING: Entry:0:1:1:18:125 not found reference

2023-05-09 01:50:26,048 - WARNING: Entry:0:1:1:18:125 not found reference

2023-05-09 01:50:26,052 - WARNING: Entry:0:1:1:18:126 not found reference

2023-05-09 01:50:26,055 - WARNING: Entry:0:1:1:18:126 not found reference

2023-05-09 01:50:31,089 - WARNING: Entry:0:1:2, type:Seg2d, Execute Falied

2023-05-09 01:50:37,041 - WARNING: Entry:0:1:3, type:Seg2d, Execute Falied

2023-05-09 01:50:44,890 - WARNING: Entry:0:1:1:18:125 not found reference

2023-05-09 01:50:44,891 - WARNING: Entry:0:1:1:18:125 not found reference

2023-05-09 01:50:44,891 - WARNING: Entry:0:1:1:18:126 not found reference

2023-05-09 01:50:44,891 - WARNING: Entry:0:1:1:18:126 not found reference

2023-05-09 01:50:57,854 - WARNING: Entry:0:1:1:18:125 not found reference

2023-05-09 01:50:57,855 - WARNING: Entry:0:1:1:18:125 not found reference

2023-05-09 01:50:57,855 - WARNING: Entry:0:1:1:18:126 not found reference

2023-05-09 01:50:57,855 - WARNING: Entry:0:1:1:18:126 not found reference

2023-05-09 01:51:07,488 - WARNING: Ref Null IsError

2023-05-09 01:51:07,488 - WARNING: Entry:0:1:1:18:125 not found reference

2023-05-09 01:51:07,488 - WARNING: Entry:0:1:1:18:125 not found reference

2023-05-09 01:51:09,005 - WARNING: Ref Null IsError

2023-05-09 01:51:09,005 - WARNING: Entry:0:1:1:18:125 not found reference

2023-05-09 01:51:22,238 - WARNING: Entry:0:1:1, type:Wire, Execute Falied

2023-05-09 01:51:24,799 - WARNING: Entry:0:1:1:18:125, type:ShapeRef, Init Falied

2023-05-09 01:51:24,807 - WARNING: Entry:0:1:1:18:126, type:ShapeRef, Init Falied

2023-05-09 01:51:24,819 - WARNING: Entry:0:1:1:18:125 not found reference

2023-05-09 01:51:24,823 - WARNING: Entry:0:1:1:18:125 not found reference

2023-05-09 01:51:24,829 - WARNING: Entry:0:1:1:18:126 not found reference

2023-05-09 01:51:24,834 - WARNING: Entry:0:1:1:18:126 not found reference

2023-05-09 01:51:28,055 - WARNING: Entry:0:1:1:18:125 not found reference

2023-05-09 01:51:28,055 - WARNING: Entry:0:1:1:18:125 not found reference

2023-05-09 01:51:28,071 - WARNING: Entry:0:1:1:18:126 not found reference

2023-05-09 01:51:28,072 - WARNING: Entry:0:1:1:18:126 not found reference

2023-05-09 01:51:35,890 - WARNING: Entry:0:1:2, type:CylFace, Execute Falied

2023-05-09 01:51:37,689 - WARNING: Entry:0:1:1:18:125 not found reference

2023-05-09 01:51:37,689 - WARNING: Entry:0:1:1:18:125 not found reference

2023-05-09 01:51:37,706 - WARNING: Entry:0:1:1:18:126 not found reference

2023-05-09 01:51:37,706 - WARNING: Entry:0:1:1:18:126 not found reference

2023-05-09 01:54:42,588 - WARNING: Ref Null IsError

2023-05-09 01:54:42,588 - WARNING: Entry:0:1:1:18:125 not found reference

2023-05-09 01:54:42,605 - WARNING: Entry:0:1:1:18:125 not found reference

2023-05-09 01:56:53,205 - WARNING: Entry:0:1:1, type:Wire, Execute Falied

2023-05-09 01:56:58,275 - WARNING: Entry:0:1:2, type:Seg2d, Execute Falied

2023-05-09 01:57:22,388 - WARNING: Entry:0:1:3, type:Wire, Execute Falied

2023-05-09 01:57:31,822 - WARNING: Entry:0:1:4, type:Seg2d, Execute Falied

2023-05-09 01:58:02,903 - WARNING: Entry:0:1:1:18:125, type:ShapeRef, Init Falied

2023-05-09 01:58:02,905 - WARNING: Entry:0:1:1:18:126, type:ShapeRef, Init Falied

2023-05-09 01:58:02,921 - WARNING: Entry:0:1:1:18:125 not found reference

2023-05-09 01:58:02,921 - WARNING: Entry:0:1:1:18:125 not found reference

2023-05-09 01:58:02,921 - WARNING: Entry:0:1:1:18:126 not found reference

2023-05-09 01:58:02,921 - WARNING: Entry:0:1:1:18:126 not found reference

2023-05-09 02:02:17,395 - WARNING: Entry:0:1:1, type:Seg2d, Execute Falied

2023-05-09 02:03:02,554 - WARNING: Entry:0:1:1, type:Seg2d, Execute Falied

2023-05-09 02:06:13,290 - WARNING: Entry:0:1:1, type:Seg2d, Execute Falied

2023-05-09 02:06:42,740 - WARNING: Entry:0:1:2, type:Seg2d, Execute Falied

2023-05-09 02:06:59,070 - WARNING: Entry:0:1:3, type:Wire, Execute Falied

2023-05-09 02:07:10,200 - WARNING: Entry:0:1:3:18:125, type:ShapeRef, Init Falied

2023-05-09 02:07:10,215 - WARNING: Entry:0:1:3:18:126, type:ShapeRef, Init Falied

2023-05-09 02:07:10,233 - WARNING: Entry:0:1:3:18:125 not found reference

2023-05-09 02:07:10,237 - WARNING: Entry:0:1:3:18:125 not found reference

2023-05-09 02:07:10,243 - WARNING: Entry:0:1:3:18:126 not found reference

2023-05-09 02:07:10,249 - WARNING: Entry:0:1:3:18:126 not found reference

2023-05-09 02:07:45,696 - WARNING: Entry:0:1:4, type:Box, Execute Falied

2023-05-09 02:18:02,982 - WARNING: Entry:0:1:1, type:Box, Execute Falied

2023-05-09 02:18:14,197 - WARNING: Entry:0:1:2, type:Box, Execute Falied

2023-05-09 02:18:24,694 - WARNING: Entry:0:1:3:18, type:ShapeRef, Init Falied

2023-05-09 02:18:24,694 - WARNING: Entry:0:1:3:19, type:ShapeRef, Init Falied

2023-05-09 02:18:24,694 - WARNING: Entry:0:1:3, type:Cut, Init Falied

2023-05-09 02:18:25,478 - WARNING: Entry:0:1:3:18 not found reference

2023-05-09 02:18:25,478 - WARNING: Entry:0:1:3:18 not found reference

2023-05-09 02:18:25,478 - WARNING: Entry:0:1:3:19 not found reference

2023-05-09 02:18:25,478 - WARNING: Entry:0:1:3:19 not found reference

2023-05-09 03:45:25,395 - WARNING: Entry:0:1:1, type:Box, Execute Falied

2023-05-09 03:46:38,040 - WARNING: Entry:0:1:1, type:Box, Execute Falied

2023-05-09 03:49:48,973 - WARNING: Entry:0:1:1, type:Box, Execute Falied

2023-05-09 03:50:25,749 - WARNING: Entry:0:1:1, type:Box, Execute Falied

2023-05-09 03:51:54,191 - WARNING: Entry:0:1:1, type:Box, Execute Falied

2023-05-09 03:56:52,928 - WARNING: Entry:0:1:1, type:Box, Execute Falied

2023-05-09 04:01:53,724 - WARNING: Entry:0:1:1, type:Box, Execute Falied

2023-05-09 13:54:36,385 - WARNING: Entry:0:1:1, type:Seg2d, Execute Falied

2023-05-09 13:54:53,086 - WARNING: Entry:0:1:2, type:Seg2d, Execute Falied

2023-05-09 13:56:15,740 - WARNING: Entry:0:1:1, type:Seg2d, Execute Falied

2023-05-09 13:56:28,569 - WARNING: Entry:0:1:2, type:Seg2d, Execute Falied

2023-05-09 13:58:33,124 - WARNING: Entry:0:1:1, type:Seg2d, Execute Falied

2023-05-09 13:58:47,804 - WARNING: Entry:0:1:2, type:Seg2d, Execute Falied

2023-05-09 14:00:37,353 - WARNING: Entry:0:1:1, type:Seg2d, Execute Falied

2023-05-09 14:00:50,126 - WARNING: Entry:0:1:2, type:Seg2d, Execute Falied

2023-05-09 14:03:26,385 - WARNING: Entry:0:1:1, type:Seg2d, Execute Falied

2023-05-09 14:03:35,606 - WARNING: Entry:0:1:2, type:Seg2d, Execute Falied

2023-05-09 14:08:40,462 - WARNING: Entry:0:1:1, type:Seg2d, Execute Falied

2023-05-09 14:09:26,912 - WARNING: Entry:0:1:1, type:Seg2d, Execute Falied

2023-05-09 14:10:06,791 - WARNING: Entry:0:1:1, type:Seg2d, Execute Falied

2023-05-09 14:10:25,077 - WARNING: Entry:0:1:2, type:Seg2d, Execute Falied
