
2023-04-24 16:55:33,339 - WARNING: 0:1:1:2:1 don't find 5b896aff-3adf-11d4-b9b7-0060b0ee281b 

2023-04-24 16:55:33,344 - WARNING: Entry:0:1:1:2, type:Point, Execute Falied

2023-04-24 16:55:33,404 - WARNING: 0:1:1:3:1 don't find 5b896aff-3adf-11d4-b9b7-0060b0ee281b 

2023-04-24 16:55:33,407 - WARNING: Entry:0:1:1:3, type:Point, Execute Falied

2023-04-24 16:55:33,410 - WARNING: 0:1:1:1 don't find 5b896aff-3adf-11d4-b9b7-0060b0ee281b 

2023-04-24 16:55:33,417 - WARNING: Entry:0:1:1, type:Transform, Execute Falied

2023-04-24 16:55:33,455 - WARNING: 0:1:1 don't find 5b896aff-3adf-11d4-b9b7-0060b0ee281b 

2023-04-24 16:55:33,459 - WARNING: Entry:0:1, type:Box, Execute Falied

2023-04-24 16:55:33,883 - WARNING: 0:1 don't find 22d22e65-abca-11d4-8f1a-0060b0ee18e8 

2023-04-24 16:55:33,885 - WARNING: 0:1:1 don't find 22d22e65-abca-11d4-8f1a-0060b0ee18e8 

2023-04-24 16:55:33,894 - WARNING: 0:1:1:1 don't find 22d22e65-abca-11d4-8f1a-0060b0ee18e8 

2023-04-24 16:55:33,897 - WARNING: 0:1:1:2 don't find 22d22e65-abca-11d4-8f1a-0060b0ee18e8 

2023-04-24 16:55:33,899 - WARNING: 0:1:1:2:1 don't find 22d22e65-abca-11d4-8f1a-0060b0ee18e8 

2023-04-24 16:55:33,901 - WARNING: 0:1:1:2:2 don't find 22d22e65-abca-11d4-8f1a-0060b0ee18e8 

2023-04-24 16:55:33,904 - WARNING: 0:1:1:2:3 don't find 22d22e65-abca-11d4-8f1a-0060b0ee18e8 

2023-04-24 16:55:33,906 - WARNING: 0:1:1:3 don't find 22d22e65-abca-11d4-8f1a-0060b0ee18e8 

2023-04-24 16:55:33,908 - WARNING: 0:1:1:3:1 don't find 22d22e65-abca-11d4-8f1a-0060b0ee18e8 

2023-04-24 16:55:33,911 - WARNING: 0:1:1:3:2 don't find 22d22e65-abca-11d4-8f1a-0060b0ee18e8 

2023-04-24 16:55:33,914 - WARNING: 0:1:1:3:3 don't find 22d22e65-abca-11d4-8f1a-0060b0ee18e8 

2023-04-24 16:55:33,916 - WARNING: 0:1:2 don't find 22d22e65-abca-11d4-8f1a-0060b0ee18e8 

2023-04-24 16:55:33,918 - WARNING: 0:1:3 don't find 22d22e65-abca-11d4-8f1a-0060b0ee18e8 

2023-04-24 16:55:33,921 - WARNING: 0:1:4 don't find 22d22e65-abca-11d4-8f1a-0060b0ee18e8 

2023-04-24 17:09:29,759 - WARNING: Entry:0:1:1:2, type:Point, Execute Falied

2023-04-24 17:09:29,824 - WARNING: Entry:0:1:1:3, type:Point, Execute Falied

2023-04-24 17:09:29,827 - WARNING: Entry:0:1:1, type:Transform, Execute Falied

2023-04-24 17:09:29,873 - WARNING: Entry:0:1, type:Box, Execute Falied

2023-04-24 17:11:21,516 - WARNING: Entry:0:1:1:2, type:Point, Execute Falied

2023-04-24 17:11:21,583 - WARNING: Entry:0:1:1:3, type:Point, Execute Falied

2023-04-24 17:11:21,591 - WARNING: Entry:0:1:1, type:Transform, Execute Falied

2023-04-24 17:11:21,647 - WARNING: Entry:0:1, type:Box, Execute Falied

2023-04-24 20:02:53,412 - WARNING: Entry:0:1:1:2, type:Point, Execute Falied

2023-04-24 20:02:53,485 - WARNING: Entry:0:1:1:3, type:Point, Execute Falied

2023-04-24 20:02:53,488 - WARNING: Entry:0:1:1, type:Transform, Execute Falied

2023-04-24 20:02:53,538 - WARNING: Entry:0:1, type:Box, Execute Falied

2023-04-24 20:03:43,037 - WARNING: Entry:0:1:1:2, type:Point, Execute Falied

2023-04-24 20:03:43,131 - WARNING: Entry:0:1:1:3, type:Point, Execute Falied

2023-04-24 20:03:43,133 - WARNING: Entry:0:1:1, type:Transform, Execute Falied

2023-04-24 20:03:43,189 - WARNING: Entry:0:1, type:Box, Execute Falied

2023-04-24 20:04:03,006 - WARNING: Entry:0:1:1:2, type:Point, Execute Falied

2023-04-24 20:04:03,090 - WARNING: Entry:0:1:1:3, type:Point, Execute Falied

2023-04-24 20:04:03,094 - WARNING: Entry:0:1:1, type:Transform, Execute Falied

2023-04-24 20:04:03,155 - WARNING: Entry:0:1, type:Box, Execute Falied

2023-04-24 20:05:07,848 - WARNING: Entry:0:1:1:2, type:Point, Execute Falied

2023-04-24 20:05:08,057 - WARNING: Entry:0:1:1:3, type:Point, Execute Falied

2023-04-24 20:05:08,064 - WARNING: Entry:0:1:1, type:Transform, Execute Falied

2023-04-24 20:05:08,146 - WARNING: Entry:0:1, type:Box, Execute Falied
